<<<<<<< HEAD
[ 2018-01-04T15:07:33+08:00 ] 127.0.0.1 /-/
INFO: [ app_init ] --START--
INFO: Run Behavior\BuildLiteBehavior [ RunTime:0.000000s ]
INFO: [ app_init ] --END-- [ RunTime:0.031250s ]
INFO: [ app_begin ] --START--
INFO: Run Behavior\ReadHtmlCacheBehavior [ RunTime:0.015625s ]
INFO: [ app_begin ] --END-- [ RunTime:0.015625s ]
SQL: SHOW COLUMNS FROM `shop` [ RunTime:0.1563s ]
SQL: SELECT * FROM `shop`  [ RunTime:0.0000s ]
INFO: [ view_parse ] --START--
NOTIC: [8] Undefined index: item E:\wamp\wamp\www\-\ThinkPHP\Library\Think\Template\TagLib\Cx.class.php 第 113 行.
=======
[ 2018-01-04T14:32:20+08:00 ] ::1 /kuaidian/
INFO: [ app_init ] --START--
INFO: Run Behavior\BuildLiteBehavior [ RunTime:0.000000s ]
INFO: [ app_init ] --END-- [ RunTime:0.001001s ]
INFO: [ app_begin ] --START--
INFO: Run Behavior\ReadHtmlCacheBehavior [ RunTime:0.001000s ]
INFO: [ app_begin ] --END-- [ RunTime:0.001000s ]
SQL: SHOW COLUMNS FROM `shop` [ RunTime:0.0720s ]
SQL: SELECT * FROM `shop`  [ RunTime:0.0000s ]
INFO: [ view_parse ] --START--
NOTIC: [8] Undefined index: item D:\xampp\htdocs\kuaidian\ThinkPHP\Library\Think\Template\TagLib\Cx.class.php 第 113 行.
INFO: [ template_filter ] --START--
INFO: Run Behavior\ContentReplaceBehavior [ RunTime:0.000000s ]
INFO: [ template_filter ] --END-- [ RunTime:0.000000s ]

[ 2018-01-04T14:33:03+08:00 ] ::1 /kuaidian/index.php
INFO: [ app_init ] --START--
INFO: Run Behavior\BuildLiteBehavior [ RunTime:0.000000s ]
INFO: [ app_init ] --END-- [ RunTime:0.000000s ]
INFO: [ app_begin ] --START--
INFO: Run Behavior\ReadHtmlCacheBehavior [ RunTime:0.000000s ]
INFO: [ app_begin ] --END-- [ RunTime:0.000000s ]
SQL: SHOW COLUMNS FROM `shop` [ RunTime:0.0030s ]
SQL: SELECT * FROM `shop`  [ RunTime:0.0000s ]
INFO: [ view_parse ] --START--
NOTIC: [8] Undefined index: item D:\xampp\htdocs\kuaidian\ThinkPHP\Library\Think\Template\TagLib\Cx.class.php 第 113 行.
>>>>>>> fd9995b23ca4ff8e048fd49d305b5d3f39611991
INFO: [ template_filter ] --START--
INFO: Run Behavior\ContentReplaceBehavior [ RunTime:0.000000s ]
INFO: [ template_filter ] --END-- [ RunTime:0.000000s ]

[ 2018-01-04T16:01:13+08:00 ] 127.0.0.1 /-/index.php/home/reg
INFO: [ app_init ] --START--
INFO: Run Behavior\BuildLiteBehavior [ RunTime:0.000000s ]
INFO: [ app_init ] --END-- [ RunTime:0.000000s ]
INFO: [ app_begin ] --START--
INFO: Run Behavior\ReadHtmlCacheBehavior [ RunTime:0.015625s ]
INFO: [ app_begin ] --END-- [ RunTime:0.015625s ]
NOTIC: [8] Undefined variable: tel E:\wamp\wamp\www\-\Application\Home\Controller\RegController.class.php 第 16 行.
SQL: SHOW COLUMNS FROM `user` [ RunTime:0.1406s ]
SQL: SELECT * FROM `user` WHERE `tel` = null LIMIT 1   [ RunTime:0.0000s ]
INFO: [ view_parse ] --START--
INFO: [ template_filter ] --START--
INFO: Run Behavior\ContentReplaceBehavior [ RunTime:0.000000s ]
INFO: [ template_filter ] --END-- [ RunTime:0.000000s ]
NOTIC: [8] Undefined variable: smarty E:\wamp\wamp\www\-\Application\Runtime\Cache\Home\ee6187b531c8c3fdfd2fbe6fcd612b04.php 第 10 行.
NOTIC: [8] Undefined variable: smarty E:\wamp\wamp\www\-\Application\Runtime\Cache\Home\ee6187b531c8c3fdfd2fbe6fcd612b04.php 第 75 行.
INFO: Run Behavior\ParseTemplateBehavior [ RunTime:0.140625s ]
INFO: [ view_parse ] --END-- [ RunTime:0.140625s ]
INFO: [ view_filter ] --START--
INFO: Run Behavior\WriteHtmlCacheBehavior [ RunTime:0.015625s ]
INFO: [ view_filter ] --END-- [ RunTime:0.015625s ]
INFO: [ app_end ] --START--
INFO: Run Behavior\ShowPageTraceBehavior [ RunTime:0.000000s ]
INFO: [ app_end ] --END-- [ RunTime:0.000000s ]

[ 2018-01-04T16:01:14+08:00 ] 127.0.0.1 /-/index.php/Home/Reg/showcode
INFO: [ app_init ] --START--
INFO: Run Behavior\BuildLiteBehavior [ RunTime:0.000000s ]
INFO: [ app_init ] --END-- [ RunTime:0.000000s ]
INFO: [ app_begin ] --START--
INFO: Run Behavior\ReadHtmlCacheBehavior [ RunTime:0.000000s ]
INFO: [ app_begin ] --END-- [ RunTime:0.000000s ]
NOTIC: [8] Undefined variable: tel E:\wamp\wamp\www\-\Application\Home\Controller\RegController.class.php 第 16 行.
SQL: SHOW COLUMNS FROM `user` [ RunTime:0.0313s ]
SQL: SELECT * FROM `user` WHERE `tel` = null LIMIT 1   [ RunTime:0.0000s ]
NOTIC: [8] A non well formed numeric value encountered E:\wamp\wamp\www\-\ThinkPHP\Library\Think\Verify.class.php 第 119 行.
NOTIC: [8] A non well formed numeric value encountered E:\wamp\wamp\www\-\ThinkPHP\Library\Think\Verify.class.php 第 119 行.
INFO: [ app_end ] --START--
INFO: Run Behavior\ShowPageTraceBehavior [ RunTime:0.015625s ]
INFO: [ app_end ] --END-- [ RunTime:0.015625s ]

[ 2018-01-04T16:01:14+08:00 ] 127.0.0.1 /-/index.php/home/favicon.ico
INFO: [ app_init ] --START--
INFO: Run Behavior\BuildLiteBehavior [ RunTime:0.000000s ]
INFO: [ app_init ] --END-- [ RunTime:0.000000s ]

[ 2018-01-04T16:01:26+08:00 ] 127.0.0.1 /-/index.php
INFO: [ app_init ] --START--
INFO: Run Behavior\BuildLiteBehavior [ RunTime:0.000000s ]
INFO: [ app_init ] --END-- [ RunTime:0.000000s ]
INFO: [ app_begin ] --START--
INFO: Run Behavior\ReadHtmlCacheBehavior [ RunTime:0.000000s ]
INFO: [ app_begin ] --END-- [ RunTime:0.000000s ]
SQL: SHOW COLUMNS FROM `shop` [ RunTime:0.0313s ]
SQL: SELECT * FROM `shop`  [ RunTime:0.0000s ]
INFO: [ view_parse ] --START--
NOTIC: [8] Undefined index: item E:\wamp\wamp\www\-\ThinkPHP\Library\Think\Template\TagLib\Cx.class.php 第 113 行.
INFO: [ template_filter ] --START--
INFO: Run Behavior\ContentReplaceBehavior [ RunTime:0.000000s ]
INFO: [ template_filter ] --END-- [ RunTime:0.000000s ]

[ 2018-01-04T16:02:08+08:00 ] 127.0.0.1 /-/index.php/home/reg
INFO: [ app_init ] --START--
INFO: Run Behavior\BuildLiteBehavior [ RunTime:0.000000s ]
INFO: [ app_init ] --END-- [ RunTime:0.000000s ]
INFO: [ app_begin ] --START--
INFO: Run Behavior\ReadHtmlCacheBehavior [ RunTime:0.015625s ]
INFO: [ app_begin ] --END-- [ RunTime:0.015625s ]
NOTIC: [8] Undefined variable: tel E:\wamp\wamp\www\-\Application\Home\Controller\RegController.class.php 第 16 行.
SQL: SHOW COLUMNS FROM `user` [ RunTime:0.0313s ]
SQL: SELECT * FROM `user` WHERE `tel` = null LIMIT 1   [ RunTime:0.0000s ]
INFO: [ view_parse ] --START--
INFO: [ template_filter ] --START--
INFO: Run Behavior\ContentReplaceBehavior [ RunTime:0.000000s ]
INFO: [ template_filter ] --END-- [ RunTime:0.000000s ]
NOTIC: [8] Undefined variable: smarty E:\wamp\wamp\www\-\Application\Runtime\Cache\Home\ee6187b531c8c3fdfd2fbe6fcd612b04.php 第 10 行.
NOTIC: [8] Undefined variable: smarty E:\wamp\wamp\www\-\Application\Runtime\Cache\Home\ee6187b531c8c3fdfd2fbe6fcd612b04.php 第 75 行.
INFO: Run Behavior\ParseTemplateBehavior [ RunTime:0.046875s ]
INFO: [ view_parse ] --END-- [ RunTime:0.046875s ]
INFO: [ view_filter ] --START--
INFO: Run Behavior\WriteHtmlCacheBehavior [ RunTime:0.015625s ]
INFO: [ view_filter ] --END-- [ RunTime:0.015625s ]
INFO: [ app_end ] --START--
INFO: Run Behavior\ShowPageTraceBehavior [ RunTime:0.015625s ]
INFO: [ app_end ] --END-- [ RunTime:0.015625s ]

[ 2018-01-04T16:02:08+08:00 ] 127.0.0.1 /-/index.php/Home/Reg/showcode
INFO: [ app_init ] --START--
INFO: Run Behavior\BuildLiteBehavior [ RunTime:0.000000s ]
INFO: [ app_init ] --END-- [ RunTime:0.000000s ]
INFO: [ app_begin ] --START--
INFO: Run Behavior\ReadHtmlCacheBehavior [ RunTime:0.015625s ]
INFO: [ app_begin ] --END-- [ RunTime:0.015625s ]
NOTIC: [8] Undefined variable: tel E:\wamp\wamp\www\-\Application\Home\Controller\RegController.class.php 第 16 行.
SQL: SHOW COLUMNS FROM `user` [ RunTime:0.0313s ]
SQL: SELECT * FROM `user` WHERE `tel` = null LIMIT 1   [ RunTime:0.0000s ]
NOTIC: [8] A non well formed numeric value encountered E:\wamp\wamp\www\-\ThinkPHP\Library\Think\Verify.class.php 第 119 行.
NOTIC: [8] A non well formed numeric value encountered E:\wamp\wamp\www\-\ThinkPHP\Library\Think\Verify.class.php 第 119 行.
INFO: [ app_end ] --START--
INFO: Run Behavior\ShowPageTraceBehavior [ RunTime:0.015625s ]
INFO: [ app_end ] --END-- [ RunTime:0.015625s ]

