[ 2018-03-14T10:35:10+08:00 ] ::1 /-/index.php/Home/
INFO: [ app_init ] --START--
INFO: Run Behavior\BuildLiteBehavior [ RunTime:0.000050s ]
INFO: [ app_init ] --END-- [ RunTime:0.000328s ]
INFO: [ app_begin ] --START--
INFO: Run Behavior\ReadHtmlCacheBehavior [ RunTime:0.001706s ]
INFO: [ app_begin ] --END-- [ RunTime:0.001946s ]
NOTIC: [8] Undefined index: openid E:\wamp64\www\-\Application\Home\Controller\IndexController.class.php 第 31 行.
SQL: SHOW COLUMNS FROM `weixin_user` [ RunTime:0.0296s ]
SQL: SELECT `photo` FROM `weixin_user` WHERE `openid` = null LIMIT 1   [ RunTime:0.0011s ]
NOTIC: [2] file_get_contents(jsapi_ticket.json): failed to open stream: No such file or directory E:\wamp64\www\-\ThinkPHP\Library\Org\Util\Jssdk.class.php 第 49 行.
NOTIC: [8] Trying to get property of non-object E:\wamp64\www\-\ThinkPHP\Library\Org\Util\Jssdk.class.php 第 50 行.
NOTIC: [2] file_get_contents(access_token.json): failed to open stream: No such file or directory E:\wamp64\www\-\ThinkPHP\Library\Org\Util\Jssdk.class.php 第 73 行.
NOTIC: [8] Trying to get property of non-object E:\wamp64\www\-\ThinkPHP\Library\Org\Util\Jssdk.class.php 第 74 行.
NOTIC: [2] Creating default object from empty value E:\wamp64\www\-\ThinkPHP\Library\Org\Util\Jssdk.class.php 第 81 行.
NOTIC: [2] Creating default object from empty value E:\wamp64\www\-\ThinkPHP\Library\Org\Util\Jssdk.class.php 第 58 行.
SQL: SHOW COLUMNS FROM `event` [ RunTime:0.0236s ]
SQL: SELECT `pic` FROM `event` WHERE `status` = 1  [ RunTime:0.0014s ]
SQL: SHOW COLUMNS FROM `shop_type` [ RunTime:0.0054s ]
SQL: SELECT `mingch` FROM `shop_type` WHERE `zhuangt` = 1  [ RunTime:0.0015s ]
INFO: [ view_parse ] --START--
INFO: [ template_filter ] --START--
INFO: Run Behavior\ContentReplaceBehavior [ RunTime:0.000261s ]
INFO: [ template_filter ] --END-- [ RunTime:0.000458s ]
NOTIC: [8] Undefined variable: res E:\wamp64\www\-\Application\Runtime\Cache\Home\2a94b8bda04ff446dcedd42276fc99ee.php 第 223 行.
INFO: Run Behavior\ParseTemplateBehavior [ RunTime:0.022773s ]
INFO: [ view_parse ] --END-- [ RunTime:0.022957s ]
INFO: [ view_filter ] --START--
INFO: Run Behavior\WriteHtmlCacheBehavior [ RunTime:0.000661s ]
INFO: [ view_filter ] --END-- [ RunTime:0.000821s ]
INFO: [ app_end ] --START--
INFO: Run Behavior\ShowPageTraceBehavior [ RunTime:0.001153s ]
INFO: [ app_end ] --END-- [ RunTime:0.001345s ]

