[ 2018-03-06T16:01:30+08:00 ] 127.0.0.1 /
INFO: [ app_init ] --START--
INFO: Run Behavior\BuildLiteBehavior [ RunTime:0.000014s ]
INFO: [ app_init ] --END-- [ RunTime:0.000073s ]
INFO: [ app_begin ] --START--
INFO: Run Behavior\ReadHtmlCacheBehavior [ RunTime:0.000610s ]
INFO: [ app_begin ] --END-- [ RunTime:0.000643s ]
NOTIC: [8] Undefined index: openid D:\xampp\htdocs\kuaidian\Application\Home\Controller\IndexController.class.php 第 31 行.
SQL: SHOW COLUMNS FROM `weixin_user` [ RunTime:0.0059s ]
SQL: SELECT `photo` FROM `weixin_user` WHERE `openid` = null LIMIT 1   [ RunTime:0.0009s ]
SQL: SHOW COLUMNS FROM `shop` [ RunTime:0.0071s ]
SQL: SELECT shop.id,shop.mingch,shop.maney,shop.logo,shop.xingsl,shop.juan,shop_type.mingch as lbname,shop.zuigaolij,shop.depcsjlshi,shop.baidu_lng,shop.baidu_lat FROM `shop` INNER JOIN shop_type on shop.type_shop = shop_type.id  WHERE shop.zhuangt = 1 AND shop.depcsjlshi = 130100  [ RunTime:0.0015s ]
NOTIC: [8] Undefined offset: 1 D:\xampp\htdocs\kuaidian\Application\Home\Controller\IndexController.class.php 第 64 行.
SQL: SHOW COLUMNS FROM `seat` [ RunTime:0.0056s ]
SQL: SELECT COUNT(*) AS tp_count FROM `seat` WHERE `dep_shop` = 64 LIMIT 1   [ RunTime:0.0008s ]
NOTIC: [8] Undefined offset: 1 D:\xampp\htdocs\kuaidian\Application\Home\Controller\IndexController.class.php 第 64 行.
NOTIC: [2] A non-numeric value encountered D:\xampp\htdocs\kuaidian\Application\Home\Controller\IndexController.class.php 第 66 行.
SQL: SELECT COUNT(*) AS tp_count FROM `seat` WHERE `dep_shop` = 62 LIMIT 1   [ RunTime:0.0005s ]
NOTIC: [8] Undefined offset: 1 D:\xampp\htdocs\kuaidian\Application\Home\Controller\IndexController.class.php 第 64 行.
NOTIC: [2] A non-numeric value encountered D:\xampp\htdocs\kuaidian\Application\Home\Controller\IndexController.class.php 第 66 行.
SQL: SELECT COUNT(*) AS tp_count FROM `seat` WHERE `dep_shop` = 63 LIMIT 1   [ RunTime:0.0006s ]
SQL: SHOW COLUMNS FROM `event` [ RunTime:0.0104s ]
SQL: SELECT `pic` FROM `event` WHERE `status` = 1  [ RunTime:0.0011s ]
SQL: SHOW COLUMNS FROM `shop_type` [ RunTime:0.0056s ]
SQL: SELECT `mingch` FROM `shop_type` WHERE `zhuangt` = 1  [ RunTime:0.0018s ]
INFO: [ view_parse ] --START--
INFO: [ template_filter ] --START--
INFO: Run Behavior\ContentReplaceBehavior [ RunTime:0.000108s ]
INFO: [ template_filter ] --END-- [ RunTime:0.000161s ]
NOTIC: [8] Use of undefined constant id - assumed 'id' D:\xampp\htdocs\kuaidian\Application\Runtime\Cache\Home\2a94b8bda04ff446dcedd42276fc99ee.php 第 221 行.
NOTIC: [8] Use of undefined constant id - assumed 'id' D:\xampp\htdocs\kuaidian\Application\Runtime\Cache\Home\2a94b8bda04ff446dcedd42276fc99ee.php 第 221 行.
NOTIC: [8] Use of undefined constant id - assumed 'id' D:\xampp\htdocs\kuaidian\Application\Runtime\Cache\Home\2a94b8bda04ff446dcedd42276fc99ee.php 第 221 行.
INFO: Run Behavior\ParseTemplateBehavior [ RunTime:0.016814s ]
INFO: [ view_parse ] --END-- [ RunTime:0.016854s ]
INFO: [ view_filter ] --START--
INFO: Run Behavior\WriteHtmlCacheBehavior [ RunTime:0.001105s ]
INFO: [ view_filter ] --END-- [ RunTime:0.001145s ]
INFO: [ app_end ] --START--
INFO: Run Behavior\ShowPageTraceBehavior [ RunTime:0.001667s ]
INFO: [ app_end ] --END-- [ RunTime:0.001792s ]

[ 2018-03-06T16:01:31+08:00 ] 127.0.0.1 /index.php/home/index/ajaxfoodjuli.html
INFO: [ app_init ] --START--
INFO: Run Behavior\BuildLiteBehavior [ RunTime:0.000011s ]
INFO: [ app_init ] --END-- [ RunTime:0.000054s ]
INFO: [ app_begin ] --START--
INFO: Run Behavior\ReadHtmlCacheBehavior [ RunTime:0.001329s ]
INFO: [ app_begin ] --END-- [ RunTime:0.001376s ]
SQL: SHOW COLUMNS FROM `shop` [ RunTime:0.0071s ]
SQL: SELECT shop.id,shop.baidu_lng,shop.baidu_lat FROM `shop` INNER JOIN shop_type on shop.type_shop = shop_type.id  WHERE shop.zhuangt = 1 AND shop.depcsjlshi = 130100  [ RunTime:0.0007s ]

[ 2018-03-06T16:01:39+08:00 ] 127.0.0.1 /index.php/Home/Index/cityxuanze.html
INFO: [ app_init ] --START--
INFO: Run Behavior\BuildLiteBehavior [ RunTime:0.000011s ]
INFO: [ app_init ] --END-- [ RunTime:0.000050s ]
INFO: [ app_begin ] --START--
INFO: Run Behavior\ReadHtmlCacheBehavior [ RunTime:0.000606s ]
INFO: [ app_begin ] --END-- [ RunTime:0.000645s ]
INFO: [ view_parse ] --START--
INFO: [ template_filter ] --START--
INFO: Run Behavior\ContentReplaceBehavior [ RunTime:0.000096s ]
INFO: [ template_filter ] --END-- [ RunTime:0.000138s ]
INFO: Run Behavior\ParseTemplateBehavior [ RunTime:0.008054s ]
INFO: [ view_parse ] --END-- [ RunTime:0.008102s ]
INFO: [ view_filter ] --START--
INFO: Run Behavior\WriteHtmlCacheBehavior [ RunTime:0.000423s ]
INFO: [ view_filter ] --END-- [ RunTime:0.000444s ]
INFO: [ app_end ] --START--
INFO: Run Behavior\ShowPageTraceBehavior [ RunTime:0.000787s ]
INFO: [ app_end ] --END-- [ RunTime:0.000832s ]

[ 2018-03-06T16:01:39+08:00 ] 127.0.0.1 /index.php/Home/Index/js/jquery-1.12.4.min.js
INFO: [ app_init ] --START--
INFO: Run Behavior\BuildLiteBehavior [ RunTime:0.000013s ]
INFO: [ app_init ] --END-- [ RunTime:0.000059s ]
INFO: [ app_begin ] --START--
INFO: Run Behavior\ReadHtmlCacheBehavior [ RunTime:0.001417s ]
INFO: [ app_begin ] --END-- [ RunTime:0.001494s ]
ERR: 非法操作:js

[ 2018-03-06T16:01:44+08:00 ] 127.0.0.1 /
INFO: [ app_init ] --START--
INFO: Run Behavior\BuildLiteBehavior [ RunTime:0.000010s ]
INFO: [ app_init ] --END-- [ RunTime:0.000050s ]
INFO: [ app_begin ] --START--
INFO: Run Behavior\ReadHtmlCacheBehavior [ RunTime:0.000624s ]
INFO: [ app_begin ] --END-- [ RunTime:0.000664s ]
NOTIC: [8] Undefined index: openid D:\xampp\htdocs\kuaidian\Application\Home\Controller\IndexController.class.php 第 31 行.
SQL: SHOW COLUMNS FROM `weixin_user` [ RunTime:0.0068s ]
SQL: SELECT `photo` FROM `weixin_user` WHERE `openid` = null LIMIT 1   [ RunTime:0.0011s ]
SQL: SHOW COLUMNS FROM `shop` [ RunTime:0.0083s ]
SQL: SELECT shop.id,shop.mingch,shop.maney,shop.logo,shop.xingsl,shop.juan,shop_type.mingch as lbname,shop.zuigaolij,shop.depcsjlshi,shop.baidu_lng,shop.baidu_lat FROM `shop` INNER JOIN shop_type on shop.type_shop = shop_type.id  WHERE shop.zhuangt = 1 AND shop.depcsjlshi = 130100  [ RunTime:0.0014s ]
NOTIC: [8] Undefined offset: 1 D:\xampp\htdocs\kuaidian\Application\Home\Controller\IndexController.class.php 第 64 行.
SQL: SHOW COLUMNS FROM `seat` [ RunTime:0.0068s ]
SQL: SELECT COUNT(*) AS tp_count FROM `seat` WHERE `dep_shop` = 64 LIMIT 1   [ RunTime:0.0015s ]
NOTIC: [8] Undefined offset: 1 D:\xampp\htdocs\kuaidian\Application\Home\Controller\IndexController.class.php 第 64 行.
NOTIC: [2] A non-numeric value encountered D:\xampp\htdocs\kuaidian\Application\Home\Controller\IndexController.class.php 第 66 行.
SQL: SELECT COUNT(*) AS tp_count FROM `seat` WHERE `dep_shop` = 62 LIMIT 1   [ RunTime:0.0008s ]
NOTIC: [8] Undefined offset: 1 D:\xampp\htdocs\kuaidian\Application\Home\Controller\IndexController.class.php 第 64 行.
NOTIC: [2] A non-numeric value encountered D:\xampp\htdocs\kuaidian\Application\Home\Controller\IndexController.class.php 第 66 行.
SQL: SELECT COUNT(*) AS tp_count FROM `seat` WHERE `dep_shop` = 63 LIMIT 1   [ RunTime:0.0008s ]
SQL: SHOW COLUMNS FROM `event` [ RunTime:0.0065s ]
SQL: SELECT `pic` FROM `event` WHERE `status` = 1  [ RunTime:0.0016s ]
SQL: SHOW COLUMNS FROM `shop_type` [ RunTime:0.0064s ]
SQL: SELECT `mingch` FROM `shop_type` WHERE `zhuangt` = 1  [ RunTime:0.0018s ]
INFO: [ view_parse ] --START--
INFO: [ template_filter ] --START--
INFO: Run Behavior\ContentReplaceBehavior [ RunTime:0.000086s ]
INFO: [ template_filter ] --END-- [ RunTime:0.000124s ]
NOTIC: [8] Use of undefined constant id - assumed 'id' D:\xampp\htdocs\kuaidian\Application\Runtime\Cache\Home\2a94b8bda04ff446dcedd42276fc99ee.php 第 221 行.
NOTIC: [8] Use of undefined constant id - assumed 'id' D:\xampp\htdocs\kuaidian\Application\Runtime\Cache\Home\2a94b8bda04ff446dcedd42276fc99ee.php 第 221 行.
NOTIC: [8] Use of undefined constant id - assumed 'id' D:\xampp\htdocs\kuaidian\Application\Runtime\Cache\Home\2a94b8bda04ff446dcedd42276fc99ee.php 第 221 行.
INFO: Run Behavior\ParseTemplateBehavior [ RunTime:0.009574s ]
INFO: [ view_parse ] --END-- [ RunTime:0.009607s ]
INFO: [ view_filter ] --START--
INFO: Run Behavior\WriteHtmlCacheBehavior [ RunTime:0.000434s ]
INFO: [ view_filter ] --END-- [ RunTime:0.000456s ]
INFO: [ app_end ] --START--
INFO: Run Behavior\ShowPageTraceBehavior [ RunTime:0.001043s ]
INFO: [ app_end ] --END-- [ RunTime:0.001104s ]

[ 2018-03-06T16:01:45+08:00 ] 127.0.0.1 /index.php/home/index/ajaxfoodjuli.html
INFO: [ app_init ] --START--
INFO: Run Behavior\BuildLiteBehavior [ RunTime:0.000010s ]
INFO: [ app_init ] --END-- [ RunTime:0.000052s ]
INFO: [ app_begin ] --START--
INFO: Run Behavior\ReadHtmlCacheBehavior [ RunTime:0.002066s ]
INFO: [ app_begin ] --END-- [ RunTime:0.002133s ]
SQL: SHOW COLUMNS FROM `shop` [ RunTime:0.0116s ]
SQL: SELECT shop.id,shop.baidu_lng,shop.baidu_lat FROM `shop` INNER JOIN shop_type on shop.type_shop = shop_type.id  WHERE shop.zhuangt = 1 AND shop.depcsjlshi = 130100  [ RunTime:0.0025s ]

[ 2018-03-06T16:01:45+08:00 ] 127.0.0.1 /index.php/Home/Index/citysousuo.html
INFO: [ app_init ] --START--
INFO: Run Behavior\BuildLiteBehavior [ RunTime:0.000013s ]
INFO: [ app_init ] --END-- [ RunTime:0.000056s ]
INFO: [ app_begin ] --START--
INFO: Run Behavior\ReadHtmlCacheBehavior [ RunTime:0.000786s ]
INFO: [ app_begin ] --END-- [ RunTime:0.000842s ]
INFO: [ view_parse ] --START--
INFO: [ template_filter ] --START--
INFO: Run Behavior\ContentReplaceBehavior [ RunTime:0.000047s ]
INFO: [ template_filter ] --END-- [ RunTime:0.000104s ]
INFO: Run Behavior\ParseTemplateBehavior [ RunTime:0.006816s ]
INFO: [ view_parse ] --END-- [ RunTime:0.006866s ]
INFO: [ view_filter ] --START--
INFO: Run Behavior\WriteHtmlCacheBehavior [ RunTime:0.000408s ]
INFO: [ view_filter ] --END-- [ RunTime:0.000430s ]
INFO: [ app_end ] --START--
INFO: Run Behavior\ShowPageTraceBehavior [ RunTime:0.000574s ]
INFO: [ app_end ] --END-- [ RunTime:0.000596s ]

[ 2018-03-06T16:01:48+08:00 ] 127.0.0.1 /
INFO: [ app_init ] --START--
INFO: Run Behavior\BuildLiteBehavior [ RunTime:0.000009s ]
INFO: [ app_init ] --END-- [ RunTime:0.000049s ]
INFO: [ app_begin ] --START--
INFO: Run Behavior\ReadHtmlCacheBehavior [ RunTime:0.000830s ]
INFO: [ app_begin ] --END-- [ RunTime:0.000890s ]
NOTIC: [8] Undefined index: openid D:\xampp\htdocs\kuaidian\Application\Home\Controller\IndexController.class.php 第 31 行.
SQL: SHOW COLUMNS FROM `weixin_user` [ RunTime:0.0069s ]
SQL: SELECT `photo` FROM `weixin_user` WHERE `openid` = null LIMIT 1   [ RunTime:0.0013s ]
SQL: SHOW COLUMNS FROM `shop` [ RunTime:0.0075s ]
SQL: SELECT shop.id,shop.mingch,shop.maney,shop.logo,shop.xingsl,shop.juan,shop_type.mingch as lbname,shop.zuigaolij,shop.depcsjlshi,shop.baidu_lng,shop.baidu_lat FROM `shop` INNER JOIN shop_type on shop.type_shop = shop_type.id  WHERE shop.zhuangt = 1 AND shop.depcsjlshi = 130100  [ RunTime:0.0017s ]
NOTIC: [8] Undefined offset: 1 D:\xampp\htdocs\kuaidian\Application\Home\Controller\IndexController.class.php 第 64 行.
SQL: SHOW COLUMNS FROM `seat` [ RunTime:0.0059s ]
SQL: SELECT COUNT(*) AS tp_count FROM `seat` WHERE `dep_shop` = 64 LIMIT 1   [ RunTime:0.0016s ]
NOTIC: [8] Undefined offset: 1 D:\xampp\htdocs\kuaidian\Application\Home\Controller\IndexController.class.php 第 64 行.
NOTIC: [2] A non-numeric value encountered D:\xampp\htdocs\kuaidian\Application\Home\Controller\IndexController.class.php 第 66 行.
SQL: SELECT COUNT(*) AS tp_count FROM `seat` WHERE `dep_shop` = 62 LIMIT 1   [ RunTime:0.0016s ]
NOTIC: [8] Undefined offset: 1 D:\xampp\htdocs\kuaidian\Application\Home\Controller\IndexController.class.php 第 64 行.
NOTIC: [2] A non-numeric value encountered D:\xampp\htdocs\kuaidian\Application\Home\Controller\IndexController.class.php 第 66 行.
SQL: SELECT COUNT(*) AS tp_count FROM `seat` WHERE `dep_shop` = 63 LIMIT 1   [ RunTime:0.0009s ]
SQL: SHOW COLUMNS FROM `event` [ RunTime:0.0056s ]
SQL: SELECT `pic` FROM `event` WHERE `status` = 1  [ RunTime:0.0014s ]
SQL: SHOW COLUMNS FROM `shop_type` [ RunTime:0.0070s ]
SQL: SELECT `mingch` FROM `shop_type` WHERE `zhuangt` = 1  [ RunTime:0.0014s ]
INFO: [ view_parse ] --START--
INFO: [ template_filter ] --START--
INFO: Run Behavior\ContentReplaceBehavior [ RunTime:0.000082s ]
INFO: [ template_filter ] --END-- [ RunTime:0.000117s ]
NOTIC: [8] Use of undefined constant id - assumed 'id' D:\xampp\htdocs\kuaidian\Application\Runtime\Cache\Home\2a94b8bda04ff446dcedd42276fc99ee.php 第 221 行.
NOTIC: [8] Use of undefined constant id - assumed 'id' D:\xampp\htdocs\kuaidian\Application\Runtime\Cache\Home\2a94b8bda04ff446dcedd42276fc99ee.php 第 221 行.
NOTIC: [8] Use of undefined constant id - assumed 'id' D:\xampp\htdocs\kuaidian\Application\Runtime\Cache\Home\2a94b8bda04ff446dcedd42276fc99ee.php 第 221 行.
INFO: Run Behavior\ParseTemplateBehavior [ RunTime:0.008902s ]
INFO: [ view_parse ] --END-- [ RunTime:0.008942s ]
INFO: [ view_filter ] --START--
INFO: Run Behavior\WriteHtmlCacheBehavior [ RunTime:0.000550s ]
INFO: [ view_filter ] --END-- [ RunTime:0.000576s ]
INFO: [ app_end ] --START--
INFO: Run Behavior\ShowPageTraceBehavior [ RunTime:0.000928s ]
INFO: [ app_end ] --END-- [ RunTime:0.000984s ]

[ 2018-03-06T16:01:49+08:00 ] 127.0.0.1 /index.php/home/index/ajaxfoodjuli.html
INFO: [ app_init ] --START--
INFO: Run Behavior\BuildLiteBehavior [ RunTime:0.000013s ]
INFO: [ app_init ] --END-- [ RunTime:0.000062s ]
INFO: [ app_begin ] --START--
INFO: Run Behavior\ReadHtmlCacheBehavior [ RunTime:0.000754s ]
INFO: [ app_begin ] --END-- [ RunTime:0.000803s ]
SQL: SHOW COLUMNS FROM `shop` [ RunTime:0.0076s ]
SQL: SELECT shop.id,shop.baidu_lng,shop.baidu_lat FROM `shop` INNER JOIN shop_type on shop.type_shop = shop_type.id  WHERE shop.zhuangt = 1 AND shop.depcsjlshi = 130100  [ RunTime:0.0010s ]

[ 2018-03-06T16:05:45+08:00 ] 192.168.0.100 /
INFO: [ app_init ] --START--
INFO: Run Behavior\BuildLiteBehavior [ RunTime:0.000012s ]
INFO: [ app_init ] --END-- [ RunTime:0.000053s ]
INFO: [ app_begin ] --START--
INFO: Run Behavior\ReadHtmlCacheBehavior [ RunTime:0.001138s ]
INFO: [ app_begin ] --END-- [ RunTime:0.001167s ]
NOTIC: [8] Undefined index: openid D:\xampp\htdocs\kuaidian\Application\Home\Controller\IndexController.class.php 第 20 行.

[ 2018-03-06T16:05:45+08:00 ] 192.168.0.100 /index.php/Home/Auth/index.html
INFO: [ app_init ] --START--
INFO: Run Behavior\BuildLiteBehavior [ RunTime:0.000011s ]
INFO: [ app_init ] --END-- [ RunTime:0.000053s ]
INFO: [ app_begin ] --START--
INFO: Run Behavior\ReadHtmlCacheBehavior [ RunTime:0.000605s ]
INFO: [ app_begin ] --END-- [ RunTime:0.000641s ]
NOTIC: [8] Undefined index: return_url D:\xampp\htdocs\kuaidian\Application\Home\Controller\AuthController.class.php 第 10 行.
NOTIC: [8] Use of undefined constant SITE_URL - assumed 'SITE_URL' D:\xampp\htdocs\kuaidian\Application\Home\Controller\AuthController.class.php 第 21 行.

[ 2018-03-06T16:05:45+08:00 ] 192.168.0.100 /index.php/Home/Weichat/auth.html
INFO: [ app_init ] --START--
INFO: Run Behavior\BuildLiteBehavior [ RunTime:0.000011s ]
INFO: [ app_init ] --END-- [ RunTime:0.000053s ]
INFO: [ app_begin ] --START--
INFO: Run Behavior\ReadHtmlCacheBehavior [ RunTime:0.000566s ]
INFO: [ app_begin ] --END-- [ RunTime:0.000596s ]
NOTIC: [8] Use of undefined constant SITE_URL - assumed 'SITE_URL' D:\xampp\htdocs\kuaidian\Application\Home\Controller\WeichatController.class.php 第 27 行.
NOTIC: [8] Undefined index: userid D:\xampp\htdocs\kuaidian\Application\Common\Helper\user_helper.php 第 47 行.

[ 2018-03-06T16:05:54+08:00 ] 192.168.0.100 /
INFO: [ app_init ] --START--
INFO: Run Behavior\BuildLiteBehavior [ RunTime:0.000008s ]
INFO: [ app_init ] --END-- [ RunTime:0.000045s ]
INFO: [ app_begin ] --START--
INFO: Run Behavior\ReadHtmlCacheBehavior [ RunTime:0.000647s ]
INFO: [ app_begin ] --END-- [ RunTime:0.000680s ]
NOTIC: [8] Undefined index: openid D:\xampp\htdocs\kuaidian\Application\Home\Controller\IndexController.class.php 第 20 行.

[ 2018-03-06T16:05:54+08:00 ] 192.168.0.100 /index.php/Home/Auth/index.html
INFO: [ app_init ] --START--
INFO: Run Behavior\BuildLiteBehavior [ RunTime:0.000011s ]
INFO: [ app_init ] --END-- [ RunTime:0.000051s ]
INFO: [ app_begin ] --START--
INFO: Run Behavior\ReadHtmlCacheBehavior [ RunTime:0.000643s ]
INFO: [ app_begin ] --END-- [ RunTime:0.000682s ]
NOTIC: [8] Undefined index: return_url D:\xampp\htdocs\kuaidian\Application\Home\Controller\AuthController.class.php 第 10 行.
NOTIC: [8] Use of undefined constant SITE_URL - assumed 'SITE_URL' D:\xampp\htdocs\kuaidian\Application\Home\Controller\AuthController.class.php 第 21 行.

[ 2018-03-06T16:05:54+08:00 ] 192.168.0.100 /index.php/Home/Weichat/auth.html
INFO: [ app_init ] --START--
INFO: Run Behavior\BuildLiteBehavior [ RunTime:0.000010s ]
INFO: [ app_init ] --END-- [ RunTime:0.000051s ]
INFO: [ app_begin ] --START--
INFO: Run Behavior\ReadHtmlCacheBehavior [ RunTime:0.000748s ]
INFO: [ app_begin ] --END-- [ RunTime:0.000791s ]
NOTIC: [8] Use of undefined constant SITE_URL - assumed 'SITE_URL' D:\xampp\htdocs\kuaidian\Application\Home\Controller\WeichatController.class.php 第 27 行.
NOTIC: [8] Undefined index: userid D:\xampp\htdocs\kuaidian\Application\Common\Helper\user_helper.php 第 47 行.

[ 2018-03-06T16:08:24+08:00 ] 127.0.0.1 /index.php/Home/Index/citysousuo.html
INFO: [ app_init ] --START--
INFO: Run Behavior\BuildLiteBehavior [ RunTime:0.000012s ]
INFO: [ app_init ] --END-- [ RunTime:0.000064s ]
INFO: [ app_begin ] --START--
INFO: Run Behavior\ReadHtmlCacheBehavior [ RunTime:0.001118s ]
INFO: [ app_begin ] --END-- [ RunTime:0.001150s ]
INFO: [ view_parse ] --START--
INFO: [ template_filter ] --START--
INFO: Run Behavior\ContentReplaceBehavior [ RunTime:0.000039s ]
INFO: [ template_filter ] --END-- [ RunTime:0.000080s ]
INFO: Run Behavior\ParseTemplateBehavior [ RunTime:0.009679s ]
INFO: [ view_parse ] --END-- [ RunTime:0.009731s ]
INFO: [ view_filter ] --START--
INFO: Run Behavior\WriteHtmlCacheBehavior [ RunTime:0.000803s ]
INFO: [ view_filter ] --END-- [ RunTime:0.000825s ]
INFO: [ app_end ] --START--
INFO: Run Behavior\ShowPageTraceBehavior [ RunTime:0.000946s ]
INFO: [ app_end ] --END-- [ RunTime:0.000967s ]

[ 2018-03-06T16:08:28+08:00 ] 127.0.0.1 /index.php/Home/Index/citysousuo.html
INFO: [ app_init ] --START--
INFO: Run Behavior\BuildLiteBehavior [ RunTime:0.000010s ]
INFO: [ app_init ] --END-- [ RunTime:0.000048s ]
INFO: [ app_begin ] --START--
INFO: Run Behavior\ReadHtmlCacheBehavior [ RunTime:0.000824s ]
INFO: [ app_begin ] --END-- [ RunTime:0.000877s ]
INFO: [ view_parse ] --START--
INFO: [ template_filter ] --START--
INFO: Run Behavior\ContentReplaceBehavior [ RunTime:0.000062s ]
INFO: [ template_filter ] --END-- [ RunTime:0.000102s ]
INFO: Run Behavior\ParseTemplateBehavior [ RunTime:0.005778s ]
INFO: [ view_parse ] --END-- [ RunTime:0.005829s ]
INFO: [ view_filter ] --START--
INFO: Run Behavior\WriteHtmlCacheBehavior [ RunTime:0.000435s ]
INFO: [ view_filter ] --END-- [ RunTime:0.000456s ]
INFO: [ app_end ] --START--
INFO: Run Behavior\ShowPageTraceBehavior [ RunTime:0.000672s ]
INFO: [ app_end ] --END-- [ RunTime:0.000697s ]

[ 2018-03-06T16:08:44+08:00 ] 127.0.0.1 /index.php/Home/Index/citysousuo.html
INFO: [ app_init ] --START--
INFO: Run Behavior\BuildLiteBehavior [ RunTime:0.000016s ]
INFO: [ app_init ] --END-- [ RunTime:0.000073s ]
INFO: [ app_begin ] --START--
INFO: Run Behavior\ReadHtmlCacheBehavior [ RunTime:0.001238s ]
INFO: [ app_begin ] --END-- [ RunTime:0.001280s ]
INFO: [ view_parse ] --START--
INFO: [ template_filter ] --START--
INFO: Run Behavior\ContentReplaceBehavior [ RunTime:0.000038s ]
INFO: [ template_filter ] --END-- [ RunTime:0.000079s ]
INFO: Run Behavior\ParseTemplateBehavior [ RunTime:0.008062s ]
INFO: [ view_parse ] --END-- [ RunTime:0.008113s ]
INFO: [ view_filter ] --START--
INFO: Run Behavior\WriteHtmlCacheBehavior [ RunTime:0.000934s ]
INFO: [ view_filter ] --END-- [ RunTime:0.000964s ]
INFO: [ app_end ] --START--
INFO: Run Behavior\ShowPageTraceBehavior [ RunTime:0.000969s ]
INFO: [ app_end ] --END-- [ RunTime:0.000991s ]

[ 2018-03-06T16:08:45+08:00 ] 127.0.0.1 /index.php/Home/Index/citysousuo.html
INFO: [ app_init ] --START--
INFO: Run Behavior\BuildLiteBehavior [ RunTime:0.000011s ]
INFO: [ app_init ] --END-- [ RunTime:0.000051s ]
INFO: [ app_begin ] --START--
INFO: Run Behavior\ReadHtmlCacheBehavior [ RunTime:0.000951s ]
INFO: [ app_begin ] --END-- [ RunTime:0.001005s ]
INFO: [ view_parse ] --START--
INFO: [ template_filter ] --START--
INFO: Run Behavior\ContentReplaceBehavior [ RunTime:0.000042s ]
INFO: [ template_filter ] --END-- [ RunTime:0.000103s ]
INFO: Run Behavior\ParseTemplateBehavior [ RunTime:0.006280s ]
INFO: [ view_parse ] --END-- [ RunTime:0.006331s ]
INFO: [ view_filter ] --START--
INFO: Run Behavior\WriteHtmlCacheBehavior [ RunTime:0.000448s ]
INFO: [ view_filter ] --END-- [ RunTime:0.000471s ]
INFO: [ app_end ] --START--
INFO: Run Behavior\ShowPageTraceBehavior [ RunTime:0.000583s ]
INFO: [ app_end ] --END-- [ RunTime:0.000604s ]

[ 2018-03-06T16:08:45+08:00 ] 127.0.0.1 /index.php/Home/Index/citysousuo.html
INFO: [ app_init ] --START--
INFO: Run Behavior\BuildLiteBehavior [ RunTime:0.000007s ]
INFO: [ app_init ] --END-- [ RunTime:0.000045s ]
INFO: [ app_begin ] --START--
INFO: Run Behavior\ReadHtmlCacheBehavior [ RunTime:0.000575s ]
INFO: [ app_begin ] --END-- [ RunTime:0.000607s ]
INFO: [ view_parse ] --START--
INFO: [ template_filter ] --START--
INFO: Run Behavior\ContentReplaceBehavior [ RunTime:0.000040s ]
INFO: [ template_filter ] --END-- [ RunTime:0.000080s ]
INFO: Run Behavior\ParseTemplateBehavior [ RunTime:0.005268s ]
INFO: [ view_parse ] --END-- [ RunTime:0.005306s ]
INFO: [ view_filter ] --START--
INFO: Run Behavior\WriteHtmlCacheBehavior [ RunTime:0.000396s ]
INFO: [ view_filter ] --END-- [ RunTime:0.000417s ]
INFO: [ app_end ] --START--
INFO: Run Behavior\ShowPageTraceBehavior [ RunTime:0.000573s ]
INFO: [ app_end ] --END-- [ RunTime:0.000596s ]

[ 2018-03-06T16:08:45+08:00 ] 127.0.0.1 /index.php/Home/Index/citysousuo.html
INFO: [ app_init ] --START--
INFO: Run Behavior\BuildLiteBehavior [ RunTime:0.000010s ]
INFO: [ app_init ] --END-- [ RunTime:0.000054s ]
INFO: [ app_begin ] --START--
INFO: Run Behavior\ReadHtmlCacheBehavior [ RunTime:0.000641s ]
INFO: [ app_begin ] --END-- [ RunTime:0.000682s ]
INFO: [ view_parse ] --START--
INFO: [ template_filter ] --START--
INFO: Run Behavior\ContentReplaceBehavior [ RunTime:0.000039s ]
INFO: [ template_filter ] --END-- [ RunTime:0.000078s ]
INFO: Run Behavior\ParseTemplateBehavior [ RunTime:0.007013s ]
INFO: [ view_parse ] --END-- [ RunTime:0.007064s ]
INFO: [ view_filter ] --START--
INFO: Run Behavior\WriteHtmlCacheBehavior [ RunTime:0.000426s ]
INFO: [ view_filter ] --END-- [ RunTime:0.000448s ]
INFO: [ app_end ] --START--
INFO: Run Behavior\ShowPageTraceBehavior [ RunTime:0.001442s ]
INFO: [ app_end ] --END-- [ RunTime:0.001509s ]

[ 2018-03-06T16:08:45+08:00 ] 127.0.0.1 /index.php/Home/Index/citysousuo.html
INFO: [ app_init ] --START--
INFO: Run Behavior\BuildLiteBehavior [ RunTime:0.000010s ]
INFO: [ app_init ] --END-- [ RunTime:0.000048s ]
INFO: [ app_begin ] --START--
INFO: Run Behavior\ReadHtmlCacheBehavior [ RunTime:0.000571s ]
INFO: [ app_begin ] --END-- [ RunTime:0.000601s ]
INFO: [ view_parse ] --START--
INFO: [ template_filter ] --START--
INFO: Run Behavior\ContentReplaceBehavior [ RunTime:0.000038s ]
INFO: [ template_filter ] --END-- [ RunTime:0.000079s ]
INFO: Run Behavior\ParseTemplateBehavior [ RunTime:0.005798s ]
INFO: [ view_parse ] --END-- [ RunTime:0.005851s ]
INFO: [ view_filter ] --START--
INFO: Run Behavior\WriteHtmlCacheBehavior [ RunTime:0.000544s ]
INFO: [ view_filter ] --END-- [ RunTime:0.000574s ]
INFO: [ app_end ] --START--
INFO: Run Behavior\ShowPageTraceBehavior [ RunTime:0.000755s ]
INFO: [ app_end ] --END-- [ RunTime:0.000786s ]

[ 2018-03-06T16:08:45+08:00 ] 127.0.0.1 /index.php/Home/Index/citysousuo.html
INFO: [ app_init ] --START--
INFO: Run Behavior\BuildLiteBehavior [ RunTime:0.000013s ]
INFO: [ app_init ] --END-- [ RunTime:0.000057s ]
INFO: [ app_begin ] --START--
INFO: Run Behavior\ReadHtmlCacheBehavior [ RunTime:0.000783s ]
INFO: [ app_begin ] --END-- [ RunTime:0.000843s ]
INFO: [ view_parse ] --START--
INFO: [ template_filter ] --START--
INFO: Run Behavior\ContentReplaceBehavior [ RunTime:0.000038s ]
INFO: [ template_filter ] --END-- [ RunTime:0.000080s ]
INFO: Run Behavior\ParseTemplateBehavior [ RunTime:0.006979s ]
INFO: [ view_parse ] --END-- [ RunTime:0.007056s ]
INFO: [ view_filter ] --START--
INFO: Run Behavior\WriteHtmlCacheBehavior [ RunTime:0.000516s ]
INFO: [ view_filter ] --END-- [ RunTime:0.000542s ]
INFO: [ app_end ] --START--
INFO: Run Behavior\ShowPageTraceBehavior [ RunTime:0.000589s ]
INFO: [ app_end ] --END-- [ RunTime:0.000610s ]

[ 2018-03-06T16:08:46+08:00 ] 127.0.0.1 /index.php/Home/Index/citysousuo.html
INFO: [ app_init ] --START--
INFO: Run Behavior\BuildLiteBehavior [ RunTime:0.000012s ]
INFO: [ app_init ] --END-- [ RunTime:0.000053s ]
INFO: [ app_begin ] --START--
INFO: Run Behavior\ReadHtmlCacheBehavior [ RunTime:0.000580s ]
INFO: [ app_begin ] --END-- [ RunTime:0.000610s ]
INFO: [ view_parse ] --START--
INFO: [ template_filter ] --START--
INFO: Run Behavior\ContentReplaceBehavior [ RunTime:0.000038s ]
INFO: [ template_filter ] --END-- [ RunTime:0.000080s ]
INFO: Run Behavior\ParseTemplateBehavior [ RunTime:0.006045s ]
INFO: [ view_parse ] --END-- [ RunTime:0.006103s ]
INFO: [ view_filter ] --START--
INFO: Run Behavior\WriteHtmlCacheBehavior [ RunTime:0.000419s ]
INFO: [ view_filter ] --END-- [ RunTime:0.000440s ]
INFO: [ app_end ] --START--
INFO: Run Behavior\ShowPageTraceBehavior [ RunTime:0.000573s ]
INFO: [ app_end ] --END-- [ RunTime:0.000596s ]

[ 2018-03-06T16:08:46+08:00 ] 127.0.0.1 /index.php/Home/Index/citysousuo.html
INFO: [ app_init ] --START--
INFO: Run Behavior\BuildLiteBehavior [ RunTime:0.000009s ]
INFO: [ app_init ] --END-- [ RunTime:0.000048s ]
INFO: [ app_begin ] --START--
INFO: Run Behavior\ReadHtmlCacheBehavior [ RunTime:0.000557s ]
INFO: [ app_begin ] --END-- [ RunTime:0.000582s ]
INFO: [ view_parse ] --START--
INFO: [ template_filter ] --START--
INFO: Run Behavior\ContentReplaceBehavior [ RunTime:0.000036s ]
INFO: [ template_filter ] --END-- [ RunTime:0.000073s ]
INFO: Run Behavior\ParseTemplateBehavior [ RunTime:0.005531s ]
INFO: [ view_parse ] --END-- [ RunTime:0.005587s ]
INFO: [ view_filter ] --START--
INFO: Run Behavior\WriteHtmlCacheBehavior [ RunTime:0.000415s ]
INFO: [ view_filter ] --END-- [ RunTime:0.000436s ]
INFO: [ app_end ] --START--
INFO: Run Behavior\ShowPageTraceBehavior [ RunTime:0.000576s ]
INFO: [ app_end ] --END-- [ RunTime:0.000596s ]

[ 2018-03-06T16:08:46+08:00 ] 127.0.0.1 /index.php/Home/Index/citysousuo.html
INFO: [ app_init ] --START--
INFO: Run Behavior\BuildLiteBehavior [ RunTime:0.000010s ]
INFO: [ app_init ] --END-- [ RunTime:0.000048s ]
INFO: [ app_begin ] --START--
INFO: Run Behavior\ReadHtmlCacheBehavior [ RunTime:0.000645s ]
INFO: [ app_begin ] --END-- [ RunTime:0.000685s ]
INFO: [ view_parse ] --START--
INFO: [ template_filter ] --START--
INFO: Run Behavior\ContentReplaceBehavior [ RunTime:0.000039s ]
INFO: [ template_filter ] --END-- [ RunTime:0.000079s ]
INFO: Run Behavior\ParseTemplateBehavior [ RunTime:0.005563s ]
INFO: [ view_parse ] --END-- [ RunTime:0.005595s ]
INFO: [ view_filter ] --START--
INFO: Run Behavior\WriteHtmlCacheBehavior [ RunTime:0.000398s ]
INFO: [ view_filter ] --END-- [ RunTime:0.000419s ]
INFO: [ app_end ] --START--
INFO: Run Behavior\ShowPageTraceBehavior [ RunTime:0.000604s ]
INFO: [ app_end ] --END-- [ RunTime:0.000628s ]

[ 2018-03-06T16:08:46+08:00 ] 127.0.0.1 /index.php/Home/Index/citysousuo.html
INFO: [ app_init ] --START--
INFO: Run Behavior\BuildLiteBehavior [ RunTime:0.000010s ]
INFO: [ app_init ] --END-- [ RunTime:0.000048s ]
INFO: [ app_begin ] --START--
INFO: Run Behavior\ReadHtmlCacheBehavior [ RunTime:0.000562s ]
INFO: [ app_begin ] --END-- [ RunTime:0.000589s ]
INFO: [ view_parse ] --START--
INFO: [ template_filter ] --START--
INFO: Run Behavior\ContentReplaceBehavior [ RunTime:0.000037s ]
INFO: [ template_filter ] --END-- [ RunTime:0.000078s ]
INFO: Run Behavior\ParseTemplateBehavior [ RunTime:0.005596s ]
INFO: [ view_parse ] --END-- [ RunTime:0.005633s ]
INFO: [ view_filter ] --START--
INFO: Run Behavior\WriteHtmlCacheBehavior [ RunTime:0.000455s ]
INFO: [ view_filter ] --END-- [ RunTime:0.000479s ]
INFO: [ app_end ] --START--
INFO: Run Behavior\ShowPageTraceBehavior [ RunTime:0.000993s ]
INFO: [ app_end ] --END-- [ RunTime:0.001044s ]

[ 2018-03-06T16:09:19+08:00 ] 127.0.0.1 /index.php/Home/Index/citysousuo.html
INFO: [ app_init ] --START--
INFO: Run Behavior\BuildLiteBehavior [ RunTime:0.000009s ]
INFO: [ app_init ] --END-- [ RunTime:0.000045s ]
INFO: [ app_begin ] --START--
INFO: Run Behavior\ReadHtmlCacheBehavior [ RunTime:0.000573s ]
INFO: [ app_begin ] --END-- [ RunTime:0.000601s ]
INFO: [ view_parse ] --START--
INFO: [ template_filter ] --START--
INFO: Run Behavior\ContentReplaceBehavior [ RunTime:0.000036s ]
INFO: [ template_filter ] --END-- [ RunTime:0.000073s ]
INFO: Run Behavior\ParseTemplateBehavior [ RunTime:0.006095s ]
INFO: [ view_parse ] --END-- [ RunTime:0.006148s ]
INFO: [ view_filter ] --START--
INFO: Run Behavior\WriteHtmlCacheBehavior [ RunTime:0.000431s ]
INFO: [ view_filter ] --END-- [ RunTime:0.000452s ]
INFO: [ app_end ] --START--
INFO: Run Behavior\ShowPageTraceBehavior [ RunTime:0.000575s ]
INFO: [ app_end ] --END-- [ RunTime:0.000596s ]

[ 2018-03-06T16:09:19+08:00 ] 127.0.0.1 /index.php/Home/Index/citysousuo.html
INFO: [ app_init ] --START--
INFO: Run Behavior\BuildLiteBehavior [ RunTime:0.000012s ]
INFO: [ app_init ] --END-- [ RunTime:0.000093s ]
INFO: [ app_begin ] --START--
INFO: Run Behavior\ReadHtmlCacheBehavior [ RunTime:0.000698s ]
INFO: [ app_begin ] --END-- [ RunTime:0.000742s ]
INFO: [ view_parse ] --START--
INFO: [ template_filter ] --START--
INFO: Run Behavior\ContentReplaceBehavior [ RunTime:0.000038s ]
INFO: [ template_filter ] --END-- [ RunTime:0.000078s ]
INFO: Run Behavior\ParseTemplateBehavior [ RunTime:0.006995s ]
INFO: [ view_parse ] --END-- [ RunTime:0.007044s ]
INFO: [ view_filter ] --START--
INFO: Run Behavior\WriteHtmlCacheBehavior [ RunTime:0.000414s ]
INFO: [ view_filter ] --END-- [ RunTime:0.000434s ]
INFO: [ app_end ] --START--
INFO: Run Behavior\ShowPageTraceBehavior [ RunTime:0.000570s ]
INFO: [ app_end ] --END-- [ RunTime:0.000591s ]

[ 2018-03-06T16:09:20+08:00 ] 127.0.0.1 /index.php/Home/Index/citysousuo.html
INFO: [ app_init ] --START--
INFO: Run Behavior\BuildLiteBehavior [ RunTime:0.000010s ]
INFO: [ app_init ] --END-- [ RunTime:0.000054s ]
INFO: [ app_begin ] --START--
INFO: Run Behavior\ReadHtmlCacheBehavior [ RunTime:0.000564s ]
INFO: [ app_begin ] --END-- [ RunTime:0.000600s ]
INFO: [ view_parse ] --START--
INFO: [ template_filter ] --START--
INFO: Run Behavior\ContentReplaceBehavior [ RunTime:0.000036s ]
INFO: [ template_filter ] --END-- [ RunTime:0.000076s ]
INFO: Run Behavior\ParseTemplateBehavior [ RunTime:0.005556s ]
INFO: [ view_parse ] --END-- [ RunTime:0.005595s ]
INFO: [ view_filter ] --START--
INFO: Run Behavior\WriteHtmlCacheBehavior [ RunTime:0.000430s ]
INFO: [ view_filter ] --END-- [ RunTime:0.000452s ]
INFO: [ app_end ] --START--
INFO: Run Behavior\ShowPageTraceBehavior [ RunTime:0.000565s ]
INFO: [ app_end ] --END-- [ RunTime:0.000587s ]

[ 2018-03-06T16:09:20+08:00 ] 127.0.0.1 /index.php/Home/Index/citysousuo.html
INFO: [ app_init ] --START--
INFO: Run Behavior\BuildLiteBehavior [ RunTime:0.000012s ]
INFO: [ app_init ] --END-- [ RunTime:0.000053s ]
INFO: [ app_begin ] --START--
INFO: Run Behavior\ReadHtmlCacheBehavior [ RunTime:0.000648s ]
INFO: [ app_begin ] --END-- [ RunTime:0.000688s ]
INFO: [ view_parse ] --START--
INFO: [ template_filter ] --START--
INFO: Run Behavior\ContentReplaceBehavior [ RunTime:0.000041s ]
INFO: [ template_filter ] --END-- [ RunTime:0.000088s ]
INFO: Run Behavior\ParseTemplateBehavior [ RunTime:0.005530s ]
INFO: [ view_parse ] --END-- [ RunTime:0.005576s ]
INFO: [ view_filter ] --START--
INFO: Run Behavior\WriteHtmlCacheBehavior [ RunTime:0.000454s ]
INFO: [ view_filter ] --END-- [ RunTime:0.000475s ]
INFO: [ app_end ] --START--
INFO: Run Behavior\ShowPageTraceBehavior [ RunTime:0.001177s ]
INFO: [ app_end ] --END-- [ RunTime:0.001217s ]

[ 2018-03-06T16:09:20+08:00 ] 127.0.0.1 /index.php/Home/Index/citysousuo.html
INFO: [ app_init ] --START--
INFO: Run Behavior\BuildLiteBehavior [ RunTime:0.000008s ]
INFO: [ app_init ] --END-- [ RunTime:0.000045s ]
INFO: [ app_begin ] --START--
INFO: Run Behavior\ReadHtmlCacheBehavior [ RunTime:0.000632s ]
INFO: [ app_begin ] --END-- [ RunTime:0.000662s ]
INFO: [ view_parse ] --START--
INFO: [ template_filter ] --START--
INFO: Run Behavior\ContentReplaceBehavior [ RunTime:0.000036s ]
INFO: [ template_filter ] --END-- [ RunTime:0.000074s ]
INFO: Run Behavior\ParseTemplateBehavior [ RunTime:0.005786s ]
INFO: [ view_parse ] --END-- [ RunTime:0.005843s ]
INFO: [ view_filter ] --START--
INFO: Run Behavior\WriteHtmlCacheBehavior [ RunTime:0.000821s ]
INFO: [ view_filter ] --END-- [ RunTime:0.000885s ]
INFO: [ app_end ] --START--
INFO: Run Behavior\ShowPageTraceBehavior [ RunTime:0.000622s ]
INFO: [ app_end ] --END-- [ RunTime:0.000645s ]

[ 2018-03-06T16:09:20+08:00 ] 127.0.0.1 /index.php/Home/Index/citysousuo.html
INFO: [ app_init ] --START--
INFO: Run Behavior\BuildLiteBehavior [ RunTime:0.000010s ]
INFO: [ app_init ] --END-- [ RunTime:0.000048s ]
INFO: [ app_begin ] --START--
INFO: Run Behavior\ReadHtmlCacheBehavior [ RunTime:0.000668s ]
INFO: [ app_begin ] --END-- [ RunTime:0.000709s ]
INFO: [ view_parse ] --START--
INFO: [ template_filter ] --START--
INFO: Run Behavior\ContentReplaceBehavior [ RunTime:0.000035s ]
INFO: [ template_filter ] --END-- [ RunTime:0.000072s ]
INFO: Run Behavior\ParseTemplateBehavior [ RunTime:0.006332s ]
INFO: [ view_parse ] --END-- [ RunTime:0.006395s ]
INFO: [ view_filter ] --START--
INFO: Run Behavior\WriteHtmlCacheBehavior [ RunTime:0.000540s ]
INFO: [ view_filter ] --END-- [ RunTime:0.000569s ]
INFO: [ app_end ] --START--
INFO: Run Behavior\ShowPageTraceBehavior [ RunTime:0.000638s ]
INFO: [ app_end ] --END-- [ RunTime:0.000663s ]

[ 2018-03-06T16:10:52+08:00 ] 127.0.0.1 /index.php/Home/Index/citysousuo.html
INFO: [ app_init ] --START--
INFO: Run Behavior\BuildLiteBehavior [ RunTime:0.000011s ]
INFO: [ app_init ] --END-- [ RunTime:0.000057s ]
INFO: [ app_begin ] --START--
INFO: Run Behavior\ReadHtmlCacheBehavior [ RunTime:0.001108s ]
INFO: [ app_begin ] --END-- [ RunTime:0.001145s ]
INFO: [ view_parse ] --START--
INFO: [ template_filter ] --START--
INFO: Run Behavior\ContentReplaceBehavior [ RunTime:0.000040s ]
INFO: [ template_filter ] --END-- [ RunTime:0.000083s ]
INFO: Run Behavior\ParseTemplateBehavior [ RunTime:0.008758s ]
INFO: [ view_parse ] --END-- [ RunTime:0.008802s ]
INFO: [ view_filter ] --START--
INFO: Run Behavior\WriteHtmlCacheBehavior [ RunTime:0.000781s ]
INFO: [ view_filter ] --END-- [ RunTime:0.000803s ]
INFO: [ app_end ] --START--
INFO: Run Behavior\ShowPageTraceBehavior [ RunTime:0.000951s ]
INFO: [ app_end ] --END-- [ RunTime:0.000973s ]

[ 2018-03-06T16:10:53+08:00 ] 127.0.0.1 /index.php/Home/Index/citysousuo.html
INFO: [ app_init ] --START--
INFO: Run Behavior\BuildLiteBehavior [ RunTime:0.000010s ]
INFO: [ app_init ] --END-- [ RunTime:0.000048s ]
INFO: [ app_begin ] --START--
INFO: Run Behavior\ReadHtmlCacheBehavior [ RunTime:0.000619s ]
INFO: [ app_begin ] --END-- [ RunTime:0.000654s ]
INFO: [ view_parse ] --START--
INFO: [ template_filter ] --START--
INFO: Run Behavior\ContentReplaceBehavior [ RunTime:0.000034s ]
INFO: [ template_filter ] --END-- [ RunTime:0.000067s ]
INFO: Run Behavior\ParseTemplateBehavior [ RunTime:0.005276s ]
INFO: [ view_parse ] --END-- [ RunTime:0.005323s ]
INFO: [ view_filter ] --START--
INFO: Run Behavior\WriteHtmlCacheBehavior [ RunTime:0.000442s ]
INFO: [ view_filter ] --END-- [ RunTime:0.000465s ]
INFO: [ app_end ] --START--
INFO: Run Behavior\ShowPageTraceBehavior [ RunTime:0.000776s ]
INFO: [ app_end ] --END-- [ RunTime:0.000816s ]

[ 2018-03-06T16:10:53+08:00 ] 127.0.0.1 /index.php/Home/Index/citysousuo.html
INFO: [ app_init ] --START--
INFO: Run Behavior\BuildLiteBehavior [ RunTime:0.000011s ]
INFO: [ app_init ] --END-- [ RunTime:0.000052s ]
INFO: [ app_begin ] --START--
INFO: Run Behavior\ReadHtmlCacheBehavior [ RunTime:0.001499s ]
INFO: [ app_begin ] --END-- [ RunTime:0.001586s ]
INFO: [ view_parse ] --START--
INFO: [ template_filter ] --START--
INFO: Run Behavior\ContentReplaceBehavior [ RunTime:0.000041s ]
INFO: [ template_filter ] --END-- [ RunTime:0.000084s ]
INFO: Run Behavior\ParseTemplateBehavior [ RunTime:0.008708s ]
INFO: [ view_parse ] --END-- [ RunTime:0.008760s ]
INFO: [ view_filter ] --START--
INFO: Run Behavior\WriteHtmlCacheBehavior [ RunTime:0.000808s ]
INFO: [ view_filter ] --END-- [ RunTime:0.000830s ]
INFO: [ app_end ] --START--
INFO: Run Behavior\ShowPageTraceBehavior [ RunTime:0.000942s ]
INFO: [ app_end ] --END-- [ RunTime:0.000965s ]

[ 2018-03-06T16:10:54+08:00 ] 127.0.0.1 /index.php/Home/Index/citysousuo.html
INFO: [ app_init ] --START--
INFO: Run Behavior\BuildLiteBehavior [ RunTime:0.000009s ]
INFO: [ app_init ] --END-- [ RunTime:0.000050s ]
INFO: [ app_begin ] --START--
INFO: Run Behavior\ReadHtmlCacheBehavior [ RunTime:0.001200s ]
INFO: [ app_begin ] --END-- [ RunTime:0.001241s ]
INFO: [ view_parse ] --START--
INFO: [ template_filter ] --START--
INFO: Run Behavior\ContentReplaceBehavior [ RunTime:0.000038s ]
INFO: [ template_filter ] --END-- [ RunTime:0.000081s ]
INFO: Run Behavior\ParseTemplateBehavior [ RunTime:0.009930s ]
INFO: [ view_parse ] --END-- [ RunTime:0.010002s ]
INFO: [ view_filter ] --START--
INFO: Run Behavior\WriteHtmlCacheBehavior [ RunTime:0.001183s ]
INFO: [ view_filter ] --END-- [ RunTime:0.001227s ]
INFO: [ app_end ] --START--
INFO: Run Behavior\ShowPageTraceBehavior [ RunTime:0.000958s ]
INFO: [ app_end ] --END-- [ RunTime:0.000980s ]

[ 2018-03-06T16:10:54+08:00 ] 127.0.0.1 /index.php/Home/Index/citysousuo.html
INFO: [ app_init ] --START--
INFO: Run Behavior\BuildLiteBehavior [ RunTime:0.000009s ]
INFO: [ app_init ] --END-- [ RunTime:0.000044s ]
INFO: [ app_begin ] --START--
INFO: Run Behavior\ReadHtmlCacheBehavior [ RunTime:0.000596s ]
INFO: [ app_begin ] --END-- [ RunTime:0.000628s ]
INFO: [ view_parse ] --START--
INFO: [ template_filter ] --START--
INFO: Run Behavior\ContentReplaceBehavior [ RunTime:0.000037s ]
INFO: [ template_filter ] --END-- [ RunTime:0.000078s ]
INFO: Run Behavior\ParseTemplateBehavior [ RunTime:0.005778s ]
INFO: [ view_parse ] --END-- [ RunTime:0.005837s ]
INFO: [ view_filter ] --START--
INFO: Run Behavior\WriteHtmlCacheBehavior [ RunTime:0.000443s ]
INFO: [ view_filter ] --END-- [ RunTime:0.000464s ]
INFO: [ app_end ] --START--
INFO: Run Behavior\ShowPageTraceBehavior [ RunTime:0.000636s ]
INFO: [ app_end ] --END-- [ RunTime:0.000661s ]

[ 2018-03-06T16:10:55+08:00 ] 127.0.0.1 /index.php/Home/Index/citysousuo.html
INFO: [ app_init ] --START--
INFO: Run Behavior\BuildLiteBehavior [ RunTime:0.000008s ]
INFO: [ app_init ] --END-- [ RunTime:0.000046s ]
INFO: [ app_begin ] --START--
INFO: Run Behavior\ReadHtmlCacheBehavior [ RunTime:0.000606s ]
INFO: [ app_begin ] --END-- [ RunTime:0.000642s ]
INFO: [ view_parse ] --START--
INFO: [ template_filter ] --START--
INFO: Run Behavior\ContentReplaceBehavior [ RunTime:0.000035s ]
INFO: [ template_filter ] --END-- [ RunTime:0.000073s ]
INFO: Run Behavior\ParseTemplateBehavior [ RunTime:0.005798s ]
INFO: [ view_parse ] --END-- [ RunTime:0.005845s ]
INFO: [ view_filter ] --START--
INFO: Run Behavior\WriteHtmlCacheBehavior [ RunTime:0.000435s ]
INFO: [ view_filter ] --END-- [ RunTime:0.000460s ]
INFO: [ app_end ] --START--
INFO: Run Behavior\ShowPageTraceBehavior [ RunTime:0.000627s ]
INFO: [ app_end ] --END-- [ RunTime:0.000655s ]

[ 2018-03-06T16:10:55+08:00 ] 127.0.0.1 /index.php/Home/Index/citysousuo.html
INFO: [ app_init ] --START--
INFO: Run Behavior\BuildLiteBehavior [ RunTime:0.000008s ]
INFO: [ app_init ] --END-- [ RunTime:0.000047s ]
INFO: [ app_begin ] --START--
INFO: Run Behavior\ReadHtmlCacheBehavior [ RunTime:0.000591s ]
INFO: [ app_begin ] --END-- [ RunTime:0.000624s ]
INFO: [ view_parse ] --START--
INFO: [ template_filter ] --START--
INFO: Run Behavior\ContentReplaceBehavior [ RunTime:0.000037s ]
INFO: [ template_filter ] --END-- [ RunTime:0.000077s ]
INFO: Run Behavior\ParseTemplateBehavior [ RunTime:0.005319s ]
INFO: [ view_parse ] --END-- [ RunTime:0.005353s ]
INFO: [ view_filter ] --START--
INFO: Run Behavior\WriteHtmlCacheBehavior [ RunTime:0.000402s ]
INFO: [ view_filter ] --END-- [ RunTime:0.000423s ]
INFO: [ app_end ] --START--
INFO: Run Behavior\ShowPageTraceBehavior [ RunTime:0.000599s ]
INFO: [ app_end ] --END-- [ RunTime:0.000622s ]

[ 2018-03-06T16:21:45+08:00 ] ::1 /
INFO: [ app_init ] --START--
INFO: Run Behavior\BuildLiteBehavior [ RunTime:0.000013s ]
INFO: [ app_init ] --END-- [ RunTime:0.000061s ]
INFO: [ app_begin ] --START--
INFO: Run Behavior\ReadHtmlCacheBehavior [ RunTime:0.001178s ]
INFO: [ app_begin ] --END-- [ RunTime:0.001210s ]
NOTIC: [8] Undefined index: openid D:\xampp\htdocs\kuaidian\Application\Home\Controller\IndexController.class.php 第 31 行.
SQL: SHOW COLUMNS FROM `weixin_user` [ RunTime:0.0092s ]
SQL: SELECT `photo` FROM `weixin_user` WHERE `openid` = null LIMIT 1   [ RunTime:0.0013s ]
SQL: SHOW COLUMNS FROM `shop` [ RunTime:0.0079s ]
SQL: SELECT shop.id,shop.mingch,shop.maney,shop.logo,shop.xingsl,shop.juan,shop_type.mingch as lbname,shop.zuigaolij,shop.depcsjlshi,shop.baidu_lng,shop.baidu_lat FROM `shop` INNER JOIN shop_type on shop.type_shop = shop_type.id  WHERE shop.zhuangt = 1 AND shop.depcsjlshi = 130100  [ RunTime:0.0016s ]
NOTIC: [8] Undefined offset: 1 D:\xampp\htdocs\kuaidian\Application\Home\Controller\IndexController.class.php 第 64 行.
SQL: SHOW COLUMNS FROM `seat` [ RunTime:0.0061s ]
SQL: SELECT COUNT(*) AS tp_count FROM `seat` WHERE `dep_shop` = 64 LIMIT 1   [ RunTime:0.0017s ]
NOTIC: [8] Undefined offset: 1 D:\xampp\htdocs\kuaidian\Application\Home\Controller\IndexController.class.php 第 64 行.
NOTIC: [2] A non-numeric value encountered D:\xampp\htdocs\kuaidian\Application\Home\Controller\IndexController.class.php 第 66 行.
SQL: SELECT COUNT(*) AS tp_count FROM `seat` WHERE `dep_shop` = 62 LIMIT 1   [ RunTime:0.0013s ]
NOTIC: [8] Undefined offset: 1 D:\xampp\htdocs\kuaidian\Application\Home\Controller\IndexController.class.php 第 64 行.
NOTIC: [2] A non-numeric value encountered D:\xampp\htdocs\kuaidian\Application\Home\Controller\IndexController.class.php 第 66 行.
SQL: SELECT COUNT(*) AS tp_count FROM `seat` WHERE `dep_shop` = 63 LIMIT 1   [ RunTime:0.0019s ]
SQL: SHOW COLUMNS FROM `event` [ RunTime:0.0057s ]
SQL: SELECT `pic` FROM `event` WHERE `status` = 1  [ RunTime:0.0014s ]
SQL: SHOW COLUMNS FROM `shop_type` [ RunTime:0.0066s ]
SQL: SELECT `mingch` FROM `shop_type` WHERE `zhuangt` = 1  [ RunTime:0.0012s ]
INFO: [ view_parse ] --START--
INFO: [ template_filter ] --START--
INFO: Run Behavior\ContentReplaceBehavior [ RunTime:0.000088s ]
INFO: [ template_filter ] --END-- [ RunTime:0.000131s ]
NOTIC: [8] Use of undefined constant id - assumed 'id' D:\xampp\htdocs\kuaidian\Application\Runtime\Cache\Home\2a94b8bda04ff446dcedd42276fc99ee.php 第 221 行.
NOTIC: [8] Use of undefined constant id - assumed 'id' D:\xampp\htdocs\kuaidian\Application\Runtime\Cache\Home\2a94b8bda04ff446dcedd42276fc99ee.php 第 221 行.
NOTIC: [8] Use of undefined constant id - assumed 'id' D:\xampp\htdocs\kuaidian\Application\Runtime\Cache\Home\2a94b8bda04ff446dcedd42276fc99ee.php 第 221 行.
INFO: Run Behavior\ParseTemplateBehavior [ RunTime:0.010910s ]
INFO: [ view_parse ] --END-- [ RunTime:0.010944s ]
INFO: [ view_filter ] --START--
INFO: Run Behavior\WriteHtmlCacheBehavior [ RunTime:0.001035s ]
INFO: [ view_filter ] --END-- [ RunTime:0.001156s ]
INFO: [ app_end ] --START--
INFO: Run Behavior\ShowPageTraceBehavior [ RunTime:0.001466s ]
INFO: [ app_end ] --END-- [ RunTime:0.001526s ]

[ 2018-03-06T16:21:52+08:00 ] ::1 /index.php/home/index/ajaxfoodjuli.html
INFO: [ app_init ] --START--
INFO: Run Behavior\BuildLiteBehavior [ RunTime:0.000012s ]
INFO: [ app_init ] --END-- [ RunTime:0.000052s ]
INFO: [ app_begin ] --START--
INFO: Run Behavior\ReadHtmlCacheBehavior [ RunTime:0.001427s ]
INFO: [ app_begin ] --END-- [ RunTime:0.001492s ]
SQL: SHOW COLUMNS FROM `shop` [ RunTime:0.0061s ]
SQL: SELECT shop.id,shop.baidu_lng,shop.baidu_lat FROM `shop` INNER JOIN shop_type on shop.type_shop = shop_type.id  WHERE shop.zhuangt = 1 AND shop.depcsjlshi = 130100  [ RunTime:0.0010s ]

[ 2018-03-06T16:29:28+08:00 ] 127.0.0.1 /index.php/Home/Index/cityxuanze.html
INFO: [ app_init ] --START--
INFO: Run Behavior\BuildLiteBehavior [ RunTime:0.000012s ]
INFO: [ app_init ] --END-- [ RunTime:0.000059s ]
INFO: [ app_begin ] --START--
INFO: Run Behavior\ReadHtmlCacheBehavior [ RunTime:0.001365s ]
INFO: [ app_begin ] --END-- [ RunTime:0.001424s ]
INFO: [ view_parse ] --START--
INFO: [ template_filter ] --START--
INFO: Run Behavior\ContentReplaceBehavior [ RunTime:0.000103s ]
INFO: [ template_filter ] --END-- [ RunTime:0.000152s ]
INFO: Run Behavior\ParseTemplateBehavior [ RunTime:0.009861s ]
INFO: [ view_parse ] --END-- [ RunTime:0.009914s ]
INFO: [ view_filter ] --START--
INFO: Run Behavior\WriteHtmlCacheBehavior [ RunTime:0.000891s ]
INFO: [ view_filter ] --END-- [ RunTime:0.000915s ]
INFO: [ app_end ] --START--
INFO: Run Behavior\ShowPageTraceBehavior [ RunTime:0.001404s ]
INFO: [ app_end ] --END-- [ RunTime:0.001469s ]

[ 2018-03-06T16:29:28+08:00 ] 127.0.0.1 /index.php/Home/Index/js/jquery-1.12.4.min.js
INFO: [ app_init ] --START--
INFO: Run Behavior\BuildLiteBehavior [ RunTime:0.000014s ]
INFO: [ app_init ] --END-- [ RunTime:0.000068s ]
INFO: [ app_begin ] --START--
INFO: Run Behavior\ReadHtmlCacheBehavior [ RunTime:0.001786s ]
INFO: [ app_begin ] --END-- [ RunTime:0.001853s ]
ERR: 非法操作:js

[ 2018-03-06T16:29:33+08:00 ] 127.0.0.1 /
INFO: [ app_init ] --START--
INFO: Run Behavior\BuildLiteBehavior [ RunTime:0.000010s ]
INFO: [ app_init ] --END-- [ RunTime:0.000050s ]
INFO: [ app_begin ] --START--
INFO: Run Behavior\ReadHtmlCacheBehavior [ RunTime:0.001231s ]
INFO: [ app_begin ] --END-- [ RunTime:0.001277s ]
NOTIC: [8] Undefined index: openid D:\xampp\htdocs\kuaidian\Application\Home\Controller\IndexController.class.php 第 31 行.
SQL: SHOW COLUMNS FROM `weixin_user` [ RunTime:0.0052s ]
SQL: SELECT `photo` FROM `weixin_user` WHERE `openid` = null LIMIT 1   [ RunTime:0.0010s ]
SQL: SHOW COLUMNS FROM `shop` [ RunTime:0.0068s ]
SQL: SELECT shop.id,shop.mingch,shop.maney,shop.logo,shop.xingsl,shop.juan,shop_type.mingch as lbname,shop.zuigaolij,shop.depcsjlshi,shop.baidu_lng,shop.baidu_lat FROM `shop` INNER JOIN shop_type on shop.type_shop = shop_type.id  WHERE shop.zhuangt = 1 AND shop.depcsjlshi = 130100  [ RunTime:0.0014s ]
NOTIC: [8] Undefined offset: 1 D:\xampp\htdocs\kuaidian\Application\Home\Controller\IndexController.class.php 第 64 行.
SQL: SHOW COLUMNS FROM `seat` [ RunTime:0.0049s ]
SQL: SELECT COUNT(*) AS tp_count FROM `seat` WHERE `dep_shop` = 64 LIMIT 1   [ RunTime:0.0010s ]
NOTIC: [8] Undefined offset: 1 D:\xampp\htdocs\kuaidian\Application\Home\Controller\IndexController.class.php 第 64 行.
NOTIC: [2] A non-numeric value encountered D:\xampp\htdocs\kuaidian\Application\Home\Controller\IndexController.class.php 第 66 行.
SQL: SELECT COUNT(*) AS tp_count FROM `seat` WHERE `dep_shop` = 62 LIMIT 1   [ RunTime:0.0005s ]
NOTIC: [8] Undefined offset: 1 D:\xampp\htdocs\kuaidian\Application\Home\Controller\IndexController.class.php 第 64 行.
NOTIC: [2] A non-numeric value encountered D:\xampp\htdocs\kuaidian\Application\Home\Controller\IndexController.class.php 第 66 行.
SQL: SELECT COUNT(*) AS tp_count FROM `seat` WHERE `dep_shop` = 63 LIMIT 1   [ RunTime:0.0008s ]
SQL: SHOW COLUMNS FROM `event` [ RunTime:0.0057s ]
SQL: SELECT `pic` FROM `event` WHERE `status` = 1  [ RunTime:0.0011s ]
SQL: SHOW COLUMNS FROM `shop_type` [ RunTime:0.0055s ]
SQL: SELECT `mingch` FROM `shop_type` WHERE `zhuangt` = 1  [ RunTime:0.0012s ]
INFO: [ view_parse ] --START--
INFO: [ template_filter ] --START--
INFO: Run Behavior\ContentReplaceBehavior [ RunTime:0.000082s ]
INFO: [ template_filter ] --END-- [ RunTime:0.000118s ]
NOTIC: [8] Use of undefined constant id - assumed 'id' D:\xampp\htdocs\kuaidian\Application\Runtime\Cache\Home\2a94b8bda04ff446dcedd42276fc99ee.php 第 221 行.
NOTIC: [8] Use of undefined constant id - assumed 'id' D:\xampp\htdocs\kuaidian\Application\Runtime\Cache\Home\2a94b8bda04ff446dcedd42276fc99ee.php 第 221 行.
NOTIC: [8] Use of undefined constant id - assumed 'id' D:\xampp\htdocs\kuaidian\Application\Runtime\Cache\Home\2a94b8bda04ff446dcedd42276fc99ee.php 第 221 行.
INFO: Run Behavior\ParseTemplateBehavior [ RunTime:0.011042s ]
INFO: [ view_parse ] --END-- [ RunTime:0.011076s ]
INFO: [ view_filter ] --START--
INFO: Run Behavior\WriteHtmlCacheBehavior [ RunTime:0.000846s ]
INFO: [ view_filter ] --END-- [ RunTime:0.000873s ]
INFO: [ app_end ] --START--
INFO: Run Behavior\ShowPageTraceBehavior [ RunTime:0.001375s ]
INFO: [ app_end ] --END-- [ RunTime:0.001436s ]

[ 2018-03-06T16:29:34+08:00 ] 127.0.0.1 /index.php/home/index/ajaxfoodjuli.html
INFO: [ app_init ] --START--
INFO: Run Behavior\BuildLiteBehavior [ RunTime:0.000010s ]
INFO: [ app_init ] --END-- [ RunTime:0.000050s ]
INFO: [ app_begin ] --START--
INFO: Run Behavior\ReadHtmlCacheBehavior [ RunTime:0.000599s ]
INFO: [ app_begin ] --END-- [ RunTime:0.000627s ]
SQL: SHOW COLUMNS FROM `shop` [ RunTime:0.0089s ]
SQL: SELECT shop.id,shop.baidu_lng,shop.baidu_lat FROM `shop` INNER JOIN shop_type on shop.type_shop = shop_type.id  WHERE shop.zhuangt = 1 AND shop.depcsjlshi = 130100  [ RunTime:0.0023s ]

