[ 2018-02-11T15:42:57+08:00 ] ::1 /-/index.php/Home/person
INFO: [ app_init ] --START--
INFO: Run Behavior\BuildLiteBehavior [ RunTime:0.000036s ]
INFO: [ app_init ] --END-- [ RunTime:0.000235s ]
INFO: [ app_begin ] --START--
INFO: Run Behavior\ReadHtmlCacheBehavior [ RunTime:0.001379s ]
INFO: [ app_begin ] --END-- [ RunTime:0.001661s ]
SQL: SHOW COLUMNS FROM `user` [ RunTime:0.0054s ]
NOTIC: [8] Undefined index: userid E:\wamp64\www\-\Application\Common\Helper\user_helper.php 第 47 行.
SQL: SELECT * FROM `user` WHERE `id` = 0 LIMIT 1   [ RunTime:0.0013s ]
INFO: [ view_parse ] --START--
INFO: [ template_filter ] --START--
INFO: Run Behavior\ContentReplaceBehavior [ RunTime:0.000132s ]
INFO: [ template_filter ] --END-- [ RunTime:0.000304s ]
NOTIC: [8] Undefined index: photo E:\wamp64\www\-\Application\Runtime\Cache\Home\3b386042fd6954cd110e550089ac9f17.php 第 21 行.
NOTIC: [8] Undefined index: photo E:\wamp64\www\-\Application\Runtime\Cache\Home\3b386042fd6954cd110e550089ac9f17.php 第 23 行.
NOTIC: [8] Undefined index: money E:\wamp64\www\-\Application\Runtime\Cache\Home\3b386042fd6954cd110e550089ac9f17.php 第 58 行.
NOTIC: [8] Undefined index: toal_income E:\wamp64\www\-\Application\Runtime\Cache\Home\3b386042fd6954cd110e550089ac9f17.php 第 70 行.
INFO: Run Behavior\ParseTemplateBehavior [ RunTime:0.019302s ]
INFO: [ view_parse ] --END-- [ RunTime:0.019487s ]
INFO: [ view_filter ] --START--
INFO: Run Behavior\WriteHtmlCacheBehavior [ RunTime:0.000836s ]
INFO: [ view_filter ] --END-- [ RunTime:0.001020s ]
INFO: [ app_end ] --START--
INFO: Run Behavior\ShowPageTraceBehavior [ RunTime:0.000861s ]
INFO: [ app_end ] --END-- [ RunTime:0.001037s ]

[ 2018-02-11T15:43:01+08:00 ] ::1 /-/index.php/Home/Login/index.html
INFO: [ app_init ] --START--
INFO: Run Behavior\BuildLiteBehavior [ RunTime:0.000066s ]
INFO: [ app_init ] --END-- [ RunTime:0.000270s ]
INFO: [ app_begin ] --START--
INFO: Run Behavior\ReadHtmlCacheBehavior [ RunTime:0.001044s ]
INFO: [ app_begin ] --END-- [ RunTime:0.001249s ]
INFO: [ view_parse ] --START--
INFO: [ template_filter ] --START--
INFO: Run Behavior\ContentReplaceBehavior [ RunTime:0.000113s ]
INFO: [ template_filter ] --END-- [ RunTime:0.000286s ]
NOTIC: [8] Undefined variable: is_cart E:\wamp64\www\-\Application\Runtime\Cache\Home\50c9f5d2ef37c2cf131d5cf1381d3a4b.php 第 30 行.
NOTIC: [8] Undefined variable: shopid E:\wamp64\www\-\Application\Runtime\Cache\Home\50c9f5d2ef37c2cf131d5cf1381d3a4b.php 第 31 行.
INFO: Run Behavior\ParseTemplateBehavior [ RunTime:0.011079s ]
INFO: [ view_parse ] --END-- [ RunTime:0.011275s ]
INFO: [ view_filter ] --START--
INFO: Run Behavior\WriteHtmlCacheBehavior [ RunTime:0.000741s ]
INFO: [ view_filter ] --END-- [ RunTime:0.000914s ]
INFO: [ app_end ] --START--
INFO: Run Behavior\ShowPageTraceBehavior [ RunTime:0.001115s ]
INFO: [ app_end ] --END-- [ RunTime:0.001292s ]

[ 2018-02-11T15:43:07+08:00 ] ::1 /-/index.php/Home/Login/save_login.html
INFO: [ app_init ] --START--
INFO: Run Behavior\BuildLiteBehavior [ RunTime:0.000046s ]
INFO: [ app_init ] --END-- [ RunTime:0.000241s ]
INFO: [ app_begin ] --START--
INFO: Run Behavior\ReadHtmlCacheBehavior [ RunTime:0.000982s ]
INFO: [ app_begin ] --END-- [ RunTime:0.001137s ]
SQL: SHOW COLUMNS FROM `user` [ RunTime:0.0105s ]
SQL: SELECT * FROM `user` WHERE `tel` = '13331385580' LIMIT 1   [ RunTime:0.0015s ]

[ 2018-02-11T15:43:07+08:00 ] ::1 /-/index.php/Home/Index/index.html
INFO: [ app_init ] --START--
INFO: Run Behavior\BuildLiteBehavior [ RunTime:0.000034s ]
INFO: [ app_init ] --END-- [ RunTime:0.000220s ]
INFO: [ app_begin ] --START--
INFO: Run Behavior\ReadHtmlCacheBehavior [ RunTime:0.000812s ]
INFO: [ app_begin ] --END-- [ RunTime:0.000978s ]
SQL: SHOW COLUMNS FROM `user` [ RunTime:0.0095s ]
SQL: SELECT `photo` FROM `user` WHERE `id` = 1 AND `del_status` = 0 LIMIT 1   [ RunTime:0.0011s ]
SQL: SHOW COLUMNS FROM `shop` [ RunTime:0.0102s ]
SQL: SELECT shop.id,shop.mingch,shop.maney,shop.logo,shop.xingsl,shop.juan,shop_type.mingch as lbname,shop.zuigaolij FROM `shop` INNER JOIN shop_type on shop.type_shop = shop_type.id  WHERE shop.zhuangt = 1  [ RunTime:0.0016s ]
NOTIC: [8] Undefined offset: 1 E:\wamp64\www\-\Application\Home\Controller\IndexController.class.php 第 42 行.
SQL: SHOW COLUMNS FROM `shop_type` [ RunTime:0.0084s ]
SQL: SELECT `mingch` FROM `shop_type` WHERE `zhuangt` = 1  [ RunTime:0.0008s ]
INFO: [ view_parse ] --START--
INFO: [ template_filter ] --START--
INFO: Run Behavior\ContentReplaceBehavior [ RunTime:0.000202s ]
INFO: [ template_filter ] --END-- [ RunTime:0.000403s ]
NOTIC: [8] Use of undefined constant id - assumed 'id' E:\wamp64\www\-\Application\Runtime\Cache\Home\2a94b8bda04ff446dcedd42276fc99ee.php 第 155 行.
SQL: SHOW COLUMNS FROM `seat` [ RunTime:0.0087s ]
SQL: SELECT COUNT(*) AS tp_count FROM `seat` WHERE `dep_shop` = 41 AND `zhuangt` = 1 LIMIT 1   [ RunTime:0.0014s ]
INFO: Run Behavior\ParseTemplateBehavior [ RunTime:0.031449s ]
INFO: [ view_parse ] --END-- [ RunTime:0.031652s ]
INFO: [ view_filter ] --START--
INFO: Run Behavior\WriteHtmlCacheBehavior [ RunTime:0.001187s ]
INFO: [ view_filter ] --END-- [ RunTime:0.001414s ]
INFO: [ app_end ] --START--
INFO: Run Behavior\ShowPageTraceBehavior [ RunTime:0.001282s ]
INFO: [ app_end ] --END-- [ RunTime:0.001500s ]

[ 2018-02-11T15:43:08+08:00 ] ::1 /-/index.php/Home/Index/banner.html
INFO: [ app_init ] --START--
INFO: Run Behavior\BuildLiteBehavior [ RunTime:0.000063s ]
INFO: [ app_init ] --END-- [ RunTime:0.000384s ]
INFO: [ app_begin ] --START--
INFO: Run Behavior\ReadHtmlCacheBehavior [ RunTime:0.001556s ]
INFO: [ app_begin ] --END-- [ RunTime:0.001859s ]
SQL: SHOW COLUMNS FROM `event` [ RunTime:0.0093s ]
SQL: SELECT `pic` FROM `event` WHERE `status` = 1  [ RunTime:0.0011s ]
INFO: [ view_parse ] --START--
INFO: [ template_filter ] --START--
INFO: Run Behavior\ContentReplaceBehavior [ RunTime:0.000283s ]
INFO: [ template_filter ] --END-- [ RunTime:0.000534s ]
INFO: Run Behavior\ParseTemplateBehavior [ RunTime:0.016629s ]
INFO: [ view_parse ] --END-- [ RunTime:0.016884s ]
INFO: [ view_filter ] --START--
INFO: Run Behavior\WriteHtmlCacheBehavior [ RunTime:0.001237s ]
INFO: [ view_filter ] --END-- [ RunTime:0.001456s ]
INFO: [ app_end ] --START--
INFO: Run Behavior\ShowPageTraceBehavior [ RunTime:0.001564s ]
INFO: [ app_end ] --END-- [ RunTime:0.001930s ]

[ 2018-02-11T15:43:10+08:00 ] ::1 /-/index.php/Home/Index/detail/shopid/41.html
INFO: [ app_init ] --START--
INFO: Run Behavior\BuildLiteBehavior [ RunTime:0.000035s ]
INFO: [ app_init ] --END-- [ RunTime:0.000242s ]
INFO: [ app_begin ] --START--
INFO: Run Behavior\ReadHtmlCacheBehavior [ RunTime:0.001213s ]
INFO: [ app_begin ] --END-- [ RunTime:0.001428s ]
SQL: SHOW COLUMNS FROM `shop` [ RunTime:0.0108s ]
SQL: SELECT * FROM `shop` WHERE `id` = 41  [ RunTime:0.0023s ]
SQL: SHOW COLUMNS FROM `seat` [ RunTime:0.0090s ]
SQL: SELECT COUNT(*) AS tp_count FROM `seat` WHERE `dep_shop` = 41 AND `zhuangt` = 1 LIMIT 1   [ RunTime:0.0012s ]
NOTIC: [8] Undefined offset: 1 E:\wamp64\www\-\Application\Home\Controller\IndexController.class.php 第 112 行.
SQL: SHOW COLUMNS FROM `food_type` [ RunTime:0.0056s ]
SQL: SELECT * FROM `food_type` WHERE `dep_type` = 41 ORDER BY paix desc  [ RunTime:0.0011s ]
SQL: SHOW COLUMNS FROM `food` [ RunTime:0.0058s ]
SQL: SELECT food.id,food.zhuangt,food.mingch as cpmingch,food.food_type,food_type.mingch,food.kwid as kouwei,food.logo,food.jiage as yuanjia,food.jiage_youhui as shoujia,cpdanwei.mingch as danweimc,food.dwid FROM `food` left join food_type ON food_type.id = food.food_type left join cpdanwei ON cpdanwei.id = food.dwid  WHERE food.dep_shop = 1 ORDER BY food.id asc  [ RunTime:0.0018s ]
NOTIC: [8] Undefined index: food_num E:\wamp64\www\-\Application\Home\Controller\IndexController.class.php 第 178 行.
NOTIC: [2] Invalid argument supplied for foreach() E:\wamp64\www\-\Application\Home\Controller\IndexController.class.php 第 182 行.
NOTIC: [2] Invalid argument supplied for foreach() E:\wamp64\www\-\Application\Home\Controller\IndexController.class.php 第 182 行.
NOTIC: [2] Invalid argument supplied for foreach() E:\wamp64\www\-\Application\Home\Controller\IndexController.class.php 第 182 行.
NOTIC: [2] Invalid argument supplied for foreach() E:\wamp64\www\-\Application\Home\Controller\IndexController.class.php 第 182 行.
NOTIC: [2] Invalid argument supplied for foreach() E:\wamp64\www\-\Application\Home\Controller\IndexController.class.php 第 182 行.
NOTIC: [2] Invalid argument supplied for foreach() E:\wamp64\www\-\Application\Home\Controller\IndexController.class.php 第 182 行.
NOTIC: [8] Undefined index: foodnum E:\wamp64\www\-\Application\Home\Controller\IndexController.class.php 第 212 行.
NOTIC: [8] Undefined index: foodnum E:\wamp64\www\-\Application\Home\Controller\IndexController.class.php 第 212 行.
NOTIC: [8] Undefined index: foodnum E:\wamp64\www\-\Application\Home\Controller\IndexController.class.php 第 212 行.
NOTIC: [8] Undefined index: foodnum E:\wamp64\www\-\Application\Home\Controller\IndexController.class.php 第 212 行.
NOTIC: [8] Undefined index: foodnum E:\wamp64\www\-\Application\Home\Controller\IndexController.class.php 第 212 行.
NOTIC: [8] Undefined index: foodnum E:\wamp64\www\-\Application\Home\Controller\IndexController.class.php 第 212 行.
INFO: [ view_parse ] --START--
INFO: [ template_filter ] --START--
INFO: Run Behavior\ContentReplaceBehavior [ RunTime:0.000336s ]
INFO: [ template_filter ] --END-- [ RunTime:0.000510s ]
NOTIC: [8] Undefined index: foodxq E:\wamp64\www\-\Application\Runtime\Cache\Home\1223f42a89e823bf89547594651162de.php 第 85 行.
NOTIC: [8] Use of undefined constant line_type - assumed 'line_type' E:\wamp64\www\-\Application\Runtime\Cache\Home\1223f42a89e823bf89547594651162de.php 第 463 行.
NOTIC: [8] Use of undefined constant zuoweishu - assumed 'zuoweishu' E:\wamp64\www\-\Application\Runtime\Cache\Home\1223f42a89e823bf89547594651162de.php 第 495 行.
INFO: Run Behavior\ParseTemplateBehavior [ RunTime:0.033758s ]
INFO: [ view_parse ] --END-- [ RunTime:0.033947s ]
INFO: [ view_filter ] --START--
INFO: Run Behavior\WriteHtmlCacheBehavior [ RunTime:0.000808s ]
INFO: [ view_filter ] --END-- [ RunTime:0.001002s ]
INFO: [ app_end ] --START--
INFO: Run Behavior\ShowPageTraceBehavior [ RunTime:0.000909s ]
INFO: [ app_end ] --END-- [ RunTime:0.001074s ]

