[ 2018-03-15T11:06:12+08:00 ] ::1 /-/index.php/Home/
INFO: [ app_init ] --START--
INFO: Run Behavior\BuildLiteBehavior [ RunTime:0.000050s ]
INFO: [ app_init ] --END-- [ RunTime:0.000340s ]
INFO: [ app_begin ] --START--
INFO: Run Behavior\ReadHtmlCacheBehavior [ RunTime:0.000957s ]
INFO: [ app_begin ] --END-- [ RunTime:0.001173s ]
NOTIC: [8] Undefined index: openid E:\wamp64\www\-\Application\Home\Controller\IndexController.class.php 第 31 行.
SQL: SHOW COLUMNS FROM `weixin_user` [ RunTime:0.0109s ]
SQL: SELECT `photo` FROM `weixin_user` WHERE `openid` = null LIMIT 1   [ RunTime:0.0018s ]
SQL: SHOW COLUMNS FROM `event` [ RunTime:0.0119s ]
SQL: SELECT `pic` FROM `event` WHERE `status` = 1  [ RunTime:0.0017s ]
SQL: SHOW COLUMNS FROM `shop_type` [ RunTime:0.0112s ]
SQL: SELECT `mingch` FROM `shop_type` WHERE `zhuangt` = 1  [ RunTime:0.0022s ]
INFO: [ view_parse ] --START--
INFO: [ template_filter ] --START--
INFO: Run Behavior\ContentReplaceBehavior [ RunTime:0.000246s ]
INFO: [ template_filter ] --END-- [ RunTime:0.000426s ]
NOTIC: [8] Undefined variable: res E:\wamp64\www\-\Application\Runtime\Cache\Home\2a94b8bda04ff446dcedd42276fc99ee.php 第 223 行.
INFO: Run Behavior\ParseTemplateBehavior [ RunTime:0.023034s ]
INFO: [ view_parse ] --END-- [ RunTime:0.023220s ]
INFO: [ view_filter ] --START--
INFO: Run Behavior\WriteHtmlCacheBehavior [ RunTime:0.000875s ]
INFO: [ view_filter ] --END-- [ RunTime:0.001051s ]
INFO: [ app_end ] --START--
INFO: Run Behavior\ShowPageTraceBehavior [ RunTime:0.000930s ]
INFO: [ app_end ] --END-- [ RunTime:0.001102s ]

[ 2018-03-15T11:06:26+08:00 ] ::1 /-/index.php/Home/Order/order_info.html
INFO: [ app_init ] --START--
INFO: Run Behavior\BuildLiteBehavior [ RunTime:0.000047s ]
INFO: [ app_init ] --END-- [ RunTime:0.000312s ]
INFO: [ app_begin ] --START--
INFO: Run Behavior\ReadHtmlCacheBehavior [ RunTime:0.000706s ]
INFO: [ app_begin ] --END-- [ RunTime:0.000901s ]
NOTIC: [8] Undefined index: userid E:\wamp64\www\-\Application\Common\Helper\user_helper.php 第 47 行.
NOTIC: [8] Undefined index: userid E:\wamp64\www\-\Application\Common\Helper\user_helper.php 第 47 行.

[ 2018-03-15T11:06:27+08:00 ] ::1 /-/index.php/Home/Login/index.html
INFO: [ app_init ] --START--
INFO: Run Behavior\BuildLiteBehavior [ RunTime:0.000036s ]
INFO: [ app_init ] --END-- [ RunTime:0.000271s ]
INFO: [ app_begin ] --START--
INFO: Run Behavior\ReadHtmlCacheBehavior [ RunTime:0.000826s ]
INFO: [ app_begin ] --END-- [ RunTime:0.001010s ]
INFO: [ view_parse ] --START--
INFO: [ template_filter ] --START--
INFO: Run Behavior\ContentReplaceBehavior [ RunTime:0.000123s ]
INFO: [ template_filter ] --END-- [ RunTime:0.000361s ]
NOTIC: [8] Undefined variable: is_cart E:\wamp64\www\-\Application\Runtime\Cache\Home\50c9f5d2ef37c2cf131d5cf1381d3a4b.php 第 30 行.
NOTIC: [8] Undefined variable: shopid E:\wamp64\www\-\Application\Runtime\Cache\Home\50c9f5d2ef37c2cf131d5cf1381d3a4b.php 第 31 行.
NOTIC: [8] Undefined variable: seat E:\wamp64\www\-\Application\Runtime\Cache\Home\50c9f5d2ef37c2cf131d5cf1381d3a4b.php 第 32 行.
INFO: Run Behavior\ParseTemplateBehavior [ RunTime:0.022401s ]
INFO: [ view_parse ] --END-- [ RunTime:0.022610s ]
INFO: [ view_filter ] --START--
INFO: Run Behavior\WriteHtmlCacheBehavior [ RunTime:0.000713s ]
INFO: [ view_filter ] --END-- [ RunTime:0.000874s ]
INFO: [ app_end ] --START--
INFO: Run Behavior\ShowPageTraceBehavior [ RunTime:0.000994s ]
INFO: [ app_end ] --END-- [ RunTime:0.001168s ]

