[ 2018-03-16T10:14:27+08:00 ] ::1 /kuaidian/
INFO: [ app_init ] --START--
INFO: Run Behavior\BuildLiteBehavior [ RunTime:0.000013s ]
INFO: [ app_init ] --END-- [ RunTime:0.000105s ]
INFO: [ app_begin ] --START--
INFO: Run Behavior\ReadHtmlCacheBehavior [ RunTime:0.010443s ]
INFO: [ app_begin ] --END-- [ RunTime:0.010502s ]
NOTIC: [8] Undefined index: openid D:\xampp\htdocs\kuaidian\Application\Home\Controller\IndexController.class.php 第 33 行.
SQL: SHOW COLUMNS FROM `weixin_user` [ RunTime:0.0240s ]
SQL: SELECT `photo` FROM `weixin_user` WHERE `openid` = null LIMIT 1   [ RunTime:0.0018s ]
SQL: SHOW COLUMNS FROM `event` [ RunTime:0.0259s ]
SQL: SELECT `pic` FROM `event` WHERE `status` = 1  [ RunTime:0.0018s ]
SQL: SHOW COLUMNS FROM `shop_type` [ RunTime:0.0171s ]
SQL: SELECT `mingch` FROM `shop_type` WHERE `zhuangt` = 1  [ RunTime:0.0017s ]
INFO: [ view_parse ] --START--
INFO: [ template_filter ] --START--
INFO: Run Behavior\ContentReplaceBehavior [ RunTime:0.000253s ]
INFO: [ template_filter ] --END-- [ RunTime:0.000288s ]
NOTIC: [8] Undefined variable: res D:\xampp\htdocs\kuaidian\Application\Runtime\Cache\Home\2a94b8bda04ff446dcedd42276fc99ee.php 第 223 行.
INFO: Run Behavior\ParseTemplateBehavior [ RunTime:0.046147s ]
INFO: [ view_parse ] --END-- [ RunTime:0.046184s ]
INFO: [ view_filter ] --START--
INFO: Run Behavior\WriteHtmlCacheBehavior [ RunTime:0.001340s ]
INFO: [ view_filter ] --END-- [ RunTime:0.001390s ]
INFO: [ app_end ] --START--
INFO: Run Behavior\ShowPageTraceBehavior [ RunTime:0.003452s ]
INFO: [ app_end ] --END-- [ RunTime:0.003502s ]

[ 2018-03-16T10:14:46+08:00 ] ::1 /kuaidian/
INFO: [ app_init ] --START--
INFO: Run Behavior\BuildLiteBehavior [ RunTime:0.000011s ]
INFO: [ app_init ] --END-- [ RunTime:0.000061s ]
INFO: [ app_begin ] --START--
INFO: Run Behavior\ReadHtmlCacheBehavior [ RunTime:0.001118s ]
INFO: [ app_begin ] --END-- [ RunTime:0.001166s ]
NOTIC: [8] Undefined index: openid D:\xampp\htdocs\kuaidian\Application\Home\Controller\IndexController.class.php 第 33 行.
SQL: SHOW COLUMNS FROM `weixin_user` [ RunTime:0.0058s ]
SQL: SELECT `photo` FROM `weixin_user` WHERE `openid` = null LIMIT 1   [ RunTime:0.0015s ]
SQL: SHOW COLUMNS FROM `event` [ RunTime:0.0053s ]
SQL: SELECT `pic` FROM `event` WHERE `status` = 1  [ RunTime:0.0014s ]
SQL: SHOW COLUMNS FROM `shop_type` [ RunTime:0.0053s ]
SQL: SELECT `mingch` FROM `shop_type` WHERE `zhuangt` = 1  [ RunTime:0.0016s ]
INFO: [ view_parse ] --START--
INFO: [ template_filter ] --START--
INFO: Run Behavior\ContentReplaceBehavior [ RunTime:0.000100s ]
INFO: [ template_filter ] --END-- [ RunTime:0.000136s ]
NOTIC: [8] Undefined variable: res D:\xampp\htdocs\kuaidian\Application\Runtime\Cache\Home\2a94b8bda04ff446dcedd42276fc99ee.php 第 223 行.
INFO: Run Behavior\ParseTemplateBehavior [ RunTime:0.012466s ]
INFO: [ view_parse ] --END-- [ RunTime:0.012500s ]
INFO: [ view_filter ] --START--
INFO: Run Behavior\WriteHtmlCacheBehavior [ RunTime:0.000679s ]
INFO: [ view_filter ] --END-- [ RunTime:0.000701s ]
INFO: [ app_end ] --START--
INFO: Run Behavior\ShowPageTraceBehavior [ RunTime:0.000895s ]
INFO: [ app_end ] --END-- [ RunTime:0.000922s ]

