[ 2018-03-02T09:47:58+08:00 ] ::1 /-/index.php/Home/index
INFO: [ app_init ] --START--
INFO: Run Behavior\BuildLiteBehavior [ RunTime:0.000039s ]
INFO: [ app_init ] --END-- [ RunTime:0.000944s ]
INFO: [ app_begin ] --START--
INFO: Run Behavior\ReadHtmlCacheBehavior [ RunTime:0.001249s ]
INFO: [ app_begin ] --END-- [ RunTime:0.001480s ]
NOTIC: [8] Undefined index: userid E:\wamp64\www\-\Application\Common\Helper\user_helper.php 第 47 行.
SQL: SHOW COLUMNS FROM `user` [ RunTime:0.0128s ]
SQL: SELECT `photo` FROM `user` WHERE `id` = 3 AND `del_status` = 0 LIMIT 1   [ RunTime:0.0030s ]
SQL: SHOW COLUMNS FROM `shop` [ RunTime:0.0094s ]
SQL: SELECT shop.id,shop.mingch,shop.maney,shop.logo,shop.xingsl,shop.juan,shop_type.mingch as lbname,shop.zuigaolij,shop.depcsjlshi FROM `shop` INNER JOIN shop_type on shop.type_shop = shop_type.id  WHERE shop.zhuangt = 1 AND shop.depcsjlshi = 130100  [ RunTime:0.0026s ]
NOTIC: [8] Undefined offset: 1 E:\wamp64\www\-\Application\Home\Controller\IndexController.class.php 第 44 行.
SQL: SHOW COLUMNS FROM `seat` [ RunTime:0.0079s ]
SQL: SELECT COUNT(*) AS tp_count FROM `seat` WHERE `dep_shop` = 64 LIMIT 1   [ RunTime:0.0024s ]
NOTIC: [8] Undefined offset: 1 E:\wamp64\www\-\Application\Home\Controller\IndexController.class.php 第 44 行.
SQL: SELECT COUNT(*) AS tp_count FROM `seat` WHERE `dep_shop` = 62 LIMIT 1   [ RunTime:0.0023s ]
NOTIC: [8] Undefined offset: 1 E:\wamp64\www\-\Application\Home\Controller\IndexController.class.php 第 44 行.
SQL: SELECT COUNT(*) AS tp_count FROM `seat` WHERE `dep_shop` = 63 LIMIT 1   [ RunTime:0.0021s ]
SQL: SHOW COLUMNS FROM `event` [ RunTime:0.0074s ]
SQL: SELECT `pic` FROM `event` WHERE `status` = 1  [ RunTime:0.0019s ]
SQL: SHOW COLUMNS FROM `shop_type` [ RunTime:0.0076s ]
SQL: SELECT `mingch` FROM `shop_type` WHERE `zhuangt` = 1  [ RunTime:0.0021s ]
INFO: [ view_parse ] --START--
INFO: [ template_filter ] --START--
INFO: Run Behavior\ContentReplaceBehavior [ RunTime:0.028803s ]
INFO: [ template_filter ] --END-- [ RunTime:0.029090s ]
NOTIC: [8] Use of undefined constant id - assumed 'id' E:\wamp64\www\-\Application\Runtime\Cache\Home\2a94b8bda04ff446dcedd42276fc99ee.php 第 258 行.
NOTIC: [8] Use of undefined constant id - assumed 'id' E:\wamp64\www\-\Application\Runtime\Cache\Home\2a94b8bda04ff446dcedd42276fc99ee.php 第 258 行.
NOTIC: [8] Use of undefined constant id - assumed 'id' E:\wamp64\www\-\Application\Runtime\Cache\Home\2a94b8bda04ff446dcedd42276fc99ee.php 第 258 行.
INFO: Run Behavior\ParseTemplateBehavior [ RunTime:0.076035s ]
INFO: [ view_parse ] --END-- [ RunTime:0.076423s ]
INFO: [ view_filter ] --START--
INFO: Run Behavior\WriteHtmlCacheBehavior [ RunTime:0.001237s ]
INFO: [ view_filter ] --END-- [ RunTime:0.001498s ]
INFO: [ app_end ] --START--
INFO: Run Behavior\ShowPageTraceBehavior [ RunTime:0.001593s ]
INFO: [ app_end ] --END-- [ RunTime:0.001884s ]

[ 2018-03-02T09:48:03+08:00 ] ::1 /-/index.php/Home/Order/order_info.html
INFO: [ app_init ] --START--
INFO: Run Behavior\BuildLiteBehavior [ RunTime:0.000036s ]
INFO: [ app_init ] --END-- [ RunTime:0.000221s ]
INFO: [ app_begin ] --START--
INFO: Run Behavior\ReadHtmlCacheBehavior [ RunTime:0.000697s ]
INFO: [ app_begin ] --END-- [ RunTime:0.000871s ]
NOTIC: [8] Undefined index: userid E:\wamp64\www\-\Application\Common\Helper\user_helper.php 第 47 行.
SQL: SHOW COLUMNS FROM `order` [ RunTime:0.0136s ]
SQL: SELECT * FROM `order` WHERE `user_id` = 0  [ RunTime:0.0029s ]
SQL: SELECT * FROM `order` WHERE `user_id` = 0 AND `order_status` = 1  [ RunTime:0.0032s ]
SQL: SELECT * FROM `order` WHERE `user_id` = 0 AND `is_use` = 0 AND `order_status` = 5  [ RunTime:0.0032s ]
SQL: SELECT * FROM `order` WHERE `user_id` = 0 AND `order_status` IN ('10','11','12')  [ RunTime:0.0026s ]
SQL: SELECT * FROM `order` WHERE `user_id` = 0 AND `order_status` = 20  [ RunTime:0.0027s ]
INFO: [ view_parse ] --START--
INFO: [ template_filter ] --START--
INFO: Run Behavior\ContentReplaceBehavior [ RunTime:0.000482s ]
INFO: [ template_filter ] --END-- [ RunTime:0.000692s ]
NOTIC: [8] Undefined variable: order_p E:\wamp64\www\-\Application\Runtime\Cache\Home\0553ef78d236f1274673a5e05e0c610a.php 第 304 行.
INFO: Run Behavior\ParseTemplateBehavior [ RunTime:0.039236s ]
INFO: [ view_parse ] --END-- [ RunTime:0.039450s ]
INFO: [ view_filter ] --START--
INFO: Run Behavior\WriteHtmlCacheBehavior [ RunTime:0.000679s ]
INFO: [ view_filter ] --END-- [ RunTime:0.000871s ]
INFO: [ app_end ] --START--
INFO: Run Behavior\ShowPageTraceBehavior [ RunTime:0.000943s ]
INFO: [ app_end ] --END-- [ RunTime:0.001105s ]

[ 2018-03-02T09:48:09+08:00 ] ::1 /-/index.php/Home/Person/index.html
INFO: [ app_init ] --START--
INFO: Run Behavior\BuildLiteBehavior [ RunTime:0.000040s ]
INFO: [ app_init ] --END-- [ RunTime:0.000251s ]
INFO: [ app_begin ] --START--
INFO: Run Behavior\ReadHtmlCacheBehavior [ RunTime:0.001039s ]
INFO: [ app_begin ] --END-- [ RunTime:0.001230s ]
SQL: SHOW COLUMNS FROM `user` [ RunTime:0.0084s ]
NOTIC: [8] Undefined index: userid E:\wamp64\www\-\Application\Common\Helper\user_helper.php 第 47 行.
SQL: SELECT * FROM `user` WHERE `id` = 0 LIMIT 1   [ RunTime:0.0019s ]
INFO: [ view_parse ] --START--
INFO: [ template_filter ] --START--
INFO: Run Behavior\ContentReplaceBehavior [ RunTime:0.000142s ]
INFO: [ template_filter ] --END-- [ RunTime:0.000319s ]
NOTIC: [8] Undefined index: photo E:\wamp64\www\-\Application\Runtime\Cache\Home\3b386042fd6954cd110e550089ac9f17.php 第 21 行.
NOTIC: [8] Undefined index: photo E:\wamp64\www\-\Application\Runtime\Cache\Home\3b386042fd6954cd110e550089ac9f17.php 第 23 行.
NOTIC: [8] Undefined index: money E:\wamp64\www\-\Application\Runtime\Cache\Home\3b386042fd6954cd110e550089ac9f17.php 第 58 行.
NOTIC: [8] Undefined index: toal_income E:\wamp64\www\-\Application\Runtime\Cache\Home\3b386042fd6954cd110e550089ac9f17.php 第 70 行.
INFO: Run Behavior\ParseTemplateBehavior [ RunTime:0.028148s ]
INFO: [ view_parse ] --END-- [ RunTime:0.028377s ]
INFO: [ view_filter ] --START--
INFO: Run Behavior\WriteHtmlCacheBehavior [ RunTime:0.001497s ]
INFO: [ view_filter ] --END-- [ RunTime:0.001769s ]
INFO: [ app_end ] --START--
INFO: Run Behavior\ShowPageTraceBehavior [ RunTime:0.001094s ]
INFO: [ app_end ] --END-- [ RunTime:0.001258s ]

[ 2018-03-02T14:25:56+08:00 ] ::1 /-/index.php/Home/index
INFO: [ app_init ] --START--
INFO: Run Behavior\BuildLiteBehavior [ RunTime:0.000059s ]
INFO: [ app_init ] --END-- [ RunTime:0.000304s ]
INFO: [ app_begin ] --START--
INFO: Run Behavior\ReadHtmlCacheBehavior [ RunTime:0.001399s ]
INFO: [ app_begin ] --END-- [ RunTime:0.001611s ]

[ 2018-03-02T14:25:56+08:00 ] ::1 /-/index.php/Home/%7B:U('Home/Weichat')%7D.html
INFO: [ app_init ] --START--
INFO: Run Behavior\BuildLiteBehavior [ RunTime:0.000074s ]
INFO: [ app_init ] --END-- [ RunTime:0.000318s ]
INFO: [ app_begin ] --START--
INFO: Run Behavior\ReadHtmlCacheBehavior [ RunTime:0.001063s ]
INFO: [ app_begin ] --END-- [ RunTime:0.001263s ]
ERR: 无法加载控制器:{:U('Home

[ 2018-03-02T14:26:14+08:00 ] ::1 /-/index.php/Home/index
INFO: [ app_init ] --START--
INFO: Run Behavior\BuildLiteBehavior [ RunTime:0.000048s ]
INFO: [ app_init ] --END-- [ RunTime:0.000409s ]
INFO: [ app_begin ] --START--
INFO: Run Behavior\ReadHtmlCacheBehavior [ RunTime:0.001048s ]
INFO: [ app_begin ] --END-- [ RunTime:0.001264s ]

[ 2018-03-02T14:26:14+08:00 ] ::1 /-/index.php/Home/%7B:U('Home/Weichat')%7D
INFO: [ app_init ] --START--
INFO: Run Behavior\BuildLiteBehavior [ RunTime:0.000033s ]
INFO: [ app_init ] --END-- [ RunTime:0.000216s ]
INFO: [ app_begin ] --START--
INFO: Run Behavior\ReadHtmlCacheBehavior [ RunTime:0.000830s ]
INFO: [ app_begin ] --END-- [ RunTime:0.000999s ]
ERR: 无法加载控制器:{:U('Home

[ 2018-03-02T14:28:02+08:00 ] ::1 /-/index.php/Home/index
INFO: [ app_init ] --START--
INFO: Run Behavior\BuildLiteBehavior [ RunTime:0.000042s ]
INFO: [ app_init ] --END-- [ RunTime:0.000303s ]
INFO: [ app_begin ] --START--
INFO: Run Behavior\ReadHtmlCacheBehavior [ RunTime:0.001423s ]
INFO: [ app_begin ] --END-- [ RunTime:0.001626s ]

[ 2018-03-02T14:28:02+08:00 ] ::1 /-/index.php/Home/%7BHome/Weichat/index%7D
INFO: [ app_init ] --START--
INFO: Run Behavior\BuildLiteBehavior [ RunTime:0.000034s ]
INFO: [ app_init ] --END-- [ RunTime:0.000217s ]
INFO: [ app_begin ] --START--
INFO: Run Behavior\ReadHtmlCacheBehavior [ RunTime:0.000780s ]
INFO: [ app_begin ] --END-- [ RunTime:0.000979s ]
ERR: 无法加载控制器:{Home

[ 2018-03-02T14:28:11+08:00 ] ::1 /-/index.php/Home/%7BHome/Weichat/index%7D
INFO: [ app_init ] --START--
INFO: Run Behavior\BuildLiteBehavior [ RunTime:0.000035s ]
INFO: [ app_init ] --END-- [ RunTime:0.000243s ]
INFO: [ app_begin ] --START--
INFO: Run Behavior\ReadHtmlCacheBehavior [ RunTime:0.001027s ]
INFO: [ app_begin ] --END-- [ RunTime:0.001325s ]
ERR: 无法加载控制器:{Home

[ 2018-03-02T14:28:21+08:00 ] ::1 /-/index.php/Home/index
INFO: [ app_init ] --START--
INFO: Run Behavior\BuildLiteBehavior [ RunTime:0.000046s ]
INFO: [ app_init ] --END-- [ RunTime:0.000271s ]
INFO: [ app_begin ] --START--
INFO: Run Behavior\ReadHtmlCacheBehavior [ RunTime:0.001100s ]
INFO: [ app_begin ] --END-- [ RunTime:0.001353s ]

[ 2018-03-02T14:28:21+08:00 ] ::1 /-/index.php/Home/%7BHome/Weichat/index%7D
INFO: [ app_init ] --START--
INFO: Run Behavior\BuildLiteBehavior [ RunTime:0.000051s ]
INFO: [ app_init ] --END-- [ RunTime:0.000244s ]
INFO: [ app_begin ] --START--
INFO: Run Behavior\ReadHtmlCacheBehavior [ RunTime:0.001145s ]
INFO: [ app_begin ] --END-- [ RunTime:0.001376s ]
ERR: 无法加载控制器:{Home

[ 2018-03-02T14:28:42+08:00 ] ::1 /-/index.php/Home/index
INFO: [ app_init ] --START--
INFO: Run Behavior\BuildLiteBehavior [ RunTime:0.000041s ]
INFO: [ app_init ] --END-- [ RunTime:0.000255s ]
INFO: [ app_begin ] --START--
INFO: Run Behavior\ReadHtmlCacheBehavior [ RunTime:0.000866s ]
INFO: [ app_begin ] --END-- [ RunTime:0.001065s ]

[ 2018-03-02T14:28:42+08:00 ] ::1 /-/index.php/Home/Home/Weichat/index
INFO: [ app_init ] --START--
INFO: Run Behavior\BuildLiteBehavior [ RunTime:0.000055s ]
INFO: [ app_init ] --END-- [ RunTime:0.000297s ]
INFO: [ app_begin ] --START--
INFO: Run Behavior\ReadHtmlCacheBehavior [ RunTime:0.000937s ]
INFO: [ app_begin ] --END-- [ RunTime:0.001155s ]
ERR: 无法加载控制器:Home

[ 2018-03-02T14:28:53+08:00 ] ::1 /-/index.php/Home/Home/Weichat/index
INFO: [ app_init ] --START--
INFO: Run Behavior\BuildLiteBehavior [ RunTime:0.000044s ]
INFO: [ app_init ] --END-- [ RunTime:0.000266s ]
INFO: [ app_begin ] --START--
INFO: Run Behavior\ReadHtmlCacheBehavior [ RunTime:0.001032s ]
INFO: [ app_begin ] --END-- [ RunTime:0.001267s ]
ERR: 无法加载控制器:Home

[ 2018-03-02T14:29:02+08:00 ] ::1 /-/index.php/Home/index
INFO: [ app_init ] --START--
INFO: Run Behavior\BuildLiteBehavior [ RunTime:0.000033s ]
INFO: [ app_init ] --END-- [ RunTime:0.000315s ]
INFO: [ app_begin ] --START--
INFO: Run Behavior\ReadHtmlCacheBehavior [ RunTime:0.000961s ]
INFO: [ app_begin ] --END-- [ RunTime:0.001130s ]

[ 2018-03-02T14:29:02+08:00 ] ::1 /-/index.php/Home/Weichat/index
INFO: [ app_init ] --START--
INFO: Run Behavior\BuildLiteBehavior [ RunTime:0.000039s ]
INFO: [ app_init ] --END-- [ RunTime:0.000249s ]
INFO: [ app_begin ] --START--
INFO: Run Behavior\ReadHtmlCacheBehavior [ RunTime:0.000939s ]
INFO: [ app_begin ] --END-- [ RunTime:0.001359s ]
NOTIC: [8] Undefined index: userid E:\wamp64\www\-\Application\Common\Helper\user_helper.php 第 47 行.

[ 2018-03-02T14:31:12+08:00 ] ::1 /-/index.php/Home/index
INFO: [ app_init ] --START--
INFO: Run Behavior\BuildLiteBehavior [ RunTime:0.000041s ]
INFO: [ app_init ] --END-- [ RunTime:0.000250s ]
INFO: [ app_begin ] --START--
INFO: Run Behavior\ReadHtmlCacheBehavior [ RunTime:0.000932s ]
INFO: [ app_begin ] --END-- [ RunTime:0.001135s ]

[ 2018-03-02T14:31:12+08:00 ] ::1 /-/index.php/Home/Weichat/index
INFO: [ app_init ] --START--
INFO: Run Behavior\BuildLiteBehavior [ RunTime:0.000041s ]
INFO: [ app_init ] --END-- [ RunTime:0.000238s ]
INFO: [ app_begin ] --START--
INFO: Run Behavior\ReadHtmlCacheBehavior [ RunTime:0.001179s ]
INFO: [ app_begin ] --END-- [ RunTime:0.001490s ]
NOTIC: [8] Undefined index: userid E:\wamp64\www\-\Application\Common\Helper\user_helper.php 第 47 行.

[ 2018-03-02T15:59:38+08:00 ] ::1 /-/index.php/Home/Login/index.html
INFO: [ app_init ] --START--
INFO: Run Behavior\BuildLiteBehavior [ RunTime:0.000042s ]
INFO: [ app_init ] --END-- [ RunTime:0.000286s ]
INFO: [ app_begin ] --START--
INFO: Run Behavior\ReadHtmlCacheBehavior [ RunTime:0.000871s ]
INFO: [ app_begin ] --END-- [ RunTime:0.001067s ]
INFO: [ view_parse ] --START--
INFO: [ template_filter ] --START--
INFO: Run Behavior\ContentReplaceBehavior [ RunTime:0.000131s ]
INFO: [ template_filter ] --END-- [ RunTime:0.000329s ]
NOTIC: [8] Undefined variable: is_cart E:\wamp64\www\-\Application\Runtime\Cache\Home\50c9f5d2ef37c2cf131d5cf1381d3a4b.php 第 30 行.
NOTIC: [8] Undefined variable: shopid E:\wamp64\www\-\Application\Runtime\Cache\Home\50c9f5d2ef37c2cf131d5cf1381d3a4b.php 第 31 行.
NOTIC: [8] Undefined variable: seat E:\wamp64\www\-\Application\Runtime\Cache\Home\50c9f5d2ef37c2cf131d5cf1381d3a4b.php 第 32 行.
INFO: Run Behavior\ParseTemplateBehavior [ RunTime:0.016615s ]
INFO: [ view_parse ] --END-- [ RunTime:0.016863s ]
INFO: [ view_filter ] --START--
INFO: Run Behavior\WriteHtmlCacheBehavior [ RunTime:0.001029s ]
INFO: [ view_filter ] --END-- [ RunTime:0.001223s ]
INFO: [ app_end ] --START--
INFO: Run Behavior\ShowPageTraceBehavior [ RunTime:0.000943s ]
INFO: [ app_end ] --END-- [ RunTime:0.001105s ]

[ 2018-03-02T15:59:46+08:00 ] ::1 /-/index.php/Home/Login/save_login.html
INFO: [ app_init ] --START--
INFO: Run Behavior\BuildLiteBehavior [ RunTime:0.000037s ]
INFO: [ app_init ] --END-- [ RunTime:0.000223s ]
INFO: [ app_begin ] --START--
INFO: Run Behavior\ReadHtmlCacheBehavior [ RunTime:0.001168s ]
INFO: [ app_begin ] --END-- [ RunTime:0.001609s ]
SQL: SHOW COLUMNS FROM `user` [ RunTime:0.0135s ]
SQL: SELECT * FROM `user` WHERE `tel` = '13331385580' LIMIT 1   [ RunTime:0.0026s ]

[ 2018-03-02T15:59:46+08:00 ] ::1 /-/index.php/Home/Index/index.html
INFO: [ app_init ] --START--
INFO: Run Behavior\BuildLiteBehavior [ RunTime:0.000036s ]
INFO: [ app_init ] --END-- [ RunTime:0.000218s ]
INFO: [ app_begin ] --START--
INFO: Run Behavior\ReadHtmlCacheBehavior [ RunTime:0.001026s ]
INFO: [ app_begin ] --END-- [ RunTime:0.001251s ]
SQL: SHOW COLUMNS FROM `user` [ RunTime:0.0128s ]
SQL: SELECT `photo` FROM `user` WHERE `id` = 3 AND `del_status` = 0 LIMIT 1   [ RunTime:0.0035s ]
SQL: SHOW COLUMNS FROM `shop` [ RunTime:0.0118s ]
SQL: SELECT shop.id,shop.mingch,shop.maney,shop.logo,shop.xingsl,shop.juan,shop_type.mingch as lbname,shop.zuigaolij,shop.depcsjlshi FROM `shop` INNER JOIN shop_type on shop.type_shop = shop_type.id  WHERE shop.zhuangt = 1 AND shop.depcsjlshi = 130100  [ RunTime:0.0032s ]
NOTIC: [8] Undefined offset: 1 E:\wamp64\www\-\Application\Home\Controller\IndexController.class.php 第 56 行.
SQL: SHOW COLUMNS FROM `seat` [ RunTime:0.0079s ]
SQL: SELECT COUNT(*) AS tp_count FROM `seat` WHERE `dep_shop` = 64 LIMIT 1   [ RunTime:0.0026s ]
NOTIC: [8] Undefined offset: 1 E:\wamp64\www\-\Application\Home\Controller\IndexController.class.php 第 56 行.
SQL: SELECT COUNT(*) AS tp_count FROM `seat` WHERE `dep_shop` = 62 LIMIT 1   [ RunTime:0.0026s ]
NOTIC: [8] Undefined offset: 1 E:\wamp64\www\-\Application\Home\Controller\IndexController.class.php 第 56 行.
SQL: SELECT COUNT(*) AS tp_count FROM `seat` WHERE `dep_shop` = 63 LIMIT 1   [ RunTime:0.0024s ]
SQL: SHOW COLUMNS FROM `event` [ RunTime:0.0097s ]
SQL: SELECT `pic` FROM `event` WHERE `status` = 1  [ RunTime:0.0029s ]
SQL: SHOW COLUMNS FROM `shop_type` [ RunTime:0.0085s ]
SQL: SELECT `mingch` FROM `shop_type` WHERE `zhuangt` = 1  [ RunTime:0.0030s ]
INFO: [ view_parse ] --START--
INFO: [ template_filter ] --START--
INFO: Run Behavior\ContentReplaceBehavior [ RunTime:0.000259s ]
INFO: [ template_filter ] --END-- [ RunTime:0.000506s ]
NOTIC: [8] Use of undefined constant id - assumed 'id' E:\wamp64\www\-\Application\Runtime\Cache\Home\2a94b8bda04ff446dcedd42276fc99ee.php 第 258 行.
NOTIC: [8] Use of undefined constant id - assumed 'id' E:\wamp64\www\-\Application\Runtime\Cache\Home\2a94b8bda04ff446dcedd42276fc99ee.php 第 258 行.
NOTIC: [8] Use of undefined constant id - assumed 'id' E:\wamp64\www\-\Application\Runtime\Cache\Home\2a94b8bda04ff446dcedd42276fc99ee.php 第 258 行.
INFO: Run Behavior\ParseTemplateBehavior [ RunTime:0.021371s ]
INFO: [ view_parse ] --END-- [ RunTime:0.021598s ]
INFO: [ view_filter ] --START--
INFO: Run Behavior\WriteHtmlCacheBehavior [ RunTime:0.000994s ]
INFO: [ view_filter ] --END-- [ RunTime:0.001167s ]
INFO: [ app_end ] --START--
INFO: Run Behavior\ShowPageTraceBehavior [ RunTime:0.001713s ]
INFO: [ app_end ] --END-- [ RunTime:0.001917s ]

[ 2018-03-02T15:59:51+08:00 ] ::1 /-/index.php/Home/Person/index.html
INFO: [ app_init ] --START--
INFO: Run Behavior\BuildLiteBehavior [ RunTime:0.000038s ]
INFO: [ app_init ] --END-- [ RunTime:0.000250s ]
INFO: [ app_begin ] --START--
INFO: Run Behavior\ReadHtmlCacheBehavior [ RunTime:0.000884s ]
INFO: [ app_begin ] --END-- [ RunTime:0.001076s ]
SQL: SHOW COLUMNS FROM `user` [ RunTime:0.0065s ]
SQL: SELECT * FROM `user` WHERE `id` = 16 LIMIT 1   [ RunTime:0.0016s ]
INFO: [ view_parse ] --START--
INFO: [ template_filter ] --START--
INFO: Run Behavior\ContentReplaceBehavior [ RunTime:0.000148s ]
INFO: [ template_filter ] --END-- [ RunTime:0.000329s ]
NOTIC: [8] Undefined index: toal_income E:\wamp64\www\-\Application\Runtime\Cache\Home\3b386042fd6954cd110e550089ac9f17.php 第 70 行.
INFO: Run Behavior\ParseTemplateBehavior [ RunTime:0.017414s ]
INFO: [ view_parse ] --END-- [ RunTime:0.017604s ]
INFO: [ view_filter ] --START--
INFO: Run Behavior\WriteHtmlCacheBehavior [ RunTime:0.000741s ]
INFO: [ view_filter ] --END-- [ RunTime:0.000908s ]
INFO: [ app_end ] --START--
INFO: Run Behavior\ShowPageTraceBehavior [ RunTime:0.001043s ]
INFO: [ app_end ] --END-- [ RunTime:0.001205s ]

[ 2018-03-02T15:59:55+08:00 ] ::1 /-/index.php/Home/Order/order_info.html
INFO: [ app_init ] --START--
INFO: Run Behavior\BuildLiteBehavior [ RunTime:0.000035s ]
INFO: [ app_init ] --END-- [ RunTime:0.000220s ]
INFO: [ app_begin ] --START--
INFO: Run Behavior\ReadHtmlCacheBehavior [ RunTime:0.000684s ]
INFO: [ app_begin ] --END-- [ RunTime:0.000870s ]
SQL: SHOW COLUMNS FROM `order` [ RunTime:0.0085s ]
SQL: SELECT * FROM `order` WHERE `user_id` = 16  [ RunTime:0.0033s ]
SQL: SHOW COLUMNS FROM `shop` [ RunTime:0.0079s ]
SQL: SELECT `mingch` FROM `shop` WHERE `id` = 44 LIMIT 1   [ RunTime:0.0026s ]
SQL: SELECT `logo` FROM `shop` WHERE `id` = 44 LIMIT 1   [ RunTime:0.0024s ]
SQL: SELECT `mingch` FROM `shop` WHERE `id` = 45 LIMIT 1   [ RunTime:0.0023s ]
SQL: SELECT `logo` FROM `shop` WHERE `id` = 45 LIMIT 1   [ RunTime:0.0029s ]
SQL: SELECT `mingch` FROM `shop` WHERE `id` = 45 LIMIT 1   [ RunTime:0.0026s ]
SQL: SELECT `logo` FROM `shop` WHERE `id` = 45 LIMIT 1   [ RunTime:0.0026s ]
SQL: SELECT `mingch` FROM `shop` WHERE `id` = 48 LIMIT 1   [ RunTime:0.0019s ]
SQL: SELECT `logo` FROM `shop` WHERE `id` = 48 LIMIT 1   [ RunTime:0.0020s ]
SQL: SELECT `mingch` FROM `shop` WHERE `id` = 48 LIMIT 1   [ RunTime:0.0023s ]
SQL: SELECT `logo` FROM `shop` WHERE `id` = 48 LIMIT 1   [ RunTime:0.0018s ]
SQL: SELECT `mingch` FROM `shop` WHERE `id` = 48 LIMIT 1   [ RunTime:0.0022s ]
SQL: SELECT `logo` FROM `shop` WHERE `id` = 48 LIMIT 1   [ RunTime:0.0019s ]
SQL: SELECT `mingch` FROM `shop` WHERE `id` = 48 LIMIT 1   [ RunTime:0.0026s ]
SQL: SELECT `logo` FROM `shop` WHERE `id` = 48 LIMIT 1   [ RunTime:0.0027s ]
SQL: SELECT `mingch` FROM `shop` WHERE `id` = 48 LIMIT 1   [ RunTime:0.0024s ]
SQL: SELECT `logo` FROM `shop` WHERE `id` = 48 LIMIT 1   [ RunTime:0.0015s ]
SQL: SELECT `mingch` FROM `shop` WHERE `id` = 48 LIMIT 1   [ RunTime:0.0026s ]
SQL: SELECT `logo` FROM `shop` WHERE `id` = 48 LIMIT 1   [ RunTime:0.0027s ]
SQL: SELECT * FROM `order` WHERE `user_id` = 16 AND `order_status` = 1  [ RunTime:0.0035s ]
SQL: SELECT `mingch` FROM `shop` WHERE `id` = 48 LIMIT 1   [ RunTime:0.0017s ]
SQL: SELECT `logo` FROM `shop` WHERE `id` = 48 LIMIT 1   [ RunTime:0.0023s ]
SQL: SELECT * FROM `order` WHERE `user_id` = 16 AND `is_use` = 0 AND `order_status` = 5  [ RunTime:0.0028s ]
SQL: SELECT `mingch` FROM `shop` WHERE `id` = 48 LIMIT 1   [ RunTime:0.0023s ]
SQL: SELECT `logo` FROM `shop` WHERE `id` = 48 LIMIT 1   [ RunTime:0.0023s ]
SQL: SELECT * FROM `order` WHERE `user_id` = 16 AND `order_status` IN ('10','11','12')  [ RunTime:0.0029s ]
SQL: SELECT `mingch` FROM `shop` WHERE `id` = 48 LIMIT 1   [ RunTime:0.0020s ]
SQL: SELECT `logo` FROM `shop` WHERE `id` = 48 LIMIT 1   [ RunTime:0.0027s ]
SQL: SELECT `mingch` FROM `shop` WHERE `id` = 48 LIMIT 1   [ RunTime:0.0026s ]
SQL: SELECT `logo` FROM `shop` WHERE `id` = 48 LIMIT 1   [ RunTime:0.0020s ]
SQL: SELECT `mingch` FROM `shop` WHERE `id` = 48 LIMIT 1   [ RunTime:0.0027s ]
SQL: SELECT `logo` FROM `shop` WHERE `id` = 48 LIMIT 1   [ RunTime:0.0018s ]
SQL: SELECT `mingch` FROM `shop` WHERE `id` = 48 LIMIT 1   [ RunTime:0.0016s ]
SQL: SELECT `logo` FROM `shop` WHERE `id` = 48 LIMIT 1   [ RunTime:0.0021s ]
SQL: SELECT * FROM `order` WHERE `user_id` = 16 AND `order_status` = 20  [ RunTime:0.0027s ]
SQL: SELECT `mingch` FROM `shop` WHERE `id` = 48 LIMIT 1   [ RunTime:0.0027s ]
SQL: SELECT `logo` FROM `shop` WHERE `id` = 48 LIMIT 1   [ RunTime:0.0021s ]
SQL: SELECT `mingch` FROM `shop` WHERE `id` = 48 LIMIT 1   [ RunTime:0.0021s ]
SQL: SELECT `logo` FROM `shop` WHERE `id` = 48 LIMIT 1   [ RunTime:0.0027s ]
INFO: [ view_parse ] --START--
INFO: [ template_filter ] --START--
INFO: Run Behavior\ContentReplaceBehavior [ RunTime:0.000313s ]
INFO: [ template_filter ] --END-- [ RunTime:0.000633s ]
NOTIC: [8] Undefined variable: order_p E:\wamp64\www\-\Application\Runtime\Cache\Home\0553ef78d236f1274673a5e05e0c610a.php 第 304 行.
INFO: Run Behavior\ParseTemplateBehavior [ RunTime:0.044019s ]
INFO: [ view_parse ] --END-- [ RunTime:0.044225s ]
INFO: [ view_filter ] --START--
INFO: Run Behavior\WriteHtmlCacheBehavior [ RunTime:0.000909s ]
INFO: [ view_filter ] --END-- [ RunTime:0.001096s ]
INFO: [ app_end ] --START--
INFO: Run Behavior\ShowPageTraceBehavior [ RunTime:0.001778s ]
INFO: [ app_end ] --END-- [ RunTime:0.001991s ]

[ 2018-03-02T15:59:57+08:00 ] ::1 /-/index.php/Home/Index/index.html
INFO: [ app_init ] --START--
INFO: Run Behavior\BuildLiteBehavior [ RunTime:0.000038s ]
INFO: [ app_init ] --END-- [ RunTime:0.000227s ]
INFO: [ app_begin ] --START--
INFO: Run Behavior\ReadHtmlCacheBehavior [ RunTime:0.000913s ]
INFO: [ app_begin ] --END-- [ RunTime:0.001096s ]
SQL: SHOW COLUMNS FROM `user` [ RunTime:0.0070s ]
SQL: SELECT `photo` FROM `user` WHERE `id` = 3 AND `del_status` = 0 LIMIT 1   [ RunTime:0.0020s ]
SQL: SHOW COLUMNS FROM `shop` [ RunTime:0.0076s ]
SQL: SELECT shop.id,shop.mingch,shop.maney,shop.logo,shop.xingsl,shop.juan,shop_type.mingch as lbname,shop.zuigaolij,shop.depcsjlshi FROM `shop` INNER JOIN shop_type on shop.type_shop = shop_type.id  WHERE shop.zhuangt = 1 AND shop.depcsjlshi = 130100  [ RunTime:0.0031s ]
NOTIC: [8] Undefined offset: 1 E:\wamp64\www\-\Application\Home\Controller\IndexController.class.php 第 56 行.
SQL: SHOW COLUMNS FROM `seat` [ RunTime:0.0072s ]
SQL: SELECT COUNT(*) AS tp_count FROM `seat` WHERE `dep_shop` = 64 LIMIT 1   [ RunTime:0.0029s ]
NOTIC: [8] Undefined offset: 1 E:\wamp64\www\-\Application\Home\Controller\IndexController.class.php 第 56 行.
SQL: SELECT COUNT(*) AS tp_count FROM `seat` WHERE `dep_shop` = 62 LIMIT 1   [ RunTime:0.0027s ]
NOTIC: [8] Undefined offset: 1 E:\wamp64\www\-\Application\Home\Controller\IndexController.class.php 第 56 行.
SQL: SELECT COUNT(*) AS tp_count FROM `seat` WHERE `dep_shop` = 63 LIMIT 1   [ RunTime:0.0024s ]
SQL: SHOW COLUMNS FROM `event` [ RunTime:0.0065s ]
SQL: SELECT `pic` FROM `event` WHERE `status` = 1  [ RunTime:0.0023s ]
SQL: SHOW COLUMNS FROM `shop_type` [ RunTime:0.0060s ]
SQL: SELECT `mingch` FROM `shop_type` WHERE `zhuangt` = 1  [ RunTime:0.0028s ]
INFO: [ view_parse ] --START--
INFO: [ template_filter ] --START--
INFO: Run Behavior\ContentReplaceBehavior [ RunTime:0.000227s ]
INFO: [ template_filter ] --END-- [ RunTime:0.000410s ]
NOTIC: [8] Use of undefined constant id - assumed 'id' E:\wamp64\www\-\Application\Runtime\Cache\Home\2a94b8bda04ff446dcedd42276fc99ee.php 第 258 行.
NOTIC: [8] Use of undefined constant id - assumed 'id' E:\wamp64\www\-\Application\Runtime\Cache\Home\2a94b8bda04ff446dcedd42276fc99ee.php 第 258 行.
NOTIC: [8] Use of undefined constant id - assumed 'id' E:\wamp64\www\-\Application\Runtime\Cache\Home\2a94b8bda04ff446dcedd42276fc99ee.php 第 258 行.
INFO: Run Behavior\ParseTemplateBehavior [ RunTime:0.021486s ]
INFO: [ view_parse ] --END-- [ RunTime:0.021672s ]
INFO: [ view_filter ] --START--
INFO: Run Behavior\WriteHtmlCacheBehavior [ RunTime:0.000763s ]
INFO: [ view_filter ] --END-- [ RunTime:0.000929s ]
INFO: [ app_end ] --START--
INFO: Run Behavior\ShowPageTraceBehavior [ RunTime:0.001008s ]
INFO: [ app_end ] --END-- [ RunTime:0.001202s ]

[ 2018-03-02T15:59:59+08:00 ] ::1 /-/index.php/Home/Person/index.html
INFO: [ app_init ] --START--
INFO: Run Behavior\BuildLiteBehavior [ RunTime:0.000037s ]
INFO: [ app_init ] --END-- [ RunTime:0.000224s ]
INFO: [ app_begin ] --START--
INFO: Run Behavior\ReadHtmlCacheBehavior [ RunTime:0.000837s ]
INFO: [ app_begin ] --END-- [ RunTime:0.001044s ]
SQL: SHOW COLUMNS FROM `user` [ RunTime:0.0077s ]
SQL: SELECT * FROM `user` WHERE `id` = 16 LIMIT 1   [ RunTime:0.0028s ]
INFO: [ view_parse ] --START--
INFO: [ template_filter ] --START--
INFO: Run Behavior\ContentReplaceBehavior [ RunTime:0.000151s ]
INFO: [ template_filter ] --END-- [ RunTime:0.000350s ]
NOTIC: [8] Undefined index: toal_income E:\wamp64\www\-\Application\Runtime\Cache\Home\3b386042fd6954cd110e550089ac9f17.php 第 70 行.
INFO: Run Behavior\ParseTemplateBehavior [ RunTime:0.017868s ]
INFO: [ view_parse ] --END-- [ RunTime:0.018067s ]
INFO: [ view_filter ] --START--
INFO: Run Behavior\WriteHtmlCacheBehavior [ RunTime:0.000734s ]
INFO: [ view_filter ] --END-- [ RunTime:0.000897s ]
INFO: [ app_end ] --START--
INFO: Run Behavior\ShowPageTraceBehavior [ RunTime:0.000916s ]
INFO: [ app_end ] --END-- [ RunTime:0.001069s ]

