[ 2018-02-03T09:46:54+08:00 ] ::1 /kuaidian/
INFO: [ app_init ] --START--
INFO: Run Behavior\BuildLiteBehavior [ RunTime:0.000015s ]
INFO: [ app_init ] --END-- [ RunTime:0.000149s ]
INFO: [ app_begin ] --START--
INFO: Run Behavior\ReadHtmlCacheBehavior [ RunTime:0.000852s ]
INFO: [ app_begin ] --END-- [ RunTime:0.000902s ]
NOTIC: [8] Undefined index: userid D:\xampp\htdocs\kuaidian\Application\Common\Helper\user_helper.php 第 47 行.
SQL: SHOW COLUMNS FROM `user` [ RunTime:0.0038s ]
SQL: SELECT `photo` FROM `user` WHERE `id` = 1 AND `del_status` = 0 LIMIT 1   [ RunTime:0.0003s ]
SQL: SHOW COLUMNS FROM `shop` [ RunTime:0.0042s ]
SQL: SELECT shop.id,shop.mingch,shop.maney,shop.logo,shop.xingsl,shop.juan,shop_type.mingch as lbname,shop.zuigaolij FROM `shop` INNER JOIN shop_type on shop.type_shop = shop_type.id  WHERE shop.zhuangt = 1  [ RunTime:0.0006s ]
NOTIC: [8] Undefined offset: 1 D:\xampp\htdocs\kuaidian\Application\Home\Controller\IndexController.class.php 第 42 行.
NOTIC: [8] Undefined offset: 1 D:\xampp\htdocs\kuaidian\Application\Home\Controller\IndexController.class.php 第 42 行.
NOTIC: [8] Undefined offset: 1 D:\xampp\htdocs\kuaidian\Application\Home\Controller\IndexController.class.php 第 42 行.
SQL: SHOW COLUMNS FROM `shop_type` [ RunTime:0.0033s ]
SQL: SELECT `mingch` FROM `shop_type` WHERE `zhuangt` = 1  [ RunTime:0.0004s ]
INFO: [ view_parse ] --START--
INFO: [ template_filter ] --START--
INFO: Run Behavior\ContentReplaceBehavior [ RunTime:0.000424s ]
INFO: [ template_filter ] --END-- [ RunTime:0.000463s ]
NOTIC: [8] Use of undefined constant id - assumed 'id' D:\xampp\htdocs\kuaidian\Application\Runtime\Cache\Home\2a94b8bda04ff446dcedd42276fc99ee.php 第 155 行.
SQL: SHOW COLUMNS FROM `seat` [ RunTime:0.0036s ]
SQL: SELECT COUNT(*) AS tp_count FROM `seat` WHERE `dep_shop` = 1 AND `zhuangt` = 1 LIMIT 1   [ RunTime:0.0003s ]
NOTIC: [8] Use of undefined constant id - assumed 'id' D:\xampp\htdocs\kuaidian\Application\Runtime\Cache\Home\2a94b8bda04ff446dcedd42276fc99ee.php 第 155 行.
SQL: SELECT COUNT(*) AS tp_count FROM `seat` WHERE `dep_shop` = 3 AND `zhuangt` = 1 LIMIT 1   [ RunTime:0.0001s ]
NOTIC: [8] Use of undefined constant id - assumed 'id' D:\xampp\htdocs\kuaidian\Application\Runtime\Cache\Home\2a94b8bda04ff446dcedd42276fc99ee.php 第 155 行.
SQL: SELECT COUNT(*) AS tp_count FROM `seat` WHERE `dep_shop` = 24 AND `zhuangt` = 1 LIMIT 1   [ RunTime:0.0002s ]
NOTIC: [8] Use of undefined constant id - assumed 'id' D:\xampp\htdocs\kuaidian\Application\Runtime\Cache\Home\2a94b8bda04ff446dcedd42276fc99ee.php 第 155 行.
SQL: SELECT COUNT(*) AS tp_count FROM `seat` WHERE `dep_shop` = 25 AND `zhuangt` = 1 LIMIT 1   [ RunTime:0.0002s ]
NOTIC: [8] Use of undefined constant id - assumed 'id' D:\xampp\htdocs\kuaidian\Application\Runtime\Cache\Home\2a94b8bda04ff446dcedd42276fc99ee.php 第 155 行.
SQL: SELECT COUNT(*) AS tp_count FROM `seat` WHERE `dep_shop` = 27 AND `zhuangt` = 1 LIMIT 1   [ RunTime:0.0002s ]
INFO: Run Behavior\ParseTemplateBehavior [ RunTime:0.052974s ]
INFO: [ view_parse ] --END-- [ RunTime:0.053002s ]
INFO: [ view_filter ] --START--
INFO: Run Behavior\WriteHtmlCacheBehavior [ RunTime:0.011025s ]
INFO: [ view_filter ] --END-- [ RunTime:0.011073s ]
INFO: [ app_end ] --START--
INFO: Run Behavior\ShowPageTraceBehavior [ RunTime:0.001313s ]
INFO: [ app_end ] --END-- [ RunTime:0.001359s ]

[ 2018-02-03T09:46:54+08:00 ] ::1 /kuaidian/index.php/Home/Index/banner.html
INFO: [ app_init ] --START--
INFO: Run Behavior\BuildLiteBehavior [ RunTime:0.000014s ]
INFO: [ app_init ] --END-- [ RunTime:0.000065s ]
INFO: [ app_begin ] --START--
INFO: Run Behavior\ReadHtmlCacheBehavior [ RunTime:0.002680s ]
INFO: [ app_begin ] --END-- [ RunTime:0.002752s ]
SQL: SHOW COLUMNS FROM `event` [ RunTime:0.0049s ]
SQL: SELECT `pic` FROM `event` WHERE `status` = 1  [ RunTime:0.0004s ]
INFO: [ view_parse ] --START--
INFO: [ template_filter ] --START--
INFO: Run Behavior\ContentReplaceBehavior [ RunTime:0.000040s ]
INFO: [ template_filter ] --END-- [ RunTime:0.000084s ]
INFO: Run Behavior\ParseTemplateBehavior [ RunTime:0.027174s ]
INFO: [ view_parse ] --END-- [ RunTime:0.027231s ]
INFO: [ view_filter ] --START--
INFO: Run Behavior\WriteHtmlCacheBehavior [ RunTime:0.000561s ]
INFO: [ view_filter ] --END-- [ RunTime:0.000594s ]
INFO: [ app_end ] --START--
INFO: Run Behavior\ShowPageTraceBehavior [ RunTime:0.000838s ]
INFO: [ app_end ] --END-- [ RunTime:0.000881s ]

[ 2018-02-03T11:42:00+08:00 ] ::1 /kuaidian/
INFO: [ app_init ] --START--
INFO: Run Behavior\BuildLiteBehavior [ RunTime:0.000011s ]
INFO: [ app_init ] --END-- [ RunTime:0.000054s ]
INFO: [ app_begin ] --START--
INFO: Run Behavior\ReadHtmlCacheBehavior [ RunTime:0.000586s ]
INFO: [ app_begin ] --END-- [ RunTime:0.000614s ]
NOTIC: [8] Undefined index: userid D:\xampp\htdocs\kuaidian\Application\Common\Helper\user_helper.php 第 47 行.
SQL: SHOW COLUMNS FROM `user` [ RunTime:0.0038s ]
SQL: SELECT `photo` FROM `user` WHERE `id` = 1 AND `del_status` = 0 LIMIT 1   [ RunTime:0.0003s ]
SQL: SHOW COLUMNS FROM `shop` [ RunTime:0.0045s ]
SQL: SELECT shop.id,shop.mingch,shop.maney,shop.logo,shop.xingsl,shop.juan,shop_type.mingch as lbname,shop.zuigaolij FROM `shop` INNER JOIN shop_type on shop.type_shop = shop_type.id  WHERE shop.zhuangt = 1  [ RunTime:0.0006s ]
NOTIC: [8] Undefined offset: 1 D:\xampp\htdocs\kuaidian\Application\Home\Controller\IndexController.class.php 第 42 行.
NOTIC: [8] Undefined offset: 1 D:\xampp\htdocs\kuaidian\Application\Home\Controller\IndexController.class.php 第 42 行.
NOTIC: [8] Undefined offset: 1 D:\xampp\htdocs\kuaidian\Application\Home\Controller\IndexController.class.php 第 42 行.
SQL: SHOW COLUMNS FROM `shop_type` [ RunTime:0.0043s ]
SQL: SELECT `mingch` FROM `shop_type` WHERE `zhuangt` = 1  [ RunTime:0.0003s ]
INFO: [ view_parse ] --START--
INFO: [ template_filter ] --START--
INFO: Run Behavior\ContentReplaceBehavior [ RunTime:0.000066s ]
INFO: [ template_filter ] --END-- [ RunTime:0.000100s ]
NOTIC: [8] Use of undefined constant id - assumed 'id' D:\xampp\htdocs\kuaidian\Application\Runtime\Cache\Home\2a94b8bda04ff446dcedd42276fc99ee.php 第 155 行.
SQL: SHOW COLUMNS FROM `seat` [ RunTime:0.0039s ]
SQL: SELECT COUNT(*) AS tp_count FROM `seat` WHERE `dep_shop` = 1 AND `zhuangt` = 1 LIMIT 1   [ RunTime:0.0004s ]
NOTIC: [8] Use of undefined constant id - assumed 'id' D:\xampp\htdocs\kuaidian\Application\Runtime\Cache\Home\2a94b8bda04ff446dcedd42276fc99ee.php 第 155 行.
SQL: SELECT COUNT(*) AS tp_count FROM `seat` WHERE `dep_shop` = 3 AND `zhuangt` = 1 LIMIT 1   [ RunTime:0.0002s ]
NOTIC: [8] Use of undefined constant id - assumed 'id' D:\xampp\htdocs\kuaidian\Application\Runtime\Cache\Home\2a94b8bda04ff446dcedd42276fc99ee.php 第 155 行.
SQL: SELECT COUNT(*) AS tp_count FROM `seat` WHERE `dep_shop` = 24 AND `zhuangt` = 1 LIMIT 1   [ RunTime:0.0001s ]
NOTIC: [8] Use of undefined constant id - assumed 'id' D:\xampp\htdocs\kuaidian\Application\Runtime\Cache\Home\2a94b8bda04ff446dcedd42276fc99ee.php 第 155 行.
SQL: SELECT COUNT(*) AS tp_count FROM `seat` WHERE `dep_shop` = 25 AND `zhuangt` = 1 LIMIT 1   [ RunTime:0.0001s ]
NOTIC: [8] Use of undefined constant id - assumed 'id' D:\xampp\htdocs\kuaidian\Application\Runtime\Cache\Home\2a94b8bda04ff446dcedd42276fc99ee.php 第 155 行.
SQL: SELECT COUNT(*) AS tp_count FROM `seat` WHERE `dep_shop` = 27 AND `zhuangt` = 1 LIMIT 1   [ RunTime:0.0001s ]
INFO: Run Behavior\ParseTemplateBehavior [ RunTime:0.013748s ]
INFO: [ view_parse ] --END-- [ RunTime:0.013772s ]
INFO: [ view_filter ] --START--
INFO: Run Behavior\WriteHtmlCacheBehavior [ RunTime:0.000600s ]
INFO: [ view_filter ] --END-- [ RunTime:0.000624s ]
INFO: [ app_end ] --START--
INFO: Run Behavior\ShowPageTraceBehavior [ RunTime:0.000657s ]
INFO: [ app_end ] --END-- [ RunTime:0.000707s ]

[ 2018-02-03T11:42:00+08:00 ] ::1 /kuaidian/index.php/Home/Index/banner.html
INFO: [ app_init ] --START--
INFO: Run Behavior\BuildLiteBehavior [ RunTime:0.000013s ]
INFO: [ app_init ] --END-- [ RunTime:0.000111s ]
INFO: [ app_begin ] --START--
INFO: Run Behavior\ReadHtmlCacheBehavior [ RunTime:0.001567s ]
INFO: [ app_begin ] --END-- [ RunTime:0.001642s ]
SQL: SHOW COLUMNS FROM `event` [ RunTime:0.0040s ]
SQL: SELECT `pic` FROM `event` WHERE `status` = 1  [ RunTime:0.0003s ]
INFO: [ view_parse ] --START--
INFO: [ template_filter ] --START--
INFO: Run Behavior\ContentReplaceBehavior [ RunTime:0.000040s ]
INFO: [ template_filter ] --END-- [ RunTime:0.000086s ]
INFO: Run Behavior\ParseTemplateBehavior [ RunTime:0.006164s ]
INFO: [ view_parse ] --END-- [ RunTime:0.006215s ]
INFO: [ view_filter ] --START--
INFO: Run Behavior\WriteHtmlCacheBehavior [ RunTime:0.000553s ]
INFO: [ view_filter ] --END-- [ RunTime:0.000586s ]
INFO: [ app_end ] --START--
INFO: Run Behavior\ShowPageTraceBehavior [ RunTime:0.000743s ]
INFO: [ app_end ] --END-- [ RunTime:0.000772s ]

[ 2018-02-03T11:42:07+08:00 ] ::1 /kuaidian/index.php/Home/Index/detail/shopid/1.html
INFO: [ app_init ] --START--
INFO: Run Behavior\BuildLiteBehavior [ RunTime:0.000007s ]
INFO: [ app_init ] --END-- [ RunTime:0.000044s ]
INFO: [ app_begin ] --START--
INFO: Run Behavior\ReadHtmlCacheBehavior [ RunTime:0.000585s ]
INFO: [ app_begin ] --END-- [ RunTime:0.000611s ]
SQL: SHOW COLUMNS FROM `shop` [ RunTime:0.0046s ]
SQL: SELECT * FROM `shop` WHERE `id` = 1  [ RunTime:0.0006s ]
SQL: SHOW COLUMNS FROM `seat` [ RunTime:0.0032s ]
SQL: SELECT COUNT(*) AS tp_count FROM `seat` WHERE `dep_shop` = 1 AND `zhuangt` = 1 LIMIT 1   [ RunTime:0.0003s ]
SQL: SHOW COLUMNS FROM `food_type` [ RunTime:0.0031s ]
SQL: SELECT * FROM `food_type` WHERE `dep_type` = 1 ORDER BY paix desc  [ RunTime:0.0003s ]
SQL: SHOW COLUMNS FROM `food` [ RunTime:0.0036s ]
SQL: SELECT food.id,food.zhuangt,food.mingch as cpmingch,food.food_type,food_type.mingch,food.kwid as kouwei,food.logo,food.jiage as yuanjia,food.jiage_youhui as shoujia,cpdanwei.mingch as danweimc,food.dwid FROM `food` left join food_type ON food_type.id = food.food_type left join cpdanwei ON cpdanwei.id = food.dwid  WHERE food.dep_shop = 1 ORDER BY food.id asc  [ RunTime:0.0006s ]
NOTIC: [8] Undefined index: food_num D:\xampp\htdocs\kuaidian\Application\Home\Controller\IndexController.class.php 第 178 行.
NOTIC: [2] Invalid argument supplied for foreach() D:\xampp\htdocs\kuaidian\Application\Home\Controller\IndexController.class.php 第 182 行.
NOTIC: [2] Invalid argument supplied for foreach() D:\xampp\htdocs\kuaidian\Application\Home\Controller\IndexController.class.php 第 182 行.
NOTIC: [2] Invalid argument supplied for foreach() D:\xampp\htdocs\kuaidian\Application\Home\Controller\IndexController.class.php 第 182 行.
NOTIC: [2] Invalid argument supplied for foreach() D:\xampp\htdocs\kuaidian\Application\Home\Controller\IndexController.class.php 第 182 行.
NOTIC: [2] Invalid argument supplied for foreach() D:\xampp\htdocs\kuaidian\Application\Home\Controller\IndexController.class.php 第 182 行.
NOTIC: [2] Invalid argument supplied for foreach() D:\xampp\htdocs\kuaidian\Application\Home\Controller\IndexController.class.php 第 182 行.
NOTIC: [2] Invalid argument supplied for foreach() D:\xampp\htdocs\kuaidian\Application\Home\Controller\IndexController.class.php 第 182 行.
NOTIC: [8] Undefined index: foodnum D:\xampp\htdocs\kuaidian\Application\Home\Controller\IndexController.class.php 第 212 行.
NOTIC: [8] Undefined index: foodnum D:\xampp\htdocs\kuaidian\Application\Home\Controller\IndexController.class.php 第 212 行.
NOTIC: [8] Undefined index: foodnum D:\xampp\htdocs\kuaidian\Application\Home\Controller\IndexController.class.php 第 212 行.
NOTIC: [8] Undefined index: foodnum D:\xampp\htdocs\kuaidian\Application\Home\Controller\IndexController.class.php 第 212 行.
NOTIC: [8] Undefined index: foodnum D:\xampp\htdocs\kuaidian\Application\Home\Controller\IndexController.class.php 第 212 行.
NOTIC: [8] Undefined index: foodnum D:\xampp\htdocs\kuaidian\Application\Home\Controller\IndexController.class.php 第 212 行.
NOTIC: [8] Undefined index: foodnum D:\xampp\htdocs\kuaidian\Application\Home\Controller\IndexController.class.php 第 212 行.
INFO: [ view_parse ] --START--
INFO: [ template_filter ] --START--
INFO: Run Behavior\ContentReplaceBehavior [ RunTime:0.000128s ]
INFO: [ template_filter ] --END-- [ RunTime:0.000169s ]
NOTIC: [8] Use of undefined constant zhuangt - assumed 'zhuangt' D:\xampp\htdocs\kuaidian\Application\Runtime\Cache\Home\1223f42a89e823bf89547594651162de.php 第 98 行.
NOTIC: [8] Use of undefined constant zhuangt - assumed 'zhuangt' D:\xampp\htdocs\kuaidian\Application\Runtime\Cache\Home\1223f42a89e823bf89547594651162de.php 第 123 行.
NOTIC: [8] Undefined index: foodnum D:\xampp\htdocs\kuaidian\Application\Runtime\Cache\Home\1223f42a89e823bf89547594651162de.php 第 124 行.
NOTIC: [8] Use of undefined constant zhuangt - assumed 'zhuangt' D:\xampp\htdocs\kuaidian\Application\Runtime\Cache\Home\1223f42a89e823bf89547594651162de.php 第 98 行.
NOTIC: [8] Use of undefined constant zhuangt - assumed 'zhuangt' D:\xampp\htdocs\kuaidian\Application\Runtime\Cache\Home\1223f42a89e823bf89547594651162de.php 第 123 行.
NOTIC: [8] Use of undefined constant zhuangt - assumed 'zhuangt' D:\xampp\htdocs\kuaidian\Application\Runtime\Cache\Home\1223f42a89e823bf89547594651162de.php 第 98 行.
NOTIC: [8] Use of undefined constant zhuangt - assumed 'zhuangt' D:\xampp\htdocs\kuaidian\Application\Runtime\Cache\Home\1223f42a89e823bf89547594651162de.php 第 123 行.
NOTIC: [8] Undefined index: foodnum D:\xampp\htdocs\kuaidian\Application\Runtime\Cache\Home\1223f42a89e823bf89547594651162de.php 第 124 行.
NOTIC: [8] Use of undefined constant zhuangt - assumed 'zhuangt' D:\xampp\htdocs\kuaidian\Application\Runtime\Cache\Home\1223f42a89e823bf89547594651162de.php 第 98 行.
NOTIC: [8] Use of undefined constant zhuangt - assumed 'zhuangt' D:\xampp\htdocs\kuaidian\Application\Runtime\Cache\Home\1223f42a89e823bf89547594651162de.php 第 123 行.
NOTIC: [8] Undefined index: foodnum D:\xampp\htdocs\kuaidian\Application\Runtime\Cache\Home\1223f42a89e823bf89547594651162de.php 第 124 行.
NOTIC: [8] Use of undefined constant zhuangt - assumed 'zhuangt' D:\xampp\htdocs\kuaidian\Application\Runtime\Cache\Home\1223f42a89e823bf89547594651162de.php 第 98 行.
NOTIC: [8] Use of undefined constant zhuangt - assumed 'zhuangt' D:\xampp\htdocs\kuaidian\Application\Runtime\Cache\Home\1223f42a89e823bf89547594651162de.php 第 123 行.
NOTIC: [8] Undefined index: foodnum D:\xampp\htdocs\kuaidian\Application\Runtime\Cache\Home\1223f42a89e823bf89547594651162de.php 第 124 行.
NOTIC: [8] Use of undefined constant zhuangt - assumed 'zhuangt' D:\xampp\htdocs\kuaidian\Application\Runtime\Cache\Home\1223f42a89e823bf89547594651162de.php 第 98 行.
NOTIC: [8] Use of undefined constant zhuangt - assumed 'zhuangt' D:\xampp\htdocs\kuaidian\Application\Runtime\Cache\Home\1223f42a89e823bf89547594651162de.php 第 123 行.
NOTIC: [8] Undefined index: foodnum D:\xampp\htdocs\kuaidian\Application\Runtime\Cache\Home\1223f42a89e823bf89547594651162de.php 第 124 行.
NOTIC: [8] Use of undefined constant zhuangt - assumed 'zhuangt' D:\xampp\htdocs\kuaidian\Application\Runtime\Cache\Home\1223f42a89e823bf89547594651162de.php 第 98 行.
NOTIC: [8] Use of undefined constant zhuangt - assumed 'zhuangt' D:\xampp\htdocs\kuaidian\Application\Runtime\Cache\Home\1223f42a89e823bf89547594651162de.php 第 123 行.
NOTIC: [8] Use of undefined constant line_type - assumed 'line_type' D:\xampp\htdocs\kuaidian\Application\Runtime\Cache\Home\1223f42a89e823bf89547594651162de.php 第 463 行.
NOTIC: [8] Use of undefined constant zuoweishu - assumed 'zuoweishu' D:\xampp\htdocs\kuaidian\Application\Runtime\Cache\Home\1223f42a89e823bf89547594651162de.php 第 495 行.
INFO: Run Behavior\ParseTemplateBehavior [ RunTime:0.026567s ]
INFO: [ view_parse ] --END-- [ RunTime:0.026596s ]
INFO: [ view_filter ] --START--
INFO: Run Behavior\WriteHtmlCacheBehavior [ RunTime:0.000395s ]
INFO: [ view_filter ] --END-- [ RunTime:0.000417s ]
INFO: [ app_end ] --START--
INFO: Run Behavior\ShowPageTraceBehavior [ RunTime:0.000607s ]
INFO: [ app_end ] --END-- [ RunTime:0.000633s ]

[ 2018-02-03T11:42:09+08:00 ] ::1 /kuaidian/index.php/Home/Index/ajaxaddlinshijj.html
INFO: [ app_init ] --START--
INFO: Run Behavior\BuildLiteBehavior [ RunTime:0.000012s ]
INFO: [ app_init ] --END-- [ RunTime:0.000054s ]
INFO: [ app_begin ] --START--
INFO: Run Behavior\ReadHtmlCacheBehavior [ RunTime:0.000467s ]
INFO: [ app_begin ] --END-- [ RunTime:0.000500s ]
NOTIC: [8] Undefined index: food_num D:\xampp\htdocs\kuaidian\Application\Home\Controller\IndexController.class.php 第 257 行.
INFO: [ app_end ] --START--
INFO: Run Behavior\ShowPageTraceBehavior [ RunTime:0.000570s ]
INFO: [ app_end ] --END-- [ RunTime:0.000603s ]

[ 2018-02-03T11:42:15+08:00 ] ::1 /kuaidian/index.php/Home/Cart/save_cart.html
INFO: [ app_init ] --START--
INFO: Run Behavior\BuildLiteBehavior [ RunTime:0.000011s ]
INFO: [ app_init ] --END-- [ RunTime:0.000050s ]
INFO: [ app_begin ] --START--
INFO: Run Behavior\ReadHtmlCacheBehavior [ RunTime:0.000407s ]
INFO: [ app_begin ] --END-- [ RunTime:0.000428s ]
NOTIC: [8] Undefined index: userid D:\xampp\htdocs\kuaidian\Application\Common\Helper\user_helper.php 第 47 行.

[ 2018-02-03T11:42:15+08:00 ] ::1 /kuaidian/index.php/Home/Login/index/is_cart/1.html
INFO: [ app_init ] --START--
INFO: Run Behavior\BuildLiteBehavior [ RunTime:0.000010s ]
INFO: [ app_init ] --END-- [ RunTime:0.000048s ]
INFO: [ app_begin ] --START--
INFO: Run Behavior\ReadHtmlCacheBehavior [ RunTime:0.000407s ]
INFO: [ app_begin ] --END-- [ RunTime:0.000432s ]
INFO: [ view_parse ] --START--
INFO: [ template_filter ] --START--
INFO: Run Behavior\ContentReplaceBehavior [ RunTime:0.000040s ]
INFO: [ template_filter ] --END-- [ RunTime:0.000083s ]
NOTIC: [8] Use of undefined constant result - assumed 'result' D:\xampp\htdocs\kuaidian\Application\Runtime\Cache\Home\50c9f5d2ef37c2cf131d5cf1381d3a4b.php 第 122 行.
NOTIC: [8] Use of undefined constant shop - assumed 'shop' D:\xampp\htdocs\kuaidian\Application\Runtime\Cache\Home\50c9f5d2ef37c2cf131d5cf1381d3a4b.php 第 122 行.
INFO: Run Behavior\ParseTemplateBehavior [ RunTime:0.013960s ]
INFO: [ view_parse ] --END-- [ RunTime:0.013995s ]
INFO: [ view_filter ] --START--
INFO: Run Behavior\WriteHtmlCacheBehavior [ RunTime:0.000269s ]
INFO: [ view_filter ] --END-- [ RunTime:0.000290s ]
INFO: [ app_end ] --START--
INFO: Run Behavior\ShowPageTraceBehavior [ RunTime:0.000399s ]
INFO: [ app_end ] --END-- [ RunTime:0.000418s ]

[ 2018-02-03T11:42:37+08:00 ] ::1 /kuaidian/index.php/Home/Login/save_login.html
INFO: [ app_init ] --START--
INFO: Run Behavior\BuildLiteBehavior [ RunTime:0.000011s ]
INFO: [ app_init ] --END-- [ RunTime:0.000049s ]
INFO: [ app_begin ] --START--
INFO: Run Behavior\ReadHtmlCacheBehavior [ RunTime:0.000412s ]
INFO: [ app_begin ] --END-- [ RunTime:0.000434s ]
SQL: SHOW COLUMNS FROM `user` [ RunTime:0.0043s ]
SQL: SELECT * FROM `user` WHERE `tel` = '13331385580' LIMIT 1   [ RunTime:0.0004s ]

[ 2018-02-03T11:42:37+08:00 ] ::1 /kuaidian/index.php/Home/Index/index.html
INFO: [ app_init ] --START--
INFO: Run Behavior\BuildLiteBehavior [ RunTime:0.000008s ]
INFO: [ app_init ] --END-- [ RunTime:0.000043s ]
INFO: [ app_begin ] --START--
INFO: Run Behavior\ReadHtmlCacheBehavior [ RunTime:0.000618s ]
INFO: [ app_begin ] --END-- [ RunTime:0.000671s ]
SQL: SHOW COLUMNS FROM `user` [ RunTime:0.0044s ]
SQL: SELECT `photo` FROM `user` WHERE `id` = 1 AND `del_status` = 0 LIMIT 1   [ RunTime:0.0003s ]
SQL: SHOW COLUMNS FROM `shop` [ RunTime:0.0045s ]
SQL: SELECT shop.id,shop.mingch,shop.maney,shop.logo,shop.xingsl,shop.juan,shop_type.mingch as lbname,shop.zuigaolij FROM `shop` INNER JOIN shop_type on shop.type_shop = shop_type.id  WHERE shop.zhuangt = 1  [ RunTime:0.0005s ]
NOTIC: [8] Undefined offset: 1 D:\xampp\htdocs\kuaidian\Application\Home\Controller\IndexController.class.php 第 42 行.
NOTIC: [8] Undefined offset: 1 D:\xampp\htdocs\kuaidian\Application\Home\Controller\IndexController.class.php 第 42 行.
NOTIC: [8] Undefined offset: 1 D:\xampp\htdocs\kuaidian\Application\Home\Controller\IndexController.class.php 第 42 行.
SQL: SHOW COLUMNS FROM `shop_type` [ RunTime:0.0033s ]
SQL: SELECT `mingch` FROM `shop_type` WHERE `zhuangt` = 1  [ RunTime:0.0006s ]
INFO: [ view_parse ] --START--
INFO: [ template_filter ] --START--
INFO: Run Behavior\ContentReplaceBehavior [ RunTime:0.000067s ]
INFO: [ template_filter ] --END-- [ RunTime:0.000101s ]
NOTIC: [8] Use of undefined constant id - assumed 'id' D:\xampp\htdocs\kuaidian\Application\Runtime\Cache\Home\2a94b8bda04ff446dcedd42276fc99ee.php 第 155 行.
SQL: SHOW COLUMNS FROM `seat` [ RunTime:0.0049s ]
SQL: SELECT COUNT(*) AS tp_count FROM `seat` WHERE `dep_shop` = 1 AND `zhuangt` = 1 LIMIT 1   [ RunTime:0.0004s ]
NOTIC: [8] Use of undefined constant id - assumed 'id' D:\xampp\htdocs\kuaidian\Application\Runtime\Cache\Home\2a94b8bda04ff446dcedd42276fc99ee.php 第 155 行.
SQL: SELECT COUNT(*) AS tp_count FROM `seat` WHERE `dep_shop` = 3 AND `zhuangt` = 1 LIMIT 1   [ RunTime:0.0001s ]
NOTIC: [8] Use of undefined constant id - assumed 'id' D:\xampp\htdocs\kuaidian\Application\Runtime\Cache\Home\2a94b8bda04ff446dcedd42276fc99ee.php 第 155 行.
SQL: SELECT COUNT(*) AS tp_count FROM `seat` WHERE `dep_shop` = 24 AND `zhuangt` = 1 LIMIT 1   [ RunTime:0.0001s ]
NOTIC: [8] Use of undefined constant id - assumed 'id' D:\xampp\htdocs\kuaidian\Application\Runtime\Cache\Home\2a94b8bda04ff446dcedd42276fc99ee.php 第 155 行.
SQL: SELECT COUNT(*) AS tp_count FROM `seat` WHERE `dep_shop` = 25 AND `zhuangt` = 1 LIMIT 1   [ RunTime:0.0001s ]
NOTIC: [8] Use of undefined constant id - assumed 'id' D:\xampp\htdocs\kuaidian\Application\Runtime\Cache\Home\2a94b8bda04ff446dcedd42276fc99ee.php 第 155 行.
SQL: SELECT COUNT(*) AS tp_count FROM `seat` WHERE `dep_shop` = 27 AND `zhuangt` = 1 LIMIT 1   [ RunTime:0.0001s ]
INFO: Run Behavior\ParseTemplateBehavior [ RunTime:0.013125s ]
INFO: [ view_parse ] --END-- [ RunTime:0.013147s ]
INFO: [ view_filter ] --START--
INFO: Run Behavior\WriteHtmlCacheBehavior [ RunTime:0.000398s ]
INFO: [ view_filter ] --END-- [ RunTime:0.000420s ]
INFO: [ app_end ] --START--
INFO: Run Behavior\ShowPageTraceBehavior [ RunTime:0.000464s ]
INFO: [ app_end ] --END-- [ RunTime:0.000486s ]

[ 2018-02-03T11:42:37+08:00 ] ::1 /kuaidian/index.php/Home/Index/banner.html
INFO: [ app_init ] --START--
INFO: Run Behavior\BuildLiteBehavior [ RunTime:0.000014s ]
INFO: [ app_init ] --END-- [ RunTime:0.000060s ]
INFO: [ app_begin ] --START--
INFO: Run Behavior\ReadHtmlCacheBehavior [ RunTime:0.000955s ]
INFO: [ app_begin ] --END-- [ RunTime:0.001014s ]
SQL: SHOW COLUMNS FROM `event` [ RunTime:0.0044s ]
SQL: SELECT `pic` FROM `event` WHERE `status` = 1  [ RunTime:0.0005s ]
INFO: [ view_parse ] --START--
INFO: [ template_filter ] --START--
INFO: Run Behavior\ContentReplaceBehavior [ RunTime:0.000049s ]
INFO: [ template_filter ] --END-- [ RunTime:0.000101s ]
INFO: Run Behavior\ParseTemplateBehavior [ RunTime:0.007016s ]
INFO: [ view_parse ] --END-- [ RunTime:0.007135s ]
INFO: [ view_filter ] --START--
INFO: Run Behavior\WriteHtmlCacheBehavior [ RunTime:0.001588s ]
INFO: [ view_filter ] --END-- [ RunTime:0.001647s ]
INFO: [ app_end ] --START--
INFO: Run Behavior\ShowPageTraceBehavior [ RunTime:0.001126s ]
INFO: [ app_end ] --END-- [ RunTime:0.001175s ]

[ 2018-02-03T11:42:55+08:00 ] ::1 /kuaidian/index.php/Home/Index/detail/shopid/1.html
INFO: [ app_init ] --START--
INFO: Run Behavior\BuildLiteBehavior [ RunTime:0.000008s ]
INFO: [ app_init ] --END-- [ RunTime:0.000045s ]
INFO: [ app_begin ] --START--
INFO: Run Behavior\ReadHtmlCacheBehavior [ RunTime:0.000483s ]
INFO: [ app_begin ] --END-- [ RunTime:0.000520s ]
SQL: SHOW COLUMNS FROM `shop` [ RunTime:0.0043s ]
SQL: SELECT * FROM `shop` WHERE `id` = 1  [ RunTime:0.0007s ]
SQL: SHOW COLUMNS FROM `seat` [ RunTime:0.0049s ]
SQL: SELECT COUNT(*) AS tp_count FROM `seat` WHERE `dep_shop` = 1 AND `zhuangt` = 1 LIMIT 1   [ RunTime:0.0003s ]
SQL: SHOW COLUMNS FROM `food_type` [ RunTime:0.0032s ]
SQL: SELECT * FROM `food_type` WHERE `dep_type` = 1 ORDER BY paix desc  [ RunTime:0.0003s ]
SQL: SHOW COLUMNS FROM `food` [ RunTime:0.0032s ]
SQL: SELECT food.id,food.zhuangt,food.mingch as cpmingch,food.food_type,food_type.mingch,food.kwid as kouwei,food.logo,food.jiage as yuanjia,food.jiage_youhui as shoujia,cpdanwei.mingch as danweimc,food.dwid FROM `food` left join food_type ON food_type.id = food.food_type left join cpdanwei ON cpdanwei.id = food.dwid  WHERE food.dep_shop = 1 ORDER BY food.id asc  [ RunTime:0.0006s ]
INFO: [ view_parse ] --START--
INFO: [ template_filter ] --START--
INFO: Run Behavior\ContentReplaceBehavior [ RunTime:0.000132s ]
INFO: [ template_filter ] --END-- [ RunTime:0.000170s ]
NOTIC: [8] Use of undefined constant zhuangt - assumed 'zhuangt' D:\xampp\htdocs\kuaidian\Application\Runtime\Cache\Home\1223f42a89e823bf89547594651162de.php 第 98 行.
NOTIC: [8] Use of undefined constant zhuangt - assumed 'zhuangt' D:\xampp\htdocs\kuaidian\Application\Runtime\Cache\Home\1223f42a89e823bf89547594651162de.php 第 123 行.
NOTIC: [8] Use of undefined constant zhuangt - assumed 'zhuangt' D:\xampp\htdocs\kuaidian\Application\Runtime\Cache\Home\1223f42a89e823bf89547594651162de.php 第 98 行.
NOTIC: [8] Use of undefined constant zhuangt - assumed 'zhuangt' D:\xampp\htdocs\kuaidian\Application\Runtime\Cache\Home\1223f42a89e823bf89547594651162de.php 第 123 行.
NOTIC: [8] Use of undefined constant zhuangt - assumed 'zhuangt' D:\xampp\htdocs\kuaidian\Application\Runtime\Cache\Home\1223f42a89e823bf89547594651162de.php 第 98 行.
NOTIC: [8] Use of undefined constant zhuangt - assumed 'zhuangt' D:\xampp\htdocs\kuaidian\Application\Runtime\Cache\Home\1223f42a89e823bf89547594651162de.php 第 123 行.
NOTIC: [8] Use of undefined constant zhuangt - assumed 'zhuangt' D:\xampp\htdocs\kuaidian\Application\Runtime\Cache\Home\1223f42a89e823bf89547594651162de.php 第 98 行.
NOTIC: [8] Use of undefined constant zhuangt - assumed 'zhuangt' D:\xampp\htdocs\kuaidian\Application\Runtime\Cache\Home\1223f42a89e823bf89547594651162de.php 第 123 行.
NOTIC: [8] Use of undefined constant zhuangt - assumed 'zhuangt' D:\xampp\htdocs\kuaidian\Application\Runtime\Cache\Home\1223f42a89e823bf89547594651162de.php 第 98 行.
NOTIC: [8] Use of undefined constant zhuangt - assumed 'zhuangt' D:\xampp\htdocs\kuaidian\Application\Runtime\Cache\Home\1223f42a89e823bf89547594651162de.php 第 123 行.
NOTIC: [8] Use of undefined constant zhuangt - assumed 'zhuangt' D:\xampp\htdocs\kuaidian\Application\Runtime\Cache\Home\1223f42a89e823bf89547594651162de.php 第 98 行.
NOTIC: [8] Use of undefined constant zhuangt - assumed 'zhuangt' D:\xampp\htdocs\kuaidian\Application\Runtime\Cache\Home\1223f42a89e823bf89547594651162de.php 第 123 行.
NOTIC: [8] Use of undefined constant zhuangt - assumed 'zhuangt' D:\xampp\htdocs\kuaidian\Application\Runtime\Cache\Home\1223f42a89e823bf89547594651162de.php 第 98 行.
NOTIC: [8] Use of undefined constant zhuangt - assumed 'zhuangt' D:\xampp\htdocs\kuaidian\Application\Runtime\Cache\Home\1223f42a89e823bf89547594651162de.php 第 123 行.
NOTIC: [8] Use of undefined constant line_type - assumed 'line_type' D:\xampp\htdocs\kuaidian\Application\Runtime\Cache\Home\1223f42a89e823bf89547594651162de.php 第 463 行.
NOTIC: [8] Use of undefined constant zuoweishu - assumed 'zuoweishu' D:\xampp\htdocs\kuaidian\Application\Runtime\Cache\Home\1223f42a89e823bf89547594651162de.php 第 495 行.
INFO: Run Behavior\ParseTemplateBehavior [ RunTime:0.010445s ]
INFO: [ view_parse ] --END-- [ RunTime:0.010476s ]
INFO: [ view_filter ] --START--
INFO: Run Behavior\WriteHtmlCacheBehavior [ RunTime:0.000264s ]
INFO: [ view_filter ] --END-- [ RunTime:0.000284s ]
INFO: [ app_end ] --START--
INFO: Run Behavior\ShowPageTraceBehavior [ RunTime:0.000519s ]
INFO: [ app_end ] --END-- [ RunTime:0.000551s ]

[ 2018-02-03T11:43:51+08:00 ] ::1 /kuaidian/index.php/Home/Index/detail/shopid/1.html
INFO: [ app_init ] --START--
INFO: Run Behavior\BuildLiteBehavior [ RunTime:0.000007s ]
INFO: [ app_init ] --END-- [ RunTime:0.000044s ]
INFO: [ app_begin ] --START--
INFO: Run Behavior\ReadHtmlCacheBehavior [ RunTime:0.000541s ]
INFO: [ app_begin ] --END-- [ RunTime:0.000566s ]
SQL: SHOW COLUMNS FROM `shop` [ RunTime:0.0038s ]
SQL: SELECT * FROM `shop` WHERE `id` = 1  [ RunTime:0.0007s ]
SQL: SHOW COLUMNS FROM `seat` [ RunTime:0.0032s ]
SQL: SELECT COUNT(*) AS tp_count FROM `seat` WHERE `dep_shop` = 1 AND `zhuangt` = 1 LIMIT 1   [ RunTime:0.0003s ]
SQL: SHOW COLUMNS FROM `food_type` [ RunTime:0.0029s ]
SQL: SELECT * FROM `food_type` WHERE `dep_type` = 1 ORDER BY paix desc  [ RunTime:0.0006s ]
SQL: SHOW COLUMNS FROM `food` [ RunTime:0.0039s ]
SQL: SELECT food.id,food.zhuangt,food.mingch as cpmingch,food.food_type,food_type.mingch,food.kwid as kouwei,food.logo,food.jiage as yuanjia,food.jiage_youhui as shoujia,cpdanwei.mingch as danweimc,food.dwid FROM `food` left join food_type ON food_type.id = food.food_type left join cpdanwei ON cpdanwei.id = food.dwid  WHERE food.dep_shop = 1 ORDER BY food.id asc  [ RunTime:0.0006s ]
INFO: [ view_parse ] --START--
INFO: [ template_filter ] --START--
INFO: Run Behavior\ContentReplaceBehavior [ RunTime:0.000128s ]
INFO: [ template_filter ] --END-- [ RunTime:0.000165s ]
NOTIC: [8] Use of undefined constant zhuangt - assumed 'zhuangt' D:\xampp\htdocs\kuaidian\Application\Runtime\Cache\Home\1223f42a89e823bf89547594651162de.php 第 98 行.
NOTIC: [8] Use of undefined constant zhuangt - assumed 'zhuangt' D:\xampp\htdocs\kuaidian\Application\Runtime\Cache\Home\1223f42a89e823bf89547594651162de.php 第 123 行.
NOTIC: [8] Use of undefined constant zhuangt - assumed 'zhuangt' D:\xampp\htdocs\kuaidian\Application\Runtime\Cache\Home\1223f42a89e823bf89547594651162de.php 第 98 行.
NOTIC: [8] Use of undefined constant zhuangt - assumed 'zhuangt' D:\xampp\htdocs\kuaidian\Application\Runtime\Cache\Home\1223f42a89e823bf89547594651162de.php 第 123 行.
NOTIC: [8] Use of undefined constant zhuangt - assumed 'zhuangt' D:\xampp\htdocs\kuaidian\Application\Runtime\Cache\Home\1223f42a89e823bf89547594651162de.php 第 98 行.
NOTIC: [8] Use of undefined constant zhuangt - assumed 'zhuangt' D:\xampp\htdocs\kuaidian\Application\Runtime\Cache\Home\1223f42a89e823bf89547594651162de.php 第 123 行.
NOTIC: [8] Use of undefined constant zhuangt - assumed 'zhuangt' D:\xampp\htdocs\kuaidian\Application\Runtime\Cache\Home\1223f42a89e823bf89547594651162de.php 第 98 行.
NOTIC: [8] Use of undefined constant zhuangt - assumed 'zhuangt' D:\xampp\htdocs\kuaidian\Application\Runtime\Cache\Home\1223f42a89e823bf89547594651162de.php 第 123 行.
NOTIC: [8] Use of undefined constant zhuangt - assumed 'zhuangt' D:\xampp\htdocs\kuaidian\Application\Runtime\Cache\Home\1223f42a89e823bf89547594651162de.php 第 98 行.
NOTIC: [8] Use of undefined constant zhuangt - assumed 'zhuangt' D:\xampp\htdocs\kuaidian\Application\Runtime\Cache\Home\1223f42a89e823bf89547594651162de.php 第 123 行.
NOTIC: [8] Use of undefined constant zhuangt - assumed 'zhuangt' D:\xampp\htdocs\kuaidian\Application\Runtime\Cache\Home\1223f42a89e823bf89547594651162de.php 第 98 行.
NOTIC: [8] Use of undefined constant zhuangt - assumed 'zhuangt' D:\xampp\htdocs\kuaidian\Application\Runtime\Cache\Home\1223f42a89e823bf89547594651162de.php 第 123 行.
NOTIC: [8] Use of undefined constant zhuangt - assumed 'zhuangt' D:\xampp\htdocs\kuaidian\Application\Runtime\Cache\Home\1223f42a89e823bf89547594651162de.php 第 98 行.
NOTIC: [8] Use of undefined constant zhuangt - assumed 'zhuangt' D:\xampp\htdocs\kuaidian\Application\Runtime\Cache\Home\1223f42a89e823bf89547594651162de.php 第 123 行.
NOTIC: [8] Use of undefined constant line_type - assumed 'line_type' D:\xampp\htdocs\kuaidian\Application\Runtime\Cache\Home\1223f42a89e823bf89547594651162de.php 第 463 行.
NOTIC: [8] Use of undefined constant zuoweishu - assumed 'zuoweishu' D:\xampp\htdocs\kuaidian\Application\Runtime\Cache\Home\1223f42a89e823bf89547594651162de.php 第 495 行.
INFO: Run Behavior\ParseTemplateBehavior [ RunTime:0.010486s ]
INFO: [ view_parse ] --END-- [ RunTime:0.010517s ]
INFO: [ view_filter ] --START--
INFO: Run Behavior\WriteHtmlCacheBehavior [ RunTime:0.000444s ]
INFO: [ view_filter ] --END-- [ RunTime:0.000465s ]
INFO: [ app_end ] --START--
INFO: Run Behavior\ShowPageTraceBehavior [ RunTime:0.000640s ]
INFO: [ app_end ] --END-- [ RunTime:0.000665s ]

[ 2018-02-03T11:43:53+08:00 ] ::1 /kuaidian/index.php/Home/Cart/save_cart.html
INFO: [ app_init ] --START--
INFO: Run Behavior\BuildLiteBehavior [ RunTime:0.000009s ]
INFO: [ app_init ] --END-- [ RunTime:0.000054s ]
INFO: [ app_begin ] --START--
INFO: Run Behavior\ReadHtmlCacheBehavior [ RunTime:0.000384s ]
INFO: [ app_begin ] --END-- [ RunTime:0.000407s ]
SQL: SHOW COLUMNS FROM `cart` [ RunTime:0.0046s ]
SQL: DELETE FROM `cart` WHERE `user_id` = 16 AND `store_id` = 1 [ RunTime:0.0005s ]
SQL: SHOW COLUMNS FROM `linshijj` [ RunTime:0.0036s ]
SQL: SELECT * FROM `linshijj` WHERE `userid` = '16' AND `shopid` = 1  [ RunTime:0.0004s ]

[ 2018-02-03T11:43:53+08:00 ] ::1 /kuaidian/index.php/Home/cart/diandan_info/store_id/1.html
INFO: [ app_init ] --START--
INFO: Run Behavior\BuildLiteBehavior [ RunTime:0.000008s ]
INFO: [ app_init ] --END-- [ RunTime:0.000046s ]
INFO: [ app_begin ] --START--
INFO: Run Behavior\ReadHtmlCacheBehavior [ RunTime:0.000448s ]
INFO: [ app_begin ] --END-- [ RunTime:0.000484s ]
SQL: SHOW COLUMNS FROM `shop` [ RunTime:0.0045s ]
SQL: SELECT `mingch` FROM `shop` WHERE `id` = 1 LIMIT 1   [ RunTime:0.0004s ]
SQL: SHOW COLUMNS FROM `cart` [ RunTime:0.0040s ]
SQL: SELECT * FROM `cart` WHERE `user_id` = 16 AND `store_id` = 1 AND `status` = 1  [ RunTime:0.0003s ]
INFO: [ view_parse ] --START--
INFO: [ template_filter ] --START--
INFO: Run Behavior\ContentReplaceBehavior [ RunTime:0.000039s ]
INFO: [ template_filter ] --END-- [ RunTime:0.000075s ]
INFO: Run Behavior\ParseTemplateBehavior [ RunTime:0.010754s ]
INFO: [ view_parse ] --END-- [ RunTime:0.010792s ]
INFO: [ view_filter ] --START--
INFO: Run Behavior\WriteHtmlCacheBehavior [ RunTime:0.000252s ]
INFO: [ view_filter ] --END-- [ RunTime:0.000274s ]
INFO: [ app_end ] --START--
INFO: Run Behavior\ShowPageTraceBehavior [ RunTime:0.000407s ]
INFO: [ app_end ] --END-- [ RunTime:0.000428s ]

[ 2018-02-03T11:44:29+08:00 ] ::1 /kuaidian/index.php/Home/Order/save_order.html
INFO: [ app_init ] --START--
INFO: Run Behavior\BuildLiteBehavior [ RunTime:0.000009s ]
INFO: [ app_init ] --END-- [ RunTime:0.000047s ]
INFO: [ app_begin ] --START--
INFO: Run Behavior\ReadHtmlCacheBehavior [ RunTime:0.000578s ]
INFO: [ app_begin ] --END-- [ RunTime:0.000603s ]
SQL: SHOW COLUMNS FROM `order` [ RunTime:0.0044s ]
SQL: INSERT INTO `order` (`order_pnum`,`buyer_name`,`order_remark`,`total_price`,`store_id`,`user_id`,`order_code`,`add_time`) VALUES ('0','','','0','1','16','1802031144296548','2018-02-03 11:44:29') [ RunTime:0.0008s ]
SQL: SHOW COLUMNS FROM `cart` [ RunTime:0.0046s ]
SQL: SELECT * FROM `cart` WHERE `store_id` = 1 AND `user_id` = 16 AND `status` = 1  [ RunTime:0.0003s ]
SQL: SHOW COLUMNS FROM `order_fu` [ RunTime:0.0038s ]
SQL: SELECT COUNT(*) AS tp_count FROM `order_fu` WHERE `order_id` = 35 LIMIT 1   [ RunTime:0.0004s ]
SQL: SHOW COLUMNS FROM `linshijj` [ RunTime:0.0040s ]
SQL: DELETE FROM `linshijj` WHERE `userid` = '16' AND `shopid` = 1 [ RunTime:0.0003s ]
SQL: UPDATE `cart` SET `status`='0' WHERE `store_id` = 1 AND `user_id` = 16 AND `status` = 1 [ RunTime:0.0002s ]

[ 2018-02-03T11:44:29+08:00 ] ::1 /kuaidian/index.php/Home/order/order_info.html
INFO: [ app_init ] --START--
INFO: Run Behavior\BuildLiteBehavior [ RunTime:0.000009s ]
INFO: [ app_init ] --END-- [ RunTime:0.000048s ]
INFO: [ app_begin ] --START--
INFO: Run Behavior\ReadHtmlCacheBehavior [ RunTime:0.000390s ]
INFO: [ app_begin ] --END-- [ RunTime:0.000438s ]
SQL: SHOW COLUMNS FROM `order` [ RunTime:0.0037s ]
SQL: SELECT * FROM `order` WHERE `user_id` = 16  [ RunTime:0.0006s ]
SQL: SHOW COLUMNS FROM `shop` [ RunTime:0.0043s ]
SQL: SELECT `mingch` FROM `shop` WHERE `id` = 1 LIMIT 1   [ RunTime:0.0004s ]
SQL: SELECT `logo` FROM `shop` WHERE `id` = 1 LIMIT 1   [ RunTime:0.0002s ]
SQL: SELECT `mingch` FROM `shop` WHERE `id` = 1 LIMIT 1   [ RunTime:0.0001s ]
SQL: SELECT `logo` FROM `shop` WHERE `id` = 1 LIMIT 1   [ RunTime:0.0001s ]
SQL: SELECT `mingch` FROM `shop` WHERE `id` = 1 LIMIT 1   [ RunTime:0.0001s ]
SQL: SELECT `logo` FROM `shop` WHERE `id` = 1 LIMIT 1   [ RunTime:0.0001s ]
SQL: SELECT * FROM `order` WHERE `user_id` = 16 AND `order_status` = 1  [ RunTime:0.0003s ]
SQL: SELECT `mingch` FROM `shop` WHERE `id` = 1 LIMIT 1   [ RunTime:0.0003s ]
SQL: SELECT `logo` FROM `shop` WHERE `id` = 1 LIMIT 1   [ RunTime:0.0004s ]
SQL: SELECT `mingch` FROM `shop` WHERE `id` = 1 LIMIT 1   [ RunTime:0.0004s ]
SQL: SELECT `logo` FROM `shop` WHERE `id` = 1 LIMIT 1   [ RunTime:0.0002s ]
SQL: SELECT `mingch` FROM `shop` WHERE `id` = 1 LIMIT 1   [ RunTime:0.0004s ]
SQL: SELECT `logo` FROM `shop` WHERE `id` = 1 LIMIT 1   [ RunTime:0.0001s ]
SQL: SELECT * FROM `order` WHERE `user_id` = 16 AND `is_use` = 0  [ RunTime:0.0003s ]
SQL: SELECT `mingch` FROM `shop` WHERE `id` = 1 LIMIT 1   [ RunTime:0.0001s ]
SQL: SELECT `logo` FROM `shop` WHERE `id` = 1 LIMIT 1   [ RunTime:0.0001s ]
SQL: SELECT `mingch` FROM `shop` WHERE `id` = 1 LIMIT 1   [ RunTime:0.0001s ]
SQL: SELECT `logo` FROM `shop` WHERE `id` = 1 LIMIT 1   [ RunTime:0.0001s ]
SQL: SELECT `mingch` FROM `shop` WHERE `id` = 1 LIMIT 1   [ RunTime:0.0001s ]
SQL: SELECT `logo` FROM `shop` WHERE `id` = 1 LIMIT 1   [ RunTime:0.0001s ]
SQL: SELECT * FROM `order` WHERE `user_id` = 16 AND `is_use` = 1  [ RunTime:0.0002s ]
SQL: SELECT * FROM `order` WHERE `user_id` = 16 AND `order_status` = 10  [ RunTime:0.0002s ]
SQL: SELECT * FROM `order` WHERE `user_id` = 16 AND `order_status` = 20  [ RunTime:0.0002s ]
INFO: [ view_parse ] --START--
INFO: [ template_filter ] --START--
INFO: Run Behavior\ContentReplaceBehavior [ RunTime:0.000106s ]
INFO: [ template_filter ] --END-- [ RunTime:0.000143s ]
INFO: Run Behavior\ParseTemplateBehavior [ RunTime:0.020970s ]
INFO: [ view_parse ] --END-- [ RunTime:0.021010s ]
INFO: [ view_filter ] --START--
INFO: Run Behavior\WriteHtmlCacheBehavior [ RunTime:0.000437s ]
INFO: [ view_filter ] --END-- [ RunTime:0.000459s ]
INFO: [ app_end ] --START--
INFO: Run Behavior\ShowPageTraceBehavior [ RunTime:0.000564s ]
INFO: [ app_end ] --END-- [ RunTime:0.000589s ]

[ 2018-02-03T11:44:35+08:00 ] ::1 /kuaidian/index.php/Home/Order/save_order.html
INFO: [ app_init ] --START--
INFO: Run Behavior\BuildLiteBehavior [ RunTime:0.000008s ]
INFO: [ app_init ] --END-- [ RunTime:0.000044s ]
INFO: [ app_begin ] --START--
INFO: Run Behavior\ReadHtmlCacheBehavior [ RunTime:0.000454s ]
INFO: [ app_begin ] --END-- [ RunTime:0.000481s ]
SQL: SHOW COLUMNS FROM `order` [ RunTime:0.0045s ]
SQL: INSERT INTO `order` (`order_pnum`,`buyer_name`,`order_remark`,`total_price`,`store_id`,`user_id`,`order_code`,`add_time`) VALUES ('0','','','0','1','16','1802031144359234','2018-02-03 11:44:35') [ RunTime:0.0006s ]
SQL: SHOW COLUMNS FROM `cart` [ RunTime:0.0043s ]
SQL: SELECT * FROM `cart` WHERE `store_id` = 1 AND `user_id` = 16 AND `status` = 1  [ RunTime:0.0004s ]
SQL: SHOW COLUMNS FROM `order_fu` [ RunTime:0.0033s ]
SQL: SELECT COUNT(*) AS tp_count FROM `order_fu` WHERE `order_id` = 36 LIMIT 1   [ RunTime:0.0003s ]
SQL: SHOW COLUMNS FROM `linshijj` [ RunTime:0.0032s ]
SQL: DELETE FROM `linshijj` WHERE `userid` = '16' AND `shopid` = 1 [ RunTime:0.0003s ]
SQL: UPDATE `cart` SET `status`='0' WHERE `store_id` = 1 AND `user_id` = 16 AND `status` = 1 [ RunTime:0.0002s ]

[ 2018-02-03T11:44:35+08:00 ] ::1 /kuaidian/index.php/Home/order/order_info.html
INFO: [ app_init ] --START--
INFO: Run Behavior\BuildLiteBehavior [ RunTime:0.000007s ]
INFO: [ app_init ] --END-- [ RunTime:0.000040s ]
INFO: [ app_begin ] --START--
INFO: Run Behavior\ReadHtmlCacheBehavior [ RunTime:0.000397s ]
INFO: [ app_begin ] --END-- [ RunTime:0.000423s ]
SQL: SHOW COLUMNS FROM `order` [ RunTime:0.0049s ]
SQL: SELECT * FROM `order` WHERE `user_id` = 16  [ RunTime:0.0006s ]
SQL: SHOW COLUMNS FROM `shop` [ RunTime:0.0044s ]
SQL: SELECT `mingch` FROM `shop` WHERE `id` = 1 LIMIT 1   [ RunTime:0.0005s ]
SQL: SELECT `logo` FROM `shop` WHERE `id` = 1 LIMIT 1   [ RunTime:0.0002s ]
SQL: SELECT `mingch` FROM `shop` WHERE `id` = 1 LIMIT 1   [ RunTime:0.0001s ]
SQL: SELECT `logo` FROM `shop` WHERE `id` = 1 LIMIT 1   [ RunTime:0.0001s ]
SQL: SELECT `mingch` FROM `shop` WHERE `id` = 1 LIMIT 1   [ RunTime:0.0001s ]
SQL: SELECT `logo` FROM `shop` WHERE `id` = 1 LIMIT 1   [ RunTime:0.0001s ]
SQL: SELECT `mingch` FROM `shop` WHERE `id` = 1 LIMIT 1   [ RunTime:0.0001s ]
SQL: SELECT `logo` FROM `shop` WHERE `id` = 1 LIMIT 1   [ RunTime:0.0001s ]
SQL: SELECT * FROM `order` WHERE `user_id` = 16 AND `order_status` = 1  [ RunTime:0.0003s ]
SQL: SELECT `mingch` FROM `shop` WHERE `id` = 1 LIMIT 1   [ RunTime:0.0001s ]
SQL: SELECT `logo` FROM `shop` WHERE `id` = 1 LIMIT 1   [ RunTime:0.0001s ]
SQL: SELECT `mingch` FROM `shop` WHERE `id` = 1 LIMIT 1   [ RunTime:0.0001s ]
SQL: SELECT `logo` FROM `shop` WHERE `id` = 1 LIMIT 1   [ RunTime:0.0001s ]
SQL: SELECT `mingch` FROM `shop` WHERE `id` = 1 LIMIT 1   [ RunTime:0.0001s ]
SQL: SELECT `logo` FROM `shop` WHERE `id` = 1 LIMIT 1   [ RunTime:0.0001s ]
SQL: SELECT `mingch` FROM `shop` WHERE `id` = 1 LIMIT 1   [ RunTime:0.0001s ]
SQL: SELECT `logo` FROM `shop` WHERE `id` = 1 LIMIT 1   [ RunTime:0.0001s ]
SQL: SELECT * FROM `order` WHERE `user_id` = 16 AND `is_use` = 0  [ RunTime:0.0006s ]
SQL: SELECT `mingch` FROM `shop` WHERE `id` = 1 LIMIT 1   [ RunTime:0.0002s ]
SQL: SELECT `logo` FROM `shop` WHERE `id` = 1 LIMIT 1   [ RunTime:0.0001s ]
SQL: SELECT `mingch` FROM `shop` WHERE `id` = 1 LIMIT 1   [ RunTime:0.0002s ]
SQL: SELECT `logo` FROM `shop` WHERE `id` = 1 LIMIT 1   [ RunTime:0.0001s ]
SQL: SELECT `mingch` FROM `shop` WHERE `id` = 1 LIMIT 1   [ RunTime:0.0001s ]
SQL: SELECT `logo` FROM `shop` WHERE `id` = 1 LIMIT 1   [ RunTime:0.0001s ]
SQL: SELECT `mingch` FROM `shop` WHERE `id` = 1 LIMIT 1   [ RunTime:0.0002s ]
SQL: SELECT `logo` FROM `shop` WHERE `id` = 1 LIMIT 1   [ RunTime:0.0001s ]
SQL: SELECT * FROM `order` WHERE `user_id` = 16 AND `is_use` = 1  [ RunTime:0.0002s ]
SQL: SELECT * FROM `order` WHERE `user_id` = 16 AND `order_status` = 10  [ RunTime:0.0002s ]
SQL: SELECT * FROM `order` WHERE `user_id` = 16 AND `order_status` = 20  [ RunTime:0.0002s ]
INFO: [ view_parse ] --START--
INFO: [ template_filter ] --START--
INFO: Run Behavior\ContentReplaceBehavior [ RunTime:0.000100s ]
INFO: [ template_filter ] --END-- [ RunTime:0.000135s ]
INFO: Run Behavior\ParseTemplateBehavior [ RunTime:0.010465s ]
INFO: [ view_parse ] --END-- [ RunTime:0.010500s ]
INFO: [ view_filter ] --START--
INFO: Run Behavior\WriteHtmlCacheBehavior [ RunTime:0.000244s ]
INFO: [ view_filter ] --END-- [ RunTime:0.000264s ]
INFO: [ app_end ] --START--
INFO: Run Behavior\ShowPageTraceBehavior [ RunTime:0.000454s ]
INFO: [ app_end ] --END-- [ RunTime:0.000478s ]

[ 2018-02-03T15:58:17+08:00 ] ::1 /kuaidian/
INFO: [ app_init ] --START--
INFO: Run Behavior\BuildLiteBehavior [ RunTime:0.000008s ]
INFO: [ app_init ] --END-- [ RunTime:0.000046s ]
INFO: [ app_begin ] --START--
INFO: Run Behavior\ReadHtmlCacheBehavior [ RunTime:0.000534s ]
INFO: [ app_begin ] --END-- [ RunTime:0.000558s ]
SQL: SHOW COLUMNS FROM `user` [ RunTime:0.0042s ]
SQL: SELECT `photo` FROM `user` WHERE `id` = 1 AND `del_status` = 0 LIMIT 1   [ RunTime:0.0002s ]
SQL: SHOW COLUMNS FROM `shop` [ RunTime:0.0036s ]
SQL: SELECT shop.id,shop.mingch,shop.maney,shop.logo,shop.xingsl,shop.juan,shop_type.mingch as lbname,shop.zuigaolij FROM `shop` INNER JOIN shop_type on shop.type_shop = shop_type.id  WHERE shop.zhuangt = 1  [ RunTime:0.0008s ]
NOTIC: [8] Undefined offset: 1 D:\xampp\htdocs\kuaidian\Application\Home\Controller\IndexController.class.php 第 42 行.
NOTIC: [8] Undefined offset: 1 D:\xampp\htdocs\kuaidian\Application\Home\Controller\IndexController.class.php 第 42 行.
NOTIC: [8] Undefined offset: 1 D:\xampp\htdocs\kuaidian\Application\Home\Controller\IndexController.class.php 第 42 行.
SQL: SHOW COLUMNS FROM `shop_type` [ RunTime:0.0037s ]
SQL: SELECT `mingch` FROM `shop_type` WHERE `zhuangt` = 1  [ RunTime:0.0003s ]
INFO: [ view_parse ] --START--
INFO: [ template_filter ] --START--
INFO: Run Behavior\ContentReplaceBehavior [ RunTime:0.000063s ]
INFO: [ template_filter ] --END-- [ RunTime:0.000097s ]
NOTIC: [8] Use of undefined constant id - assumed 'id' D:\xampp\htdocs\kuaidian\Application\Runtime\Cache\Home\2a94b8bda04ff446dcedd42276fc99ee.php 第 155 行.
SQL: SHOW COLUMNS FROM `seat` [ RunTime:0.0039s ]
SQL: SELECT COUNT(*) AS tp_count FROM `seat` WHERE `dep_shop` = 1 AND `zhuangt` = 1 LIMIT 1   [ RunTime:0.0005s ]
NOTIC: [8] Use of undefined constant id - assumed 'id' D:\xampp\htdocs\kuaidian\Application\Runtime\Cache\Home\2a94b8bda04ff446dcedd42276fc99ee.php 第 155 行.
SQL: SELECT COUNT(*) AS tp_count FROM `seat` WHERE `dep_shop` = 3 AND `zhuangt` = 1 LIMIT 1   [ RunTime:0.0002s ]
NOTIC: [8] Use of undefined constant id - assumed 'id' D:\xampp\htdocs\kuaidian\Application\Runtime\Cache\Home\2a94b8bda04ff446dcedd42276fc99ee.php 第 155 行.
SQL: SELECT COUNT(*) AS tp_count FROM `seat` WHERE `dep_shop` = 24 AND `zhuangt` = 1 LIMIT 1   [ RunTime:0.0002s ]
NOTIC: [8] Use of undefined constant id - assumed 'id' D:\xampp\htdocs\kuaidian\Application\Runtime\Cache\Home\2a94b8bda04ff446dcedd42276fc99ee.php 第 155 行.
SQL: SELECT COUNT(*) AS tp_count FROM `seat` WHERE `dep_shop` = 25 AND `zhuangt` = 1 LIMIT 1   [ RunTime:0.0002s ]
NOTIC: [8] Use of undefined constant id - assumed 'id' D:\xampp\htdocs\kuaidian\Application\Runtime\Cache\Home\2a94b8bda04ff446dcedd42276fc99ee.php 第 155 行.
SQL: SELECT COUNT(*) AS tp_count FROM `seat` WHERE `dep_shop` = 27 AND `zhuangt` = 1 LIMIT 1   [ RunTime:0.0002s ]
INFO: Run Behavior\ParseTemplateBehavior [ RunTime:0.013674s ]
INFO: [ view_parse ] --END-- [ RunTime:0.013700s ]
INFO: [ view_filter ] --START--
INFO: Run Behavior\WriteHtmlCacheBehavior [ RunTime:0.000618s ]
INFO: [ view_filter ] --END-- [ RunTime:0.000642s ]
INFO: [ app_end ] --START--
INFO: Run Behavior\ShowPageTraceBehavior [ RunTime:0.001431s ]
INFO: [ app_end ] --END-- [ RunTime:0.001482s ]

[ 2018-02-03T15:58:17+08:00 ] ::1 /kuaidian/index.php/Home/Index/banner.html
INFO: [ app_init ] --START--
INFO: Run Behavior\BuildLiteBehavior [ RunTime:0.000012s ]
INFO: [ app_init ] --END-- [ RunTime:0.000055s ]
INFO: [ app_begin ] --START--
INFO: Run Behavior\ReadHtmlCacheBehavior [ RunTime:0.000718s ]
INFO: [ app_begin ] --END-- [ RunTime:0.000765s ]
SQL: SHOW COLUMNS FROM `event` [ RunTime:0.0044s ]
SQL: SELECT `pic` FROM `event` WHERE `status` = 1  [ RunTime:0.0006s ]
INFO: [ view_parse ] --START--
INFO: [ template_filter ] --START--
INFO: Run Behavior\ContentReplaceBehavior [ RunTime:0.000043s ]
INFO: [ template_filter ] --END-- [ RunTime:0.000086s ]
INFO: Run Behavior\ParseTemplateBehavior [ RunTime:0.006723s ]
INFO: [ view_parse ] --END-- [ RunTime:0.006889s ]
INFO: [ view_filter ] --START--
INFO: Run Behavior\WriteHtmlCacheBehavior [ RunTime:0.000589s ]
INFO: [ view_filter ] --END-- [ RunTime:0.000617s ]
INFO: [ app_end ] --START--
INFO: Run Behavior\ShowPageTraceBehavior [ RunTime:0.000800s ]
INFO: [ app_end ] --END-- [ RunTime:0.000834s ]

