[ 2018-03-07T14:27:04+08:00 ] ::1 /-/index.php/Home/
INFO: [ app_init ] --START--
INFO: Run Behavior\BuildLiteBehavior [ RunTime:0.000040s ]
INFO: [ app_init ] --END-- [ RunTime:0.000869s ]
INFO: [ app_begin ] --START--
INFO: Run Behavior\ReadHtmlCacheBehavior [ RunTime:0.001394s ]
INFO: [ app_begin ] --END-- [ RunTime:0.001654s ]
NOTIC: [8] Undefined index: openid E:\wamp64\www\-\Application\Home\Controller\IndexController.class.php 第 31 行.
SQL: SHOW COLUMNS FROM `weixin_user` [ RunTime:0.0132s ]
SQL: SELECT `photo` FROM `weixin_user` WHERE `openid` = null LIMIT 1   [ RunTime:0.0027s ]
SQL: SHOW COLUMNS FROM `shop` [ RunTime:0.0074s ]
SQL: SELECT shop.id,shop.mingch,shop.maney,shop.logo,shop.xingsl,shop.juan,shop_type.mingch as lbname,shop.zuigaolij,shop.depcsjlshi,shop.baidu_lng,shop.baidu_lat FROM `shop` INNER JOIN shop_type on shop.type_shop = shop_type.id  WHERE shop.zhuangt = 1 AND shop.depcsjlshi = 130100  [ RunTime:0.0019s ]
NOTIC: [8] Undefined offset: 1 E:\wamp64\www\-\Application\Home\Controller\IndexController.class.php 第 64 行.
SQL: SHOW COLUMNS FROM `seat` [ RunTime:0.0063s ]
SQL: SELECT COUNT(*) AS tp_count FROM `seat` WHERE `dep_shop` = 64 LIMIT 1   [ RunTime:0.0013s ]
NOTIC: [8] Undefined offset: 1 E:\wamp64\www\-\Application\Home\Controller\IndexController.class.php 第 64 行.
SQL: SELECT COUNT(*) AS tp_count FROM `seat` WHERE `dep_shop` = 62 LIMIT 1   [ RunTime:0.0013s ]
NOTIC: [8] Undefined offset: 1 E:\wamp64\www\-\Application\Home\Controller\IndexController.class.php 第 64 行.
SQL: SELECT COUNT(*) AS tp_count FROM `seat` WHERE `dep_shop` = 63 LIMIT 1   [ RunTime:0.0012s ]
SQL: SHOW COLUMNS FROM `event` [ RunTime:0.0062s ]
SQL: SELECT `pic` FROM `event` WHERE `status` = 1  [ RunTime:0.0021s ]
SQL: SHOW COLUMNS FROM `shop_type` [ RunTime:0.0085s ]
SQL: SELECT `mingch` FROM `shop_type` WHERE `zhuangt` = 1  [ RunTime:0.0022s ]
INFO: [ view_parse ] --START--
INFO: [ template_filter ] --START--
INFO: Run Behavior\ContentReplaceBehavior [ RunTime:0.004141s ]
INFO: [ template_filter ] --END-- [ RunTime:0.004403s ]
NOTIC: [8] Use of undefined constant id - assumed 'id' E:\wamp64\www\-\Application\Runtime\Cache\Home\2a94b8bda04ff446dcedd42276fc99ee.php 第 223 行.
NOTIC: [8] Use of undefined constant id - assumed 'id' E:\wamp64\www\-\Application\Runtime\Cache\Home\2a94b8bda04ff446dcedd42276fc99ee.php 第 223 行.
NOTIC: [8] Use of undefined constant id - assumed 'id' E:\wamp64\www\-\Application\Runtime\Cache\Home\2a94b8bda04ff446dcedd42276fc99ee.php 第 223 行.
INFO: Run Behavior\ParseTemplateBehavior [ RunTime:0.031807s ]
INFO: [ view_parse ] --END-- [ RunTime:0.032033s ]
INFO: [ view_filter ] --START--
INFO: Run Behavior\WriteHtmlCacheBehavior [ RunTime:0.001240s ]
INFO: [ view_filter ] --END-- [ RunTime:0.001464s ]
INFO: [ app_end ] --START--
INFO: Run Behavior\ShowPageTraceBehavior [ RunTime:0.001987s ]
INFO: [ app_end ] --END-- [ RunTime:0.002220s ]

[ 2018-03-07T14:27:07+08:00 ] ::1 /-/index.php/Home/Index/detail/shopid/64.html
INFO: [ app_init ] --START--
INFO: Run Behavior\BuildLiteBehavior [ RunTime:0.000044s ]
INFO: [ app_init ] --END-- [ RunTime:0.000285s ]
INFO: [ app_begin ] --START--
INFO: Run Behavior\ReadHtmlCacheBehavior [ RunTime:0.000875s ]
INFO: [ app_begin ] --END-- [ RunTime:0.001078s ]
SQL: SHOW COLUMNS FROM `shop` [ RunTime:0.0105s ]
SQL: SELECT * FROM `shop` WHERE `id` = 64  [ RunTime:0.0029s ]
SQL: SHOW COLUMNS FROM `seat` [ RunTime:0.0067s ]
SQL: SELECT COUNT(*) AS tp_count FROM `seat` WHERE `dep_shop` = 64 AND `zhuangt` = 1 LIMIT 1   [ RunTime:0.0025s ]
NOTIC: [8] Undefined offset: 1 E:\wamp64\www\-\Application\Home\Controller\IndexController.class.php 第 205 行.
SQL: SHOW COLUMNS FROM `food_type` [ RunTime:0.0075s ]
SQL: SELECT * FROM `food_type` WHERE `dep_type` = 64 ORDER BY paix desc  [ RunTime:0.0083s ]
SQL: SHOW COLUMNS FROM `food` [ RunTime:0.0071s ]
SQL: SELECT food.id,food.zhuangt,food.mingch as cpmingch,food.food_type,food_type.mingch,food.kwid as kouwei,food.logo,food.jiage as yuanjia,food.jiage_youhui as shoujia,cpdanwei.mingch as danweimc,food.dwid FROM `food` left join food_type ON food_type.id = food.food_type left join cpdanwei ON cpdanwei.id = food.dwid  WHERE food.dep_shop = '64' ORDER BY food.id asc  [ RunTime:0.0076s ]
NOTIC: [8] Undefined index: food_num E:\wamp64\www\-\Application\Home\Controller\IndexController.class.php 第 271 行.
NOTIC: [2] Invalid argument supplied for foreach() E:\wamp64\www\-\Application\Home\Controller\IndexController.class.php 第 276 行.
NOTIC: [8] Undefined index: foodnum E:\wamp64\www\-\Application\Home\Controller\IndexController.class.php 第 306 行.
INFO: [ view_parse ] --START--
INFO: [ template_filter ] --START--
INFO: Run Behavior\ContentReplaceBehavior [ RunTime:0.000371s ]
INFO: [ template_filter ] --END-- [ RunTime:0.000575s ]
NOTIC: [8] Use of undefined constant zhuangt - assumed 'zhuangt' E:\wamp64\www\-\Application\Runtime\Cache\Home\1223f42a89e823bf89547594651162de.php 第 92 行.
SQL: SHOW COLUMNS FROM `cpdanwei` [ RunTime:0.0068s ]
SQL: SELECT * FROM `cpdanwei` WHERE `id` = 4  [ RunTime:0.0020s ]
NOTIC: [8] Use of undefined constant yuanjia - assumed 'yuanjia' E:\wamp64\www\-\Application\Runtime\Cache\Home\1223f42a89e823bf89547594651162de.php 第 117 行.
NOTIC: [8] Use of undefined constant zhuangt - assumed 'zhuangt' E:\wamp64\www\-\Application\Runtime\Cache\Home\1223f42a89e823bf89547594651162de.php 第 124 行.
NOTIC: [8] Undefined index: foodnum E:\wamp64\www\-\Application\Runtime\Cache\Home\1223f42a89e823bf89547594651162de.php 第 125 行.
NOTIC: [8] Use of undefined constant line_type - assumed 'line_type' E:\wamp64\www\-\Application\Runtime\Cache\Home\1223f42a89e823bf89547594651162de.php 第 283 行.
NOTIC: [8] Use of undefined constant zuoweishu - assumed 'zuoweishu' E:\wamp64\www\-\Application\Runtime\Cache\Home\1223f42a89e823bf89547594651162de.php 第 311 行.
INFO: Run Behavior\ParseTemplateBehavior [ RunTime:0.052050s ]
INFO: [ view_parse ] --END-- [ RunTime:0.052278s ]
INFO: [ view_filter ] --START--
INFO: Run Behavior\WriteHtmlCacheBehavior [ RunTime:0.000952s ]
INFO: [ view_filter ] --END-- [ RunTime:0.001126s ]
INFO: [ app_end ] --START--
INFO: Run Behavior\ShowPageTraceBehavior [ RunTime:0.001071s ]
INFO: [ app_end ] --END-- [ RunTime:0.001276s ]

[ 2018-03-07T14:27:08+08:00 ] ::1 /-/index.php/Home/Index/ajaxzaixianzhuangt.html
INFO: [ app_init ] --START--
INFO: Run Behavior\BuildLiteBehavior [ RunTime:0.000039s ]
INFO: [ app_init ] --END-- [ RunTime:0.000246s ]
INFO: [ app_begin ] --START--
INFO: Run Behavior\ReadHtmlCacheBehavior [ RunTime:0.000915s ]
INFO: [ app_begin ] --END-- [ RunTime:0.001106s ]
SQL: SHOW COLUMNS FROM `shop` [ RunTime:0.0096s ]
SQL: SELECT `line_type` FROM `shop` WHERE `id` = 64 LIMIT 1   [ RunTime:0.0024s ]

[ 2018-03-07T14:27:09+08:00 ] ::1 /-/index.php/Home/Index/ajaxzaixianzhuangt.html
INFO: [ app_init ] --START--
INFO: Run Behavior\BuildLiteBehavior [ RunTime:0.000038s ]
INFO: [ app_init ] --END-- [ RunTime:0.000264s ]
INFO: [ app_begin ] --START--
INFO: Run Behavior\ReadHtmlCacheBehavior [ RunTime:0.000696s ]
INFO: [ app_begin ] --END-- [ RunTime:0.000845s ]
SQL: SHOW COLUMNS FROM `shop` [ RunTime:0.0086s ]
SQL: SELECT `line_type` FROM `shop` WHERE `id` = 64 LIMIT 1   [ RunTime:0.0017s ]

[ 2018-03-07T14:27:09+08:00 ] ::1 /-/index.php/Home/Index/ajaxaddlinshijj.html
INFO: [ app_init ] --START--
INFO: Run Behavior\BuildLiteBehavior [ RunTime:0.000036s ]
INFO: [ app_init ] --END-- [ RunTime:0.000220s ]
INFO: [ app_begin ] --START--
INFO: Run Behavior\ReadHtmlCacheBehavior [ RunTime:0.000888s ]
INFO: [ app_begin ] --END-- [ RunTime:0.001045s ]
NOTIC: [8] Undefined index: food_num E:\wamp64\www\-\Application\Home\Controller\IndexController.class.php 第 377 行.
INFO: [ app_end ] --START--
INFO: Run Behavior\ShowPageTraceBehavior [ RunTime:0.001010s ]
INFO: [ app_end ] --END-- [ RunTime:0.001217s ]

[ 2018-03-07T14:27:10+08:00 ] ::1 /-/index.php/Home/Index/ajaxzaixianzhuangt.html
INFO: [ app_init ] --START--
INFO: Run Behavior\BuildLiteBehavior [ RunTime:0.000046s ]
INFO: [ app_init ] --END-- [ RunTime:0.000310s ]
INFO: [ app_begin ] --START--
INFO: Run Behavior\ReadHtmlCacheBehavior [ RunTime:0.000901s ]
INFO: [ app_begin ] --END-- [ RunTime:0.001101s ]
SQL: SHOW COLUMNS FROM `shop` [ RunTime:0.0145s ]
SQL: SELECT `line_type` FROM `shop` WHERE `id` = 64 LIMIT 1   [ RunTime:0.0021s ]

[ 2018-03-07T14:27:11+08:00 ] ::1 /-/index.php/Home/Index/ajaxzaixianzhuangt.html
INFO: [ app_init ] --START--
INFO: Run Behavior\BuildLiteBehavior [ RunTime:0.000088s ]
INFO: [ app_init ] --END-- [ RunTime:0.000574s ]
INFO: [ app_begin ] --START--
INFO: Run Behavior\ReadHtmlCacheBehavior [ RunTime:0.001702s ]
INFO: [ app_begin ] --END-- [ RunTime:0.002102s ]
SQL: SHOW COLUMNS FROM `shop` [ RunTime:0.0107s ]
SQL: SELECT `line_type` FROM `shop` WHERE `id` = 64 LIMIT 1   [ RunTime:0.0027s ]

[ 2018-03-07T14:27:12+08:00 ] ::1 /-/index.php/Home/Index/ajaxzaixianzhuangt.html
INFO: [ app_init ] --START--
INFO: Run Behavior\BuildLiteBehavior [ RunTime:0.000034s ]
INFO: [ app_init ] --END-- [ RunTime:0.000229s ]
INFO: [ app_begin ] --START--
INFO: Run Behavior\ReadHtmlCacheBehavior [ RunTime:0.000646s ]
INFO: [ app_begin ] --END-- [ RunTime:0.000791s ]
SQL: SHOW COLUMNS FROM `shop` [ RunTime:0.0082s ]
SQL: SELECT `line_type` FROM `shop` WHERE `id` = 64 LIMIT 1   [ RunTime:0.0016s ]

[ 2018-03-07T14:27:12+08:00 ] ::1 /-/index.php/Home/Cart/save_cart.html
INFO: [ app_init ] --START--
INFO: Run Behavior\BuildLiteBehavior [ RunTime:0.000038s ]
INFO: [ app_init ] --END-- [ RunTime:0.000246s ]
INFO: [ app_begin ] --START--
INFO: Run Behavior\ReadHtmlCacheBehavior [ RunTime:0.000703s ]
INFO: [ app_begin ] --END-- [ RunTime:0.000893s ]
NOTIC: [8] Undefined index: userid E:\wamp64\www\-\Application\Common\Helper\user_helper.php 第 47 行.

[ 2018-03-07T14:27:12+08:00 ] ::1 /-/index.php/Home/Login/index/is_cart/1/shopid/64/seat/2.html
INFO: [ app_init ] --START--
INFO: Run Behavior\BuildLiteBehavior [ RunTime:0.000037s ]
INFO: [ app_init ] --END-- [ RunTime:0.000243s ]
INFO: [ app_begin ] --START--
INFO: Run Behavior\ReadHtmlCacheBehavior [ RunTime:0.001366s ]
INFO: [ app_begin ] --END-- [ RunTime:0.001708s ]
INFO: [ view_parse ] --START--
INFO: [ template_filter ] --START--
INFO: Run Behavior\ContentReplaceBehavior [ RunTime:0.000122s ]
INFO: [ template_filter ] --END-- [ RunTime:0.000380s ]
INFO: Run Behavior\ParseTemplateBehavior [ RunTime:0.048519s ]
INFO: [ view_parse ] --END-- [ RunTime:0.048748s ]
INFO: [ view_filter ] --START--
INFO: Run Behavior\WriteHtmlCacheBehavior [ RunTime:0.000754s ]
INFO: [ view_filter ] --END-- [ RunTime:0.000923s ]
INFO: [ app_end ] --START--
INFO: Run Behavior\ShowPageTraceBehavior [ RunTime:0.000853s ]
INFO: [ app_end ] --END-- [ RunTime:0.001016s ]

[ 2018-03-07T14:27:19+08:00 ] ::1 /-/index.php/Home/Login/save_login.html
INFO: [ app_init ] --START--
INFO: Run Behavior\BuildLiteBehavior [ RunTime:0.000037s ]
INFO: [ app_init ] --END-- [ RunTime:0.000236s ]
INFO: [ app_begin ] --START--
INFO: Run Behavior\ReadHtmlCacheBehavior [ RunTime:0.000704s ]
INFO: [ app_begin ] --END-- [ RunTime:0.000863s ]
SQL: SHOW COLUMNS FROM `user` [ RunTime:0.0065s ]
SQL: SELECT * FROM `user` WHERE `tel` = '13331385580' LIMIT 1   [ RunTime:0.0234s ]

[ 2018-03-07T14:27:19+08:00 ] ::1 /-/index.php/Home/Cart/save_cart.html
INFO: [ app_init ] --START--
INFO: Run Behavior\BuildLiteBehavior [ RunTime:0.000036s ]
INFO: [ app_init ] --END-- [ RunTime:0.000237s ]
INFO: [ app_begin ] --START--
INFO: Run Behavior\ReadHtmlCacheBehavior [ RunTime:0.000844s ]
INFO: [ app_begin ] --END-- [ RunTime:0.001043s ]
SQL: SHOW COLUMNS FROM `shop` [ RunTime:0.0090s ]
SQL: SELECT `mingch` FROM `shop` WHERE `id` = 64 LIMIT 1   [ RunTime:0.0022s ]
SQL: SHOW COLUMNS FROM `food` [ RunTime:0.0071s ]
SQL: SELECT `mingch` FROM `food` WHERE `id` = 131 LIMIT 1   [ RunTime:0.0016s ]
SQL: SELECT `jiage_youhui` FROM `food` WHERE `id` = 131 LIMIT 1   [ RunTime:0.0017s ]
SQL: SELECT `jiage_youhui` FROM `food` WHERE `id` = 131 LIMIT 1   [ RunTime:0.0013s ]
SQL: SELECT `repast_price` FROM `shop` WHERE `id` = 64 LIMIT 1   [ RunTime:0.0009s ]
INFO: [ view_parse ] --START--
INFO: [ template_filter ] --START--
INFO: Run Behavior\ContentReplaceBehavior [ RunTime:0.000140s ]
INFO: [ template_filter ] --END-- [ RunTime:0.000322s ]
INFO: Run Behavior\ParseTemplateBehavior [ RunTime:0.019115s ]
INFO: [ view_parse ] --END-- [ RunTime:0.019324s ]
INFO: [ view_filter ] --START--
INFO: Run Behavior\WriteHtmlCacheBehavior [ RunTime:0.000927s ]
INFO: [ view_filter ] --END-- [ RunTime:0.001106s ]
INFO: [ app_end ] --START--
INFO: Run Behavior\ShowPageTraceBehavior [ RunTime:0.001037s ]
INFO: [ app_end ] --END-- [ RunTime:0.001212s ]

[ 2018-03-07T14:27:20+08:00 ] ::1 /-/index.php/Home/Order/save_order.html
INFO: [ app_init ] --START--
INFO: Run Behavior\BuildLiteBehavior [ RunTime:0.000039s ]
INFO: [ app_init ] --END-- [ RunTime:0.000231s ]
INFO: [ app_begin ] --START--
INFO: Run Behavior\ReadHtmlCacheBehavior [ RunTime:0.000872s ]
INFO: [ app_begin ] --END-- [ RunTime:0.001115s ]
NOTIC: [8] Undefined index: order_id E:\wamp64\www\-\Application\Home\Controller\OrderController.class.php 第 32 行.
SQL: SHOW COLUMNS FROM `order` [ RunTime:0.0069s ]
SQL: INSERT INTO `order` (`buyer_name`,`order_remark`,`total_price`,`store_id`,`seat`,`user_id`,`order_code`,`add_time`) VALUES ('','','62','64','2','16','1803071427201334','2018-03-07 14:27:20') [ RunTime:0.0017s ]
SQL: SHOW COLUMNS FROM `food` [ RunTime:0.0065s ]
SQL: SELECT `jiage_youhui` FROM `food` WHERE `id` = 131 LIMIT 1   [ RunTime:0.0015s ]
SQL: SHOW COLUMNS FROM `order_fu` [ RunTime:0.0175s ]
SQL: INSERT INTO `order_fu` (`order_id`,`goods_id`,`goods_num`,`store_id`,`goods_price`) VALUES ('137','131','1','64','60.0') [ RunTime:0.0342s ]
SQL: SELECT `order_code` FROM `order` WHERE `id` = 137 LIMIT 1   [ RunTime:0.0016s ]
SQL: SHOW COLUMNS FROM `shop` [ RunTime:0.0071s ]
SQL: SELECT `mingch` FROM `shop` WHERE `id` = 64 LIMIT 1   [ RunTime:0.0013s ]
SQL: SHOW COLUMNS FROM `user` [ RunTime:0.0065s ]
SQL: SELECT `money` FROM `user` WHERE `id` = 16 LIMIT 1   [ RunTime:0.0012s ]
SQL: SELECT `total_price` FROM `order` WHERE `id` = 137 LIMIT 1   [ RunTime:0.0012s ]
INFO: [ view_parse ] --START--
INFO: [ template_filter ] --START--
INFO: Run Behavior\ContentReplaceBehavior [ RunTime:0.000125s ]
INFO: [ template_filter ] --END-- [ RunTime:0.000353s ]
INFO: Run Behavior\ParseTemplateBehavior [ RunTime:0.015877s ]
INFO: [ view_parse ] --END-- [ RunTime:0.016073s ]
INFO: [ view_filter ] --START--
INFO: Run Behavior\WriteHtmlCacheBehavior [ RunTime:0.000761s ]
INFO: [ view_filter ] --END-- [ RunTime:0.000987s ]
INFO: [ app_end ] --START--
INFO: Run Behavior\ShowPageTraceBehavior [ RunTime:0.001230s ]
INFO: [ app_end ] --END-- [ RunTime:0.001466s ]

