[ 2018-02-10T17:53:35+08:00 ] ::1 /kuaidian/index.php/
INFO: [ app_init ] --START--
INFO: Run Behavior\BuildLiteBehavior [ RunTime:0.000010s ]
INFO: [ app_init ] --END-- [ RunTime:0.000056s ]
INFO: [ app_begin ] --START--
INFO: Run Behavior\ReadHtmlCacheBehavior [ RunTime:0.000465s ]
INFO: [ app_begin ] --END-- [ RunTime:0.000494s ]
NOTIC: [8] Undefined index: userid D:\xampp\htdocs\kuaidian\Application\Common\Helper\user_helper.php 第 47 行.
SQL: SHOW COLUMNS FROM `user` [ RunTime:0.0052s ]
SQL: SELECT `photo` FROM `user` WHERE `id` = 1 AND `del_status` = 0 LIMIT 1   [ RunTime:0.0003s ]
SQL: SHOW COLUMNS FROM `shop` [ RunTime:0.0055s ]
SQL: SELECT shop.id,shop.mingch,shop.maney,shop.logo,shop.xingsl,shop.juan,shop_type.mingch as lbname,shop.zuigaolij FROM `shop` INNER JOIN shop_type on shop.type_shop = shop_type.id  WHERE shop.zhuangt = 1  [ RunTime:0.0008s ]
NOTIC: [8] Undefined offset: 1 D:\xampp\htdocs\kuaidian\Application\Home\Controller\IndexController.class.php 第 42 行.
NOTIC: [8] Undefined offset: 1 D:\xampp\htdocs\kuaidian\Application\Home\Controller\IndexController.class.php 第 42 行.
NOTIC: [8] Undefined offset: 1 D:\xampp\htdocs\kuaidian\Application\Home\Controller\IndexController.class.php 第 42 行.
NOTIC: [8] Undefined offset: 1 D:\xampp\htdocs\kuaidian\Application\Home\Controller\IndexController.class.php 第 42 行.
SQL: SHOW COLUMNS FROM `shop_type` [ RunTime:0.0055s ]
SQL: SELECT `mingch` FROM `shop_type` WHERE `zhuangt` = 1  [ RunTime:0.0009s ]
INFO: [ view_parse ] --START--
INFO: [ template_filter ] --START--
INFO: Run Behavior\ContentReplaceBehavior [ RunTime:0.000080s ]
INFO: [ template_filter ] --END-- [ RunTime:0.000125s ]
NOTIC: [8] Use of undefined constant id - assumed 'id' D:\xampp\htdocs\kuaidian\Application\Runtime\Cache\Home\2a94b8bda04ff446dcedd42276fc99ee.php 第 155 行.
SQL: SHOW COLUMNS FROM `seat` [ RunTime:0.0058s ]
SQL: SELECT COUNT(*) AS tp_count FROM `seat` WHERE `dep_shop` = 1 AND `zhuangt` = 1 LIMIT 1   [ RunTime:0.0004s ]
NOTIC: [8] Use of undefined constant id - assumed 'id' D:\xampp\htdocs\kuaidian\Application\Runtime\Cache\Home\2a94b8bda04ff446dcedd42276fc99ee.php 第 155 行.
SQL: SELECT COUNT(*) AS tp_count FROM `seat` WHERE `dep_shop` = 3 AND `zhuangt` = 1 LIMIT 1   [ RunTime:0.0002s ]
NOTIC: [8] Use of undefined constant id - assumed 'id' D:\xampp\htdocs\kuaidian\Application\Runtime\Cache\Home\2a94b8bda04ff446dcedd42276fc99ee.php 第 155 行.
SQL: SELECT COUNT(*) AS tp_count FROM `seat` WHERE `dep_shop` = 24 AND `zhuangt` = 1 LIMIT 1   [ RunTime:0.0001s ]
NOTIC: [8] Use of undefined constant id - assumed 'id' D:\xampp\htdocs\kuaidian\Application\Runtime\Cache\Home\2a94b8bda04ff446dcedd42276fc99ee.php 第 155 行.
SQL: SELECT COUNT(*) AS tp_count FROM `seat` WHERE `dep_shop` = 25 AND `zhuangt` = 1 LIMIT 1   [ RunTime:0.0001s ]
NOTIC: [8] Use of undefined constant id - assumed 'id' D:\xampp\htdocs\kuaidian\Application\Runtime\Cache\Home\2a94b8bda04ff446dcedd42276fc99ee.php 第 155 行.
SQL: SELECT COUNT(*) AS tp_count FROM `seat` WHERE `dep_shop` = 27 AND `zhuangt` = 1 LIMIT 1   [ RunTime:0.0001s ]
NOTIC: [8] Use of undefined constant id - assumed 'id' D:\xampp\htdocs\kuaidian\Application\Runtime\Cache\Home\2a94b8bda04ff446dcedd42276fc99ee.php 第 155 行.
SQL: SELECT COUNT(*) AS tp_count FROM `seat` WHERE `dep_shop` = 38 AND `zhuangt` = 1 LIMIT 1   [ RunTime:0.0004s ]
INFO: Run Behavior\ParseTemplateBehavior [ RunTime:0.016899s ]
INFO: [ view_parse ] --END-- [ RunTime:0.016943s ]
INFO: [ view_filter ] --START--
INFO: Run Behavior\WriteHtmlCacheBehavior [ RunTime:0.000535s ]
INFO: [ view_filter ] --END-- [ RunTime:0.000564s ]
INFO: [ app_end ] --START--
INFO: Run Behavior\ShowPageTraceBehavior [ RunTime:0.000823s ]
INFO: [ app_end ] --END-- [ RunTime:0.000872s ]

[ 2018-02-10T17:53:35+08:00 ] ::1 /kuaidian/index.php/Home/Index/banner.html
INFO: [ app_init ] --START--
INFO: Run Behavior\BuildLiteBehavior [ RunTime:0.000011s ]
INFO: [ app_init ] --END-- [ RunTime:0.000056s ]
INFO: [ app_begin ] --START--
INFO: Run Behavior\ReadHtmlCacheBehavior [ RunTime:0.001287s ]
INFO: [ app_begin ] --END-- [ RunTime:0.001349s ]
SQL: SHOW COLUMNS FROM `event` [ RunTime:0.0157s ]
SQL: SELECT `pic` FROM `event` WHERE `status` = 1  [ RunTime:0.0004s ]
INFO: [ view_parse ] --START--
INFO: [ template_filter ] --START--
INFO: Run Behavior\ContentReplaceBehavior [ RunTime:0.000042s ]
INFO: [ template_filter ] --END-- [ RunTime:0.000090s ]
INFO: Run Behavior\ParseTemplateBehavior [ RunTime:0.007905s ]
INFO: [ view_parse ] --END-- [ RunTime:0.007991s ]
INFO: [ view_filter ] --START--
INFO: Run Behavior\WriteHtmlCacheBehavior [ RunTime:0.000927s ]
INFO: [ view_filter ] --END-- [ RunTime:0.000973s ]
INFO: [ app_end ] --START--
INFO: Run Behavior\ShowPageTraceBehavior [ RunTime:0.001123s ]
INFO: [ app_end ] --END-- [ RunTime:0.001181s ]

[ 2018-02-10T17:53:39+08:00 ] ::1 /kuaidian/index.php/Home/Index/detail/shopid/1.html
INFO: [ app_init ] --START--
INFO: Run Behavior\BuildLiteBehavior [ RunTime:0.000014s ]
INFO: [ app_init ] --END-- [ RunTime:0.000065s ]
INFO: [ app_begin ] --START--
INFO: Run Behavior\ReadHtmlCacheBehavior [ RunTime:0.001044s ]
INFO: [ app_begin ] --END-- [ RunTime:0.001096s ]
SQL: SHOW COLUMNS FROM `shop` [ RunTime:0.0099s ]
SQL: SELECT * FROM `shop` WHERE `id` = 1  [ RunTime:0.0010s ]
SQL: SHOW COLUMNS FROM `seat` [ RunTime:0.0067s ]
SQL: SELECT COUNT(*) AS tp_count FROM `seat` WHERE `dep_shop` = 1 AND `zhuangt` = 1 LIMIT 1   [ RunTime:0.0009s ]
SQL: SHOW COLUMNS FROM `food_type` [ RunTime:0.0063s ]
SQL: SELECT * FROM `food_type` WHERE `dep_type` = 1 ORDER BY paix desc  [ RunTime:0.0007s ]
SQL: SHOW COLUMNS FROM `food` [ RunTime:0.0068s ]
SQL: SELECT food.id,food.zhuangt,food.mingch as cpmingch,food.food_type,food_type.mingch,food.kwid as kouwei,food.logo,food.jiage as yuanjia,food.jiage_youhui as shoujia,cpdanwei.mingch as danweimc,food.dwid FROM `food` left join food_type ON food_type.id = food.food_type left join cpdanwei ON cpdanwei.id = food.dwid  WHERE food.dep_shop = '1' ORDER BY food.id asc  [ RunTime:0.0011s ]
NOTIC: [8] Undefined index: food_num D:\xampp\htdocs\kuaidian\Application\Home\Controller\IndexController.class.php 第 179 行.
NOTIC: [2] Invalid argument supplied for foreach() D:\xampp\htdocs\kuaidian\Application\Home\Controller\IndexController.class.php 第 183 行.
NOTIC: [2] Invalid argument supplied for foreach() D:\xampp\htdocs\kuaidian\Application\Home\Controller\IndexController.class.php 第 183 行.
NOTIC: [2] Invalid argument supplied for foreach() D:\xampp\htdocs\kuaidian\Application\Home\Controller\IndexController.class.php 第 183 行.
NOTIC: [2] Invalid argument supplied for foreach() D:\xampp\htdocs\kuaidian\Application\Home\Controller\IndexController.class.php 第 183 行.
NOTIC: [2] Invalid argument supplied for foreach() D:\xampp\htdocs\kuaidian\Application\Home\Controller\IndexController.class.php 第 183 行.
NOTIC: [2] Invalid argument supplied for foreach() D:\xampp\htdocs\kuaidian\Application\Home\Controller\IndexController.class.php 第 183 行.
NOTIC: [8] Undefined index: foodnum D:\xampp\htdocs\kuaidian\Application\Home\Controller\IndexController.class.php 第 213 行.
NOTIC: [8] Undefined index: foodnum D:\xampp\htdocs\kuaidian\Application\Home\Controller\IndexController.class.php 第 213 行.
NOTIC: [8] Undefined index: foodnum D:\xampp\htdocs\kuaidian\Application\Home\Controller\IndexController.class.php 第 213 行.
NOTIC: [8] Undefined index: foodnum D:\xampp\htdocs\kuaidian\Application\Home\Controller\IndexController.class.php 第 213 行.
NOTIC: [8] Undefined index: foodnum D:\xampp\htdocs\kuaidian\Application\Home\Controller\IndexController.class.php 第 213 行.
NOTIC: [8] Undefined index: foodnum D:\xampp\htdocs\kuaidian\Application\Home\Controller\IndexController.class.php 第 213 行.
INFO: [ view_parse ] --START--
INFO: [ template_filter ] --START--
INFO: Run Behavior\ContentReplaceBehavior [ RunTime:0.000172s ]
INFO: [ template_filter ] --END-- [ RunTime:0.000251s ]
NOTIC: [8] Use of undefined constant zhuangt - assumed 'zhuangt' D:\xampp\htdocs\kuaidian\Application\Runtime\Cache\Home\1223f42a89e823bf89547594651162de.php 第 98 行.
NOTIC: [8] Use of undefined constant zhuangt - assumed 'zhuangt' D:\xampp\htdocs\kuaidian\Application\Runtime\Cache\Home\1223f42a89e823bf89547594651162de.php 第 123 行.
NOTIC: [8] Use of undefined constant zhuangt - assumed 'zhuangt' D:\xampp\htdocs\kuaidian\Application\Runtime\Cache\Home\1223f42a89e823bf89547594651162de.php 第 98 行.
NOTIC: [8] Use of undefined constant zhuangt - assumed 'zhuangt' D:\xampp\htdocs\kuaidian\Application\Runtime\Cache\Home\1223f42a89e823bf89547594651162de.php 第 123 行.
NOTIC: [8] Undefined index: foodnum D:\xampp\htdocs\kuaidian\Application\Runtime\Cache\Home\1223f42a89e823bf89547594651162de.php 第 124 行.
NOTIC: [8] Use of undefined constant zhuangt - assumed 'zhuangt' D:\xampp\htdocs\kuaidian\Application\Runtime\Cache\Home\1223f42a89e823bf89547594651162de.php 第 98 行.
NOTIC: [8] Use of undefined constant zhuangt - assumed 'zhuangt' D:\xampp\htdocs\kuaidian\Application\Runtime\Cache\Home\1223f42a89e823bf89547594651162de.php 第 123 行.
NOTIC: [8] Undefined index: foodnum D:\xampp\htdocs\kuaidian\Application\Runtime\Cache\Home\1223f42a89e823bf89547594651162de.php 第 124 行.
NOTIC: [8] Use of undefined constant zhuangt - assumed 'zhuangt' D:\xampp\htdocs\kuaidian\Application\Runtime\Cache\Home\1223f42a89e823bf89547594651162de.php 第 98 行.
NOTIC: [8] Use of undefined constant zhuangt - assumed 'zhuangt' D:\xampp\htdocs\kuaidian\Application\Runtime\Cache\Home\1223f42a89e823bf89547594651162de.php 第 123 行.
NOTIC: [8] Undefined index: foodnum D:\xampp\htdocs\kuaidian\Application\Runtime\Cache\Home\1223f42a89e823bf89547594651162de.php 第 124 行.
NOTIC: [8] Use of undefined constant zhuangt - assumed 'zhuangt' D:\xampp\htdocs\kuaidian\Application\Runtime\Cache\Home\1223f42a89e823bf89547594651162de.php 第 98 行.
NOTIC: [8] Use of undefined constant zhuangt - assumed 'zhuangt' D:\xampp\htdocs\kuaidian\Application\Runtime\Cache\Home\1223f42a89e823bf89547594651162de.php 第 123 行.
NOTIC: [8] Undefined index: foodnum D:\xampp\htdocs\kuaidian\Application\Runtime\Cache\Home\1223f42a89e823bf89547594651162de.php 第 124 行.
NOTIC: [8] Use of undefined constant zhuangt - assumed 'zhuangt' D:\xampp\htdocs\kuaidian\Application\Runtime\Cache\Home\1223f42a89e823bf89547594651162de.php 第 98 行.
NOTIC: [8] Use of undefined constant zhuangt - assumed 'zhuangt' D:\xampp\htdocs\kuaidian\Application\Runtime\Cache\Home\1223f42a89e823bf89547594651162de.php 第 123 行.
NOTIC: [8] Undefined index: foodnum D:\xampp\htdocs\kuaidian\Application\Runtime\Cache\Home\1223f42a89e823bf89547594651162de.php 第 124 行.
NOTIC: [8] Use of undefined constant line_type - assumed 'line_type' D:\xampp\htdocs\kuaidian\Application\Runtime\Cache\Home\1223f42a89e823bf89547594651162de.php 第 463 行.
NOTIC: [8] Use of undefined constant zuoweishu - assumed 'zuoweishu' D:\xampp\htdocs\kuaidian\Application\Runtime\Cache\Home\1223f42a89e823bf89547594651162de.php 第 495 行.
INFO: Run Behavior\ParseTemplateBehavior [ RunTime:0.023494s ]
INFO: [ view_parse ] --END-- [ RunTime:0.023537s ]
INFO: [ view_filter ] --START--
INFO: Run Behavior\WriteHtmlCacheBehavior [ RunTime:0.000685s ]
INFO: [ view_filter ] --END-- [ RunTime:0.000713s ]
INFO: [ app_end ] --START--
INFO: Run Behavior\ShowPageTraceBehavior [ RunTime:0.004442s ]
INFO: [ app_end ] --END-- [ RunTime:0.004501s ]

[ 2018-02-10T17:53:46+08:00 ] ::1 /kuaidian/index.php/Home/Index/ajaxaddlinshijj.html
INFO: [ app_init ] --START--
INFO: Run Behavior\BuildLiteBehavior [ RunTime:0.000015s ]
INFO: [ app_init ] --END-- [ RunTime:0.000059s ]
INFO: [ app_begin ] --START--
INFO: Run Behavior\ReadHtmlCacheBehavior [ RunTime:0.001316s ]
INFO: [ app_begin ] --END-- [ RunTime:0.001380s ]
NOTIC: [8] Undefined index: food_num D:\xampp\htdocs\kuaidian\Application\Home\Controller\IndexController.class.php 第 258 行.
INFO: [ app_end ] --START--
INFO: Run Behavior\ShowPageTraceBehavior [ RunTime:0.001633s ]
INFO: [ app_end ] --END-- [ RunTime:0.001691s ]

[ 2018-02-10T17:53:47+08:00 ] ::1 /kuaidian/index.php/Home/Index/ajaxeditfoodshuliang.html
INFO: [ app_init ] --START--
INFO: Run Behavior\BuildLiteBehavior [ RunTime:0.000009s ]
INFO: [ app_init ] --END-- [ RunTime:0.000047s ]
INFO: [ app_begin ] --START--
INFO: Run Behavior\ReadHtmlCacheBehavior [ RunTime:0.000442s ]
INFO: [ app_begin ] --END-- [ RunTime:0.000463s ]
INFO: [ app_end ] --START--
INFO: Run Behavior\ShowPageTraceBehavior [ RunTime:0.000591s ]
INFO: [ app_end ] --END-- [ RunTime:0.000628s ]

[ 2018-02-10T17:53:47+08:00 ] ::1 /kuaidian/index.php/Home/Index/ajaxeditfoodshuliang.html
INFO: [ app_init ] --START--
INFO: Run Behavior\BuildLiteBehavior [ RunTime:0.000009s ]
INFO: [ app_init ] --END-- [ RunTime:0.000047s ]
INFO: [ app_begin ] --START--
INFO: Run Behavior\ReadHtmlCacheBehavior [ RunTime:0.000438s ]
INFO: [ app_begin ] --END-- [ RunTime:0.000459s ]
INFO: [ app_end ] --START--
INFO: Run Behavior\ShowPageTraceBehavior [ RunTime:0.000484s ]
INFO: [ app_end ] --END-- [ RunTime:0.000512s ]

[ 2018-02-10T17:53:47+08:00 ] ::1 /kuaidian/index.php/Home/Index/ajaxeditfoodshuliang.html
INFO: [ app_init ] --START--
INFO: Run Behavior\BuildLiteBehavior [ RunTime:0.000007s ]
INFO: [ app_init ] --END-- [ RunTime:0.000043s ]
INFO: [ app_begin ] --START--
INFO: Run Behavior\ReadHtmlCacheBehavior [ RunTime:0.000444s ]
INFO: [ app_begin ] --END-- [ RunTime:0.000466s ]
INFO: [ app_end ] --START--
INFO: Run Behavior\ShowPageTraceBehavior [ RunTime:0.000451s ]
INFO: [ app_end ] --END-- [ RunTime:0.000476s ]

[ 2018-02-10T17:53:49+08:00 ] ::1 /kuaidian/index.php/Home/Cart/save_cart.html
INFO: [ app_init ] --START--
INFO: Run Behavior\BuildLiteBehavior [ RunTime:0.000012s ]
INFO: [ app_init ] --END-- [ RunTime:0.000054s ]
INFO: [ app_begin ] --START--
INFO: Run Behavior\ReadHtmlCacheBehavior [ RunTime:0.000458s ]
INFO: [ app_begin ] --END-- [ RunTime:0.000487s ]
NOTIC: [8] Undefined index: userid D:\xampp\htdocs\kuaidian\Application\Common\Helper\user_helper.php 第 47 行.

[ 2018-02-10T17:53:49+08:00 ] ::1 /kuaidian/index.php/Home/Login/index/is_cart/1/shopid/1.html
INFO: [ app_init ] --START--
INFO: Run Behavior\BuildLiteBehavior [ RunTime:0.000014s ]
INFO: [ app_init ] --END-- [ RunTime:0.000069s ]
INFO: [ app_begin ] --START--
INFO: Run Behavior\ReadHtmlCacheBehavior [ RunTime:0.000638s ]
INFO: [ app_begin ] --END-- [ RunTime:0.000684s ]
INFO: [ view_parse ] --START--
INFO: [ template_filter ] --START--
INFO: Run Behavior\ContentReplaceBehavior [ RunTime:0.000041s ]
INFO: [ template_filter ] --END-- [ RunTime:0.000081s ]
INFO: Run Behavior\ParseTemplateBehavior [ RunTime:0.005064s ]
INFO: [ view_parse ] --END-- [ RunTime:0.005113s ]
INFO: [ view_filter ] --START--
INFO: Run Behavior\WriteHtmlCacheBehavior [ RunTime:0.000562s ]
INFO: [ view_filter ] --END-- [ RunTime:0.000602s ]
INFO: [ app_end ] --START--
INFO: Run Behavior\ShowPageTraceBehavior [ RunTime:0.000892s ]
INFO: [ app_end ] --END-- [ RunTime:0.000944s ]

[ 2018-02-10T17:54:20+08:00 ] ::1 /kuaidian/index.php/Home/Login/save_login.html
INFO: [ app_init ] --START--
INFO: Run Behavior\BuildLiteBehavior [ RunTime:0.000008s ]
INFO: [ app_init ] --END-- [ RunTime:0.000047s ]
INFO: [ app_begin ] --START--
INFO: Run Behavior\ReadHtmlCacheBehavior [ RunTime:0.000761s ]
INFO: [ app_begin ] --END-- [ RunTime:0.000787s ]
SQL: SHOW COLUMNS FROM `user` [ RunTime:0.0046s ]
SQL: SELECT * FROM `user` WHERE `tel` = '17331939365' LIMIT 1   [ RunTime:0.0008s ]

[ 2018-02-10T17:54:26+08:00 ] ::1 /kuaidian/index.php/Home/Login/save_login.html
INFO: [ app_init ] --START--
INFO: Run Behavior\BuildLiteBehavior [ RunTime:0.000018s ]
INFO: [ app_init ] --END-- [ RunTime:0.000076s ]
INFO: [ app_begin ] --START--
INFO: Run Behavior\ReadHtmlCacheBehavior [ RunTime:0.000882s ]
INFO: [ app_begin ] --END-- [ RunTime:0.000953s ]
SQL: SHOW COLUMNS FROM `user` [ RunTime:0.0039s ]
SQL: SELECT * FROM `user` WHERE `tel` = '17331939365' LIMIT 1   [ RunTime:0.0004s ]

[ 2018-02-10T17:54:26+08:00 ] ::1 /kuaidian/index.php/Home/Cart/save_cart.html
INFO: [ app_init ] --START--
INFO: Run Behavior\BuildLiteBehavior [ RunTime:0.000009s ]
INFO: [ app_init ] --END-- [ RunTime:0.000047s ]
INFO: [ app_begin ] --START--
INFO: Run Behavior\ReadHtmlCacheBehavior [ RunTime:0.000527s ]
INFO: [ app_begin ] --END-- [ RunTime:0.000565s ]
SQL: SHOW COLUMNS FROM `cart` [ RunTime:0.0063s ]
SQL: DELETE FROM `cart` WHERE `user_id` = 18 AND `store_id` = 1 [ RunTime:0.0004s ]
SQL: SELECT * FROM `cart` WHERE `user_id` = 18 AND `goods_id` = 61 AND `status` = 1 AND `store_id` = 1 LIMIT 1   [ RunTime:0.0007s ]
SQL: INSERT INTO `cart` (`user_id`,`goods_id`,`status`,`store_id`,`goods_num`,`goods_type`,`add_time`) VALUES ('18','61','1','1','4','14','2018-02-10 17:54:26') [ RunTime:0.0012s ]

[ 2018-02-10T17:54:26+08:00 ] ::1 /kuaidian/index.php/Home/cart/diandan_info/store_id/1.html
INFO: [ app_init ] --START--
INFO: Run Behavior\BuildLiteBehavior [ RunTime:0.000008s ]
INFO: [ app_init ] --END-- [ RunTime:0.000044s ]
INFO: [ app_begin ] --START--
INFO: Run Behavior\ReadHtmlCacheBehavior [ RunTime:0.000603s ]
INFO: [ app_begin ] --END-- [ RunTime:0.000643s ]
SQL: SHOW COLUMNS FROM `shop` [ RunTime:0.0047s ]
SQL: SELECT `mingch` FROM `shop` WHERE `id` = 1 LIMIT 1   [ RunTime:0.0003s ]
SQL: SHOW COLUMNS FROM `cart` [ RunTime:0.0040s ]
SQL: SELECT * FROM `cart` WHERE `user_id` = 18 AND `store_id` = 1 AND `status` = 1  [ RunTime:0.0003s ]
SQL: SHOW COLUMNS FROM `food` [ RunTime:0.0034s ]
SQL: SELECT `mingch` FROM `food` WHERE `id` = 61 LIMIT 1   [ RunTime:0.0003s ]
SQL: SELECT `jiage_youhui` FROM `food` WHERE `id` = 61 LIMIT 1   [ RunTime:0.0001s ]
SQL: SELECT `jiage_youhui` FROM `food` WHERE `id` = 61 LIMIT 1   [ RunTime:0.0001s ]
INFO: [ view_parse ] --START--
INFO: [ template_filter ] --START--
INFO: Run Behavior\ContentReplaceBehavior [ RunTime:0.000039s ]
INFO: [ template_filter ] --END-- [ RunTime:0.000076s ]
INFO: Run Behavior\ParseTemplateBehavior [ RunTime:0.007221s ]
INFO: [ view_parse ] --END-- [ RunTime:0.007259s ]
INFO: [ view_filter ] --START--
INFO: Run Behavior\WriteHtmlCacheBehavior [ RunTime:0.000608s ]
INFO: [ view_filter ] --END-- [ RunTime:0.000636s ]
INFO: [ app_end ] --START--
INFO: Run Behavior\ShowPageTraceBehavior [ RunTime:0.000680s ]
INFO: [ app_end ] --END-- [ RunTime:0.000701s ]

[ 2018-02-10T17:54:28+08:00 ] ::1 /kuaidian/index.php/Home/Order/save_order.html
INFO: [ app_init ] --START--
INFO: Run Behavior\BuildLiteBehavior [ RunTime:0.000012s ]
INFO: [ app_init ] --END-- [ RunTime:0.000055s ]
INFO: [ app_begin ] --START--
INFO: Run Behavior\ReadHtmlCacheBehavior [ RunTime:0.000563s ]
INFO: [ app_begin ] --END-- [ RunTime:0.000606s ]
SQL: SHOW COLUMNS FROM `order` [ RunTime:0.0457s ]
SQL: INSERT INTO `order` (`order_pnum`,`buyer_name`,`order_remark`,`total_price`,`store_id`,`user_id`,`order_code`,`add_time`) VALUES ('0','','','160','1','18','1802101754281454','2018-02-10 17:54:28') [ RunTime:0.0005s ]
SQL: SHOW COLUMNS FROM `cart` [ RunTime:0.0118s ]
SQL: SELECT * FROM `cart` WHERE `store_id` = 1 AND `user_id` = 18 AND `status` = 1  [ RunTime:0.0011s ]
SQL: SHOW COLUMNS FROM `food` [ RunTime:0.0059s ]
SQL: SELECT `jiage_youhui` FROM `food` WHERE `id` = 61 LIMIT 1   [ RunTime:0.0004s ]
SQL: SHOW COLUMNS FROM `order_fu` [ RunTime:0.0039s ]
SQL: INSERT INTO `order_fu` (`order_id`,`goods_id`,`goods_num`,`store_id`,`goods_price`) VALUES ('96','61','4','1','40') [ RunTime:0.0003s ]
SQL: SELECT COUNT(*) AS tp_count FROM `order_fu` WHERE `order_id` = 96 LIMIT 1   [ RunTime:0.0004s ]
SQL: SHOW COLUMNS FROM `linshijj` [ RunTime:0.0040s ]
SQL: DELETE FROM `linshijj` WHERE `userid` = '18' AND `shopid` = 1 [ RunTime:0.0853s ]
SQL: UPDATE `cart` SET `status`='0' WHERE `store_id` = 1 AND `user_id` = 18 AND `status` = 1 [ RunTime:0.0005s ]
NOTIC: [8] Undefined variable: food_num D:\xampp\htdocs\kuaidian\Application\Home\Controller\OrderController.class.php 第 53 行.

[ 2018-02-10T17:54:28+08:00 ] ::1 /kuaidian/index.php/Home/order/order_info.html
INFO: [ app_init ] --START--
INFO: Run Behavior\BuildLiteBehavior [ RunTime:0.000010s ]
INFO: [ app_init ] --END-- [ RunTime:0.000049s ]
INFO: [ app_begin ] --START--
INFO: Run Behavior\ReadHtmlCacheBehavior [ RunTime:0.000540s ]
INFO: [ app_begin ] --END-- [ RunTime:0.000576s ]
SQL: SHOW COLUMNS FROM `order` [ RunTime:0.0335s ]
SQL: SELECT * FROM `order` WHERE `user_id` = 18  [ RunTime:0.0004s ]
SQL: SHOW COLUMNS FROM `shop` [ RunTime:0.0128s ]
SQL: SELECT `mingch` FROM `shop` WHERE `id` = 1 LIMIT 1   [ RunTime:0.0004s ]
SQL: SELECT `logo` FROM `shop` WHERE `id` = 1 LIMIT 1   [ RunTime:0.0001s ]
SQL: SELECT * FROM `order` WHERE `user_id` = 18 AND `order_status` = 1  [ RunTime:0.0003s ]
SQL: SELECT `mingch` FROM `shop` WHERE `id` = 1 LIMIT 1   [ RunTime:0.0004s ]
SQL: SELECT `logo` FROM `shop` WHERE `id` = 1 LIMIT 1   [ RunTime:0.0001s ]
SQL: SELECT * FROM `order` WHERE `user_id` = 18 AND `is_use` = 0  [ RunTime:0.0003s ]
SQL: SELECT `mingch` FROM `shop` WHERE `id` = 1 LIMIT 1   [ RunTime:0.0001s ]
SQL: SELECT `logo` FROM `shop` WHERE `id` = 1 LIMIT 1   [ RunTime:0.0001s ]
SQL: SELECT * FROM `order` WHERE `user_id` = 18 AND `is_use` = 1  [ RunTime:0.0002s ]
SQL: SELECT * FROM `order` WHERE `user_id` = 18 AND `order_status` = 10  [ RunTime:0.0002s ]
SQL: SELECT * FROM `order` WHERE `user_id` = 18 AND `order_status` = 20  [ RunTime:0.0002s ]
INFO: [ view_parse ] --START--
INFO: [ template_filter ] --START--
INFO: Run Behavior\ContentReplaceBehavior [ RunTime:0.000107s ]
INFO: [ template_filter ] --END-- [ RunTime:0.000144s ]
INFO: Run Behavior\ParseTemplateBehavior [ RunTime:0.012362s ]
INFO: [ view_parse ] --END-- [ RunTime:0.012410s ]
INFO: [ view_filter ] --START--
INFO: Run Behavior\WriteHtmlCacheBehavior [ RunTime:0.000395s ]
INFO: [ view_filter ] --END-- [ RunTime:0.000417s ]
INFO: [ app_end ] --START--
INFO: Run Behavior\ShowPageTraceBehavior [ RunTime:0.000735s ]
INFO: [ app_end ] --END-- [ RunTime:0.000780s ]

