[ 2018-02-23T09:18:15+08:00 ] ::1 /kuaidian/
INFO: [ app_init ] --START--
INFO: Run Behavior\BuildLiteBehavior [ RunTime:0.000014s ]
INFO: [ app_init ] --END-- [ RunTime:0.000771s ]
INFO: [ app_begin ] --START--
INFO: Run Behavior\ReadHtmlCacheBehavior [ RunTime:0.005674s ]
INFO: [ app_begin ] --END-- [ RunTime:0.005743s ]
NOTIC: [8] Undefined index: userid D:\xampp\htdocs\kuaidian\Application\Common\Helper\user_helper.php 第 47 行.
SQL: SHOW COLUMNS FROM `user` [ RunTime:0.0246s ]
SQL: SELECT `photo` FROM `user` WHERE `id` = 1 AND `del_status` = 0 LIMIT 1   [ RunTime:0.0006s ]
SQL: SHOW COLUMNS FROM `shop` [ RunTime:0.0290s ]
SQL: SELECT shop.id,shop.mingch,shop.maney,shop.logo,shop.xingsl,shop.juan,shop_type.mingch as lbname,shop.zuigaolij FROM `shop` INNER JOIN shop_type on shop.type_shop = shop_type.id  WHERE shop.zhuangt = 1  [ RunTime:0.0087s ]
NOTIC: [8] Undefined offset: 1 D:\xampp\htdocs\kuaidian\Application\Home\Controller\IndexController.class.php 第 42 行.
NOTIC: [2] A non-numeric value encountered D:\xampp\htdocs\kuaidian\Application\Home\Controller\IndexController.class.php 第 44 行.
NOTIC: [8] Undefined offset: 1 D:\xampp\htdocs\kuaidian\Application\Home\Controller\IndexController.class.php 第 42 行.
SQL: SHOW COLUMNS FROM `shop_type` [ RunTime:0.0038s ]
SQL: SELECT `mingch` FROM `shop_type` WHERE `zhuangt` = 1  [ RunTime:0.0003s ]
INFO: [ view_parse ] --START--
INFO: [ template_filter ] --START--
INFO: Run Behavior\ContentReplaceBehavior [ RunTime:0.000420s ]
INFO: [ template_filter ] --END-- [ RunTime:0.000459s ]
NOTIC: [8] Use of undefined constant id - assumed 'id' D:\xampp\htdocs\kuaidian\Application\Runtime\Cache\Home\2a94b8bda04ff446dcedd42276fc99ee.php 第 155 行.
SQL: SHOW COLUMNS FROM `seat` [ RunTime:0.0201s ]
SQL: SELECT COUNT(*) AS tp_count FROM `seat` WHERE `dep_shop` = 44 AND `zhuangt` = 1 LIMIT 1   [ RunTime:0.0007s ]
NOTIC: [8] Use of undefined constant id - assumed 'id' D:\xampp\htdocs\kuaidian\Application\Runtime\Cache\Home\2a94b8bda04ff446dcedd42276fc99ee.php 第 155 行.
SQL: SELECT COUNT(*) AS tp_count FROM `seat` WHERE `dep_shop` = 45 AND `zhuangt` = 1 LIMIT 1   [ RunTime:0.0004s ]
INFO: Run Behavior\ParseTemplateBehavior [ RunTime:0.072802s ]
INFO: [ view_parse ] --END-- [ RunTime:0.072840s ]
INFO: [ view_filter ] --START--
INFO: Run Behavior\WriteHtmlCacheBehavior [ RunTime:0.009650s ]
INFO: [ view_filter ] --END-- [ RunTime:0.009701s ]
INFO: [ app_end ] --START--
INFO: Run Behavior\ShowPageTraceBehavior [ RunTime:0.001113s ]
INFO: [ app_end ] --END-- [ RunTime:0.001148s ]

[ 2018-02-23T09:18:15+08:00 ] ::1 /kuaidian/index.php/Home/Index/banner.html
INFO: [ app_init ] --START--
INFO: Run Behavior\BuildLiteBehavior [ RunTime:0.000011s ]
INFO: [ app_init ] --END-- [ RunTime:0.000051s ]
INFO: [ app_begin ] --START--
INFO: Run Behavior\ReadHtmlCacheBehavior [ RunTime:0.000992s ]
INFO: [ app_begin ] --END-- [ RunTime:0.001144s ]
SQL: SHOW COLUMNS FROM `event` [ RunTime:0.0301s ]
SQL: SELECT `pic` FROM `event` WHERE `status` = 1  [ RunTime:0.0007s ]
INFO: [ view_parse ] --START--
INFO: [ template_filter ] --START--
INFO: Run Behavior\ContentReplaceBehavior [ RunTime:0.000041s ]
INFO: [ template_filter ] --END-- [ RunTime:0.000088s ]
INFO: Run Behavior\ParseTemplateBehavior [ RunTime:0.016149s ]
INFO: [ view_parse ] --END-- [ RunTime:0.016200s ]
INFO: [ view_filter ] --START--
INFO: Run Behavior\WriteHtmlCacheBehavior [ RunTime:0.000566s ]
INFO: [ view_filter ] --END-- [ RunTime:0.000594s ]
INFO: [ app_end ] --START--
INFO: Run Behavior\ShowPageTraceBehavior [ RunTime:0.000782s ]
INFO: [ app_end ] --END-- [ RunTime:0.000817s ]

[ 2018-02-23T09:41:11+08:00 ] ::1 /kuaidian/
INFO: [ app_init ] --START--
INFO: Run Behavior\BuildLiteBehavior [ RunTime:0.000010s ]
INFO: [ app_init ] --END-- [ RunTime:0.000097s ]
INFO: [ app_begin ] --START--
INFO: Run Behavior\ReadHtmlCacheBehavior [ RunTime:0.000696s ]
INFO: [ app_begin ] --END-- [ RunTime:0.000730s ]
NOTIC: [8] Undefined index: userid D:\xampp\htdocs\kuaidian\Application\Common\Helper\user_helper.php 第 47 行.
SQL: SHOW COLUMNS FROM `user` [ RunTime:0.0037s ]
SQL: SELECT `photo` FROM `user` WHERE `id` = 1 AND `del_status` = 0 LIMIT 1   [ RunTime:0.0004s ]
SQL: SHOW COLUMNS FROM `shop` [ RunTime:0.0051s ]
SQL: SELECT shop.id,shop.mingch,shop.maney,shop.logo,shop.xingsl,shop.juan,shop_type.mingch as lbname,shop.zuigaolij FROM `shop` INNER JOIN shop_type on shop.type_shop = shop_type.id  WHERE shop.zhuangt = 1  [ RunTime:0.0005s ]
NOTIC: [8] Undefined offset: 1 D:\xampp\htdocs\kuaidian\Application\Home\Controller\IndexController.class.php 第 42 行.
NOTIC: [2] A non-numeric value encountered D:\xampp\htdocs\kuaidian\Application\Home\Controller\IndexController.class.php 第 44 行.
NOTIC: [8] Undefined offset: 1 D:\xampp\htdocs\kuaidian\Application\Home\Controller\IndexController.class.php 第 42 行.
SQL: SHOW COLUMNS FROM `shop_type` [ RunTime:0.0031s ]
SQL: SELECT `mingch` FROM `shop_type` WHERE `zhuangt` = 1  [ RunTime:0.0003s ]
INFO: [ view_parse ] --START--
INFO: [ template_filter ] --START--
INFO: Run Behavior\ContentReplaceBehavior [ RunTime:0.000088s ]
INFO: [ template_filter ] --END-- [ RunTime:0.000130s ]
NOTIC: [8] Use of undefined constant id - assumed 'id' D:\xampp\htdocs\kuaidian\Application\Runtime\Cache\Home\2a94b8bda04ff446dcedd42276fc99ee.php 第 155 行.
SQL: SHOW COLUMNS FROM `seat` [ RunTime:0.0039s ]
SQL: SELECT COUNT(*) AS tp_count FROM `seat` WHERE `dep_shop` = 44 AND `zhuangt` = 1 LIMIT 1   [ RunTime:0.0003s ]
NOTIC: [8] Use of undefined constant id - assumed 'id' D:\xampp\htdocs\kuaidian\Application\Runtime\Cache\Home\2a94b8bda04ff446dcedd42276fc99ee.php 第 155 行.
SQL: SELECT COUNT(*) AS tp_count FROM `seat` WHERE `dep_shop` = 45 AND `zhuangt` = 1 LIMIT 1   [ RunTime:0.0001s ]
INFO: Run Behavior\ParseTemplateBehavior [ RunTime:0.015310s ]
INFO: [ view_parse ] --END-- [ RunTime:0.015335s ]
INFO: [ view_filter ] --START--
INFO: Run Behavior\WriteHtmlCacheBehavior [ RunTime:0.000671s ]
INFO: [ view_filter ] --END-- [ RunTime:0.000693s ]
INFO: [ app_end ] --START--
INFO: Run Behavior\ShowPageTraceBehavior [ RunTime:0.000749s ]
INFO: [ app_end ] --END-- [ RunTime:0.000785s ]

[ 2018-02-23T09:41:11+08:00 ] ::1 /kuaidian/index.php/Home/Index/banner.html
INFO: [ app_init ] --START--
INFO: Run Behavior\BuildLiteBehavior [ RunTime:0.000012s ]
INFO: [ app_init ] --END-- [ RunTime:0.000057s ]
INFO: [ app_begin ] --START--
INFO: Run Behavior\ReadHtmlCacheBehavior [ RunTime:0.000939s ]
INFO: [ app_begin ] --END-- [ RunTime:0.000996s ]
SQL: SHOW COLUMNS FROM `event` [ RunTime:0.0037s ]
SQL: SELECT `pic` FROM `event` WHERE `status` = 1  [ RunTime:0.0004s ]
INFO: [ view_parse ] --START--
INFO: [ template_filter ] --START--
INFO: Run Behavior\ContentReplaceBehavior [ RunTime:0.000054s ]
INFO: [ template_filter ] --END-- [ RunTime:0.000118s ]
INFO: Run Behavior\ParseTemplateBehavior [ RunTime:0.008676s ]
INFO: [ view_parse ] --END-- [ RunTime:0.008727s ]
INFO: [ view_filter ] --START--
INFO: Run Behavior\WriteHtmlCacheBehavior [ RunTime:0.000467s ]
INFO: [ view_filter ] --END-- [ RunTime:0.000491s ]
INFO: [ app_end ] --START--
INFO: Run Behavior\ShowPageTraceBehavior [ RunTime:0.000672s ]
INFO: [ app_end ] --END-- [ RunTime:0.000699s ]

[ 2018-02-23T09:41:12+08:00 ] ::1 /kuaidian/index.php/Home/Index/detail/shopid/44.html
INFO: [ app_init ] --START--
INFO: Run Behavior\BuildLiteBehavior [ RunTime:0.000008s ]
INFO: [ app_init ] --END-- [ RunTime:0.000067s ]
INFO: [ app_begin ] --START--
INFO: Run Behavior\ReadHtmlCacheBehavior [ RunTime:0.000386s ]
INFO: [ app_begin ] --END-- [ RunTime:0.000409s ]
SQL: SHOW COLUMNS FROM `shop` [ RunTime:0.0041s ]
SQL: SELECT * FROM `shop` WHERE `id` = 44  [ RunTime:0.0006s ]
SQL: SHOW COLUMNS FROM `seat` [ RunTime:0.0040s ]
SQL: SELECT COUNT(*) AS tp_count FROM `seat` WHERE `dep_shop` = 44 AND `zhuangt` = 1 LIMIT 1   [ RunTime:0.0005s ]
NOTIC: [8] Undefined offset: 1 D:\xampp\htdocs\kuaidian\Application\Home\Controller\IndexController.class.php 第 113 行.
NOTIC: [2] A non-numeric value encountered D:\xampp\htdocs\kuaidian\Application\Home\Controller\IndexController.class.php 第 115 行.
SQL: SHOW COLUMNS FROM `food_type` [ RunTime:0.0033s ]
SQL: SELECT * FROM `food_type` WHERE `dep_type` = 44 ORDER BY paix desc  [ RunTime:0.0003s ]
SQL: SHOW COLUMNS FROM `food` [ RunTime:0.0033s ]
SQL: SELECT food.id,food.zhuangt,food.mingch as cpmingch,food.food_type,food_type.mingch,food.kwid as kouwei,food.logo,food.jiage as yuanjia,food.jiage_youhui as shoujia,cpdanwei.mingch as danweimc,food.dwid FROM `food` left join food_type ON food_type.id = food.food_type left join cpdanwei ON cpdanwei.id = food.dwid  WHERE food.dep_shop = '44' ORDER BY food.id asc  [ RunTime:0.0005s ]
NOTIC: [8] Undefined index: food_num D:\xampp\htdocs\kuaidian\Application\Home\Controller\IndexController.class.php 第 179 行.
NOTIC: [2] Invalid argument supplied for foreach() D:\xampp\htdocs\kuaidian\Application\Home\Controller\IndexController.class.php 第 184 行.
NOTIC: [2] Invalid argument supplied for foreach() D:\xampp\htdocs\kuaidian\Application\Home\Controller\IndexController.class.php 第 184 行.
NOTIC: [2] Invalid argument supplied for foreach() D:\xampp\htdocs\kuaidian\Application\Home\Controller\IndexController.class.php 第 184 行.
NOTIC: [2] Invalid argument supplied for foreach() D:\xampp\htdocs\kuaidian\Application\Home\Controller\IndexController.class.php 第 184 行.
NOTIC: [2] Invalid argument supplied for foreach() D:\xampp\htdocs\kuaidian\Application\Home\Controller\IndexController.class.php 第 184 行.
NOTIC: [8] Undefined index: foodnum D:\xampp\htdocs\kuaidian\Application\Home\Controller\IndexController.class.php 第 214 行.
NOTIC: [8] Undefined index: foodnum D:\xampp\htdocs\kuaidian\Application\Home\Controller\IndexController.class.php 第 214 行.
NOTIC: [8] Undefined index: foodnum D:\xampp\htdocs\kuaidian\Application\Home\Controller\IndexController.class.php 第 214 行.
NOTIC: [8] Undefined index: foodnum D:\xampp\htdocs\kuaidian\Application\Home\Controller\IndexController.class.php 第 214 行.
NOTIC: [8] Undefined index: foodnum D:\xampp\htdocs\kuaidian\Application\Home\Controller\IndexController.class.php 第 214 行.
INFO: [ view_parse ] --START--
INFO: [ template_filter ] --START--
INFO: Run Behavior\ContentReplaceBehavior [ RunTime:0.000128s ]
INFO: [ template_filter ] --END-- [ RunTime:0.000172s ]
NOTIC: [8] Use of undefined constant zhuangt - assumed 'zhuangt' D:\xampp\htdocs\kuaidian\Application\Runtime\Cache\Home\1223f42a89e823bf89547594651162de.php 第 96 行.
NOTIC: [8] Use of undefined constant zhuangt - assumed 'zhuangt' D:\xampp\htdocs\kuaidian\Application\Runtime\Cache\Home\1223f42a89e823bf89547594651162de.php 第 121 行.
NOTIC: [8] Undefined index: foodnum D:\xampp\htdocs\kuaidian\Application\Runtime\Cache\Home\1223f42a89e823bf89547594651162de.php 第 122 行.
NOTIC: [8] Use of undefined constant zhuangt - assumed 'zhuangt' D:\xampp\htdocs\kuaidian\Application\Runtime\Cache\Home\1223f42a89e823bf89547594651162de.php 第 96 行.
NOTIC: [8] Use of undefined constant zhuangt - assumed 'zhuangt' D:\xampp\htdocs\kuaidian\Application\Runtime\Cache\Home\1223f42a89e823bf89547594651162de.php 第 121 行.
NOTIC: [8] Undefined index: foodnum D:\xampp\htdocs\kuaidian\Application\Runtime\Cache\Home\1223f42a89e823bf89547594651162de.php 第 122 行.
NOTIC: [8] Use of undefined constant zhuangt - assumed 'zhuangt' D:\xampp\htdocs\kuaidian\Application\Runtime\Cache\Home\1223f42a89e823bf89547594651162de.php 第 96 行.
NOTIC: [8] Use of undefined constant zhuangt - assumed 'zhuangt' D:\xampp\htdocs\kuaidian\Application\Runtime\Cache\Home\1223f42a89e823bf89547594651162de.php 第 121 行.
NOTIC: [8] Undefined index: foodnum D:\xampp\htdocs\kuaidian\Application\Runtime\Cache\Home\1223f42a89e823bf89547594651162de.php 第 122 行.
NOTIC: [8] Use of undefined constant line_type - assumed 'line_type' D:\xampp\htdocs\kuaidian\Application\Runtime\Cache\Home\1223f42a89e823bf89547594651162de.php 第 432 行.
NOTIC: [8] Use of undefined constant zuoweishu - assumed 'zuoweishu' D:\xampp\htdocs\kuaidian\Application\Runtime\Cache\Home\1223f42a89e823bf89547594651162de.php 第 460 行.
INFO: Run Behavior\ParseTemplateBehavior [ RunTime:0.010397s ]
INFO: [ view_parse ] --END-- [ RunTime:0.010433s ]
INFO: [ view_filter ] --START--
INFO: Run Behavior\WriteHtmlCacheBehavior [ RunTime:0.000281s ]
INFO: [ view_filter ] --END-- [ RunTime:0.000302s ]
INFO: [ app_end ] --START--
INFO: Run Behavior\ShowPageTraceBehavior [ RunTime:0.000757s ]
INFO: [ app_end ] --END-- [ RunTime:0.000806s ]

[ 2018-02-23T09:41:15+08:00 ] ::1 /kuaidian/index.php/Home/Cart/save_cart.html
INFO: [ app_init ] --START--
INFO: Run Behavior\BuildLiteBehavior [ RunTime:0.000010s ]
INFO: [ app_init ] --END-- [ RunTime:0.000047s ]
INFO: [ app_begin ] --START--
INFO: Run Behavior\ReadHtmlCacheBehavior [ RunTime:0.000431s ]
INFO: [ app_begin ] --END-- [ RunTime:0.000463s ]
NOTIC: [8] Undefined index: userid D:\xampp\htdocs\kuaidian\Application\Common\Helper\user_helper.php 第 47 行.
NOTIC: [8] Undefined index: food_num D:\xampp\htdocs\kuaidian\Application\Home\Controller\CartController.class.php 第 29 行.

[ 2018-02-23T09:41:15+08:00 ] ::1 /kuaidian/index.php/Home/Login/index/is_cart/1/shopid/44.html
INFO: [ app_init ] --START--
INFO: Run Behavior\BuildLiteBehavior [ RunTime:0.000009s ]
INFO: [ app_init ] --END-- [ RunTime:0.000045s ]
INFO: [ app_begin ] --START--
INFO: Run Behavior\ReadHtmlCacheBehavior [ RunTime:0.000447s ]
INFO: [ app_begin ] --END-- [ RunTime:0.000480s ]
INFO: [ view_parse ] --START--
INFO: [ template_filter ] --START--
INFO: Run Behavior\ContentReplaceBehavior [ RunTime:0.000040s ]
INFO: [ template_filter ] --END-- [ RunTime:0.000079s ]
INFO: Run Behavior\ParseTemplateBehavior [ RunTime:0.012576s ]
INFO: [ view_parse ] --END-- [ RunTime:0.012628s ]
INFO: [ view_filter ] --START--
INFO: Run Behavior\WriteHtmlCacheBehavior [ RunTime:0.000489s ]
INFO: [ view_filter ] --END-- [ RunTime:0.000512s ]
INFO: [ app_end ] --START--
INFO: Run Behavior\ShowPageTraceBehavior [ RunTime:0.000430s ]
INFO: [ app_end ] --END-- [ RunTime:0.000452s ]

