[ 2018-01-13T09:55:22+08:00 ] 192.168.0.107 /kuaidian/index.php/home/event/index
INFO: [ app_init ] --START--
INFO: Run Behavior\BuildLiteBehavior [ RunTime:0.000000s ]
INFO: [ app_init ] --END-- [ RunTime:0.001000s ]
INFO: [ app_begin ] --START--
INFO: Run Behavior\ReadHtmlCacheBehavior [ RunTime:0.001000s ]
INFO: [ app_begin ] --END-- [ RunTime:0.001000s ]
SQL: SHOW COLUMNS FROM `event` [ RunTime:0.0040s ]
SQL: SELECT * FROM `event` WHERE `status` = 1  [ RunTime:0.0000s ]

[ 2018-01-13T10:49:03+08:00 ] 192.168.0.106 /kuaidian/index.php
INFO: [ app_init ] --START--
INFO: Run Behavior\BuildLiteBehavior [ RunTime:0.000000s ]
INFO: [ app_init ] --END-- [ RunTime:0.001000s ]
INFO: [ app_begin ] --START--
INFO: Run Behavior\ReadHtmlCacheBehavior [ RunTime:0.001000s ]
INFO: [ app_begin ] --END-- [ RunTime:0.001000s ]
SQL: SHOW COLUMNS FROM `shop` [ RunTime:0.0040s ]
SQL: SELECT `mingch`,`maney`,`logo`,`juan` FROM `shop` WHERE `zhuangt` = 1  [ RunTime:0.0000s ]

[ 2018-01-13T10:49:06+08:00 ] 192.168.0.106 /kuaidian/index.php
INFO: [ app_init ] --START--
INFO: Run Behavior\BuildLiteBehavior [ RunTime:0.000000s ]
INFO: [ app_init ] --END-- [ RunTime:0.000000s ]
INFO: [ app_begin ] --START--
INFO: Run Behavior\ReadHtmlCacheBehavior [ RunTime:0.000000s ]
INFO: [ app_begin ] --END-- [ RunTime:0.000000s ]
SQL: SHOW COLUMNS FROM `shop` [ RunTime:0.0040s ]
SQL: SELECT `mingch`,`maney`,`logo`,`juan` FROM `shop` WHERE `zhuangt` = 1  [ RunTime:0.0000s ]

[ 2018-01-13T10:49:07+08:00 ] 192.168.0.106 /kuaidian/index.php
INFO: [ app_init ] --START--
INFO: Run Behavior\BuildLiteBehavior [ RunTime:0.000000s ]
INFO: [ app_init ] --END-- [ RunTime:0.001000s ]
INFO: [ app_begin ] --START--
INFO: Run Behavior\ReadHtmlCacheBehavior [ RunTime:0.001000s ]
INFO: [ app_begin ] --END-- [ RunTime:0.001000s ]
SQL: SHOW COLUMNS FROM `shop` [ RunTime:0.0040s ]
SQL: SELECT `mingch`,`maney`,`logo`,`juan` FROM `shop` WHERE `zhuangt` = 1  [ RunTime:0.0010s ]

[ 2018-01-13T10:49:08+08:00 ] 192.168.0.106 /kuaidian/index.php
INFO: [ app_init ] --START--
INFO: Run Behavior\BuildLiteBehavior [ RunTime:0.000000s ]
INFO: [ app_init ] --END-- [ RunTime:0.000000s ]
INFO: [ app_begin ] --START--
INFO: Run Behavior\ReadHtmlCacheBehavior [ RunTime:0.001000s ]
INFO: [ app_begin ] --END-- [ RunTime:0.001000s ]
SQL: SHOW COLUMNS FROM `shop` [ RunTime:0.0030s ]
SQL: SELECT `mingch`,`maney`,`logo`,`juan` FROM `shop` WHERE `zhuangt` = 1  [ RunTime:0.0000s ]

[ 2018-01-13T14:03:42+08:00 ] ::1 /kuaidian/
INFO: [ app_init ] --START--
INFO: Run Behavior\BuildLiteBehavior [ RunTime:0.000000s ]
INFO: [ app_init ] --END-- [ RunTime:0.001000s ]
INFO: [ app_begin ] --START--
INFO: Run Behavior\ReadHtmlCacheBehavior [ RunTime:0.001000s ]
INFO: [ app_begin ] --END-- [ RunTime:0.001000s ]
SQL: SHOW COLUMNS FROM `shop` [ RunTime:0.0250s ]
SQL: SELECT `mingch`,`maney`,`logo`,`juan` FROM `shop` WHERE `zhuangt` = 1  [ RunTime:0.0000s ]

[ 2018-01-13T14:04:03+08:00 ] ::1 /kuaidian/index.php
INFO: [ app_init ] --START--
INFO: Run Behavior\BuildLiteBehavior [ RunTime:0.000000s ]
INFO: [ app_init ] --END-- [ RunTime:0.001000s ]
INFO: [ app_begin ] --START--
INFO: Run Behavior\ReadHtmlCacheBehavior [ RunTime:0.001000s ]
INFO: [ app_begin ] --END-- [ RunTime:0.001000s ]
SQL: SHOW COLUMNS FROM `shop` [ RunTime:0.0030s ]
SQL: SELECT `mingch`,`maney`,`logo`,`juan` FROM `shop` WHERE `zhuangt` = 1  [ RunTime:0.0000s ]

