[ 2018-02-05T10:31:26+08:00 ] ::1 /-/index.php/Home/index/
INFO: [ app_init ] --START--
INFO: Run Behavior\BuildLiteBehavior [ RunTime:0.000044s ]
INFO: [ app_init ] --END-- [ RunTime:0.000267s ]
INFO: [ app_begin ] --START--
INFO: Run Behavior\ReadHtmlCacheBehavior [ RunTime:0.001434s ]
INFO: [ app_begin ] --END-- [ RunTime:0.001689s ]
NOTIC: [8] Undefined index: userid E:\wamp64\www\-\Application\Common\Helper\user_helper.php 第 47 行.
SQL: SHOW COLUMNS FROM `user` [ RunTime:0.0543s ]
SQL: SELECT `photo` FROM `user` WHERE `id` = 1 AND `del_status` = 0 LIMIT 1   [ RunTime:0.0012s ]
SQL: SHOW COLUMNS FROM `shop` [ RunTime:0.0080s ]
SQL: SELECT shop.id,shop.mingch,shop.maney,shop.logo,shop.xingsl,shop.juan,shop_type.mingch as lbname,shop.zuigaolij FROM `shop` INNER JOIN shop_type on shop.type_shop = shop_type.id  WHERE shop.zhuangt = 1  [ RunTime:0.0203s ]
NOTIC: [8] Undefined offset: 1 E:\wamp64\www\-\Application\Home\Controller\IndexController.class.php 第 42 行.
NOTIC: [8] Undefined offset: 1 E:\wamp64\www\-\Application\Home\Controller\IndexController.class.php 第 42 行.
NOTIC: [8] Undefined offset: 1 E:\wamp64\www\-\Application\Home\Controller\IndexController.class.php 第 42 行.
SQL: SHOW COLUMNS FROM `shop_type` [ RunTime:0.0056s ]
SQL: SELECT `mingch` FROM `shop_type` WHERE `zhuangt` = 1  [ RunTime:0.0010s ]
INFO: [ view_parse ] --START--
INFO: [ template_filter ] --START--
INFO: Run Behavior\ContentReplaceBehavior [ RunTime:0.000209s ]
INFO: [ template_filter ] --END-- [ RunTime:0.000470s ]
NOTIC: [8] Use of undefined constant id - assumed 'id' E:\wamp64\www\-\Application\Runtime\Cache\Home\2a94b8bda04ff446dcedd42276fc99ee.php 第 155 行.
SQL: SHOW COLUMNS FROM `seat` [ RunTime:0.0217s ]
SQL: SELECT COUNT(*) AS tp_count FROM `seat` WHERE `dep_shop` = 1 AND `zhuangt` = 1 LIMIT 1   [ RunTime:0.0011s ]
NOTIC: [8] Use of undefined constant id - assumed 'id' E:\wamp64\www\-\Application\Runtime\Cache\Home\2a94b8bda04ff446dcedd42276fc99ee.php 第 155 行.
SQL: SELECT COUNT(*) AS tp_count FROM `seat` WHERE `dep_shop` = 3 AND `zhuangt` = 1 LIMIT 1   [ RunTime:0.0009s ]
NOTIC: [8] Use of undefined constant id - assumed 'id' E:\wamp64\www\-\Application\Runtime\Cache\Home\2a94b8bda04ff446dcedd42276fc99ee.php 第 155 行.
SQL: SELECT COUNT(*) AS tp_count FROM `seat` WHERE `dep_shop` = 24 AND `zhuangt` = 1 LIMIT 1   [ RunTime:0.0011s ]
NOTIC: [8] Use of undefined constant id - assumed 'id' E:\wamp64\www\-\Application\Runtime\Cache\Home\2a94b8bda04ff446dcedd42276fc99ee.php 第 155 行.
SQL: SELECT COUNT(*) AS tp_count FROM `seat` WHERE `dep_shop` = 25 AND `zhuangt` = 1 LIMIT 1   [ RunTime:0.0009s ]
NOTIC: [8] Use of undefined constant id - assumed 'id' E:\wamp64\www\-\Application\Runtime\Cache\Home\2a94b8bda04ff446dcedd42276fc99ee.php 第 155 行.
SQL: SELECT COUNT(*) AS tp_count FROM `seat` WHERE `dep_shop` = 27 AND `zhuangt` = 1 LIMIT 1   [ RunTime:0.0010s ]
INFO: Run Behavior\ParseTemplateBehavior [ RunTime:0.057382s ]
INFO: [ view_parse ] --END-- [ RunTime:0.057641s ]
INFO: [ view_filter ] --START--
INFO: Run Behavior\WriteHtmlCacheBehavior [ RunTime:0.001526s ]
INFO: [ view_filter ] --END-- [ RunTime:0.001775s ]
INFO: [ app_end ] --START--
INFO: Run Behavior\ShowPageTraceBehavior [ RunTime:0.001635s ]
INFO: [ app_end ] --END-- [ RunTime:0.001892s ]

[ 2018-02-05T10:31:26+08:00 ] ::1 /-/index.php/Home/Index/banner.html
INFO: [ app_init ] --START--
INFO: Run Behavior\BuildLiteBehavior [ RunTime:0.000045s ]
INFO: [ app_init ] --END-- [ RunTime:0.000269s ]
INFO: [ app_begin ] --START--
INFO: Run Behavior\ReadHtmlCacheBehavior [ RunTime:0.001501s ]
INFO: [ app_begin ] --END-- [ RunTime:0.001765s ]
SQL: SHOW COLUMNS FROM `event` [ RunTime:0.0327s ]
SQL: SELECT `pic` FROM `event` WHERE `status` = 1  [ RunTime:0.0053s ]
INFO: [ view_parse ] --START--
INFO: [ template_filter ] --START--
INFO: Run Behavior\ContentReplaceBehavior [ RunTime:0.000122s ]
INFO: [ template_filter ] --END-- [ RunTime:0.000330s ]
INFO: Run Behavior\ParseTemplateBehavior [ RunTime:0.017212s ]
INFO: [ view_parse ] --END-- [ RunTime:0.017496s ]
INFO: [ view_filter ] --START--
INFO: Run Behavior\WriteHtmlCacheBehavior [ RunTime:0.000948s ]
INFO: [ view_filter ] --END-- [ RunTime:0.001184s ]
INFO: [ app_end ] --START--
INFO: Run Behavior\ShowPageTraceBehavior [ RunTime:0.001235s ]
INFO: [ app_end ] --END-- [ RunTime:0.001466s ]

[ 2018-02-05T10:34:37+08:00 ] ::1 /-/index.php/Home/index/
INFO: [ app_init ] --START--
INFO: Run Behavior\BuildLiteBehavior [ RunTime:0.000038s ]
INFO: [ app_init ] --END-- [ RunTime:0.000225s ]
INFO: [ app_begin ] --START--
INFO: Run Behavior\ReadHtmlCacheBehavior [ RunTime:0.000892s ]
INFO: [ app_begin ] --END-- [ RunTime:0.001130s ]
NOTIC: [8] Undefined index: userid E:\wamp64\www\-\Application\Common\Helper\user_helper.php 第 47 行.
SQL: SHOW COLUMNS FROM `user` [ RunTime:0.0092s ]
SQL: SELECT `photo` FROM `user` WHERE `id` = 1 AND `del_status` = 0 LIMIT 1   [ RunTime:0.0010s ]
SQL: SHOW COLUMNS FROM `shop` [ RunTime:0.0104s ]
SQL: SELECT shop.id,shop.mingch,shop.maney,shop.logo,shop.xingsl,shop.juan,shop_type.mingch as lbname,shop.zuigaolij FROM `shop` INNER JOIN shop_type on shop.type_shop = shop_type.id  WHERE shop.zhuangt = 1  [ RunTime:0.0018s ]
NOTIC: [8] Undefined offset: 1 E:\wamp64\www\-\Application\Home\Controller\IndexController.class.php 第 42 行.
NOTIC: [8] Undefined offset: 1 E:\wamp64\www\-\Application\Home\Controller\IndexController.class.php 第 42 行.
NOTIC: [8] Undefined offset: 1 E:\wamp64\www\-\Application\Home\Controller\IndexController.class.php 第 42 行.
SQL: SHOW COLUMNS FROM `shop_type` [ RunTime:0.0071s ]
SQL: SELECT `mingch` FROM `shop_type` WHERE `zhuangt` = 1  [ RunTime:0.0010s ]
INFO: [ view_parse ] --START--
INFO: [ template_filter ] --START--
INFO: Run Behavior\ContentReplaceBehavior [ RunTime:0.000177s ]
INFO: [ template_filter ] --END-- [ RunTime:0.000361s ]
NOTIC: [8] Use of undefined constant id - assumed 'id' E:\wamp64\www\-\Application\Runtime\Cache\Home\2a94b8bda04ff446dcedd42276fc99ee.php 第 155 行.
SQL: SHOW COLUMNS FROM `seat` [ RunTime:0.0080s ]
SQL: SELECT COUNT(*) AS tp_count FROM `seat` WHERE `dep_shop` = 1 AND `zhuangt` = 1 LIMIT 1   [ RunTime:0.0012s ]
NOTIC: [8] Use of undefined constant id - assumed 'id' E:\wamp64\www\-\Application\Runtime\Cache\Home\2a94b8bda04ff446dcedd42276fc99ee.php 第 155 行.
SQL: SELECT COUNT(*) AS tp_count FROM `seat` WHERE `dep_shop` = 3 AND `zhuangt` = 1 LIMIT 1   [ RunTime:0.0010s ]
NOTIC: [8] Use of undefined constant id - assumed 'id' E:\wamp64\www\-\Application\Runtime\Cache\Home\2a94b8bda04ff446dcedd42276fc99ee.php 第 155 行.
SQL: SELECT COUNT(*) AS tp_count FROM `seat` WHERE `dep_shop` = 24 AND `zhuangt` = 1 LIMIT 1   [ RunTime:0.0012s ]
NOTIC: [8] Use of undefined constant id - assumed 'id' E:\wamp64\www\-\Application\Runtime\Cache\Home\2a94b8bda04ff446dcedd42276fc99ee.php 第 155 行.
SQL: SELECT COUNT(*) AS tp_count FROM `seat` WHERE `dep_shop` = 25 AND `zhuangt` = 1 LIMIT 1   [ RunTime:0.0009s ]
NOTIC: [8] Use of undefined constant id - assumed 'id' E:\wamp64\www\-\Application\Runtime\Cache\Home\2a94b8bda04ff446dcedd42276fc99ee.php 第 155 行.
SQL: SELECT COUNT(*) AS tp_count FROM `seat` WHERE `dep_shop` = 27 AND `zhuangt` = 1 LIMIT 1   [ RunTime:0.0009s ]
INFO: Run Behavior\ParseTemplateBehavior [ RunTime:0.037443s ]
INFO: [ view_parse ] --END-- [ RunTime:0.037640s ]
INFO: [ view_filter ] --START--
INFO: Run Behavior\WriteHtmlCacheBehavior [ RunTime:0.000981s ]
INFO: [ view_filter ] --END-- [ RunTime:0.001186s ]
INFO: [ app_end ] --START--
INFO: Run Behavior\ShowPageTraceBehavior [ RunTime:0.001317s ]
INFO: [ app_end ] --END-- [ RunTime:0.001552s ]

[ 2018-02-05T10:34:37+08:00 ] ::1 /-/index.php/Home/Index/banner.html
INFO: [ app_init ] --START--
INFO: Run Behavior\BuildLiteBehavior [ RunTime:0.000051s ]
INFO: [ app_init ] --END-- [ RunTime:0.000304s ]
INFO: [ app_begin ] --START--
INFO: Run Behavior\ReadHtmlCacheBehavior [ RunTime:0.001153s ]
INFO: [ app_begin ] --END-- [ RunTime:0.001432s ]
SQL: SHOW COLUMNS FROM `event` [ RunTime:0.0078s ]
SQL: SELECT `pic` FROM `event` WHERE `status` = 1  [ RunTime:0.0012s ]
INFO: [ view_parse ] --START--
INFO: [ template_filter ] --START--
INFO: Run Behavior\ContentReplaceBehavior [ RunTime:0.000128s ]
INFO: [ template_filter ] --END-- [ RunTime:0.000348s ]
INFO: Run Behavior\ParseTemplateBehavior [ RunTime:0.012650s ]
INFO: [ view_parse ] --END-- [ RunTime:0.012914s ]
INFO: [ view_filter ] --START--
INFO: Run Behavior\WriteHtmlCacheBehavior [ RunTime:0.001192s ]
INFO: [ view_filter ] --END-- [ RunTime:0.001425s ]
INFO: [ app_end ] --START--
INFO: Run Behavior\ShowPageTraceBehavior [ RunTime:0.001139s ]
INFO: [ app_end ] --END-- [ RunTime:0.001324s ]

[ 2018-02-05T10:48:38+08:00 ] ::1 /-/index.php/Home/Index/detail/shopid/1.html
INFO: [ app_init ] --START--
INFO: Run Behavior\BuildLiteBehavior [ RunTime:0.000037s ]
INFO: [ app_init ] --END-- [ RunTime:0.000239s ]
INFO: [ app_begin ] --START--
INFO: Run Behavior\ReadHtmlCacheBehavior [ RunTime:0.001104s ]
INFO: [ app_begin ] --END-- [ RunTime:0.001391s ]
SQL: SHOW COLUMNS FROM `shop` [ RunTime:0.0102s ]
SQL: SELECT * FROM `shop` WHERE `id` = 1  [ RunTime:0.0023s ]
SQL: SHOW COLUMNS FROM `seat` [ RunTime:0.0077s ]
SQL: SELECT COUNT(*) AS tp_count FROM `seat` WHERE `dep_shop` = 1 AND `zhuangt` = 1 LIMIT 1   [ RunTime:0.0014s ]
SQL: SHOW COLUMNS FROM `food_type` [ RunTime:0.0077s ]
SQL: SELECT * FROM `food_type` WHERE `dep_type` = 1 ORDER BY paix desc  [ RunTime:0.0015s ]
SQL: SHOW COLUMNS FROM `food` [ RunTime:0.0080s ]
SQL: SELECT food.id,food.zhuangt,food.mingch as cpmingch,food.food_type,food_type.mingch,food.kwid as kouwei,food.logo,food.jiage as yuanjia,food.jiage_youhui as shoujia,cpdanwei.mingch as danweimc,food.dwid FROM `food` left join food_type ON food_type.id = food.food_type left join cpdanwei ON cpdanwei.id = food.dwid  WHERE food.dep_shop = 1 ORDER BY food.id asc  [ RunTime:0.0023s ]
NOTIC: [8] Undefined index: food_num E:\wamp64\www\-\Application\Home\Controller\IndexController.class.php 第 178 行.
NOTIC: [2] Invalid argument supplied for foreach() E:\wamp64\www\-\Application\Home\Controller\IndexController.class.php 第 182 行.
NOTIC: [2] Invalid argument supplied for foreach() E:\wamp64\www\-\Application\Home\Controller\IndexController.class.php 第 182 行.
NOTIC: [2] Invalid argument supplied for foreach() E:\wamp64\www\-\Application\Home\Controller\IndexController.class.php 第 182 行.
NOTIC: [2] Invalid argument supplied for foreach() E:\wamp64\www\-\Application\Home\Controller\IndexController.class.php 第 182 行.
NOTIC: [2] Invalid argument supplied for foreach() E:\wamp64\www\-\Application\Home\Controller\IndexController.class.php 第 182 行.
NOTIC: [2] Invalid argument supplied for foreach() E:\wamp64\www\-\Application\Home\Controller\IndexController.class.php 第 182 行.
NOTIC: [2] Invalid argument supplied for foreach() E:\wamp64\www\-\Application\Home\Controller\IndexController.class.php 第 182 行.
NOTIC: [8] Undefined index: foodnum E:\wamp64\www\-\Application\Home\Controller\IndexController.class.php 第 212 行.
NOTIC: [8] Undefined index: foodnum E:\wamp64\www\-\Application\Home\Controller\IndexController.class.php 第 212 行.
NOTIC: [8] Undefined index: foodnum E:\wamp64\www\-\Application\Home\Controller\IndexController.class.php 第 212 行.
NOTIC: [8] Undefined index: foodnum E:\wamp64\www\-\Application\Home\Controller\IndexController.class.php 第 212 行.
NOTIC: [8] Undefined index: foodnum E:\wamp64\www\-\Application\Home\Controller\IndexController.class.php 第 212 行.
NOTIC: [8] Undefined index: foodnum E:\wamp64\www\-\Application\Home\Controller\IndexController.class.php 第 212 行.
NOTIC: [8] Undefined index: foodnum E:\wamp64\www\-\Application\Home\Controller\IndexController.class.php 第 212 行.
INFO: [ view_parse ] --START--
INFO: [ template_filter ] --START--
INFO: Run Behavior\ContentReplaceBehavior [ RunTime:0.000297s ]
INFO: [ template_filter ] --END-- [ RunTime:0.000466s ]
NOTIC: [8] Use of undefined constant zhuangt - assumed 'zhuangt' E:\wamp64\www\-\Application\Runtime\Cache\Home\1223f42a89e823bf89547594651162de.php 第 98 行.
NOTIC: [8] Use of undefined constant zhuangt - assumed 'zhuangt' E:\wamp64\www\-\Application\Runtime\Cache\Home\1223f42a89e823bf89547594651162de.php 第 123 行.
NOTIC: [8] Undefined index: foodnum E:\wamp64\www\-\Application\Runtime\Cache\Home\1223f42a89e823bf89547594651162de.php 第 124 行.
NOTIC: [8] Use of undefined constant zhuangt - assumed 'zhuangt' E:\wamp64\www\-\Application\Runtime\Cache\Home\1223f42a89e823bf89547594651162de.php 第 98 行.
NOTIC: [8] Use of undefined constant zhuangt - assumed 'zhuangt' E:\wamp64\www\-\Application\Runtime\Cache\Home\1223f42a89e823bf89547594651162de.php 第 123 行.
NOTIC: [8] Use of undefined constant zhuangt - assumed 'zhuangt' E:\wamp64\www\-\Application\Runtime\Cache\Home\1223f42a89e823bf89547594651162de.php 第 98 行.
NOTIC: [8] Use of undefined constant zhuangt - assumed 'zhuangt' E:\wamp64\www\-\Application\Runtime\Cache\Home\1223f42a89e823bf89547594651162de.php 第 123 行.
NOTIC: [8] Undefined index: foodnum E:\wamp64\www\-\Application\Runtime\Cache\Home\1223f42a89e823bf89547594651162de.php 第 124 行.
NOTIC: [8] Use of undefined constant zhuangt - assumed 'zhuangt' E:\wamp64\www\-\Application\Runtime\Cache\Home\1223f42a89e823bf89547594651162de.php 第 98 行.
NOTIC: [8] Use of undefined constant zhuangt - assumed 'zhuangt' E:\wamp64\www\-\Application\Runtime\Cache\Home\1223f42a89e823bf89547594651162de.php 第 123 行.
NOTIC: [8] Undefined index: foodnum E:\wamp64\www\-\Application\Runtime\Cache\Home\1223f42a89e823bf89547594651162de.php 第 124 行.
NOTIC: [8] Use of undefined constant zhuangt - assumed 'zhuangt' E:\wamp64\www\-\Application\Runtime\Cache\Home\1223f42a89e823bf89547594651162de.php 第 98 行.
NOTIC: [8] Use of undefined constant zhuangt - assumed 'zhuangt' E:\wamp64\www\-\Application\Runtime\Cache\Home\1223f42a89e823bf89547594651162de.php 第 123 行.
NOTIC: [8] Undefined index: foodnum E:\wamp64\www\-\Application\Runtime\Cache\Home\1223f42a89e823bf89547594651162de.php 第 124 行.
NOTIC: [8] Use of undefined constant zhuangt - assumed 'zhuangt' E:\wamp64\www\-\Application\Runtime\Cache\Home\1223f42a89e823bf89547594651162de.php 第 98 行.
NOTIC: [8] Use of undefined constant zhuangt - assumed 'zhuangt' E:\wamp64\www\-\Application\Runtime\Cache\Home\1223f42a89e823bf89547594651162de.php 第 123 行.
NOTIC: [8] Undefined index: foodnum E:\wamp64\www\-\Application\Runtime\Cache\Home\1223f42a89e823bf89547594651162de.php 第 124 行.
NOTIC: [8] Use of undefined constant zhuangt - assumed 'zhuangt' E:\wamp64\www\-\Application\Runtime\Cache\Home\1223f42a89e823bf89547594651162de.php 第 98 行.
NOTIC: [8] Use of undefined constant zhuangt - assumed 'zhuangt' E:\wamp64\www\-\Application\Runtime\Cache\Home\1223f42a89e823bf89547594651162de.php 第 123 行.
NOTIC: [8] Use of undefined constant line_type - assumed 'line_type' E:\wamp64\www\-\Application\Runtime\Cache\Home\1223f42a89e823bf89547594651162de.php 第 463 行.
NOTIC: [8] Use of undefined constant zuoweishu - assumed 'zuoweishu' E:\wamp64\www\-\Application\Runtime\Cache\Home\1223f42a89e823bf89547594651162de.php 第 495 行.
INFO: Run Behavior\ParseTemplateBehavior [ RunTime:0.035916s ]
INFO: [ view_parse ] --END-- [ RunTime:0.036087s ]
INFO: [ view_filter ] --START--
INFO: Run Behavior\WriteHtmlCacheBehavior [ RunTime:0.000801s ]
INFO: [ view_filter ] --END-- [ RunTime:0.000957s ]
INFO: [ app_end ] --START--
INFO: Run Behavior\ShowPageTraceBehavior [ RunTime:0.001027s ]
INFO: [ app_end ] --END-- [ RunTime:0.001232s ]

[ 2018-02-05T10:48:40+08:00 ] ::1 /-/index.php/Home/Index/ajaxaddlinshijj.html
INFO: [ app_init ] --START--
INFO: Run Behavior\BuildLiteBehavior [ RunTime:0.000036s ]
INFO: [ app_init ] --END-- [ RunTime:0.000259s ]
INFO: [ app_begin ] --START--
INFO: Run Behavior\ReadHtmlCacheBehavior [ RunTime:0.001136s ]
INFO: [ app_begin ] --END-- [ RunTime:0.001343s ]
NOTIC: [8] Undefined index: food_num E:\wamp64\www\-\Application\Home\Controller\IndexController.class.php 第 257 行.
INFO: [ app_end ] --START--
INFO: Run Behavior\ShowPageTraceBehavior [ RunTime:0.001175s ]
INFO: [ app_end ] --END-- [ RunTime:0.001369s ]

[ 2018-02-05T10:48:40+08:00 ] ::1 /-/index.php/Home/Cart/save_cart.html
INFO: [ app_init ] --START--
INFO: Run Behavior\BuildLiteBehavior [ RunTime:0.000039s ]
INFO: [ app_init ] --END-- [ RunTime:0.000242s ]
INFO: [ app_begin ] --START--
INFO: Run Behavior\ReadHtmlCacheBehavior [ RunTime:0.001007s ]
INFO: [ app_begin ] --END-- [ RunTime:0.001269s ]
NOTIC: [8] Undefined index: userid E:\wamp64\www\-\Application\Common\Helper\user_helper.php 第 47 行.

[ 2018-02-05T10:48:40+08:00 ] ::1 /-/index.php/Home/Login/index/is_cart/1/shopid/1.html
INFO: [ app_init ] --START--
INFO: Run Behavior\BuildLiteBehavior [ RunTime:0.000038s ]
INFO: [ app_init ] --END-- [ RunTime:0.000291s ]
INFO: [ app_begin ] --START--
INFO: Run Behavior\ReadHtmlCacheBehavior [ RunTime:0.000863s ]
INFO: [ app_begin ] --END-- [ RunTime:0.001080s ]
INFO: [ view_parse ] --START--
INFO: [ template_filter ] --START--
INFO: Run Behavior\ContentReplaceBehavior [ RunTime:0.000123s ]
INFO: [ template_filter ] --END-- [ RunTime:0.000426s ]
INFO: Run Behavior\ParseTemplateBehavior [ RunTime:0.011594s ]
INFO: [ view_parse ] --END-- [ RunTime:0.011962s ]
INFO: [ view_filter ] --START--
INFO: Run Behavior\WriteHtmlCacheBehavior [ RunTime:0.001043s ]
INFO: [ view_filter ] --END-- [ RunTime:0.001249s ]
INFO: [ app_end ] --START--
INFO: Run Behavior\ShowPageTraceBehavior [ RunTime:0.001021s ]
INFO: [ app_end ] --END-- [ RunTime:0.001193s ]

[ 2018-02-05T10:48:50+08:00 ] ::1 /-/index.php/Home/Login/save_login.html
INFO: [ app_init ] --START--
INFO: Run Behavior\BuildLiteBehavior [ RunTime:0.000039s ]
INFO: [ app_init ] --END-- [ RunTime:0.000261s ]
INFO: [ app_begin ] --START--
INFO: Run Behavior\ReadHtmlCacheBehavior [ RunTime:0.000793s ]
INFO: [ app_begin ] --END-- [ RunTime:0.000953s ]
SQL: SHOW COLUMNS FROM `user` [ RunTime:0.0090s ]
SQL: SELECT * FROM `user` WHERE `tel` = '13331385580' LIMIT 1   [ RunTime:0.0025s ]

[ 2018-02-05T10:48:50+08:00 ] ::1 /-/index.php/Home/Cart/save_cart.html
INFO: [ app_init ] --START--
INFO: Run Behavior\BuildLiteBehavior [ RunTime:0.000041s ]
INFO: [ app_init ] --END-- [ RunTime:0.000261s ]
INFO: [ app_begin ] --START--
INFO: Run Behavior\ReadHtmlCacheBehavior [ RunTime:0.000869s ]
INFO: [ app_begin ] --END-- [ RunTime:0.001094s ]
SQL: SHOW COLUMNS FROM `cart` [ RunTime:0.0102s ]
SQL: DELETE FROM `cart` WHERE `user_id` = 16 AND `store_id` = 1 [ RunTime:0.0015s ]
SQL: SELECT * FROM `cart` WHERE `user_id` = 16 AND `goods_id` = 59 AND `status` = 1 AND `store_id` = 1 LIMIT 1   [ RunTime:0.0014s ]
SQL: INSERT INTO `cart` (`user_id`,`goods_id`,`status`,`store_id`,`goods_num`,`goods_type`,`add_time`) VALUES ('16','59','1','1','1','14','2018-02-05 10:48:50') [ RunTime:0.0011s ]

[ 2018-02-05T10:48:50+08:00 ] ::1 /-/index.php/Home/cart/diandan_info/store_id/1.html
INFO: [ app_init ] --START--
INFO: Run Behavior\BuildLiteBehavior [ RunTime:0.000039s ]
INFO: [ app_init ] --END-- [ RunTime:0.000266s ]
INFO: [ app_begin ] --START--
INFO: Run Behavior\ReadHtmlCacheBehavior [ RunTime:0.000865s ]
INFO: [ app_begin ] --END-- [ RunTime:0.001097s ]
SQL: SHOW COLUMNS FROM `shop` [ RunTime:0.0063s ]
SQL: SELECT `mingch` FROM `shop` WHERE `id` = 1 LIMIT 1   [ RunTime:0.0011s ]
SQL: SHOW COLUMNS FROM `cart` [ RunTime:0.0060s ]
SQL: SELECT * FROM `cart` WHERE `user_id` = 16 AND `store_id` = 1 AND `status` = 1  [ RunTime:0.0013s ]
SQL: SHOW COLUMNS FROM `food` [ RunTime:0.0050s ]
SQL: SELECT `mingch` FROM `food` WHERE `id` = 59 LIMIT 1   [ RunTime:0.0009s ]
SQL: SELECT `jiage_youhui` FROM `food` WHERE `id` = 59 LIMIT 1   [ RunTime:0.0010s ]
SQL: SELECT `jiage_youhui` FROM `food` WHERE `id` = 59 LIMIT 1   [ RunTime:0.0010s ]
INFO: [ view_parse ] --START--
INFO: [ template_filter ] --START--
INFO: Run Behavior\ContentReplaceBehavior [ RunTime:0.000120s ]
INFO: [ template_filter ] --END-- [ RunTime:0.000302s ]
INFO: Run Behavior\ParseTemplateBehavior [ RunTime:0.023695s ]
INFO: [ view_parse ] --END-- [ RunTime:0.023941s ]
INFO: [ view_filter ] --START--
INFO: Run Behavior\WriteHtmlCacheBehavior [ RunTime:0.000665s ]
INFO: [ view_filter ] --END-- [ RunTime:0.000831s ]
INFO: [ app_end ] --START--
INFO: Run Behavior\ShowPageTraceBehavior [ RunTime:0.000962s ]
INFO: [ app_end ] --END-- [ RunTime:0.001136s ]

[ 2018-02-05T11:06:37+08:00 ] ::1 /-/index.php/Home/Order/save_order.html
INFO: [ app_init ] --START--
INFO: Run Behavior\BuildLiteBehavior [ RunTime:0.000040s ]
INFO: [ app_init ] --END-- [ RunTime:0.000253s ]
INFO: [ app_begin ] --START--
INFO: Run Behavior\ReadHtmlCacheBehavior [ RunTime:0.000925s ]
INFO: [ app_begin ] --END-- [ RunTime:0.001124s ]
SQL: SHOW COLUMNS FROM `order` [ RunTime:0.4619s ]
SQL: INSERT INTO `order` (`order_pnum`,`buyer_name`,`order_remark`,`total_price`,`store_id`,`user_id`,`order_code`,`add_time`) VALUES ('0','','','200','1','16','1802051106368909','2018-02-05 11:06:36') [ RunTime:0.0016s ]
SQL: SHOW COLUMNS FROM `cart` [ RunTime:0.0536s ]
SQL: SELECT * FROM `cart` WHERE `store_id` = 1 AND `user_id` = 16 AND `status` = 1  [ RunTime:0.0016s ]
SQL: SHOW COLUMNS FROM `food` [ RunTime:0.0078s ]
SQL: SELECT `jiage_youhui` FROM `food` WHERE `id` = 59 LIMIT 1   [ RunTime:0.0013s ]
SQL: SHOW COLUMNS FROM `order_fu` [ RunTime:0.0090s ]
SQL: INSERT INTO `order_fu` (`order_id`,`goods_id`,`goods_num`,`store_id`,`goods_price`) VALUES ('43','59','1','1','200') [ RunTime:0.0016s ]
SQL: SELECT COUNT(*) AS tp_count FROM `order_fu` WHERE `order_id` = 43 LIMIT 1   [ RunTime:0.0013s ]
SQL: SHOW COLUMNS FROM `linshijj` [ RunTime:0.0081s ]
SQL: DELETE FROM `linshijj` WHERE `userid` = '16' AND `shopid` = 1 [ RunTime:0.0014s ]
SQL: UPDATE `cart` SET `status`='0' WHERE `store_id` = 1 AND `user_id` = 16 AND `status` = 1 [ RunTime:0.0015s ]
NOTIC: [8] Undefined variable: food_num E:\wamp64\www\-\Application\Home\Controller\OrderController.class.php 第 53 行.

[ 2018-02-05T11:06:37+08:00 ] ::1 /-/index.php/Home/order/order_info.html
INFO: [ app_init ] --START--
INFO: Run Behavior\BuildLiteBehavior [ RunTime:0.000061s ]
INFO: [ app_init ] --END-- [ RunTime:0.000391s ]
INFO: [ app_begin ] --START--
INFO: Run Behavior\ReadHtmlCacheBehavior [ RunTime:0.002046s ]
INFO: [ app_begin ] --END-- [ RunTime:0.002558s ]
SQL: SHOW COLUMNS FROM `order` [ RunTime:0.0085s ]
SQL: SELECT * FROM `order` WHERE `user_id` = 16  [ RunTime:0.0022s ]
SQL: SHOW COLUMNS FROM `shop` [ RunTime:0.0104s ]
SQL: SELECT `mingch` FROM `shop` WHERE `id` = 1 LIMIT 1   [ RunTime:0.0013s ]
SQL: SELECT `logo` FROM `shop` WHERE `id` = 1 LIMIT 1   [ RunTime:0.0009s ]
SQL: SELECT `mingch` FROM `shop` WHERE `id` = 1 LIMIT 1   [ RunTime:0.0010s ]
SQL: SELECT `logo` FROM `shop` WHERE `id` = 1 LIMIT 1   [ RunTime:0.0013s ]
SQL: SELECT `mingch` FROM `shop` WHERE `id` = 1 LIMIT 1   [ RunTime:0.0009s ]
SQL: SELECT `logo` FROM `shop` WHERE `id` = 1 LIMIT 1   [ RunTime:0.0009s ]
SQL: SELECT `mingch` FROM `shop` WHERE `id` = 1 LIMIT 1   [ RunTime:0.0007s ]
SQL: SELECT `logo` FROM `shop` WHERE `id` = 1 LIMIT 1   [ RunTime:0.0011s ]
SQL: SELECT `mingch` FROM `shop` WHERE `id` = 1 LIMIT 1   [ RunTime:0.0008s ]
SQL: SELECT `logo` FROM `shop` WHERE `id` = 1 LIMIT 1   [ RunTime:0.0012s ]
SQL: SELECT `mingch` FROM `shop` WHERE `id` = 1 LIMIT 1   [ RunTime:0.0008s ]
SQL: SELECT `logo` FROM `shop` WHERE `id` = 1 LIMIT 1   [ RunTime:0.0011s ]
SQL: SELECT * FROM `order` WHERE `user_id` = 16 AND `order_status` = 1  [ RunTime:0.0017s ]
SQL: SELECT `mingch` FROM `shop` WHERE `id` = 1 LIMIT 1   [ RunTime:0.0014s ]
SQL: SELECT `logo` FROM `shop` WHERE `id` = 1 LIMIT 1   [ RunTime:0.0012s ]
SQL: SELECT `mingch` FROM `shop` WHERE `id` = 1 LIMIT 1   [ RunTime:0.0012s ]
SQL: SELECT `logo` FROM `shop` WHERE `id` = 1 LIMIT 1   [ RunTime:0.0012s ]
SQL: SELECT `mingch` FROM `shop` WHERE `id` = 1 LIMIT 1   [ RunTime:0.0008s ]
SQL: SELECT `logo` FROM `shop` WHERE `id` = 1 LIMIT 1   [ RunTime:0.0009s ]
SQL: SELECT `mingch` FROM `shop` WHERE `id` = 1 LIMIT 1   [ RunTime:0.0007s ]
SQL: SELECT `logo` FROM `shop` WHERE `id` = 1 LIMIT 1   [ RunTime:0.0009s ]
SQL: SELECT `mingch` FROM `shop` WHERE `id` = 1 LIMIT 1   [ RunTime:0.0010s ]
SQL: SELECT `logo` FROM `shop` WHERE `id` = 1 LIMIT 1   [ RunTime:0.0008s ]
SQL: SELECT `mingch` FROM `shop` WHERE `id` = 1 LIMIT 1   [ RunTime:0.0012s ]
SQL: SELECT `logo` FROM `shop` WHERE `id` = 1 LIMIT 1   [ RunTime:0.0009s ]
SQL: SELECT * FROM `order` WHERE `user_id` = 16 AND `is_use` = 0  [ RunTime:0.0019s ]
SQL: SELECT `mingch` FROM `shop` WHERE `id` = 1 LIMIT 1   [ RunTime:0.0010s ]
SQL: SELECT `logo` FROM `shop` WHERE `id` = 1 LIMIT 1   [ RunTime:0.0008s ]
SQL: SELECT `mingch` FROM `shop` WHERE `id` = 1 LIMIT 1   [ RunTime:0.0008s ]
SQL: SELECT `logo` FROM `shop` WHERE `id` = 1 LIMIT 1   [ RunTime:0.0009s ]
SQL: SELECT `mingch` FROM `shop` WHERE `id` = 1 LIMIT 1   [ RunTime:0.0012s ]
SQL: SELECT `logo` FROM `shop` WHERE `id` = 1 LIMIT 1   [ RunTime:0.0007s ]
SQL: SELECT `mingch` FROM `shop` WHERE `id` = 1 LIMIT 1   [ RunTime:0.0012s ]
SQL: SELECT `logo` FROM `shop` WHERE `id` = 1 LIMIT 1   [ RunTime:0.0007s ]
SQL: SELECT `mingch` FROM `shop` WHERE `id` = 1 LIMIT 1   [ RunTime:0.0010s ]
SQL: SELECT `logo` FROM `shop` WHERE `id` = 1 LIMIT 1   [ RunTime:0.0010s ]
SQL: SELECT `mingch` FROM `shop` WHERE `id` = 1 LIMIT 1   [ RunTime:0.0008s ]
SQL: SELECT `logo` FROM `shop` WHERE `id` = 1 LIMIT 1   [ RunTime:0.0008s ]
SQL: SELECT * FROM `order` WHERE `user_id` = 16 AND `is_use` = 1  [ RunTime:0.0012s ]
SQL: SELECT * FROM `order` WHERE `user_id` = 16 AND `order_status` = 10  [ RunTime:0.0015s ]
SQL: SELECT * FROM `order` WHERE `user_id` = 16 AND `order_status` = 20  [ RunTime:0.0017s ]
INFO: [ view_parse ] --START--
INFO: [ template_filter ] --START--
INFO: Run Behavior\ContentReplaceBehavior [ RunTime:0.000286s ]
INFO: [ template_filter ] --END-- [ RunTime:0.000464s ]
INFO: Run Behavior\ParseTemplateBehavior [ RunTime:0.038006s ]
INFO: [ view_parse ] --END-- [ RunTime:0.038258s ]
INFO: [ view_filter ] --START--
INFO: Run Behavior\WriteHtmlCacheBehavior [ RunTime:0.001283s ]
INFO: [ view_filter ] --END-- [ RunTime:0.001478s ]
INFO: [ app_end ] --START--
INFO: Run Behavior\ShowPageTraceBehavior [ RunTime:0.001150s ]
INFO: [ app_end ] --END-- [ RunTime:0.001358s ]

[ 2018-02-05T11:06:42+08:00 ] ::1 /-/index.php/Home/Order/order_xq/order_id/34.html
INFO: [ app_init ] --START--
INFO: Run Behavior\BuildLiteBehavior [ RunTime:0.000039s ]
INFO: [ app_init ] --END-- [ RunTime:0.000253s ]
INFO: [ app_begin ] --START--
INFO: Run Behavior\ReadHtmlCacheBehavior [ RunTime:0.000955s ]
INFO: [ app_begin ] --END-- [ RunTime:0.001171s ]
SQL: SHOW COLUMNS FROM `order` [ RunTime:0.0091s ]
SQL: SELECT * FROM `order` WHERE `id` = 34 LIMIT 1   [ RunTime:0.0018s ]
SQL: SHOW COLUMNS FROM `order_fu` [ RunTime:0.0080s ]
SQL: SELECT * FROM `order_fu` WHERE `order_id` = 34  [ RunTime:0.0014s ]
SQL: SHOW COLUMNS FROM `food` [ RunTime:0.0082s ]
SQL: SELECT `mingch` FROM `food` WHERE `id` = 68 LIMIT 1   [ RunTime:0.0013s ]
SQL: SELECT `mingch` FROM `food` WHERE `id` = 61 LIMIT 1   [ RunTime:0.0012s ]
SQL: SELECT `mingch` FROM `food` WHERE `id` = 59 LIMIT 1   [ RunTime:0.0012s ]
INFO: [ view_parse ] --START--
INFO: [ template_filter ] --START--
INFO: Run Behavior\ContentReplaceBehavior [ RunTime:0.000170s ]
INFO: [ template_filter ] --END-- [ RunTime:0.000353s ]
INFO: Run Behavior\ParseTemplateBehavior [ RunTime:0.015519s ]
INFO: [ view_parse ] --END-- [ RunTime:0.015731s ]
INFO: [ view_filter ] --START--
INFO: Run Behavior\WriteHtmlCacheBehavior [ RunTime:0.000724s ]
INFO: [ view_filter ] --END-- [ RunTime:0.000908s ]
INFO: [ app_end ] --START--
INFO: Run Behavior\ShowPageTraceBehavior [ RunTime:0.000909s ]
INFO: [ app_end ] --END-- [ RunTime:0.001087s ]

[ 2018-02-05T11:55:26+08:00 ] ::1 /-/index.php/Home/cart/diandan_info/store_id/1.html
INFO: [ app_init ] --START--
INFO: Run Behavior\BuildLiteBehavior [ RunTime:0.000040s ]
INFO: [ app_init ] --END-- [ RunTime:0.000230s ]
INFO: [ app_begin ] --START--
INFO: Run Behavior\ReadHtmlCacheBehavior [ RunTime:0.000965s ]
INFO: [ app_begin ] --END-- [ RunTime:0.001178s ]
SQL: SHOW COLUMNS FROM `shop` [ RunTime:0.4641s ]
SQL: SELECT `mingch` FROM `shop` WHERE `id` = 1 LIMIT 1   [ RunTime:0.0013s ]
SQL: SHOW COLUMNS FROM `cart` [ RunTime:0.0091s ]
SQL: SELECT * FROM `cart` WHERE `user_id` = 16 AND `store_id` = 1 AND `status` = 1  [ RunTime:0.0013s ]
INFO: [ view_parse ] --START--
INFO: [ template_filter ] --START--
INFO: Run Behavior\ContentReplaceBehavior [ RunTime:0.000146s ]
INFO: [ template_filter ] --END-- [ RunTime:0.000366s ]
INFO: Run Behavior\ParseTemplateBehavior [ RunTime:0.025155s ]
INFO: [ view_parse ] --END-- [ RunTime:0.025509s ]
INFO: [ view_filter ] --START--
INFO: Run Behavior\WriteHtmlCacheBehavior [ RunTime:0.000890s ]
INFO: [ view_filter ] --END-- [ RunTime:0.001120s ]
INFO: [ app_end ] --START--
INFO: Run Behavior\ShowPageTraceBehavior [ RunTime:0.001274s ]
INFO: [ app_end ] --END-- [ RunTime:0.001512s ]

[ 2018-02-05T11:57:55+08:00 ] ::1 /-/index.php/Home/cart/diandan_info/store_id/1.html
INFO: [ app_init ] --START--
INFO: Run Behavior\BuildLiteBehavior [ RunTime:0.000038s ]
INFO: [ app_init ] --END-- [ RunTime:0.000225s ]
INFO: [ app_begin ] --START--
INFO: Run Behavior\ReadHtmlCacheBehavior [ RunTime:0.000855s ]
INFO: [ app_begin ] --END-- [ RunTime:0.001078s ]
SQL: SHOW COLUMNS FROM `shop` [ RunTime:0.0105s ]
SQL: SELECT `mingch` FROM `shop` WHERE `id` = 1 LIMIT 1   [ RunTime:0.0012s ]
SQL: SHOW COLUMNS FROM `cart` [ RunTime:0.0076s ]
SQL: SELECT * FROM `cart` WHERE `user_id` = 16 AND `store_id` = 1 AND `status` = 1  [ RunTime:0.0012s ]
INFO: [ view_parse ] --START--
INFO: [ template_filter ] --START--
INFO: Run Behavior\ContentReplaceBehavior [ RunTime:0.000161s ]
INFO: [ template_filter ] --END-- [ RunTime:0.000477s ]
INFO: Run Behavior\ParseTemplateBehavior [ RunTime:0.028523s ]
INFO: [ view_parse ] --END-- [ RunTime:0.028843s ]
INFO: [ view_filter ] --START--
INFO: Run Behavior\WriteHtmlCacheBehavior [ RunTime:0.006920s ]
INFO: [ view_filter ] --END-- [ RunTime:0.007266s ]
INFO: [ app_end ] --START--
INFO: Run Behavior\ShowPageTraceBehavior [ RunTime:0.001723s ]
INFO: [ app_end ] --END-- [ RunTime:0.002426s ]

[ 2018-02-05T11:57:58+08:00 ] ::1 /-/index.php/Home/cart/diandan_info/store_id/1.html
INFO: [ app_init ] --START--
INFO: Run Behavior\BuildLiteBehavior [ RunTime:0.000037s ]
INFO: [ app_init ] --END-- [ RunTime:0.000222s ]
INFO: [ app_begin ] --START--
INFO: Run Behavior\ReadHtmlCacheBehavior [ RunTime:0.000961s ]
INFO: [ app_begin ] --END-- [ RunTime:0.001222s ]
SQL: SHOW COLUMNS FROM `shop` [ RunTime:0.0097s ]
SQL: SELECT `mingch` FROM `shop` WHERE `id` = 1 LIMIT 1   [ RunTime:0.0011s ]
SQL: SHOW COLUMNS FROM `cart` [ RunTime:0.0079s ]
SQL: SELECT * FROM `cart` WHERE `user_id` = 16 AND `store_id` = 1 AND `status` = 1  [ RunTime:0.0012s ]
INFO: [ view_parse ] --START--
INFO: [ template_filter ] --START--
INFO: Run Behavior\ContentReplaceBehavior [ RunTime:0.000129s ]
INFO: [ template_filter ] --END-- [ RunTime:0.000311s ]
INFO: Run Behavior\ParseTemplateBehavior [ RunTime:0.014569s ]
INFO: [ view_parse ] --END-- [ RunTime:0.014802s ]
INFO: [ view_filter ] --START--
INFO: Run Behavior\WriteHtmlCacheBehavior [ RunTime:0.000787s ]
INFO: [ view_filter ] --END-- [ RunTime:0.000975s ]
INFO: [ app_end ] --START--
INFO: Run Behavior\ShowPageTraceBehavior [ RunTime:0.000902s ]
INFO: [ app_end ] --END-- [ RunTime:0.001062s ]

[ 2018-02-05T11:58:00+08:00 ] ::1 /-/index.php/Home/cart/diandan_info/store_id/1.html
INFO: [ app_init ] --START--
INFO: Run Behavior\BuildLiteBehavior [ RunTime:0.000053s ]
INFO: [ app_init ] --END-- [ RunTime:0.000332s ]
INFO: [ app_begin ] --START--
INFO: Run Behavior\ReadHtmlCacheBehavior [ RunTime:0.001084s ]
INFO: [ app_begin ] --END-- [ RunTime:0.001371s ]
SQL: SHOW COLUMNS FROM `shop` [ RunTime:0.0108s ]
SQL: SELECT `mingch` FROM `shop` WHERE `id` = 1 LIMIT 1   [ RunTime:0.0013s ]
SQL: SHOW COLUMNS FROM `cart` [ RunTime:0.0083s ]
SQL: SELECT * FROM `cart` WHERE `user_id` = 16 AND `store_id` = 1 AND `status` = 1  [ RunTime:0.0012s ]
INFO: [ view_parse ] --START--
INFO: [ template_filter ] --START--
INFO: Run Behavior\ContentReplaceBehavior [ RunTime:0.000112s ]
INFO: [ template_filter ] --END-- [ RunTime:0.000281s ]
INFO: Run Behavior\ParseTemplateBehavior [ RunTime:0.013288s ]
INFO: [ view_parse ] --END-- [ RunTime:0.013489s ]
INFO: [ view_filter ] --START--
INFO: Run Behavior\WriteHtmlCacheBehavior [ RunTime:0.000758s ]
INFO: [ view_filter ] --END-- [ RunTime:0.000955s ]
INFO: [ app_end ] --START--
INFO: Run Behavior\ShowPageTraceBehavior [ RunTime:0.000900s ]
INFO: [ app_end ] --END-- [ RunTime:0.001062s ]

[ 2018-02-05T11:58:01+08:00 ] ::1 /-/index.php/Home/cart/diandan_info/store_id/1.html
INFO: [ app_init ] --START--
INFO: Run Behavior\BuildLiteBehavior [ RunTime:0.000048s ]
INFO: [ app_init ] --END-- [ RunTime:0.000267s ]
INFO: [ app_begin ] --START--
INFO: Run Behavior\ReadHtmlCacheBehavior [ RunTime:0.000790s ]
INFO: [ app_begin ] --END-- [ RunTime:0.000978s ]
SQL: SHOW COLUMNS FROM `shop` [ RunTime:0.0096s ]
SQL: SELECT `mingch` FROM `shop` WHERE `id` = 1 LIMIT 1   [ RunTime:0.0012s ]
SQL: SHOW COLUMNS FROM `cart` [ RunTime:0.0084s ]
SQL: SELECT * FROM `cart` WHERE `user_id` = 16 AND `store_id` = 1 AND `status` = 1  [ RunTime:0.0011s ]
INFO: [ view_parse ] --START--
INFO: [ template_filter ] --START--
INFO: Run Behavior\ContentReplaceBehavior [ RunTime:0.000117s ]
INFO: [ template_filter ] --END-- [ RunTime:0.000294s ]
INFO: Run Behavior\ParseTemplateBehavior [ RunTime:0.012034s ]
INFO: [ view_parse ] --END-- [ RunTime:0.012233s ]
INFO: [ view_filter ] --START--
INFO: Run Behavior\WriteHtmlCacheBehavior [ RunTime:0.000919s ]
INFO: [ view_filter ] --END-- [ RunTime:0.001139s ]
INFO: [ app_end ] --START--
INFO: Run Behavior\ShowPageTraceBehavior [ RunTime:0.001533s ]
INFO: [ app_end ] --END-- [ RunTime:0.001775s ]

[ 2018-02-05T11:58:02+08:00 ] ::1 /-/index.php/Home/cart/diandan_info/store_id/1.html
INFO: [ app_init ] --START--
INFO: Run Behavior\BuildLiteBehavior [ RunTime:0.000039s ]
INFO: [ app_init ] --END-- [ RunTime:0.000232s ]
INFO: [ app_begin ] --START--
INFO: Run Behavior\ReadHtmlCacheBehavior [ RunTime:0.000785s ]
INFO: [ app_begin ] --END-- [ RunTime:0.000967s ]
SQL: SHOW COLUMNS FROM `shop` [ RunTime:0.0102s ]
SQL: SELECT `mingch` FROM `shop` WHERE `id` = 1 LIMIT 1   [ RunTime:0.0014s ]
SQL: SHOW COLUMNS FROM `cart` [ RunTime:0.0086s ]
SQL: SELECT * FROM `cart` WHERE `user_id` = 16 AND `store_id` = 1 AND `status` = 1  [ RunTime:0.0014s ]
INFO: [ view_parse ] --START--
INFO: [ template_filter ] --START--
INFO: Run Behavior\ContentReplaceBehavior [ RunTime:0.000120s ]
INFO: [ template_filter ] --END-- [ RunTime:0.000405s ]
INFO: Run Behavior\ParseTemplateBehavior [ RunTime:0.012781s ]
INFO: [ view_parse ] --END-- [ RunTime:0.012999s ]
INFO: [ view_filter ] --START--
INFO: Run Behavior\WriteHtmlCacheBehavior [ RunTime:0.000673s ]
INFO: [ view_filter ] --END-- [ RunTime:0.000856s ]
INFO: [ app_end ] --START--
INFO: Run Behavior\ShowPageTraceBehavior [ RunTime:0.000799s ]
INFO: [ app_end ] --END-- [ RunTime:0.000956s ]

[ 2018-02-05T12:00:02+08:00 ] ::1 /-/index.php/Home/cart/diandan_info/store_id/1.html
INFO: [ app_init ] --START--
INFO: Run Behavior\BuildLiteBehavior [ RunTime:0.000035s ]
INFO: [ app_init ] --END-- [ RunTime:0.000244s ]
INFO: [ app_begin ] --START--
INFO: Run Behavior\ReadHtmlCacheBehavior [ RunTime:0.000866s ]
INFO: [ app_begin ] --END-- [ RunTime:0.001064s ]
SQL: SHOW COLUMNS FROM `shop` [ RunTime:0.0095s ]
SQL: SELECT `mingch` FROM `shop` WHERE `id` = 1 LIMIT 1   [ RunTime:0.0013s ]
SQL: SHOW COLUMNS FROM `cart` [ RunTime:0.0077s ]
SQL: SELECT * FROM `cart` WHERE `user_id` = 16 AND `store_id` = 1 AND `status` = 1  [ RunTime:0.0011s ]
SQL: SHOW COLUMNS FROM `food` [ RunTime:0.0081s ]
SQL: SELECT `mingch` FROM `food` WHERE `id` = 61 LIMIT 1   [ RunTime:0.0013s ]
SQL: SELECT `jiage_youhui` FROM `food` WHERE `id` = 61 LIMIT 1   [ RunTime:0.0013s ]
SQL: SELECT `jiage_youhui` FROM `food` WHERE `id` = 61 LIMIT 1   [ RunTime:0.0013s ]
INFO: [ view_parse ] --START--
INFO: [ template_filter ] --START--
INFO: Run Behavior\ContentReplaceBehavior [ RunTime:0.000112s ]
INFO: [ template_filter ] --END-- [ RunTime:0.000286s ]
NOTIC: [8] Undefined variable: goods_num E:\wamp64\www\-\Application\Runtime\Cache\Home\ccecb86a3f532e1cfcd848b46259670a.php 第 65 行.
INFO: Run Behavior\ParseTemplateBehavior [ RunTime:0.013346s ]
INFO: [ view_parse ] --END-- [ RunTime:0.013544s ]
INFO: [ view_filter ] --START--
INFO: Run Behavior\WriteHtmlCacheBehavior [ RunTime:0.000671s ]
INFO: [ view_filter ] --END-- [ RunTime:0.000839s ]
INFO: [ app_end ] --START--
INFO: Run Behavior\ShowPageTraceBehavior [ RunTime:0.000846s ]
INFO: [ app_end ] --END-- [ RunTime:0.001010s ]

[ 2018-02-05T12:00:11+08:00 ] ::1 /-/index.php/Home/cart/diandan_info/store_id/1.html
INFO: [ app_init ] --START--
INFO: Run Behavior\BuildLiteBehavior [ RunTime:0.000034s ]
INFO: [ app_init ] --END-- [ RunTime:0.000295s ]
INFO: [ app_begin ] --START--
INFO: Run Behavior\ReadHtmlCacheBehavior [ RunTime:0.001004s ]
INFO: [ app_begin ] --END-- [ RunTime:0.001221s ]
SQL: SHOW COLUMNS FROM `shop` [ RunTime:0.0069s ]
SQL: SELECT `mingch` FROM `shop` WHERE `id` = 1 LIMIT 1   [ RunTime:0.0009s ]
SQL: SHOW COLUMNS FROM `cart` [ RunTime:0.0046s ]
SQL: SELECT * FROM `cart` WHERE `user_id` = 16 AND `store_id` = 1 AND `status` = 1  [ RunTime:0.0011s ]
SQL: SHOW COLUMNS FROM `food` [ RunTime:0.0043s ]
SQL: SELECT `mingch` FROM `food` WHERE `id` = 61 LIMIT 1   [ RunTime:0.0011s ]
SQL: SELECT `jiage_youhui` FROM `food` WHERE `id` = 61 LIMIT 1   [ RunTime:0.0009s ]
SQL: SELECT `jiage_youhui` FROM `food` WHERE `id` = 61 LIMIT 1   [ RunTime:0.0008s ]
INFO: [ view_parse ] --START--
INFO: [ template_filter ] --START--
INFO: Run Behavior\ContentReplaceBehavior [ RunTime:0.000121s ]
INFO: [ template_filter ] --END-- [ RunTime:0.000309s ]
NOTIC: [8] Undefined variable: goods_num E:\wamp64\www\-\Application\Runtime\Cache\Home\ccecb86a3f532e1cfcd848b46259670a.php 第 65 行.
INFO: Run Behavior\ParseTemplateBehavior [ RunTime:0.012437s ]
INFO: [ view_parse ] --END-- [ RunTime:0.012629s ]
INFO: [ view_filter ] --START--
INFO: Run Behavior\WriteHtmlCacheBehavior [ RunTime:0.001173s ]
INFO: [ view_filter ] --END-- [ RunTime:0.001375s ]
INFO: [ app_end ] --START--
INFO: Run Behavior\ShowPageTraceBehavior [ RunTime:0.001049s ]
INFO: [ app_end ] --END-- [ RunTime:0.001228s ]

[ 2018-02-05T12:00:11+08:00 ] ::1 /-/index.php/Home/cart/diandan_info/store_id/1.html
INFO: [ app_init ] --START--
INFO: Run Behavior\BuildLiteBehavior [ RunTime:0.000044s ]
INFO: [ app_init ] --END-- [ RunTime:0.000267s ]
INFO: [ app_begin ] --START--
INFO: Run Behavior\ReadHtmlCacheBehavior [ RunTime:0.001188s ]
INFO: [ app_begin ] --END-- [ RunTime:0.001475s ]
SQL: SHOW COLUMNS FROM `shop` [ RunTime:0.0057s ]
SQL: SELECT `mingch` FROM `shop` WHERE `id` = 1 LIMIT 1   [ RunTime:0.0009s ]
SQL: SHOW COLUMNS FROM `cart` [ RunTime:0.0040s ]
SQL: SELECT * FROM `cart` WHERE `user_id` = 16 AND `store_id` = 1 AND `status` = 1  [ RunTime:0.0013s ]
SQL: SHOW COLUMNS FROM `food` [ RunTime:0.0041s ]
SQL: SELECT `mingch` FROM `food` WHERE `id` = 61 LIMIT 1   [ RunTime:0.0009s ]
SQL: SELECT `jiage_youhui` FROM `food` WHERE `id` = 61 LIMIT 1   [ RunTime:0.0011s ]
SQL: SELECT `jiage_youhui` FROM `food` WHERE `id` = 61 LIMIT 1   [ RunTime:0.0008s ]
INFO: [ view_parse ] --START--
INFO: [ template_filter ] --START--
INFO: Run Behavior\ContentReplaceBehavior [ RunTime:0.000124s ]
INFO: [ template_filter ] --END-- [ RunTime:0.000327s ]
NOTIC: [8] Undefined variable: goods_num E:\wamp64\www\-\Application\Runtime\Cache\Home\ccecb86a3f532e1cfcd848b46259670a.php 第 65 行.
INFO: Run Behavior\ParseTemplateBehavior [ RunTime:0.012065s ]
INFO: [ view_parse ] --END-- [ RunTime:0.012254s ]
INFO: [ view_filter ] --START--
INFO: Run Behavior\WriteHtmlCacheBehavior [ RunTime:0.000596s ]
INFO: [ view_filter ] --END-- [ RunTime:0.000762s ]
INFO: [ app_end ] --START--
INFO: Run Behavior\ShowPageTraceBehavior [ RunTime:0.001071s ]
INFO: [ app_end ] --END-- [ RunTime:0.001238s ]

[ 2018-02-05T12:00:32+08:00 ] ::1 /-/index.php/Home/Login/index/is_cart/1/shopid/1.html
INFO: [ app_init ] --START--
INFO: Run Behavior\BuildLiteBehavior [ RunTime:0.000067s ]
INFO: [ app_init ] --END-- [ RunTime:0.000269s ]
INFO: [ app_begin ] --START--
INFO: Run Behavior\ReadHtmlCacheBehavior [ RunTime:0.000943s ]
INFO: [ app_begin ] --END-- [ RunTime:0.001141s ]
INFO: [ view_parse ] --START--
INFO: [ template_filter ] --START--
INFO: Run Behavior\ContentReplaceBehavior [ RunTime:0.000152s ]
INFO: [ template_filter ] --END-- [ RunTime:0.000374s ]
INFO: Run Behavior\ParseTemplateBehavior [ RunTime:0.012345s ]
INFO: [ view_parse ] --END-- [ RunTime:0.012540s ]
INFO: [ view_filter ] --START--
INFO: Run Behavior\WriteHtmlCacheBehavior [ RunTime:0.000791s ]
INFO: [ view_filter ] --END-- [ RunTime:0.000961s ]
INFO: [ app_end ] --START--
INFO: Run Behavior\ShowPageTraceBehavior [ RunTime:0.000877s ]
INFO: [ app_end ] --END-- [ RunTime:0.001051s ]

[ 2018-02-05T12:00:37+08:00 ] ::1 /-/index.php/Home/Login/save_login.html
INFO: [ app_init ] --START--
INFO: Run Behavior\BuildLiteBehavior [ RunTime:0.000042s ]
INFO: [ app_init ] --END-- [ RunTime:0.000255s ]
INFO: [ app_begin ] --START--
INFO: Run Behavior\ReadHtmlCacheBehavior [ RunTime:0.001079s ]
INFO: [ app_begin ] --END-- [ RunTime:0.001244s ]
SQL: SHOW COLUMNS FROM `user` [ RunTime:0.0100s ]
SQL: SELECT * FROM `user` WHERE `tel` = '13331385580' LIMIT 1   [ RunTime:0.0017s ]

[ 2018-02-05T12:00:38+08:00 ] ::1 /-/index.php/Home/Cart/save_cart.html
INFO: [ app_init ] --START--
INFO: Run Behavior\BuildLiteBehavior [ RunTime:0.000037s ]
INFO: [ app_init ] --END-- [ RunTime:0.000259s ]
INFO: [ app_begin ] --START--
INFO: Run Behavior\ReadHtmlCacheBehavior [ RunTime:0.000886s ]
INFO: [ app_begin ] --END-- [ RunTime:0.001092s ]
NOTIC: [8] Undefined index: food_num E:\wamp64\www\-\Application\Home\Controller\CartController.class.php 第 29 行.
SQL: SHOW COLUMNS FROM `cart` [ RunTime:0.0081s ]
SQL: DELETE FROM `cart` WHERE `user_id` = 16 AND `store_id` = 1 [ RunTime:0.0011s ]

[ 2018-02-05T12:00:38+08:00 ] ::1 /-/index.php/Home/cart/diandan_info/store_id/1.html
INFO: [ app_init ] --START--
INFO: Run Behavior\BuildLiteBehavior [ RunTime:0.000038s ]
INFO: [ app_init ] --END-- [ RunTime:0.000272s ]
INFO: [ app_begin ] --START--
INFO: Run Behavior\ReadHtmlCacheBehavior [ RunTime:0.000881s ]
INFO: [ app_begin ] --END-- [ RunTime:0.001079s ]
SQL: SHOW COLUMNS FROM `shop` [ RunTime:0.0096s ]
SQL: SELECT `mingch` FROM `shop` WHERE `id` = 1 LIMIT 1   [ RunTime:0.0013s ]
SQL: SHOW COLUMNS FROM `cart` [ RunTime:0.0080s ]
SQL: SELECT * FROM `cart` WHERE `user_id` = 16 AND `store_id` = 1 AND `status` = 1  [ RunTime:0.0013s ]
INFO: [ view_parse ] --START--
INFO: [ template_filter ] --START--
INFO: Run Behavior\ContentReplaceBehavior [ RunTime:0.000118s ]
INFO: [ template_filter ] --END-- [ RunTime:0.000295s ]
INFO: Run Behavior\ParseTemplateBehavior [ RunTime:0.012542s ]
INFO: [ view_parse ] --END-- [ RunTime:0.012735s ]
INFO: [ view_filter ] --START--
INFO: Run Behavior\WriteHtmlCacheBehavior [ RunTime:0.000723s ]
INFO: [ view_filter ] --END-- [ RunTime:0.000885s ]
INFO: [ app_end ] --START--
INFO: Run Behavior\ShowPageTraceBehavior [ RunTime:0.000933s ]
INFO: [ app_end ] --END-- [ RunTime:0.001108s ]

[ 2018-02-05T12:00:58+08:00 ] ::1 /-/index.php/Home/index
INFO: [ app_init ] --START--
INFO: Run Behavior\BuildLiteBehavior [ RunTime:0.000038s ]
INFO: [ app_init ] --END-- [ RunTime:0.000288s ]
INFO: [ app_begin ] --START--
INFO: Run Behavior\ReadHtmlCacheBehavior [ RunTime:0.000989s ]
INFO: [ app_begin ] --END-- [ RunTime:0.001212s ]
SQL: SHOW COLUMNS FROM `user` [ RunTime:0.0089s ]
SQL: SELECT `photo` FROM `user` WHERE `id` = 1 AND `del_status` = 0 LIMIT 1   [ RunTime:0.0010s ]
SQL: SHOW COLUMNS FROM `shop` [ RunTime:0.0103s ]
SQL: SELECT shop.id,shop.mingch,shop.maney,shop.logo,shop.xingsl,shop.juan,shop_type.mingch as lbname,shop.zuigaolij FROM `shop` INNER JOIN shop_type on shop.type_shop = shop_type.id  WHERE shop.zhuangt = 1  [ RunTime:0.0018s ]
NOTIC: [8] Undefined offset: 1 E:\wamp64\www\-\Application\Home\Controller\IndexController.class.php 第 42 行.
NOTIC: [8] Undefined offset: 1 E:\wamp64\www\-\Application\Home\Controller\IndexController.class.php 第 42 行.
NOTIC: [8] Undefined offset: 1 E:\wamp64\www\-\Application\Home\Controller\IndexController.class.php 第 42 行.
SQL: SHOW COLUMNS FROM `shop_type` [ RunTime:0.0078s ]
SQL: SELECT `mingch` FROM `shop_type` WHERE `zhuangt` = 1  [ RunTime:0.0012s ]
INFO: [ view_parse ] --START--
INFO: [ template_filter ] --START--
INFO: Run Behavior\ContentReplaceBehavior [ RunTime:0.000227s ]
INFO: [ template_filter ] --END-- [ RunTime:0.000421s ]
NOTIC: [8] Use of undefined constant id - assumed 'id' E:\wamp64\www\-\Application\Runtime\Cache\Home\2a94b8bda04ff446dcedd42276fc99ee.php 第 155 行.
SQL: SHOW COLUMNS FROM `seat` [ RunTime:0.0081s ]
SQL: SELECT COUNT(*) AS tp_count FROM `seat` WHERE `dep_shop` = 1 AND `zhuangt` = 1 LIMIT 1   [ RunTime:0.0010s ]
NOTIC: [8] Use of undefined constant id - assumed 'id' E:\wamp64\www\-\Application\Runtime\Cache\Home\2a94b8bda04ff446dcedd42276fc99ee.php 第 155 行.
SQL: SELECT COUNT(*) AS tp_count FROM `seat` WHERE `dep_shop` = 3 AND `zhuangt` = 1 LIMIT 1   [ RunTime:0.0011s ]
NOTIC: [8] Use of undefined constant id - assumed 'id' E:\wamp64\www\-\Application\Runtime\Cache\Home\2a94b8bda04ff446dcedd42276fc99ee.php 第 155 行.
SQL: SELECT COUNT(*) AS tp_count FROM `seat` WHERE `dep_shop` = 24 AND `zhuangt` = 1 LIMIT 1   [ RunTime:0.0012s ]
NOTIC: [8] Use of undefined constant id - assumed 'id' E:\wamp64\www\-\Application\Runtime\Cache\Home\2a94b8bda04ff446dcedd42276fc99ee.php 第 155 行.
SQL: SELECT COUNT(*) AS tp_count FROM `seat` WHERE `dep_shop` = 25 AND `zhuangt` = 1 LIMIT 1   [ RunTime:0.0012s ]
NOTIC: [8] Use of undefined constant id - assumed 'id' E:\wamp64\www\-\Application\Runtime\Cache\Home\2a94b8bda04ff446dcedd42276fc99ee.php 第 155 行.
SQL: SELECT COUNT(*) AS tp_count FROM `seat` WHERE `dep_shop` = 27 AND `zhuangt` = 1 LIMIT 1   [ RunTime:0.0009s ]
INFO: Run Behavior\ParseTemplateBehavior [ RunTime:0.038384s ]
INFO: [ view_parse ] --END-- [ RunTime:0.038583s ]
INFO: [ view_filter ] --START--
INFO: Run Behavior\WriteHtmlCacheBehavior [ RunTime:0.000891s ]
INFO: [ view_filter ] --END-- [ RunTime:0.001070s ]
INFO: [ app_end ] --START--
INFO: Run Behavior\ShowPageTraceBehavior [ RunTime:0.001162s ]
INFO: [ app_end ] --END-- [ RunTime:0.001375s ]

[ 2018-02-05T12:00:58+08:00 ] ::1 /-/index.php/Home/Index/banner.html
INFO: [ app_init ] --START--
INFO: Run Behavior\BuildLiteBehavior [ RunTime:0.000040s ]
INFO: [ app_init ] --END-- [ RunTime:0.000233s ]
INFO: [ app_begin ] --START--
INFO: Run Behavior\ReadHtmlCacheBehavior [ RunTime:0.000740s ]
INFO: [ app_begin ] --END-- [ RunTime:0.000933s ]
SQL: SHOW COLUMNS FROM `event` [ RunTime:0.0078s ]
SQL: SELECT `pic` FROM `event` WHERE `status` = 1  [ RunTime:0.0009s ]
INFO: [ view_parse ] --START--
INFO: [ template_filter ] --START--
INFO: Run Behavior\ContentReplaceBehavior [ RunTime:0.000121s ]
INFO: [ template_filter ] --END-- [ RunTime:0.000334s ]
INFO: Run Behavior\ParseTemplateBehavior [ RunTime:0.011227s ]
INFO: [ view_parse ] --END-- [ RunTime:0.011444s ]
INFO: [ view_filter ] --START--
INFO: Run Behavior\WriteHtmlCacheBehavior [ RunTime:0.000760s ]
INFO: [ view_filter ] --END-- [ RunTime:0.000950s ]
INFO: [ app_end ] --START--
INFO: Run Behavior\ShowPageTraceBehavior [ RunTime:0.003266s ]
INFO: [ app_end ] --END-- [ RunTime:0.003511s ]

[ 2018-02-05T12:01:00+08:00 ] ::1 /-/index.php/Home/Index/detail/shopid/1.html
INFO: [ app_init ] --START--
INFO: Run Behavior\BuildLiteBehavior [ RunTime:0.000035s ]
INFO: [ app_init ] --END-- [ RunTime:0.000213s ]
INFO: [ app_begin ] --START--
INFO: Run Behavior\ReadHtmlCacheBehavior [ RunTime:0.000994s ]
INFO: [ app_begin ] --END-- [ RunTime:0.001311s ]
SQL: SHOW COLUMNS FROM `shop` [ RunTime:0.0105s ]
SQL: SELECT * FROM `shop` WHERE `id` = 1  [ RunTime:0.0018s ]
SQL: SHOW COLUMNS FROM `seat` [ RunTime:0.0083s ]
SQL: SELECT COUNT(*) AS tp_count FROM `seat` WHERE `dep_shop` = 1 AND `zhuangt` = 1 LIMIT 1   [ RunTime:0.0010s ]
SQL: SHOW COLUMNS FROM `food_type` [ RunTime:0.0088s ]
SQL: SELECT * FROM `food_type` WHERE `dep_type` = 1 ORDER BY paix desc  [ RunTime:0.0015s ]
SQL: SHOW COLUMNS FROM `food` [ RunTime:0.0094s ]
SQL: SELECT food.id,food.zhuangt,food.mingch as cpmingch,food.food_type,food_type.mingch,food.kwid as kouwei,food.logo,food.jiage as yuanjia,food.jiage_youhui as shoujia,cpdanwei.mingch as danweimc,food.dwid FROM `food` left join food_type ON food_type.id = food.food_type left join cpdanwei ON cpdanwei.id = food.dwid  WHERE food.dep_shop = 1 ORDER BY food.id asc  [ RunTime:0.0022s ]
NOTIC: [8] Undefined index: food_num E:\wamp64\www\-\Application\Home\Controller\IndexController.class.php 第 178 行.
NOTIC: [2] Invalid argument supplied for foreach() E:\wamp64\www\-\Application\Home\Controller\IndexController.class.php 第 182 行.
NOTIC: [2] Invalid argument supplied for foreach() E:\wamp64\www\-\Application\Home\Controller\IndexController.class.php 第 182 行.
NOTIC: [2] Invalid argument supplied for foreach() E:\wamp64\www\-\Application\Home\Controller\IndexController.class.php 第 182 行.
NOTIC: [2] Invalid argument supplied for foreach() E:\wamp64\www\-\Application\Home\Controller\IndexController.class.php 第 182 行.
NOTIC: [2] Invalid argument supplied for foreach() E:\wamp64\www\-\Application\Home\Controller\IndexController.class.php 第 182 行.
NOTIC: [2] Invalid argument supplied for foreach() E:\wamp64\www\-\Application\Home\Controller\IndexController.class.php 第 182 行.
NOTIC: [2] Invalid argument supplied for foreach() E:\wamp64\www\-\Application\Home\Controller\IndexController.class.php 第 182 行.
NOTIC: [8] Undefined index: foodnum E:\wamp64\www\-\Application\Home\Controller\IndexController.class.php 第 212 行.
NOTIC: [8] Undefined index: foodnum E:\wamp64\www\-\Application\Home\Controller\IndexController.class.php 第 212 行.
NOTIC: [8] Undefined index: foodnum E:\wamp64\www\-\Application\Home\Controller\IndexController.class.php 第 212 行.
NOTIC: [8] Undefined index: foodnum E:\wamp64\www\-\Application\Home\Controller\IndexController.class.php 第 212 行.
NOTIC: [8] Undefined index: foodnum E:\wamp64\www\-\Application\Home\Controller\IndexController.class.php 第 212 行.
NOTIC: [8] Undefined index: foodnum E:\wamp64\www\-\Application\Home\Controller\IndexController.class.php 第 212 行.
NOTIC: [8] Undefined index: foodnum E:\wamp64\www\-\Application\Home\Controller\IndexController.class.php 第 212 行.
INFO: [ view_parse ] --START--
INFO: [ template_filter ] --START--
INFO: Run Behavior\ContentReplaceBehavior [ RunTime:0.000304s ]
INFO: [ template_filter ] --END-- [ RunTime:0.000477s ]
NOTIC: [8] Use of undefined constant zhuangt - assumed 'zhuangt' E:\wamp64\www\-\Application\Runtime\Cache\Home\1223f42a89e823bf89547594651162de.php 第 98 行.
NOTIC: [8] Use of undefined constant zhuangt - assumed 'zhuangt' E:\wamp64\www\-\Application\Runtime\Cache\Home\1223f42a89e823bf89547594651162de.php 第 123 行.
NOTIC: [8] Undefined index: foodnum E:\wamp64\www\-\Application\Runtime\Cache\Home\1223f42a89e823bf89547594651162de.php 第 124 行.
NOTIC: [8] Use of undefined constant zhuangt - assumed 'zhuangt' E:\wamp64\www\-\Application\Runtime\Cache\Home\1223f42a89e823bf89547594651162de.php 第 98 行.
NOTIC: [8] Use of undefined constant zhuangt - assumed 'zhuangt' E:\wamp64\www\-\Application\Runtime\Cache\Home\1223f42a89e823bf89547594651162de.php 第 123 行.
NOTIC: [8] Use of undefined constant zhuangt - assumed 'zhuangt' E:\wamp64\www\-\Application\Runtime\Cache\Home\1223f42a89e823bf89547594651162de.php 第 98 行.
NOTIC: [8] Use of undefined constant zhuangt - assumed 'zhuangt' E:\wamp64\www\-\Application\Runtime\Cache\Home\1223f42a89e823bf89547594651162de.php 第 123 行.
NOTIC: [8] Undefined index: foodnum E:\wamp64\www\-\Application\Runtime\Cache\Home\1223f42a89e823bf89547594651162de.php 第 124 行.
NOTIC: [8] Use of undefined constant zhuangt - assumed 'zhuangt' E:\wamp64\www\-\Application\Runtime\Cache\Home\1223f42a89e823bf89547594651162de.php 第 98 行.
NOTIC: [8] Use of undefined constant zhuangt - assumed 'zhuangt' E:\wamp64\www\-\Application\Runtime\Cache\Home\1223f42a89e823bf89547594651162de.php 第 123 行.
NOTIC: [8] Undefined index: foodnum E:\wamp64\www\-\Application\Runtime\Cache\Home\1223f42a89e823bf89547594651162de.php 第 124 行.
NOTIC: [8] Use of undefined constant zhuangt - assumed 'zhuangt' E:\wamp64\www\-\Application\Runtime\Cache\Home\1223f42a89e823bf89547594651162de.php 第 98 行.
NOTIC: [8] Use of undefined constant zhuangt - assumed 'zhuangt' E:\wamp64\www\-\Application\Runtime\Cache\Home\1223f42a89e823bf89547594651162de.php 第 123 行.
NOTIC: [8] Undefined index: foodnum E:\wamp64\www\-\Application\Runtime\Cache\Home\1223f42a89e823bf89547594651162de.php 第 124 行.
NOTIC: [8] Use of undefined constant zhuangt - assumed 'zhuangt' E:\wamp64\www\-\Application\Runtime\Cache\Home\1223f42a89e823bf89547594651162de.php 第 98 行.
NOTIC: [8] Use of undefined constant zhuangt - assumed 'zhuangt' E:\wamp64\www\-\Application\Runtime\Cache\Home\1223f42a89e823bf89547594651162de.php 第 123 行.
NOTIC: [8] Undefined index: foodnum E:\wamp64\www\-\Application\Runtime\Cache\Home\1223f42a89e823bf89547594651162de.php 第 124 行.
NOTIC: [8] Use of undefined constant zhuangt - assumed 'zhuangt' E:\wamp64\www\-\Application\Runtime\Cache\Home\1223f42a89e823bf89547594651162de.php 第 98 行.
NOTIC: [8] Use of undefined constant zhuangt - assumed 'zhuangt' E:\wamp64\www\-\Application\Runtime\Cache\Home\1223f42a89e823bf89547594651162de.php 第 123 行.
NOTIC: [8] Use of undefined constant line_type - assumed 'line_type' E:\wamp64\www\-\Application\Runtime\Cache\Home\1223f42a89e823bf89547594651162de.php 第 463 行.
NOTIC: [8] Use of undefined constant zuoweishu - assumed 'zuoweishu' E:\wamp64\www\-\Application\Runtime\Cache\Home\1223f42a89e823bf89547594651162de.php 第 495 行.
INFO: Run Behavior\ParseTemplateBehavior [ RunTime:0.031939s ]
INFO: [ view_parse ] --END-- [ RunTime:0.032200s ]
INFO: [ view_filter ] --START--
INFO: Run Behavior\WriteHtmlCacheBehavior [ RunTime:0.000951s ]
INFO: [ view_filter ] --END-- [ RunTime:0.001119s ]
INFO: [ app_end ] --START--
INFO: Run Behavior\ShowPageTraceBehavior [ RunTime:0.002409s ]
INFO: [ app_end ] --END-- [ RunTime:0.002659s ]

[ 2018-02-05T12:01:02+08:00 ] ::1 /-/index.php/Home/Index/ajaxaddlinshijj.html
INFO: [ app_init ] --START--
INFO: Run Behavior\BuildLiteBehavior [ RunTime:0.000045s ]
INFO: [ app_init ] --END-- [ RunTime:0.000269s ]
INFO: [ app_begin ] --START--
INFO: Run Behavior\ReadHtmlCacheBehavior [ RunTime:0.000842s ]
INFO: [ app_begin ] --END-- [ RunTime:0.001021s ]
NOTIC: [8] Undefined index: food_num E:\wamp64\www\-\Application\Home\Controller\IndexController.class.php 第 257 行.
INFO: [ app_end ] --START--
INFO: Run Behavior\ShowPageTraceBehavior [ RunTime:0.000881s ]
INFO: [ app_end ] --END-- [ RunTime:0.001026s ]

[ 2018-02-05T12:01:03+08:00 ] ::1 /-/index.php/Home/Index/ajaxaddlinshijj.html
INFO: [ app_init ] --START--
INFO: Run Behavior\BuildLiteBehavior [ RunTime:0.000039s ]
INFO: [ app_init ] --END-- [ RunTime:0.000247s ]
INFO: [ app_begin ] --START--
INFO: Run Behavior\ReadHtmlCacheBehavior [ RunTime:0.000874s ]
INFO: [ app_begin ] --END-- [ RunTime:0.001026s ]
INFO: [ app_end ] --START--
INFO: Run Behavior\ShowPageTraceBehavior [ RunTime:0.000911s ]
INFO: [ app_end ] --END-- [ RunTime:0.001067s ]

[ 2018-02-05T12:01:04+08:00 ] ::1 /-/index.php/Home/Cart/save_cart.html
INFO: [ app_init ] --START--
INFO: Run Behavior\BuildLiteBehavior [ RunTime:0.000040s ]
INFO: [ app_init ] --END-- [ RunTime:0.000265s ]
INFO: [ app_begin ] --START--
INFO: Run Behavior\ReadHtmlCacheBehavior [ RunTime:0.001342s ]
INFO: [ app_begin ] --END-- [ RunTime:0.001631s ]
SQL: SHOW COLUMNS FROM `cart` [ RunTime:0.0082s ]
SQL: DELETE FROM `cart` WHERE `user_id` = 16 AND `store_id` = 1 [ RunTime:0.0010s ]
SQL: SELECT * FROM `cart` WHERE `user_id` = 16 AND `goods_id` = 59 AND `status` = 1 AND `store_id` = 1 LIMIT 1   [ RunTime:0.0011s ]
SQL: INSERT INTO `cart` (`user_id`,`goods_id`,`status`,`store_id`,`goods_num`,`goods_type`,`add_time`) VALUES ('16','59','1','1','1','14','2018-02-05 12:01:04') [ RunTime:0.0010s ]
SQL: SELECT * FROM `cart` WHERE `user_id` = 16 AND `goods_id` = 61 AND `status` = 1 AND `store_id` = 1 LIMIT 1   [ RunTime:0.0010s ]
SQL: INSERT INTO `cart` (`user_id`,`goods_id`,`status`,`store_id`,`goods_num`,`goods_type`,`add_time`) VALUES ('16','61','1','1','1','14','2018-02-05 12:01:04') [ RunTime:0.0009s ]

[ 2018-02-05T12:01:04+08:00 ] ::1 /-/index.php/Home/cart/diandan_info/store_id/1.html
INFO: [ app_init ] --START--
INFO: Run Behavior\BuildLiteBehavior [ RunTime:0.000045s ]
INFO: [ app_init ] --END-- [ RunTime:0.000287s ]
INFO: [ app_begin ] --START--
INFO: Run Behavior\ReadHtmlCacheBehavior [ RunTime:0.001417s ]
INFO: [ app_begin ] --END-- [ RunTime:0.001663s ]
SQL: SHOW COLUMNS FROM `shop` [ RunTime:0.0106s ]
SQL: SELECT `mingch` FROM `shop` WHERE `id` = 1 LIMIT 1   [ RunTime:0.0010s ]
SQL: SHOW COLUMNS FROM `cart` [ RunTime:0.0078s ]
SQL: SELECT * FROM `cart` WHERE `user_id` = 16 AND `store_id` = 1 AND `status` = 1  [ RunTime:0.0010s ]
SQL: SHOW COLUMNS FROM `food` [ RunTime:0.0084s ]
SQL: SELECT `mingch` FROM `food` WHERE `id` = 61 LIMIT 1   [ RunTime:0.0013s ]
SQL: SELECT `jiage_youhui` FROM `food` WHERE `id` = 61 LIMIT 1   [ RunTime:0.0011s ]
SQL: SELECT `jiage_youhui` FROM `food` WHERE `id` = 61 LIMIT 1   [ RunTime:0.0010s ]
SQL: SELECT `mingch` FROM `food` WHERE `id` = 59 LIMIT 1   [ RunTime:0.0008s ]
SQL: SELECT `jiage_youhui` FROM `food` WHERE `id` = 59 LIMIT 1   [ RunTime:0.0011s ]
SQL: SELECT `jiage_youhui` FROM `food` WHERE `id` = 59 LIMIT 1   [ RunTime:0.0010s ]
INFO: [ view_parse ] --START--
INFO: [ template_filter ] --START--
INFO: Run Behavior\ContentReplaceBehavior [ RunTime:0.000140s ]
INFO: [ template_filter ] --END-- [ RunTime:0.000360s ]
NOTIC: [8] Undefined variable: goods_num E:\wamp64\www\-\Application\Runtime\Cache\Home\ccecb86a3f532e1cfcd848b46259670a.php 第 65 行.
NOTIC: [8] Undefined variable: goods_num E:\wamp64\www\-\Application\Runtime\Cache\Home\ccecb86a3f532e1cfcd848b46259670a.php 第 65 行.
INFO: Run Behavior\ParseTemplateBehavior [ RunTime:0.014248s ]
INFO: [ view_parse ] --END-- [ RunTime:0.014453s ]
INFO: [ view_filter ] --START--
INFO: Run Behavior\WriteHtmlCacheBehavior [ RunTime:0.001140s ]
INFO: [ view_filter ] --END-- [ RunTime:0.001342s ]
INFO: [ app_end ] --START--
INFO: Run Behavior\ShowPageTraceBehavior [ RunTime:0.000968s ]
INFO: [ app_end ] --END-- [ RunTime:0.001154s ]

[ 2018-02-05T12:01:38+08:00 ] ::1 /-/index.php/Home/cart/diandan_info/store_id/1.html
INFO: [ app_init ] --START--
INFO: Run Behavior\BuildLiteBehavior [ RunTime:0.000046s ]
INFO: [ app_init ] --END-- [ RunTime:0.000297s ]
INFO: [ app_begin ] --START--
INFO: Run Behavior\ReadHtmlCacheBehavior [ RunTime:0.001284s ]
INFO: [ app_begin ] --END-- [ RunTime:0.001580s ]
SQL: SHOW COLUMNS FROM `shop` [ RunTime:0.0111s ]
SQL: SELECT `mingch` FROM `shop` WHERE `id` = 1 LIMIT 1   [ RunTime:0.0011s ]
SQL: SHOW COLUMNS FROM `cart` [ RunTime:0.0078s ]
SQL: SELECT * FROM `cart` WHERE `user_id` = 16 AND `store_id` = 1 AND `status` = 1  [ RunTime:0.0011s ]
SQL: SHOW COLUMNS FROM `food` [ RunTime:0.0082s ]
SQL: SELECT `mingch` FROM `food` WHERE `id` = 61 LIMIT 1   [ RunTime:0.0011s ]
SQL: SELECT `jiage_youhui` FROM `food` WHERE `id` = 61 LIMIT 1   [ RunTime:0.0010s ]
SQL: SELECT `jiage_youhui` FROM `food` WHERE `id` = 61 LIMIT 1   [ RunTime:0.0010s ]
SQL: SELECT `mingch` FROM `food` WHERE `id` = 59 LIMIT 1   [ RunTime:0.0011s ]
SQL: SELECT `jiage_youhui` FROM `food` WHERE `id` = 59 LIMIT 1   [ RunTime:0.0009s ]
SQL: SELECT `jiage_youhui` FROM `food` WHERE `id` = 59 LIMIT 1   [ RunTime:0.0011s ]
INFO: [ view_parse ] --START--
INFO: [ template_filter ] --START--
INFO: Run Behavior\ContentReplaceBehavior [ RunTime:0.000150s ]
INFO: [ template_filter ] --END-- [ RunTime:0.000380s ]
INFO: Run Behavior\ParseTemplateBehavior [ RunTime:0.017805s ]
INFO: [ view_parse ] --END-- [ RunTime:0.018081s ]
INFO: [ view_filter ] --START--
INFO: Run Behavior\WriteHtmlCacheBehavior [ RunTime:0.000896s ]
INFO: [ view_filter ] --END-- [ RunTime:0.001125s ]
INFO: [ app_end ] --START--
INFO: Run Behavior\ShowPageTraceBehavior [ RunTime:0.001123s ]
INFO: [ app_end ] --END-- [ RunTime:0.001367s ]

[ 2018-02-05T12:02:15+08:00 ] ::1 /-/index.php/Home/cart/diandan_info/store_id/1.html
INFO: [ app_init ] --START--
INFO: Run Behavior\BuildLiteBehavior [ RunTime:0.000043s ]
INFO: [ app_init ] --END-- [ RunTime:0.000276s ]
INFO: [ app_begin ] --START--
INFO: Run Behavior\ReadHtmlCacheBehavior [ RunTime:0.001213s ]
INFO: [ app_begin ] --END-- [ RunTime:0.001675s ]
SQL: SHOW COLUMNS FROM `shop` [ RunTime:0.0102s ]
SQL: SELECT `mingch` FROM `shop` WHERE `id` = 1 LIMIT 1   [ RunTime:0.0018s ]
SQL: SHOW COLUMNS FROM `cart` [ RunTime:0.0083s ]
SQL: SELECT * FROM `cart` WHERE `user_id` = 16 AND `store_id` = 1 AND `status` = 1  [ RunTime:0.0014s ]
SQL: SHOW COLUMNS FROM `food` [ RunTime:0.0071s ]
SQL: SELECT `mingch` FROM `food` WHERE `id` = 61 LIMIT 1   [ RunTime:0.0011s ]
SQL: SELECT `jiage_youhui` FROM `food` WHERE `id` = 61 LIMIT 1   [ RunTime:0.0011s ]
SQL: SELECT `jiage_youhui` FROM `food` WHERE `id` = 61 LIMIT 1   [ RunTime:0.0012s ]
SQL: SELECT `mingch` FROM `food` WHERE `id` = 59 LIMIT 1   [ RunTime:0.0010s ]
SQL: SELECT `jiage_youhui` FROM `food` WHERE `id` = 59 LIMIT 1   [ RunTime:0.0011s ]
SQL: SELECT `jiage_youhui` FROM `food` WHERE `id` = 59 LIMIT 1   [ RunTime:0.0013s ]
INFO: [ view_parse ] --START--
INFO: [ template_filter ] --START--
INFO: Run Behavior\ContentReplaceBehavior [ RunTime:0.000119s ]
INFO: [ template_filter ] --END-- [ RunTime:0.000297s ]
INFO: Run Behavior\ParseTemplateBehavior [ RunTime:0.014288s ]
INFO: [ view_parse ] --END-- [ RunTime:0.014482s ]
INFO: [ view_filter ] --START--
INFO: Run Behavior\WriteHtmlCacheBehavior [ RunTime:0.000624s ]
INFO: [ view_filter ] --END-- [ RunTime:0.000782s ]
INFO: [ app_end ] --START--
INFO: Run Behavior\ShowPageTraceBehavior [ RunTime:0.000814s ]
INFO: [ app_end ] --END-- [ RunTime:0.000988s ]

[ 2018-02-05T12:04:23+08:00 ] ::1 /-/index.php/Home/cart/diandan_info/store_id/1.html
INFO: [ app_init ] --START--
INFO: Run Behavior\BuildLiteBehavior [ RunTime:0.000040s ]
INFO: [ app_init ] --END-- [ RunTime:0.000277s ]
INFO: [ app_begin ] --START--
INFO: Run Behavior\ReadHtmlCacheBehavior [ RunTime:0.001176s ]
INFO: [ app_begin ] --END-- [ RunTime:0.001388s ]
SQL: SHOW COLUMNS FROM `shop` [ RunTime:0.0105s ]
SQL: SELECT `mingch` FROM `shop` WHERE `id` = 1 LIMIT 1   [ RunTime:0.0013s ]
SQL: SHOW COLUMNS FROM `cart` [ RunTime:0.0093s ]
SQL: SELECT * FROM `cart` WHERE `user_id` = 16 AND `store_id` = 1 AND `status` = 1  [ RunTime:0.0017s ]
SQL: SHOW COLUMNS FROM `food` [ RunTime:0.0066s ]
SQL: SELECT `mingch` FROM `food` WHERE `id` = 61 LIMIT 1   [ RunTime:0.0013s ]
SQL: SELECT `jiage_youhui` FROM `food` WHERE `id` = 61 LIMIT 1   [ RunTime:0.0013s ]
SQL: SELECT `jiage_youhui` FROM `food` WHERE `id` = 61 LIMIT 1   [ RunTime:0.0012s ]
SQL: SELECT `mingch` FROM `food` WHERE `id` = 59 LIMIT 1   [ RunTime:0.0013s ]
SQL: SELECT `jiage_youhui` FROM `food` WHERE `id` = 59 LIMIT 1   [ RunTime:0.0012s ]
SQL: SELECT `jiage_youhui` FROM `food` WHERE `id` = 59 LIMIT 1   [ RunTime:0.0013s ]
INFO: [ view_parse ] --START--
INFO: [ template_filter ] --START--
INFO: Run Behavior\ContentReplaceBehavior [ RunTime:0.000195s ]
INFO: [ template_filter ] --END-- [ RunTime:0.000476s ]
INFO: Run Behavior\ParseTemplateBehavior [ RunTime:0.019852s ]
INFO: [ view_parse ] --END-- [ RunTime:0.020271s ]
INFO: [ view_filter ] --START--
INFO: Run Behavior\WriteHtmlCacheBehavior [ RunTime:0.001272s ]
INFO: [ view_filter ] --END-- [ RunTime:0.001586s ]
INFO: [ app_end ] --START--
INFO: Run Behavior\ShowPageTraceBehavior [ RunTime:0.001538s ]
INFO: [ app_end ] --END-- [ RunTime:0.001832s ]

[ 2018-02-05T12:04:34+08:00 ] ::1 /-/index.php/Home/cart/diandan_info/store_id/1.html
INFO: [ app_init ] --START--
INFO: Run Behavior\BuildLiteBehavior [ RunTime:0.000037s ]
INFO: [ app_init ] --END-- [ RunTime:0.000242s ]
INFO: [ app_begin ] --START--
INFO: Run Behavior\ReadHtmlCacheBehavior [ RunTime:0.001036s ]
INFO: [ app_begin ] --END-- [ RunTime:0.001241s ]
SQL: SHOW COLUMNS FROM `shop` [ RunTime:0.0105s ]
SQL: SELECT `mingch` FROM `shop` WHERE `id` = 1 LIMIT 1   [ RunTime:0.0011s ]
SQL: SHOW COLUMNS FROM `cart` [ RunTime:0.0084s ]
SQL: SELECT * FROM `cart` WHERE `user_id` = 16 AND `store_id` = 1 AND `status` = 1  [ RunTime:0.0013s ]
SQL: SHOW COLUMNS FROM `food` [ RunTime:0.0082s ]
SQL: SELECT `mingch` FROM `food` WHERE `id` = 61 LIMIT 1   [ RunTime:0.0011s ]
SQL: SELECT `jiage_youhui` FROM `food` WHERE `id` = 61 LIMIT 1   [ RunTime:0.0010s ]
SQL: SELECT `jiage_youhui` FROM `food` WHERE `id` = 61 LIMIT 1   [ RunTime:0.0008s ]
SQL: SELECT `mingch` FROM `food` WHERE `id` = 59 LIMIT 1   [ RunTime:0.0009s ]
SQL: SELECT `jiage_youhui` FROM `food` WHERE `id` = 59 LIMIT 1   [ RunTime:0.0009s ]
SQL: SELECT `jiage_youhui` FROM `food` WHERE `id` = 59 LIMIT 1   [ RunTime:0.0011s ]
INFO: [ view_parse ] --START--
INFO: [ template_filter ] --START--
INFO: Run Behavior\ContentReplaceBehavior [ RunTime:0.000126s ]
INFO: [ template_filter ] --END-- [ RunTime:0.000316s ]
INFO: Run Behavior\ParseTemplateBehavior [ RunTime:0.012697s ]
INFO: [ view_parse ] --END-- [ RunTime:0.012952s ]
INFO: [ view_filter ] --START--
INFO: Run Behavior\WriteHtmlCacheBehavior [ RunTime:0.000919s ]
INFO: [ view_filter ] --END-- [ RunTime:0.001104s ]
INFO: [ app_end ] --START--
INFO: Run Behavior\ShowPageTraceBehavior [ RunTime:0.000974s ]
INFO: [ app_end ] --END-- [ RunTime:0.001159s ]

[ 2018-02-05T12:04:47+08:00 ] ::1 /-/index.php/Home/cart/diandan_info/store_id/1.html
INFO: [ app_init ] --START--
INFO: Run Behavior\BuildLiteBehavior [ RunTime:0.000045s ]
INFO: [ app_init ] --END-- [ RunTime:0.000296s ]
INFO: [ app_begin ] --START--
INFO: Run Behavior\ReadHtmlCacheBehavior [ RunTime:0.001367s ]
INFO: [ app_begin ] --END-- [ RunTime:0.001759s ]
SQL: SHOW COLUMNS FROM `shop` [ RunTime:0.0103s ]
SQL: SELECT `mingch` FROM `shop` WHERE `id` = 1 LIMIT 1   [ RunTime:0.0010s ]
SQL: SHOW COLUMNS FROM `cart` [ RunTime:0.0087s ]
SQL: SELECT * FROM `cart` WHERE `user_id` = 16 AND `store_id` = 1 AND `status` = 1  [ RunTime:0.0015s ]
SQL: SHOW COLUMNS FROM `food` [ RunTime:0.0070s ]
SQL: SELECT `mingch` FROM `food` WHERE `id` = 61 LIMIT 1   [ RunTime:0.0010s ]
SQL: SELECT `jiage_youhui` FROM `food` WHERE `id` = 61 LIMIT 1   [ RunTime:0.0010s ]
SQL: SELECT `jiage_youhui` FROM `food` WHERE `id` = 61 LIMIT 1   [ RunTime:0.0010s ]
SQL: SELECT `mingch` FROM `food` WHERE `id` = 59 LIMIT 1   [ RunTime:0.0008s ]
SQL: SELECT `jiage_youhui` FROM `food` WHERE `id` = 59 LIMIT 1   [ RunTime:0.0008s ]
SQL: SELECT `jiage_youhui` FROM `food` WHERE `id` = 59 LIMIT 1   [ RunTime:0.0010s ]
INFO: [ view_parse ] --START--
INFO: [ template_filter ] --START--
INFO: Run Behavior\ContentReplaceBehavior [ RunTime:0.000124s ]
INFO: [ template_filter ] --END-- [ RunTime:0.000310s ]
INFO: Run Behavior\ParseTemplateBehavior [ RunTime:0.011629s ]
INFO: [ view_parse ] --END-- [ RunTime:0.011836s ]
INFO: [ view_filter ] --START--
INFO: Run Behavior\WriteHtmlCacheBehavior [ RunTime:0.000853s ]
INFO: [ view_filter ] --END-- [ RunTime:0.001052s ]
INFO: [ app_end ] --START--
INFO: Run Behavior\ShowPageTraceBehavior [ RunTime:0.001129s ]
INFO: [ app_end ] --END-- [ RunTime:0.001360s ]

[ 2018-02-05T12:04:57+08:00 ] ::1 /-/index.php/Home/cart/diandan_info/store_id/1.html
INFO: [ app_init ] --START--
INFO: Run Behavior\BuildLiteBehavior [ RunTime:0.000042s ]
INFO: [ app_init ] --END-- [ RunTime:0.000274s ]
INFO: [ app_begin ] --START--
INFO: Run Behavior\ReadHtmlCacheBehavior [ RunTime:0.001018s ]
INFO: [ app_begin ] --END-- [ RunTime:0.001228s ]
SQL: SHOW COLUMNS FROM `shop` [ RunTime:0.0108s ]
SQL: SELECT `mingch` FROM `shop` WHERE `id` = 1 LIMIT 1   [ RunTime:0.0011s ]
SQL: SHOW COLUMNS FROM `cart` [ RunTime:0.0082s ]
SQL: SELECT * FROM `cart` WHERE `user_id` = 16 AND `store_id` = 1 AND `status` = 1  [ RunTime:0.0014s ]
SQL: SHOW COLUMNS FROM `food` [ RunTime:0.0081s ]
SQL: SELECT `mingch` FROM `food` WHERE `id` = 61 LIMIT 1   [ RunTime:0.0009s ]
SQL: SELECT `jiage_youhui` FROM `food` WHERE `id` = 61 LIMIT 1   [ RunTime:0.0009s ]
SQL: SELECT `jiage_youhui` FROM `food` WHERE `id` = 61 LIMIT 1   [ RunTime:0.0011s ]
SQL: SELECT `mingch` FROM `food` WHERE `id` = 59 LIMIT 1   [ RunTime:0.0011s ]
SQL: SELECT `jiage_youhui` FROM `food` WHERE `id` = 59 LIMIT 1   [ RunTime:0.0010s ]
SQL: SELECT `jiage_youhui` FROM `food` WHERE `id` = 59 LIMIT 1   [ RunTime:0.0013s ]
INFO: [ view_parse ] --START--
INFO: [ template_filter ] --START--
INFO: Run Behavior\ContentReplaceBehavior [ RunTime:0.000125s ]
INFO: [ template_filter ] --END-- [ RunTime:0.000327s ]
INFO: Run Behavior\ParseTemplateBehavior [ RunTime:0.012509s ]
INFO: [ view_parse ] --END-- [ RunTime:0.012708s ]
INFO: [ view_filter ] --START--
INFO: Run Behavior\WriteHtmlCacheBehavior [ RunTime:0.000751s ]
INFO: [ view_filter ] --END-- [ RunTime:0.000921s ]
INFO: [ app_end ] --START--
INFO: Run Behavior\ShowPageTraceBehavior [ RunTime:0.000987s ]
INFO: [ app_end ] --END-- [ RunTime:0.001168s ]

[ 2018-02-05T12:04:59+08:00 ] ::1 /-/index.php/Home/cart/diandan_info/store_id/1.html
INFO: [ app_init ] --START--
INFO: Run Behavior\BuildLiteBehavior [ RunTime:0.000040s ]
INFO: [ app_init ] --END-- [ RunTime:0.000255s ]
INFO: [ app_begin ] --START--
INFO: Run Behavior\ReadHtmlCacheBehavior [ RunTime:0.001292s ]
INFO: [ app_begin ] --END-- [ RunTime:0.001546s ]
SQL: SHOW COLUMNS FROM `shop` [ RunTime:0.0243s ]
SQL: SELECT `mingch` FROM `shop` WHERE `id` = 1 LIMIT 1   [ RunTime:0.0014s ]
SQL: SHOW COLUMNS FROM `cart` [ RunTime:0.0104s ]
SQL: SELECT * FROM `cart` WHERE `user_id` = 16 AND `store_id` = 1 AND `status` = 1  [ RunTime:0.0013s ]
SQL: SHOW COLUMNS FROM `food` [ RunTime:0.0076s ]
SQL: SELECT `mingch` FROM `food` WHERE `id` = 61 LIMIT 1   [ RunTime:0.0008s ]
SQL: SELECT `jiage_youhui` FROM `food` WHERE `id` = 61 LIMIT 1   [ RunTime:0.0008s ]
SQL: SELECT `jiage_youhui` FROM `food` WHERE `id` = 61 LIMIT 1   [ RunTime:0.0010s ]
SQL: SELECT `mingch` FROM `food` WHERE `id` = 59 LIMIT 1   [ RunTime:0.0008s ]
SQL: SELECT `jiage_youhui` FROM `food` WHERE `id` = 59 LIMIT 1   [ RunTime:0.0008s ]
SQL: SELECT `jiage_youhui` FROM `food` WHERE `id` = 59 LIMIT 1   [ RunTime:0.0011s ]
INFO: [ view_parse ] --START--
INFO: [ template_filter ] --START--
INFO: Run Behavior\ContentReplaceBehavior [ RunTime:0.000137s ]
INFO: [ template_filter ] --END-- [ RunTime:0.000446s ]
INFO: Run Behavior\ParseTemplateBehavior [ RunTime:0.012129s ]
INFO: [ view_parse ] --END-- [ RunTime:0.012357s ]
INFO: [ view_filter ] --START--
INFO: Run Behavior\WriteHtmlCacheBehavior [ RunTime:0.000768s ]
INFO: [ view_filter ] --END-- [ RunTime:0.000954s ]
INFO: [ app_end ] --START--
INFO: Run Behavior\ShowPageTraceBehavior [ RunTime:0.001374s ]
INFO: [ app_end ] --END-- [ RunTime:0.001620s ]

[ 2018-02-05T12:05:00+08:00 ] ::1 /-/index.php/Home/cart/diandan_info/store_id/1.html
INFO: [ app_init ] --START--
INFO: Run Behavior\BuildLiteBehavior [ RunTime:0.000045s ]
INFO: [ app_init ] --END-- [ RunTime:0.000291s ]
INFO: [ app_begin ] --START--
INFO: Run Behavior\ReadHtmlCacheBehavior [ RunTime:0.001120s ]
INFO: [ app_begin ] --END-- [ RunTime:0.001356s ]
SQL: SHOW COLUMNS FROM `shop` [ RunTime:0.0102s ]
SQL: SELECT `mingch` FROM `shop` WHERE `id` = 1 LIMIT 1   [ RunTime:0.0011s ]
SQL: SHOW COLUMNS FROM `cart` [ RunTime:0.0079s ]
SQL: SELECT * FROM `cart` WHERE `user_id` = 16 AND `store_id` = 1 AND `status` = 1  [ RunTime:0.0011s ]
SQL: SHOW COLUMNS FROM `food` [ RunTime:0.0082s ]
SQL: SELECT `mingch` FROM `food` WHERE `id` = 61 LIMIT 1   [ RunTime:0.0009s ]
SQL: SELECT `jiage_youhui` FROM `food` WHERE `id` = 61 LIMIT 1   [ RunTime:0.0010s ]
SQL: SELECT `jiage_youhui` FROM `food` WHERE `id` = 61 LIMIT 1   [ RunTime:0.0010s ]
SQL: SELECT `mingch` FROM `food` WHERE `id` = 59 LIMIT 1   [ RunTime:0.0008s ]
SQL: SELECT `jiage_youhui` FROM `food` WHERE `id` = 59 LIMIT 1   [ RunTime:0.0011s ]
SQL: SELECT `jiage_youhui` FROM `food` WHERE `id` = 59 LIMIT 1   [ RunTime:0.0009s ]
INFO: [ view_parse ] --START--
INFO: [ template_filter ] --START--
INFO: Run Behavior\ContentReplaceBehavior [ RunTime:0.000123s ]
INFO: [ template_filter ] --END-- [ RunTime:0.000319s ]
INFO: Run Behavior\ParseTemplateBehavior [ RunTime:0.011955s ]
INFO: [ view_parse ] --END-- [ RunTime:0.012188s ]
INFO: [ view_filter ] --START--
INFO: Run Behavior\WriteHtmlCacheBehavior [ RunTime:0.000781s ]
INFO: [ view_filter ] --END-- [ RunTime:0.000979s ]
INFO: [ app_end ] --START--
INFO: Run Behavior\ShowPageTraceBehavior [ RunTime:0.000893s ]
INFO: [ app_end ] --END-- [ RunTime:0.001098s ]

[ 2018-02-05T12:06:06+08:00 ] ::1 /-/index.php/Home/cart/diandan_info/store_id/1.html
INFO: [ app_init ] --START--
INFO: Run Behavior\BuildLiteBehavior [ RunTime:0.000079s ]
INFO: [ app_init ] --END-- [ RunTime:0.000404s ]
INFO: [ app_begin ] --START--
INFO: Run Behavior\ReadHtmlCacheBehavior [ RunTime:0.001326s ]
INFO: [ app_begin ] --END-- [ RunTime:0.001599s ]
SQL: SHOW COLUMNS FROM `shop` [ RunTime:0.0112s ]
SQL: SELECT `mingch` FROM `shop` WHERE `id` = 1 LIMIT 1   [ RunTime:0.0009s ]
SQL: SHOW COLUMNS FROM `cart` [ RunTime:0.0080s ]
SQL: SELECT * FROM `cart` WHERE `user_id` = 16 AND `store_id` = 1 AND `status` = 1  [ RunTime:0.0011s ]
SQL: SHOW COLUMNS FROM `food` [ RunTime:0.0077s ]
SQL: SELECT `mingch` FROM `food` WHERE `id` = 61 LIMIT 1   [ RunTime:0.0010s ]
SQL: SELECT `jiage_youhui` FROM `food` WHERE `id` = 61 LIMIT 1   [ RunTime:0.0010s ]
SQL: SELECT `jiage_youhui` FROM `food` WHERE `id` = 61 LIMIT 1   [ RunTime:0.0010s ]
SQL: SELECT `mingch` FROM `food` WHERE `id` = 59 LIMIT 1   [ RunTime:0.0009s ]
SQL: SELECT `jiage_youhui` FROM `food` WHERE `id` = 59 LIMIT 1   [ RunTime:0.0009s ]
SQL: SELECT `jiage_youhui` FROM `food` WHERE `id` = 59 LIMIT 1   [ RunTime:0.0009s ]
INFO: [ view_parse ] --START--
INFO: [ template_filter ] --START--
INFO: Run Behavior\ContentReplaceBehavior [ RunTime:0.000125s ]
INFO: [ template_filter ] --END-- [ RunTime:0.000318s ]
INFO: Run Behavior\ParseTemplateBehavior [ RunTime:0.011193s ]
INFO: [ view_parse ] --END-- [ RunTime:0.011434s ]
INFO: [ view_filter ] --START--
INFO: Run Behavior\WriteHtmlCacheBehavior [ RunTime:0.001283s ]
INFO: [ view_filter ] --END-- [ RunTime:0.001595s ]
INFO: [ app_end ] --START--
INFO: Run Behavior\ShowPageTraceBehavior [ RunTime:0.001443s ]
INFO: [ app_end ] --END-- [ RunTime:0.001670s ]

[ 2018-02-05T12:06:08+08:00 ] ::1 /-/index.php/Home/cart/diandan_info/store_id/1.html
INFO: [ app_init ] --START--
INFO: Run Behavior\BuildLiteBehavior [ RunTime:0.000056s ]
INFO: [ app_init ] --END-- [ RunTime:0.000363s ]
INFO: [ app_begin ] --START--
INFO: Run Behavior\ReadHtmlCacheBehavior [ RunTime:0.001335s ]
INFO: [ app_begin ] --END-- [ RunTime:0.001624s ]
SQL: SHOW COLUMNS FROM `shop` [ RunTime:0.0103s ]
SQL: SELECT `mingch` FROM `shop` WHERE `id` = 1 LIMIT 1   [ RunTime:0.0011s ]
SQL: SHOW COLUMNS FROM `cart` [ RunTime:0.0081s ]
SQL: SELECT * FROM `cart` WHERE `user_id` = 16 AND `store_id` = 1 AND `status` = 1  [ RunTime:0.0015s ]
SQL: SHOW COLUMNS FROM `food` [ RunTime:0.0076s ]
SQL: SELECT `mingch` FROM `food` WHERE `id` = 61 LIMIT 1   [ RunTime:0.0011s ]
SQL: SELECT `jiage_youhui` FROM `food` WHERE `id` = 61 LIMIT 1   [ RunTime:0.0011s ]
SQL: SELECT `jiage_youhui` FROM `food` WHERE `id` = 61 LIMIT 1   [ RunTime:0.0010s ]
SQL: SELECT `mingch` FROM `food` WHERE `id` = 59 LIMIT 1   [ RunTime:0.0010s ]
SQL: SELECT `jiage_youhui` FROM `food` WHERE `id` = 59 LIMIT 1   [ RunTime:0.0009s ]
SQL: SELECT `jiage_youhui` FROM `food` WHERE `id` = 59 LIMIT 1   [ RunTime:0.0010s ]
INFO: [ view_parse ] --START--
INFO: [ template_filter ] --START--
INFO: Run Behavior\ContentReplaceBehavior [ RunTime:0.000119s ]
INFO: [ template_filter ] --END-- [ RunTime:0.000300s ]
INFO: Run Behavior\ParseTemplateBehavior [ RunTime:0.010154s ]
INFO: [ view_parse ] --END-- [ RunTime:0.010376s ]
INFO: [ view_filter ] --START--
INFO: Run Behavior\WriteHtmlCacheBehavior [ RunTime:0.001003s ]
INFO: [ view_filter ] --END-- [ RunTime:0.001206s ]
INFO: [ app_end ] --START--
INFO: Run Behavior\ShowPageTraceBehavior [ RunTime:0.001620s ]
INFO: [ app_end ] --END-- [ RunTime:0.001973s ]

[ 2018-02-05T12:06:10+08:00 ] ::1 /-/index.php/Home/cart/diandan_info/store_id/1.html
INFO: [ app_init ] --START--
INFO: Run Behavior\BuildLiteBehavior [ RunTime:0.000038s ]
INFO: [ app_init ] --END-- [ RunTime:0.000243s ]
INFO: [ app_begin ] --START--
INFO: Run Behavior\ReadHtmlCacheBehavior [ RunTime:0.000970s ]
INFO: [ app_begin ] --END-- [ RunTime:0.001165s ]
SQL: SHOW COLUMNS FROM `shop` [ RunTime:0.0106s ]
SQL: SELECT `mingch` FROM `shop` WHERE `id` = 1 LIMIT 1   [ RunTime:0.0010s ]
SQL: SHOW COLUMNS FROM `cart` [ RunTime:0.0078s ]
SQL: SELECT * FROM `cart` WHERE `user_id` = 16 AND `store_id` = 1 AND `status` = 1  [ RunTime:0.0012s ]
SQL: SHOW COLUMNS FROM `food` [ RunTime:0.0059s ]
SQL: SELECT `mingch` FROM `food` WHERE `id` = 61 LIMIT 1   [ RunTime:0.0011s ]
SQL: SELECT `jiage_youhui` FROM `food` WHERE `id` = 61 LIMIT 1   [ RunTime:0.0008s ]
SQL: SELECT `jiage_youhui` FROM `food` WHERE `id` = 61 LIMIT 1   [ RunTime:0.0010s ]
SQL: SELECT `mingch` FROM `food` WHERE `id` = 59 LIMIT 1   [ RunTime:0.0010s ]
SQL: SELECT `jiage_youhui` FROM `food` WHERE `id` = 59 LIMIT 1   [ RunTime:0.0008s ]
SQL: SELECT `jiage_youhui` FROM `food` WHERE `id` = 59 LIMIT 1   [ RunTime:0.0007s ]
INFO: [ view_parse ] --START--
INFO: [ template_filter ] --START--
INFO: Run Behavior\ContentReplaceBehavior [ RunTime:0.000125s ]
INFO: [ template_filter ] --END-- [ RunTime:0.000318s ]
INFO: Run Behavior\ParseTemplateBehavior [ RunTime:0.010954s ]
INFO: [ view_parse ] --END-- [ RunTime:0.011184s ]
INFO: [ view_filter ] --START--
INFO: Run Behavior\WriteHtmlCacheBehavior [ RunTime:0.000832s ]
INFO: [ view_filter ] --END-- [ RunTime:0.001036s ]
INFO: [ app_end ] --START--
INFO: Run Behavior\ShowPageTraceBehavior [ RunTime:0.000978s ]
INFO: [ app_end ] --END-- [ RunTime:0.001191s ]

[ 2018-02-05T12:06:12+08:00 ] ::1 /-/index.php/Home/cart/diandan_info/store_id/1.html
INFO: [ app_init ] --START--
INFO: Run Behavior\BuildLiteBehavior [ RunTime:0.000037s ]
INFO: [ app_init ] --END-- [ RunTime:0.000238s ]
INFO: [ app_begin ] --START--
INFO: Run Behavior\ReadHtmlCacheBehavior [ RunTime:0.001465s ]
INFO: [ app_begin ] --END-- [ RunTime:0.001713s ]
SQL: SHOW COLUMNS FROM `shop` [ RunTime:0.0105s ]
SQL: SELECT `mingch` FROM `shop` WHERE `id` = 1 LIMIT 1   [ RunTime:0.0011s ]
SQL: SHOW COLUMNS FROM `cart` [ RunTime:0.0078s ]
SQL: SELECT * FROM `cart` WHERE `user_id` = 16 AND `store_id` = 1 AND `status` = 1  [ RunTime:0.0010s ]
SQL: SHOW COLUMNS FROM `food` [ RunTime:0.0050s ]
SQL: SELECT `mingch` FROM `food` WHERE `id` = 61 LIMIT 1   [ RunTime:0.0009s ]
SQL: SELECT `jiage_youhui` FROM `food` WHERE `id` = 61 LIMIT 1   [ RunTime:0.0009s ]
SQL: SELECT `jiage_youhui` FROM `food` WHERE `id` = 61 LIMIT 1   [ RunTime:0.0010s ]
SQL: SELECT `mingch` FROM `food` WHERE `id` = 59 LIMIT 1   [ RunTime:0.0009s ]
SQL: SELECT `jiage_youhui` FROM `food` WHERE `id` = 59 LIMIT 1   [ RunTime:0.0008s ]
SQL: SELECT `jiage_youhui` FROM `food` WHERE `id` = 59 LIMIT 1   [ RunTime:0.0008s ]
INFO: [ view_parse ] --START--
INFO: [ template_filter ] --START--
INFO: Run Behavior\ContentReplaceBehavior [ RunTime:0.000123s ]
INFO: [ template_filter ] --END-- [ RunTime:0.000315s ]
INFO: Run Behavior\ParseTemplateBehavior [ RunTime:0.009498s ]
INFO: [ view_parse ] --END-- [ RunTime:0.009738s ]
INFO: [ view_filter ] --START--
INFO: Run Behavior\WriteHtmlCacheBehavior [ RunTime:0.000782s ]
INFO: [ view_filter ] --END-- [ RunTime:0.000987s ]
INFO: [ app_end ] --START--
INFO: Run Behavior\ShowPageTraceBehavior [ RunTime:0.000990s ]
INFO: [ app_end ] --END-- [ RunTime:0.001193s ]

[ 2018-02-05T12:06:13+08:00 ] ::1 /-/index.php/Home/cart/diandan_info/store_id/1.html
INFO: [ app_init ] --START--
INFO: Run Behavior\BuildLiteBehavior [ RunTime:0.000050s ]
INFO: [ app_init ] --END-- [ RunTime:0.000286s ]
INFO: [ app_begin ] --START--
INFO: Run Behavior\ReadHtmlCacheBehavior [ RunTime:0.000894s ]
INFO: [ app_begin ] --END-- [ RunTime:0.001084s ]
SQL: SHOW COLUMNS FROM `shop` [ RunTime:0.0107s ]
SQL: SELECT `mingch` FROM `shop` WHERE `id` = 1 LIMIT 1   [ RunTime:0.0014s ]
SQL: SHOW COLUMNS FROM `cart` [ RunTime:0.0107s ]
SQL: SELECT * FROM `cart` WHERE `user_id` = 16 AND `store_id` = 1 AND `status` = 1  [ RunTime:0.0020s ]
SQL: SHOW COLUMNS FROM `food` [ RunTime:0.0086s ]
SQL: SELECT `mingch` FROM `food` WHERE `id` = 61 LIMIT 1   [ RunTime:0.0011s ]
SQL: SELECT `jiage_youhui` FROM `food` WHERE `id` = 61 LIMIT 1   [ RunTime:0.0009s ]
SQL: SELECT `jiage_youhui` FROM `food` WHERE `id` = 61 LIMIT 1   [ RunTime:0.0010s ]
SQL: SELECT `mingch` FROM `food` WHERE `id` = 59 LIMIT 1   [ RunTime:0.0010s ]
SQL: SELECT `jiage_youhui` FROM `food` WHERE `id` = 59 LIMIT 1   [ RunTime:0.0010s ]
SQL: SELECT `jiage_youhui` FROM `food` WHERE `id` = 59 LIMIT 1   [ RunTime:0.0008s ]
INFO: [ view_parse ] --START--
INFO: [ template_filter ] --START--
INFO: Run Behavior\ContentReplaceBehavior [ RunTime:0.000125s ]
INFO: [ template_filter ] --END-- [ RunTime:0.000310s ]
INFO: Run Behavior\ParseTemplateBehavior [ RunTime:0.008987s ]
INFO: [ view_parse ] --END-- [ RunTime:0.009198s ]
INFO: [ view_filter ] --START--
INFO: Run Behavior\WriteHtmlCacheBehavior [ RunTime:0.000881s ]
INFO: [ view_filter ] --END-- [ RunTime:0.001101s ]
INFO: [ app_end ] --START--
INFO: Run Behavior\ShowPageTraceBehavior [ RunTime:0.000988s ]
INFO: [ app_end ] --END-- [ RunTime:0.001194s ]

[ 2018-02-05T12:06:51+08:00 ] ::1 /-/index.php/Home/cart/diandan_info/store_id/1.html
INFO: [ app_init ] --START--
INFO: Run Behavior\BuildLiteBehavior [ RunTime:0.000037s ]
INFO: [ app_init ] --END-- [ RunTime:0.000223s ]
INFO: [ app_begin ] --START--
INFO: Run Behavior\ReadHtmlCacheBehavior [ RunTime:0.000987s ]
INFO: [ app_begin ] --END-- [ RunTime:0.001157s ]
SQL: SHOW COLUMNS FROM `shop` [ RunTime:0.0062s ]
SQL: SELECT `mingch` FROM `shop` WHERE `id` = 1 LIMIT 1   [ RunTime:0.0011s ]
SQL: SHOW COLUMNS FROM `cart` [ RunTime:0.0043s ]
SQL: SELECT * FROM `cart` WHERE `user_id` = 16 AND `store_id` = 1 AND `status` = 1  [ RunTime:0.0013s ]
SQL: SHOW COLUMNS FROM `food` [ RunTime:0.0046s ]
SQL: SELECT `mingch` FROM `food` WHERE `id` = 61 LIMIT 1   [ RunTime:0.0009s ]
SQL: SELECT `jiage_youhui` FROM `food` WHERE `id` = 61 LIMIT 1   [ RunTime:0.0010s ]
SQL: SELECT `jiage_youhui` FROM `food` WHERE `id` = 61 LIMIT 1   [ RunTime:0.0008s ]
SQL: SELECT `mingch` FROM `food` WHERE `id` = 59 LIMIT 1   [ RunTime:0.0008s ]
SQL: SELECT `jiage_youhui` FROM `food` WHERE `id` = 59 LIMIT 1   [ RunTime:0.0008s ]
SQL: SELECT `jiage_youhui` FROM `food` WHERE `id` = 59 LIMIT 1   [ RunTime:0.0008s ]
INFO: [ view_parse ] --START--
INFO: [ template_filter ] --START--
INFO: Run Behavior\ContentReplaceBehavior [ RunTime:0.000130s ]
INFO: [ template_filter ] --END-- [ RunTime:0.000368s ]
INFO: Run Behavior\ParseTemplateBehavior [ RunTime:0.010689s ]
INFO: [ view_parse ] --END-- [ RunTime:0.010908s ]
INFO: [ view_filter ] --START--
INFO: Run Behavior\WriteHtmlCacheBehavior [ RunTime:0.000999s ]
INFO: [ view_filter ] --END-- [ RunTime:0.001225s ]
INFO: [ app_end ] --START--
INFO: Run Behavior\ShowPageTraceBehavior [ RunTime:0.001469s ]
INFO: [ app_end ] --END-- [ RunTime:0.001683s ]

[ 2018-02-05T12:10:48+08:00 ] ::1 /-/index.php/Home/cart/diandan_info/store_id/1.html
INFO: [ app_init ] --START--
INFO: Run Behavior\BuildLiteBehavior [ RunTime:0.000047s ]
INFO: [ app_init ] --END-- [ RunTime:0.000262s ]
INFO: [ app_begin ] --START--
INFO: Run Behavior\ReadHtmlCacheBehavior [ RunTime:0.000826s ]
INFO: [ app_begin ] --END-- [ RunTime:0.001005s ]
SQL: SHOW COLUMNS FROM `shop` [ RunTime:0.0107s ]
SQL: SELECT `mingch` FROM `shop` WHERE `id` = 1 LIMIT 1   [ RunTime:0.0015s ]
SQL: SHOW COLUMNS FROM `cart` [ RunTime:0.0076s ]
SQL: SELECT * FROM `cart` WHERE `user_id` = 16 AND `store_id` = 1 AND `status` = 1  [ RunTime:0.0014s ]
SQL: SHOW COLUMNS FROM `food` [ RunTime:0.0080s ]
SQL: SELECT `mingch` FROM `food` WHERE `id` = 61 LIMIT 1   [ RunTime:0.0012s ]
SQL: SELECT `jiage_youhui` FROM `food` WHERE `id` = 61 LIMIT 1   [ RunTime:0.0009s ]
SQL: SELECT `jiage_youhui` FROM `food` WHERE `id` = 61 LIMIT 1   [ RunTime:0.0011s ]
SQL: SELECT `mingch` FROM `food` WHERE `id` = 59 LIMIT 1   [ RunTime:0.0010s ]
SQL: SELECT `jiage_youhui` FROM `food` WHERE `id` = 59 LIMIT 1   [ RunTime:0.0009s ]
SQL: SELECT `jiage_youhui` FROM `food` WHERE `id` = 59 LIMIT 1   [ RunTime:0.0009s ]
INFO: [ view_parse ] --START--
INFO: [ template_filter ] --START--
INFO: Run Behavior\ContentReplaceBehavior [ RunTime:0.000135s ]
INFO: [ template_filter ] --END-- [ RunTime:0.000355s ]
INFO: Run Behavior\ParseTemplateBehavior [ RunTime:0.014662s ]
INFO: [ view_parse ] --END-- [ RunTime:0.014909s ]
INFO: [ view_filter ] --START--
INFO: Run Behavior\WriteHtmlCacheBehavior [ RunTime:0.000738s ]
INFO: [ view_filter ] --END-- [ RunTime:0.000944s ]
INFO: [ app_end ] --START--
INFO: Run Behavior\ShowPageTraceBehavior [ RunTime:0.001058s ]
INFO: [ app_end ] --END-- [ RunTime:0.001474s ]

[ 2018-02-05T13:58:08+08:00 ] ::1 /-/index.php/Home/cart/diandan_info/store_id/1.html
INFO: [ app_init ] --START--
INFO: Run Behavior\BuildLiteBehavior [ RunTime:0.000039s ]
INFO: [ app_init ] --END-- [ RunTime:0.000234s ]
INFO: [ app_begin ] --START--
INFO: Run Behavior\ReadHtmlCacheBehavior [ RunTime:0.001327s ]
INFO: [ app_begin ] --END-- [ RunTime:0.001647s ]
SQL: SHOW COLUMNS FROM `shop` [ RunTime:2.7886s ]
SQL: SELECT `mingch` FROM `shop` WHERE `id` = 1 LIMIT 1   [ RunTime:0.0012s ]
SQL: SHOW COLUMNS FROM `cart` [ RunTime:0.1283s ]
SQL: SELECT * FROM `cart` WHERE `user_id` = 16 AND `store_id` = 1 AND `status` = 1  [ RunTime:0.0012s ]
SQL: SHOW COLUMNS FROM `food` [ RunTime:0.0419s ]
SQL: SELECT `mingch` FROM `food` WHERE `id` = 61 LIMIT 1   [ RunTime:0.0012s ]
SQL: SELECT `jiage_youhui` FROM `food` WHERE `id` = 61 LIMIT 1   [ RunTime:0.0012s ]
SQL: SELECT `jiage_youhui` FROM `food` WHERE `id` = 61 LIMIT 1   [ RunTime:0.0012s ]
SQL: SELECT `mingch` FROM `food` WHERE `id` = 59 LIMIT 1   [ RunTime:0.0012s ]
SQL: SELECT `jiage_youhui` FROM `food` WHERE `id` = 59 LIMIT 1   [ RunTime:0.0010s ]
SQL: SELECT `jiage_youhui` FROM `food` WHERE `id` = 59 LIMIT 1   [ RunTime:0.0010s ]
INFO: [ view_parse ] --START--
INFO: [ template_filter ] --START--
INFO: Run Behavior\ContentReplaceBehavior [ RunTime:0.000120s ]
INFO: [ template_filter ] --END-- [ RunTime:0.000302s ]
INFO: Run Behavior\ParseTemplateBehavior [ RunTime:0.012916s ]
INFO: [ view_parse ] --END-- [ RunTime:0.013126s ]
INFO: [ view_filter ] --START--
INFO: Run Behavior\WriteHtmlCacheBehavior [ RunTime:0.000664s ]
INFO: [ view_filter ] --END-- [ RunTime:0.000836s ]
INFO: [ app_end ] --START--
INFO: Run Behavior\ShowPageTraceBehavior [ RunTime:0.000938s ]
INFO: [ app_end ] --END-- [ RunTime:0.001102s ]

[ 2018-02-05T13:58:08+08:00 ] ::1 /-/index.php/Home/cart/diandan_info/store_id/1.html
INFO: [ app_init ] --START--
INFO: Run Behavior\BuildLiteBehavior [ RunTime:0.000051s ]
INFO: [ app_init ] --END-- [ RunTime:0.000293s ]
INFO: [ app_begin ] --START--
INFO: Run Behavior\ReadHtmlCacheBehavior [ RunTime:0.000724s ]
INFO: [ app_begin ] --END-- [ RunTime:0.000927s ]
SQL: SHOW COLUMNS FROM `shop` [ RunTime:0.0115s ]
SQL: SELECT `mingch` FROM `shop` WHERE `id` = 1 LIMIT 1   [ RunTime:0.0011s ]
SQL: SHOW COLUMNS FROM `cart` [ RunTime:0.0089s ]
SQL: SELECT * FROM `cart` WHERE `user_id` = 16 AND `store_id` = 1 AND `status` = 1  [ RunTime:0.0014s ]
SQL: SHOW COLUMNS FROM `food` [ RunTime:0.0088s ]
SQL: SELECT `mingch` FROM `food` WHERE `id` = 61 LIMIT 1   [ RunTime:0.0010s ]
SQL: SELECT `jiage_youhui` FROM `food` WHERE `id` = 61 LIMIT 1   [ RunTime:0.0012s ]
SQL: SELECT `jiage_youhui` FROM `food` WHERE `id` = 61 LIMIT 1   [ RunTime:0.0013s ]
SQL: SELECT `mingch` FROM `food` WHERE `id` = 59 LIMIT 1   [ RunTime:0.0012s ]
SQL: SELECT `jiage_youhui` FROM `food` WHERE `id` = 59 LIMIT 1   [ RunTime:0.0013s ]
SQL: SELECT `jiage_youhui` FROM `food` WHERE `id` = 59 LIMIT 1   [ RunTime:0.0012s ]
INFO: [ view_parse ] --START--
INFO: [ template_filter ] --START--
INFO: Run Behavior\ContentReplaceBehavior [ RunTime:0.000119s ]
INFO: [ template_filter ] --END-- [ RunTime:0.000299s ]
INFO: Run Behavior\ParseTemplateBehavior [ RunTime:0.012341s ]
INFO: [ view_parse ] --END-- [ RunTime:0.012551s ]
INFO: [ view_filter ] --START--
INFO: Run Behavior\WriteHtmlCacheBehavior [ RunTime:0.000546s ]
INFO: [ view_filter ] --END-- [ RunTime:0.000715s ]
INFO: [ app_end ] --START--
INFO: Run Behavior\ShowPageTraceBehavior [ RunTime:0.000908s ]
INFO: [ app_end ] --END-- [ RunTime:0.001068s ]

[ 2018-02-05T13:58:09+08:00 ] ::1 /-/index.php/Home/cart/diandan_info/store_id/1.html
INFO: [ app_init ] --START--
INFO: Run Behavior\BuildLiteBehavior [ RunTime:0.000048s ]
INFO: [ app_init ] --END-- [ RunTime:0.000284s ]
INFO: [ app_begin ] --START--
INFO: Run Behavior\ReadHtmlCacheBehavior [ RunTime:0.001206s ]
INFO: [ app_begin ] --END-- [ RunTime:0.001511s ]
SQL: SHOW COLUMNS FROM `shop` [ RunTime:0.0105s ]
SQL: SELECT `mingch` FROM `shop` WHERE `id` = 1 LIMIT 1   [ RunTime:0.0011s ]
SQL: SHOW COLUMNS FROM `cart` [ RunTime:0.0078s ]
SQL: SELECT * FROM `cart` WHERE `user_id` = 16 AND `store_id` = 1 AND `status` = 1  [ RunTime:0.0013s ]
SQL: SHOW COLUMNS FROM `food` [ RunTime:0.0078s ]
SQL: SELECT `mingch` FROM `food` WHERE `id` = 61 LIMIT 1   [ RunTime:0.0009s ]
SQL: SELECT `jiage_youhui` FROM `food` WHERE `id` = 61 LIMIT 1   [ RunTime:0.0008s ]
SQL: SELECT `jiage_youhui` FROM `food` WHERE `id` = 61 LIMIT 1   [ RunTime:0.0009s ]
SQL: SELECT `mingch` FROM `food` WHERE `id` = 59 LIMIT 1   [ RunTime:0.0009s ]
SQL: SELECT `jiage_youhui` FROM `food` WHERE `id` = 59 LIMIT 1   [ RunTime:0.0008s ]
SQL: SELECT `jiage_youhui` FROM `food` WHERE `id` = 59 LIMIT 1   [ RunTime:0.0008s ]
INFO: [ view_parse ] --START--
INFO: [ template_filter ] --START--
INFO: Run Behavior\ContentReplaceBehavior [ RunTime:0.000143s ]
INFO: [ template_filter ] --END-- [ RunTime:0.000355s ]
INFO: Run Behavior\ParseTemplateBehavior [ RunTime:0.015056s ]
INFO: [ view_parse ] --END-- [ RunTime:0.015284s ]
INFO: [ view_filter ] --START--
INFO: Run Behavior\WriteHtmlCacheBehavior [ RunTime:0.000705s ]
INFO: [ view_filter ] --END-- [ RunTime:0.000923s ]
INFO: [ app_end ] --START--
INFO: Run Behavior\ShowPageTraceBehavior [ RunTime:0.001014s ]
INFO: [ app_end ] --END-- [ RunTime:0.001222s ]

[ 2018-02-05T14:14:12+08:00 ] ::1 /-/index.php/Home/cart/diandan_info/store_id/1.html
INFO: [ app_init ] --START--
INFO: Run Behavior\BuildLiteBehavior [ RunTime:0.000038s ]
INFO: [ app_init ] --END-- [ RunTime:0.000246s ]
INFO: [ app_begin ] --START--
INFO: Run Behavior\ReadHtmlCacheBehavior [ RunTime:0.000901s ]
INFO: [ app_begin ] --END-- [ RunTime:0.001120s ]
SQL: SHOW COLUMNS FROM `shop` [ RunTime:0.0107s ]
SQL: SELECT `mingch` FROM `shop` WHERE `id` = 1 LIMIT 1   [ RunTime:0.0009s ]
SQL: SHOW COLUMNS FROM `cart` [ RunTime:0.0080s ]
SQL: SELECT * FROM `cart` WHERE `user_id` = 16 AND `store_id` = 1 AND `status` = 1  [ RunTime:0.0014s ]
SQL: SHOW COLUMNS FROM `food` [ RunTime:0.0080s ]
SQL: SELECT `mingch` FROM `food` WHERE `id` = 61 LIMIT 1   [ RunTime:0.0009s ]
SQL: SELECT `jiage_youhui` FROM `food` WHERE `id` = 61 LIMIT 1   [ RunTime:0.0012s ]
SQL: SELECT `jiage_youhui` FROM `food` WHERE `id` = 61 LIMIT 1   [ RunTime:0.0010s ]
SQL: SELECT `mingch` FROM `food` WHERE `id` = 59 LIMIT 1   [ RunTime:0.0010s ]
SQL: SELECT `jiage_youhui` FROM `food` WHERE `id` = 59 LIMIT 1   [ RunTime:0.0009s ]
SQL: SELECT `jiage_youhui` FROM `food` WHERE `id` = 59 LIMIT 1   [ RunTime:0.0008s ]
INFO: [ view_parse ] --START--
INFO: [ template_filter ] --START--
INFO: Run Behavior\ContentReplaceBehavior [ RunTime:0.000139s ]
INFO: [ template_filter ] --END-- [ RunTime:0.000346s ]
INFO: Run Behavior\ParseTemplateBehavior [ RunTime:0.015150s ]
INFO: [ view_parse ] --END-- [ RunTime:0.015362s ]
INFO: [ view_filter ] --START--
INFO: Run Behavior\WriteHtmlCacheBehavior [ RunTime:0.000748s ]
INFO: [ view_filter ] --END-- [ RunTime:0.000927s ]
INFO: [ app_end ] --START--
INFO: Run Behavior\ShowPageTraceBehavior [ RunTime:0.001168s ]
INFO: [ app_end ] --END-- [ RunTime:0.001396s ]

[ 2018-02-05T14:14:23+08:00 ] ::1 /-/index.php/Home/Order/save_order.html
INFO: [ app_init ] --START--
INFO: Run Behavior\BuildLiteBehavior [ RunTime:0.000045s ]
INFO: [ app_init ] --END-- [ RunTime:0.000284s ]
INFO: [ app_begin ] --START--
INFO: Run Behavior\ReadHtmlCacheBehavior [ RunTime:0.001010s ]
INFO: [ app_begin ] --END-- [ RunTime:0.001243s ]
SQL: SHOW COLUMNS FROM `order` [ RunTime:0.0097s ]
SQL: INSERT INTO `order` (`buyer_name`,`order_remark`,`total_price`,`store_id`,`user_id`,`order_code`,`add_time`) VALUES ('123','123','240','1','16','1802051414225061','2018-02-05 14:14:22') [ RunTime:0.0017s ]
SQL: SHOW COLUMNS FROM `cart` [ RunTime:0.0081s ]
SQL: SELECT * FROM `cart` WHERE `store_id` = 1 AND `user_id` = 16 AND `status` = 1  [ RunTime:0.0014s ]
SQL: SHOW COLUMNS FROM `food` [ RunTime:0.0071s ]
SQL: SELECT `jiage_youhui` FROM `food` WHERE `id` = 61 LIMIT 1   [ RunTime:0.0012s ]
SQL: SHOW COLUMNS FROM `order_fu` [ RunTime:0.0052s ]
SQL: INSERT INTO `order_fu` (`order_id`,`goods_id`,`goods_num`,`store_id`,`goods_price`) VALUES ('44','61','1','1','40') [ RunTime:0.0011s ]
SQL: SELECT `jiage_youhui` FROM `food` WHERE `id` = 59 LIMIT 1   [ RunTime:0.0011s ]
SQL: INSERT INTO `order_fu` (`order_id`,`goods_id`,`goods_num`,`store_id`,`goods_price`) VALUES ('44','59','1','1','200') [ RunTime:0.0014s ]
SQL: SELECT COUNT(*) AS tp_count FROM `order_fu` WHERE `order_id` = 44 LIMIT 1   [ RunTime:0.0011s ]

[ 2018-02-05T14:14:23+08:00 ] ::1 /-/index.php/Home/order/to_pay/order_id/44.html
INFO: [ app_init ] --START--
INFO: Run Behavior\BuildLiteBehavior [ RunTime:0.000042s ]
INFO: [ app_init ] --END-- [ RunTime:0.000263s ]
INFO: [ app_begin ] --START--
INFO: Run Behavior\ReadHtmlCacheBehavior [ RunTime:0.000823s ]
INFO: [ app_begin ] --END-- [ RunTime:0.001027s ]

[ 2018-02-05T14:14:49+08:00 ] ::1 /-/index.php/Home/Order/save_order.html
INFO: [ app_init ] --START--
INFO: Run Behavior\BuildLiteBehavior [ RunTime:0.000038s ]
INFO: [ app_init ] --END-- [ RunTime:0.000248s ]
INFO: [ app_begin ] --START--
INFO: Run Behavior\ReadHtmlCacheBehavior [ RunTime:0.000984s ]
INFO: [ app_begin ] --END-- [ RunTime:0.001236s ]
SQL: SHOW COLUMNS FROM `order` [ RunTime:0.0095s ]
SQL: INSERT INTO `order` (`buyer_name`,`order_remark`,`total_price`,`store_id`,`user_id`,`order_code`,`add_time`) VALUES ('123','123','240','1','16','1802051414492841','2018-02-05 14:14:49') [ RunTime:0.0011s ]
SQL: SHOW COLUMNS FROM `cart` [ RunTime:0.0080s ]
SQL: SELECT * FROM `cart` WHERE `store_id` = 1 AND `user_id` = 16 AND `status` = 1  [ RunTime:0.0013s ]
SQL: SHOW COLUMNS FROM `food` [ RunTime:0.0081s ]
SQL: SELECT `jiage_youhui` FROM `food` WHERE `id` = 61 LIMIT 1   [ RunTime:0.0013s ]
SQL: SHOW COLUMNS FROM `order_fu` [ RunTime:0.0078s ]
SQL: INSERT INTO `order_fu` (`order_id`,`goods_id`,`goods_num`,`store_id`,`goods_price`) VALUES ('45','61','1','1','40') [ RunTime:0.0010s ]
SQL: SELECT `jiage_youhui` FROM `food` WHERE `id` = 59 LIMIT 1   [ RunTime:0.0010s ]
SQL: INSERT INTO `order_fu` (`order_id`,`goods_id`,`goods_num`,`store_id`,`goods_price`) VALUES ('45','59','1','1','200') [ RunTime:0.0009s ]
SQL: SELECT COUNT(*) AS tp_count FROM `order_fu` WHERE `order_id` = 45 LIMIT 1   [ RunTime:0.0009s ]

[ 2018-02-05T14:14:49+08:00 ] ::1 /-/index.php/Home/order/to_pay/order_id/45.html
INFO: [ app_init ] --START--
INFO: Run Behavior\BuildLiteBehavior [ RunTime:0.000037s ]
INFO: [ app_init ] --END-- [ RunTime:0.000244s ]
INFO: [ app_begin ] --START--
INFO: Run Behavior\ReadHtmlCacheBehavior [ RunTime:0.001031s ]
INFO: [ app_begin ] --END-- [ RunTime:0.001242s ]

