[ 2018-02-02T09:34:58+08:00 ] ::1 /-/index.php/Home/login
INFO: [ app_init ] --START--
INFO: Run Behavior\BuildLiteBehavior [ RunTime:0.000040s ]
INFO: [ app_init ] --END-- [ RunTime:0.006425s ]
INFO: [ app_begin ] --START--
INFO: Run Behavior\ReadHtmlCacheBehavior [ RunTime:0.001203s ]
INFO: [ app_begin ] --END-- [ RunTime:0.001406s ]
INFO: [ view_parse ] --START--
INFO: [ template_filter ] --START--
INFO: Run Behavior\ContentReplaceBehavior [ RunTime:0.008784s ]
INFO: [ template_filter ] --END-- [ RunTime:0.009017s ]
NOTIC: [8] Undefined variable: shopid E:\wamp64\www\-\Application\Runtime\Cache\Home\50c9f5d2ef37c2cf131d5cf1381d3a4b.php 第 31 行.
NOTIC: [8] Use of undefined constant result - assumed 'result' E:\wamp64\www\-\Application\Runtime\Cache\Home\50c9f5d2ef37c2cf131d5cf1381d3a4b.php 第 122 行.
NOTIC: [8] Use of undefined constant shop - assumed 'shop' E:\wamp64\www\-\Application\Runtime\Cache\Home\50c9f5d2ef37c2cf131d5cf1381d3a4b.php 第 122 行.
INFO: Run Behavior\ParseTemplateBehavior [ RunTime:0.052650s ]
INFO: [ view_parse ] --END-- [ RunTime:0.052867s ]
INFO: [ view_filter ] --START--
INFO: Run Behavior\WriteHtmlCacheBehavior [ RunTime:0.000912s ]
INFO: [ view_filter ] --END-- [ RunTime:0.001091s ]
INFO: [ app_end ] --START--
INFO: Run Behavior\ShowPageTraceBehavior [ RunTime:0.001453s ]
INFO: [ app_end ] --END-- [ RunTime:0.001763s ]

[ 2018-02-02T09:37:33+08:00 ] ::1 /-/index.php/Home/Login/save_login.html
INFO: [ app_init ] --START--
INFO: Run Behavior\BuildLiteBehavior [ RunTime:0.000036s ]
INFO: [ app_init ] --END-- [ RunTime:0.000794s ]
INFO: [ app_begin ] --START--
INFO: Run Behavior\ReadHtmlCacheBehavior [ RunTime:0.001001s ]
INFO: [ app_begin ] --END-- [ RunTime:0.001181s ]
SQL: SHOW COLUMNS FROM `user` [ RunTime:0.0087s ]
SQL: SELECT * FROM `user` WHERE `tel` = '13331385580' LIMIT 1   [ RunTime:0.0083s ]

[ 2018-02-02T09:37:33+08:00 ] ::1 /-/index.php/Home/Index/index.html
INFO: [ app_init ] --START--
INFO: Run Behavior\BuildLiteBehavior [ RunTime:0.000037s ]
INFO: [ app_init ] --END-- [ RunTime:0.000780s ]
INFO: [ app_begin ] --START--
INFO: Run Behavior\ReadHtmlCacheBehavior [ RunTime:0.000808s ]
INFO: [ app_begin ] --END-- [ RunTime:0.000981s ]
SQL: SHOW COLUMNS FROM `user` [ RunTime:0.0092s ]
SQL: SELECT `photo` FROM `user` WHERE `id` = 1 AND `del_status` = 0 LIMIT 1   [ RunTime:0.0013s ]
SQL: SHOW COLUMNS FROM `shop` [ RunTime:0.0103s ]
SQL: SELECT shop.id,shop.mingch,shop.maney,shop.logo,shop.xingsl,shop.juan,shop_type.mingch as lbname FROM `shop` INNER JOIN shop_type on shop.type_shop = shop_type.id  WHERE shop.zhuangt = 1  [ RunTime:0.0016s ]
SQL: SHOW COLUMNS FROM `shop_type` [ RunTime:0.0074s ]
SQL: SELECT `mingch` FROM `shop_type` WHERE `zhuangt` = 1  [ RunTime:0.0011s ]
INFO: [ view_parse ] --START--
INFO: [ template_filter ] --START--
INFO: Run Behavior\ContentReplaceBehavior [ RunTime:0.000176s ]
INFO: [ template_filter ] --END-- [ RunTime:0.000366s ]
NOTIC: [8] Use of undefined constant id - assumed 'id' E:\wamp64\www\-\Application\Runtime\Cache\Home\2a94b8bda04ff446dcedd42276fc99ee.php 第 155 行.
SQL: SHOW COLUMNS FROM `seat` [ RunTime:0.0055s ]
SQL: SELECT COUNT(*) AS tp_count FROM `seat` WHERE `dep_shop` = 1 AND `zhuangt` = 1 LIMIT 1   [ RunTime:0.0013s ]
NOTIC: [8] Use of undefined constant id - assumed 'id' E:\wamp64\www\-\Application\Runtime\Cache\Home\2a94b8bda04ff446dcedd42276fc99ee.php 第 155 行.
SQL: SELECT COUNT(*) AS tp_count FROM `seat` WHERE `dep_shop` = 3 AND `zhuangt` = 1 LIMIT 1   [ RunTime:0.0012s ]
NOTIC: [8] Use of undefined constant id - assumed 'id' E:\wamp64\www\-\Application\Runtime\Cache\Home\2a94b8bda04ff446dcedd42276fc99ee.php 第 155 行.
SQL: SELECT COUNT(*) AS tp_count FROM `seat` WHERE `dep_shop` = 23 AND `zhuangt` = 1 LIMIT 1   [ RunTime:0.0011s ]
NOTIC: [8] Use of undefined constant id - assumed 'id' E:\wamp64\www\-\Application\Runtime\Cache\Home\2a94b8bda04ff446dcedd42276fc99ee.php 第 155 行.
SQL: SELECT COUNT(*) AS tp_count FROM `seat` WHERE `dep_shop` = 24 AND `zhuangt` = 1 LIMIT 1   [ RunTime:0.0009s ]
NOTIC: [8] Use of undefined constant id - assumed 'id' E:\wamp64\www\-\Application\Runtime\Cache\Home\2a94b8bda04ff446dcedd42276fc99ee.php 第 155 行.
SQL: SELECT COUNT(*) AS tp_count FROM `seat` WHERE `dep_shop` = 25 AND `zhuangt` = 1 LIMIT 1   [ RunTime:0.0009s ]
NOTIC: [8] Use of undefined constant id - assumed 'id' E:\wamp64\www\-\Application\Runtime\Cache\Home\2a94b8bda04ff446dcedd42276fc99ee.php 第 155 行.
SQL: SELECT COUNT(*) AS tp_count FROM `seat` WHERE `dep_shop` = 27 AND `zhuangt` = 1 LIMIT 1   [ RunTime:0.0011s ]
INFO: Run Behavior\ParseTemplateBehavior [ RunTime:0.036840s ]
INFO: [ view_parse ] --END-- [ RunTime:0.037051s ]
INFO: [ view_filter ] --START--
INFO: Run Behavior\WriteHtmlCacheBehavior [ RunTime:0.001017s ]
INFO: [ view_filter ] --END-- [ RunTime:0.001194s ]
INFO: [ app_end ] --START--
INFO: Run Behavior\ShowPageTraceBehavior [ RunTime:0.001047s ]
INFO: [ app_end ] --END-- [ RunTime:0.001251s ]

[ 2018-02-02T09:37:34+08:00 ] ::1 /-/index.php/Home/Index/banner.html
INFO: [ app_init ] --START--
INFO: Run Behavior\BuildLiteBehavior [ RunTime:0.000171s ]
INFO: [ app_init ] --END-- [ RunTime:0.001373s ]
INFO: [ app_begin ] --START--
INFO: Run Behavior\ReadHtmlCacheBehavior [ RunTime:0.002218s ]
INFO: [ app_begin ] --END-- [ RunTime:0.002457s ]
SQL: SHOW COLUMNS FROM `event` [ RunTime:0.0040s ]
SQL: SELECT `pic` FROM `event` WHERE `status` = 1  [ RunTime:0.0011s ]
INFO: [ view_parse ] --START--
INFO: [ template_filter ] --START--
INFO: Run Behavior\ContentReplaceBehavior [ RunTime:0.000137s ]
INFO: [ template_filter ] --END-- [ RunTime:0.000361s ]
INFO: Run Behavior\ParseTemplateBehavior [ RunTime:0.012697s ]
INFO: [ view_parse ] --END-- [ RunTime:0.012987s ]
INFO: [ view_filter ] --START--
INFO: Run Behavior\WriteHtmlCacheBehavior [ RunTime:0.001005s ]
INFO: [ view_filter ] --END-- [ RunTime:0.001311s ]
INFO: [ app_end ] --START--
INFO: Run Behavior\ShowPageTraceBehavior [ RunTime:0.000999s ]
INFO: [ app_end ] --END-- [ RunTime:0.001198s ]

