[ 2018-02-28T18:25:48+08:00 ] ::1 /kuaidian/
INFO: [ app_init ] --START--
INFO: Run Behavior\BuildLiteBehavior [ RunTime:0.000012s ]
INFO: [ app_init ] --END-- [ RunTime:0.000059s ]
INFO: [ app_begin ] --START--
INFO: Run Behavior\ReadHtmlCacheBehavior [ RunTime:0.000577s ]
INFO: [ app_begin ] --END-- [ RunTime:0.000616s ]
NOTIC: [8] Undefined index: userid D:\xampp\htdocs\kuaidian\Application\Common\Helper\user_helper.php 第 47 行.
SQL: SHOW COLUMNS FROM `user` [ RunTime:0.0064s ]
SQL: SELECT `photo` FROM `user` WHERE `id` = 3 AND `del_status` = 0 LIMIT 1   [ RunTime:0.0010s ]
SQL: SHOW COLUMNS FROM `shop` [ RunTime:0.0063s ]
SQL: SELECT shop.id,shop.mingch,shop.maney,shop.logo,shop.xingsl,shop.juan,shop_type.mingch as lbname,shop.zuigaolij,shop.depcsjlshi FROM `shop` INNER JOIN shop_type on shop.type_shop = shop_type.id  WHERE shop.zhuangt = 1 AND shop.depcsjlshi = 130100  [ RunTime:0.0012s ]
NOTIC: [8] Undefined offset: 1 D:\xampp\htdocs\kuaidian\Application\Home\Controller\IndexController.class.php 第 44 行.
NOTIC: [2] A non-numeric value encountered D:\xampp\htdocs\kuaidian\Application\Home\Controller\IndexController.class.php 第 46 行.
NOTIC: [8] Undefined offset: 1 D:\xampp\htdocs\kuaidian\Application\Home\Controller\IndexController.class.php 第 44 行.
NOTIC: [8] Undefined offset: 1 D:\xampp\htdocs\kuaidian\Application\Home\Controller\IndexController.class.php 第 44 行.
NOTIC: [8] Undefined offset: 1 D:\xampp\htdocs\kuaidian\Application\Home\Controller\IndexController.class.php 第 44 行.
SQL: SHOW COLUMNS FROM `shop_type` [ RunTime:0.0050s ]
SQL: SELECT `mingch` FROM `shop_type` WHERE `zhuangt` = 1  [ RunTime:0.0012s ]
INFO: [ view_parse ] --START--
INFO: [ template_filter ] --START--
INFO: Run Behavior\ContentReplaceBehavior [ RunTime:0.000080s ]
INFO: [ template_filter ] --END-- [ RunTime:0.000123s ]
NOTIC: [8] Use of undefined constant id - assumed 'id' D:\xampp\htdocs\kuaidian\Application\Runtime\Cache\Home\2a94b8bda04ff446dcedd42276fc99ee.php 第 175 行.
SQL: SHOW COLUMNS FROM `seat` [ RunTime:0.0052s ]
SQL: SELECT COUNT(*) AS tp_count FROM `seat` WHERE `dep_shop` = 44 AND `zhuangt` = 1 LIMIT 1   [ RunTime:0.0011s ]
NOTIC: [8] Use of undefined constant id - assumed 'id' D:\xampp\htdocs\kuaidian\Application\Runtime\Cache\Home\2a94b8bda04ff446dcedd42276fc99ee.php 第 175 行.
SQL: SELECT COUNT(*) AS tp_count FROM `seat` WHERE `dep_shop` = 45 AND `zhuangt` = 1 LIMIT 1   [ RunTime:0.0013s ]
NOTIC: [8] Use of undefined constant id - assumed 'id' D:\xampp\htdocs\kuaidian\Application\Runtime\Cache\Home\2a94b8bda04ff446dcedd42276fc99ee.php 第 175 行.
SQL: SELECT COUNT(*) AS tp_count FROM `seat` WHERE `dep_shop` = 48 AND `zhuangt` = 1 LIMIT 1   [ RunTime:0.0008s ]
NOTIC: [8] Use of undefined constant id - assumed 'id' D:\xampp\htdocs\kuaidian\Application\Runtime\Cache\Home\2a94b8bda04ff446dcedd42276fc99ee.php 第 175 行.
SQL: SELECT COUNT(*) AS tp_count FROM `seat` WHERE `dep_shop` = 51 AND `zhuangt` = 1 LIMIT 1   [ RunTime:0.0005s ]
INFO: Run Behavior\ParseTemplateBehavior [ RunTime:0.022333s ]
INFO: [ view_parse ] --END-- [ RunTime:0.022387s ]
INFO: [ view_filter ] --START--
INFO: Run Behavior\WriteHtmlCacheBehavior [ RunTime:0.000862s ]
INFO: [ view_filter ] --END-- [ RunTime:0.000888s ]
INFO: [ app_end ] --START--
INFO: Run Behavior\ShowPageTraceBehavior [ RunTime:0.000779s ]
INFO: [ app_end ] --END-- [ RunTime:0.000837s ]

[ 2018-02-28T18:25:49+08:00 ] ::1 /kuaidian/index.php/Home/Index/banner.html
INFO: [ app_init ] --START--
INFO: Run Behavior\BuildLiteBehavior [ RunTime:0.000014s ]
INFO: [ app_init ] --END-- [ RunTime:0.000064s ]
INFO: [ app_begin ] --START--
INFO: Run Behavior\ReadHtmlCacheBehavior [ RunTime:0.000837s ]
INFO: [ app_begin ] --END-- [ RunTime:0.000893s ]
SQL: SHOW COLUMNS FROM `event` [ RunTime:0.0063s ]
SQL: SELECT `pic` FROM `event` WHERE `status` = 1  [ RunTime:0.0015s ]
INFO: [ view_parse ] --START--
INFO: [ template_filter ] --START--
INFO: Run Behavior\ContentReplaceBehavior [ RunTime:0.000045s ]
INFO: [ template_filter ] --END-- [ RunTime:0.000096s ]
INFO: Run Behavior\ParseTemplateBehavior [ RunTime:0.006978s ]
INFO: [ view_parse ] --END-- [ RunTime:0.007056s ]
INFO: [ view_filter ] --START--
INFO: Run Behavior\WriteHtmlCacheBehavior [ RunTime:0.000427s ]
INFO: [ view_filter ] --END-- [ RunTime:0.000456s ]
INFO: [ app_end ] --START--
INFO: Run Behavior\ShowPageTraceBehavior [ RunTime:0.000634s ]
INFO: [ app_end ] --END-- [ RunTime:0.000669s ]

[ 2018-02-28T18:25:54+08:00 ] ::1 /kuaidian/index.php/Home/Order/order_info.html
INFO: [ app_init ] --START--
INFO: Run Behavior\BuildLiteBehavior [ RunTime:0.000009s ]
INFO: [ app_init ] --END-- [ RunTime:0.000048s ]
INFO: [ app_begin ] --START--
INFO: Run Behavior\ReadHtmlCacheBehavior [ RunTime:0.000974s ]
INFO: [ app_begin ] --END-- [ RunTime:0.001035s ]
NOTIC: [8] Undefined index: userid D:\xampp\htdocs\kuaidian\Application\Common\Helper\user_helper.php 第 47 行.
SQL: SHOW COLUMNS FROM `order` [ RunTime:0.0048s ]
SQL: SELECT * FROM `order` WHERE `user_id` = 0  [ RunTime:0.0010s ]
SQL: SELECT * FROM `order` WHERE `user_id` = 0 AND `order_status` = 1  [ RunTime:0.0009s ]
SQL: SELECT * FROM `order` WHERE `user_id` = 0 AND `is_use` = 0 AND `order_status` = 5  [ RunTime:0.0009s ]
SQL: SELECT * FROM `order` WHERE `user_id` = 0 AND `is_use` = 1  [ RunTime:0.0006s ]
SQL: SELECT * FROM `order` WHERE `user_id` = 0 AND `order_status` = 10  [ RunTime:0.0005s ]
SQL: SELECT * FROM `order` WHERE `user_id` = 0 AND `order_status` = 20  [ RunTime:0.0005s ]
INFO: [ view_parse ] --START--
INFO: [ template_filter ] --START--
INFO: Run Behavior\ContentReplaceBehavior [ RunTime:0.000125s ]
INFO: [ template_filter ] --END-- [ RunTime:0.000165s ]
INFO: Run Behavior\ParseTemplateBehavior [ RunTime:0.011308s ]
INFO: [ view_parse ] --END-- [ RunTime:0.011348s ]
INFO: [ view_filter ] --START--
INFO: Run Behavior\WriteHtmlCacheBehavior [ RunTime:0.000762s ]
INFO: [ view_filter ] --END-- [ RunTime:0.000815s ]
INFO: [ app_end ] --START--
INFO: Run Behavior\ShowPageTraceBehavior [ RunTime:0.000652s ]
INFO: [ app_end ] --END-- [ RunTime:0.000679s ]

[ 2018-02-28T18:25:56+08:00 ] ::1 /kuaidian/index.php/Home/Order/order_info.html
INFO: [ app_init ] --START--
INFO: Run Behavior\BuildLiteBehavior [ RunTime:0.000010s ]
INFO: [ app_init ] --END-- [ RunTime:0.000053s ]
INFO: [ app_begin ] --START--
INFO: Run Behavior\ReadHtmlCacheBehavior [ RunTime:0.000697s ]
INFO: [ app_begin ] --END-- [ RunTime:0.000744s ]
NOTIC: [8] Undefined index: userid D:\xampp\htdocs\kuaidian\Application\Common\Helper\user_helper.php 第 47 行.
SQL: SHOW COLUMNS FROM `order` [ RunTime:0.0352s ]
SQL: SELECT * FROM `order` WHERE `user_id` = 0  [ RunTime:0.0024s ]
SQL: SELECT * FROM `order` WHERE `user_id` = 0 AND `order_status` = 1  [ RunTime:0.0023s ]
SQL: SELECT * FROM `order` WHERE `user_id` = 0 AND `is_use` = 0 AND `order_status` = 5  [ RunTime:0.0017s ]
SQL: SELECT * FROM `order` WHERE `user_id` = 0 AND `is_use` = 1  [ RunTime:0.0012s ]
SQL: SELECT * FROM `order` WHERE `user_id` = 0 AND `order_status` = 10  [ RunTime:0.0019s ]
SQL: SELECT * FROM `order` WHERE `user_id` = 0 AND `order_status` = 20  [ RunTime:0.0026s ]
INFO: [ view_parse ] --START--
INFO: [ template_filter ] --START--
INFO: Run Behavior\ContentReplaceBehavior [ RunTime:0.000121s ]
INFO: [ template_filter ] --END-- [ RunTime:0.000159s ]
INFO: Run Behavior\ParseTemplateBehavior [ RunTime:0.012431s ]
INFO: [ view_parse ] --END-- [ RunTime:0.012470s ]
INFO: [ view_filter ] --START--
INFO: Run Behavior\WriteHtmlCacheBehavior [ RunTime:0.000386s ]
INFO: [ view_filter ] --END-- [ RunTime:0.000410s ]
INFO: [ app_end ] --START--
INFO: Run Behavior\ShowPageTraceBehavior [ RunTime:0.000482s ]
INFO: [ app_end ] --END-- [ RunTime:0.000503s ]

