[ 2018-01-08T09:30:26+08:00 ] 127.0.0.1 /-/
INFO: [ app_init ] --START--
INFO: Run Behavior\BuildLiteBehavior [ RunTime:0.000000s ]
INFO: [ app_init ] --END-- [ RunTime:0.015625s ]
INFO: [ app_begin ] --START--
INFO: Run Behavior\ReadHtmlCacheBehavior [ RunTime:0.000000s ]
INFO: [ app_begin ] --END-- [ RunTime:0.000000s ]
SQL: SHOW COLUMNS FROM `shop` [ RunTime:0.0156s ]
SQL: SELECT `mingch`,`maney`,`logo`,`juan` FROM `shop` WHERE `zhuangt` = 1  [ RunTime:0.0000s ]
INFO: [ view_parse ] --START--
INFO: [ template_filter ] --START--
INFO: Run Behavior\ContentReplaceBehavior [ RunTime:0.000000s ]
INFO: [ template_filter ] --END-- [ RunTime:0.000000s ]
INFO: Run Behavior\ParseTemplateBehavior [ RunTime:0.093750s ]
INFO: [ view_parse ] --END-- [ RunTime:0.093750s ]
INFO: [ view_filter ] --START--
INFO: Run Behavior\WriteHtmlCacheBehavior [ RunTime:0.015625s ]
INFO: [ view_filter ] --END-- [ RunTime:0.015625s ]
INFO: [ app_end ] --START--
INFO: Run Behavior\ShowPageTraceBehavior [ RunTime:0.015625s ]
INFO: [ app_end ] --END-- [ RunTime:0.015625s ]

[ 2018-01-08T09:30:40+08:00 ] 127.0.0.1 /-/index.php/home/reg
INFO: [ app_init ] --START--
INFO: Run Behavior\BuildLiteBehavior [ RunTime:0.000000s ]
INFO: [ app_init ] --END-- [ RunTime:0.015625s ]
INFO: [ app_begin ] --START--
INFO: Run Behavior\ReadHtmlCacheBehavior [ RunTime:0.000000s ]
INFO: [ app_begin ] --END-- [ RunTime:0.000000s ]

[ 2018-01-08T09:59:13+08:00 ] 127.0.0.1 /-/index.php/home/reg
INFO: [ app_init ] --START--
INFO: Run Behavior\BuildLiteBehavior [ RunTime:0.000000s ]
INFO: [ app_init ] --END-- [ RunTime:0.000000s ]
INFO: [ app_begin ] --START--
INFO: Run Behavior\ReadHtmlCacheBehavior [ RunTime:0.000000s ]
INFO: [ app_begin ] --END-- [ RunTime:0.000000s ]

[ 2018-01-08T10:03:05+08:00 ] 127.0.0.1 /-/index.php/home/reg
INFO: [ app_init ] --START--
INFO: Run Behavior\BuildLiteBehavior [ RunTime:0.000000s ]
INFO: [ app_init ] --END-- [ RunTime:0.000000s ]
INFO: [ app_begin ] --START--
INFO: Run Behavior\ReadHtmlCacheBehavior [ RunTime:0.000000s ]
INFO: [ app_begin ] --END-- [ RunTime:0.000000s ]
NOTIC: [8] Undefined variable: mobile E:\wamp\wamp\www\-\Application\Home\Controller\RegController.class.php Á¨¨ 25 Ë°å.

[ 2018-01-08T10:37:52+08:00 ] 127.0.0.1 /-/index.php/home/user/
INFO: [ app_init ] --START--
INFO: Run Behavior\BuildLiteBehavior [ RunTime:0.000000s ]
INFO: [ app_init ] --END-- [ RunTime:0.000000s ]
INFO: [ app_begin ] --START--
INFO: Run Behavior\ReadHtmlCacheBehavior [ RunTime:0.000000s ]
INFO: [ app_begin ] --END-- [ RunTime:0.000000s ]
NOTIC: [8] Undefined variable: tel E:\wamp\wamp\www\-\Application\Home\Controller\UserController.class.php Á¨¨ 16 Ë°å.
SQL: SHOW COLUMNS FROM `user` [ RunTime:0.0469s ]
SQL: SELECT * FROM `user` WHERE `tel` = null LIMIT 1   [ RunTime:0.0156s ]
NOTIC: [8] Undefined variable: uesr E:\wamp\wamp\www\-\Application\Home\Controller\UserController.class.php Á¨¨ 177 Ë°å.
ERR: Ê®°Êùø‰∏çÂ≠òÂú®:./Application/Home/View/User/reg.html

[ 2018-01-08T10:57:55+08:00 ] 127.0.0.1 /-/index.php/home/user/login?tel=13331385580
INFO: [ app_init ] --START--
INFO: Run Behavior\BuildLiteBehavior [ RunTime:0.000000s ]
INFO: [ app_init ] --END-- [ RunTime:0.015625s ]
INFO: [ app_begin ] --START--
INFO: Run Behavior\ReadHtmlCacheBehavior [ RunTime:0.015625s ]
INFO: [ app_begin ] --END-- [ RunTime:0.015625s ]

[ 2018-01-08T10:59:39+08:00 ] 127.0.0.1 /-/index.php/home/user/login?tel=13331385580
INFO: [ app_init ] --START--
INFO: Run Behavior\BuildLiteBehavior [ RunTime:0.000000s ]
INFO: [ app_init ] --END-- [ RunTime:0.015625s ]
INFO: [ app_begin ] --START--
INFO: Run Behavior\ReadHtmlCacheBehavior [ RunTime:0.015625s ]
INFO: [ app_begin ] --END-- [ RunTime:0.015625s ]
INFO: [ app_end ] --START--
INFO: Run Behavior\ShowPageTraceBehavior [ RunTime:0.000000s ]
INFO: [ app_end ] --END-- [ RunTime:0.000000s ]

[ 2018-01-08T11:01:00+08:00 ] 127.0.0.1 /-/index.php/home/user/login?tel=13331385580
INFO: [ app_init ] --START--
INFO: Run Behavior\BuildLiteBehavior [ RunTime:0.000000s ]
INFO: [ app_init ] --END-- [ RunTime:0.000000s ]
INFO: [ app_begin ] --START--
INFO: Run Behavior\ReadHtmlCacheBehavior [ RunTime:0.015625s ]
INFO: [ app_begin ] --END-- [ RunTime:0.015625s ]

[ 2018-01-08T11:02:36+08:00 ] 127.0.0.1 /-/index.php/home/user/login?tel=13331385580&password=123456
INFO: [ app_init ] --START--
INFO: Run Behavior\BuildLiteBehavior [ RunTime:0.000000s ]
INFO: [ app_init ] --END-- [ RunTime:0.000000s ]
INFO: [ app_begin ] --START--
INFO: Run Behavior\ReadHtmlCacheBehavior [ RunTime:0.015625s ]
INFO: [ app_begin ] --END-- [ RunTime:0.015625s ]
SQL: SHOW COLUMNS FROM `user` [ RunTime:0.0156s ]
SQL: SELECT * FROM `user` WHERE `tel` = '13331385580' LIMIT 1   [ RunTime:0.0000s ]

[ 2018-01-08T11:02:44+08:00 ] 127.0.0.1 /-/index.php/home/user/login?tel=13331385580&password=123456
INFO: [ app_init ] --START--
INFO: Run Behavior\BuildLiteBehavior [ RunTime:0.000000s ]
INFO: [ app_init ] --END-- [ RunTime:0.000000s ]
INFO: [ app_begin ] --START--
INFO: Run Behavior\ReadHtmlCacheBehavior [ RunTime:0.000000s ]
INFO: [ app_begin ] --END-- [ RunTime:0.000000s ]
SQL: SHOW COLUMNS FROM `user` [ RunTime:0.0000s ]
SQL: SELECT * FROM `user` WHERE `tel` = '13331385580' LIMIT 1   [ RunTime:0.0156s ]

[ 2018-01-08T11:03:33+08:00 ] 127.0.0.1 /-/index.php/home/user/login?tel=13331385580&password=123456
INFO: [ app_init ] --START--
INFO: Run Behavior\BuildLiteBehavior [ RunTime:0.000000s ]
INFO: [ app_init ] --END-- [ RunTime:0.000000s ]
INFO: [ app_begin ] --START--
INFO: Run Behavior\ReadHtmlCacheBehavior [ RunTime:0.000000s ]
INFO: [ app_begin ] --END-- [ RunTime:0.000000s ]
SQL: SHOW COLUMNS FROM `user` [ RunTime:0.0156s ]
SQL: SELECT * FROM `user` WHERE `tel` = '13331385580' LIMIT 1   [ RunTime:0.0000s ]
NOTIC: [8] Undefined index: user_password E:\wamp\wamp\www\-\Application\Home\Controller\UserController.class.php Á¨¨ 238 Ë°å.

[ 2018-01-08T11:03:55+08:00 ] 127.0.0.1 /-/index.php/home/user/login?tel=13331385580&password=123456
INFO: [ app_init ] --START--
INFO: Run Behavior\BuildLiteBehavior [ RunTime:0.000000s ]
INFO: [ app_init ] --END-- [ RunTime:0.000000s ]
INFO: [ app_begin ] --START--
INFO: Run Behavior\ReadHtmlCacheBehavior [ RunTime:0.000000s ]
INFO: [ app_begin ] --END-- [ RunTime:0.000000s ]
SQL: SHOW COLUMNS FROM `user` [ RunTime:0.0000s ]
SQL: SELECT * FROM `user` WHERE `tel` = '13331385580' LIMIT 1   [ RunTime:0.0156s ]

[ 2018-01-08T11:03:57+08:00 ] 127.0.0.1 /-/index.php/home/user/login?tel=13331385580&password=123456
INFO: [ app_init ] --START--
INFO: Run Behavior\BuildLiteBehavior [ RunTime:0.000000s ]
INFO: [ app_init ] --END-- [ RunTime:0.000000s ]
INFO: [ app_begin ] --START--
INFO: Run Behavior\ReadHtmlCacheBehavior [ RunTime:0.015625s ]
INFO: [ app_begin ] --END-- [ RunTime:0.015625s ]
SQL: SHOW COLUMNS FROM `user` [ RunTime:0.0313s ]
SQL: SELECT * FROM `user` WHERE `tel` = '13331385580' LIMIT 1   [ RunTime:0.0000s ]

[ 2018-01-08T11:04:57+08:00 ] 127.0.0.1 /-/index.php/home/user/login?tel=13331385580&password=123456
INFO: [ app_init ] --START--
INFO: Run Behavior\BuildLiteBehavior [ RunTime:0.000000s ]
INFO: [ app_init ] --END-- [ RunTime:0.000000s ]
INFO: [ app_begin ] --START--
INFO: Run Behavior\ReadHtmlCacheBehavior [ RunTime:0.015625s ]
INFO: [ app_begin ] --END-- [ RunTime:0.015625s ]
SQL: SHOW COLUMNS FROM `user` [ RunTime:0.0000s ]
SQL: SELECT * FROM `user` WHERE `tel` = '13331385580' LIMIT 1   [ RunTime:0.0156s ]

[ 2018-01-08T11:06:54+08:00 ] 127.0.0.1 /-/index.php/home/user/login?tel=13331385580&password=123456
INFO: [ app_init ] --START--
INFO: Run Behavior\BuildLiteBehavior [ RunTime:0.000000s ]
INFO: [ app_init ] --END-- [ RunTime:0.015625s ]
INFO: [ app_begin ] --START--
INFO: Run Behavior\ReadHtmlCacheBehavior [ RunTime:0.015625s ]
INFO: [ app_begin ] --END-- [ RunTime:0.015625s ]
SQL: SHOW COLUMNS FROM `user` [ RunTime:0.0156s ]
SQL: SELECT * FROM `user` WHERE `tel` = '13331385580' LIMIT 1   [ RunTime:0.0000s ]

[ 2018-01-08T11:07:09+08:00 ] 127.0.0.1 /-/index.php/home/user/login?tel=13331385580&password=123456
INFO: [ app_init ] --START--
INFO: Run Behavior\BuildLiteBehavior [ RunTime:0.000000s ]
INFO: [ app_init ] --END-- [ RunTime:0.000000s ]
INFO: [ app_begin ] --START--
INFO: Run Behavior\ReadHtmlCacheBehavior [ RunTime:0.000000s ]
INFO: [ app_begin ] --END-- [ RunTime:0.000000s ]
SQL: SHOW COLUMNS FROM `user` [ RunTime:0.0000s ]
SQL: SELECT * FROM `user` WHERE `tel` = '13331385580' LIMIT 1   [ RunTime:0.0000s ]

[ 2018-01-08T11:08:30+08:00 ] 127.0.0.1 /-/index.php/home/user/login?tel=13331385580&password=123456
INFO: [ app_init ] --START--
INFO: Run Behavior\BuildLiteBehavior [ RunTime:0.000000s ]
INFO: [ app_init ] --END-- [ RunTime:0.000000s ]
INFO: [ app_begin ] --START--
INFO: Run Behavior\ReadHtmlCacheBehavior [ RunTime:0.000000s ]
INFO: [ app_begin ] --END-- [ RunTime:0.000000s ]
SQL: SHOW COLUMNS FROM `user` [ RunTime:0.0156s ]
SQL: SELECT * FROM `user` WHERE `tel` = '13331385580' LIMIT 1   [ RunTime:0.0000s ]

[ 2018-01-08T11:08:48+08:00 ] 127.0.0.1 /-/index.php/home/user/login?tel=13331385580&password=123456
INFO: [ app_init ] --START--
INFO: Run Behavior\BuildLiteBehavior [ RunTime:0.000000s ]
INFO: [ app_init ] --END-- [ RunTime:0.000000s ]
INFO: [ app_begin ] --START--
INFO: Run Behavior\ReadHtmlCacheBehavior [ RunTime:0.000000s ]
INFO: [ app_begin ] --END-- [ RunTime:0.000000s ]
SQL: SHOW COLUMNS FROM `user` [ RunTime:0.0000s ]
SQL: SELECT * FROM `user` WHERE `tel` = '13331385580' LIMIT 1   [ RunTime:0.0000s ]

[ 2018-01-08T11:15:32+08:00 ] 127.0.0.1 /-/index.php/home/user/reg?tel=13331385580&password=123456
INFO: [ app_init ] --START--
INFO: Run Behavior\BuildLiteBehavior [ RunTime:0.000000s ]
INFO: [ app_init ] --END-- [ RunTime:0.015625s ]
INFO: [ app_begin ] --START--
INFO: Run Behavior\ReadHtmlCacheBehavior [ RunTime:0.015625s ]
INFO: [ app_begin ] --END-- [ RunTime:0.015625s ]
SQL: SHOW COLUMNS FROM `user` [ RunTime:0.0156s ]
NOTIC: [8] Undefined variable: code E:\wamp\wamp\www\-\Application\Home\Controller\UserController.class.php Á¨¨ 82 Ë°å.

[ 2018-01-08T11:16:41+08:00 ] 127.0.0.1 /-/index.php/home/user/reg?tel=13331385580&password=123456
INFO: [ app_init ] --START--
INFO: Run Behavior\BuildLiteBehavior [ RunTime:0.000000s ]
INFO: [ app_init ] --END-- [ RunTime:0.000000s ]
INFO: [ app_begin ] --START--
INFO: Run Behavior\ReadHtmlCacheBehavior [ RunTime:0.015625s ]
INFO: [ app_begin ] --END-- [ RunTime:0.015625s ]
SQL: SHOW COLUMNS FROM `user` [ RunTime:0.0156s ]
SQL: SELECT * FROM `user` WHERE `tel` = '13331385580' LIMIT 1   [ RunTime:0.0156s ]
NOTIC: [8] Undefined variable: uesr E:\wamp\wamp\www\-\Application\Home\Controller\UserController.class.php Á¨¨ 185 Ë°å.
NOTIC: [8] Undefined variable: data E:\wamp\wamp\www\-\Application\Home\Controller\UserController.class.php Á¨¨ 121 Ë°å.
ERR: 1062:Duplicate entry '4' for key 'PRIMARY'
 [ SQLËØ≠Âè• ] : INSERT INTO `user` (`id`,`tel`,`password`,`add_time`,`photo`,`money`,`department`,`status`,`nick_name`) VALUES ('4','13331385580','e10adc3949ba59abbe56e057f20f883e','2018-01-03 18:07:15',NULL,'0.00','0','0','Êó†')
ERR: 1062:Duplicate entry '4' for key 'PRIMARY'
 [ SQLËØ≠Âè• ] : INSERT INTO `user` (`id`,`tel`,`password`,`add_time`,`photo`,`money`,`department`,`status`,`nick_name`) VALUES ('4','13331385580','e10adc3949ba59abbe56e057f20f883e','2018-01-03 18:07:15',NULL,'0.00','0','0','Êó†')

[ 2018-01-08T11:18:13+08:00 ] 127.0.0.1 /-/index.php/home/user/reg?tel=13331385580&password=123456
INFO: [ app_init ] --START--
INFO: Run Behavior\BuildLiteBehavior [ RunTime:0.000000s ]
INFO: [ app_init ] --END-- [ RunTime:0.000000s ]
INFO: [ app_begin ] --START--
INFO: Run Behavior\ReadHtmlCacheBehavior [ RunTime:0.000000s ]
INFO: [ app_begin ] --END-- [ RunTime:0.000000s ]
SQL: SHOW COLUMNS FROM `user` [ RunTime:0.0156s ]
SQL: SELECT * FROM `user` WHERE `tel` = '13331385580' LIMIT 1   [ RunTime:0.0469s ]
NOTIC: [8] Undefined variable: uesr E:\wamp\wamp\www\-\Application\Home\Controller\UserController.class.php Á¨¨ 186 Ë°å.

[ 2018-01-08T11:19:57+08:00 ] 127.0.0.1 /-/index.php/home/user/reg?tel=13331385580&password=123456
INFO: [ app_init ] --START--
INFO: Run Behavior\BuildLiteBehavior [ RunTime:0.000000s ]
INFO: [ app_init ] --END-- [ RunTime:0.000000s ]
INFO: [ app_begin ] --START--
INFO: Run Behavior\ReadHtmlCacheBehavior [ RunTime:0.000000s ]
INFO: [ app_begin ] --END-- [ RunTime:0.015625s ]

[ 2018-01-08T11:21:00+08:00 ] 127.0.0.1 /-/index.php/home/user/reg?tel=13331385580&password=123456
INFO: [ app_init ] --START--
INFO: Run Behavior\BuildLiteBehavior [ RunTime:0.000000s ]
INFO: [ app_init ] --END-- [ RunTime:0.000000s ]
INFO: [ app_begin ] --START--
INFO: Run Behavior\ReadHtmlCacheBehavior [ RunTime:0.015625s ]
INFO: [ app_begin ] --END-- [ RunTime:0.015625s ]
SQL: SHOW COLUMNS FROM `user` [ RunTime:0.0000s ]
SQL: SELECT * FROM `user` WHERE `tel` = '13331385580' LIMIT 1   [ RunTime:0.0156s ]
NOTIC: [8] Undefined variable: uesr E:\wamp\wamp\www\-\Application\Home\Controller\UserController.class.php Á¨¨ 186 Ë°å.

[ 2018-01-08T11:21:46+08:00 ] 127.0.0.1 /-/index.php/home/user/reg?tel=13331385580&password=123456
INFO: [ app_init ] --START--
INFO: Run Behavior\BuildLiteBehavior [ RunTime:0.000000s ]
INFO: [ app_init ] --END-- [ RunTime:0.015625s ]
INFO: [ app_begin ] --START--
INFO: Run Behavior\ReadHtmlCacheBehavior [ RunTime:0.000000s ]
INFO: [ app_begin ] --END-- [ RunTime:0.000000s ]
SQL: SHOW COLUMNS FROM `user` [ RunTime:0.0000s ]
SQL: SELECT * FROM `user` WHERE `tel` = '13331385580' LIMIT 1   [ RunTime:0.0156s ]

[ 2018-01-08T11:22:09+08:00 ] 127.0.0.1 /-/index.php/home/user/reg?tel=13331385580&password=123456
INFO: [ app_init ] --START--
INFO: Run Behavior\BuildLiteBehavior [ RunTime:0.000000s ]
INFO: [ app_init ] --END-- [ RunTime:0.015625s ]
INFO: [ app_begin ] --START--
INFO: Run Behavior\ReadHtmlCacheBehavior [ RunTime:0.000000s ]
INFO: [ app_begin ] --END-- [ RunTime:0.000000s ]
SQL: SHOW COLUMNS FROM `user` [ RunTime:0.0000s ]
SQL: SELECT * FROM `user` WHERE `tel` = '13331385580' LIMIT 1   [ RunTime:0.0000s ]

[ 2018-01-08T11:22:54+08:00 ] 127.0.0.1 /-/index.php/home/user/reg?tel=13331385580&password=123456
INFO: [ app_init ] --START--
INFO: Run Behavior\BuildLiteBehavior [ RunTime:0.000000s ]
INFO: [ app_init ] --END-- [ RunTime:0.000000s ]
INFO: [ app_begin ] --START--
INFO: Run Behavior\ReadHtmlCacheBehavior [ RunTime:0.000000s ]
INFO: [ app_begin ] --END-- [ RunTime:0.000000s ]
SQL: SHOW COLUMNS FROM `user` [ RunTime:0.0000s ]
SQL: SELECT * FROM `user` WHERE `tel` = '13331385580' LIMIT 1   [ RunTime:0.0000s ]

[ 2018-01-08T11:23:11+08:00 ] 127.0.0.1 /-/index.php/home/user/login?tel=13331385580&password=123456
INFO: [ app_init ] --START--
INFO: Run Behavior\BuildLiteBehavior [ RunTime:0.000000s ]
INFO: [ app_init ] --END-- [ RunTime:0.000000s ]
INFO: [ app_begin ] --START--
INFO: Run Behavior\ReadHtmlCacheBehavior [ RunTime:0.015625s ]
INFO: [ app_begin ] --END-- [ RunTime:0.015625s ]
SQL: SHOW COLUMNS FROM `user` [ RunTime:0.0000s ]
SQL: SELECT * FROM `user` WHERE `tel` = '13331385580' LIMIT 1   [ RunTime:0.0156s ]

[ 2018-01-08T11:25:05+08:00 ] 127.0.0.1 /-/index.php/home/user/login?tel=13331385580&password=123456
INFO: [ app_init ] --START--
INFO: Run Behavior\BuildLiteBehavior [ RunTime:0.000000s ]
INFO: [ app_init ] --END-- [ RunTime:0.000000s ]
INFO: [ app_begin ] --START--
INFO: Run Behavior\ReadHtmlCacheBehavior [ RunTime:0.000000s ]
INFO: [ app_begin ] --END-- [ RunTime:0.000000s ]

[ 2018-01-08T14:55:20+08:00 ] 127.0.0.1 /-/index.php/home/reg
INFO: [ app_init ] --START--
INFO: Run Behavior\BuildLiteBehavior [ RunTime:0.000000s ]
INFO: [ app_init ] --END-- [ RunTime:0.000000s ]
INFO: [ app_begin ] --START--
INFO: Run Behavior\ReadHtmlCacheBehavior [ RunTime:0.000000s ]
INFO: [ app_begin ] --END-- [ RunTime:0.000000s ]

[ 2018-01-08T14:55:46+08:00 ] 127.0.0.1 /-/index.php/home/my_center
INFO: [ app_init ] --START--
INFO: Run Behavior\BuildLiteBehavior [ RunTime:0.000000s ]
INFO: [ app_init ] --END-- [ RunTime:0.000000s ]
INFO: [ app_begin ] --START--
INFO: Run Behavior\ReadHtmlCacheBehavior [ RunTime:0.015625s ]
INFO: [ app_begin ] --END-- [ RunTime:0.015625s ]
ERR: Êó†Ê≥ïÂä†ËΩΩÊéßÂà∂Âô®:My_center

[ 2018-01-08T14:56:00+08:00 ] 127.0.0.1 /-/index.php/home/user/my_center
INFO: [ app_init ] --START--
INFO: Run Behavior\BuildLiteBehavior [ RunTime:0.000000s ]
INFO: [ app_init ] --END-- [ RunTime:0.000000s ]
INFO: [ app_begin ] --START--
INFO: Run Behavior\ReadHtmlCacheBehavior [ RunTime:0.000000s ]
INFO: [ app_begin ] --END-- [ RunTime:0.000000s ]

[ 2018-01-08T14:56:24+08:00 ] 127.0.0.1 /-/index.php/home/user/my_center
INFO: [ app_init ] --START--
INFO: Run Behavior\BuildLiteBehavior [ RunTime:0.000000s ]
INFO: [ app_init ] --END-- [ RunTime:0.000000s ]
INFO: [ app_begin ] --START--
INFO: Run Behavior\ReadHtmlCacheBehavior [ RunTime:0.000000s ]
INFO: [ app_begin ] --END-- [ RunTime:0.000000s ]

[ 2018-01-08T14:56:27+08:00 ] 127.0.0.1 /-/index.php/home/user/my_center
INFO: [ app_init ] --START--
INFO: Run Behavior\BuildLiteBehavior [ RunTime:0.000000s ]
INFO: [ app_init ] --END-- [ RunTime:0.000000s ]
INFO: [ app_begin ] --START--
INFO: Run Behavior\ReadHtmlCacheBehavior [ RunTime:0.000000s ]
INFO: [ app_begin ] --END-- [ RunTime:0.000000s ]

[ 2018-01-08T14:56:27+08:00 ] 127.0.0.1 /-/index.php/home/user/my_center
INFO: [ app_init ] --START--
INFO: Run Behavior\BuildLiteBehavior [ RunTime:0.000000s ]
INFO: [ app_init ] --END-- [ RunTime:0.015625s ]
INFO: [ app_begin ] --START--
INFO: Run Behavior\ReadHtmlCacheBehavior [ RunTime:0.000000s ]
INFO: [ app_begin ] --END-- [ RunTime:0.000000s ]

[ 2018-01-08T14:56:28+08:00 ] 127.0.0.1 /-/index.php/home/user/my_center
INFO: [ app_init ] --START--
INFO: Run Behavior\BuildLiteBehavior [ RunTime:0.000000s ]
INFO: [ app_init ] --END-- [ RunTime:0.000000s ]
INFO: [ app_begin ] --START--
INFO: Run Behavior\ReadHtmlCacheBehavior [ RunTime:0.000000s ]
INFO: [ app_begin ] --END-- [ RunTime:0.000000s ]

[ 2018-01-08T14:56:57+08:00 ] 127.0.0.1 /-/index.php/home/user/my_center
INFO: [ app_init ] --START--
INFO: Run Behavior\BuildLiteBehavior [ RunTime:0.000000s ]
INFO: [ app_init ] --END-- [ RunTime:0.000000s ]
INFO: [ app_begin ] --START--
INFO: Run Behavior\ReadHtmlCacheBehavior [ RunTime:0.000000s ]
INFO: [ app_begin ] --END-- [ RunTime:0.000000s ]

[ 2018-01-08T14:57:26+08:00 ] 127.0.0.1 /-/index.php/home/user/my_center
INFO: [ app_init ] --START--
INFO: Run Behavior\BuildLiteBehavior [ RunTime:0.000000s ]
INFO: [ app_init ] --END-- [ RunTime:0.000000s ]
INFO: [ app_begin ] --START--
INFO: Run Behavior\ReadHtmlCacheBehavior [ RunTime:0.015625s ]
INFO: [ app_begin ] --END-- [ RunTime:0.015625s ]
NOTIC: [8] Undefined index: userid E:\wamp\wamp\www\-\Application\Common\Helper\user_helper.php Á¨¨ 50 Ë°å.

[ 2018-01-08T14:58:00+08:00 ] 127.0.0.1 /-/index.php/home/user/login?tel=13331385580&password=123456
INFO: [ app_init ] --START--
INFO: Run Behavior\BuildLiteBehavior [ RunTime:0.000000s ]
INFO: [ app_init ] --END-- [ RunTime:0.000000s ]
INFO: [ app_begin ] --START--
INFO: Run Behavior\ReadHtmlCacheBehavior [ RunTime:0.015625s ]
INFO: [ app_begin ] --END-- [ RunTime:0.015625s ]
SQL: SHOW COLUMNS FROM `user` [ RunTime:0.0156s ]
SQL: SELECT * FROM `user` WHERE `tel` = '13331385580' LIMIT 1   [ RunTime:0.0000s ]
NOTIC: [8] Undefined index: userid E:\wamp\wamp\www\-\Application\Home\Controller\UserController.class.php Á¨¨ 266 Ë°å.

[ 2018-01-08T14:58:12+08:00 ] 127.0.0.1 /-/index.php/home/user/my_center
INFO: [ app_init ] --START--
INFO: Run Behavior\BuildLiteBehavior [ RunTime:0.000000s ]
INFO: [ app_init ] --END-- [ RunTime:0.000000s ]
INFO: [ app_begin ] --START--
INFO: Run Behavior\ReadHtmlCacheBehavior [ RunTime:0.000000s ]
INFO: [ app_begin ] --END-- [ RunTime:0.000000s ]
NOTIC: [8] Undefined index: userid E:\wamp\wamp\www\-\Application\Common\Helper\user_helper.php Á¨¨ 50 Ë°å.

[ 2018-01-08T14:58:47+08:00 ] 127.0.0.1 /-/index.php/home/user/my_center
INFO: [ app_init ] --START--
INFO: Run Behavior\BuildLiteBehavior [ RunTime:0.000000s ]
INFO: [ app_init ] --END-- [ RunTime:0.000000s ]
INFO: [ app_begin ] --START--
INFO: Run Behavior\ReadHtmlCacheBehavior [ RunTime:0.015625s ]
INFO: [ app_begin ] --END-- [ RunTime:0.015625s ]
NOTIC: [8] Undefined index: userid E:\wamp\wamp\www\-\Application\Common\Helper\user_helper.php Á¨¨ 50 Ë°å.
NOTIC: [8] Undefined variable: use_id E:\wamp\wamp\www\-\Application\Home\Controller\UserController.class.php Á¨¨ 281 Ë°å.

[ 2018-01-08T14:59:01+08:00 ] 127.0.0.1 /-/index.php/home/user/my_center
INFO: [ app_init ] --START--
INFO: Run Behavior\BuildLiteBehavior [ RunTime:0.000000s ]
INFO: [ app_init ] --END-- [ RunTime:0.000000s ]
INFO: [ app_begin ] --START--
INFO: Run Behavior\ReadHtmlCacheBehavior [ RunTime:0.000000s ]
INFO: [ app_begin ] --END-- [ RunTime:0.000000s ]
NOTIC: [8] Undefined index: userid E:\wamp\wamp\www\-\Application\Common\Helper\user_helper.php Á¨¨ 50 Ë°å.

[ 2018-01-08T15:00:06+08:00 ] 127.0.0.1 /-/index.php/home/user/login?tel=13331385580&password=123456
INFO: [ app_init ] --START--
INFO: Run Behavior\BuildLiteBehavior [ RunTime:0.000000s ]
INFO: [ app_init ] --END-- [ RunTime:0.015625s ]
INFO: [ app_begin ] --START--
INFO: Run Behavior\ReadHtmlCacheBehavior [ RunTime:0.000000s ]
INFO: [ app_begin ] --END-- [ RunTime:0.000000s ]
SQL: SHOW COLUMNS FROM `user` [ RunTime:0.0156s ]
SQL: SELECT * FROM `user` WHERE `tel` = '13331385580' LIMIT 1   [ RunTime:0.0000s ]

[ 2018-01-08T15:00:16+08:00 ] 127.0.0.1 /-/index.php/home/user/my_center
INFO: [ app_init ] --START--
INFO: Run Behavior\BuildLiteBehavior [ RunTime:0.000000s ]
INFO: [ app_init ] --END-- [ RunTime:0.000000s ]
INFO: [ app_begin ] --START--
INFO: Run Behavior\ReadHtmlCacheBehavior [ RunTime:0.000000s ]
INFO: [ app_begin ] --END-- [ RunTime:0.000000s ]

[ 2018-01-08T15:00:34+08:00 ] 127.0.0.1 /-/index.php/home/user/my_center
INFO: [ app_init ] --START--
INFO: Run Behavior\BuildLiteBehavior [ RunTime:0.000000s ]
INFO: [ app_init ] --END-- [ RunTime:0.000000s ]
INFO: [ app_begin ] --START--
INFO: Run Behavior\ReadHtmlCacheBehavior [ RunTime:0.000000s ]
INFO: [ app_begin ] --END-- [ RunTime:0.000000s ]
SQL: SHOW COLUMNS FROM `user` [ RunTime:0.0000s ]
SQL: SELECT * FROM `user` WHERE `id` = 4 LIMIT 1   [ RunTime:0.0000s ]

[ 2018-01-08T16:04:20+08:00 ] 127.0.0.1 /-/index.php/home/user/my_center
INFO: [ app_init ] --START--
INFO: Run Behavior\BuildLiteBehavior [ RunTime:0.000000s ]
INFO: [ app_init ] --END-- [ RunTime:0.000000s ]
INFO: [ app_begin ] --START--
INFO: Run Behavior\ReadHtmlCacheBehavior [ RunTime:0.015625s ]
INFO: [ app_begin ] --END-- [ RunTime:0.015625s ]

[ 2018-01-08T16:04:43+08:00 ] 127.0.0.1 /-/index.php/home/user/my_center
INFO: [ app_init ] --START--
INFO: Run Behavior\BuildLiteBehavior [ RunTime:0.000000s ]
INFO: [ app_init ] --END-- [ RunTime:0.000000s ]
INFO: [ app_begin ] --START--
INFO: Run Behavior\ReadHtmlCacheBehavior [ RunTime:0.000000s ]
INFO: [ app_begin ] --END-- [ RunTime:0.000000s ]

[ 2018-01-08T16:23:49+08:00 ] 127.0.0.1 /-/index.php/home/user/check_user?tel=13331385580&password=123465
INFO: [ app_init ] --START--
INFO: Run Behavior\BuildLiteBehavior [ RunTime:0.000000s ]
INFO: [ app_init ] --END-- [ RunTime:0.000000s ]
INFO: [ app_begin ] --START--
INFO: Run Behavior\ReadHtmlCacheBehavior [ RunTime:0.000000s ]
INFO: [ app_begin ] --END-- [ RunTime:0.000000s ]
SQL: SHOW COLUMNS FROM `user` [ RunTime:0.0156s ]
SQL: SELECT * FROM `user` WHERE `tel` = '13331385580' LIMIT 1   [ RunTime:0.0000s ]

[ 2018-01-08T17:57:58+08:00 ] 127.0.0.1 /-/index.php/home/user/check_user?tel=13331385580&password=123465
INFO: [ app_init ] --START--
INFO: Run Behavior\BuildLiteBehavior [ RunTime:0.000000s ]
INFO: [ app_init ] --END-- [ RunTime:0.000000s ]
INFO: [ app_begin ] --START--
INFO: Run Behavior\ReadHtmlCacheBehavior [ RunTime:0.015625s ]
INFO: [ app_begin ] --END-- [ RunTime:0.015625s ]
ERR: SQLSTATE[HY000] [2002] ”…”⁄¡¨Ω”∑Ω‘⁄“ª∂Œ ±º‰∫Û√ª”–’˝»∑¥∏¥ªÚ¡¨Ω”µƒ÷˜ª˙√ª”–∑¥”¶£¨¡¨Ω”≥¢ ‘ ß∞‹°£


