[ 2018-01-30T10:02:43+08:00 ] ::1 /-/index.php/Home/login
INFO: [ app_init ] --START--
INFO: Run Behavior\BuildLiteBehavior [ RunTime:0.000039s ]
INFO: [ app_init ] --END-- [ RunTime:0.006774s ]
INFO: [ app_begin ] --START--
INFO: Run Behavior\ReadHtmlCacheBehavior [ RunTime:0.001404s ]
INFO: [ app_begin ] --END-- [ RunTime:0.001617s ]
INFO: [ view_parse ] --START--
INFO: [ template_filter ] --START--
INFO: Run Behavior\ContentReplaceBehavior [ RunTime:0.008972s ]
INFO: [ template_filter ] --END-- [ RunTime:0.009179s ]
NOTIC: [8] Undefined variable: shopid E:\wamp64\www\-\Application\Runtime\Cache\Home\50c9f5d2ef37c2cf131d5cf1381d3a4b.php 第 31 行.
NOTIC: [8] Use of undefined constant result - assumed 'result' E:\wamp64\www\-\Application\Runtime\Cache\Home\50c9f5d2ef37c2cf131d5cf1381d3a4b.php 第 122 行.
NOTIC: [8] Use of undefined constant shop - assumed 'shop' E:\wamp64\www\-\Application\Runtime\Cache\Home\50c9f5d2ef37c2cf131d5cf1381d3a4b.php 第 122 行.
INFO: Run Behavior\ParseTemplateBehavior [ RunTime:0.037660s ]
INFO: [ view_parse ] --END-- [ RunTime:0.037868s ]
INFO: [ view_filter ] --START--
INFO: Run Behavior\WriteHtmlCacheBehavior [ RunTime:0.000839s ]
INFO: [ view_filter ] --END-- [ RunTime:0.001020s ]
INFO: [ app_end ] --START--
INFO: Run Behavior\ShowPageTraceBehavior [ RunTime:0.001270s ]
INFO: [ app_end ] --END-- [ RunTime:0.001470s ]

[ 2018-01-30T10:03:07+08:00 ] ::1 /-/index.php/Home/Login/save_login.html
INFO: [ app_init ] --START--
INFO: Run Behavior\BuildLiteBehavior [ RunTime:0.000037s ]
INFO: [ app_init ] --END-- [ RunTime:0.000742s ]
INFO: [ app_begin ] --START--
INFO: Run Behavior\ReadHtmlCacheBehavior [ RunTime:0.000943s ]
INFO: [ app_begin ] --END-- [ RunTime:0.001089s ]
SQL: SHOW COLUMNS FROM `user` [ RunTime:0.0091s ]
SQL: SELECT * FROM `user` WHERE `tel` = '13331385580' LIMIT 1   [ RunTime:0.0017s ]

[ 2018-01-30T10:03:07+08:00 ] ::1 /-/index.php/Home/Index/index.html
INFO: [ app_init ] --START--
INFO: Run Behavior\BuildLiteBehavior [ RunTime:0.000041s ]
INFO: [ app_init ] --END-- [ RunTime:0.000915s ]
INFO: [ app_begin ] --START--
INFO: Run Behavior\ReadHtmlCacheBehavior [ RunTime:0.001324s ]
INFO: [ app_begin ] --END-- [ RunTime:0.001640s ]
SQL: SHOW COLUMNS FROM `user` [ RunTime:0.0091s ]
SQL: SELECT `photo` FROM `user` WHERE `id` = 1 AND `del_status` = 0 LIMIT 1   [ RunTime:0.0013s ]
SQL: SHOW COLUMNS FROM `shop` [ RunTime:0.0095s ]
SQL: SELECT shop.id,shop.mingch,shop.maney,shop.logo,shop.xingsl,shop.juan,shop_type.mingch as lbname FROM `shop` INNER JOIN shop_type on shop.type_shop = shop_type.id  WHERE shop.zhuangt = 1  [ RunTime:0.0016s ]
SQL: SHOW COLUMNS FROM `shop_type` [ RunTime:0.0083s ]
SQL: SELECT `mingch` FROM `shop_type` WHERE `zhuangt` = 1  [ RunTime:0.0012s ]
INFO: [ view_parse ] --START--
INFO: [ template_filter ] --START--
INFO: Run Behavior\ContentReplaceBehavior [ RunTime:0.000175s ]
INFO: [ template_filter ] --END-- [ RunTime:0.000354s ]
NOTIC: [8] Use of undefined constant id - assumed 'id' E:\wamp64\www\-\Application\Runtime\Cache\Home\2a94b8bda04ff446dcedd42276fc99ee.php 第 155 行.
SQL: SHOW COLUMNS FROM `seat` [ RunTime:0.0082s ]
SQL: SELECT COUNT(*) AS tp_count FROM `seat` WHERE `dep_shop` = 1 AND `zhuangt` = 1 LIMIT 1   [ RunTime:0.0010s ]
NOTIC: [8] Use of undefined constant id - assumed 'id' E:\wamp64\www\-\Application\Runtime\Cache\Home\2a94b8bda04ff446dcedd42276fc99ee.php 第 155 行.
SQL: SELECT COUNT(*) AS tp_count FROM `seat` WHERE `dep_shop` = 3 AND `zhuangt` = 1 LIMIT 1   [ RunTime:0.0010s ]
NOTIC: [8] Use of undefined constant id - assumed 'id' E:\wamp64\www\-\Application\Runtime\Cache\Home\2a94b8bda04ff446dcedd42276fc99ee.php 第 155 行.
SQL: SELECT COUNT(*) AS tp_count FROM `seat` WHERE `dep_shop` = 24 AND `zhuangt` = 1 LIMIT 1   [ RunTime:0.0012s ]
NOTIC: [8] Use of undefined constant id - assumed 'id' E:\wamp64\www\-\Application\Runtime\Cache\Home\2a94b8bda04ff446dcedd42276fc99ee.php 第 155 行.
SQL: SELECT COUNT(*) AS tp_count FROM `seat` WHERE `dep_shop` = 25 AND `zhuangt` = 1 LIMIT 1   [ RunTime:0.0014s ]
NOTIC: [8] Use of undefined constant id - assumed 'id' E:\wamp64\www\-\Application\Runtime\Cache\Home\2a94b8bda04ff446dcedd42276fc99ee.php 第 155 行.
SQL: SELECT COUNT(*) AS tp_count FROM `seat` WHERE `dep_shop` = 27 AND `zhuangt` = 1 LIMIT 1   [ RunTime:0.0013s ]
INFO: Run Behavior\ParseTemplateBehavior [ RunTime:0.045268s ]
INFO: [ view_parse ] --END-- [ RunTime:0.045508s ]
INFO: [ view_filter ] --START--
INFO: Run Behavior\WriteHtmlCacheBehavior [ RunTime:0.001048s ]
INFO: [ view_filter ] --END-- [ RunTime:0.001247s ]
INFO: [ app_end ] --START--
INFO: Run Behavior\ShowPageTraceBehavior [ RunTime:0.001002s ]
INFO: [ app_end ] --END-- [ RunTime:0.001179s ]

[ 2018-01-30T10:03:07+08:00 ] ::1 /-/index.php/Home/Index/banner.html
INFO: [ app_init ] --START--
INFO: Run Behavior\BuildLiteBehavior [ RunTime:0.000063s ]
INFO: [ app_init ] --END-- [ RunTime:0.001048s ]
INFO: [ app_begin ] --START--
INFO: Run Behavior\ReadHtmlCacheBehavior [ RunTime:0.001384s ]
INFO: [ app_begin ] --END-- [ RunTime:0.001632s ]
SQL: SHOW COLUMNS FROM `event` [ RunTime:0.0085s ]
SQL: SELECT `pic` FROM `event` WHERE `status` = 1  [ RunTime:0.0011s ]
INFO: [ view_parse ] --START--
INFO: [ template_filter ] --START--
INFO: Run Behavior\ContentReplaceBehavior [ RunTime:0.000120s ]
INFO: [ template_filter ] --END-- [ RunTime:0.000334s ]
INFO: Run Behavior\ParseTemplateBehavior [ RunTime:0.015081s ]
INFO: [ view_parse ] --END-- [ RunTime:0.015371s ]
INFO: [ view_filter ] --START--
INFO: Run Behavior\WriteHtmlCacheBehavior [ RunTime:0.001004s ]
INFO: [ view_filter ] --END-- [ RunTime:0.001241s ]
INFO: [ app_end ] --START--
INFO: Run Behavior\ShowPageTraceBehavior [ RunTime:0.002298s ]
INFO: [ app_end ] --END-- [ RunTime:0.002506s ]

[ 2018-01-30T10:33:17+08:00 ] ::1 /-/index.php/Home/Index/detail/shopid/1.html
INFO: [ app_init ] --START--
INFO: Run Behavior\BuildLiteBehavior [ RunTime:0.000046s ]
INFO: [ app_init ] --END-- [ RunTime:0.000892s ]
INFO: [ app_begin ] --START--
INFO: Run Behavior\ReadHtmlCacheBehavior [ RunTime:0.001150s ]
INFO: [ app_begin ] --END-- [ RunTime:0.001364s ]
SQL: SHOW COLUMNS FROM `shop` [ RunTime:0.0103s ]
SQL: SELECT * FROM `shop` WHERE `id` = 1  [ RunTime:0.0021s ]
SQL: SHOW COLUMNS FROM `seat` [ RunTime:0.0080s ]
SQL: SELECT COUNT(*) AS tp_count FROM `seat` WHERE `dep_shop` = 1 AND `zhuangt` = 1 LIMIT 1   [ RunTime:0.0013s ]
SQL: SHOW COLUMNS FROM `food_type` [ RunTime:0.0079s ]
SQL: SELECT * FROM `food_type` WHERE `dep_type` = 1 ORDER BY paix desc  [ RunTime:0.0011s ]
SQL: SELECT food.id,food.mingch as cpmingch,food.food_type,food_type.mingch,food.kwid as kouwei,food.logo,food.jiage as yuanjia,food.jiage_youhui as shoujia,cpdanwei.mingch as danweimc,food.dwid,linshijj.foodnum FROM `food` left join food_type ON food_type.id = food.food_type left join cpdanwei ON cpdanwei.id = food.dwid left join linshijj ON (food.id = linshijj.foodid AND linshijj.userid = 16) WHERE food.dep_shop = 1 AND food.zhuangt = '1' ORDER BY food.id asc [ RunTime:0.0024s ]
INFO: [ view_parse ] --START--
INFO: [ template_filter ] --START--
INFO: Run Behavior\ContentReplaceBehavior [ RunTime:0.000310s ]
INFO: [ template_filter ] --END-- [ RunTime:0.000492s ]
NOTIC: [8] Undefined index: foodxq E:\wamp64\www\-\Application\Runtime\Cache\Home\1223f42a89e823bf89547594651162de.php 第 80 行.
NOTIC: [8] Use of undefined constant line_type - assumed 'line_type' E:\wamp64\www\-\Application\Runtime\Cache\Home\1223f42a89e823bf89547594651162de.php 第 412 行.
NOTIC: [8] Use of undefined constant zuoweishu - assumed 'zuoweishu' E:\wamp64\www\-\Application\Runtime\Cache\Home\1223f42a89e823bf89547594651162de.php 第 444 行.
INFO: Run Behavior\ParseTemplateBehavior [ RunTime:0.047620s ]
INFO: [ view_parse ] --END-- [ RunTime:0.047797s ]
INFO: [ view_filter ] --START--
INFO: Run Behavior\WriteHtmlCacheBehavior [ RunTime:0.000893s ]
INFO: [ view_filter ] --END-- [ RunTime:0.001060s ]
INFO: [ app_end ] --START--
INFO: Run Behavior\ShowPageTraceBehavior [ RunTime:0.001769s ]
INFO: [ app_end ] --END-- [ RunTime:0.002120s ]

[ 2018-01-30T10:47:03+08:00 ] ::1 /-/index.php/Home/Index/ajaxaddlinshijj.html
INFO: [ app_init ] --START--
INFO: Run Behavior\BuildLiteBehavior [ RunTime:0.000039s ]
INFO: [ app_init ] --END-- [ RunTime:0.000673s ]
INFO: [ app_begin ] --START--
INFO: Run Behavior\ReadHtmlCacheBehavior [ RunTime:0.000936s ]
INFO: [ app_begin ] --END-- [ RunTime:0.001091s ]
SQL: SHOW COLUMNS FROM `linshijj` [ RunTime:0.0047s ]
SQL: INSERT INTO `linshijj` (`shopid`,`foodtypeid`,`foodid`,`foodnum`,`userid`) VALUES ('1','14','59','1','16') [ RunTime:0.0481s ]

[ 2018-01-30T10:47:04+08:00 ] ::1 /-/index.php/Home/Cart/save_cart.html
INFO: [ app_init ] --START--
INFO: Run Behavior\BuildLiteBehavior [ RunTime:0.000048s ]
INFO: [ app_init ] --END-- [ RunTime:0.000872s ]
INFO: [ app_begin ] --START--
INFO: Run Behavior\ReadHtmlCacheBehavior [ RunTime:0.000708s ]
INFO: [ app_begin ] --END-- [ RunTime:0.000911s ]
SQL: SHOW COLUMNS FROM `cart` [ RunTime:0.0075s ]
SQL: DELETE FROM `cart` WHERE `user_id` = 16 AND `store_id` = 1 [ RunTime:0.0012s ]
SQL: SHOW COLUMNS FROM `linshijj` [ RunTime:0.0075s ]
SQL: SELECT * FROM `linshijj` WHERE `userid` = '16' AND `shopid` = 1  [ RunTime:0.0015s ]
SQL: SELECT * FROM `cart` WHERE `user_id` = 16 AND `goods_id` = 59 AND `status` = 1 AND `store_id` = 1 LIMIT 1   [ RunTime:0.0011s ]
SQL: INSERT INTO `cart` (`user_id`,`goods_id`,`status`,`store_id`,`goods_num`,`goods_type`,`add_time`) VALUES ('16','59','1','1','1','14','2018-01-30 10:47:04') [ RunTime:0.0012s ]

[ 2018-01-30T10:47:04+08:00 ] ::1 /-/index.php/Home/cart/diandan_info/store_id/1.html
INFO: [ app_init ] --START--
INFO: Run Behavior\BuildLiteBehavior [ RunTime:0.000047s ]
INFO: [ app_init ] --END-- [ RunTime:0.001078s ]
INFO: [ app_begin ] --START--
INFO: Run Behavior\ReadHtmlCacheBehavior [ RunTime:0.000733s ]
INFO: [ app_begin ] --END-- [ RunTime:0.000917s ]
SQL: SHOW COLUMNS FROM `shop` [ RunTime:0.0104s ]
SQL: SELECT `mingch` FROM `shop` WHERE `id` = 1 LIMIT 1   [ RunTime:0.0012s ]
SQL: SHOW COLUMNS FROM `cart` [ RunTime:0.0080s ]
SQL: SELECT * FROM `cart` WHERE `user_id` = 16 AND `store_id` = 1 AND `status` = 1  [ RunTime:0.0014s ]
SQL: SHOW COLUMNS FROM `food` [ RunTime:0.0084s ]
SQL: SELECT `mingch` FROM `food` WHERE `id` = 59 LIMIT 1   [ RunTime:0.0013s ]
SQL: SELECT `jiage_youhui` FROM `food` WHERE `id` = 59 LIMIT 1   [ RunTime:0.0012s ]
SQL: SELECT `jiage_youhui` FROM `food` WHERE `id` = 59 LIMIT 1   [ RunTime:0.0024s ]
INFO: [ view_parse ] --START--
INFO: [ template_filter ] --START--
INFO: Run Behavior\ContentReplaceBehavior [ RunTime:0.000121s ]
INFO: [ template_filter ] --END-- [ RunTime:0.000306s ]
INFO: Run Behavior\ParseTemplateBehavior [ RunTime:0.025757s ]
INFO: [ view_parse ] --END-- [ RunTime:0.026067s ]
INFO: [ view_filter ] --START--
INFO: Run Behavior\WriteHtmlCacheBehavior [ RunTime:0.000955s ]
INFO: [ view_filter ] --END-- [ RunTime:0.001150s ]
INFO: [ app_end ] --START--
INFO: Run Behavior\ShowPageTraceBehavior [ RunTime:0.000878s ]
INFO: [ app_end ] --END-- [ RunTime:0.001062s ]

[ 2018-01-30T10:47:14+08:00 ] ::1 /-/index.php/Home/Order/save_order.html
INFO: [ app_init ] --START--
INFO: Run Behavior\BuildLiteBehavior [ RunTime:0.000037s ]
INFO: [ app_init ] --END-- [ RunTime:0.000796s ]
INFO: [ app_begin ] --START--
INFO: Run Behavior\ReadHtmlCacheBehavior [ RunTime:0.000752s ]
INFO: [ app_begin ] --END-- [ RunTime:0.000959s ]
SQL: SHOW COLUMNS FROM `order` [ RunTime:0.0089s ]
SQL: INSERT INTO `order` (`order_pnum`,`buyer_name`,`order_remark`,`total_price`,`store_id`,`user_id`,`order_code`,`add_time`) VALUES ('1','111','1111','200','1','16','1801301047149623','2018-01-30 10:47:14') [ RunTime:0.0014s ]
SQL: SHOW COLUMNS FROM `cart` [ RunTime:0.0090s ]
SQL: SELECT * FROM `cart` WHERE `store_id` = 1 AND `user_id` = 16 AND `status` = 1  [ RunTime:0.0014s ]
SQL: SHOW COLUMNS FROM `food` [ RunTime:0.0086s ]
SQL: SELECT `jiage_youhui` FROM `food` WHERE `id` = 59 LIMIT 1   [ RunTime:0.0012s ]
SQL: SHOW COLUMNS FROM `order_fu` [ RunTime:0.0076s ]
SQL: INSERT INTO `order_fu` (`order_id`,`goods_id`,`goods_num`,`store_id`,`goods_price`) VALUES ('26','59','1','1','200') [ RunTime:0.0013s ]
SQL: SELECT COUNT(*) AS tp_count FROM `order_fu` WHERE `order_id` = 26 LIMIT 1   [ RunTime:0.0009s ]
SQL: SHOW COLUMNS FROM `linshijj` [ RunTime:0.0086s ]
SQL: DELETE FROM `linshijj` WHERE `userid` = '16' AND `shopid` = 1 [ RunTime:0.0977s ]
SQL: UPDATE `cart` SET `status`='0' WHERE `store_id` = 1 AND `user_id` = 16 AND `status` = 1 [ RunTime:0.0014s ]

[ 2018-01-30T10:47:14+08:00 ] ::1 /-/index.php/Home/order/order_info.html
INFO: [ app_init ] --START--
INFO: Run Behavior\BuildLiteBehavior [ RunTime:0.000050s ]
INFO: [ app_init ] --END-- [ RunTime:0.000942s ]
INFO: [ app_begin ] --START--
INFO: Run Behavior\ReadHtmlCacheBehavior [ RunTime:0.000968s ]
INFO: [ app_begin ] --END-- [ RunTime:0.001190s ]
SQL: SHOW COLUMNS FROM `order` [ RunTime:0.0160s ]
SQL: SELECT * FROM `order` WHERE `user_id` = 16  [ RunTime:0.0014s ]
SQL: SHOW COLUMNS FROM `shop` [ RunTime:0.0158s ]
SQL: SELECT `mingch` FROM `shop` WHERE `id` = 1 LIMIT 1   [ RunTime:0.0013s ]
SQL: SELECT `logo` FROM `shop` WHERE `id` = 1 LIMIT 1   [ RunTime:0.0013s ]
SQL: SELECT * FROM `order` WHERE `user_id` = 16 AND `order_status` = 1  [ RunTime:0.0017s ]
SQL: SELECT `mingch` FROM `shop` WHERE `id` = 1 LIMIT 1   [ RunTime:0.0012s ]
SQL: SELECT `logo` FROM `shop` WHERE `id` = 1 LIMIT 1   [ RunTime:0.0013s ]
SQL: SELECT * FROM `order` WHERE `user_id` = 16 AND `is_use` = 0  [ RunTime:0.0017s ]
SQL: SELECT `mingch` FROM `shop` WHERE `id` = 1 LIMIT 1   [ RunTime:0.0011s ]
SQL: SELECT `logo` FROM `shop` WHERE `id` = 1 LIMIT 1   [ RunTime:0.0012s ]
SQL: SELECT * FROM `order` WHERE `user_id` = 16 AND `is_use` = 1  [ RunTime:0.0012s ]
SQL: SELECT * FROM `order` WHERE `user_id` = 16 AND `order_status` = 10  [ RunTime:0.0013s ]
SQL: SELECT * FROM `order` WHERE `user_id` = 16 AND `order_status` = 20  [ RunTime:0.0014s ]
INFO: [ view_parse ] --START--
INFO: [ template_filter ] --START--
INFO: Run Behavior\ContentReplaceBehavior [ RunTime:0.000300s ]
INFO: [ template_filter ] --END-- [ RunTime:0.000488s ]
INFO: Run Behavior\ParseTemplateBehavior [ RunTime:0.043909s ]
INFO: [ view_parse ] --END-- [ RunTime:0.044121s ]
INFO: [ view_filter ] --START--
INFO: Run Behavior\WriteHtmlCacheBehavior [ RunTime:0.000846s ]
INFO: [ view_filter ] --END-- [ RunTime:0.001020s ]
INFO: [ app_end ] --START--
INFO: Run Behavior\ShowPageTraceBehavior [ RunTime:0.000917s ]
INFO: [ app_end ] --END-- [ RunTime:0.001084s ]

[ 2018-01-30T10:50:00+08:00 ] ::1 /-/index.php/Home/order/order_info.html
INFO: [ app_init ] --START--
INFO: Run Behavior\BuildLiteBehavior [ RunTime:0.000052s ]
INFO: [ app_init ] --END-- [ RunTime:0.000971s ]
INFO: [ app_begin ] --START--
INFO: Run Behavior\ReadHtmlCacheBehavior [ RunTime:0.001579s ]
INFO: [ app_begin ] --END-- [ RunTime:0.001908s ]
SQL: SHOW COLUMNS FROM `order` [ RunTime:0.0088s ]
SQL: SELECT * FROM `order` WHERE `user_id` = 16  [ RunTime:0.0020s ]
SQL: SHOW COLUMNS FROM `shop` [ RunTime:0.0099s ]
SQL: SELECT `mingch` FROM `shop` WHERE `id` = 1 LIMIT 1   [ RunTime:0.0012s ]
SQL: SELECT `logo` FROM `shop` WHERE `id` = 1 LIMIT 1   [ RunTime:0.0009s ]
SQL: SELECT * FROM `order` WHERE `user_id` = 16 AND `order_status` = 1  [ RunTime:0.0013s ]
SQL: SELECT `mingch` FROM `shop` WHERE `id` = 1 LIMIT 1   [ RunTime:0.0012s ]
SQL: SELECT `logo` FROM `shop` WHERE `id` = 1 LIMIT 1   [ RunTime:0.0013s ]
SQL: SELECT * FROM `order` WHERE `user_id` = 16 AND `is_use` = 0  [ RunTime:0.0014s ]
SQL: SELECT `mingch` FROM `shop` WHERE `id` = 1 LIMIT 1   [ RunTime:0.0011s ]
SQL: SELECT `logo` FROM `shop` WHERE `id` = 1 LIMIT 1   [ RunTime:0.0013s ]
SQL: SELECT * FROM `order` WHERE `user_id` = 16 AND `is_use` = 1  [ RunTime:0.0014s ]
SQL: SELECT * FROM `order` WHERE `user_id` = 16 AND `order_status` = 10  [ RunTime:0.0011s ]
SQL: SELECT * FROM `order` WHERE `user_id` = 16 AND `order_status` = 20  [ RunTime:0.0011s ]
INFO: [ view_parse ] --START--
INFO: [ template_filter ] --START--
INFO: Run Behavior\ContentReplaceBehavior [ RunTime:0.000306s ]
INFO: [ template_filter ] --END-- [ RunTime:0.000499s ]
INFO: Run Behavior\ParseTemplateBehavior [ RunTime:0.038163s ]
INFO: [ view_parse ] --END-- [ RunTime:0.038389s ]
INFO: [ view_filter ] --START--
INFO: Run Behavior\WriteHtmlCacheBehavior [ RunTime:0.000678s ]
INFO: [ view_filter ] --END-- [ RunTime:0.000837s ]
INFO: [ app_end ] --START--
INFO: Run Behavior\ShowPageTraceBehavior [ RunTime:0.000928s ]
INFO: [ app_end ] --END-- [ RunTime:0.001111s ]

[ 2018-01-30T10:50:09+08:00 ] ::1 /-/index.php/Home/Order/order_xq.html
INFO: [ app_init ] --START--
INFO: Run Behavior\BuildLiteBehavior [ RunTime:0.000048s ]
INFO: [ app_init ] --END-- [ RunTime:0.001341s ]
INFO: [ app_begin ] --START--
INFO: Run Behavior\ReadHtmlCacheBehavior [ RunTime:0.001075s ]
INFO: [ app_begin ] --END-- [ RunTime:0.001269s ]
INFO: [ view_parse ] --START--
INFO: [ template_filter ] --START--
INFO: Run Behavior\ContentReplaceBehavior [ RunTime:0.000134s ]
INFO: [ template_filter ] --END-- [ RunTime:0.000335s ]
INFO: Run Behavior\ParseTemplateBehavior [ RunTime:0.018279s ]
INFO: [ view_parse ] --END-- [ RunTime:0.018510s ]
INFO: [ view_filter ] --START--
INFO: Run Behavior\WriteHtmlCacheBehavior [ RunTime:0.000825s ]
INFO: [ view_filter ] --END-- [ RunTime:0.001027s ]
INFO: [ app_end ] --START--
INFO: Run Behavior\ShowPageTraceBehavior [ RunTime:0.001516s ]
INFO: [ app_end ] --END-- [ RunTime:0.001744s ]

[ 2018-01-30T11:02:31+08:00 ] ::1 /-/index.php/Home/Order/order_xq.html
INFO: [ app_init ] --START--
INFO: Run Behavior\BuildLiteBehavior [ RunTime:0.000050s ]
INFO: [ app_init ] --END-- [ RunTime:0.000863s ]
INFO: [ app_begin ] --START--
INFO: Run Behavior\ReadHtmlCacheBehavior [ RunTime:0.000983s ]
INFO: [ app_begin ] --END-- [ RunTime:0.001196s ]

[ 2018-01-30T11:04:18+08:00 ] ::1 /-/index.php/Home/Order/order_xq.html
INFO: [ app_init ] --START--
INFO: Run Behavior\BuildLiteBehavior [ RunTime:0.000037s ]
INFO: [ app_init ] --END-- [ RunTime:0.000686s ]
INFO: [ app_begin ] --START--
INFO: Run Behavior\ReadHtmlCacheBehavior [ RunTime:0.001090s ]
INFO: [ app_begin ] --END-- [ RunTime:0.001291s ]

[ 2018-01-30T11:07:39+08:00 ] ::1 /-/index.php/Home/Order/save_order.html
INFO: [ app_init ] --START--
INFO: Run Behavior\BuildLiteBehavior [ RunTime:0.000045s ]
INFO: [ app_init ] --END-- [ RunTime:0.000917s ]
INFO: [ app_begin ] --START--
INFO: Run Behavior\ReadHtmlCacheBehavior [ RunTime:0.000996s ]
INFO: [ app_begin ] --END-- [ RunTime:0.001204s ]
SQL: SHOW COLUMNS FROM `order` [ RunTime:0.0099s ]
SQL: INSERT INTO `order` (`order_pnum`,`buyer_name`,`order_remark`,`total_price`,`store_id`,`user_id`,`order_code`,`add_time`) VALUES ('1','111','1111','200','1','16','1801301107399202','2018-01-30 11:07:39') [ RunTime:0.0017s ]
SQL: SHOW COLUMNS FROM `cart` [ RunTime:0.0080s ]
SQL: SELECT * FROM `cart` WHERE `store_id` = 1 AND `user_id` = 16 AND `status` = 1  [ RunTime:0.0015s ]
SQL: SHOW COLUMNS FROM `order_fu` [ RunTime:0.0084s ]
SQL: SELECT COUNT(*) AS tp_count FROM `order_fu` WHERE `order_id` = 27 LIMIT 1   [ RunTime:0.0013s ]
SQL: SHOW COLUMNS FROM `linshijj` [ RunTime:0.0049s ]
SQL: DELETE FROM `linshijj` WHERE `userid` = '16' AND `shopid` = 1 [ RunTime:0.0013s ]
SQL: UPDATE `cart` SET `status`='0' WHERE `store_id` = 1 AND `user_id` = 16 AND `status` = 1 [ RunTime:0.0011s ]

[ 2018-01-30T11:07:39+08:00 ] ::1 /-/index.php/Home/order/order_info.html
INFO: [ app_init ] --START--
INFO: Run Behavior\BuildLiteBehavior [ RunTime:0.000039s ]
INFO: [ app_init ] --END-- [ RunTime:0.000821s ]
INFO: [ app_begin ] --START--
INFO: Run Behavior\ReadHtmlCacheBehavior [ RunTime:0.000906s ]
INFO: [ app_begin ] --END-- [ RunTime:0.001113s ]
SQL: SHOW COLUMNS FROM `order` [ RunTime:0.0060s ]
SQL: SELECT * FROM `order` WHERE `user_id` = 16  [ RunTime:0.0015s ]
SQL: SHOW COLUMNS FROM `shop` [ RunTime:0.0057s ]
SQL: SELECT `mingch` FROM `shop` WHERE `id` = 1 LIMIT 1   [ RunTime:0.0011s ]
SQL: SELECT `logo` FROM `shop` WHERE `id` = 1 LIMIT 1   [ RunTime:0.0012s ]
SQL: SELECT `mingch` FROM `shop` WHERE `id` = 1 LIMIT 1   [ RunTime:0.0009s ]
SQL: SELECT `logo` FROM `shop` WHERE `id` = 1 LIMIT 1   [ RunTime:0.0009s ]
SQL: SELECT * FROM `order` WHERE `user_id` = 16 AND `order_status` = 1  [ RunTime:0.0012s ]
SQL: SELECT `mingch` FROM `shop` WHERE `id` = 1 LIMIT 1   [ RunTime:0.0009s ]
SQL: SELECT `logo` FROM `shop` WHERE `id` = 1 LIMIT 1   [ RunTime:0.0009s ]
SQL: SELECT `mingch` FROM `shop` WHERE `id` = 1 LIMIT 1   [ RunTime:0.0010s ]
SQL: SELECT `logo` FROM `shop` WHERE `id` = 1 LIMIT 1   [ RunTime:0.0010s ]
SQL: SELECT * FROM `order` WHERE `user_id` = 16 AND `is_use` = 0  [ RunTime:0.0013s ]
SQL: SELECT `mingch` FROM `shop` WHERE `id` = 1 LIMIT 1   [ RunTime:0.0015s ]
SQL: SELECT `logo` FROM `shop` WHERE `id` = 1 LIMIT 1   [ RunTime:0.0010s ]
SQL: SELECT `mingch` FROM `shop` WHERE `id` = 1 LIMIT 1   [ RunTime:0.0014s ]
SQL: SELECT `logo` FROM `shop` WHERE `id` = 1 LIMIT 1   [ RunTime:0.0013s ]
SQL: SELECT * FROM `order` WHERE `user_id` = 16 AND `is_use` = 1  [ RunTime:0.0012s ]
SQL: SELECT * FROM `order` WHERE `user_id` = 16 AND `order_status` = 10  [ RunTime:0.0012s ]
SQL: SELECT * FROM `order` WHERE `user_id` = 16 AND `order_status` = 20  [ RunTime:0.0013s ]
INFO: [ view_parse ] --START--
INFO: [ template_filter ] --START--
INFO: Run Behavior\ContentReplaceBehavior [ RunTime:0.000308s ]
INFO: [ template_filter ] --END-- [ RunTime:0.000483s ]
INFO: Run Behavior\ParseTemplateBehavior [ RunTime:0.035787s ]
INFO: [ view_parse ] --END-- [ RunTime:0.036008s ]
INFO: [ view_filter ] --START--
INFO: Run Behavior\WriteHtmlCacheBehavior [ RunTime:0.000677s ]
INFO: [ view_filter ] --END-- [ RunTime:0.000837s ]
INFO: [ app_end ] --START--
INFO: Run Behavior\ShowPageTraceBehavior [ RunTime:0.000914s ]
INFO: [ app_end ] --END-- [ RunTime:0.001093s ]

[ 2018-01-30T11:07:43+08:00 ] ::1 /-/index.php/Home/Order/order_xq/id/26.html
INFO: [ app_init ] --START--
INFO: Run Behavior\BuildLiteBehavior [ RunTime:0.000035s ]
INFO: [ app_init ] --END-- [ RunTime:0.000773s ]
INFO: [ app_begin ] --START--
INFO: Run Behavior\ReadHtmlCacheBehavior [ RunTime:0.000949s ]
INFO: [ app_begin ] --END-- [ RunTime:0.001173s ]

[ 2018-01-30T11:08:08+08:00 ] ::1 /-/index.php/Home/order/order_info.html
INFO: [ app_init ] --START--
INFO: Run Behavior\BuildLiteBehavior [ RunTime:0.000040s ]
INFO: [ app_init ] --END-- [ RunTime:0.000662s ]
INFO: [ app_begin ] --START--
INFO: Run Behavior\ReadHtmlCacheBehavior [ RunTime:0.000908s ]
INFO: [ app_begin ] --END-- [ RunTime:0.001105s ]
SQL: SHOW COLUMNS FROM `order` [ RunTime:0.0092s ]
SQL: SELECT * FROM `order` WHERE `user_id` = 16  [ RunTime:0.0015s ]
SQL: SHOW COLUMNS FROM `shop` [ RunTime:0.0093s ]
SQL: SELECT `mingch` FROM `shop` WHERE `id` = 1 LIMIT 1   [ RunTime:0.0009s ]
SQL: SELECT `logo` FROM `shop` WHERE `id` = 1 LIMIT 1   [ RunTime:0.0007s ]
SQL: SELECT `mingch` FROM `shop` WHERE `id` = 1 LIMIT 1   [ RunTime:0.0011s ]
SQL: SELECT `logo` FROM `shop` WHERE `id` = 1 LIMIT 1   [ RunTime:0.0008s ]
SQL: SELECT * FROM `order` WHERE `user_id` = 16 AND `order_status` = 1  [ RunTime:0.0011s ]
SQL: SELECT `mingch` FROM `shop` WHERE `id` = 1 LIMIT 1   [ RunTime:0.0011s ]
SQL: SELECT `logo` FROM `shop` WHERE `id` = 1 LIMIT 1   [ RunTime:0.0009s ]
SQL: SELECT `mingch` FROM `shop` WHERE `id` = 1 LIMIT 1   [ RunTime:0.0010s ]
SQL: SELECT `logo` FROM `shop` WHERE `id` = 1 LIMIT 1   [ RunTime:0.0011s ]
SQL: SELECT * FROM `order` WHERE `user_id` = 16 AND `is_use` = 0  [ RunTime:0.0013s ]
SQL: SELECT `mingch` FROM `shop` WHERE `id` = 1 LIMIT 1   [ RunTime:0.0013s ]
SQL: SELECT `logo` FROM `shop` WHERE `id` = 1 LIMIT 1   [ RunTime:0.0008s ]
SQL: SELECT `mingch` FROM `shop` WHERE `id` = 1 LIMIT 1   [ RunTime:0.0009s ]
SQL: SELECT `logo` FROM `shop` WHERE `id` = 1 LIMIT 1   [ RunTime:0.0009s ]
SQL: SELECT * FROM `order` WHERE `user_id` = 16 AND `is_use` = 1  [ RunTime:0.0011s ]
SQL: SELECT * FROM `order` WHERE `user_id` = 16 AND `order_status` = 10  [ RunTime:0.0013s ]
SQL: SELECT * FROM `order` WHERE `user_id` = 16 AND `order_status` = 20  [ RunTime:0.0011s ]
INFO: [ view_parse ] --START--
INFO: [ template_filter ] --START--
INFO: Run Behavior\ContentReplaceBehavior [ RunTime:0.000288s ]
INFO: [ template_filter ] --END-- [ RunTime:0.000473s ]
INFO: Run Behavior\ParseTemplateBehavior [ RunTime:0.035001s ]
INFO: [ view_parse ] --END-- [ RunTime:0.035206s ]
INFO: [ view_filter ] --START--
INFO: Run Behavior\WriteHtmlCacheBehavior [ RunTime:0.000746s ]
INFO: [ view_filter ] --END-- [ RunTime:0.000902s ]
INFO: [ app_end ] --START--
INFO: Run Behavior\ShowPageTraceBehavior [ RunTime:0.001003s ]
INFO: [ app_end ] --END-- [ RunTime:0.001195s ]

[ 2018-01-30T11:08:11+08:00 ] ::1 /-/index.php/Home/Order/order_xq/order_id/26.html
INFO: [ app_init ] --START--
INFO: Run Behavior\BuildLiteBehavior [ RunTime:0.000041s ]
INFO: [ app_init ] --END-- [ RunTime:0.000795s ]
INFO: [ app_begin ] --START--
INFO: Run Behavior\ReadHtmlCacheBehavior [ RunTime:0.001454s ]
INFO: [ app_begin ] --END-- [ RunTime:0.001672s ]

[ 2018-01-30T11:08:41+08:00 ] ::1 /-/index.php/Home/Order/order_xq/order_id/26.html
INFO: [ app_init ] --START--
INFO: Run Behavior\BuildLiteBehavior [ RunTime:0.000052s ]
INFO: [ app_init ] --END-- [ RunTime:0.001035s ]
INFO: [ app_begin ] --START--
INFO: Run Behavior\ReadHtmlCacheBehavior [ RunTime:0.000975s ]
INFO: [ app_begin ] --END-- [ RunTime:0.001172s ]
INFO: [ view_parse ] --START--
INFO: [ template_filter ] --START--
INFO: Run Behavior\ContentReplaceBehavior [ RunTime:0.000127s ]
INFO: [ template_filter ] --END-- [ RunTime:0.000316s ]
INFO: Run Behavior\ParseTemplateBehavior [ RunTime:0.010624s ]
INFO: [ view_parse ] --END-- [ RunTime:0.010830s ]
INFO: [ view_filter ] --START--
INFO: Run Behavior\WriteHtmlCacheBehavior [ RunTime:0.000643s ]
INFO: [ view_filter ] --END-- [ RunTime:0.000799s ]
INFO: [ app_end ] --START--
INFO: Run Behavior\ShowPageTraceBehavior [ RunTime:0.000908s ]
INFO: [ app_end ] --END-- [ RunTime:0.001088s ]

[ 2018-01-30T11:25:52+08:00 ] ::1 /-/index.php/Home/Order/order_xq/order_id/26.html
INFO: [ app_init ] --START--
INFO: Run Behavior\BuildLiteBehavior [ RunTime:0.000041s ]
INFO: [ app_init ] --END-- [ RunTime:0.000728s ]
INFO: [ app_begin ] --START--
INFO: Run Behavior\ReadHtmlCacheBehavior [ RunTime:0.000922s ]
INFO: [ app_begin ] --END-- [ RunTime:0.001126s ]
SQL: SHOW COLUMNS FROM `order` [ RunTime:0.0085s ]
SQL: SELECT * FROM `order` WHERE `id` = 26 LIMIT 1   [ RunTime:0.0017s ]
SQL: SHOW COLUMNS FROM `order_fu` [ RunTime:0.0078s ]
SQL: SELECT * FROM `order_fu` WHERE `order_id` = 26  [ RunTime:0.0011s ]
INFO: [ view_parse ] --START--
INFO: [ template_filter ] --START--
INFO: Run Behavior\ContentReplaceBehavior [ RunTime:0.000129s ]
INFO: [ template_filter ] --END-- [ RunTime:0.000304s ]

[ 2018-01-30T11:26:29+08:00 ] ::1 /-/index.php/Home/Order/order_xq/order_id/26.html
INFO: [ app_init ] --START--
INFO: Run Behavior\BuildLiteBehavior [ RunTime:0.000044s ]
INFO: [ app_init ] --END-- [ RunTime:0.000883s ]
INFO: [ app_begin ] --START--
INFO: Run Behavior\ReadHtmlCacheBehavior [ RunTime:0.001159s ]
INFO: [ app_begin ] --END-- [ RunTime:0.001384s ]
SQL: SHOW COLUMNS FROM `order` [ RunTime:0.0091s ]
SQL: SELECT * FROM `order` WHERE `id` = 26 LIMIT 1   [ RunTime:0.0014s ]
SQL: SHOW COLUMNS FROM `order_fu` [ RunTime:0.0074s ]
SQL: SELECT * FROM `order_fu` WHERE `order_id` = 26  [ RunTime:0.0010s ]
INFO: [ view_parse ] --START--
INFO: [ template_filter ] --START--
INFO: Run Behavior\ContentReplaceBehavior [ RunTime:0.000153s ]
INFO: [ template_filter ] --END-- [ RunTime:0.000363s ]
INFO: Run Behavior\ParseTemplateBehavior [ RunTime:0.011234s ]
INFO: [ view_parse ] --END-- [ RunTime:0.011481s ]
INFO: [ view_filter ] --START--
INFO: Run Behavior\WriteHtmlCacheBehavior [ RunTime:0.000680s ]
INFO: [ view_filter ] --END-- [ RunTime:0.000881s ]
INFO: [ app_end ] --START--
INFO: Run Behavior\ShowPageTraceBehavior [ RunTime:0.001168s ]
INFO: [ app_end ] --END-- [ RunTime:0.001354s ]

[ 2018-01-30T11:28:32+08:00 ] ::1 /-/index.php/Home/Order/order_xq/order_id/26.html
INFO: [ app_init ] --START--
INFO: Run Behavior\BuildLiteBehavior [ RunTime:0.000037s ]
INFO: [ app_init ] --END-- [ RunTime:0.000674s ]
INFO: [ app_begin ] --START--
INFO: Run Behavior\ReadHtmlCacheBehavior [ RunTime:0.001111s ]
INFO: [ app_begin ] --END-- [ RunTime:0.001322s ]
SQL: SHOW COLUMNS FROM `order` [ RunTime:0.0083s ]
SQL: SELECT * FROM `order` WHERE `id` = 26 LIMIT 1   [ RunTime:0.0015s ]
SQL: SHOW COLUMNS FROM `order_fu` [ RunTime:0.0081s ]
SQL: SELECT * FROM `order_fu` WHERE `order_id` = 26  [ RunTime:0.0011s ]
INFO: [ view_parse ] --START--
INFO: [ template_filter ] --START--
INFO: Run Behavior\ContentReplaceBehavior [ RunTime:0.000129s ]
INFO: [ template_filter ] --END-- [ RunTime:0.000308s ]
INFO: Run Behavior\ParseTemplateBehavior [ RunTime:0.011798s ]
INFO: [ view_parse ] --END-- [ RunTime:0.012055s ]
INFO: [ view_filter ] --START--
INFO: Run Behavior\WriteHtmlCacheBehavior [ RunTime:0.000900s ]
INFO: [ view_filter ] --END-- [ RunTime:0.001227s ]
INFO: [ app_end ] --START--
INFO: Run Behavior\ShowPageTraceBehavior [ RunTime:0.001089s ]
INFO: [ app_end ] --END-- [ RunTime:0.001265s ]

[ 2018-01-30T11:34:02+08:00 ] ::1 /-/index.php/Home/Order/order_xq/order_id/26.html
INFO: [ app_init ] --START--
INFO: Run Behavior\BuildLiteBehavior [ RunTime:0.000056s ]
INFO: [ app_init ] --END-- [ RunTime:0.000961s ]
INFO: [ app_begin ] --START--
INFO: Run Behavior\ReadHtmlCacheBehavior [ RunTime:0.001254s ]
INFO: [ app_begin ] --END-- [ RunTime:0.001516s ]
SQL: SHOW COLUMNS FROM `order` [ RunTime:0.0047s ]
SQL: SELECT * FROM `order` WHERE `id` = 26 LIMIT 1   [ RunTime:0.0014s ]
SQL: SHOW COLUMNS FROM `order_fu` [ RunTime:0.0041s ]
SQL: SELECT * FROM `order_fu` WHERE `order_id` = 26  [ RunTime:0.0010s ]
INFO: [ view_parse ] --START--
INFO: [ template_filter ] --START--
INFO: Run Behavior\ContentReplaceBehavior [ RunTime:0.000192s ]
INFO: [ template_filter ] --END-- [ RunTime:0.000587s ]
INFO: Run Behavior\ParseTemplateBehavior [ RunTime:0.017251s ]
INFO: [ view_parse ] --END-- [ RunTime:0.017525s ]
INFO: [ view_filter ] --START--
INFO: Run Behavior\WriteHtmlCacheBehavior [ RunTime:0.001169s ]
INFO: [ view_filter ] --END-- [ RunTime:0.001398s ]
INFO: [ app_end ] --START--
INFO: Run Behavior\ShowPageTraceBehavior [ RunTime:0.001250s ]
INFO: [ app_end ] --END-- [ RunTime:0.001446s ]

[ 2018-01-30T11:34:05+08:00 ] ::1 /-/index.php/Home/Order/order_xq/order_id/26.html
INFO: [ app_init ] --START--
INFO: Run Behavior\BuildLiteBehavior [ RunTime:0.000047s ]
INFO: [ app_init ] --END-- [ RunTime:0.000893s ]
INFO: [ app_begin ] --START--
INFO: Run Behavior\ReadHtmlCacheBehavior [ RunTime:0.000941s ]
INFO: [ app_begin ] --END-- [ RunTime:0.001182s ]
SQL: SHOW COLUMNS FROM `order` [ RunTime:0.0094s ]
SQL: SELECT * FROM `order` WHERE `id` = 26 LIMIT 1   [ RunTime:0.0016s ]
SQL: SHOW COLUMNS FROM `order_fu` [ RunTime:0.0086s ]
SQL: SELECT * FROM `order_fu` WHERE `order_id` = 26  [ RunTime:0.0013s ]
INFO: [ view_parse ] --START--
INFO: [ template_filter ] --START--
INFO: Run Behavior\ContentReplaceBehavior [ RunTime:0.000186s ]
INFO: [ template_filter ] --END-- [ RunTime:0.000452s ]
INFO: Run Behavior\ParseTemplateBehavior [ RunTime:0.017600s ]
INFO: [ view_parse ] --END-- [ RunTime:0.018043s ]
INFO: [ view_filter ] --START--
INFO: Run Behavior\WriteHtmlCacheBehavior [ RunTime:0.000914s ]
INFO: [ view_filter ] --END-- [ RunTime:0.001166s ]
INFO: [ app_end ] --START--
INFO: Run Behavior\ShowPageTraceBehavior [ RunTime:0.001362s ]
INFO: [ app_end ] --END-- [ RunTime:0.001784s ]

[ 2018-01-30T11:34:32+08:00 ] ::1 /-/index.php/Home/Order/order_xq/order_id/26.html
INFO: [ app_init ] --START--
INFO: Run Behavior\BuildLiteBehavior [ RunTime:0.000038s ]
INFO: [ app_init ] --END-- [ RunTime:0.000673s ]
INFO: [ app_begin ] --START--
INFO: Run Behavior\ReadHtmlCacheBehavior [ RunTime:0.001074s ]
INFO: [ app_begin ] --END-- [ RunTime:0.001332s ]
SQL: SHOW COLUMNS FROM `order` [ RunTime:0.0086s ]
SQL: SELECT * FROM `order` WHERE `id` = 26 LIMIT 1   [ RunTime:0.0014s ]
SQL: SHOW COLUMNS FROM `order_fu` [ RunTime:0.0081s ]
SQL: SELECT * FROM `order_fu` WHERE `order_id` = 26  [ RunTime:0.0011s ]
INFO: [ view_parse ] --START--
INFO: [ template_filter ] --START--
INFO: Run Behavior\ContentReplaceBehavior [ RunTime:0.000135s ]
INFO: [ template_filter ] --END-- [ RunTime:0.000322s ]
INFO: Run Behavior\ParseTemplateBehavior [ RunTime:0.014319s ]
INFO: [ view_parse ] --END-- [ RunTime:0.014566s ]
INFO: [ view_filter ] --START--
INFO: Run Behavior\WriteHtmlCacheBehavior [ RunTime:0.000535s ]
INFO: [ view_filter ] --END-- [ RunTime:0.000695s ]
INFO: [ app_end ] --START--
INFO: Run Behavior\ShowPageTraceBehavior [ RunTime:0.000858s ]
INFO: [ app_end ] --END-- [ RunTime:0.001033s ]

[ 2018-01-30T11:34:34+08:00 ] ::1 /-/index.php/Home/Order/order_xq/order_id/26.html
INFO: [ app_init ] --START--
INFO: Run Behavior\BuildLiteBehavior [ RunTime:0.000038s ]
INFO: [ app_init ] --END-- [ RunTime:0.000646s ]
INFO: [ app_begin ] --START--
INFO: Run Behavior\ReadHtmlCacheBehavior [ RunTime:0.001065s ]
INFO: [ app_begin ] --END-- [ RunTime:0.001312s ]
SQL: SHOW COLUMNS FROM `order` [ RunTime:0.0089s ]
SQL: SELECT * FROM `order` WHERE `id` = 26 LIMIT 1   [ RunTime:0.0013s ]
SQL: SHOW COLUMNS FROM `order_fu` [ RunTime:0.0082s ]
SQL: SELECT * FROM `order_fu` WHERE `order_id` = 26  [ RunTime:0.0010s ]
INFO: [ view_parse ] --START--
INFO: [ template_filter ] --START--
INFO: Run Behavior\ContentReplaceBehavior [ RunTime:0.000126s ]
INFO: [ template_filter ] --END-- [ RunTime:0.000305s ]
INFO: Run Behavior\ParseTemplateBehavior [ RunTime:0.012737s ]
INFO: [ view_parse ] --END-- [ RunTime:0.013090s ]
INFO: [ view_filter ] --START--
INFO: Run Behavior\WriteHtmlCacheBehavior [ RunTime:0.000594s ]
INFO: [ view_filter ] --END-- [ RunTime:0.000772s ]
INFO: [ app_end ] --START--
INFO: Run Behavior\ShowPageTraceBehavior [ RunTime:0.000935s ]
INFO: [ app_end ] --END-- [ RunTime:0.001121s ]

[ 2018-01-30T11:35:17+08:00 ] ::1 /-/index.php/Home/Order/order_xq/order_id/26.html
INFO: [ app_init ] --START--
INFO: Run Behavior\BuildLiteBehavior [ RunTime:0.000038s ]
INFO: [ app_init ] --END-- [ RunTime:0.000667s ]
INFO: [ app_begin ] --START--
INFO: Run Behavior\ReadHtmlCacheBehavior [ RunTime:0.000716s ]
INFO: [ app_begin ] --END-- [ RunTime:0.000956s ]
SQL: SHOW COLUMNS FROM `order` [ RunTime:0.0090s ]
SQL: SELECT * FROM `order` WHERE `id` = 26 LIMIT 1   [ RunTime:0.0014s ]
SQL: SHOW COLUMNS FROM `order_fu` [ RunTime:0.0081s ]
SQL: SELECT * FROM `order_fu` WHERE `order_id` = 26  [ RunTime:0.0012s ]
INFO: [ view_parse ] --START--
INFO: [ template_filter ] --START--
INFO: Run Behavior\ContentReplaceBehavior [ RunTime:0.000155s ]
INFO: [ template_filter ] --END-- [ RunTime:0.000335s ]
INFO: Run Behavior\ParseTemplateBehavior [ RunTime:0.012520s ]
INFO: [ view_parse ] --END-- [ RunTime:0.012779s ]
INFO: [ view_filter ] --START--
INFO: Run Behavior\WriteHtmlCacheBehavior [ RunTime:0.000721s ]
INFO: [ view_filter ] --END-- [ RunTime:0.000930s ]
INFO: [ app_end ] --START--
INFO: Run Behavior\ShowPageTraceBehavior [ RunTime:0.001572s ]
INFO: [ app_end ] --END-- [ RunTime:0.001827s ]

[ 2018-01-30T11:35:18+08:00 ] ::1 /-/index.php/Home/Order/order_xq/order_id/26.html
INFO: [ app_init ] --START--
INFO: Run Behavior\BuildLiteBehavior [ RunTime:0.000053s ]
INFO: [ app_init ] --END-- [ RunTime:0.001092s ]
INFO: [ app_begin ] --START--
INFO: Run Behavior\ReadHtmlCacheBehavior [ RunTime:0.000892s ]
INFO: [ app_begin ] --END-- [ RunTime:0.001135s ]
SQL: SHOW COLUMNS FROM `order` [ RunTime:0.0092s ]
SQL: SELECT * FROM `order` WHERE `id` = 26 LIMIT 1   [ RunTime:0.0012s ]
SQL: SHOW COLUMNS FROM `order_fu` [ RunTime:0.0080s ]
SQL: SELECT * FROM `order_fu` WHERE `order_id` = 26  [ RunTime:0.0009s ]
INFO: [ view_parse ] --START--
INFO: [ template_filter ] --START--
INFO: Run Behavior\ContentReplaceBehavior [ RunTime:0.000128s ]
INFO: [ template_filter ] --END-- [ RunTime:0.000312s ]
INFO: Run Behavior\ParseTemplateBehavior [ RunTime:0.012339s ]
INFO: [ view_parse ] --END-- [ RunTime:0.012560s ]
INFO: [ view_filter ] --START--
INFO: Run Behavior\WriteHtmlCacheBehavior [ RunTime:0.000660s ]
INFO: [ view_filter ] --END-- [ RunTime:0.000850s ]
INFO: [ app_end ] --START--
INFO: Run Behavior\ShowPageTraceBehavior [ RunTime:0.001027s ]
INFO: [ app_end ] --END-- [ RunTime:0.001240s ]

[ 2018-01-30T11:35:19+08:00 ] ::1 /-/index.php/Home/Order/order_xq/order_id/26.html
INFO: [ app_init ] --START--
INFO: Run Behavior\BuildLiteBehavior [ RunTime:0.000047s ]
INFO: [ app_init ] --END-- [ RunTime:0.000805s ]
INFO: [ app_begin ] --START--
INFO: Run Behavior\ReadHtmlCacheBehavior [ RunTime:0.000937s ]
INFO: [ app_begin ] --END-- [ RunTime:0.001171s ]
SQL: SHOW COLUMNS FROM `order` [ RunTime:0.0050s ]
SQL: SELECT * FROM `order` WHERE `id` = 26 LIMIT 1   [ RunTime:0.0011s ]
SQL: SHOW COLUMNS FROM `order_fu` [ RunTime:0.0043s ]
SQL: SELECT * FROM `order_fu` WHERE `order_id` = 26  [ RunTime:0.0011s ]
INFO: [ view_parse ] --START--
INFO: [ template_filter ] --START--
INFO: Run Behavior\ContentReplaceBehavior [ RunTime:0.000145s ]
INFO: [ template_filter ] --END-- [ RunTime:0.000405s ]
INFO: Run Behavior\ParseTemplateBehavior [ RunTime:0.013476s ]
INFO: [ view_parse ] --END-- [ RunTime:0.013680s ]
INFO: [ view_filter ] --START--
INFO: Run Behavior\WriteHtmlCacheBehavior [ RunTime:0.000585s ]
INFO: [ view_filter ] --END-- [ RunTime:0.000761s ]
INFO: [ app_end ] --START--
INFO: Run Behavior\ShowPageTraceBehavior [ RunTime:0.000919s ]
INFO: [ app_end ] --END-- [ RunTime:0.001113s ]

[ 2018-01-30T11:36:06+08:00 ] ::1 /-/index.php/Home/Order/order_xq/order_id/26.html
INFO: [ app_init ] --START--
INFO: Run Behavior\BuildLiteBehavior [ RunTime:0.000048s ]
INFO: [ app_init ] --END-- [ RunTime:0.000807s ]
INFO: [ app_begin ] --START--
INFO: Run Behavior\ReadHtmlCacheBehavior [ RunTime:0.001121s ]
INFO: [ app_begin ] --END-- [ RunTime:0.001393s ]
SQL: SHOW COLUMNS FROM `order` [ RunTime:0.0083s ]
SQL: SELECT * FROM `order` WHERE `id` = 26 LIMIT 1   [ RunTime:0.0013s ]
SQL: SHOW COLUMNS FROM `order_fu` [ RunTime:0.0075s ]
SQL: SELECT * FROM `order_fu` WHERE `order_id` = 26  [ RunTime:0.0013s ]
INFO: [ view_parse ] --START--
INFO: [ template_filter ] --START--
INFO: Run Behavior\ContentReplaceBehavior [ RunTime:0.000161s ]
INFO: [ template_filter ] --END-- [ RunTime:0.000377s ]
INFO: Run Behavior\ParseTemplateBehavior [ RunTime:0.015634s ]
INFO: [ view_parse ] --END-- [ RunTime:0.015882s ]
INFO: [ view_filter ] --START--
INFO: Run Behavior\WriteHtmlCacheBehavior [ RunTime:0.001282s ]
INFO: [ view_filter ] --END-- [ RunTime:0.001604s ]
INFO: [ app_end ] --START--
INFO: Run Behavior\ShowPageTraceBehavior [ RunTime:0.002550s ]
INFO: [ app_end ] --END-- [ RunTime:0.002937s ]

[ 2018-01-30T11:40:58+08:00 ] ::1 /-/index.php/Home/Order/order_xq/order_id/26.html
INFO: [ app_init ] --START--
INFO: Run Behavior\BuildLiteBehavior [ RunTime:0.000045s ]
INFO: [ app_init ] --END-- [ RunTime:0.000847s ]
INFO: [ app_begin ] --START--
INFO: Run Behavior\ReadHtmlCacheBehavior [ RunTime:0.001040s ]
INFO: [ app_begin ] --END-- [ RunTime:0.001278s ]
SQL: SHOW COLUMNS FROM `order` [ RunTime:0.0091s ]
SQL: SELECT * FROM `order` WHERE `id` = 26 LIMIT 1   [ RunTime:0.0015s ]
SQL: SHOW COLUMNS FROM `order_fu` [ RunTime:0.0082s ]
SQL: SELECT * FROM `order_fu` WHERE `order_id` = 26  [ RunTime:0.0012s ]
INFO: [ view_parse ] --START--
INFO: [ template_filter ] --START--
INFO: Run Behavior\ContentReplaceBehavior [ RunTime:0.000148s ]
INFO: [ template_filter ] --END-- [ RunTime:0.000355s ]
INFO: Run Behavior\ParseTemplateBehavior [ RunTime:0.015455s ]
INFO: [ view_parse ] --END-- [ RunTime:0.015710s ]
INFO: [ view_filter ] --START--
INFO: Run Behavior\WriteHtmlCacheBehavior [ RunTime:0.000914s ]
INFO: [ view_filter ] --END-- [ RunTime:0.001261s ]
INFO: [ app_end ] --START--
INFO: Run Behavior\ShowPageTraceBehavior [ RunTime:0.001497s ]
INFO: [ app_end ] --END-- [ RunTime:0.001764s ]

[ 2018-01-30T11:40:59+08:00 ] ::1 /-/index.php/Home/Order/order_xq/order_id/26.html
INFO: [ app_init ] --START--
INFO: Run Behavior\BuildLiteBehavior [ RunTime:0.000041s ]
INFO: [ app_init ] --END-- [ RunTime:0.000782s ]
INFO: [ app_begin ] --START--
INFO: Run Behavior\ReadHtmlCacheBehavior [ RunTime:0.000910s ]
INFO: [ app_begin ] --END-- [ RunTime:0.001131s ]
SQL: SHOW COLUMNS FROM `order` [ RunTime:0.0053s ]
SQL: SELECT * FROM `order` WHERE `id` = 26 LIMIT 1   [ RunTime:0.0010s ]
SQL: SHOW COLUMNS FROM `order_fu` [ RunTime:0.0044s ]
SQL: SELECT * FROM `order_fu` WHERE `order_id` = 26  [ RunTime:0.0012s ]
INFO: [ view_parse ] --START--
INFO: [ template_filter ] --START--
INFO: Run Behavior\ContentReplaceBehavior [ RunTime:0.000151s ]
INFO: [ template_filter ] --END-- [ RunTime:0.000361s ]
INFO: Run Behavior\ParseTemplateBehavior [ RunTime:0.012510s ]
INFO: [ view_parse ] --END-- [ RunTime:0.012733s ]
INFO: [ view_filter ] --START--
INFO: Run Behavior\WriteHtmlCacheBehavior [ RunTime:0.000780s ]
INFO: [ view_filter ] --END-- [ RunTime:0.000985s ]
INFO: [ app_end ] --START--
INFO: Run Behavior\ShowPageTraceBehavior [ RunTime:0.001251s ]
INFO: [ app_end ] --END-- [ RunTime:0.001476s ]

[ 2018-01-30T11:55:15+08:00 ] ::1 /-/index.php/Home/Order/order_xq/order_id/26.html
INFO: [ app_init ] --START--
INFO: Run Behavior\BuildLiteBehavior [ RunTime:0.000039s ]
INFO: [ app_init ] --END-- [ RunTime:0.000806s ]
INFO: [ app_begin ] --START--
INFO: Run Behavior\ReadHtmlCacheBehavior [ RunTime:0.001032s ]
INFO: [ app_begin ] --END-- [ RunTime:0.001220s ]
SQL: SHOW COLUMNS FROM `order` [ RunTime:0.0186s ]
SQL: SELECT * FROM `order` WHERE `id` = 26 LIMIT 1   [ RunTime:0.0013s ]
SQL: SHOW COLUMNS FROM `order_fu` [ RunTime:0.0081s ]
SQL: SELECT * FROM `order_fu` WHERE `order_id` = 26  [ RunTime:0.0010s ]
SQL: SHOW COLUMNS FROM `food` [ RunTime:0.0043s ]
SQL: SELECT `mingch` FROM `food` WHERE `id` = 59 LIMIT 1   [ RunTime:0.0008s ]
NOTIC: [8] Undefined variable: k E:\wamp64\www\-\Application\Home\Controller\OrderController.class.php 第 121 行.
INFO: [ view_parse ] --START--
INFO: [ template_filter ] --START--
INFO: Run Behavior\ContentReplaceBehavior [ RunTime:0.000142s ]
INFO: [ template_filter ] --END-- [ RunTime:0.000335s ]
INFO: Run Behavior\ParseTemplateBehavior [ RunTime:0.014305s ]
INFO: [ view_parse ] --END-- [ RunTime:0.014516s ]
INFO: [ view_filter ] --START--
INFO: Run Behavior\WriteHtmlCacheBehavior [ RunTime:0.000878s ]
INFO: [ view_filter ] --END-- [ RunTime:0.001083s ]
INFO: [ app_end ] --START--
INFO: Run Behavior\ShowPageTraceBehavior [ RunTime:0.000998s ]
INFO: [ app_end ] --END-- [ RunTime:0.001174s ]

[ 2018-01-30T11:56:10+08:00 ] ::1 /-/index.php/Home/Order/order_xq/order_id/26.html
INFO: [ app_init ] --START--
INFO: Run Behavior\BuildLiteBehavior [ RunTime:0.000043s ]
INFO: [ app_init ] --END-- [ RunTime:0.000742s ]
INFO: [ app_begin ] --START--
INFO: Run Behavior\ReadHtmlCacheBehavior [ RunTime:0.000819s ]
INFO: [ app_begin ] --END-- [ RunTime:0.001044s ]
SQL: SHOW COLUMNS FROM `order` [ RunTime:0.0093s ]
SQL: SELECT * FROM `order` WHERE `id` = 26 LIMIT 1   [ RunTime:0.0015s ]
SQL: SHOW COLUMNS FROM `order_fu` [ RunTime:0.0081s ]
SQL: SELECT * FROM `order_fu` WHERE `order_id` = 26  [ RunTime:0.0009s ]

[ 2018-01-30T11:57:00+08:00 ] ::1 /-/index.php/Home/Order/order_xq/order_id/26.html
INFO: [ app_init ] --START--
INFO: Run Behavior\BuildLiteBehavior [ RunTime:0.000040s ]
INFO: [ app_init ] --END-- [ RunTime:0.000750s ]
INFO: [ app_begin ] --START--
INFO: Run Behavior\ReadHtmlCacheBehavior [ RunTime:0.000889s ]
INFO: [ app_begin ] --END-- [ RunTime:0.001105s ]
SQL: SHOW COLUMNS FROM `order` [ RunTime:0.0055s ]
SQL: SELECT * FROM `order` WHERE `id` = 26 LIMIT 1   [ RunTime:0.0017s ]
SQL: SHOW COLUMNS FROM `order_fu` [ RunTime:0.0043s ]
SQL: SELECT * FROM `order_fu` WHERE `order_id` = 26  [ RunTime:0.0012s ]
SQL: SHOW COLUMNS FROM `food` [ RunTime:0.0081s ]
SQL: SELECT `mingch` FROM `food` WHERE `id` = 59 LIMIT 1   [ RunTime:0.0012s ]
INFO: [ view_parse ] --START--
INFO: [ template_filter ] --START--
INFO: Run Behavior\ContentReplaceBehavior [ RunTime:0.000136s ]
INFO: [ template_filter ] --END-- [ RunTime:0.000338s ]
INFO: Run Behavior\ParseTemplateBehavior [ RunTime:0.014947s ]
INFO: [ view_parse ] --END-- [ RunTime:0.015151s ]
INFO: [ view_filter ] --START--
INFO: Run Behavior\WriteHtmlCacheBehavior [ RunTime:0.001147s ]
INFO: [ view_filter ] --END-- [ RunTime:0.001342s ]
INFO: [ app_end ] --START--
INFO: Run Behavior\ShowPageTraceBehavior [ RunTime:0.001098s ]
INFO: [ app_end ] --END-- [ RunTime:0.001350s ]

[ 2018-01-30T12:09:40+08:00 ] ::1 /-/index.php/Home/Order/order_xq/order_id/26.html
INFO: [ app_init ] --START--
INFO: Run Behavior\BuildLiteBehavior [ RunTime:0.000044s ]
INFO: [ app_init ] --END-- [ RunTime:0.000721s ]
INFO: [ app_begin ] --START--
INFO: Run Behavior\ReadHtmlCacheBehavior [ RunTime:0.000932s ]
INFO: [ app_begin ] --END-- [ RunTime:0.001134s ]
SQL: SHOW COLUMNS FROM `order` [ RunTime:0.0092s ]
SQL: SELECT * FROM `order` WHERE `id` = 26 LIMIT 1   [ RunTime:0.0014s ]
SQL: SHOW COLUMNS FROM `order_fu` [ RunTime:0.0078s ]
SQL: SELECT * FROM `order_fu` WHERE `order_id` = 26  [ RunTime:0.0012s ]
SQL: SHOW COLUMNS FROM `food` [ RunTime:0.0077s ]
SQL: SELECT `mingch` FROM `food` WHERE `id` = 59 LIMIT 1   [ RunTime:0.0010s ]
INFO: [ view_parse ] --START--
INFO: [ template_filter ] --START--
INFO: Run Behavior\ContentReplaceBehavior [ RunTime:0.000160s ]
INFO: [ template_filter ] --END-- [ RunTime:0.000382s ]
INFO: Run Behavior\ParseTemplateBehavior [ RunTime:0.016316s ]
INFO: [ view_parse ] --END-- [ RunTime:0.016560s ]
INFO: [ view_filter ] --START--
INFO: Run Behavior\WriteHtmlCacheBehavior [ RunTime:0.000701s ]
INFO: [ view_filter ] --END-- [ RunTime:0.000889s ]
INFO: [ app_end ] --START--
INFO: Run Behavior\ShowPageTraceBehavior [ RunTime:0.001121s ]
INFO: [ app_end ] --END-- [ RunTime:0.001328s ]

[ 2018-01-30T15:11:39+08:00 ] ::1 /-/index.php/Home/Order/order_xq/order_id/26.html
INFO: [ app_init ] --START--
INFO: Run Behavior\BuildLiteBehavior [ RunTime:0.000052s ]
INFO: [ app_init ] --END-- [ RunTime:0.001089s ]
INFO: [ app_begin ] --START--
INFO: Run Behavior\ReadHtmlCacheBehavior [ RunTime:0.000886s ]
INFO: [ app_begin ] --END-- [ RunTime:0.001068s ]

[ 2018-01-30T15:12:00+08:00 ] ::1 /-/index.php/Home/Order/order_xq/order_id/26.html
INFO: [ app_init ] --START--
INFO: Run Behavior\BuildLiteBehavior [ RunTime:0.000039s ]
INFO: [ app_init ] --END-- [ RunTime:0.000652s ]
INFO: [ app_begin ] --START--
INFO: Run Behavior\ReadHtmlCacheBehavior [ RunTime:0.000854s ]
INFO: [ app_begin ] --END-- [ RunTime:0.001039s ]

[ 2018-01-30T15:12:06+08:00 ] ::1 /-/index.php/Home/Order/order_xq/order_id/26.html
INFO: [ app_init ] --START--
INFO: Run Behavior\BuildLiteBehavior [ RunTime:0.000050s ]
INFO: [ app_init ] --END-- [ RunTime:0.000670s ]
INFO: [ app_begin ] --START--
INFO: Run Behavior\ReadHtmlCacheBehavior [ RunTime:0.001388s ]
INFO: [ app_begin ] --END-- [ RunTime:0.001603s ]
NOTIC: [8] Undefined index: food_num E:\wamp64\www\-\Application\Home\Controller\OrderController.class.php 第 123 行.
NOTIC: [8] Undefined index: food_num E:\wamp64\www\-\Application\Home\Controller\OrderController.class.php 第 145 行.

[ 2018-01-30T15:13:13+08:00 ] ::1 /-/index.php/Home/Order/order_xq/order_id/26.html
INFO: [ app_init ] --START--
INFO: Run Behavior\BuildLiteBehavior [ RunTime:0.000039s ]
INFO: [ app_init ] --END-- [ RunTime:0.000688s ]
INFO: [ app_begin ] --START--
INFO: Run Behavior\ReadHtmlCacheBehavior [ RunTime:0.000802s ]
INFO: [ app_begin ] --END-- [ RunTime:0.000979s ]

[ 2018-01-30T15:13:26+08:00 ] ::1 /-/index.php/Home/Order/order_xq/order_id/26.html
INFO: [ app_init ] --START--
INFO: Run Behavior\BuildLiteBehavior [ RunTime:0.000046s ]
INFO: [ app_init ] --END-- [ RunTime:0.000867s ]
INFO: [ app_begin ] --START--
INFO: Run Behavior\ReadHtmlCacheBehavior [ RunTime:0.001084s ]
INFO: [ app_begin ] --END-- [ RunTime:0.001281s ]

[ 2018-01-30T15:13:29+08:00 ] ::1 /-/index.php/Home/Order/order_xq/order_id/26.html
INFO: [ app_init ] --START--
INFO: Run Behavior\BuildLiteBehavior [ RunTime:0.000043s ]
INFO: [ app_init ] --END-- [ RunTime:0.000738s ]
INFO: [ app_begin ] --START--
INFO: Run Behavior\ReadHtmlCacheBehavior [ RunTime:0.001232s ]
INFO: [ app_begin ] --END-- [ RunTime:0.001476s ]

[ 2018-01-30T15:13:30+08:00 ] ::1 /-/index.php/Home/Order/order_xq/order_id/26.html
INFO: [ app_init ] --START--
INFO: Run Behavior\BuildLiteBehavior [ RunTime:0.000039s ]
INFO: [ app_init ] --END-- [ RunTime:0.000646s ]
INFO: [ app_begin ] --START--
INFO: Run Behavior\ReadHtmlCacheBehavior [ RunTime:0.000790s ]
INFO: [ app_begin ] --END-- [ RunTime:0.000973s ]

[ 2018-01-30T15:13:30+08:00 ] ::1 /-/index.php/Home/Order/order_xq/order_id/26.html
INFO: [ app_init ] --START--
INFO: Run Behavior\BuildLiteBehavior [ RunTime:0.000053s ]
INFO: [ app_init ] --END-- [ RunTime:0.001101s ]
INFO: [ app_begin ] --START--
INFO: Run Behavior\ReadHtmlCacheBehavior [ RunTime:0.000889s ]
INFO: [ app_begin ] --END-- [ RunTime:0.001091s ]

[ 2018-01-30T15:14:11+08:00 ] ::1 /-/index.php/Home/Order/order_xq/order_id/26.html
INFO: [ app_init ] --START--
INFO: Run Behavior\BuildLiteBehavior [ RunTime:0.000036s ]
INFO: [ app_init ] --END-- [ RunTime:0.000781s ]
INFO: [ app_begin ] --START--
INFO: Run Behavior\ReadHtmlCacheBehavior [ RunTime:0.000955s ]
INFO: [ app_begin ] --END-- [ RunTime:0.001164s ]

[ 2018-01-30T15:14:14+08:00 ] ::1 /-/index.php/Home/Order/order_xq/order_id/26.html
INFO: [ app_init ] --START--
INFO: Run Behavior\BuildLiteBehavior [ RunTime:0.000039s ]
INFO: [ app_init ] --END-- [ RunTime:0.000648s ]
INFO: [ app_begin ] --START--
INFO: Run Behavior\ReadHtmlCacheBehavior [ RunTime:0.001152s ]
INFO: [ app_begin ] --END-- [ RunTime:0.001384s ]

[ 2018-01-30T15:14:15+08:00 ] ::1 /-/index.php/Home/Order/order_xq/order_id/26.html
INFO: [ app_init ] --START--
INFO: Run Behavior\BuildLiteBehavior [ RunTime:0.000044s ]
INFO: [ app_init ] --END-- [ RunTime:0.000854s ]
INFO: [ app_begin ] --START--
INFO: Run Behavior\ReadHtmlCacheBehavior [ RunTime:0.001049s ]
INFO: [ app_begin ] --END-- [ RunTime:0.001278s ]

[ 2018-01-30T15:14:15+08:00 ] ::1 /-/index.php/Home/Order/order_xq/order_id/26.html
INFO: [ app_init ] --START--
INFO: Run Behavior\BuildLiteBehavior [ RunTime:0.000050s ]
INFO: [ app_init ] --END-- [ RunTime:0.000967s ]
INFO: [ app_begin ] --START--
INFO: Run Behavior\ReadHtmlCacheBehavior [ RunTime:0.001047s ]
INFO: [ app_begin ] --END-- [ RunTime:0.001307s ]

[ 2018-01-30T15:14:15+08:00 ] ::1 /-/index.php/Home/Order/order_xq/order_id/26.html
INFO: [ app_init ] --START--
INFO: Run Behavior\BuildLiteBehavior [ RunTime:0.000053s ]
INFO: [ app_init ] --END-- [ RunTime:0.001216s ]
INFO: [ app_begin ] --START--
INFO: Run Behavior\ReadHtmlCacheBehavior [ RunTime:0.001024s ]
INFO: [ app_begin ] --END-- [ RunTime:0.001275s ]

[ 2018-01-30T15:14:15+08:00 ] ::1 /-/index.php/Home/Order/order_xq/order_id/26.html
INFO: [ app_init ] --START--
INFO: Run Behavior\BuildLiteBehavior [ RunTime:0.000036s ]
INFO: [ app_init ] --END-- [ RunTime:0.000596s ]
INFO: [ app_begin ] --START--
INFO: Run Behavior\ReadHtmlCacheBehavior [ RunTime:0.001143s ]
INFO: [ app_begin ] --END-- [ RunTime:0.001384s ]

[ 2018-01-30T15:14:16+08:00 ] ::1 /-/index.php/Home/Order/order_xq/order_id/26.html
INFO: [ app_init ] --START--
INFO: Run Behavior\BuildLiteBehavior [ RunTime:0.000034s ]
INFO: [ app_init ] --END-- [ RunTime:0.000581s ]
INFO: [ app_begin ] --START--
INFO: Run Behavior\ReadHtmlCacheBehavior [ RunTime:0.000854s ]
INFO: [ app_begin ] --END-- [ RunTime:0.001030s ]

[ 2018-01-30T15:14:16+08:00 ] ::1 /-/index.php/Home/Order/order_xq/order_id/26.html
INFO: [ app_init ] --START--
INFO: Run Behavior\BuildLiteBehavior [ RunTime:0.000035s ]
INFO: [ app_init ] --END-- [ RunTime:0.000585s ]
INFO: [ app_begin ] --START--
INFO: Run Behavior\ReadHtmlCacheBehavior [ RunTime:0.000748s ]
INFO: [ app_begin ] --END-- [ RunTime:0.000929s ]

[ 2018-01-30T15:14:16+08:00 ] ::1 /-/index.php/Home/Order/order_xq/order_id/26.html
INFO: [ app_init ] --START--
INFO: Run Behavior\BuildLiteBehavior [ RunTime:0.000035s ]
INFO: [ app_init ] --END-- [ RunTime:0.000594s ]
INFO: [ app_begin ] --START--
INFO: Run Behavior\ReadHtmlCacheBehavior [ RunTime:0.000819s ]
INFO: [ app_begin ] --END-- [ RunTime:0.001015s ]

[ 2018-01-30T15:14:16+08:00 ] ::1 /-/index.php/Home/Order/order_xq/order_id/26.html
INFO: [ app_init ] --START--
INFO: Run Behavior\BuildLiteBehavior [ RunTime:0.000038s ]
INFO: [ app_init ] --END-- [ RunTime:0.000800s ]
INFO: [ app_begin ] --START--
INFO: Run Behavior\ReadHtmlCacheBehavior [ RunTime:0.000874s ]
INFO: [ app_begin ] --END-- [ RunTime:0.001061s ]

[ 2018-01-30T15:14:16+08:00 ] ::1 /-/index.php/Home/Order/order_xq/order_id/26.html
INFO: [ app_init ] --START--
INFO: Run Behavior\BuildLiteBehavior [ RunTime:0.000037s ]
INFO: [ app_init ] --END-- [ RunTime:0.000676s ]
INFO: [ app_begin ] --START--
INFO: Run Behavior\ReadHtmlCacheBehavior [ RunTime:0.000843s ]
INFO: [ app_begin ] --END-- [ RunTime:0.001041s ]

[ 2018-01-30T15:14:16+08:00 ] ::1 /-/index.php/Home/Order/order_xq/order_id/26.html
INFO: [ app_init ] --START--
INFO: Run Behavior\BuildLiteBehavior [ RunTime:0.000054s ]
INFO: [ app_init ] --END-- [ RunTime:0.000929s ]
INFO: [ app_begin ] --START--
INFO: Run Behavior\ReadHtmlCacheBehavior [ RunTime:0.001122s ]
INFO: [ app_begin ] --END-- [ RunTime:0.001389s ]

[ 2018-01-30T15:14:16+08:00 ] ::1 /-/index.php/Home/Order/order_xq/order_id/26.html
INFO: [ app_init ] --START--
INFO: Run Behavior\BuildLiteBehavior [ RunTime:0.000054s ]
INFO: [ app_init ] --END-- [ RunTime:0.000948s ]
INFO: [ app_begin ] --START--
INFO: Run Behavior\ReadHtmlCacheBehavior [ RunTime:0.001252s ]
INFO: [ app_begin ] --END-- [ RunTime:0.001554s ]

[ 2018-01-30T15:14:17+08:00 ] ::1 /-/index.php/Home/Order/order_xq/order_id/26.html
INFO: [ app_init ] --START--
INFO: Run Behavior\BuildLiteBehavior [ RunTime:0.000050s ]
INFO: [ app_init ] --END-- [ RunTime:0.000987s ]
INFO: [ app_begin ] --START--
INFO: Run Behavior\ReadHtmlCacheBehavior [ RunTime:0.001105s ]
INFO: [ app_begin ] --END-- [ RunTime:0.001324s ]

[ 2018-01-30T15:14:17+08:00 ] ::1 /-/index.php/Home/Order/order_xq/order_id/26.html
INFO: [ app_init ] --START--
INFO: Run Behavior\BuildLiteBehavior [ RunTime:0.000042s ]
INFO: [ app_init ] --END-- [ RunTime:0.000927s ]
INFO: [ app_begin ] --START--
INFO: Run Behavior\ReadHtmlCacheBehavior [ RunTime:0.000933s ]
INFO: [ app_begin ] --END-- [ RunTime:0.001160s ]

[ 2018-01-30T15:14:23+08:00 ] ::1 /-/index.php/Home/Order/order_xq/order_id/26.html
INFO: [ app_init ] --START--
INFO: Run Behavior\BuildLiteBehavior [ RunTime:0.000045s ]
INFO: [ app_init ] --END-- [ RunTime:0.000760s ]
INFO: [ app_begin ] --START--
INFO: Run Behavior\ReadHtmlCacheBehavior [ RunTime:0.001309s ]
INFO: [ app_begin ] --END-- [ RunTime:0.001595s ]

[ 2018-01-30T15:14:25+08:00 ] ::1 /-/index.php/Home/Order/order_xq/order_id/26.html
INFO: [ app_init ] --START--
INFO: Run Behavior\BuildLiteBehavior [ RunTime:0.000035s ]
INFO: [ app_init ] --END-- [ RunTime:0.000607s ]
INFO: [ app_begin ] --START--
INFO: Run Behavior\ReadHtmlCacheBehavior [ RunTime:0.000803s ]
INFO: [ app_begin ] --END-- [ RunTime:0.000990s ]

[ 2018-01-30T15:15:03+08:00 ] ::1 /-/index.php/Home/Order/order_xq/order_id/26.html
INFO: [ app_init ] --START--
INFO: Run Behavior\BuildLiteBehavior [ RunTime:0.000038s ]
INFO: [ app_init ] --END-- [ RunTime:0.000691s ]
INFO: [ app_begin ] --START--
INFO: Run Behavior\ReadHtmlCacheBehavior [ RunTime:0.001240s ]
INFO: [ app_begin ] --END-- [ RunTime:0.001470s ]

[ 2018-01-30T15:15:04+08:00 ] ::1 /-/index.php/Home/Order/order_xq/order_id/26.html
INFO: [ app_init ] --START--
INFO: Run Behavior\BuildLiteBehavior [ RunTime:0.000045s ]
INFO: [ app_init ] --END-- [ RunTime:0.000807s ]
INFO: [ app_begin ] --START--
INFO: Run Behavior\ReadHtmlCacheBehavior [ RunTime:0.000976s ]
INFO: [ app_begin ] --END-- [ RunTime:0.001159s ]

[ 2018-01-30T15:15:05+08:00 ] ::1 /-/index.php/Home/Order/order_xq/order_id/26.html
INFO: [ app_init ] --START--
INFO: Run Behavior\BuildLiteBehavior [ RunTime:0.000044s ]
INFO: [ app_init ] --END-- [ RunTime:0.000688s ]
INFO: [ app_begin ] --START--
INFO: Run Behavior\ReadHtmlCacheBehavior [ RunTime:0.000982s ]
INFO: [ app_begin ] --END-- [ RunTime:0.001204s ]

[ 2018-01-30T15:15:05+08:00 ] ::1 /-/index.php/Home/Order/order_xq/order_id/26.html
INFO: [ app_init ] --START--
INFO: Run Behavior\BuildLiteBehavior [ RunTime:0.000036s ]
INFO: [ app_init ] --END-- [ RunTime:0.000609s ]
INFO: [ app_begin ] --START--
INFO: Run Behavior\ReadHtmlCacheBehavior [ RunTime:0.000887s ]
INFO: [ app_begin ] --END-- [ RunTime:0.001061s ]

[ 2018-01-30T15:15:06+08:00 ] ::1 /-/index.php/Home/Order/order_xq/order_id/26.html
INFO: [ app_init ] --START--
INFO: Run Behavior\BuildLiteBehavior [ RunTime:0.000036s ]
INFO: [ app_init ] --END-- [ RunTime:0.000613s ]
INFO: [ app_begin ] --START--
INFO: Run Behavior\ReadHtmlCacheBehavior [ RunTime:0.000917s ]
INFO: [ app_begin ] --END-- [ RunTime:0.001113s ]

[ 2018-01-30T15:15:06+08:00 ] ::1 /-/index.php/Home/Order/order_xq/order_id/26.html
INFO: [ app_init ] --START--
INFO: Run Behavior\BuildLiteBehavior [ RunTime:0.000039s ]
INFO: [ app_init ] --END-- [ RunTime:0.000647s ]
INFO: [ app_begin ] --START--
INFO: Run Behavior\ReadHtmlCacheBehavior [ RunTime:0.000941s ]
INFO: [ app_begin ] --END-- [ RunTime:0.001122s ]

[ 2018-01-30T15:17:35+08:00 ] ::1 /-/index.php/Home/Order/order_xq/order_id/26.html
INFO: [ app_init ] --START--
INFO: Run Behavior\BuildLiteBehavior [ RunTime:0.000045s ]
INFO: [ app_init ] --END-- [ RunTime:0.000864s ]
INFO: [ app_begin ] --START--
INFO: Run Behavior\ReadHtmlCacheBehavior [ RunTime:0.001232s ]
INFO: [ app_begin ] --END-- [ RunTime:0.001464s ]

[ 2018-01-30T15:17:36+08:00 ] ::1 /-/index.php/Home/Order/order_xq/order_id/26.html
INFO: [ app_init ] --START--
INFO: Run Behavior\BuildLiteBehavior [ RunTime:0.000036s ]
INFO: [ app_init ] --END-- [ RunTime:0.000659s ]
INFO: [ app_begin ] --START--
INFO: Run Behavior\ReadHtmlCacheBehavior [ RunTime:0.000915s ]
INFO: [ app_begin ] --END-- [ RunTime:0.001097s ]

[ 2018-01-30T15:17:37+08:00 ] ::1 /-/index.php/Home/Order/order_xq/order_id/26.html
INFO: [ app_init ] --START--
INFO: Run Behavior\BuildLiteBehavior [ RunTime:0.000039s ]
INFO: [ app_init ] --END-- [ RunTime:0.000781s ]
INFO: [ app_begin ] --START--
INFO: Run Behavior\ReadHtmlCacheBehavior [ RunTime:0.001208s ]
INFO: [ app_begin ] --END-- [ RunTime:0.001433s ]

[ 2018-01-30T15:17:37+08:00 ] ::1 /-/index.php/Home/Order/order_xq/order_id/26.html
INFO: [ app_init ] --START--
INFO: Run Behavior\BuildLiteBehavior [ RunTime:0.000036s ]
INFO: [ app_init ] --END-- [ RunTime:0.000606s ]
INFO: [ app_begin ] --START--
INFO: Run Behavior\ReadHtmlCacheBehavior [ RunTime:0.000917s ]
INFO: [ app_begin ] --END-- [ RunTime:0.001097s ]

[ 2018-01-30T15:17:38+08:00 ] ::1 /-/index.php/Home/Order/order_xq/order_id/26.html
INFO: [ app_init ] --START--
INFO: Run Behavior\BuildLiteBehavior [ RunTime:0.000060s ]
INFO: [ app_init ] --END-- [ RunTime:0.001170s ]
INFO: [ app_begin ] --START--
INFO: Run Behavior\ReadHtmlCacheBehavior [ RunTime:0.001084s ]
INFO: [ app_begin ] --END-- [ RunTime:0.001324s ]

[ 2018-01-30T15:17:38+08:00 ] ::1 /-/index.php/Home/Order/order_xq/order_id/26.html
INFO: [ app_init ] --START--
INFO: Run Behavior\BuildLiteBehavior [ RunTime:0.000035s ]
INFO: [ app_init ] --END-- [ RunTime:0.000583s ]
INFO: [ app_begin ] --START--
INFO: Run Behavior\ReadHtmlCacheBehavior [ RunTime:0.000909s ]
INFO: [ app_begin ] --END-- [ RunTime:0.001082s ]

[ 2018-01-30T15:17:38+08:00 ] ::1 /-/index.php/Home/Order/order_xq/order_id/26.html
INFO: [ app_init ] --START--
INFO: Run Behavior\BuildLiteBehavior [ RunTime:0.000040s ]
INFO: [ app_init ] --END-- [ RunTime:0.000752s ]
INFO: [ app_begin ] --START--
INFO: Run Behavior\ReadHtmlCacheBehavior [ RunTime:0.000962s ]
INFO: [ app_begin ] --END-- [ RunTime:0.001153s ]

[ 2018-01-30T15:18:04+08:00 ] ::1 /-/index.php/Home/Order/order_xq/order_id/26.html
INFO: [ app_init ] --START--
INFO: Run Behavior\BuildLiteBehavior [ RunTime:0.000036s ]
INFO: [ app_init ] --END-- [ RunTime:0.000660s ]
INFO: [ app_begin ] --START--
INFO: Run Behavior\ReadHtmlCacheBehavior [ RunTime:0.000938s ]
INFO: [ app_begin ] --END-- [ RunTime:0.001142s ]

[ 2018-01-30T15:18:04+08:00 ] ::1 /-/index.php/Home/Order/order_xq/order_id/26.html
INFO: [ app_init ] --START--
INFO: Run Behavior\BuildLiteBehavior [ RunTime:0.000062s ]
INFO: [ app_init ] --END-- [ RunTime:0.001610s ]
INFO: [ app_begin ] --START--
INFO: Run Behavior\ReadHtmlCacheBehavior [ RunTime:0.001000s ]
INFO: [ app_begin ] --END-- [ RunTime:0.001243s ]

[ 2018-01-30T15:18:05+08:00 ] ::1 /-/index.php/Home/Order/order_xq/order_id/26.html
INFO: [ app_init ] --START--
INFO: Run Behavior\BuildLiteBehavior [ RunTime:0.000035s ]
INFO: [ app_init ] --END-- [ RunTime:0.000621s ]
INFO: [ app_begin ] --START--
INFO: Run Behavior\ReadHtmlCacheBehavior [ RunTime:0.000884s ]
INFO: [ app_begin ] --END-- [ RunTime:0.001097s ]

[ 2018-01-30T15:18:05+08:00 ] ::1 /-/index.php/Home/Order/order_xq/order_id/26.html
INFO: [ app_init ] --START--
INFO: Run Behavior\BuildLiteBehavior [ RunTime:0.000047s ]
INFO: [ app_init ] --END-- [ RunTime:0.000848s ]
INFO: [ app_begin ] --START--
INFO: Run Behavior\ReadHtmlCacheBehavior [ RunTime:0.001113s ]
INFO: [ app_begin ] --END-- [ RunTime:0.001366s ]

[ 2018-01-30T15:18:06+08:00 ] ::1 /-/index.php/Home/Order/order_xq/order_id/26.html
INFO: [ app_init ] --START--
INFO: Run Behavior\BuildLiteBehavior [ RunTime:0.000035s ]
INFO: [ app_init ] --END-- [ RunTime:0.000617s ]
INFO: [ app_begin ] --START--
INFO: Run Behavior\ReadHtmlCacheBehavior [ RunTime:0.000854s ]
INFO: [ app_begin ] --END-- [ RunTime:0.001047s ]

[ 2018-01-30T15:18:06+08:00 ] ::1 /-/index.php/Home/Order/order_xq/order_id/26.html
INFO: [ app_init ] --START--
INFO: Run Behavior\BuildLiteBehavior [ RunTime:0.000046s ]
INFO: [ app_init ] --END-- [ RunTime:0.000839s ]
INFO: [ app_begin ] --START--
INFO: Run Behavior\ReadHtmlCacheBehavior [ RunTime:0.000946s ]
INFO: [ app_begin ] --END-- [ RunTime:0.001173s ]

[ 2018-01-30T15:18:06+08:00 ] ::1 /-/index.php/Home/Order/order_xq/order_id/26.html
INFO: [ app_init ] --START--
INFO: Run Behavior\BuildLiteBehavior [ RunTime:0.000035s ]
INFO: [ app_init ] --END-- [ RunTime:0.000618s ]
INFO: [ app_begin ] --START--
INFO: Run Behavior\ReadHtmlCacheBehavior [ RunTime:0.000920s ]
INFO: [ app_begin ] --END-- [ RunTime:0.001138s ]

[ 2018-01-30T15:18:07+08:00 ] ::1 /-/index.php/Home/Order/order_xq/order_id/26.html
INFO: [ app_init ] --START--
INFO: Run Behavior\BuildLiteBehavior [ RunTime:0.000138s ]
INFO: [ app_init ] --END-- [ RunTime:0.000829s ]
INFO: [ app_begin ] --START--
INFO: Run Behavior\ReadHtmlCacheBehavior [ RunTime:0.000804s ]
INFO: [ app_begin ] --END-- [ RunTime:0.000995s ]

[ 2018-01-30T15:18:07+08:00 ] ::1 /-/index.php/Home/Order/order_xq/order_id/26.html
INFO: [ app_init ] --START--
INFO: Run Behavior\BuildLiteBehavior [ RunTime:0.000046s ]
INFO: [ app_init ] --END-- [ RunTime:0.000764s ]
INFO: [ app_begin ] --START--
INFO: Run Behavior\ReadHtmlCacheBehavior [ RunTime:0.001479s ]
INFO: [ app_begin ] --END-- [ RunTime:0.001752s ]

[ 2018-01-30T15:18:07+08:00 ] ::1 /-/index.php/Home/Order/order_xq/order_id/26.html
INFO: [ app_init ] --START--
INFO: Run Behavior\BuildLiteBehavior [ RunTime:0.000050s ]
INFO: [ app_init ] --END-- [ RunTime:0.001022s ]
INFO: [ app_begin ] --START--
INFO: Run Behavior\ReadHtmlCacheBehavior [ RunTime:0.001224s ]
INFO: [ app_begin ] --END-- [ RunTime:0.001490s ]

[ 2018-01-30T15:18:07+08:00 ] ::1 /-/index.php/Home/Order/order_xq/order_id/26.html
INFO: [ app_init ] --START--
INFO: Run Behavior\BuildLiteBehavior [ RunTime:0.000046s ]
INFO: [ app_init ] --END-- [ RunTime:0.000889s ]
INFO: [ app_begin ] --START--
INFO: Run Behavior\ReadHtmlCacheBehavior [ RunTime:0.000934s ]
INFO: [ app_begin ] --END-- [ RunTime:0.001131s ]

[ 2018-01-30T15:18:08+08:00 ] ::1 /-/index.php/Home/Order/order_xq/order_id/26.html
INFO: [ app_init ] --START--
INFO: Run Behavior\BuildLiteBehavior [ RunTime:0.000036s ]
INFO: [ app_init ] --END-- [ RunTime:0.000657s ]
INFO: [ app_begin ] --START--
INFO: Run Behavior\ReadHtmlCacheBehavior [ RunTime:0.001001s ]
INFO: [ app_begin ] --END-- [ RunTime:0.001250s ]

[ 2018-01-30T15:18:08+08:00 ] ::1 /-/index.php/Home/Order/order_xq/order_id/26.html
INFO: [ app_init ] --START--
INFO: Run Behavior\BuildLiteBehavior [ RunTime:0.000036s ]
INFO: [ app_init ] --END-- [ RunTime:0.000634s ]
INFO: [ app_begin ] --START--
INFO: Run Behavior\ReadHtmlCacheBehavior [ RunTime:0.001046s ]
INFO: [ app_begin ] --END-- [ RunTime:0.001299s ]

[ 2018-01-30T15:18:08+08:00 ] ::1 /-/index.php/Home/Order/order_xq/order_id/26.html
INFO: [ app_init ] --START--
INFO: Run Behavior\BuildLiteBehavior [ RunTime:0.000038s ]
INFO: [ app_init ] --END-- [ RunTime:0.000675s ]
INFO: [ app_begin ] --START--
INFO: Run Behavior\ReadHtmlCacheBehavior [ RunTime:0.000918s ]
INFO: [ app_begin ] --END-- [ RunTime:0.001122s ]

[ 2018-01-30T15:18:09+08:00 ] ::1 /-/index.php/Home/Order/order_xq/order_id/26.html
INFO: [ app_init ] --START--
INFO: Run Behavior\BuildLiteBehavior [ RunTime:0.000041s ]
INFO: [ app_init ] --END-- [ RunTime:0.000657s ]
INFO: [ app_begin ] --START--
INFO: Run Behavior\ReadHtmlCacheBehavior [ RunTime:0.000890s ]
INFO: [ app_begin ] --END-- [ RunTime:0.001103s ]

[ 2018-01-30T15:18:09+08:00 ] ::1 /-/index.php/Home/Order/order_xq/order_id/26.html
INFO: [ app_init ] --START--
INFO: Run Behavior\BuildLiteBehavior [ RunTime:0.000036s ]
INFO: [ app_init ] --END-- [ RunTime:0.000619s ]
INFO: [ app_begin ] --START--
INFO: Run Behavior\ReadHtmlCacheBehavior [ RunTime:0.000842s ]
INFO: [ app_begin ] --END-- [ RunTime:0.001047s ]

[ 2018-01-30T15:18:09+08:00 ] ::1 /-/index.php/Home/Order/order_xq/order_id/26.html
INFO: [ app_init ] --START--
INFO: Run Behavior\BuildLiteBehavior [ RunTime:0.000046s ]
INFO: [ app_init ] --END-- [ RunTime:0.000903s ]
INFO: [ app_begin ] --START--
INFO: Run Behavior\ReadHtmlCacheBehavior [ RunTime:0.000791s ]
INFO: [ app_begin ] --END-- [ RunTime:0.000994s ]

[ 2018-01-30T15:22:44+08:00 ] ::1 /-/index.php/Home/Order/order_xq/order_id/26.html
INFO: [ app_init ] --START--
INFO: Run Behavior\BuildLiteBehavior [ RunTime:0.000050s ]
INFO: [ app_init ] --END-- [ RunTime:0.000895s ]
INFO: [ app_begin ] --START--
INFO: Run Behavior\ReadHtmlCacheBehavior [ RunTime:0.001177s ]
INFO: [ app_begin ] --END-- [ RunTime:0.001417s ]
SQL: SHOW COLUMNS FROM `order` [ RunTime:0.0096s ]
SQL: SELECT * FROM `order` WHERE `id` = 26 LIMIT 1   [ RunTime:0.0013s ]
SQL: SHOW COLUMNS FROM `order_fu` [ RunTime:0.0085s ]
SQL: SELECT * FROM `order_fu` WHERE `order_id` = 26  [ RunTime:0.0009s ]
SQL: SHOW COLUMNS FROM `food` [ RunTime:0.0081s ]
SQL: SELECT `mingch` FROM `food` WHERE `id` = 59 LIMIT 1   [ RunTime:0.0011s ]
INFO: [ view_parse ] --START--
INFO: [ template_filter ] --START--
INFO: Run Behavior\ContentReplaceBehavior [ RunTime:0.000162s ]
INFO: [ template_filter ] --END-- [ RunTime:0.000378s ]
INFO: Run Behavior\ParseTemplateBehavior [ RunTime:0.016233s ]
INFO: [ view_parse ] --END-- [ RunTime:0.016491s ]
INFO: [ view_filter ] --START--
INFO: Run Behavior\WriteHtmlCacheBehavior [ RunTime:0.000872s ]
INFO: [ view_filter ] --END-- [ RunTime:0.001109s ]
INFO: [ app_end ] --START--
INFO: Run Behavior\ShowPageTraceBehavior [ RunTime:0.001150s ]
INFO: [ app_end ] --END-- [ RunTime:0.001349s ]

