[ 2018-02-27T18:42:13+08:00 ] ::1 /kuaidian/
INFO: [ app_init ] --START--
INFO: Run Behavior\BuildLiteBehavior [ RunTime:0.000015s ]
INFO: [ app_init ] --END-- [ RunTime:0.000117s ]
INFO: [ app_begin ] --START--
INFO: Run Behavior\ReadHtmlCacheBehavior [ RunTime:0.001060s ]
INFO: [ app_begin ] --END-- [ RunTime:0.001118s ]
NOTIC: [8] Undefined index: userid D:\xampp\htdocs\kuaidian\Application\Common\Helper\user_helper.php 第 47 行.
SQL: SHOW COLUMNS FROM `user` [ RunTime:0.0501s ]
SQL: SELECT `photo` FROM `user` WHERE `id` = 1 AND `del_status` = 0 LIMIT 1   [ RunTime:0.0084s ]
SQL: SHOW COLUMNS FROM `shop` [ RunTime:0.0406s ]
SQL: SELECT shop.id,shop.mingch,shop.maney,shop.logo,shop.xingsl,shop.juan,shop_type.mingch as lbname,shop.zuigaolij,shop.depcsjlshi FROM `shop` INNER JOIN shop_type on shop.type_shop = shop_type.id  WHERE shop.zhuangt = 1 AND shop.depcsjlshi = 130100  [ RunTime:0.0193s ]
NOTIC: [8] Undefined offset: 1 D:\xampp\htdocs\kuaidian\Application\Home\Controller\IndexController.class.php 第 43 行.
NOTIC: [2] A non-numeric value encountered D:\xampp\htdocs\kuaidian\Application\Home\Controller\IndexController.class.php 第 45 行.
NOTIC: [8] Undefined offset: 1 D:\xampp\htdocs\kuaidian\Application\Home\Controller\IndexController.class.php 第 43 行.
NOTIC: [8] Undefined offset: 1 D:\xampp\htdocs\kuaidian\Application\Home\Controller\IndexController.class.php 第 43 行.
SQL: SHOW COLUMNS FROM `shop_type` [ RunTime:0.0052s ]
SQL: SELECT `mingch` FROM `shop_type` WHERE `zhuangt` = 1  [ RunTime:0.0011s ]
INFO: [ view_parse ] --START--
INFO: [ template_filter ] --START--
INFO: Run Behavior\ContentReplaceBehavior [ RunTime:0.000396s ]
INFO: [ template_filter ] --END-- [ RunTime:0.000434s ]
NOTIC: [8] Use of undefined constant id - assumed 'id' D:\xampp\htdocs\kuaidian\Application\Runtime\Cache\Home\2a94b8bda04ff446dcedd42276fc99ee.php 第 175 行.
SQL: SHOW COLUMNS FROM `seat` [ RunTime:0.0225s ]
SQL: SELECT COUNT(*) AS tp_count FROM `seat` WHERE `dep_shop` = 44 AND `zhuangt` = 1 LIMIT 1   [ RunTime:0.0014s ]
NOTIC: [8] Use of undefined constant id - assumed 'id' D:\xampp\htdocs\kuaidian\Application\Runtime\Cache\Home\2a94b8bda04ff446dcedd42276fc99ee.php 第 175 行.
SQL: SELECT COUNT(*) AS tp_count FROM `seat` WHERE `dep_shop` = 45 AND `zhuangt` = 1 LIMIT 1   [ RunTime:0.0006s ]
NOTIC: [8] Use of undefined constant id - assumed 'id' D:\xampp\htdocs\kuaidian\Application\Runtime\Cache\Home\2a94b8bda04ff446dcedd42276fc99ee.php 第 175 行.
SQL: SELECT COUNT(*) AS tp_count FROM `seat` WHERE `dep_shop` = 51 AND `zhuangt` = 1 LIMIT 1   [ RunTime:0.0014s ]
INFO: Run Behavior\ParseTemplateBehavior [ RunTime:0.067862s ]
INFO: [ view_parse ] --END-- [ RunTime:0.067887s ]
INFO: [ view_filter ] --START--
INFO: Run Behavior\WriteHtmlCacheBehavior [ RunTime:0.000859s ]
INFO: [ view_filter ] --END-- [ RunTime:0.000884s ]
INFO: [ app_end ] --START--
INFO: Run Behavior\ShowPageTraceBehavior [ RunTime:0.000929s ]
INFO: [ app_end ] --END-- [ RunTime:0.000967s ]

[ 2018-02-27T18:42:13+08:00 ] ::1 /kuaidian/index.php/Home/Index/banner.html
INFO: [ app_init ] --START--
INFO: Run Behavior\BuildLiteBehavior [ RunTime:0.000012s ]
INFO: [ app_init ] --END-- [ RunTime:0.000056s ]
INFO: [ app_begin ] --START--
INFO: Run Behavior\ReadHtmlCacheBehavior [ RunTime:0.001098s ]
INFO: [ app_begin ] --END-- [ RunTime:0.001148s ]
SQL: SHOW COLUMNS FROM `event` [ RunTime:0.0241s ]
SQL: SELECT `pic` FROM `event` WHERE `status` = 1  [ RunTime:0.0018s ]
INFO: [ view_parse ] --START--
INFO: [ template_filter ] --START--
INFO: Run Behavior\ContentReplaceBehavior [ RunTime:0.000043s ]
INFO: [ template_filter ] --END-- [ RunTime:0.000090s ]
INFO: Run Behavior\ParseTemplateBehavior [ RunTime:0.009812s ]
INFO: [ view_parse ] --END-- [ RunTime:0.009880s ]
INFO: [ view_filter ] --START--
INFO: Run Behavior\WriteHtmlCacheBehavior [ RunTime:0.000799s ]
INFO: [ view_filter ] --END-- [ RunTime:0.000836s ]
INFO: [ app_end ] --START--
INFO: Run Behavior\ShowPageTraceBehavior [ RunTime:0.001186s ]
INFO: [ app_end ] --END-- [ RunTime:0.001233s ]

