[ 2018-01-10T10:16:15+08:00 ] 127.0.0.1 /-/index.php/home/user/send_code?tel=13331385580&type=repass
INFO: [ app_init ] --START--
INFO: Run Behavior\BuildLiteBehavior [ RunTime:0.000000s ]
INFO: [ app_init ] --END-- [ RunTime:0.046875s ]
INFO: [ app_begin ] --START--
INFO: Run Behavior\ReadHtmlCacheBehavior [ RunTime:0.031250s ]
INFO: [ app_begin ] --END-- [ RunTime:0.031250s ]
SQL: SHOW COLUMNS FROM `user` [ RunTime:0.0156s ]
SQL: SELECT * FROM `user` WHERE `tel` = '13331385580' LIMIT 1   [ RunTime:0.0000s ]
SQL: SHOW COLUMNS FROM `sms_status` [ RunTime:0.0000s ]
SQL: SELECT COUNT(*) AS tp_count FROM `sms_status` WHERE `tel` = '13331385580' AND ( `add_time` >= '2018-01-10 00:00:00' AND `add_time` <= '2018-01-10 23:59:59'  ) LIMIT 1   [ RunTime:0.0000s ]
SQL: SHOW COLUMNS FROM `mobile_code` [ RunTime:0.0000s ]
SQL: SELECT * FROM `mobile_code` WHERE `tel` = '13331385580' AND `status` = 0 AND `times` > 1515550844 LIMIT 1   [ RunTime:0.0000s ]
SQL: INSERT INTO `mobile_code` (`res_name`,`tel`,`code`,`times`,`add_time`) VALUES ('repass','13331385580','873247','1515550874','2018-01-10 10:16:14') [ RunTime:0.0781s ]
SQL: SELECT * FROM `mobile_code` WHERE `id` = 11 LIMIT 1   [ RunTime:0.0000s ]
SQL: SHOW COLUMNS FROM `config` [ RunTime:0.0000s ]
SQL: SELECT * FROM `config` WHERE `field` = 'mobile_sms_sn' LIMIT 1   [ RunTime:0.0156s ]
SQL: SELECT * FROM `config` WHERE `field` = 'mobile_sms_pwd' LIMIT 1   [ RunTime:0.0000s ]
SQL: SELECT * FROM `config` WHERE `field` = 'mobile_sms_url' LIMIT 1   [ RunTime:0.0000s ]
SQL: INSERT INTO `sms_status` (`tel`,`sms_id`,`type`,`content`,`report_info`,`add_time`) VALUES ('13331385580','11','repass','尊敬的客户：您的验证码是873247，请正确输入验证码完成密码重置，请勿泄露验证码。','{\\\"returnstatus\\\":\\\"Success\\\",\\\"message\\\":\\\"操作成功\\\",\\\"remainpoint\\\":\\\"9851\\\",\\\"taskID\\\":\\\"1801103416146729\\\",\\\"successCounts\\\":\\\"1\\\"}','2018-01-10 10:16:14') [ RunTime:0.0781s ]

[ 2018-01-10T10:19:24+08:00 ] 127.0.0.1 /-/index.php/home/user/forget_password?tel=13331385580&code=873247
INFO: [ app_init ] --START--
INFO: Run Behavior\BuildLiteBehavior [ RunTime:0.000000s ]
INFO: [ app_init ] --END-- [ RunTime:0.000000s ]
INFO: [ app_begin ] --START--
INFO: Run Behavior\ReadHtmlCacheBehavior [ RunTime:0.000000s ]
INFO: [ app_begin ] --END-- [ RunTime:0.000000s ]
SQL: SHOW COLUMNS FROM `mobile_code` [ RunTime:0.0156s ]
SQL: SELECT * FROM `mobile_code` WHERE `tel` = '13331385580' AND `res_name` = 'repass' AND `status` = 0 AND `times` >= 1515550764 ORDER BY `id` DESC LIMIT 1   [ RunTime:0.0000s ]
SQL: UPDATE `mobile_code` SET `status`='1' WHERE `id` = 11 [ RunTime:0.1875s ]
SQL: SHOW COLUMNS FROM `user` [ RunTime:0.0000s ]
SQL: UPDATE `user` SET `password`='d41d8cd98f00b204e9800998ecf8427e' WHERE `tel` = '13331385580' AND `is_reg` = 1 [ RunTime:0.0000s ]

[ 2018-01-10T11:12:37+08:00 ] 127.0.0.1 /-/index.php/home/user/forget_password?tel=13331385580&code=873247
INFO: [ app_init ] --START--
INFO: Run Behavior\BuildLiteBehavior [ RunTime:0.000000s ]
INFO: [ app_init ] --END-- [ RunTime:0.000000s ]
INFO: [ app_begin ] --START--
INFO: Run Behavior\ReadHtmlCacheBehavior [ RunTime:0.015625s ]
INFO: [ app_begin ] --END-- [ RunTime:0.015625s ]

[ 2018-01-10T11:16:42+08:00 ] 127.0.0.1 /-/index.php/home/user/send_code?tel=13331385580&code=873247&password=111111
INFO: [ app_init ] --START--
INFO: Run Behavior\BuildLiteBehavior [ RunTime:0.000000s ]
INFO: [ app_init ] --END-- [ RunTime:0.000000s ]
INFO: [ app_begin ] --START--
INFO: Run Behavior\ReadHtmlCacheBehavior [ RunTime:0.000000s ]
INFO: [ app_begin ] --END-- [ RunTime:0.000000s ]
SQL: SHOW COLUMNS FROM `sms_status` [ RunTime:0.0000s ]
SQL: SELECT COUNT(*) AS tp_count FROM `sms_status` WHERE `tel` = '13331385580' AND ( `add_time` >= '2018-01-10 00:00:00' AND `add_time` <= '2018-01-10 23:59:59'  ) LIMIT 1   [ RunTime:0.0000s ]
SQL: SHOW COLUMNS FROM `mobile_code` [ RunTime:0.0156s ]
SQL: SELECT * FROM `mobile_code` WHERE `tel` = '13331385580' AND `status` = 0 AND `times` > 1515554472 LIMIT 1   [ RunTime:0.0000s ]
SQL: INSERT INTO `mobile_code` (`res_name`,`tel`,`code`,`times`,`add_time`) VALUES ('register','13331385580','336188','1515554502','2018-01-10 11:16:42') [ RunTime:0.1563s ]
SQL: SELECT * FROM `mobile_code` WHERE `id` = 12 LIMIT 1   [ RunTime:0.0000s ]
SQL: SHOW COLUMNS FROM `config` [ RunTime:0.0156s ]
SQL: SELECT * FROM `config` WHERE `field` = 'mobile_sms_sn' LIMIT 1   [ RunTime:0.0000s ]
SQL: SELECT * FROM `config` WHERE `field` = 'mobile_sms_pwd' LIMIT 1   [ RunTime:0.0000s ]
SQL: SELECT * FROM `config` WHERE `field` = 'mobile_sms_url' LIMIT 1   [ RunTime:0.0000s ]
SQL: INSERT INTO `sms_status` (`tel`,`sms_id`,`type`,`content`,`report_info`,`add_time`) VALUES ('13331385580','12','register','尊敬的客户：您的验证码是336188，请正确输入验证码完成注册，请勿泄露验证码。','{\\\"returnstatus\\\":\\\"Success\\\",\\\"message\\\":\\\"操作成功\\\",\\\"remainpoint\\\":\\\"9850\\\",\\\"taskID\\\":\\\"1801103516422990\\\",\\\"successCounts\\\":\\\"1\\\"}','2018-01-10 11:16:42') [ RunTime:0.0938s ]

[ 2018-01-10T11:17:13+08:00 ] 127.0.0.1 /-/index.php/home/user/forget_password?tel=13331385580&code=336188&password=111111
INFO: [ app_init ] --START--
INFO: Run Behavior\BuildLiteBehavior [ RunTime:0.000000s ]
INFO: [ app_init ] --END-- [ RunTime:0.000000s ]
INFO: [ app_begin ] --START--
INFO: Run Behavior\ReadHtmlCacheBehavior [ RunTime:0.015625s ]
INFO: [ app_begin ] --END-- [ RunTime:0.015625s ]
SQL: SHOW COLUMNS FROM `mobile_code` [ RunTime:0.0000s ]
SQL: SELECT * FROM `mobile_code` WHERE `tel` = '13331385580' AND `res_name` = 'repass' AND `status` = 0 AND `times` >= 1515554233 ORDER BY `id` DESC LIMIT 1   [ RunTime:0.0000s ]

[ 2018-01-10T11:17:38+08:00 ] 127.0.0.1 /-/index.php/home/user/forget_password?tel=13331385580&code=336188&password=111111
INFO: [ app_init ] --START--
INFO: Run Behavior\BuildLiteBehavior [ RunTime:0.000000s ]
INFO: [ app_init ] --END-- [ RunTime:0.000000s ]
INFO: [ app_begin ] --START--
INFO: Run Behavior\ReadHtmlCacheBehavior [ RunTime:0.000000s ]
INFO: [ app_begin ] --END-- [ RunTime:0.000000s ]
SQL: SHOW COLUMNS FROM `mobile_code` [ RunTime:0.0156s ]
SQL: SELECT * FROM `mobile_code` WHERE `tel` = '13331385580' AND `res_name` = 'repass' AND `status` = 0 AND `times` >= 1515554258 ORDER BY `id` DESC LIMIT 1   [ RunTime:0.0000s ]

[ 2018-01-10T11:17:41+08:00 ] 127.0.0.1 /-/index.php/home/user/forget_password?tel=13331385580&code=336188&password=111111
INFO: [ app_init ] --START--
INFO: Run Behavior\BuildLiteBehavior [ RunTime:0.000000s ]
INFO: [ app_init ] --END-- [ RunTime:0.015625s ]
INFO: [ app_begin ] --START--
INFO: Run Behavior\ReadHtmlCacheBehavior [ RunTime:0.000000s ]
INFO: [ app_begin ] --END-- [ RunTime:0.000000s ]
SQL: SHOW COLUMNS FROM `mobile_code` [ RunTime:0.0156s ]
SQL: SELECT * FROM `mobile_code` WHERE `tel` = '13331385580' AND `res_name` = 'repass' AND `status` = 0 AND `times` >= 1515554261 ORDER BY `id` DESC LIMIT 1   [ RunTime:0.0000s ]

[ 2018-01-10T11:18:39+08:00 ] 127.0.0.1 /-/index.php/home/user/forget_password?tel=13331385580&code=336188&password=111111
INFO: [ app_init ] --START--
INFO: Run Behavior\BuildLiteBehavior [ RunTime:0.000000s ]
INFO: [ app_init ] --END-- [ RunTime:0.000000s ]
INFO: [ app_begin ] --START--
INFO: Run Behavior\ReadHtmlCacheBehavior [ RunTime:0.000000s ]
INFO: [ app_begin ] --END-- [ RunTime:0.000000s ]
SQL: SHOW COLUMNS FROM `mobile_code` [ RunTime:0.0000s ]
SQL: SELECT * FROM `mobile_code` WHERE `tel` = '13331385580' AND `res_name` = 'repass' AND `status` = 0 AND `times` >= 1515554319 ORDER BY `id` DESC LIMIT 1   [ RunTime:0.0000s ]

[ 2018-01-10T11:34:16+08:00 ] 127.0.0.1 /-/index.php/home/user/send_code?tel=13331385580&code=336188&password=111111&type=repass
INFO: [ app_init ] --START--
INFO: Run Behavior\BuildLiteBehavior [ RunTime:0.000000s ]
INFO: [ app_init ] --END-- [ RunTime:0.000000s ]
INFO: [ app_begin ] --START--
INFO: Run Behavior\ReadHtmlCacheBehavior [ RunTime:0.000000s ]
INFO: [ app_begin ] --END-- [ RunTime:0.000000s ]
SQL: SHOW COLUMNS FROM `user` [ RunTime:0.0156s ]
SQL: SELECT * FROM `user` WHERE `tel` = '13331385580' LIMIT 1   [ RunTime:0.0000s ]
SQL: SHOW COLUMNS FROM `sms_status` [ RunTime:0.0156s ]
SQL: SELECT COUNT(*) AS tp_count FROM `sms_status` WHERE `tel` = '13331385580' AND ( `add_time` >= '2018-01-10 00:00:00' AND `add_time` <= '2018-01-10 23:59:59'  ) LIMIT 1   [ RunTime:0.0000s ]
SQL: SHOW COLUMNS FROM `mobile_code` [ RunTime:0.0000s ]
SQL: SELECT * FROM `mobile_code` WHERE `tel` = '13331385580' AND `status` = 0 AND `times` > 1515555525 LIMIT 1   [ RunTime:0.0000s ]
SQL: INSERT INTO `mobile_code` (`res_name`,`tel`,`code`,`times`,`add_time`) VALUES ('repass','13331385580','261755','1515555555','2018-01-10 11:34:15') [ RunTime:0.4375s ]
SQL: SELECT * FROM `mobile_code` WHERE `id` = 13 LIMIT 1   [ RunTime:0.0000s ]
SQL: SHOW COLUMNS FROM `config` [ RunTime:0.0156s ]
SQL: SELECT * FROM `config` WHERE `field` = 'mobile_sms_sn' LIMIT 1   [ RunTime:0.0000s ]
SQL: SELECT * FROM `config` WHERE `field` = 'mobile_sms_pwd' LIMIT 1   [ RunTime:0.0000s ]
SQL: SELECT * FROM `config` WHERE `field` = 'mobile_sms_url' LIMIT 1   [ RunTime:0.0000s ]
SQL: INSERT INTO `sms_status` (`tel`,`sms_id`,`type`,`content`,`report_info`,`add_time`) VALUES ('13331385580','13','repass','尊敬的客户：您的验证码是261755，请正确输入验证码完成密码重置，请勿泄露验证码。','{\\\"returnstatus\\\":\\\"Success\\\",\\\"message\\\":\\\"操作成功\\\",\\\"remainpoint\\\":\\\"9849\\\",\\\"taskID\\\":\\\"1801103534156153\\\",\\\"successCounts\\\":\\\"1\\\"}','2018-01-10 11:34:15') [ RunTime:0.5156s ]

[ 2018-01-10T11:35:24+08:00 ] 127.0.0.1 /-/index.php/home/user/forget_password?tel=13331385580&code=261755&password=111111&type=repass
INFO: [ app_init ] --START--
INFO: Run Behavior\BuildLiteBehavior [ RunTime:0.000000s ]
INFO: [ app_init ] --END-- [ RunTime:0.015625s ]
INFO: [ app_begin ] --START--
INFO: Run Behavior\ReadHtmlCacheBehavior [ RunTime:0.015625s ]
INFO: [ app_begin ] --END-- [ RunTime:0.015625s ]
SQL: SHOW COLUMNS FROM `mobile_code` [ RunTime:0.0000s ]
SQL: SELECT * FROM `mobile_code` WHERE `tel` = '13331385580' AND `res_name` = 'repass' AND `status` = 0 AND `times` >= 1515555324 ORDER BY `id` DESC LIMIT 1   [ RunTime:0.0000s ]
SQL: UPDATE `mobile_code` SET `status`='1' WHERE `id` = 13 [ RunTime:0.1875s ]
SQL: SHOW COLUMNS FROM `user` [ RunTime:0.0000s ]
SQL: UPDATE `user` SET `password`='96e79218965eb72c92a549dd5a330112' WHERE `tel` = '13331385580' AND `is_reg` = 1 [ RunTime:0.0000s ]

[ 2018-01-10T11:42:17+08:00 ] 127.0.0.1 /-/index.php/home/user/send_code?tel=13331385580&code=261755&password=111111&type=repass
INFO: [ app_init ] --START--
INFO: Run Behavior\BuildLiteBehavior [ RunTime:0.000000s ]
INFO: [ app_init ] --END-- [ RunTime:0.000000s ]
INFO: [ app_begin ] --START--
INFO: Run Behavior\ReadHtmlCacheBehavior [ RunTime:0.000000s ]
INFO: [ app_begin ] --END-- [ RunTime:0.000000s ]
SQL: SHOW COLUMNS FROM `user` [ RunTime:0.0156s ]
SQL: SELECT * FROM `user` WHERE `tel` = '13331385580' LIMIT 1   [ RunTime:0.0000s ]
SQL: SHOW COLUMNS FROM `sms_status` [ RunTime:0.0000s ]
SQL: SELECT COUNT(*) AS tp_count FROM `sms_status` WHERE `tel` = '13331385580' AND ( `add_time` >= '2018-01-10 00:00:00' AND `add_time` <= '2018-01-10 23:59:59'  ) LIMIT 1   [ RunTime:0.0000s ]
SQL: SHOW COLUMNS FROM `mobile_code` [ RunTime:0.0000s ]
SQL: SELECT * FROM `mobile_code` WHERE `tel` = '13331385580' AND `status` = 0 AND `times` > 1515556006 LIMIT 1   [ RunTime:0.0000s ]
SQL: INSERT INTO `mobile_code` (`res_name`,`tel`,`code`,`times`,`add_time`) VALUES ('repass','13331385580','259149','1515556036','2018-01-10 11:42:16') [ RunTime:0.1250s ]
SQL: SELECT * FROM `mobile_code` WHERE `id` = 14 LIMIT 1   [ RunTime:0.0156s ]
SQL: SHOW COLUMNS FROM `config` [ RunTime:0.0000s ]
SQL: SELECT * FROM `config` WHERE `field` = 'mobile_sms_sn' LIMIT 1   [ RunTime:0.0000s ]
SQL: SELECT * FROM `config` WHERE `field` = 'mobile_sms_pwd' LIMIT 1   [ RunTime:0.0000s ]
SQL: SELECT * FROM `config` WHERE `field` = 'mobile_sms_url' LIMIT 1   [ RunTime:0.0000s ]
SQL: INSERT INTO `sms_status` (`tel`,`sms_id`,`type`,`content`,`report_info`,`add_time`) VALUES ('13331385580','14','repass','尊敬的客户：您的验证码是259149，请正确输入验证码完成密码重置，请勿泄露验证码。','{\\\"returnstatus\\\":\\\"Success\\\",\\\"message\\\":\\\"操作成功\\\",\\\"remainpoint\\\":\\\"9848\\\",\\\"taskID\\\":\\\"1801103542161210\\\",\\\"successCounts\\\":\\\"1\\\"}','2018-01-10 11:42:16') [ RunTime:0.1719s ]

[ 2018-01-10T11:43:13+08:00 ] 127.0.0.1 /-/index.php/home/user/forget_password?tel=13331385580&code=261755&password=111112&type=repass
INFO: [ app_init ] --START--
INFO: Run Behavior\BuildLiteBehavior [ RunTime:0.000000s ]
INFO: [ app_init ] --END-- [ RunTime:0.000000s ]
INFO: [ app_begin ] --START--
INFO: Run Behavior\ReadHtmlCacheBehavior [ RunTime:0.000000s ]
INFO: [ app_begin ] --END-- [ RunTime:0.000000s ]
SQL: SHOW COLUMNS FROM `mobile_code` [ RunTime:0.0156s ]
SQL: SELECT * FROM `mobile_code` WHERE `tel` = '13331385580' AND `res_name` = 'repass' AND `status` = 0 AND `times` >= 1515555793 ORDER BY `id` DESC LIMIT 1   [ RunTime:0.0000s ]

[ 2018-01-10T11:43:47+08:00 ] 127.0.0.1 /-/index.php/home/user/forget_password?tel=13331385580&code=259149&password=111112&type=repass
INFO: [ app_init ] --START--
INFO: Run Behavior\BuildLiteBehavior [ RunTime:0.000000s ]
INFO: [ app_init ] --END-- [ RunTime:0.000000s ]
INFO: [ app_begin ] --START--
INFO: Run Behavior\ReadHtmlCacheBehavior [ RunTime:0.000000s ]
INFO: [ app_begin ] --END-- [ RunTime:0.000000s ]
SQL: SHOW COLUMNS FROM `mobile_code` [ RunTime:0.0156s ]
SQL: SELECT * FROM `mobile_code` WHERE `tel` = '13331385580' AND `res_name` = 'repass' AND `status` = 0 AND `times` >= 1515555827 ORDER BY `id` DESC LIMIT 1   [ RunTime:0.0000s ]
SQL: UPDATE `mobile_code` SET `status`='1' WHERE `id` = 14 [ RunTime:0.1406s ]
SQL: SHOW COLUMNS FROM `user` [ RunTime:0.0156s ]
SQL: UPDATE `user` SET `password`='9a952cd91000872a8d7d1f5ee0c87317' WHERE `tel` = '13331385580' AND `is_reg` = 1 [ RunTime:0.0000s ]

