[ 2017-12-28T09:41:04+08:00 ] ::1 /kuaidian/aa/thinkphp_3.2.3_full/Public/static/h-ui.admin/css/style.css
INFO: [ app_init ] --START--
INFO: Run Behavior\BuildLiteBehavior [ RunTime:0.000000s ]
INFO: [ app_init ] --END-- [ RunTime:0.000000s ]
ERR: 无法加载模块:Public

[ 2017-12-28T09:41:04+08:00 ] ::1 /kuaidian/aa/thinkphp_3.2.3_full/Public/static/h-ui.admin/css/H-ui.admin.css
INFO: [ app_init ] --START--
INFO: Run Behavior\BuildLiteBehavior [ RunTime:0.000000s ]
INFO: [ app_init ] --END-- [ RunTime:0.000000s ]
ERR: 无法加载模块:Public

[ 2017-12-28T09:41:04+08:00 ] ::1 /kuaidian/aa/thinkphp_3.2.3_full/Public/static/h-ui/css/H-ui.min.css
INFO: [ app_init ] --START--
INFO: Run Behavior\BuildLiteBehavior [ RunTime:0.000000s ]
INFO: [ app_init ] --END-- [ RunTime:0.000000s ]
ERR: 无法加载模块:Public

[ 2017-12-28T09:41:04+08:00 ] ::1 /kuaidian/aa/thinkphp_3.2.3_full/Public/lib/jquery/1.9.1/jquery.min.js
INFO: [ app_init ] --START--
INFO: Run Behavior\BuildLiteBehavior [ RunTime:0.000000s ]
INFO: [ app_init ] --END-- [ RunTime:0.001000s ]
ERR: 无法加载模块:Public

[ 2017-12-28T09:41:04+08:00 ] ::1 /kuaidian/aa/thinkphp_3.2.3_full/Public/lib/Hui-iconfont/1.0.8/iconfont.css
INFO: [ app_init ] --START--
INFO: Run Behavior\BuildLiteBehavior [ RunTime:0.000000s ]
INFO: [ app_init ] --END-- [ RunTime:0.001000s ]
ERR: 无法加载模块:Public

[ 2017-12-28T09:41:04+08:00 ] ::1 /kuaidian/aa/thinkphp_3.2.3_full/Public/static/h-ui.admin/skin/default/skin.css
INFO: [ app_init ] --START--
INFO: Run Behavior\BuildLiteBehavior [ RunTime:0.000000s ]
INFO: [ app_init ] --END-- [ RunTime:0.000000s ]
ERR: 无法加载模块:Public

[ 2017-12-28T09:41:04+08:00 ] ::1 /kuaidian/aa/thinkphp_3.2.3_full/Public/static/h-ui.admin/js/H-ui.admin.page.js
INFO: [ app_init ] --START--
INFO: Run Behavior\BuildLiteBehavior [ RunTime:0.000000s ]
INFO: [ app_init ] --END-- [ RunTime:0.001000s ]
ERR: 无法加载模块:Public

[ 2017-12-28T09:41:04+08:00 ] ::1 /kuaidian/aa/thinkphp_3.2.3_full/Public/static/h-ui/js/H-ui.js
INFO: [ app_init ] --START--
INFO: Run Behavior\BuildLiteBehavior [ RunTime:0.000000s ]
INFO: [ app_init ] --END-- [ RunTime:0.000000s ]
ERR: 无法加载模块:Public

[ 2017-12-28T09:41:04+08:00 ] ::1 /kuaidian/aa/thinkphp_3.2.3_full/Public/lib/layer/2.4/layer.js
INFO: [ app_init ] --START--
INFO: Run Behavior\BuildLiteBehavior [ RunTime:0.000000s ]
INFO: [ app_init ] --END-- [ RunTime:0.000000s ]
ERR: 无法加载模块:Public

[ 2017-12-28T09:41:05+08:00 ] ::1 /kuaidian/aa/thinkphp_3.2.3_full/Public/static/h-ui/js/H-ui.js
INFO: [ app_init ] --START--
INFO: Run Behavior\BuildLiteBehavior [ RunTime:0.000000s ]
INFO: [ app_init ] --END-- [ RunTime:0.001000s ]
ERR: 无法加载模块:Public

[ 2017-12-28T09:41:05+08:00 ] ::1 /kuaidian/aa/thinkphp_3.2.3_full/Public/static/h-ui.admin/js/H-ui.admin.page.js
INFO: [ app_init ] --START--
INFO: Run Behavior\BuildLiteBehavior [ RunTime:0.000000s ]
INFO: [ app_init ] --END-- [ RunTime:0.001000s ]
ERR: 无法加载模块:Public

[ 2017-12-28T09:41:46+08:00 ] ::1 /kuaidian/aa/thinkphp_3.2.3_full/Public/xin/home/home/Wopop_files/jquery.ui.theme.css
INFO: [ app_init ] --START--
INFO: Run Behavior\BuildLiteBehavior [ RunTime:0.000000s ]
INFO: [ app_init ] --END-- [ RunTime:0.000000s ]
ERR: 无法加载模块:Public

[ 2017-12-28T09:41:46+08:00 ] ::1 /kuaidian/aa/thinkphp_3.2.3_full/Public/xin/home/home/Wopop_files/jquery.ui.base.css
INFO: [ app_init ] --START--
INFO: Run Behavior\BuildLiteBehavior [ RunTime:0.000000s ]
INFO: [ app_init ] --END-- [ RunTime:0.000000s ]
ERR: 无法加载模块:Public

[ 2017-12-28T09:41:46+08:00 ] ::1 /kuaidian/aa/thinkphp_3.2.3_full/Public/xin/home/home/images/txt_input_bg.gif
INFO: [ app_init ] --START--
INFO: Run Behavior\BuildLiteBehavior [ RunTime:0.000000s ]
INFO: [ app_init ] --END-- [ RunTime:0.001000s ]
ERR: 无法加载模块:Public

[ 2017-12-28T16:58:53+08:00 ] ::1 /kuaidian/aa/thinkphp_3.2.3_full/index.php/Admin/Index/index.html
INFO: [ app_init ] --START--
INFO: Run Behavior\BuildLiteBehavior [ RunTime:0.000000s ]
INFO: [ app_init ] --END-- [ RunTime:0.001000s ]
ERR: 无法加载模块:Aa

[ 2017-12-28T17:12:32+08:00 ] ::1 /kuaidian/index.php/Adminml
INFO: [ app_init ] --START--
INFO: Run Behavior\BuildLiteBehavior [ RunTime:0.000000s ]
INFO: [ app_init ] --END-- [ RunTime:0.000000s ]
ERR: 无法加载模块:Adminml

[ 2017-12-28T17:42:42+08:00 ] ::1 /kuaidian/Public123
INFO: [ app_init ] --START--
INFO: Run Behavior\BuildLiteBehavior [ RunTime:0.000000s ]
INFO: [ app_init ] --END-- [ RunTime:0.000000s ]
ERR: 无法加载模块:Public123

[ 2017-12-28T17:42:55+08:00 ] ::1 /kuaidian/Public123
INFO: [ app_init ] --START--
INFO: Run Behavior\BuildLiteBehavior [ RunTime:0.000000s ]
INFO: [ app_init ] --END-- [ RunTime:0.001000s ]
ERR: 无法加载模块:Public123

[ 2017-12-28T17:44:19+08:00 ] ::1 /kuaidian/Public123
INFO: [ app_init ] --START--
INFO: Run Behavior\BuildLiteBehavior [ RunTime:0.000000s ]
INFO: [ app_init ] --END-- [ RunTime:0.000000s ]
ERR: 无法加载模块:Public123

[ 2017-12-28T17:45:07+08:00 ] ::1 /kuaidian/Public28/5a44bcefcb9bf.jpg
INFO: [ app_init ] --START--
INFO: Run Behavior\BuildLiteBehavior [ RunTime:0.000000s ]
INFO: [ app_init ] --END-- [ RunTime:0.000000s ]
ERR: 无法加载模块:Public28

[ 2017-12-28T17:45:11+08:00 ] ::1 /kuaidian/Public28/5a44bcefcb9bf.jpg
INFO: [ app_init ] --START--
INFO: Run Behavior\BuildLiteBehavior [ RunTime:0.001000s ]
INFO: [ app_init ] --END-- [ RunTime:0.002000s ]
ERR: 无法加载模块:Public28

[ 2017-12-28T17:45:12+08:00 ] ::1 /kuaidian/Public28/5a44bcefcb9bf.jpg
INFO: [ app_init ] --START--
INFO: Run Behavior\BuildLiteBehavior [ RunTime:0.000000s ]
INFO: [ app_init ] --END-- [ RunTime:0.001000s ]
ERR: 无法加载模块:Public28

[ 2017-12-28T17:45:21+08:00 ] ::1 /kuaidian/Public28/5a44bcefcb9bf.jpg
INFO: [ app_init ] --START--
INFO: Run Behavior\BuildLiteBehavior [ RunTime:0.000000s ]
INFO: [ app_init ] --END-- [ RunTime:0.000000s ]
ERR: 无法加载模块:Public28

[ 2017-12-28T17:46:48+08:00 ] ::1 /kuaidian/Public28/5a44bcefcb9bf.jpg
INFO: [ app_init ] --START--
INFO: Run Behavior\BuildLiteBehavior [ RunTime:0.000000s ]
INFO: [ app_init ] --END-- [ RunTime:0.001000s ]
ERR: 无法加载模块:Public28

[ 2017-12-28T17:49:45+08:00 ] ::1 /kuaidian/Public28/5a44bcefcb9bf.jpg
INFO: [ app_init ] --START--
INFO: Run Behavior\BuildLiteBehavior [ RunTime:0.000000s ]
INFO: [ app_init ] --END-- [ RunTime:0.001000s ]
ERR: 无法加载模块:Public28

[ 2017-12-28T17:50:05+08:00 ] ::1 /kuaidian/Public28/5a44bcefcb9bf.jpg
INFO: [ app_init ] --START--
INFO: Run Behavior\BuildLiteBehavior [ RunTime:0.000000s ]
INFO: [ app_init ] --END-- [ RunTime:0.001000s ]
ERR: 无法加载模块:Public28

[ 2017-12-28T17:51:49+08:00 ] ::1 /kuaidian/Public28/5a44bcefcb9bf.jpg
INFO: [ app_init ] --START--
INFO: Run Behavior\BuildLiteBehavior [ RunTime:0.000000s ]
INFO: [ app_init ] --END-- [ RunTime:0.001000s ]
ERR: 无法加载模块:Public28

[ 2017-12-28T17:54:45+08:00 ] ::1 /kuaidian/Public28/5a44bcefcb9bf.jpg
INFO: [ app_init ] --START--
INFO: Run Behavior\BuildLiteBehavior [ RunTime:0.000000s ]
INFO: [ app_init ] --END-- [ RunTime:0.000000s ]
ERR: 无法加载模块:Public28

[ 2017-12-28T17:54:45+08:00 ] ::1 /kuaidian/Public28/5a44bcefcb9bf.jpg
INFO: [ app_init ] --START--
INFO: Run Behavior\BuildLiteBehavior [ RunTime:0.000000s ]
INFO: [ app_init ] --END-- [ RunTime:0.001000s ]
ERR: 无法加载模块:Public28

[ 2017-12-28T17:55:09+08:00 ] ::1 /kuaidian/Public28/5a44bcefcb9bf.jpg
INFO: [ app_init ] --START--
INFO: Run Behavior\BuildLiteBehavior [ RunTime:0.000000s ]
INFO: [ app_init ] --END-- [ RunTime:0.000000s ]
ERR: 无法加载模块:Public28

[ 2017-12-28T17:55:24+08:00 ] ::1 /kuaidian/Public28/5a44bcefcb9bf.jpg
INFO: [ app_init ] --START--
INFO: Run Behavior\BuildLiteBehavior [ RunTime:0.000000s ]
INFO: [ app_init ] --END-- [ RunTime:0.001000s ]
ERR: 无法加载模块:Public28

[ 2017-12-28T17:56:24+08:00 ] ::1 /kuaidian/Public28/5a44bcefcb9bf.jpg
INFO: [ app_init ] --START--
INFO: Run Behavior\BuildLiteBehavior [ RunTime:0.000000s ]
INFO: [ app_init ] --END-- [ RunTime:0.001000s ]
ERR: 无法加载模块:Public28

[ 2017-12-28T18:00:34+08:00 ] ::1 /kuaidian/Public28/5a44bcefcb9bf.jpg
INFO: [ app_init ] --START--
INFO: Run Behavior\BuildLiteBehavior [ RunTime:0.000000s ]
INFO: [ app_init ] --END-- [ RunTime:0.001000s ]
ERR: 无法加载模块:Public28

