<<<<<<< HEAD
[ 2018-02-24T09:28:50+08:00 ] ::1 /kuaidian/Public/home/css/bootstrap.css.map
INFO: [ app_init ] --START--
INFO: Run Behavior\BuildLiteBehavior [ RunTime:0.000011s ]
INFO: [ app_init ] --END-- [ RunTime:0.000055s ]
ERR: 无法加载模块:Public

[ 2018-02-24T09:58:32+08:00 ] ::1 /kuaidian/Public/home/css/bootstrap.css.map
INFO: [ app_init ] --START--
INFO: Run Behavior\BuildLiteBehavior [ RunTime:0.000009s ]
INFO: [ app_init ] --END-- [ RunTime:0.000073s ]
ERR: 无法加载模块:Public

[ 2018-02-24T10:28:21+08:00 ] ::1 /kuaidian/Public/home/css/bootstrap.css.map
INFO: [ app_init ] --START--
INFO: Run Behavior\BuildLiteBehavior [ RunTime:0.000011s ]
INFO: [ app_init ] --END-- [ RunTime:0.000059s ]
=======
[ 2018-02-24T09:33:00+08:00 ] ::1 /-/Public/home/css/bootstrap.css.map
INFO: [ app_init ] --START--
INFO: Run Behavior\BuildLiteBehavior [ RunTime:0.000039s ]
INFO: [ app_init ] --END-- [ RunTime:0.000232s ]
ERR: 无法加载模块:Public

[ 2018-02-24T09:33:02+08:00 ] ::1 /-/Public/home/images/person.jpg
INFO: [ app_init ] --START--
INFO: Run Behavior\BuildLiteBehavior [ RunTime:0.000037s ]
INFO: [ app_init ] --END-- [ RunTime:0.000230s ]
ERR: 无法加载模块:Public

[ 2018-02-24T09:34:19+08:00 ] ::1 /-/Public/home/images/person.jpg
INFO: [ app_init ] --START--
INFO: Run Behavior\BuildLiteBehavior [ RunTime:0.000071s ]
INFO: [ app_init ] --END-- [ RunTime:0.000422s ]
ERR: 无法加载模块:Public

[ 2018-02-24T09:37:50+08:00 ] ::1 /-/Public/home/images/person.jpg
INFO: [ app_init ] --START--
INFO: Run Behavior\BuildLiteBehavior [ RunTime:0.000048s ]
INFO: [ app_init ] --END-- [ RunTime:0.000280s ]
ERR: 无法加载模块:Public

[ 2018-02-24T09:37:51+08:00 ] ::1 /-/Public/home/images/person.jpg
INFO: [ app_init ] --START--
INFO: Run Behavior\BuildLiteBehavior [ RunTime:0.000066s ]
INFO: [ app_init ] --END-- [ RunTime:0.000405s ]
ERR: 无法加载模块:Public

[ 2018-02-24T09:55:14+08:00 ] ::1 /-/Public/home/css/bootstrap.css.map
INFO: [ app_init ] --START--
INFO: Run Behavior\BuildLiteBehavior [ RunTime:0.000036s ]
INFO: [ app_init ] --END-- [ RunTime:0.000229s ]
ERR: 无法加载模块:Public

[ 2018-02-24T09:55:15+08:00 ] ::1 /-/Public/home/images/person.jpg
INFO: [ app_init ] --START--
INFO: Run Behavior\BuildLiteBehavior [ RunTime:0.000048s ]
INFO: [ app_init ] --END-- [ RunTime:0.000275s ]
ERR: 无法加载模块:Public

[ 2018-02-24T09:57:57+08:00 ] ::1 /-/Public/home/images/person.jpg
INFO: [ app_init ] --START--
INFO: Run Behavior\BuildLiteBehavior [ RunTime:0.000047s ]
INFO: [ app_init ] --END-- [ RunTime:0.000277s ]
ERR: 无法加载模块:Public

[ 2018-02-24T09:58:08+08:00 ] ::1 /-/Public/home/images/person.jpg
INFO: [ app_init ] --START--
INFO: Run Behavior\BuildLiteBehavior [ RunTime:0.000055s ]
INFO: [ app_init ] --END-- [ RunTime:0.000314s ]
ERR: 无法加载模块:Public

[ 2018-02-24T10:27:20+08:00 ] ::1 /-/Public/home/css/bootstrap.css.map
INFO: [ app_init ] --START--
INFO: Run Behavior\BuildLiteBehavior [ RunTime:0.000047s ]
INFO: [ app_init ] --END-- [ RunTime:0.000283s ]
ERR: 无法加载模块:Public

[ 2018-02-24T10:27:21+08:00 ] ::1 /-/Public/home/images/person.jpg
INFO: [ app_init ] --START--
INFO: Run Behavior\BuildLiteBehavior [ RunTime:0.000042s ]
INFO: [ app_init ] --END-- [ RunTime:0.000255s ]
ERR: 无法加载模块:Public

[ 2018-02-24T10:27:38+08:00 ] ::1 /-/Public/home/images/person.jpg
INFO: [ app_init ] --START--
INFO: Run Behavior\BuildLiteBehavior [ RunTime:0.000053s ]
INFO: [ app_init ] --END-- [ RunTime:0.000295s ]
ERR: 无法加载模块:Public

[ 2018-02-24T10:28:30+08:00 ] ::1 /-/Public/home/css/bootstrap.css.map
INFO: [ app_init ] --START--
INFO: Run Behavior\BuildLiteBehavior [ RunTime:0.000038s ]
INFO: [ app_init ] --END-- [ RunTime:0.000239s ]
ERR: 无法加载模块:Public

[ 2018-02-24T10:28:31+08:00 ] ::1 /-/Public/home/images/person.jpg
INFO: [ app_init ] --START--
INFO: Run Behavior\BuildLiteBehavior [ RunTime:0.000049s ]
INFO: [ app_init ] --END-- [ RunTime:0.000293s ]
ERR: 无法加载模块:Public

[ 2018-02-24T10:29:12+08:00 ] ::1 /-/Public/home/css/bootstrap.css.map
INFO: [ app_init ] --START--
INFO: Run Behavior\BuildLiteBehavior [ RunTime:0.000036s ]
INFO: [ app_init ] --END-- [ RunTime:0.000310s ]
ERR: 无法加载模块:Public

[ 2018-02-24T10:29:13+08:00 ] ::1 /-/Public/home/images/person.jpg
INFO: [ app_init ] --START--
INFO: Run Behavior\BuildLiteBehavior [ RunTime:0.000041s ]
INFO: [ app_init ] --END-- [ RunTime:0.000246s ]
ERR: 无法加载模块:Public

[ 2018-02-24T10:29:37+08:00 ] ::1 /-/Public/home/css/bootstrap.css.map
INFO: [ app_init ] --START--
INFO: Run Behavior\BuildLiteBehavior [ RunTime:0.000035s ]
INFO: [ app_init ] --END-- [ RunTime:0.000220s ]
ERR: 无法加载模块:Public

[ 2018-02-24T10:31:24+08:00 ] ::1 /-/Public/home/css/bootstrap.css.map
INFO: [ app_init ] --START--
INFO: Run Behavior\BuildLiteBehavior [ RunTime:0.000038s ]
INFO: [ app_init ] --END-- [ RunTime:0.000296s ]
ERR: 无法加载模块:Public

[ 2018-02-24T10:31:27+08:00 ] ::1 /-/Public/home/images/person.jpg
INFO: [ app_init ] --START--
INFO: Run Behavior\BuildLiteBehavior [ RunTime:0.000046s ]
INFO: [ app_init ] --END-- [ RunTime:0.000289s ]
ERR: 无法加载模块:Public

[ 2018-02-24T10:32:41+08:00 ] ::1 /-/Public/muban/assets/js/bootstrap.js
INFO: [ app_init ] --START--
INFO: Run Behavior\BuildLiteBehavior [ RunTime:0.000043s ]
INFO: [ app_init ] --END-- [ RunTime:0.000259s ]
ERR: 无法加载模块:Public

[ 2018-02-24T10:32:41+08:00 ] ::1 /-/Public/muban/assets/js/jquery.js
INFO: [ app_init ] --START--
INFO: Run Behavior\BuildLiteBehavior [ RunTime:0.000045s ]
INFO: [ app_init ] --END-- [ RunTime:0.000263s ]
ERR: 无法加载模块:Public

[ 2018-02-24T10:32:41+08:00 ] ::1 /-/Public/xin/admin/login/Wopop_files/jquery.ui.theme.css
INFO: [ app_init ] --START--
INFO: Run Behavior\BuildLiteBehavior [ RunTime:0.000048s ]
INFO: [ app_init ] --END-- [ RunTime:0.000271s ]
ERR: 无法加载模块:Public

[ 2018-02-24T10:32:41+08:00 ] ::1 /-/Public/xin/admin/login/Wopop_files/jquery.ui.base.css
INFO: [ app_init ] --START--
INFO: Run Behavior\BuildLiteBehavior [ RunTime:0.000062s ]
INFO: [ app_init ] --END-- [ RunTime:0.001514s ]
ERR: 无法加载模块:Public

[ 2018-02-24T10:32:41+08:00 ] ::1 /-/Public/muban/assets/js/bootstrap.js
INFO: [ app_init ] --START--
INFO: Run Behavior\BuildLiteBehavior [ RunTime:0.000038s ]
INFO: [ app_init ] --END-- [ RunTime:0.000228s ]
ERR: 无法加载模块:Public

[ 2018-02-24T10:32:41+08:00 ] ::1 /-/Public/xin/admin/login/images/txt_input_bg.gif
INFO: [ app_init ] --START--
INFO: Run Behavior\BuildLiteBehavior [ RunTime:0.000123s ]
INFO: [ app_init ] --END-- [ RunTime:0.000377s ]
>>>>>>> 0bbfd306213111d78c7acdede20a603183f4684d
ERR: 无法加载模块:Public

[ 2018-02-24T11:47:35+08:00 ] ::1 /-/Public/home/img/diangdan2.png
INFO: [ app_init ] --START--
INFO: Run Behavior\BuildLiteBehavior [ RunTime:0.000047s ]
INFO: [ app_init ] --END-- [ RunTime:0.000288s ]
ERR: 无法加载模块:Public

[ 2018-02-24T11:56:27+08:00 ] ::1 /-/Public/home/css/bootstrap.css.map
INFO: [ app_init ] --START--
INFO: Run Behavior\BuildLiteBehavior [ RunTime:0.000047s ]
INFO: [ app_init ] --END-- [ RunTime:0.000300s ]
ERR: 无法加载模块:Public

[ 2018-02-24T11:56:34+08:00 ] ::1 /-/Public/home/css/bootstrap.css.map
INFO: [ app_init ] --START--
INFO: Run Behavior\BuildLiteBehavior [ RunTime:0.000043s ]
INFO: [ app_init ] --END-- [ RunTime:0.000269s ]
ERR: 无法加载模块:Public

[ 2018-02-24T11:56:38+08:00 ] ::1 /-/Public/home/css/bootstrap.css.map
INFO: [ app_init ] --START--
INFO: Run Behavior\BuildLiteBehavior [ RunTime:0.000039s ]
INFO: [ app_init ] --END-- [ RunTime:0.000250s ]
ERR: 无法加载模块:Public

[ 2018-02-24T12:16:02+08:00 ] ::1 /-/Public/merch/js/jquery.slimscroll.min.js
INFO: [ app_init ] --START--
INFO: Run Behavior\BuildLiteBehavior [ RunTime:0.000140s ]
INFO: [ app_init ] --END-- [ RunTime:0.000543s ]
ERR: 无法加载模块:Public

[ 2018-02-24T12:16:02+08:00 ] ::1 /-/Public/merch/js/jquery.slimscroll.min.js
INFO: [ app_init ] --START--
INFO: Run Behavior\BuildLiteBehavior [ RunTime:0.000047s ]
INFO: [ app_init ] --END-- [ RunTime:0.000286s ]
ERR: 无法加载模块:Public

[ 2018-02-24T12:16:04+08:00 ] ::1 /-/Public/merch/js/jquery.slimscroll.min.js
INFO: [ app_init ] --START--
INFO: Run Behavior\BuildLiteBehavior [ RunTime:0.000048s ]
INFO: [ app_init ] --END-- [ RunTime:0.000301s ]
ERR: 无法加载模块:Public

[ 2018-02-24T12:16:06+08:00 ] ::1 /-/Public/merch/js/jquery.slimscroll.min.js
INFO: [ app_init ] --START--
INFO: Run Behavior\BuildLiteBehavior [ RunTime:0.000046s ]
INFO: [ app_init ] --END-- [ RunTime:0.000295s ]
ERR: 无法加载模块:Public

[ 2018-02-24T12:16:06+08:00 ] ::1 /-/Public/merch/js/jquery.slimscroll.min.js
INFO: [ app_init ] --START--
INFO: Run Behavior\BuildLiteBehavior [ RunTime:0.000044s ]
INFO: [ app_init ] --END-- [ RunTime:0.000262s ]
ERR: 无法加载模块:Public

[ 2018-02-24T15:12:11+08:00 ] ::1 /-/Public/home/css/bootstrap.css.map
INFO: [ app_init ] --START--
INFO: Run Behavior\BuildLiteBehavior [ RunTime:0.000039s ]
INFO: [ app_init ] --END-- [ RunTime:0.000245s ]
ERR: 无法加载模块:Public

