[ 2018-02-11T15:05:27+08:00 ] ::1 /-/Public/muban/assets/js/bootstrap.js
INFO: [ app_init ] --START--
INFO: Run Behavior\BuildLiteBehavior [ RunTime:0.000054s ]
INFO: [ app_init ] --END-- [ RunTime:0.000284s ]
ERR: æ— æ³•åŠ è½½æ¨¡å—:Public

[ 2018-02-11T15:05:27+08:00 ] ::1 /-/Public/muban/assets/js/jquery.js
INFO: [ app_init ] --START--
INFO: Run Behavior\BuildLiteBehavior [ RunTime:0.000044s ]
INFO: [ app_init ] --END-- [ RunTime:0.000335s ]
ERR: æ— æ³•åŠ è½½æ¨¡å—:Public

 è½½æ¨¡å—:Public

[ 2018-02-11T15:05:27+08:00 ] ::1 /-/Public/xin/admin/login/Wopop_files/jquery.ui.theme.css
INFO: [ app_init ] --START--
INFO: Run Behavior\BuildLiteBehavior [ RunTime:0.000050s ]
INFO: [ app_init ] --END-- [ RunTime:0.000322s ]
ERR: æ— æ³•åŠ è½½æ¨¡å—:Public

[ 2018-02-11T15:05:27+08:00 ] ::1 /-/Public/muban/assets/js/bootstrap.js
INFO: [ app_init ] --START--
INFO: Run Behavior\BuildLiteBehavior [ RunTime:0.000051s ]
INFO: [ app_init ] --END-- [ RunTime:0.000293s ]
ERR: æ— æ³•åŠ è½½æ¨¡å—:Public

[ 2018-02-11T15:05:27+08:00 ] ::1 /-/Public/xin/admin/login/images/txt_input_bg.gif
INFO: [ app_init ] --START--
INFO: Run Behavior\BuildLiteBehavior [ RunTime:0.000043s ]
INFO: [ app_init ] --END-- [ RunTime:0.000265s ]
ERR: æ— æ³•åŠ è½½æ¨¡å—:Public

[ 2018-02-11T15:05:36+08:00 ] ::1 /-/Publichome/img/person.jpg
INFO: [ app_init ] --START--
INFO: Run Behavior\BuildLiteBehavior [ RunTime:0.000050s ]
INFO: [ app_init ] --END-- [ RunTime:0.000409s ]
ERR: æ— æ³•åŠ è½½æ¨¡å—:Publichome

[ 2018-02-11T15:05:47+08:00 ] ::1 /-/Publichome/img/person.jpg
INFO: [ app_init ] --START--
INFO: Run Behavior\BuildLiteBehavior [ RunTime:0.000037s ]
INFO: [ app_init ] --END-- [ RunTime:0.000242s ]
ERR: æ— æ³•åŠ è½½æ¨¡å—:Publichome

[ 2018-02-11T15:05:50+08:00 ] ::1 /-/Publichome/img/person.jpg
INFO: [ app_init ] --START--
INFO: Run Behavior\BuildLiteBehavior [ RunTime:0.000042s ]
INFO: [ app_init ] --END-- [ RunTime:0.000264s ]
ERR: æ— æ³•åŠ è½½æ¨¡å—:Publichome

[ 2018-02-11T15:32:00+08:00 ] ::1 /-/Public/muban/assets/js/bootstrap.js
INFO: [ app_init ] --START--
INFO: Run Behavior\BuildLiteBehavior [ RunTime:0.000046s ]
INFO: [ app_init ] --END-- [ RunTime:0.000292s ]
ERR: æ— æ³•åŠ è½½æ¨¡å—:Public

[ 2018-02-11T15:32:00+08:00 ] ::1 /-/Public/muban/assets/js/jquery.js
INFO: [ app_init ] --START--
INFO: Run Behavior\BuildLiteBehavior [ RunTime:0.000044s ]
INFO: [ app_init ] --END-- [ RunTime:0.000293s ]
ERR: æ— æ³•åŠ è½½æ¨¡å—:Public

[ 2018-02-11T15:32:00+08:00 ] ::1 /-/Public/xin/admin/login/Wopop_files/jquery.ui.base.css
INFO: [ app_init ] --START--
INFO: Run Behavior\BuildLiteBehavior [ RunTime:0.000048s ]
INFO: [ app_init ] --END-- [ RunTime:0.000282s ]
ERR: æ— æ³•åŠ è½½æ¨¡å—:Public

[ 2018-02-11T15:32:00+08:00 ] ::1 /-/Public/xin/admin/login/Wopop_files/jquery.ui.theme.css
INFO: [ app_init ] --START--
INFO: Run Behavior\BuildLiteBehavior [ RunTime:0.000046s ]
INFO: [ app_init ] --END-- [ RunTime:0.000280s ]
ERR: æ— æ³•åŠ è½½æ¨¡å—:Public

[ 2018-02-11T15:32:00+08:00 ] ::1 /-/Public/muban/assets/js/bootstrap.js
INFO: [ app_init ] --START--
INFO: Run Behavior\BuildLiteBehavior [ RunTime:0.000062s ]
INFO: [ app_init ] --END-- [ RunTime:0.000275s ]
ERR: æ— æ³•åŠ è½½æ¨¡å—:Public

[ 2018-02-11T15:32:00+08:00 ] ::1 /-/Public/xin/admin/login/images/txt_input_bg.gif
INFO: [ app_init ] --START--
INFO: Run Behavior\BuildLiteBehavior [ RunTime:0.000037s ]
INFO: [ app_init ] --END-- [ RunTime:0.000238s ]
ERR: æ— æ³•åŠ è½½æ¨¡å—:Public

[ 2018-02-11T15:43:08+08:00 ] ::1 /-/Public//img/2018-02-11/5a7ff2586f47f.png
INFO: [ app_init ] --START--
INFO: Run Behavior\BuildLiteBehavior [ RunTime:0.000048s ]
INFO: [ app_init ] --END-- [ RunTime:0.000280s ]
ERR: æ— æ³•åŠ è½½æ¨¡å—:Public

[ 2018-02-11T15:43:08+08:00 ] ::1 /-/Public/home/css/bootstrap.css.map
INFO: [ app_init ] --START--
INFO: Run Behavior\BuildLiteBehavior [ RunTime:0.000041s ]
INFO: [ app_init ] --END-- [ RunTime:0.000244s ]
ERR: æ— æ³•åŠ è½½æ¨¡å—:Public

[ 2018-02-11T15:43:10+08:00 ] ::1 /-/Public//img/2018-02-11/5a7ff2586f47f.png
INFO: [ app_init ] --START--
INFO: Run Behavior\BuildLiteBehavior [ RunTime:0.000045s ]
INFO: [ app_init ] --END-- [ RunTime:0.000272s ]
ERR: æ— æ³•åŠ è½½æ¨¡å—:Public

[ 2018-02-11T15:43:10+08:00 ] ::1 /-/Public//img/2018-02-11/5a7ff2586f47f.png
INFO: [ app_init ] --START--
INFO: Run Behavior\BuildLiteBehavior [ RunTime:0.000046s ]
INFO: [ app_init ] --END-- [ RunTime:0.000265s ]
ERR: æ— æ³•åŠ è½½æ¨¡å—:Public

