[ 2018-02-05T10:31:36+08:00 ] ::1 /kuaidian/Public/home/css/bootstrap.css.map
INFO: [ app_init ] --START--
INFO: Run Behavior\BuildLiteBehavior [ RunTime:0.000023s ]
INFO: [ app_init ] --END-- [ RunTime:0.000074s ]
ERR: 无法加载模块:Public

[ 2018-02-05T10:32:13+08:00 ] ::1 /kuaidian/Public/home/css/bootstrap.css.map
INFO: [ app_init ] --START--
INFO: Run Behavior\BuildLiteBehavior [ RunTime:0.000008s ]
INFO: [ app_init ] --END-- [ RunTime:0.000054s ]
ERR: 无法加载模块:Public

[ 2018-02-05T18:01:27+08:00 ] ::1 /kuaidian/index.php/register.html
INFO: [ app_init ] --START--
INFO: Run Behavior\BuildLiteBehavior [ RunTime:0.000026s ]
INFO: [ app_init ] --END-- [ RunTime:0.000074s ]
ERR: 无法加载模块:Register

[ 2018-02-05T18:01:57+08:00 ] ::1 /kuaidian/index.php/tixian.html
INFO: [ app_init ] --START--
INFO: Run Behavior\BuildLiteBehavior [ RunTime:0.000009s ]
INFO: [ app_init ] --END-- [ RunTime:0.000047s ]
ERR: 无法加载模块:Tixian

