[ 2018-01-23T10:18:31+08:00 ] ::1 /-/Public/muban/assets/js/bootstrap.js
INFO: [ app_init ] --START--
INFO: Run Behavior\BuildLiteBehavior [ RunTime:0.000045s ]
INFO: [ app_init ] --END-- [ RunTime:0.000782s ]
ERR: 无法加载模块:Public

[ 2018-01-23T10:18:31+08:00 ] ::1 /-/Public/muban/assets/js/jquery.js
INFO: [ app_init ] --START--
INFO: Run Behavior\BuildLiteBehavior [ RunTime:0.000050s ]
INFO: [ app_init ] --END-- [ RunTime:0.000797s ]
ERR: 无法加载模块:Public

[ 2018-01-23T10:18:31+08:00 ] ::1 /-/Public/xin/admin/login/Wopop_files/jquery.ui.theme.css
INFO: [ app_init ] --START--
INFO: Run Behavior\BuildLiteBehavior [ RunTime:0.000088s ]
INFO: [ app_init ] --END-- [ RunTime:0.002333s ]
ERR: 无法加载模块:Public

[ 2018-01-23T10:18:31+08:00 ] ::1 /-/Public/xin/admin/login/Wopop_files/jquery.ui.base.css
INFO: [ app_init ] --START--
INFO: Run Behavior\BuildLiteBehavior [ RunTime:0.000060s ]
INFO: [ app_init ] --END-- [ RunTime:0.001235s ]
ERR: 无法加载模块:Public

[ 2018-01-23T10:18:31+08:00 ] ::1 /-/Public/muban/assets/js/bootstrap.js
INFO: [ app_init ] --START--
INFO: Run Behavior\BuildLiteBehavior [ RunTime:0.000045s ]
INFO: [ app_init ] --END-- [ RunTime:0.000723s ]
ERR: 无法加载模块:Public

[ 2018-01-23T10:18:31+08:00 ] ::1 /-/Public/xin/admin/login/images/txt_input_bg.gif
INFO: [ app_init ] --START--
INFO: Run Behavior\BuildLiteBehavior [ RunTime:0.000036s ]
INFO: [ app_init ] --END-- [ RunTime:0.000702s ]
ERR: 无法加载模块:Public

[ 2018-01-23T11:42:08+08:00 ] ::1 /-/Public/home/img/home/img/person.jpg
INFO: [ app_init ] --START--
INFO: Run Behavior\BuildLiteBehavior [ RunTime:0.000048s ]
INFO: [ app_init ] --END-- [ RunTime:0.001003s ]
ERR: 无法加载模块:Public

[ 2018-01-23T11:42:12+08:00 ] ::1 /-/Public/home/img/home/img/person.jpg
INFO: [ app_init ] --START--
INFO: Run Behavior\BuildLiteBehavior [ RunTime:0.000061s ]
INFO: [ app_init ] --END-- [ RunTime:0.001041s ]
ERR: 无法加载模块:Public

[ 2018-01-23T11:44:34+08:00 ] ::1 /-/Public/home/img/home/img/person.jpg
INFO: [ app_init ] --START--
INFO: Run Behavior\BuildLiteBehavior [ RunTime:0.000055s ]
INFO: [ app_init ] --END-- [ RunTime:0.001117s ]
ERR: 无法加载模块:Public

[ 2018-01-23T11:44:35+08:00 ] ::1 /-/Public/home/img/home/img/person.jpg
INFO: [ app_init ] --START--
INFO: Run Behavior\BuildLiteBehavior [ RunTime:0.000049s ]
INFO: [ app_init ] --END-- [ RunTime:0.001780s ]
ERR: 无法加载模块:Public

[ 2018-01-23T11:44:36+08:00 ] ::1 /-/Public/home/img/home/img/person.jpg
INFO: [ app_init ] --START--
INFO: Run Behavior\BuildLiteBehavior [ RunTime:0.000054s ]
INFO: [ app_init ] --END-- [ RunTime:0.001291s ]
ERR: 无法加载模块:Public

[ 2018-01-23T11:44:36+08:00 ] ::1 /-/Public/home/img/home/img/person.jpg
INFO: [ app_init ] --START--
INFO: Run Behavior\BuildLiteBehavior [ RunTime:0.000129s ]
INFO: [ app_init ] --END-- [ RunTime:0.001151s ]
ERR: 无法加载模块:Public

[ 2018-01-23T11:44:49+08:00 ] ::1 /-/Public/home/img/home/img/person.jpg
INFO: [ app_init ] --START--
INFO: Run Behavior\BuildLiteBehavior [ RunTime:0.000047s ]
INFO: [ app_init ] --END-- [ RunTime:0.001014s ]
ERR: 无法加载模块:Public

[ 2018-01-23T11:44:49+08:00 ] ::1 /-/Public/home/img/home/img/person.jpg
INFO: [ app_init ] --START--
INFO: Run Behavior\BuildLiteBehavior [ RunTime:0.000051s ]
INFO: [ app_init ] --END-- [ RunTime:0.000906s ]
ERR: 无法加载模块:Public

[ 2018-01-23T11:44:50+08:00 ] ::1 /-/Public/home/img/home/img/person.jpg
INFO: [ app_init ] --START--
INFO: Run Behavior\BuildLiteBehavior [ RunTime:0.000050s ]
INFO: [ app_init ] --END-- [ RunTime:0.000970s ]
ERR: 无法加载模块:Public

[ 2018-01-23T11:44:50+08:00 ] ::1 /-/Public/home/img/home/img/person.jpg
INFO: [ app_init ] --START--
INFO: Run Behavior\BuildLiteBehavior [ RunTime:0.000053s ]
INFO: [ app_init ] --END-- [ RunTime:0.002337s ]
ERR: 无法加载模块:Public

[ 2018-01-23T11:44:50+08:00 ] ::1 /-/Public/home/img/home/img/person.jpg
INFO: [ app_init ] --START--
INFO: Run Behavior\BuildLiteBehavior [ RunTime:0.000059s ]
INFO: [ app_init ] --END-- [ RunTime:0.002037s ]
ERR: 无法加载模块:Public

[ 2018-01-23T11:44:50+08:00 ] ::1 /-/Public/home/img/home/img/person.jpg
INFO: [ app_init ] --START--
INFO: Run Behavior\BuildLiteBehavior [ RunTime:0.000056s ]
INFO: [ app_init ] --END-- [ RunTime:0.001185s ]
ERR: 无法加载模块:Public

[ 2018-01-23T11:44:50+08:00 ] ::1 /-/Public/home/img/home/img/person.jpg
INFO: [ app_init ] --START--
INFO: Run Behavior\BuildLiteBehavior [ RunTime:0.000049s ]
INFO: [ app_init ] --END-- [ RunTime:0.000869s ]
ERR: 无法加载模块:Public

[ 2018-01-23T11:44:51+08:00 ] ::1 /-/Public/home/img/home/img/person.jpg
INFO: [ app_init ] --START--
INFO: Run Behavior\BuildLiteBehavior [ RunTime:0.000052s ]
INFO: [ app_init ] --END-- [ RunTime:0.001090s ]
ERR: 无法加载模块:Public

[ 2018-01-23T11:44:51+08:00 ] ::1 /-/Public/home/img/home/img/person.jpg
INFO: [ app_init ] --START--
INFO: Run Behavior\BuildLiteBehavior [ RunTime:0.000053s ]
INFO: [ app_init ] --END-- [ RunTime:0.001309s ]
ERR: 无法加载模块:Public

[ 2018-01-23T11:44:51+08:00 ] ::1 /-/Public/home/img/home/img/person.jpg
INFO: [ app_init ] --START--
INFO: Run Behavior\BuildLiteBehavior [ RunTime:0.000049s ]
INFO: [ app_init ] --END-- [ RunTime:0.000933s ]
ERR: 无法加载模块:Public

[ 2018-01-23T11:44:51+08:00 ] ::1 /-/Public/home/img/home/img/person.jpg
INFO: [ app_init ] --START--
INFO: Run Behavior\BuildLiteBehavior [ RunTime:0.000054s ]
INFO: [ app_init ] --END-- [ RunTime:0.001188s ]
ERR: 无法加载模块:Public

[ 2018-01-23T11:44:54+08:00 ] ::1 /-/Public/home/img/home/img/person.jpg
INFO: [ app_init ] --START--
INFO: Run Behavior\BuildLiteBehavior [ RunTime:0.000052s ]
INFO: [ app_init ] --END-- [ RunTime:0.002259s ]
ERR: 无法加载模块:Public

[ 2018-01-23T11:44:56+08:00 ] ::1 /-/Public/home/img/home/img/person.jpg
INFO: [ app_init ] --START--
INFO: Run Behavior\BuildLiteBehavior [ RunTime:0.000054s ]
INFO: [ app_init ] --END-- [ RunTime:0.001254s ]
ERR: 无法加载模块:Public

[ 2018-01-23T11:44:57+08:00 ] ::1 /-/Public/home/img/home/img/person.jpg
INFO: [ app_init ] --START--
INFO: Run Behavior\BuildLiteBehavior [ RunTime:0.000054s ]
INFO: [ app_init ] --END-- [ RunTime:0.001147s ]
ERR: 无法加载模块:Public

[ 2018-01-23T11:44:57+08:00 ] ::1 /-/Public/home/img/home/img/person.jpg
INFO: [ app_init ] --START--
INFO: Run Behavior\BuildLiteBehavior [ RunTime:0.000044s ]
INFO: [ app_init ] --END-- [ RunTime:0.000764s ]
ERR: 无法加载模块:Public

[ 2018-01-23T11:44:57+08:00 ] ::1 /-/Public/home/img/home/img/person.jpg
INFO: [ app_init ] --START--
INFO: Run Behavior\BuildLiteBehavior [ RunTime:0.000040s ]
INFO: [ app_init ] --END-- [ RunTime:0.000654s ]
ERR: 无法加载模块:Public

[ 2018-01-23T11:44:58+08:00 ] ::1 /-/Public/home/img/home/img/person.jpg
INFO: [ app_init ] --START--
INFO: Run Behavior\BuildLiteBehavior [ RunTime:0.000046s ]
INFO: [ app_init ] --END-- [ RunTime:0.000982s ]
ERR: 无法加载模块:Public

[ 2018-01-23T11:44:58+08:00 ] ::1 /-/Public/home/img/home/img/person.jpg
INFO: [ app_init ] --START--
INFO: Run Behavior\BuildLiteBehavior [ RunTime:0.000041s ]
INFO: [ app_init ] --END-- [ RunTime:0.000638s ]
ERR: 无法加载模块:Public

[ 2018-01-23T11:44:58+08:00 ] ::1 /-/Public/home/img/home/img/person.jpg
INFO: [ app_init ] --START--
INFO: Run Behavior\BuildLiteBehavior [ RunTime:0.000045s ]
INFO: [ app_init ] --END-- [ RunTime:0.000769s ]
ERR: 无法加载模块:Public

[ 2018-01-23T11:45:03+08:00 ] ::1 /-/Public/home/img/home/img/person.jpg
INFO: [ app_init ] --START--
INFO: Run Behavior\BuildLiteBehavior [ RunTime:0.000051s ]
INFO: [ app_init ] --END-- [ RunTime:0.001060s ]
ERR: 无法加载模块:Public

[ 2018-01-23T11:45:04+08:00 ] ::1 /-/Public/home/img/home/img/person.jpg
INFO: [ app_init ] --START--
INFO: Run Behavior\BuildLiteBehavior [ RunTime:0.000087s ]
INFO: [ app_init ] --END-- [ RunTime:0.001429s ]
ERR: 无法加载模块:Public

[ 2018-01-23T11:45:04+08:00 ] ::1 /-/Public/home/img/home/img/person.jpg
INFO: [ app_init ] --START--
INFO: Run Behavior\BuildLiteBehavior [ RunTime:0.000070s ]
INFO: [ app_init ] --END-- [ RunTime:0.001177s ]
ERR: 无法加载模块:Public

[ 2018-01-23T11:45:04+08:00 ] ::1 /-/Public/home/img/home/img/person.jpg
INFO: [ app_init ] --START--
INFO: Run Behavior\BuildLiteBehavior [ RunTime:0.000052s ]
INFO: [ app_init ] --END-- [ RunTime:0.001394s ]
ERR: 无法加载模块:Public

[ 2018-01-23T11:45:05+08:00 ] ::1 /-/Public/home/img/home/img/person.jpg
INFO: [ app_init ] --START--
INFO: Run Behavior\BuildLiteBehavior [ RunTime:0.000047s ]
INFO: [ app_init ] --END-- [ RunTime:0.000709s ]
ERR: 无法加载模块:Public

[ 2018-01-23T11:45:05+08:00 ] ::1 /-/Public/home/img/home/img/person.jpg
INFO: [ app_init ] --START--
INFO: Run Behavior\BuildLiteBehavior [ RunTime:0.000046s ]
INFO: [ app_init ] --END-- [ RunTime:0.000826s ]
ERR: 无法加载模块:Public

[ 2018-01-23T11:45:05+08:00 ] ::1 /-/Public/home/img/home/img/person.jpg
INFO: [ app_init ] --START--
INFO: Run Behavior\BuildLiteBehavior [ RunTime:0.000475s ]
INFO: [ app_init ] --END-- [ RunTime:0.002194s ]
ERR: 无法加载模块:Public

[ 2018-01-23T11:45:06+08:00 ] ::1 /-/Public/home/img/home/img/person.jpg
INFO: [ app_init ] --START--
INFO: Run Behavior\BuildLiteBehavior [ RunTime:0.000184s ]
INFO: [ app_init ] --END-- [ RunTime:0.001241s ]
ERR: 无法加载模块:Public

[ 2018-01-23T11:45:06+08:00 ] ::1 /-/Public/home/img/home/img/person.jpg
INFO: [ app_init ] --START--
INFO: Run Behavior\BuildLiteBehavior [ RunTime:0.000059s ]
INFO: [ app_init ] --END-- [ RunTime:0.001473s ]
ERR: 无法加载模块:Public

[ 2018-01-23T11:45:37+08:00 ] ::1 /-/Public/home/img/home/img/person.jpg
INFO: [ app_init ] --START--
INFO: Run Behavior\BuildLiteBehavior [ RunTime:0.000050s ]
INFO: [ app_init ] --END-- [ RunTime:0.000830s ]
ERR: 无法加载模块:Public

[ 2018-01-23T11:45:43+08:00 ] ::1 /-/Public/home/img/home/img/person.jpg
INFO: [ app_init ] --START--
INFO: Run Behavior\BuildLiteBehavior [ RunTime:0.000049s ]
INFO: [ app_init ] --END-- [ RunTime:0.000742s ]
ERR: 无法加载模块:Public

[ 2018-01-23T11:45:46+08:00 ] ::1 /-/Public/home/img/home/img/person.jpg
INFO: [ app_init ] --START--
INFO: Run Behavior\BuildLiteBehavior [ RunTime:0.000049s ]
INFO: [ app_init ] --END-- [ RunTime:0.000839s ]
ERR: 无法加载模块:Public

[ 2018-01-23T15:31:09+08:00 ] ::1 /-/Public/home/images/beijing.jpg
INFO: [ app_init ] --START--
INFO: Run Behavior\BuildLiteBehavior [ RunTime:0.000147s ]
INFO: [ app_init ] --END-- [ RunTime:0.001282s ]
ERR: 无法加载模块:Public

[ 2018-01-23T15:37:23+08:00 ] ::1 /-/Public/home/images/beijing.jpg
INFO: [ app_init ] --START--
INFO: Run Behavior\BuildLiteBehavior [ RunTime:0.000048s ]
INFO: [ app_init ] --END-- [ RunTime:0.000891s ]
ERR: 无法加载模块:Public

[ 2018-01-23T15:38:50+08:00 ] ::1 /-/Public/home/images/beijing.jpg
INFO: [ app_init ] --START--
INFO: Run Behavior\BuildLiteBehavior [ RunTime:0.000050s ]
INFO: [ app_init ] --END-- [ RunTime:0.001044s ]
ERR: 无法加载模块:Public

[ 2018-01-23T15:49:00+08:00 ] ::1 /-/Public/home/images/beijing.jpg
INFO: [ app_init ] --START--
INFO: Run Behavior\BuildLiteBehavior [ RunTime:0.000042s ]
INFO: [ app_init ] --END-- [ RunTime:0.000687s ]
ERR: 无法加载模块:Public

[ 2018-01-23T15:56:02+08:00 ] ::1 /-/Public/home/images/beijing.jpg
INFO: [ app_init ] --START--
INFO: Run Behavior\BuildLiteBehavior [ RunTime:0.000043s ]
INFO: [ app_init ] --END-- [ RunTime:0.000688s ]
ERR: 无法加载模块:Public

[ 2018-01-23T16:46:03+08:00 ] ::1 /-/Public/home/images/beijing.jpg
INFO: [ app_init ] --START--
INFO: Run Behavior\BuildLiteBehavior [ RunTime:0.000051s ]
INFO: [ app_init ] --END-- [ RunTime:0.000959s ]
ERR: 无法加载模块:Public

[ 2018-01-23T16:48:34+08:00 ] ::1 /-/Public/home/images/beijing.jpg
INFO: [ app_init ] --START--
INFO: Run Behavior\BuildLiteBehavior [ RunTime:0.000056s ]
INFO: [ app_init ] --END-- [ RunTime:0.001054s ]
ERR: 无法加载模块:Public

[ 2018-01-23T16:52:46+08:00 ] ::1 /-/Public/home/images/beijing.jpg
INFO: [ app_init ] --START--
INFO: Run Behavior\BuildLiteBehavior [ RunTime:0.000048s ]
INFO: [ app_init ] --END-- [ RunTime:0.000849s ]
ERR: 无法加载模块:Public

[ 2018-01-23T17:13:55+08:00 ] ::1 /-/Public/home/images/beijing.jpg
INFO: [ app_init ] --START--
INFO: Run Behavior\BuildLiteBehavior [ RunTime:0.000055s ]
INFO: [ app_init ] --END-- [ RunTime:0.001790s ]
ERR: 无法加载模块:Public

[ 2018-01-23T17:15:41+08:00 ] ::1 /-/Public/home/images/beijing.jpg
INFO: [ app_init ] --START--
INFO: Run Behavior\BuildLiteBehavior [ RunTime:0.000049s ]
INFO: [ app_init ] --END-- [ RunTime:0.001489s ]
ERR: 无法加载模块:Public

[ 2018-01-23T17:19:06+08:00 ] ::1 /-/Public/home/images/beijing.jpg
INFO: [ app_init ] --START--
INFO: Run Behavior\BuildLiteBehavior [ RunTime:0.000190s ]
INFO: [ app_init ] --END-- [ RunTime:0.002135s ]
ERR: 无法加载模块:Public

[ 2018-01-23T17:19:34+08:00 ] ::1 /-/Public/home/images/beijing.jpg
INFO: [ app_init ] --START--
INFO: Run Behavior\BuildLiteBehavior [ RunTime:0.000051s ]
INFO: [ app_init ] --END-- [ RunTime:0.000781s ]
ERR: 无法加载模块:Public

[ 2018-01-23T17:21:06+08:00 ] ::1 /-/Public/home/images/beijing.jpg
INFO: [ app_init ] --START--
INFO: Run Behavior\BuildLiteBehavior [ RunTime:0.000064s ]
INFO: [ app_init ] --END-- [ RunTime:0.001036s ]
ERR: 无法加载模块:Public

[ 2018-01-23T17:21:45+08:00 ] ::1 /-/Public/home/images/beijing.jpg
INFO: [ app_init ] --START--
INFO: Run Behavior\BuildLiteBehavior [ RunTime:0.000049s ]
INFO: [ app_init ] --END-- [ RunTime:0.000888s ]
ERR: 无法加载模块:Public

[ 2018-01-23T17:25:25+08:00 ] ::1 /-/Public/home/images/beijing.jpg
INFO: [ app_init ] --START--
INFO: Run Behavior\BuildLiteBehavior [ RunTime:0.000064s ]
INFO: [ app_init ] --END-- [ RunTime:0.000848s ]
ERR: 无法加载模块:Public

[ 2018-01-23T17:40:52+08:00 ] ::1 /-/Public/home/jiahao.png
INFO: [ app_init ] --START--
INFO: Run Behavior\BuildLiteBehavior [ RunTime:0.000050s ]
INFO: [ app_init ] --END-- [ RunTime:0.001049s ]
ERR: 无法加载模块:Public

[ 2018-01-23T17:40:52+08:00 ] ::1 /-/Public/home/images/beijing.jpg
INFO: [ app_init ] --START--
INFO: Run Behavior\BuildLiteBehavior [ RunTime:0.000047s ]
INFO: [ app_init ] --END-- [ RunTime:0.000841s ]
ERR: 无法加载模块:Public

[ 2018-01-23T18:04:39+08:00 ] ::1 /-/Public/home/images/beijing.jpg
INFO: [ app_init ] --START--
INFO: Run Behavior\BuildLiteBehavior [ RunTime:0.000051s ]
INFO: [ app_init ] --END-- [ RunTime:0.000970s ]
ERR: 无法加载模块:Public

[ 2018-01-23T18:11:28+08:00 ] ::1 /-/Public/home/images/beijing.jpg
INFO: [ app_init ] --START--
INFO: Run Behavior\BuildLiteBehavior [ RunTime:0.000044s ]
INFO: [ app_init ] --END-- [ RunTime:0.000730s ]
ERR: 无法加载模块:Public

[ 2018-01-23T18:12:20+08:00 ] ::1 /-/Public/home/images/beijing.jpg
INFO: [ app_init ] --START--
INFO: Run Behavior\BuildLiteBehavior [ RunTime:0.000051s ]
INFO: [ app_init ] --END-- [ RunTime:0.000863s ]
ERR: 无法加载模块:Public

[ 2018-01-23T18:12:35+08:00 ] ::1 /-/Public/home/images/beijing.jpg
INFO: [ app_init ] --START--
INFO: Run Behavior\BuildLiteBehavior [ RunTime:0.000051s ]
INFO: [ app_init ] --END-- [ RunTime:0.001020s ]
ERR: 无法加载模块:Public

[ 2018-01-23T18:14:38+08:00 ] ::1 /-/Public/home/images/beijing.jpg
INFO: [ app_init ] --START--
INFO: Run Behavior\BuildLiteBehavior [ RunTime:0.000057s ]
INFO: [ app_init ] --END-- [ RunTime:0.001177s ]
ERR: 无法加载模块:Public

[ 2018-01-23T18:14:39+08:00 ] ::1 /-/Public/home/images/beijing.jpg
INFO: [ app_init ] --START--
INFO: Run Behavior\BuildLiteBehavior [ RunTime:0.000046s ]
INFO: [ app_init ] --END-- [ RunTime:0.000780s ]
ERR: 无法加载模块:Public

[ 2018-01-23T18:14:40+08:00 ] ::1 /-/Public/home/images/beijing.jpg
INFO: [ app_init ] --START--
INFO: Run Behavior\BuildLiteBehavior [ RunTime:0.000100s ]
INFO: [ app_init ] --END-- [ RunTime:0.001411s ]
ERR: 无法加载模块:Public

[ 2018-01-23T18:18:46+08:00 ] ::1 /-/Public/home/images/beijing.jpg
INFO: [ app_init ] --START--
INFO: Run Behavior\BuildLiteBehavior [ RunTime:0.000051s ]
INFO: [ app_init ] --END-- [ RunTime:0.000938s ]
ERR: 无法加载模块:Public

[ 2018-01-23T18:19:00+08:00 ] ::1 /-/Public/home/images/beijing.jpg
INFO: [ app_init ] --START--
INFO: Run Behavior\BuildLiteBehavior [ RunTime:0.000046s ]
INFO: [ app_init ] --END-- [ RunTime:0.000817s ]
ERR: 无法加载模块:Public

[ 2018-01-23T18:21:07+08:00 ] ::1 /-/Public/img/yuxiangrs.jpg
INFO: [ app_init ] --START--
INFO: Run Behavior\BuildLiteBehavior [ RunTime:0.000051s ]
INFO: [ app_init ] --END-- [ RunTime:0.000953s ]
ERR: 无法加载模块:Public

[ 2018-01-23T18:21:07+08:00 ] ::1 /-/Public/home/images/beijing.jpg
INFO: [ app_init ] --START--
INFO: Run Behavior\BuildLiteBehavior [ RunTime:0.000054s ]
INFO: [ app_init ] --END-- [ RunTime:0.000827s ]
ERR: 无法加载模块:Public

[ 2018-01-23T18:21:08+08:00 ] ::1 /-/Public/img/yuxiangrs.jpg
INFO: [ app_init ] --START--
INFO: Run Behavior\BuildLiteBehavior [ RunTime:0.000046s ]
INFO: [ app_init ] --END-- [ RunTime:0.001003s ]
ERR: 无法加载模块:Public

[ 2018-01-23T18:22:52+08:00 ] ::1 /-/Public/img/yuxiangrs.jpg
INFO: [ app_init ] --START--
INFO: Run Behavior\BuildLiteBehavior [ RunTime:0.000048s ]
INFO: [ app_init ] --END-- [ RunTime:0.000855s ]
ERR: 无法加载模块:Public

[ 2018-01-23T18:23:13+08:00 ] ::1 /-/Public/img/yuxiangrs.jpg
INFO: [ app_init ] --START--
INFO: Run Behavior\BuildLiteBehavior [ RunTime:0.000050s ]
INFO: [ app_init ] --END-- [ RunTime:0.000995s ]
ERR: 无法加载模块:Public

[ 2018-01-23T18:23:47+08:00 ] ::1 /-/Public/img/yuxiangrs.jpg
INFO: [ app_init ] --START--
INFO: Run Behavior\BuildLiteBehavior [ RunTime:0.000233s ]
INFO: [ app_init ] --END-- [ RunTime:0.001314s ]
ERR: 无法加载模块:Public

[ 2018-01-23T18:24:59+08:00 ] ::1 /-/Public/img/yuxiangrs.jpg
INFO: [ app_init ] --START--
INFO: Run Behavior\BuildLiteBehavior [ RunTime:0.000046s ]
INFO: [ app_init ] --END-- [ RunTime:0.000872s ]
ERR: 无法加载模块:Public

[ 2018-01-23T18:25:00+08:00 ] ::1 /-/Public/img/yuxiangrs.jpg
INFO: [ app_init ] --START--
INFO: Run Behavior\BuildLiteBehavior [ RunTime:0.000047s ]
INFO: [ app_init ] --END-- [ RunTime:0.000759s ]
ERR: 无法加载模块:Public

[ 2018-01-23T18:25:01+08:00 ] ::1 /-/Public/img/yuxiangrs.jpg
INFO: [ app_init ] --START--
INFO: Run Behavior\BuildLiteBehavior [ RunTime:0.000054s ]
INFO: [ app_init ] --END-- [ RunTime:0.001052s ]
ERR: 无法加载模块:Public

[ 2018-01-23T18:25:02+08:00 ] ::1 /-/Public/img/yuxiangrs.jpg
INFO: [ app_init ] --START--
INFO: Run Behavior\BuildLiteBehavior [ RunTime:0.000077s ]
INFO: [ app_init ] --END-- [ RunTime:0.001350s ]
ERR: 无法加载模块:Public

[ 2018-01-23T18:25:16+08:00 ] ::1 /-/Public/img/yuxiangrs.jpg
INFO: [ app_init ] --START--
INFO: Run Behavior\BuildLiteBehavior [ RunTime:0.000380s ]
INFO: [ app_init ] --END-- [ RunTime:0.003061s ]
ERR: 无法加载模块:Public

[ 2018-01-23T18:25:17+08:00 ] ::1 /-/Public/img/yuxiangrs.jpg
INFO: [ app_init ] --START--
INFO: Run Behavior\BuildLiteBehavior [ RunTime:0.000045s ]
INFO: [ app_init ] --END-- [ RunTime:0.001060s ]
ERR: 无法加载模块:Public

[ 2018-01-23T18:26:42+08:00 ] ::1 /-/Public/img/yuxiangrs.jpg
INFO: [ app_init ] --START--
INFO: Run Behavior\BuildLiteBehavior [ RunTime:0.000045s ]
INFO: [ app_init ] --END-- [ RunTime:0.000722s ]
ERR: 无法加载模块:Public

[ 2018-01-23T18:26:43+08:00 ] ::1 /-/Public/img/yuxiangrs.jpg
INFO: [ app_init ] --START--
INFO: Run Behavior\BuildLiteBehavior [ RunTime:0.000044s ]
INFO: [ app_init ] --END-- [ RunTime:0.000714s ]
ERR: 无法加载模块:Public

[ 2018-01-23T18:26:44+08:00 ] ::1 /-/Public/img/yuxiangrs.jpg
INFO: [ app_init ] --START--
INFO: Run Behavior\BuildLiteBehavior [ RunTime:0.000048s ]
INFO: [ app_init ] --END-- [ RunTime:0.000819s ]
ERR: 无法加载模块:Public

[ 2018-01-23T18:26:45+08:00 ] ::1 /-/Public/img/yuxiangrs.jpg
INFO: [ app_init ] --START--
INFO: Run Behavior\BuildLiteBehavior [ RunTime:0.000062s ]
INFO: [ app_init ] --END-- [ RunTime:0.001652s ]
ERR: 无法加载模块:Public

[ 2018-01-23T18:33:33+08:00 ] ::1 /-/Public/img/yuxiangrs.jpg
INFO: [ app_init ] --START--
INFO: Run Behavior\BuildLiteBehavior [ RunTime:0.000052s ]
INFO: [ app_init ] --END-- [ RunTime:0.017345s ]
ERR: 无法加载模块:Public

[ 2018-01-23T18:34:15+08:00 ] ::1 /-/Public/img/yuxiangrs.jpg
INFO: [ app_init ] --START--
INFO: Run Behavior\BuildLiteBehavior [ RunTime:0.000096s ]
INFO: [ app_init ] --END-- [ RunTime:0.001563s ]
ERR: 无法加载模块:Public

[ 2018-01-23T18:37:19+08:00 ] ::1 /-/Public/img/yuxiangrs.jpg
INFO: [ app_init ] --START--
INFO: Run Behavior\BuildLiteBehavior [ RunTime:0.000053s ]
INFO: [ app_init ] --END-- [ RunTime:0.000933s ]
ERR: 无法加载模块:Public

[ 2018-01-23T18:37:19+08:00 ] ::1 /-/Public/home/images/beijing.jpg
INFO: [ app_init ] --START--
INFO: Run Behavior\BuildLiteBehavior [ RunTime:0.000068s ]
INFO: [ app_init ] --END-- [ RunTime:0.001538s ]
ERR: 无法加载模块:Public

[ 2018-01-23T18:38:16+08:00 ] ::1 /-/Public/home/images/beijing.jpg
INFO: [ app_init ] --START--
INFO: Run Behavior\BuildLiteBehavior [ RunTime:0.000056s ]
INFO: [ app_init ] --END-- [ RunTime:0.000777s ]
ERR: 无法加载模块:Public

[ 2018-01-23T18:38:16+08:00 ] ::1 /-/Public/img/yuxiangrs.jpg
INFO: [ app_init ] --START--
INFO: Run Behavior\BuildLiteBehavior [ RunTime:0.000049s ]
INFO: [ app_init ] --END-- [ RunTime:0.001155s ]
ERR: 无法加载模块:Public

[ 2018-01-23T18:38:55+08:00 ] ::1 /-/Public/img/yuxiangrs.jpg
INFO: [ app_init ] --START--
INFO: Run Behavior\BuildLiteBehavior [ RunTime:0.000200s ]
INFO: [ app_init ] --END-- [ RunTime:0.001038s ]
ERR: 无法加载模块:Public

[ 2018-01-23T18:38:55+08:00 ] ::1 /-/Public/home/images/beijing.jpg
INFO: [ app_init ] --START--
INFO: Run Behavior\BuildLiteBehavior [ RunTime:0.000051s ]
INFO: [ app_init ] --END-- [ RunTime:0.000955s ]
ERR: 无法加载模块:Public

