[ 2018-01-25T10:55:18+08:00 ] ::1 /kuaidian/index.php/Admin/shop/index.html?id=1
INFO: [ app_init ] --START--
INFO: Run Behavior\BuildLiteBehavior [ RunTime:0.000016s ]
INFO: [ app_init ] --END-- [ RunTime:0.000602s ]
INFO: [ app_begin ] --START--
INFO: Run Behavior\ReadHtmlCacheBehavior [ RunTime:0.001175s ]
INFO: [ app_begin ] --END-- [ RunTime:0.001275s ]
SQL: SHOW COLUMNS FROM `city` [ RunTime:0.0041s ]
SQL: SELECT * FROM `city` ORDER BY paix desc  [ RunTime:0.0152s ]
SQL: SHOW COLUMNS FROM `shop` [ RunTime:0.0046s ]
SQL: SELECT * FROM `shop`  [ RunTime:0.0008s ]
INFO: [ view_parse ] --START--
INFO: [ template_filter ] --START--
INFO: Run Behavior\ContentReplaceBehavior [ RunTime:0.000107s ]
INFO: [ template_filter ] --END-- [ RunTime:0.000151s ]
NOTIC: [8] Use of undefined constant Index - assumed 'Index' D:\xampp\htdocs\kuaidian\Application\Runtime\Cache\Admin\52fa67f14c08742f6c521ab8140bab06.php 第 83 行.
NOTIC: [8] Use of undefined constant Shop - assumed 'Shop' D:\xampp\htdocs\kuaidian\Application\Runtime\Cache\Admin\52fa67f14c08742f6c521ab8140bab06.php 第 91 行.
NOTIC: [2] array_pop() expects parameter 1 to be array, null given D:\xampp\htdocs\kuaidian\Application\Runtime\Cache\Admin\52fa67f14c08742f6c521ab8140bab06.php 第 164 行.
NOTIC: [2] Invalid argument supplied for foreach() D:\xampp\htdocs\kuaidian\Application\Runtime\Cache\Admin\52fa67f14c08742f6c521ab8140bab06.php 第 164 行.
NOTIC: [8] Undefined variable: active D:\xampp\htdocs\kuaidian\Application\Runtime\Cache\Admin\52fa67f14c08742f6c521ab8140bab06.php 第 167 行.
NOTIC: [8] Undefined variable: info D:\xampp\htdocs\kuaidian\Application\Runtime\Cache\Admin\52fa67f14c08742f6c521ab8140bab06.php 第 248 行.
SQL: SELECT `name` FROM `city` WHERE `code` = '130500'  [ RunTime:0.0006s ]
SQL: SHOW COLUMNS FROM `shop_type` [ RunTime:0.0050s ]
SQL: SELECT `mingch` FROM `shop_type` WHERE `id` = 1  [ RunTime:0.0004s ]
SQL: SHOW COLUMNS FROM `sale` [ RunTime:0.0042s ]
SQL: SELECT COUNT(*) AS tp_count FROM `sale` WHERE `dep_type` = 1 LIMIT 1   [ RunTime:0.0004s ]
SQL: SELECT `name` FROM `city` WHERE `code` = '130100'  [ RunTime:0.0002s ]
SQL: SELECT `mingch` FROM `shop_type` WHERE `id` = 2  [ RunTime:0.0001s ]
SQL: SELECT COUNT(*) AS tp_count FROM `sale` WHERE `dep_type` = 3 LIMIT 1   [ RunTime:0.0001s ]
SQL: SELECT `name` FROM `city` WHERE `code` = '350300'  [ RunTime:0.0004s ]
SQL: SELECT `mingch` FROM `shop_type` WHERE `id` = 3  [ RunTime:0.0002s ]
SQL: SELECT COUNT(*) AS tp_count FROM `sale` WHERE `dep_type` = 23 LIMIT 1   [ RunTime:0.0001s ]
SQL: SELECT `name` FROM `city` WHERE `code` = '140400'  [ RunTime:0.0002s ]
SQL: SELECT `mingch` FROM `shop_type` WHERE `id` = 7  [ RunTime:0.0002s ]
SQL: SELECT COUNT(*) AS tp_count FROM `sale` WHERE `dep_type` = 24 LIMIT 1   [ RunTime:0.0002s ]
SQL: SELECT `name` FROM `city` WHERE `code` = '130400'  [ RunTime:0.0006s ]
SQL: SELECT `mingch` FROM `shop_type` WHERE `id` = 8  [ RunTime:0.0005s ]
SQL: SELECT COUNT(*) AS tp_count FROM `sale` WHERE `dep_type` = 25 LIMIT 1   [ RunTime:0.0007s ]
INFO: Run Behavior\ParseTemplateBehavior [ RunTime:0.053744s ]
INFO: [ view_parse ] --END-- [ RunTime:0.053772s ]
INFO: [ view_filter ] --START--
INFO: Run Behavior\WriteHtmlCacheBehavior [ RunTime:0.000617s ]
INFO: [ view_filter ] --END-- [ RunTime:0.000640s ]
INFO: [ app_end ] --START--
INFO: Run Behavior\ShowPageTraceBehavior [ RunTime:0.000683s ]
INFO: [ app_end ] --END-- [ RunTime:0.000715s ]

[ 2018-01-25T10:55:21+08:00 ] ::1 /kuaidian/index.php/Admin/Seat/index/menid/1/id/1.html
INFO: [ app_init ] --START--
INFO: Run Behavior\BuildLiteBehavior [ RunTime:0.000010s ]
INFO: [ app_init ] --END-- [ RunTime:0.000304s ]
INFO: [ app_begin ] --START--
INFO: Run Behavior\ReadHtmlCacheBehavior [ RunTime:0.000391s ]
INFO: [ app_begin ] --END-- [ RunTime:0.000416s ]
SQL: SHOW COLUMNS FROM `city` [ RunTime:0.0041s ]
SQL: SELECT * FROM `city` ORDER BY paix desc  [ RunTime:0.0039s ]
SQL: SHOW COLUMNS FROM `seat` [ RunTime:0.0043s ]
SQL: SELECT * FROM `seat` WHERE `dep_shop` = 1  [ RunTime:0.0003s ]
INFO: [ view_parse ] --START--
INFO: [ template_filter ] --START--
INFO: Run Behavior\ContentReplaceBehavior [ RunTime:0.000113s ]
INFO: [ template_filter ] --END-- [ RunTime:0.000158s ]
NOTIC: [8] Use of undefined constant Index - assumed 'Index' D:\xampp\htdocs\kuaidian\Application\Runtime\Cache\Admin\71b55754ac98eb21be893cb2624022a0.php 第 83 行.
NOTIC: [8] Use of undefined constant Shop - assumed 'Shop' D:\xampp\htdocs\kuaidian\Application\Runtime\Cache\Admin\71b55754ac98eb21be893cb2624022a0.php 第 91 行.
NOTIC: [8] Use of undefined constant Shoptype - assumed 'Shoptype' D:\xampp\htdocs\kuaidian\Application\Runtime\Cache\Admin\71b55754ac98eb21be893cb2624022a0.php 第 91 行.
NOTIC: [8] Use of undefined constant Danwei - assumed 'Danwei' D:\xampp\htdocs\kuaidian\Application\Runtime\Cache\Admin\71b55754ac98eb21be893cb2624022a0.php 第 91 行.
NOTIC: [8] Use of undefined constant Seat - assumed 'Seat' D:\xampp\htdocs\kuaidian\Application\Runtime\Cache\Admin\71b55754ac98eb21be893cb2624022a0.php 第 91 行.
NOTIC: [2] array_pop() expects parameter 1 to be array, null given D:\xampp\htdocs\kuaidian\Application\Runtime\Cache\Admin\71b55754ac98eb21be893cb2624022a0.php 第 164 行.
NOTIC: [2] Invalid argument supplied for foreach() D:\xampp\htdocs\kuaidian\Application\Runtime\Cache\Admin\71b55754ac98eb21be893cb2624022a0.php 第 164 行.
NOTIC: [8] Undefined variable: active D:\xampp\htdocs\kuaidian\Application\Runtime\Cache\Admin\71b55754ac98eb21be893cb2624022a0.php 第 167 行.
NOTIC: [8] Undefined variable: info D:\xampp\htdocs\kuaidian\Application\Runtime\Cache\Admin\71b55754ac98eb21be893cb2624022a0.php 第 248 行.
SQL: SHOW COLUMNS FROM `seat_type` [ RunTime:0.0033s ]
SQL: SELECT `mingch` FROM `seat_type` WHERE `id` = 14  [ RunTime:0.0004s ]
SQL: SHOW COLUMNS FROM `shop` [ RunTime:0.0039s ]
SQL: SELECT `mingch` FROM `shop` WHERE `id` = 1  [ RunTime:0.0004s ]
NOTIC: [8] Undefined index: flid D:\xampp\htdocs\kuaidian\Application\Runtime\Cache\Admin\71b55754ac98eb21be893cb2624022a0.php 第 277 行.
NOTIC: [8] Undefined index: kwid D:\xampp\htdocs\kuaidian\Application\Runtime\Cache\Admin\71b55754ac98eb21be893cb2624022a0.php 第 277 行.
SQL: SELECT `mingch` FROM `seat_type` WHERE `id` = 11  [ RunTime:0.0001s ]
SQL: SELECT `mingch` FROM `shop` WHERE `id` = 1  [ RunTime:0.0001s ]
NOTIC: [8] Undefined index: flid D:\xampp\htdocs\kuaidian\Application\Runtime\Cache\Admin\71b55754ac98eb21be893cb2624022a0.php 第 277 行.
NOTIC: [8] Undefined index: kwid D:\xampp\htdocs\kuaidian\Application\Runtime\Cache\Admin\71b55754ac98eb21be893cb2624022a0.php 第 277 行.
SQL: SELECT `mingch` FROM `seat_type` WHERE `id` = 10  [ RunTime:0.0001s ]
SQL: SELECT `mingch` FROM `shop` WHERE `id` = 1  [ RunTime:0.0001s ]
NOTIC: [8] Undefined index: flid D:\xampp\htdocs\kuaidian\Application\Runtime\Cache\Admin\71b55754ac98eb21be893cb2624022a0.php 第 277 行.
NOTIC: [8] Undefined index: kwid D:\xampp\htdocs\kuaidian\Application\Runtime\Cache\Admin\71b55754ac98eb21be893cb2624022a0.php 第 277 行.
SQL: SELECT `mingch` FROM `seat_type` WHERE `id` = 11  [ RunTime:0.0001s ]
SQL: SELECT `mingch` FROM `shop` WHERE `id` = 1  [ RunTime:0.0001s ]
NOTIC: [8] Undefined index: flid D:\xampp\htdocs\kuaidian\Application\Runtime\Cache\Admin\71b55754ac98eb21be893cb2624022a0.php 第 277 行.
NOTIC: [8] Undefined index: kwid D:\xampp\htdocs\kuaidian\Application\Runtime\Cache\Admin\71b55754ac98eb21be893cb2624022a0.php 第 277 行.
SQL: SELECT `mingch` FROM `seat_type` WHERE `id` = 11  [ RunTime:0.0003s ]
SQL: SELECT `mingch` FROM `shop` WHERE `id` = 1  [ RunTime:0.0002s ]
NOTIC: [8] Undefined index: flid D:\xampp\htdocs\kuaidian\Application\Runtime\Cache\Admin\71b55754ac98eb21be893cb2624022a0.php 第 277 行.
NOTIC: [8] Undefined index: kwid D:\xampp\htdocs\kuaidian\Application\Runtime\Cache\Admin\71b55754ac98eb21be893cb2624022a0.php 第 277 行.
INFO: Run Behavior\ParseTemplateBehavior [ RunTime:0.020744s ]
INFO: [ view_parse ] --END-- [ RunTime:0.020767s ]
INFO: [ view_filter ] --START--
INFO: Run Behavior\WriteHtmlCacheBehavior [ RunTime:0.000428s ]
INFO: [ view_filter ] --END-- [ RunTime:0.000452s ]
INFO: [ app_end ] --START--
INFO: Run Behavior\ShowPageTraceBehavior [ RunTime:0.000482s ]
INFO: [ app_end ] --END-- [ RunTime:0.000507s ]

[ 2018-01-25T10:55:23+08:00 ] ::1 /kuaidian/index.php/Admin/Seat/add/id/1.html
INFO: [ app_init ] --START--
INFO: Run Behavior\BuildLiteBehavior [ RunTime:0.000014s ]
INFO: [ app_init ] --END-- [ RunTime:0.000371s ]
INFO: [ app_begin ] --START--
INFO: Run Behavior\ReadHtmlCacheBehavior [ RunTime:0.000560s ]
INFO: [ app_begin ] --END-- [ RunTime:0.000611s ]
SQL: SHOW COLUMNS FROM `city` [ RunTime:0.0035s ]
SQL: SELECT * FROM `city` ORDER BY paix desc  [ RunTime:0.0046s ]
SQL: SHOW COLUMNS FROM `seat_type` [ RunTime:0.0037s ]
NOTIC: [8] Undefined variable: where D:\xampp\htdocs\kuaidian\Application\Admin\Controller\SeatController.class.php 第 42 行.
SQL: SELECT * FROM `seat_type`  [ RunTime:0.0003s ]
INFO: [ view_parse ] --START--
INFO: [ template_filter ] --START--
INFO: Run Behavior\ContentReplaceBehavior [ RunTime:0.000058s ]
INFO: [ template_filter ] --END-- [ RunTime:0.000099s ]
INFO: Run Behavior\ParseTemplateBehavior [ RunTime:0.006806s ]
INFO: [ view_parse ] --END-- [ RunTime:0.006848s ]
INFO: [ view_filter ] --START--
INFO: Run Behavior\WriteHtmlCacheBehavior [ RunTime:0.000298s ]
INFO: [ view_filter ] --END-- [ RunTime:0.000324s ]
INFO: [ app_end ] --START--
INFO: Run Behavior\ShowPageTraceBehavior [ RunTime:0.000490s ]
INFO: [ app_end ] --END-- [ RunTime:0.000519s ]

[ 2018-01-25T11:16:29+08:00 ] 192.168.0.104 /kuaidian/index.php/Admin/Food/index/menid/1/id/1.html
INFO: [ app_init ] --START--
INFO: Run Behavior\BuildLiteBehavior [ RunTime:0.000009s ]
INFO: [ app_init ] --END-- [ RunTime:0.000446s ]
INFO: [ app_begin ] --START--
INFO: Run Behavior\ReadHtmlCacheBehavior [ RunTime:0.000716s ]
INFO: [ app_begin ] --END-- [ RunTime:0.000752s ]
SQL: SHOW COLUMNS FROM `city` [ RunTime:0.0039s ]
SQL: SELECT * FROM `city` ORDER BY paix desc  [ RunTime:0.0098s ]
SQL: SHOW COLUMNS FROM `food` [ RunTime:0.0084s ]
SQL: SELECT * FROM `food` WHERE `dep_shop` = 1  [ RunTime:0.0011s ]
INFO: [ view_parse ] --START--
INFO: [ template_filter ] --START--
INFO: Run Behavior\ContentReplaceBehavior [ RunTime:0.000282s ]
INFO: [ template_filter ] --END-- [ RunTime:0.000548s ]
NOTIC: [8] Use of undefined constant Index - assumed 'Index' D:\xampp\htdocs\kuaidian\Application\Runtime\Cache\Admin\366640149ae8cbe094b01f770667186d.php 第 83 行.
NOTIC: [8] Use of undefined constant Shop - assumed 'Shop' D:\xampp\htdocs\kuaidian\Application\Runtime\Cache\Admin\366640149ae8cbe094b01f770667186d.php 第 91 行.
NOTIC: [8] Use of undefined constant Shoptype - assumed 'Shoptype' D:\xampp\htdocs\kuaidian\Application\Runtime\Cache\Admin\366640149ae8cbe094b01f770667186d.php 第 91 行.
NOTIC: [8] Use of undefined constant Danwei - assumed 'Danwei' D:\xampp\htdocs\kuaidian\Application\Runtime\Cache\Admin\366640149ae8cbe094b01f770667186d.php 第 91 行.
NOTIC: [8] Use of undefined constant Seat - assumed 'Seat' D:\xampp\htdocs\kuaidian\Application\Runtime\Cache\Admin\366640149ae8cbe094b01f770667186d.php 第 91 行.
NOTIC: [8] Use of undefined constant Sale - assumed 'Sale' D:\xampp\htdocs\kuaidian\Application\Runtime\Cache\Admin\366640149ae8cbe094b01f770667186d.php 第 91 行.
NOTIC: [8] Use of undefined constant Food - assumed 'Food' D:\xampp\htdocs\kuaidian\Application\Runtime\Cache\Admin\366640149ae8cbe094b01f770667186d.php 第 91 行.
NOTIC: [2] array_pop() expects parameter 1 to be array, null given D:\xampp\htdocs\kuaidian\Application\Runtime\Cache\Admin\366640149ae8cbe094b01f770667186d.php 第 164 行.
NOTIC: [2] Invalid argument supplied for foreach() D:\xampp\htdocs\kuaidian\Application\Runtime\Cache\Admin\366640149ae8cbe094b01f770667186d.php 第 164 行.
NOTIC: [8] Undefined variable: active D:\xampp\htdocs\kuaidian\Application\Runtime\Cache\Admin\366640149ae8cbe094b01f770667186d.php 第 167 行.
NOTIC: [8] Undefined variable: info D:\xampp\htdocs\kuaidian\Application\Runtime\Cache\Admin\366640149ae8cbe094b01f770667186d.php 第 248 行.
SQL: SHOW COLUMNS FROM `food_type` [ RunTime:0.0065s ]
SQL: SELECT `mingch` FROM `food_type` WHERE `id` = 14  [ RunTime:0.0003s ]
SQL: SHOW COLUMNS FROM `cpdanwei` [ RunTime:0.0038s ]
SQL: SELECT `mingch` FROM `cpdanwei` WHERE `id` = 9  [ RunTime:0.0003s ]
SQL: SHOW COLUMNS FROM `cpfenliang` [ RunTime:0.0042s ]
SQL: SHOW COLUMNS FROM `shop` [ RunTime:0.0043s ]
SQL: SELECT `mingch` FROM `shop` WHERE `id` = 1  [ RunTime:0.0004s ]
SQL: SELECT `mingch` FROM `food_type` WHERE `id` = 14  [ RunTime:0.0002s ]
SQL: SELECT `mingch` FROM `cpdanwei` WHERE `id` = 4  [ RunTime:0.0001s ]
SQL: SELECT `mingch` FROM `shop` WHERE `id` = 1  [ RunTime:0.0001s ]
SQL: SELECT `mingch` FROM `food_type` WHERE `id` = 14  [ RunTime:0.0001s ]
SQL: SELECT `mingch` FROM `cpdanwei` WHERE `id` = 4  [ RunTime:0.0001s ]
SQL: SELECT * FROM `cpfenliang` WHERE `id` = 1  [ RunTime:0.0002s ]
SQL: SELECT `mingch` FROM `shop` WHERE `id` = 1  [ RunTime:0.0001s ]
SQL: SELECT `mingch` FROM `food_type` WHERE `id` = 13  [ RunTime:0.0001s ]
SQL: SELECT `mingch` FROM `cpdanwei` WHERE `id` = 4  [ RunTime:0.0001s ]
SQL: SELECT `mingch` FROM `shop` WHERE `id` = 1  [ RunTime:0.0001s ]
SQL: SELECT `mingch` FROM `food_type` WHERE `id` = 13  [ RunTime:0.0002s ]
SQL: SELECT `mingch` FROM `cpdanwei` WHERE `id` = 4  [ RunTime:0.0003s ]
SQL: SELECT `mingch` FROM `shop` WHERE `id` = 1  [ RunTime:0.0002s ]
SQL: SELECT `mingch` FROM `food_type` WHERE `id` = 12  [ RunTime:0.0001s ]
SQL: SELECT `mingch` FROM `cpdanwei` WHERE `id` = 4  [ RunTime:0.0001s ]
SQL: SELECT `mingch` FROM `shop` WHERE `id` = 1  [ RunTime:0.0001s ]
INFO: Run Behavior\ParseTemplateBehavior [ RunTime:0.058349s ]
INFO: [ view_parse ] --END-- [ RunTime:0.058409s ]
INFO: [ view_filter ] --START--
INFO: Run Behavior\WriteHtmlCacheBehavior [ RunTime:0.000646s ]
INFO: [ view_filter ] --END-- [ RunTime:0.000675s ]
INFO: [ app_end ] --START--
INFO: Run Behavior\ShowPageTraceBehavior [ RunTime:0.000698s ]
INFO: [ app_end ] --END-- [ RunTime:0.000727s ]

[ 2018-01-25T13:59:52+08:00 ] 192.168.0.104 /kuaidian/index.php/Admin/Food/index/menid/1/id/1.html
INFO: [ app_init ] --START--
INFO: Run Behavior\BuildLiteBehavior [ RunTime:0.000010s ]
INFO: [ app_init ] --END-- [ RunTime:0.000384s ]
INFO: [ app_begin ] --START--
INFO: Run Behavior\ReadHtmlCacheBehavior [ RunTime:0.000551s ]
INFO: [ app_begin ] --END-- [ RunTime:0.000577s ]
SQL: SHOW COLUMNS FROM `city` [ RunTime:2.8581s ]
SQL: SELECT * FROM `city` ORDER BY paix desc  [ RunTime:0.0038s ]
SQL: SHOW COLUMNS FROM `food` [ RunTime:0.0302s ]
SQL: SELECT * FROM `food` WHERE `dep_shop` = 1  [ RunTime:0.0005s ]
INFO: [ view_parse ] --START--
INFO: [ template_filter ] --START--
INFO: Run Behavior\ContentReplaceBehavior [ RunTime:0.000093s ]
INFO: [ template_filter ] --END-- [ RunTime:0.000132s ]
NOTIC: [8] Use of undefined constant Index - assumed 'Index' D:\xampp\htdocs\kuaidian\Application\Runtime\Cache\Admin\366640149ae8cbe094b01f770667186d.php 第 83 行.
NOTIC: [8] Use of undefined constant Shop - assumed 'Shop' D:\xampp\htdocs\kuaidian\Application\Runtime\Cache\Admin\366640149ae8cbe094b01f770667186d.php 第 91 行.
NOTIC: [8] Use of undefined constant Shoptype - assumed 'Shoptype' D:\xampp\htdocs\kuaidian\Application\Runtime\Cache\Admin\366640149ae8cbe094b01f770667186d.php 第 91 行.
NOTIC: [8] Use of undefined constant Danwei - assumed 'Danwei' D:\xampp\htdocs\kuaidian\Application\Runtime\Cache\Admin\366640149ae8cbe094b01f770667186d.php 第 91 行.
NOTIC: [8] Use of undefined constant Seat - assumed 'Seat' D:\xampp\htdocs\kuaidian\Application\Runtime\Cache\Admin\366640149ae8cbe094b01f770667186d.php 第 91 行.
NOTIC: [8] Use of undefined constant Sale - assumed 'Sale' D:\xampp\htdocs\kuaidian\Application\Runtime\Cache\Admin\366640149ae8cbe094b01f770667186d.php 第 91 行.
NOTIC: [8] Use of undefined constant Food - assumed 'Food' D:\xampp\htdocs\kuaidian\Application\Runtime\Cache\Admin\366640149ae8cbe094b01f770667186d.php 第 91 行.
NOTIC: [2] array_pop() expects parameter 1 to be array, null given D:\xampp\htdocs\kuaidian\Application\Runtime\Cache\Admin\366640149ae8cbe094b01f770667186d.php 第 164 行.
NOTIC: [2] Invalid argument supplied for foreach() D:\xampp\htdocs\kuaidian\Application\Runtime\Cache\Admin\366640149ae8cbe094b01f770667186d.php 第 164 行.
NOTIC: [8] Undefined variable: active D:\xampp\htdocs\kuaidian\Application\Runtime\Cache\Admin\366640149ae8cbe094b01f770667186d.php 第 167 行.
NOTIC: [8] Undefined variable: info D:\xampp\htdocs\kuaidian\Application\Runtime\Cache\Admin\366640149ae8cbe094b01f770667186d.php 第 248 行.
SQL: SHOW COLUMNS FROM `food_type` [ RunTime:0.0045s ]
SQL: SELECT `mingch` FROM `food_type` WHERE `id` = 14  [ RunTime:0.0003s ]
SQL: SHOW COLUMNS FROM `cpdanwei` [ RunTime:0.0035s ]
SQL: SELECT `mingch` FROM `cpdanwei` WHERE `id` = 9  [ RunTime:0.0005s ]
SQL: SHOW COLUMNS FROM `cpfenliang` [ RunTime:0.0049s ]
SQL: SHOW COLUMNS FROM `shop` [ RunTime:0.0041s ]
SQL: SELECT `mingch` FROM `shop` WHERE `id` = 1  [ RunTime:0.0003s ]
SQL: SELECT `mingch` FROM `food_type` WHERE `id` = 14  [ RunTime:0.0001s ]
SQL: SELECT `mingch` FROM `cpdanwei` WHERE `id` = 4  [ RunTime:0.0001s ]
SQL: SELECT `mingch` FROM `shop` WHERE `id` = 1  [ RunTime:0.0004s ]
SQL: SELECT `mingch` FROM `food_type` WHERE `id` = 14  [ RunTime:0.0002s ]
SQL: SELECT `mingch` FROM `cpdanwei` WHERE `id` = 4  [ RunTime:0.0001s ]
SQL: SELECT * FROM `cpfenliang` WHERE `id` = 1  [ RunTime:0.0002s ]
SQL: SELECT `mingch` FROM `shop` WHERE `id` = 1  [ RunTime:0.0002s ]
SQL: SELECT `mingch` FROM `food_type` WHERE `id` = 13  [ RunTime:0.0002s ]
SQL: SELECT `mingch` FROM `cpdanwei` WHERE `id` = 4  [ RunTime:0.0003s ]
SQL: SELECT `mingch` FROM `shop` WHERE `id` = 1  [ RunTime:0.0002s ]
SQL: SELECT `mingch` FROM `food_type` WHERE `id` = 13  [ RunTime:0.0002s ]
SQL: SELECT `mingch` FROM `cpdanwei` WHERE `id` = 4  [ RunTime:0.0004s ]
SQL: SELECT `mingch` FROM `shop` WHERE `id` = 1  [ RunTime:0.0002s ]
SQL: SELECT `mingch` FROM `food_type` WHERE `id` = 12  [ RunTime:0.0004s ]
SQL: SELECT `mingch` FROM `cpdanwei` WHERE `id` = 4  [ RunTime:0.0002s ]
SQL: SELECT `mingch` FROM `shop` WHERE `id` = 1  [ RunTime:0.0002s ]
INFO: Run Behavior\ParseTemplateBehavior [ RunTime:0.036217s ]
INFO: [ view_parse ] --END-- [ RunTime:0.036246s ]
INFO: [ view_filter ] --START--
INFO: Run Behavior\WriteHtmlCacheBehavior [ RunTime:0.000891s ]
INFO: [ view_filter ] --END-- [ RunTime:0.000944s ]
INFO: [ app_end ] --START--
INFO: Run Behavior\ShowPageTraceBehavior [ RunTime:0.000974s ]
INFO: [ app_end ] --END-- [ RunTime:0.001030s ]

