[ 2018-02-05T10:30:27+08:00 ] 192.168.0.104 /kuaidian/index.php/Admin/shop/index.html?id=1
INFO: [ app_init ] --START--
INFO: Run Behavior\BuildLiteBehavior [ RunTime:0.000013s ]
INFO: [ app_init ] --END-- [ RunTime:0.000100s ]
INFO: [ app_begin ] --START--
INFO: Run Behavior\ReadHtmlCacheBehavior [ RunTime:0.001108s ]
INFO: [ app_begin ] --END-- [ RunTime:0.001166s ]
SQL: SHOW COLUMNS FROM `city` [ RunTime:0.0317s ]
SQL: SELECT * FROM `city` ORDER BY paix desc  [ RunTime:0.0055s ]
SQL: SHOW COLUMNS FROM `shop` [ RunTime:0.0153s ]
SQL: SELECT * FROM `shop`  [ RunTime:0.0011s ]
INFO: [ view_parse ] --START--
INFO: [ template_filter ] --START--
INFO: Run Behavior\ContentReplaceBehavior [ RunTime:0.000406s ]
INFO: [ template_filter ] --END-- [ RunTime:0.000443s ]
NOTIC: [8] Use of undefined constant Index - assumed 'Index' D:\xampp\htdocs\kuaidian\Application\Runtime\Cache\Admin\52fa67f14c08742f6c521ab8140bab06.php 第 83 行.
NOTIC: [8] Use of undefined constant Shop - assumed 'Shop' D:\xampp\htdocs\kuaidian\Application\Runtime\Cache\Admin\52fa67f14c08742f6c521ab8140bab06.php 第 91 行.
NOTIC: [2] array_pop() expects parameter 1 to be array, null given D:\xampp\htdocs\kuaidian\Application\Runtime\Cache\Admin\52fa67f14c08742f6c521ab8140bab06.php 第 173 行.
NOTIC: [2] Invalid argument supplied for foreach() D:\xampp\htdocs\kuaidian\Application\Runtime\Cache\Admin\52fa67f14c08742f6c521ab8140bab06.php 第 173 行.
NOTIC: [8] Undefined variable: active D:\xampp\htdocs\kuaidian\Application\Runtime\Cache\Admin\52fa67f14c08742f6c521ab8140bab06.php 第 176 行.
NOTIC: [8] Undefined variable: info D:\xampp\htdocs\kuaidian\Application\Runtime\Cache\Admin\52fa67f14c08742f6c521ab8140bab06.php 第 257 行.
SQL: SELECT `name` FROM `city` WHERE `code` = '130500'  [ RunTime:0.0053s ]
SQL: SHOW COLUMNS FROM `shop_type` [ RunTime:0.0106s ]
SQL: SELECT `mingch` FROM `shop_type` WHERE `id` = 1  [ RunTime:0.0006s ]
SQL: SHOW COLUMNS FROM `sale` [ RunTime:0.0140s ]
SQL: SELECT COUNT(*) AS tp_count FROM `sale` WHERE `dep_type` = 1 LIMIT 1   [ RunTime:0.0012s ]
SQL: SELECT `name` FROM `city` WHERE `code` = '130100'  [ RunTime:0.0002s ]
SQL: SELECT `mingch` FROM `shop_type` WHERE `id` = 2  [ RunTime:0.0001s ]
SQL: SELECT COUNT(*) AS tp_count FROM `sale` WHERE `dep_type` = 3 LIMIT 1   [ RunTime:0.0001s ]
SQL: SELECT `name` FROM `city` WHERE `code` = '350300'  [ RunTime:0.0002s ]
SQL: SELECT `mingch` FROM `shop_type` WHERE `id` = 3  [ RunTime:0.0001s ]
SQL: SELECT COUNT(*) AS tp_count FROM `sale` WHERE `dep_type` = 23 LIMIT 1   [ RunTime:0.0001s ]
SQL: SELECT `name` FROM `city` WHERE `code` = '140400'  [ RunTime:0.0003s ]
SQL: SELECT `mingch` FROM `shop_type` WHERE `id` = 7  [ RunTime:0.0003s ]
SQL: SELECT COUNT(*) AS tp_count FROM `sale` WHERE `dep_type` = 24 LIMIT 1   [ RunTime:0.0004s ]
SQL: SELECT `name` FROM `city` WHERE `code` = '130400'  [ RunTime:0.0003s ]
SQL: SELECT `mingch` FROM `shop_type` WHERE `id` = 8  [ RunTime:0.0002s ]
SQL: SELECT COUNT(*) AS tp_count FROM `sale` WHERE `dep_type` = 25 LIMIT 1   [ RunTime:0.0009s ]
SQL: SELECT `name` FROM `city` WHERE `code` = '130100'  [ RunTime:0.0010s ]
SQL: SELECT `mingch` FROM `shop_type` WHERE `id` = 7  [ RunTime:0.0002s ]
SQL: SELECT COUNT(*) AS tp_count FROM `sale` WHERE `dep_type` = 27 LIMIT 1   [ RunTime:0.0001s ]
SQL: SELECT `name` FROM `city` WHERE `code` = '0'  [ RunTime:0.0002s ]
NOTIC: [8] Undefined offset: 0 D:\xampp\htdocs\kuaidian\Application\Common\Common\function.php 第 109 行.
SQL: SELECT `mingch` FROM `shop_type` WHERE `id` = 1  [ RunTime:0.0001s ]
SQL: SELECT COUNT(*) AS tp_count FROM `sale` WHERE `dep_type` = 31 LIMIT 1   [ RunTime:0.0001s ]
INFO: Run Behavior\ParseTemplateBehavior [ RunTime:0.103934s ]
INFO: [ view_parse ] --END-- [ RunTime:0.103973s ]
INFO: [ view_filter ] --START--
INFO: Run Behavior\WriteHtmlCacheBehavior [ RunTime:0.005844s ]
INFO: [ view_filter ] --END-- [ RunTime:0.005888s ]
INFO: [ app_end ] --START--
INFO: Run Behavior\ShowPageTraceBehavior [ RunTime:0.001116s ]
INFO: [ app_end ] --END-- [ RunTime:0.001147s ]

[ 2018-02-05T10:30:28+08:00 ] 192.168.0.104 /kuaidian/index.php/Admin/shop/index.html?id=1
INFO: [ app_init ] --START--
INFO: Run Behavior\BuildLiteBehavior [ RunTime:0.000012s ]
INFO: [ app_init ] --END-- [ RunTime:0.000053s ]
INFO: [ app_begin ] --START--
INFO: Run Behavior\ReadHtmlCacheBehavior [ RunTime:0.000463s ]
INFO: [ app_begin ] --END-- [ RunTime:0.000504s ]
SQL: SHOW COLUMNS FROM `city` [ RunTime:0.0033s ]
SQL: SELECT * FROM `city` ORDER BY paix desc  [ RunTime:0.0039s ]
SQL: SHOW COLUMNS FROM `shop` [ RunTime:0.0044s ]
SQL: SELECT * FROM `shop`  [ RunTime:0.0008s ]
INFO: [ view_parse ] --START--
INFO: [ template_filter ] --START--
INFO: Run Behavior\ContentReplaceBehavior [ RunTime:0.000091s ]
INFO: [ template_filter ] --END-- [ RunTime:0.000124s ]
NOTIC: [8] Use of undefined constant Index - assumed 'Index' D:\xampp\htdocs\kuaidian\Application\Runtime\Cache\Admin\52fa67f14c08742f6c521ab8140bab06.php 第 83 行.
NOTIC: [8] Use of undefined constant Shop - assumed 'Shop' D:\xampp\htdocs\kuaidian\Application\Runtime\Cache\Admin\52fa67f14c08742f6c521ab8140bab06.php 第 91 行.
NOTIC: [2] array_pop() expects parameter 1 to be array, null given D:\xampp\htdocs\kuaidian\Application\Runtime\Cache\Admin\52fa67f14c08742f6c521ab8140bab06.php 第 173 行.
NOTIC: [2] Invalid argument supplied for foreach() D:\xampp\htdocs\kuaidian\Application\Runtime\Cache\Admin\52fa67f14c08742f6c521ab8140bab06.php 第 173 行.
NOTIC: [8] Undefined variable: active D:\xampp\htdocs\kuaidian\Application\Runtime\Cache\Admin\52fa67f14c08742f6c521ab8140bab06.php 第 176 行.
NOTIC: [8] Undefined variable: info D:\xampp\htdocs\kuaidian\Application\Runtime\Cache\Admin\52fa67f14c08742f6c521ab8140bab06.php 第 257 行.
SQL: SELECT `name` FROM `city` WHERE `code` = '130500'  [ RunTime:0.0008s ]
SQL: SHOW COLUMNS FROM `shop_type` [ RunTime:0.0052s ]
SQL: SELECT `mingch` FROM `shop_type` WHERE `id` = 1  [ RunTime:0.0006s ]
SQL: SHOW COLUMNS FROM `sale` [ RunTime:0.0060s ]
SQL: SELECT COUNT(*) AS tp_count FROM `sale` WHERE `dep_type` = 1 LIMIT 1   [ RunTime:0.0004s ]
SQL: SELECT `name` FROM `city` WHERE `code` = '130100'  [ RunTime:0.0002s ]
SQL: SELECT `mingch` FROM `shop_type` WHERE `id` = 2  [ RunTime:0.0001s ]
SQL: SELECT COUNT(*) AS tp_count FROM `sale` WHERE `dep_type` = 3 LIMIT 1   [ RunTime:0.0002s ]
SQL: SELECT `name` FROM `city` WHERE `code` = '350300'  [ RunTime:0.0005s ]
SQL: SELECT `mingch` FROM `shop_type` WHERE `id` = 3  [ RunTime:0.0003s ]
SQL: SELECT COUNT(*) AS tp_count FROM `sale` WHERE `dep_type` = 23 LIMIT 1   [ RunTime:0.0002s ]
SQL: SELECT `name` FROM `city` WHERE `code` = '140400'  [ RunTime:0.0002s ]
SQL: SELECT `mingch` FROM `shop_type` WHERE `id` = 7  [ RunTime:0.0001s ]
SQL: SELECT COUNT(*) AS tp_count FROM `sale` WHERE `dep_type` = 24 LIMIT 1   [ RunTime:0.0001s ]
SQL: SELECT `name` FROM `city` WHERE `code` = '130400'  [ RunTime:0.0004s ]
SQL: SELECT `mingch` FROM `shop_type` WHERE `id` = 8  [ RunTime:0.0001s ]
SQL: SELECT COUNT(*) AS tp_count FROM `sale` WHERE `dep_type` = 25 LIMIT 1   [ RunTime:0.0002s ]
SQL: SELECT `name` FROM `city` WHERE `code` = '130100'  [ RunTime:0.0004s ]
SQL: SELECT `mingch` FROM `shop_type` WHERE `id` = 7  [ RunTime:0.0001s ]
SQL: SELECT COUNT(*) AS tp_count FROM `sale` WHERE `dep_type` = 27 LIMIT 1   [ RunTime:0.0001s ]
SQL: SELECT `name` FROM `city` WHERE `code` = '0'  [ RunTime:0.0002s ]
NOTIC: [8] Undefined offset: 0 D:\xampp\htdocs\kuaidian\Application\Common\Common\function.php 第 109 行.
SQL: SELECT `mingch` FROM `shop_type` WHERE `id` = 1  [ RunTime:0.0001s ]
SQL: SELECT COUNT(*) AS tp_count FROM `sale` WHERE `dep_type` = 31 LIMIT 1   [ RunTime:0.0002s ]
INFO: Run Behavior\ParseTemplateBehavior [ RunTime:0.030749s ]
INFO: [ view_parse ] --END-- [ RunTime:0.030774s ]
INFO: [ view_filter ] --START--
INFO: Run Behavior\WriteHtmlCacheBehavior [ RunTime:0.000496s ]
INFO: [ view_filter ] --END-- [ RunTime:0.000523s ]
INFO: [ app_end ] --START--
INFO: Run Behavior\ShowPageTraceBehavior [ RunTime:0.000610s ]
INFO: [ app_end ] --END-- [ RunTime:0.000645s ]

[ 2018-02-05T14:48:40+08:00 ] 192.168.0.104 /kuaidian/index.php/Admin/shop/index.html?id=1
INFO: [ app_init ] --START--
INFO: Run Behavior\BuildLiteBehavior [ RunTime:0.000009s ]
INFO: [ app_init ] --END-- [ RunTime:0.000053s ]
INFO: [ app_begin ] --START--
INFO: Run Behavior\ReadHtmlCacheBehavior [ RunTime:0.000659s ]
INFO: [ app_begin ] --END-- [ RunTime:0.000692s ]
SQL: SHOW COLUMNS FROM `city` [ RunTime:0.0033s ]
SQL: SELECT * FROM `city` ORDER BY paix desc  [ RunTime:0.0040s ]
SQL: SHOW COLUMNS FROM `shop` [ RunTime:0.0044s ]
SQL: SELECT * FROM `shop`  [ RunTime:0.0007s ]
INFO: [ view_parse ] --START--
INFO: [ template_filter ] --START--
INFO: Run Behavior\ContentReplaceBehavior [ RunTime:0.000219s ]
INFO: [ template_filter ] --END-- [ RunTime:0.000254s ]
NOTIC: [8] Use of undefined constant Index - assumed 'Index' D:\xampp\htdocs\kuaidian\Application\Runtime\Cache\Admin\52fa67f14c08742f6c521ab8140bab06.php 第 83 行.
NOTIC: [8] Use of undefined constant Shop - assumed 'Shop' D:\xampp\htdocs\kuaidian\Application\Runtime\Cache\Admin\52fa67f14c08742f6c521ab8140bab06.php 第 91 行.
NOTIC: [2] array_pop() expects parameter 1 to be array, null given D:\xampp\htdocs\kuaidian\Application\Runtime\Cache\Admin\52fa67f14c08742f6c521ab8140bab06.php 第 173 行.
NOTIC: [2] Invalid argument supplied for foreach() D:\xampp\htdocs\kuaidian\Application\Runtime\Cache\Admin\52fa67f14c08742f6c521ab8140bab06.php 第 173 行.
NOTIC: [8] Undefined variable: active D:\xampp\htdocs\kuaidian\Application\Runtime\Cache\Admin\52fa67f14c08742f6c521ab8140bab06.php 第 176 行.
NOTIC: [8] Undefined variable: info D:\xampp\htdocs\kuaidian\Application\Runtime\Cache\Admin\52fa67f14c08742f6c521ab8140bab06.php 第 257 行.
SQL: SELECT `name` FROM `city` WHERE `code` = '130500'  [ RunTime:0.0005s ]
SQL: SHOW COLUMNS FROM `shop_type` [ RunTime:0.0035s ]
SQL: SELECT `mingch` FROM `shop_type` WHERE `id` = 1  [ RunTime:0.0003s ]
SQL: SHOW COLUMNS FROM `sale` [ RunTime:0.0030s ]
SQL: SELECT COUNT(*) AS tp_count FROM `sale` WHERE `dep_type` = 1 LIMIT 1   [ RunTime:0.0003s ]
SQL: SELECT `name` FROM `city` WHERE `code` = '130100'  [ RunTime:0.0002s ]
SQL: SELECT `mingch` FROM `shop_type` WHERE `id` = 2  [ RunTime:0.0001s ]
SQL: SELECT COUNT(*) AS tp_count FROM `sale` WHERE `dep_type` = 3 LIMIT 1   [ RunTime:0.0001s ]
SQL: SELECT `name` FROM `city` WHERE `code` = '350300'  [ RunTime:0.0002s ]
SQL: SELECT `mingch` FROM `shop_type` WHERE `id` = 3  [ RunTime:0.0001s ]
SQL: SELECT COUNT(*) AS tp_count FROM `sale` WHERE `dep_type` = 23 LIMIT 1   [ RunTime:0.0001s ]
SQL: SELECT `name` FROM `city` WHERE `code` = '140400'  [ RunTime:0.0002s ]
SQL: SELECT `mingch` FROM `shop_type` WHERE `id` = 7  [ RunTime:0.0001s ]
SQL: SELECT COUNT(*) AS tp_count FROM `sale` WHERE `dep_type` = 24 LIMIT 1   [ RunTime:0.0001s ]
SQL: SELECT `name` FROM `city` WHERE `code` = '130400'  [ RunTime:0.0002s ]
SQL: SELECT `mingch` FROM `shop_type` WHERE `id` = 8  [ RunTime:0.0001s ]
SQL: SELECT COUNT(*) AS tp_count FROM `sale` WHERE `dep_type` = 25 LIMIT 1   [ RunTime:0.0001s ]
SQL: SELECT `name` FROM `city` WHERE `code` = '130100'  [ RunTime:0.0002s ]
SQL: SELECT `mingch` FROM `shop_type` WHERE `id` = 7  [ RunTime:0.0001s ]
SQL: SELECT COUNT(*) AS tp_count FROM `sale` WHERE `dep_type` = 27 LIMIT 1   [ RunTime:0.0001s ]
SQL: SELECT `name` FROM `city` WHERE `code` = '0'  [ RunTime:0.0002s ]
NOTIC: [8] Undefined offset: 0 D:\xampp\htdocs\kuaidian\Application\Common\Common\function.php 第 109 行.
SQL: SELECT `mingch` FROM `shop_type` WHERE `id` = 1  [ RunTime:0.0001s ]
SQL: SELECT COUNT(*) AS tp_count FROM `sale` WHERE `dep_type` = 31 LIMIT 1   [ RunTime:0.0001s ]
INFO: Run Behavior\ParseTemplateBehavior [ RunTime:0.023851s ]
INFO: [ view_parse ] --END-- [ RunTime:0.023872s ]
INFO: [ view_filter ] --START--
INFO: Run Behavior\WriteHtmlCacheBehavior [ RunTime:0.000605s ]
INFO: [ view_filter ] --END-- [ RunTime:0.000632s ]
INFO: [ app_end ] --START--
INFO: Run Behavior\ShowPageTraceBehavior [ RunTime:0.000604s ]
INFO: [ app_end ] --END-- [ RunTime:0.000628s ]

[ 2018-02-05T14:48:41+08:00 ] 192.168.0.104 /kuaidian/index.php/Admin/shop/index.html?id=1
INFO: [ app_init ] --START--
INFO: Run Behavior\BuildLiteBehavior [ RunTime:0.000012s ]
INFO: [ app_init ] --END-- [ RunTime:0.000061s ]
INFO: [ app_begin ] --START--
INFO: Run Behavior\ReadHtmlCacheBehavior [ RunTime:0.000589s ]
INFO: [ app_begin ] --END-- [ RunTime:0.000628s ]
SQL: SHOW COLUMNS FROM `city` [ RunTime:0.0042s ]
SQL: SELECT * FROM `city` ORDER BY paix desc  [ RunTime:0.0045s ]
SQL: SHOW COLUMNS FROM `shop` [ RunTime:0.0041s ]
SQL: SELECT * FROM `shop`  [ RunTime:0.0006s ]
INFO: [ view_parse ] --START--
INFO: [ template_filter ] --START--
INFO: Run Behavior\ContentReplaceBehavior [ RunTime:0.000087s ]
INFO: [ template_filter ] --END-- [ RunTime:0.000119s ]
NOTIC: [8] Use of undefined constant Index - assumed 'Index' D:\xampp\htdocs\kuaidian\Application\Runtime\Cache\Admin\52fa67f14c08742f6c521ab8140bab06.php 第 83 行.
NOTIC: [8] Use of undefined constant Shop - assumed 'Shop' D:\xampp\htdocs\kuaidian\Application\Runtime\Cache\Admin\52fa67f14c08742f6c521ab8140bab06.php 第 91 行.
NOTIC: [2] array_pop() expects parameter 1 to be array, null given D:\xampp\htdocs\kuaidian\Application\Runtime\Cache\Admin\52fa67f14c08742f6c521ab8140bab06.php 第 173 行.
NOTIC: [2] Invalid argument supplied for foreach() D:\xampp\htdocs\kuaidian\Application\Runtime\Cache\Admin\52fa67f14c08742f6c521ab8140bab06.php 第 173 行.
NOTIC: [8] Undefined variable: active D:\xampp\htdocs\kuaidian\Application\Runtime\Cache\Admin\52fa67f14c08742f6c521ab8140bab06.php 第 176 行.
NOTIC: [8] Undefined variable: info D:\xampp\htdocs\kuaidian\Application\Runtime\Cache\Admin\52fa67f14c08742f6c521ab8140bab06.php 第 257 行.
SQL: SELECT `name` FROM `city` WHERE `code` = '130500'  [ RunTime:0.0005s ]
SQL: SHOW COLUMNS FROM `shop_type` [ RunTime:0.0031s ]
SQL: SELECT `mingch` FROM `shop_type` WHERE `id` = 1  [ RunTime:0.0002s ]
SQL: SHOW COLUMNS FROM `sale` [ RunTime:0.0029s ]
SQL: SELECT COUNT(*) AS tp_count FROM `sale` WHERE `dep_type` = 1 LIMIT 1   [ RunTime:0.0003s ]
SQL: SELECT `name` FROM `city` WHERE `code` = '130100'  [ RunTime:0.0003s ]
SQL: SELECT `mingch` FROM `shop_type` WHERE `id` = 2  [ RunTime:0.0001s ]
SQL: SELECT COUNT(*) AS tp_count FROM `sale` WHERE `dep_type` = 3 LIMIT 1   [ RunTime:0.0001s ]
SQL: SELECT `name` FROM `city` WHERE `code` = '350300'  [ RunTime:0.0003s ]
SQL: SELECT `mingch` FROM `shop_type` WHERE `id` = 3  [ RunTime:0.0003s ]
SQL: SELECT COUNT(*) AS tp_count FROM `sale` WHERE `dep_type` = 23 LIMIT 1   [ RunTime:0.0002s ]
SQL: SELECT `name` FROM `city` WHERE `code` = '140400'  [ RunTime:0.0002s ]
SQL: SELECT `mingch` FROM `shop_type` WHERE `id` = 7  [ RunTime:0.0001s ]
SQL: SELECT COUNT(*) AS tp_count FROM `sale` WHERE `dep_type` = 24 LIMIT 1   [ RunTime:0.0001s ]
SQL: SELECT `name` FROM `city` WHERE `code` = '130400'  [ RunTime:0.0002s ]
SQL: SELECT `mingch` FROM `shop_type` WHERE `id` = 8  [ RunTime:0.0001s ]
SQL: SELECT COUNT(*) AS tp_count FROM `sale` WHERE `dep_type` = 25 LIMIT 1   [ RunTime:0.0001s ]
SQL: SELECT `name` FROM `city` WHERE `code` = '130100'  [ RunTime:0.0002s ]
SQL: SELECT `mingch` FROM `shop_type` WHERE `id` = 7  [ RunTime:0.0001s ]
SQL: SELECT COUNT(*) AS tp_count FROM `sale` WHERE `dep_type` = 27 LIMIT 1   [ RunTime:0.0001s ]
SQL: SELECT `name` FROM `city` WHERE `code` = '0'  [ RunTime:0.0002s ]
NOTIC: [8] Undefined offset: 0 D:\xampp\htdocs\kuaidian\Application\Common\Common\function.php 第 109 行.
SQL: SELECT `mingch` FROM `shop_type` WHERE `id` = 1  [ RunTime:0.0001s ]
SQL: SELECT COUNT(*) AS tp_count FROM `sale` WHERE `dep_type` = 31 LIMIT 1   [ RunTime:0.0001s ]
INFO: Run Behavior\ParseTemplateBehavior [ RunTime:0.022054s ]
INFO: [ view_parse ] --END-- [ RunTime:0.022075s ]
INFO: [ view_filter ] --START--
INFO: Run Behavior\WriteHtmlCacheBehavior [ RunTime:0.000434s ]
INFO: [ view_filter ] --END-- [ RunTime:0.000457s ]
INFO: [ app_end ] --START--
INFO: Run Behavior\ShowPageTraceBehavior [ RunTime:0.000449s ]
INFO: [ app_end ] --END-- [ RunTime:0.000472s ]

[ 2018-02-05T16:10:25+08:00 ] 192.168.0.104 /kuaidian/index.php/Admin/shop/index.html?id=1
INFO: [ app_init ] --START--
INFO: Run Behavior\BuildLiteBehavior [ RunTime:0.000011s ]
INFO: [ app_init ] --END-- [ RunTime:0.000064s ]
INFO: [ app_begin ] --START--
INFO: Run Behavior\ReadHtmlCacheBehavior [ RunTime:0.000894s ]
INFO: [ app_begin ] --END-- [ RunTime:0.000941s ]
SQL: SHOW COLUMNS FROM `city` [ RunTime:0.0034s ]
SQL: SELECT * FROM `city` ORDER BY paix desc  [ RunTime:0.0037s ]
SQL: SHOW COLUMNS FROM `shop` [ RunTime:0.0039s ]
SQL: SELECT * FROM `shop`  [ RunTime:0.0006s ]
INFO: [ view_parse ] --START--
INFO: [ template_filter ] --START--
INFO: Run Behavior\ContentReplaceBehavior [ RunTime:0.000221s ]
INFO: [ template_filter ] --END-- [ RunTime:0.000258s ]
NOTIC: [8] Use of undefined constant Index - assumed 'Index' D:\xampp\htdocs\kuaidian\Application\Runtime\Cache\Admin\52fa67f14c08742f6c521ab8140bab06.php 第 83 行.
NOTIC: [8] Use of undefined constant Shop - assumed 'Shop' D:\xampp\htdocs\kuaidian\Application\Runtime\Cache\Admin\52fa67f14c08742f6c521ab8140bab06.php 第 91 行.
NOTIC: [2] array_pop() expects parameter 1 to be array, null given D:\xampp\htdocs\kuaidian\Application\Runtime\Cache\Admin\52fa67f14c08742f6c521ab8140bab06.php 第 173 行.
NOTIC: [2] Invalid argument supplied for foreach() D:\xampp\htdocs\kuaidian\Application\Runtime\Cache\Admin\52fa67f14c08742f6c521ab8140bab06.php 第 173 行.
NOTIC: [8] Undefined variable: active D:\xampp\htdocs\kuaidian\Application\Runtime\Cache\Admin\52fa67f14c08742f6c521ab8140bab06.php 第 176 行.
NOTIC: [8] Undefined variable: info D:\xampp\htdocs\kuaidian\Application\Runtime\Cache\Admin\52fa67f14c08742f6c521ab8140bab06.php 第 257 行.
SQL: SELECT `name` FROM `city` WHERE `code` = '130500'  [ RunTime:0.0005s ]
SQL: SHOW COLUMNS FROM `shop_type` [ RunTime:0.0030s ]
SQL: SELECT `mingch` FROM `shop_type` WHERE `id` = 1  [ RunTime:0.0002s ]
SQL: SHOW COLUMNS FROM `sale` [ RunTime:0.0031s ]
SQL: SELECT COUNT(*) AS tp_count FROM `sale` WHERE `dep_type` = 1 LIMIT 1   [ RunTime:0.0003s ]
SQL: SELECT `name` FROM `city` WHERE `code` = '130100'  [ RunTime:0.0002s ]
SQL: SELECT `mingch` FROM `shop_type` WHERE `id` = 2  [ RunTime:0.0001s ]
SQL: SELECT COUNT(*) AS tp_count FROM `sale` WHERE `dep_type` = 3 LIMIT 1   [ RunTime:0.0001s ]
SQL: SELECT `name` FROM `city` WHERE `code` = '350300'  [ RunTime:0.0002s ]
SQL: SELECT `mingch` FROM `shop_type` WHERE `id` = 3  [ RunTime:0.0001s ]
SQL: SELECT COUNT(*) AS tp_count FROM `sale` WHERE `dep_type` = 23 LIMIT 1   [ RunTime:0.0001s ]
SQL: SELECT `name` FROM `city` WHERE `code` = '140400'  [ RunTime:0.0002s ]
SQL: SELECT `mingch` FROM `shop_type` WHERE `id` = 7  [ RunTime:0.0001s ]
SQL: SELECT COUNT(*) AS tp_count FROM `sale` WHERE `dep_type` = 24 LIMIT 1   [ RunTime:0.0001s ]
SQL: SELECT `name` FROM `city` WHERE `code` = '130400'  [ RunTime:0.0002s ]
SQL: SELECT `mingch` FROM `shop_type` WHERE `id` = 8  [ RunTime:0.0001s ]
SQL: SELECT COUNT(*) AS tp_count FROM `sale` WHERE `dep_type` = 25 LIMIT 1   [ RunTime:0.0001s ]
SQL: SELECT `name` FROM `city` WHERE `code` = '130100'  [ RunTime:0.0002s ]
SQL: SELECT `mingch` FROM `shop_type` WHERE `id` = 7  [ RunTime:0.0001s ]
SQL: SELECT COUNT(*) AS tp_count FROM `sale` WHERE `dep_type` = 27 LIMIT 1   [ RunTime:0.0001s ]
SQL: SELECT `name` FROM `city` WHERE `code` = '0'  [ RunTime:0.0002s ]
NOTIC: [8] Undefined offset: 0 D:\xampp\htdocs\kuaidian\Application\Common\Common\function.php 第 109 行.
SQL: SELECT `mingch` FROM `shop_type` WHERE `id` = 11  [ RunTime:0.0001s ]
SQL: SELECT COUNT(*) AS tp_count FROM `sale` WHERE `dep_type` = 31 LIMIT 1   [ RunTime:0.0001s ]
INFO: Run Behavior\ParseTemplateBehavior [ RunTime:0.022614s ]
INFO: [ view_parse ] --END-- [ RunTime:0.022644s ]
INFO: [ view_filter ] --START--
INFO: Run Behavior\WriteHtmlCacheBehavior [ RunTime:0.000593s ]
INFO: [ view_filter ] --END-- [ RunTime:0.000618s ]
INFO: [ app_end ] --START--
INFO: Run Behavior\ShowPageTraceBehavior [ RunTime:0.000604s ]
INFO: [ app_end ] --END-- [ RunTime:0.000626s ]

[ 2018-02-05T16:10:25+08:00 ] 192.168.0.104 /kuaidian/index.php/Admin/shop/index.html?id=1
INFO: [ app_init ] --START--
INFO: Run Behavior\BuildLiteBehavior [ RunTime:0.000010s ]
INFO: [ app_init ] --END-- [ RunTime:0.000067s ]
INFO: [ app_begin ] --START--
INFO: Run Behavior\ReadHtmlCacheBehavior [ RunTime:0.000574s ]
INFO: [ app_begin ] --END-- [ RunTime:0.000610s ]
SQL: SHOW COLUMNS FROM `city` [ RunTime:0.0049s ]
SQL: SELECT * FROM `city` ORDER BY paix desc  [ RunTime:0.0039s ]
SQL: SHOW COLUMNS FROM `shop` [ RunTime:0.0049s ]
SQL: SELECT * FROM `shop`  [ RunTime:0.0011s ]
INFO: [ view_parse ] --START--
INFO: [ template_filter ] --START--
INFO: Run Behavior\ContentReplaceBehavior [ RunTime:0.000091s ]
INFO: [ template_filter ] --END-- [ RunTime:0.000125s ]
NOTIC: [8] Use of undefined constant Index - assumed 'Index' D:\xampp\htdocs\kuaidian\Application\Runtime\Cache\Admin\52fa67f14c08742f6c521ab8140bab06.php 第 83 行.
NOTIC: [8] Use of undefined constant Shop - assumed 'Shop' D:\xampp\htdocs\kuaidian\Application\Runtime\Cache\Admin\52fa67f14c08742f6c521ab8140bab06.php 第 91 行.
NOTIC: [2] array_pop() expects parameter 1 to be array, null given D:\xampp\htdocs\kuaidian\Application\Runtime\Cache\Admin\52fa67f14c08742f6c521ab8140bab06.php 第 173 行.
NOTIC: [2] Invalid argument supplied for foreach() D:\xampp\htdocs\kuaidian\Application\Runtime\Cache\Admin\52fa67f14c08742f6c521ab8140bab06.php 第 173 行.
NOTIC: [8] Undefined variable: active D:\xampp\htdocs\kuaidian\Application\Runtime\Cache\Admin\52fa67f14c08742f6c521ab8140bab06.php 第 176 行.
NOTIC: [8] Undefined variable: info D:\xampp\htdocs\kuaidian\Application\Runtime\Cache\Admin\52fa67f14c08742f6c521ab8140bab06.php 第 257 行.
SQL: SELECT `name` FROM `city` WHERE `code` = '130500'  [ RunTime:0.0005s ]
SQL: SHOW COLUMNS FROM `shop_type` [ RunTime:0.0031s ]
SQL: SELECT `mingch` FROM `shop_type` WHERE `id` = 1  [ RunTime:0.0003s ]
SQL: SHOW COLUMNS FROM `sale` [ RunTime:0.0029s ]
SQL: SELECT COUNT(*) AS tp_count FROM `sale` WHERE `dep_type` = 1 LIMIT 1   [ RunTime:0.0003s ]
SQL: SELECT `name` FROM `city` WHERE `code` = '130100'  [ RunTime:0.0002s ]
SQL: SELECT `mingch` FROM `shop_type` WHERE `id` = 2  [ RunTime:0.0001s ]
SQL: SELECT COUNT(*) AS tp_count FROM `sale` WHERE `dep_type` = 3 LIMIT 1   [ RunTime:0.0001s ]
SQL: SELECT `name` FROM `city` WHERE `code` = '350300'  [ RunTime:0.0002s ]
SQL: SELECT `mingch` FROM `shop_type` WHERE `id` = 3  [ RunTime:0.0001s ]
SQL: SELECT COUNT(*) AS tp_count FROM `sale` WHERE `dep_type` = 23 LIMIT 1   [ RunTime:0.0001s ]
SQL: SELECT `name` FROM `city` WHERE `code` = '140400'  [ RunTime:0.0002s ]
SQL: SELECT `mingch` FROM `shop_type` WHERE `id` = 7  [ RunTime:0.0001s ]
SQL: SELECT COUNT(*) AS tp_count FROM `sale` WHERE `dep_type` = 24 LIMIT 1   [ RunTime:0.0001s ]
SQL: SELECT `name` FROM `city` WHERE `code` = '130400'  [ RunTime:0.0002s ]
SQL: SELECT `mingch` FROM `shop_type` WHERE `id` = 8  [ RunTime:0.0001s ]
SQL: SELECT COUNT(*) AS tp_count FROM `sale` WHERE `dep_type` = 25 LIMIT 1   [ RunTime:0.0001s ]
SQL: SELECT `name` FROM `city` WHERE `code` = '130100'  [ RunTime:0.0002s ]
SQL: SELECT `mingch` FROM `shop_type` WHERE `id` = 7  [ RunTime:0.0001s ]
SQL: SELECT COUNT(*) AS tp_count FROM `sale` WHERE `dep_type` = 27 LIMIT 1   [ RunTime:0.0001s ]
SQL: SELECT `name` FROM `city` WHERE `code` = '0'  [ RunTime:0.0002s ]
NOTIC: [8] Undefined offset: 0 D:\xampp\htdocs\kuaidian\Application\Common\Common\function.php 第 109 行.
SQL: SELECT `mingch` FROM `shop_type` WHERE `id` = 11  [ RunTime:0.0001s ]
SQL: SELECT COUNT(*) AS tp_count FROM `sale` WHERE `dep_type` = 31 LIMIT 1   [ RunTime:0.0001s ]
INFO: Run Behavior\ParseTemplateBehavior [ RunTime:0.022592s ]
INFO: [ view_parse ] --END-- [ RunTime:0.022615s ]
INFO: [ view_filter ] --START--
INFO: Run Behavior\WriteHtmlCacheBehavior [ RunTime:0.000517s ]
INFO: [ view_filter ] --END-- [ RunTime:0.000540s ]
INFO: [ app_end ] --START--
INFO: Run Behavior\ShowPageTraceBehavior [ RunTime:0.000444s ]
INFO: [ app_end ] --END-- [ RunTime:0.000467s ]

[ 2018-02-05T17:33:07+08:00 ] 192.168.0.104 /kuaidian/index.php/Admin/shop/index.html?id=1
INFO: [ app_init ] --START--
INFO: Run Behavior\BuildLiteBehavior [ RunTime:0.000010s ]
INFO: [ app_init ] --END-- [ RunTime:0.000049s ]
INFO: [ app_begin ] --START--
INFO: Run Behavior\ReadHtmlCacheBehavior [ RunTime:0.000802s ]
INFO: [ app_begin ] --END-- [ RunTime:0.000850s ]
SQL: SHOW COLUMNS FROM `city` [ RunTime:0.0035s ]
SQL: SELECT * FROM `city` ORDER BY paix desc  [ RunTime:0.0044s ]
SQL: SHOW COLUMNS FROM `shop` [ RunTime:0.0049s ]
SQL: SELECT * FROM `shop`  [ RunTime:0.0008s ]
INFO: [ view_parse ] --START--
INFO: [ template_filter ] --START--
INFO: Run Behavior\ContentReplaceBehavior [ RunTime:0.000096s ]
INFO: [ template_filter ] --END-- [ RunTime:0.000132s ]
NOTIC: [8] Use of undefined constant Index - assumed 'Index' D:\xampp\htdocs\kuaidian\Application\Runtime\Cache\Admin\52fa67f14c08742f6c521ab8140bab06.php 第 83 行.
NOTIC: [8] Use of undefined constant Shop - assumed 'Shop' D:\xampp\htdocs\kuaidian\Application\Runtime\Cache\Admin\52fa67f14c08742f6c521ab8140bab06.php 第 91 行.
NOTIC: [2] array_pop() expects parameter 1 to be array, null given D:\xampp\htdocs\kuaidian\Application\Runtime\Cache\Admin\52fa67f14c08742f6c521ab8140bab06.php 第 173 行.
NOTIC: [2] Invalid argument supplied for foreach() D:\xampp\htdocs\kuaidian\Application\Runtime\Cache\Admin\52fa67f14c08742f6c521ab8140bab06.php 第 173 行.
NOTIC: [8] Undefined variable: active D:\xampp\htdocs\kuaidian\Application\Runtime\Cache\Admin\52fa67f14c08742f6c521ab8140bab06.php 第 176 行.
NOTIC: [8] Undefined variable: info D:\xampp\htdocs\kuaidian\Application\Runtime\Cache\Admin\52fa67f14c08742f6c521ab8140bab06.php 第 257 行.
SQL: SELECT `name` FROM `city` WHERE `code` = '130500'  [ RunTime:0.0013s ]
SQL: SHOW COLUMNS FROM `shop_type` [ RunTime:0.0036s ]
SQL: SELECT `mingch` FROM `shop_type` WHERE `id` = 1  [ RunTime:0.0003s ]
SQL: SHOW COLUMNS FROM `sale` [ RunTime:0.0034s ]
SQL: SELECT COUNT(*) AS tp_count FROM `sale` WHERE `dep_type` = 1 LIMIT 1   [ RunTime:0.0004s ]
SQL: SELECT `name` FROM `city` WHERE `code` = '130100'  [ RunTime:0.0002s ]
SQL: SELECT `mingch` FROM `shop_type` WHERE `id` = 2  [ RunTime:0.0007s ]
SQL: SELECT COUNT(*) AS tp_count FROM `sale` WHERE `dep_type` = 3 LIMIT 1   [ RunTime:0.0006s ]
SQL: SELECT `name` FROM `city` WHERE `code` = '350300'  [ RunTime:0.0005s ]
SQL: SELECT `mingch` FROM `shop_type` WHERE `id` = 3  [ RunTime:0.0002s ]
SQL: SELECT COUNT(*) AS tp_count FROM `sale` WHERE `dep_type` = 23 LIMIT 1   [ RunTime:0.0001s ]
SQL: SELECT `name` FROM `city` WHERE `code` = '140400'  [ RunTime:0.0002s ]
SQL: SELECT `mingch` FROM `shop_type` WHERE `id` = 7  [ RunTime:0.0001s ]
SQL: SELECT COUNT(*) AS tp_count FROM `sale` WHERE `dep_type` = 24 LIMIT 1   [ RunTime:0.0001s ]
SQL: SELECT `name` FROM `city` WHERE `code` = '130400'  [ RunTime:0.0004s ]
SQL: SELECT `mingch` FROM `shop_type` WHERE `id` = 8  [ RunTime:0.0001s ]
SQL: SELECT COUNT(*) AS tp_count FROM `sale` WHERE `dep_type` = 25 LIMIT 1   [ RunTime:0.0001s ]
SQL: SELECT `name` FROM `city` WHERE `code` = '130100'  [ RunTime:0.0002s ]
SQL: SELECT `mingch` FROM `shop_type` WHERE `id` = 7  [ RunTime:0.0001s ]
SQL: SELECT COUNT(*) AS tp_count FROM `sale` WHERE `dep_type` = 27 LIMIT 1   [ RunTime:0.0001s ]
SQL: SELECT `name` FROM `city` WHERE `code` = '0'  [ RunTime:0.0003s ]
NOTIC: [8] Undefined offset: 0 D:\xampp\htdocs\kuaidian\Application\Common\Common\function.php 第 109 行.
SQL: SELECT `mingch` FROM `shop_type` WHERE `id` = 11  [ RunTime:0.0002s ]
SQL: SELECT COUNT(*) AS tp_count FROM `sale` WHERE `dep_type` = 31 LIMIT 1   [ RunTime:0.0001s ]
INFO: Run Behavior\ParseTemplateBehavior [ RunTime:0.029918s ]
INFO: [ view_parse ] --END-- [ RunTime:0.029949s ]
INFO: [ view_filter ] --START--
INFO: Run Behavior\WriteHtmlCacheBehavior [ RunTime:0.000640s ]
INFO: [ view_filter ] --END-- [ RunTime:0.000663s ]
INFO: [ app_end ] --START--
INFO: Run Behavior\ShowPageTraceBehavior [ RunTime:0.000656s ]
INFO: [ app_end ] --END-- [ RunTime:0.000680s ]

[ 2018-02-05T17:33:07+08:00 ] 192.168.0.104 /kuaidian/index.php/Admin/shop/index.html?id=1
INFO: [ app_init ] --START--
INFO: Run Behavior\BuildLiteBehavior [ RunTime:0.000012s ]
INFO: [ app_init ] --END-- [ RunTime:0.000056s ]
INFO: [ app_begin ] --START--
INFO: Run Behavior\ReadHtmlCacheBehavior [ RunTime:0.000610s ]
INFO: [ app_begin ] --END-- [ RunTime:0.000669s ]
SQL: SHOW COLUMNS FROM `city` [ RunTime:0.0032s ]
SQL: SELECT * FROM `city` ORDER BY paix desc  [ RunTime:0.0037s ]
SQL: SHOW COLUMNS FROM `shop` [ RunTime:0.0041s ]
SQL: SELECT * FROM `shop`  [ RunTime:0.0006s ]
INFO: [ view_parse ] --START--
INFO: [ template_filter ] --START--
INFO: Run Behavior\ContentReplaceBehavior [ RunTime:0.000091s ]
INFO: [ template_filter ] --END-- [ RunTime:0.000124s ]
NOTIC: [8] Use of undefined constant Index - assumed 'Index' D:\xampp\htdocs\kuaidian\Application\Runtime\Cache\Admin\52fa67f14c08742f6c521ab8140bab06.php 第 83 行.
NOTIC: [8] Use of undefined constant Shop - assumed 'Shop' D:\xampp\htdocs\kuaidian\Application\Runtime\Cache\Admin\52fa67f14c08742f6c521ab8140bab06.php 第 91 行.
NOTIC: [2] array_pop() expects parameter 1 to be array, null given D:\xampp\htdocs\kuaidian\Application\Runtime\Cache\Admin\52fa67f14c08742f6c521ab8140bab06.php 第 173 行.
NOTIC: [2] Invalid argument supplied for foreach() D:\xampp\htdocs\kuaidian\Application\Runtime\Cache\Admin\52fa67f14c08742f6c521ab8140bab06.php 第 173 行.
NOTIC: [8] Undefined variable: active D:\xampp\htdocs\kuaidian\Application\Runtime\Cache\Admin\52fa67f14c08742f6c521ab8140bab06.php 第 176 行.
NOTIC: [8] Undefined variable: info D:\xampp\htdocs\kuaidian\Application\Runtime\Cache\Admin\52fa67f14c08742f6c521ab8140bab06.php 第 257 行.
SQL: SELECT `name` FROM `city` WHERE `code` = '130500'  [ RunTime:0.0005s ]
SQL: SHOW COLUMNS FROM `shop_type` [ RunTime:0.0032s ]
SQL: SELECT `mingch` FROM `shop_type` WHERE `id` = 1  [ RunTime:0.0002s ]
SQL: SHOW COLUMNS FROM `sale` [ RunTime:0.0031s ]
SQL: SELECT COUNT(*) AS tp_count FROM `sale` WHERE `dep_type` = 1 LIMIT 1   [ RunTime:0.0004s ]
SQL: SELECT `name` FROM `city` WHERE `code` = '130100'  [ RunTime:0.0005s ]
SQL: SELECT `mingch` FROM `shop_type` WHERE `id` = 2  [ RunTime:0.0001s ]
SQL: SELECT COUNT(*) AS tp_count FROM `sale` WHERE `dep_type` = 3 LIMIT 1   [ RunTime:0.0001s ]
SQL: SELECT `name` FROM `city` WHERE `code` = '350300'  [ RunTime:0.0002s ]
SQL: SELECT `mingch` FROM `shop_type` WHERE `id` = 3  [ RunTime:0.0001s ]
SQL: SELECT COUNT(*) AS tp_count FROM `sale` WHERE `dep_type` = 23 LIMIT 1   [ RunTime:0.0001s ]
SQL: SELECT `name` FROM `city` WHERE `code` = '140400'  [ RunTime:0.0002s ]
SQL: SELECT `mingch` FROM `shop_type` WHERE `id` = 7  [ RunTime:0.0001s ]
SQL: SELECT COUNT(*) AS tp_count FROM `sale` WHERE `dep_type` = 24 LIMIT 1   [ RunTime:0.0001s ]
SQL: SELECT `name` FROM `city` WHERE `code` = '130400'  [ RunTime:0.0002s ]
SQL: SELECT `mingch` FROM `shop_type` WHERE `id` = 8  [ RunTime:0.0001s ]
SQL: SELECT COUNT(*) AS tp_count FROM `sale` WHERE `dep_type` = 25 LIMIT 1   [ RunTime:0.0001s ]
SQL: SELECT `name` FROM `city` WHERE `code` = '130100'  [ RunTime:0.0009s ]
SQL: SELECT `mingch` FROM `shop_type` WHERE `id` = 7  [ RunTime:0.0002s ]
SQL: SELECT COUNT(*) AS tp_count FROM `sale` WHERE `dep_type` = 27 LIMIT 1   [ RunTime:0.0002s ]
SQL: SELECT `name` FROM `city` WHERE `code` = '0'  [ RunTime:0.0002s ]
NOTIC: [8] Undefined offset: 0 D:\xampp\htdocs\kuaidian\Application\Common\Common\function.php 第 109 行.
SQL: SELECT `mingch` FROM `shop_type` WHERE `id` = 11  [ RunTime:0.0002s ]
SQL: SELECT COUNT(*) AS tp_count FROM `sale` WHERE `dep_type` = 31 LIMIT 1   [ RunTime:0.0002s ]
INFO: Run Behavior\ParseTemplateBehavior [ RunTime:0.024368s ]
INFO: [ view_parse ] --END-- [ RunTime:0.024392s ]
INFO: [ view_filter ] --START--
INFO: Run Behavior\WriteHtmlCacheBehavior [ RunTime:0.000447s ]
INFO: [ view_filter ] --END-- [ RunTime:0.000471s ]
INFO: [ app_end ] --START--
INFO: Run Behavior\ShowPageTraceBehavior [ RunTime:0.000451s ]
INFO: [ app_end ] --END-- [ RunTime:0.000474s ]

