[ 2018-01-15T18:12:16+08:00 ] ::1 /kuaidian/index.php/Admin/shop/index.html?id=1
INFO: [ app_init ] --START--
INFO: Run Behavior\BuildLiteBehavior [ RunTime:0.000000s ]
INFO: [ app_init ] --END-- [ RunTime:0.001000s ]
INFO: [ app_begin ] --START--
INFO: Run Behavior\ReadHtmlCacheBehavior [ RunTime:0.002000s ]
INFO: [ app_begin ] --END-- [ RunTime:0.002000s ]
SQL: SHOW COLUMNS FROM `city` [ RunTime:0.0040s ]
SQL: SELECT * FROM `city`  [ RunTime:0.0030s ]
SQL: SHOW COLUMNS FROM `shop` [ RunTime:0.0040s ]
SQL: SELECT * FROM `shop`  [ RunTime:0.0010s ]
INFO: [ view_parse ] --START--
INFO: [ template_filter ] --START--
INFO: Run Behavior\ContentReplaceBehavior [ RunTime:0.000000s ]
INFO: [ template_filter ] --END-- [ RunTime:0.001000s ]
NOTIC: [8] Use of undefined constant Index - assumed 'Index' D:\xampp\htdocs\kuaidian\Application\Runtime\Cache\Admin\52fa67f14c08742f6c521ab8140bab06.php 第 84 行.
NOTIC: [8] Use of undefined constant Shop - assumed 'Shop' D:\xampp\htdocs\kuaidian\Application\Runtime\Cache\Admin\52fa67f14c08742f6c521ab8140bab06.php 第 93 行.
NOTIC: [2] array_pop() expects parameter 1 to be array, null given D:\xampp\htdocs\kuaidian\Application\Runtime\Cache\Admin\52fa67f14c08742f6c521ab8140bab06.php 第 179 行.
NOTIC: [2] Invalid argument supplied for foreach() D:\xampp\htdocs\kuaidian\Application\Runtime\Cache\Admin\52fa67f14c08742f6c521ab8140bab06.php 第 179 行.
NOTIC: [8] Undefined variable: active D:\xampp\htdocs\kuaidian\Application\Runtime\Cache\Admin\52fa67f14c08742f6c521ab8140bab06.php 第 182 行.
NOTIC: [8] Undefined variable: info D:\xampp\htdocs\kuaidian\Application\Runtime\Cache\Admin\52fa67f14c08742f6c521ab8140bab06.php 第 263 行.
SQL: SELECT `name` FROM `city` WHERE `code` = '130500'  [ RunTime:0.0010s ]
SQL: SHOW COLUMNS FROM `shop_type` [ RunTime:0.0030s ]
SQL: SELECT `mingch` FROM `shop_type` WHERE `id` = 1  [ RunTime:0.0010s ]
SQL: SHOW COLUMNS FROM `sale` [ RunTime:0.0030s ]
SQL: SELECT COUNT(*) AS tp_count FROM `sale` WHERE `dep_type` = 1 LIMIT 1   [ RunTime:0.0010s ]
SQL: SELECT `name` FROM `city` WHERE `code` = '130100'  [ RunTime:0.0010s ]
SQL: SELECT `mingch` FROM `shop_type` WHERE `id` = 1  [ RunTime:0.0010s ]
SQL: SELECT COUNT(*) AS tp_count FROM `sale` WHERE `dep_type` = 3 LIMIT 1   [ RunTime:0.0000s ]
SQL: SELECT `name` FROM `city` WHERE `code` = '350300'  [ RunTime:0.0000s ]
SQL: SELECT `mingch` FROM `shop_type` WHERE `id` = 1  [ RunTime:0.0010s ]
SQL: SELECT COUNT(*) AS tp_count FROM `sale` WHERE `dep_type` = 23 LIMIT 1   [ RunTime:0.0000s ]
SQL: SELECT `name` FROM `city` WHERE `code` = '140400'  [ RunTime:0.0000s ]
SQL: SELECT `mingch` FROM `shop_type` WHERE `id` = 1  [ RunTime:0.0010s ]
SQL: SELECT COUNT(*) AS tp_count FROM `sale` WHERE `dep_type` = 24 LIMIT 1   [ RunTime:0.0000s ]
SQL: SELECT `name` FROM `city` WHERE `code` = '130400'  [ RunTime:0.0000s ]
SQL: SELECT `mingch` FROM `shop_type` WHERE `id` = 1  [ RunTime:0.0010s ]
SQL: SELECT COUNT(*) AS tp_count FROM `sale` WHERE `dep_type` = 25 LIMIT 1   [ RunTime:0.0000s ]
INFO: Run Behavior\ParseTemplateBehavior [ RunTime:0.046002s ]
INFO: [ view_parse ] --END-- [ RunTime:0.046002s ]
INFO: [ view_filter ] --START--
INFO: Run Behavior\WriteHtmlCacheBehavior [ RunTime:0.001000s ]
INFO: [ view_filter ] --END-- [ RunTime:0.001000s ]
INFO: [ app_end ] --START--
INFO: Run Behavior\ShowPageTraceBehavior [ RunTime:0.001000s ]
INFO: [ app_end ] --END-- [ RunTime:0.001000s ]

[ 2018-01-15T18:12:32+08:00 ] ::1 /kuaidian/index.php/Admin/Index/zhuye.html
INFO: [ app_init ] --START--
INFO: Run Behavior\BuildLiteBehavior [ RunTime:0.000000s ]
INFO: [ app_init ] --END-- [ RunTime:0.001000s ]
INFO: [ app_begin ] --START--
INFO: Run Behavior\ReadHtmlCacheBehavior [ RunTime:0.001000s ]
INFO: [ app_begin ] --END-- [ RunTime:0.001000s ]
SQL: SHOW COLUMNS FROM `city` [ RunTime:0.0030s ]
SQL: SELECT * FROM `city`  [ RunTime:0.0020s ]
INFO: [ view_parse ] --START--
INFO: [ template_filter ] --START--
INFO: Run Behavior\ContentReplaceBehavior [ RunTime:0.000000s ]
INFO: [ template_filter ] --END-- [ RunTime:0.000000s ]
NOTIC: [8] Use of undefined constant Index - assumed 'Index' D:\xampp\htdocs\kuaidian\Application\Runtime\Cache\Admin\502c830712a0e1f9d91cc268e293cf60.php 第 84 行.
INFO: Run Behavior\ParseTemplateBehavior [ RunTime:0.017001s ]
INFO: [ view_parse ] --END-- [ RunTime:0.017001s ]
INFO: [ view_filter ] --START--
INFO: Run Behavior\WriteHtmlCacheBehavior [ RunTime:0.001000s ]
INFO: [ view_filter ] --END-- [ RunTime:0.001000s ]
INFO: [ app_end ] --START--
INFO: Run Behavior\ShowPageTraceBehavior [ RunTime:0.001000s ]
INFO: [ app_end ] --END-- [ RunTime:0.001000s ]

[ 2018-01-15T18:13:21+08:00 ] ::1 /kuaidian/index.php/Admin/shop/index.html?id=110100
INFO: [ app_init ] --START--
INFO: Run Behavior\BuildLiteBehavior [ RunTime:0.000000s ]
INFO: [ app_init ] --END-- [ RunTime:0.000000s ]
INFO: [ app_begin ] --START--
INFO: Run Behavior\ReadHtmlCacheBehavior [ RunTime:0.001000s ]
INFO: [ app_begin ] --END-- [ RunTime:0.001000s ]
SQL: SHOW COLUMNS FROM `city` [ RunTime:0.0050s ]
SQL: SELECT * FROM `city`  [ RunTime:0.0020s ]
SQL: SHOW COLUMNS FROM `shop` [ RunTime:0.0040s ]
SQL: SELECT * FROM `shop` WHERE `depcsjlshi` = 110100  [ RunTime:0.0000s ]
INFO: [ view_parse ] --START--
INFO: [ template_filter ] --START--
INFO: Run Behavior\ContentReplaceBehavior [ RunTime:0.000000s ]
INFO: [ template_filter ] --END-- [ RunTime:0.001000s ]
NOTIC: [8] Use of undefined constant Index - assumed 'Index' D:\xampp\htdocs\kuaidian\Application\Runtime\Cache\Admin\52fa67f14c08742f6c521ab8140bab06.php 第 84 行.
NOTIC: [8] Use of undefined constant Shop - assumed 'Shop' D:\xampp\htdocs\kuaidian\Application\Runtime\Cache\Admin\52fa67f14c08742f6c521ab8140bab06.php 第 93 行.
NOTIC: [2] array_pop() expects parameter 1 to be array, null given D:\xampp\htdocs\kuaidian\Application\Runtime\Cache\Admin\52fa67f14c08742f6c521ab8140bab06.php 第 179 行.
NOTIC: [2] Invalid argument supplied for foreach() D:\xampp\htdocs\kuaidian\Application\Runtime\Cache\Admin\52fa67f14c08742f6c521ab8140bab06.php 第 179 行.
NOTIC: [8] Undefined variable: active D:\xampp\htdocs\kuaidian\Application\Runtime\Cache\Admin\52fa67f14c08742f6c521ab8140bab06.php 第 182 行.
NOTIC: [8] Undefined variable: info D:\xampp\htdocs\kuaidian\Application\Runtime\Cache\Admin\52fa67f14c08742f6c521ab8140bab06.php 第 263 行.
INFO: Run Behavior\ParseTemplateBehavior [ RunTime:0.020002s ]
INFO: [ view_parse ] --END-- [ RunTime:0.020002s ]
INFO: [ view_filter ] --START--
INFO: Run Behavior\WriteHtmlCacheBehavior [ RunTime:0.001000s ]
INFO: [ view_filter ] --END-- [ RunTime:0.001000s ]
INFO: [ app_end ] --START--
INFO: Run Behavior\ShowPageTraceBehavior [ RunTime:0.001000s ]
INFO: [ app_end ] --END-- [ RunTime:0.001000s ]

[ 2018-01-15T18:13:22+08:00 ] 192.168.0.108 /kuaidian/index.php/Admin/shop/index.html?id=1
INFO: [ app_init ] --START--
INFO: Run Behavior\BuildLiteBehavior [ RunTime:0.000000s ]
INFO: [ app_init ] --END-- [ RunTime:0.001000s ]
INFO: [ app_begin ] --START--
INFO: Run Behavior\ReadHtmlCacheBehavior [ RunTime:0.001000s ]
INFO: [ app_begin ] --END-- [ RunTime:0.001000s ]
SQL: SHOW COLUMNS FROM `city` [ RunTime:0.0040s ]
SQL: SELECT * FROM `city`  [ RunTime:0.0010s ]
SQL: SHOW COLUMNS FROM `shop` [ RunTime:0.0040s ]
SQL: SELECT * FROM `shop`  [ RunTime:0.0000s ]
INFO: [ view_parse ] --START--
INFO: [ template_filter ] --START--
INFO: Run Behavior\ContentReplaceBehavior [ RunTime:0.000000s ]
INFO: [ template_filter ] --END-- [ RunTime:0.000000s ]
NOTIC: [8] Use of undefined constant Index - assumed 'Index' D:\xampp\htdocs\kuaidian\Application\Runtime\Cache\Admin\52fa67f14c08742f6c521ab8140bab06.php 第 84 行.
NOTIC: [8] Use of undefined constant Shop - assumed 'Shop' D:\xampp\htdocs\kuaidian\Application\Runtime\Cache\Admin\52fa67f14c08742f6c521ab8140bab06.php 第 93 行.
NOTIC: [2] array_pop() expects parameter 1 to be array, null given D:\xampp\htdocs\kuaidian\Application\Runtime\Cache\Admin\52fa67f14c08742f6c521ab8140bab06.php 第 179 行.
NOTIC: [2] Invalid argument supplied for foreach() D:\xampp\htdocs\kuaidian\Application\Runtime\Cache\Admin\52fa67f14c08742f6c521ab8140bab06.php 第 179 行.
NOTIC: [8] Undefined variable: active D:\xampp\htdocs\kuaidian\Application\Runtime\Cache\Admin\52fa67f14c08742f6c521ab8140bab06.php 第 182 行.
NOTIC: [8] Undefined variable: info D:\xampp\htdocs\kuaidian\Application\Runtime\Cache\Admin\52fa67f14c08742f6c521ab8140bab06.php 第 263 行.
SQL: SELECT `name` FROM `city` WHERE `code` = '130500'  [ RunTime:0.0000s ]
SQL: SHOW COLUMNS FROM `shop_type` [ RunTime:0.0030s ]
SQL: SELECT `mingch` FROM `shop_type` WHERE `id` = 1  [ RunTime:0.0000s ]
SQL: SHOW COLUMNS FROM `sale` [ RunTime:0.0030s ]
SQL: SELECT COUNT(*) AS tp_count FROM `sale` WHERE `dep_type` = 1 LIMIT 1   [ RunTime:0.0000s ]
SQL: SELECT `name` FROM `city` WHERE `code` = '130100'  [ RunTime:0.0000s ]
SQL: SELECT `mingch` FROM `shop_type` WHERE `id` = 1  [ RunTime:0.0000s ]
SQL: SELECT COUNT(*) AS tp_count FROM `sale` WHERE `dep_type` = 3 LIMIT 1   [ RunTime:0.0000s ]
SQL: SELECT `name` FROM `city` WHERE `code` = '350300'  [ RunTime:0.0010s ]
SQL: SELECT `mingch` FROM `shop_type` WHERE `id` = 1  [ RunTime:0.0010s ]
SQL: SELECT COUNT(*) AS tp_count FROM `sale` WHERE `dep_type` = 23 LIMIT 1   [ RunTime:0.0010s ]
SQL: SELECT `name` FROM `city` WHERE `code` = '140400'  [ RunTime:0.0010s ]
SQL: SELECT `mingch` FROM `shop_type` WHERE `id` = 1  [ RunTime:0.0000s ]
SQL: SELECT COUNT(*) AS tp_count FROM `sale` WHERE `dep_type` = 24 LIMIT 1   [ RunTime:0.0000s ]
SQL: SELECT `name` FROM `city` WHERE `code` = '130400'  [ RunTime:0.0000s ]
SQL: SELECT `mingch` FROM `shop_type` WHERE `id` = 1  [ RunTime:0.0000s ]
SQL: SELECT COUNT(*) AS tp_count FROM `sale` WHERE `dep_type` = 25 LIMIT 1   [ RunTime:0.0000s ]
INFO: Run Behavior\ParseTemplateBehavior [ RunTime:0.037002s ]
INFO: [ view_parse ] --END-- [ RunTime:0.037002s ]
INFO: [ view_filter ] --START--
INFO: Run Behavior\WriteHtmlCacheBehavior [ RunTime:0.001000s ]
INFO: [ view_filter ] --END-- [ RunTime:0.001000s ]
INFO: [ app_end ] --START--
INFO: Run Behavior\ShowPageTraceBehavior [ RunTime:0.002000s ]
INFO: [ app_end ] --END-- [ RunTime:0.002000s ]

[ 2018-01-15T18:13:23+08:00 ] ::1 /kuaidian/index.php/Admin/User/index.html?id=110100
INFO: [ app_init ] --START--
INFO: Run Behavior\BuildLiteBehavior [ RunTime:0.000000s ]
INFO: [ app_init ] --END-- [ RunTime:0.000000s ]
INFO: [ app_begin ] --START--
INFO: Run Behavior\ReadHtmlCacheBehavior [ RunTime:0.001000s ]
INFO: [ app_begin ] --END-- [ RunTime:0.001000s ]
SQL: SHOW COLUMNS FROM `city` [ RunTime:0.0040s ]
SQL: SELECT * FROM `city`  [ RunTime:0.0020s ]
SQL: SHOW COLUMNS FROM `user` [ RunTime:0.0050s ]
SQL: SELECT COUNT(*) AS tp_count FROM `user` WHERE `status` = 0 LIMIT 1   [ RunTime:0.0000s ]
SQL: SELECT * FROM `user` WHERE `status` = 0  [ RunTime:0.0010s ]
INFO: [ view_parse ] --START--
INFO: [ template_filter ] --START--
INFO: Run Behavior\ContentReplaceBehavior [ RunTime:0.000000s ]
INFO: [ template_filter ] --END-- [ RunTime:0.000000s ]
NOTIC: [8] Use of undefined constant Index - assumed 'Index' D:\xampp\htdocs\kuaidian\Application\Runtime\Cache\Admin\65e605872ed5d34210f5b33beb13f5a3.php 第 84 行.
NOTIC: [8] Use of undefined constant Shop - assumed 'Shop' D:\xampp\htdocs\kuaidian\Application\Runtime\Cache\Admin\65e605872ed5d34210f5b33beb13f5a3.php 第 93 行.
NOTIC: [8] Use of undefined constant Shoptype - assumed 'Shoptype' D:\xampp\htdocs\kuaidian\Application\Runtime\Cache\Admin\65e605872ed5d34210f5b33beb13f5a3.php 第 93 行.
NOTIC: [8] Use of undefined constant Danwei - assumed 'Danwei' D:\xampp\htdocs\kuaidian\Application\Runtime\Cache\Admin\65e605872ed5d34210f5b33beb13f5a3.php 第 93 行.
NOTIC: [8] Use of undefined constant Shop - assumed 'Shop' D:\xampp\htdocs\kuaidian\Application\Runtime\Cache\Admin\65e605872ed5d34210f5b33beb13f5a3.php 第 114 行.
NOTIC: [8] Use of undefined constant Shoptype - assumed 'Shoptype' D:\xampp\htdocs\kuaidian\Application\Runtime\Cache\Admin\65e605872ed5d34210f5b33beb13f5a3.php 第 114 行.
NOTIC: [8] Use of undefined constant Danwei - assumed 'Danwei' D:\xampp\htdocs\kuaidian\Application\Runtime\Cache\Admin\65e605872ed5d34210f5b33beb13f5a3.php 第 114 行.
NOTIC: [8] Use of undefined constant Seat - assumed 'Seat' D:\xampp\htdocs\kuaidian\Application\Runtime\Cache\Admin\65e605872ed5d34210f5b33beb13f5a3.php 第 114 行.
NOTIC: [8] Use of undefined constant Sale - assumed 'Sale' D:\xampp\htdocs\kuaidian\Application\Runtime\Cache\Admin\65e605872ed5d34210f5b33beb13f5a3.php 第 114 行.
NOTIC: [8] Use of undefined constant Food - assumed 'Food' D:\xampp\htdocs\kuaidian\Application\Runtime\Cache\Admin\65e605872ed5d34210f5b33beb13f5a3.php 第 114 行.
NOTIC: [8] Use of undefined constant Seattype - assumed 'Seattype' D:\xampp\htdocs\kuaidian\Application\Runtime\Cache\Admin\65e605872ed5d34210f5b33beb13f5a3.php 第 114 行.
NOTIC: [8] Use of undefined constant Foodtype - assumed 'Foodtype' D:\xampp\htdocs\kuaidian\Application\Runtime\Cache\Admin\65e605872ed5d34210f5b33beb13f5a3.php 第 114 行.
NOTIC: [8] Use of undefined constant User - assumed 'User' D:\xampp\htdocs\kuaidian\Application\Runtime\Cache\Admin\65e605872ed5d34210f5b33beb13f5a3.php 第 128 行.
NOTIC: [2] array_pop() expects parameter 1 to be array, null given D:\xampp\htdocs\kuaidian\Application\Runtime\Cache\Admin\65e605872ed5d34210f5b33beb13f5a3.php 第 179 行.
NOTIC: [2] Invalid argument supplied for foreach() D:\xampp\htdocs\kuaidian\Application\Runtime\Cache\Admin\65e605872ed5d34210f5b33beb13f5a3.php 第 179 行.
NOTIC: [8] Undefined variable: active D:\xampp\htdocs\kuaidian\Application\Runtime\Cache\Admin\65e605872ed5d34210f5b33beb13f5a3.php 第 182 行.
NOTIC: [8] Undefined index: con D:\xampp\htdocs\kuaidian\Application\Runtime\Cache\Admin\65e605872ed5d34210f5b33beb13f5a3.php 第 300 行.
NOTIC: [8] Undefined index: con D:\xampp\htdocs\kuaidian\Application\Runtime\Cache\Admin\65e605872ed5d34210f5b33beb13f5a3.php 第 300 行.
NOTIC: [8] Undefined index: con D:\xampp\htdocs\kuaidian\Application\Runtime\Cache\Admin\65e605872ed5d34210f5b33beb13f5a3.php 第 300 行.
NOTIC: [8] Undefined index: con D:\xampp\htdocs\kuaidian\Application\Runtime\Cache\Admin\65e605872ed5d34210f5b33beb13f5a3.php 第 300 行.
INFO: Run Behavior\ParseTemplateBehavior [ RunTime:0.022001s ]
INFO: [ view_parse ] --END-- [ RunTime:0.022001s ]
INFO: [ view_filter ] --START--
INFO: Run Behavior\WriteHtmlCacheBehavior [ RunTime:0.001000s ]
INFO: [ view_filter ] --END-- [ RunTime:0.001000s ]
INFO: [ app_end ] --START--
INFO: Run Behavior\ShowPageTraceBehavior [ RunTime:0.001000s ]
INFO: [ app_end ] --END-- [ RunTime:0.001000s ]

[ 2018-01-15T18:13:26+08:00 ] ::1 /kuaidian/index.php/Admin/code/index.html?id=110100
INFO: [ app_init ] --START--
INFO: Run Behavior\BuildLiteBehavior [ RunTime:0.000000s ]
INFO: [ app_init ] --END-- [ RunTime:0.000000s ]
INFO: [ app_begin ] --START--
INFO: Run Behavior\ReadHtmlCacheBehavior [ RunTime:0.001000s ]
INFO: [ app_begin ] --END-- [ RunTime:0.001000s ]
SQL: SHOW COLUMNS FROM `city` [ RunTime:0.0040s ]
SQL: SELECT * FROM `city`  [ RunTime:0.0020s ]
SQL: SHOW COLUMNS FROM `mobile_code` [ RunTime:0.0030s ]
SQL: SELECT mobile_code.tel,mobile_code.code,mobile_code.status as yz_status,mobile_code.add_time,sms_status.sms_id,sms_status.id,sms_status.status,sms_status.type,sms_status.update_time FROM `mobile_code` right join sms_status on mobile_code.id = sms_status.sms_id  WHERE ( mobile_code.is_del = 1 ) ORDER BY id desc  [ RunTime:0.0000s ]
INFO: [ view_parse ] --START--
INFO: [ template_filter ] --START--
INFO: Run Behavior\ContentReplaceBehavior [ RunTime:0.000000s ]
INFO: [ template_filter ] --END-- [ RunTime:0.000000s ]
NOTIC: [8] Use of undefined constant Index - assumed 'Index' D:\xampp\htdocs\kuaidian\Application\Runtime\Cache\Admin\e4115922dbeab584d8de8ec3503939dc.php 第 84 行.
NOTIC: [8] Use of undefined constant Shop - assumed 'Shop' D:\xampp\htdocs\kuaidian\Application\Runtime\Cache\Admin\e4115922dbeab584d8de8ec3503939dc.php 第 93 行.
NOTIC: [8] Use of undefined constant Shoptype - assumed 'Shoptype' D:\xampp\htdocs\kuaidian\Application\Runtime\Cache\Admin\e4115922dbeab584d8de8ec3503939dc.php 第 93 行.
NOTIC: [8] Use of undefined constant Danwei - assumed 'Danwei' D:\xampp\htdocs\kuaidian\Application\Runtime\Cache\Admin\e4115922dbeab584d8de8ec3503939dc.php 第 93 行.
NOTIC: [8] Use of undefined constant Shop - assumed 'Shop' D:\xampp\htdocs\kuaidian\Application\Runtime\Cache\Admin\e4115922dbeab584d8de8ec3503939dc.php 第 114 行.
NOTIC: [8] Use of undefined constant Shoptype - assumed 'Shoptype' D:\xampp\htdocs\kuaidian\Application\Runtime\Cache\Admin\e4115922dbeab584d8de8ec3503939dc.php 第 114 行.
NOTIC: [8] Use of undefined constant Danwei - assumed 'Danwei' D:\xampp\htdocs\kuaidian\Application\Runtime\Cache\Admin\e4115922dbeab584d8de8ec3503939dc.php 第 114 行.
NOTIC: [8] Use of undefined constant Seat - assumed 'Seat' D:\xampp\htdocs\kuaidian\Application\Runtime\Cache\Admin\e4115922dbeab584d8de8ec3503939dc.php 第 114 行.
NOTIC: [8] Use of undefined constant Sale - assumed 'Sale' D:\xampp\htdocs\kuaidian\Application\Runtime\Cache\Admin\e4115922dbeab584d8de8ec3503939dc.php 第 114 行.
NOTIC: [8] Use of undefined constant Food - assumed 'Food' D:\xampp\htdocs\kuaidian\Application\Runtime\Cache\Admin\e4115922dbeab584d8de8ec3503939dc.php 第 114 行.
NOTIC: [8] Use of undefined constant Seattype - assumed 'Seattype' D:\xampp\htdocs\kuaidian\Application\Runtime\Cache\Admin\e4115922dbeab584d8de8ec3503939dc.php 第 114 行.
NOTIC: [8] Use of undefined constant Foodtype - assumed 'Foodtype' D:\xampp\htdocs\kuaidian\Application\Runtime\Cache\Admin\e4115922dbeab584d8de8ec3503939dc.php 第 114 行.
NOTIC: [8] Use of undefined constant User - assumed 'User' D:\xampp\htdocs\kuaidian\Application\Runtime\Cache\Admin\e4115922dbeab584d8de8ec3503939dc.php 第 128 行.
NOTIC: [8] Use of undefined constant Code - assumed 'Code' D:\xampp\htdocs\kuaidian\Application\Runtime\Cache\Admin\e4115922dbeab584d8de8ec3503939dc.php 第 137 行.
NOTIC: [2] array_pop() expects parameter 1 to be array, null given D:\xampp\htdocs\kuaidian\Application\Runtime\Cache\Admin\e4115922dbeab584d8de8ec3503939dc.php 第 179 行.
NOTIC: [2] Invalid argument supplied for foreach() D:\xampp\htdocs\kuaidian\Application\Runtime\Cache\Admin\e4115922dbeab584d8de8ec3503939dc.php 第 179 行.
NOTIC: [8] Undefined variable: active D:\xampp\htdocs\kuaidian\Application\Runtime\Cache\Admin\e4115922dbeab584d8de8ec3503939dc.php 第 182 行.
NOTIC: [8] Undefined variable: one_code D:\xampp\htdocs\kuaidian\Application\Runtime\Cache\Admin\e4115922dbeab584d8de8ec3503939dc.php 第 291 行.
NOTIC: [8] Use of undefined constant register - assumed 'register' D:\xampp\htdocs\kuaidian\Application\Runtime\Cache\Admin\e4115922dbeab584d8de8ec3503939dc.php 第 305 行.
NOTIC: [8] Use of undefined constant repass - assumed 'repass' D:\xampp\htdocs\kuaidian\Application\Runtime\Cache\Admin\e4115922dbeab584d8de8ec3503939dc.php 第 306 行.
NOTIC: [8] Undefined index: content D:\xampp\htdocs\kuaidian\Application\Runtime\Cache\Admin\e4115922dbeab584d8de8ec3503939dc.php 第 311 行.
NOTIC: [8] Undefined variable: one_info D:\xampp\htdocs\kuaidian\Application\Runtime\Cache\Admin\e4115922dbeab584d8de8ec3503939dc.php 第 322 行.
NOTIC: [8] Undefined variable: one_info D:\xampp\htdocs\kuaidian\Application\Runtime\Cache\Admin\e4115922dbeab584d8de8ec3503939dc.php 第 332 行.
NOTIC: [8] Use of undefined constant register - assumed 'register' D:\xampp\htdocs\kuaidian\Application\Runtime\Cache\Admin\e4115922dbeab584d8de8ec3503939dc.php 第 305 行.
NOTIC: [8] Use of undefined constant repass - assumed 'repass' D:\xampp\htdocs\kuaidian\Application\Runtime\Cache\Admin\e4115922dbeab584d8de8ec3503939dc.php 第 306 行.
NOTIC: [8] Undefined index: content D:\xampp\htdocs\kuaidian\Application\Runtime\Cache\Admin\e4115922dbeab584d8de8ec3503939dc.php 第 311 行.
NOTIC: [8] Undefined variable: one_info D:\xampp\htdocs\kuaidian\Application\Runtime\Cache\Admin\e4115922dbeab584d8de8ec3503939dc.php 第 322 行.
NOTIC: [8] Undefined variable: one_info D:\xampp\htdocs\kuaidian\Application\Runtime\Cache\Admin\e4115922dbeab584d8de8ec3503939dc.php 第 332 行.
NOTIC: [8] Use of undefined constant register - assumed 'register' D:\xampp\htdocs\kuaidian\Application\Runtime\Cache\Admin\e4115922dbeab584d8de8ec3503939dc.php 第 305 行.
NOTIC: [8] Undefined index: content D:\xampp\htdocs\kuaidian\Application\Runtime\Cache\Admin\e4115922dbeab584d8de8ec3503939dc.php 第 311 行.
NOTIC: [8] Undefined variable: one_info D:\xampp\htdocs\kuaidian\Application\Runtime\Cache\Admin\e4115922dbeab584d8de8ec3503939dc.php 第 322 行.
NOTIC: [8] Undefined variable: one_info D:\xampp\htdocs\kuaidian\Application\Runtime\Cache\Admin\e4115922dbeab584d8de8ec3503939dc.php 第 332 行.
NOTIC: [8] Use of undefined constant register - assumed 'register' D:\xampp\htdocs\kuaidian\Application\Runtime\Cache\Admin\e4115922dbeab584d8de8ec3503939dc.php 第 305 行.
NOTIC: [8] Use of undefined constant repass - assumed 'repass' D:\xampp\htdocs\kuaidian\Application\Runtime\Cache\Admin\e4115922dbeab584d8de8ec3503939dc.php 第 306 行.
NOTIC: [8] Undefined index: content D:\xampp\htdocs\kuaidian\Application\Runtime\Cache\Admin\e4115922dbeab584d8de8ec3503939dc.php 第 311 行.
NOTIC: [8] Undefined variable: one_info D:\xampp\htdocs\kuaidian\Application\Runtime\Cache\Admin\e4115922dbeab584d8de8ec3503939dc.php 第 322 行.
NOTIC: [8] Undefined variable: one_info D:\xampp\htdocs\kuaidian\Application\Runtime\Cache\Admin\e4115922dbeab584d8de8ec3503939dc.php 第 332 行.
NOTIC: [8] Use of undefined constant register - assumed 'register' D:\xampp\htdocs\kuaidian\Application\Runtime\Cache\Admin\e4115922dbeab584d8de8ec3503939dc.php 第 305 行.
NOTIC: [8] Undefined index: content D:\xampp\htdocs\kuaidian\Application\Runtime\Cache\Admin\e4115922dbeab584d8de8ec3503939dc.php 第 311 行.
NOTIC: [8] Undefined variable: one_info D:\xampp\htdocs\kuaidian\Application\Runtime\Cache\Admin\e4115922dbeab584d8de8ec3503939dc.php 第 322 行.
NOTIC: [8] Undefined variable: one_info D:\xampp\htdocs\kuaidian\Application\Runtime\Cache\Admin\e4115922dbeab584d8de8ec3503939dc.php 第 332 行.
INFO: Run Behavior\ParseTemplateBehavior [ RunTime:0.019001s ]
INFO: [ view_parse ] --END-- [ RunTime:0.019001s ]
INFO: [ view_filter ] --START--
INFO: Run Behavior\WriteHtmlCacheBehavior [ RunTime:0.001000s ]
INFO: [ view_filter ] --END-- [ RunTime:0.001000s ]
INFO: [ app_end ] --START--
INFO: Run Behavior\ShowPageTraceBehavior [ RunTime:0.001000s ]
INFO: [ app_end ] --END-- [ RunTime:0.001000s ]

[ 2018-01-15T18:13:28+08:00 ] ::1 /kuaidian/index.php/Admin/config/index.html?id=110100
INFO: [ app_init ] --START--
INFO: Run Behavior\BuildLiteBehavior [ RunTime:0.000000s ]
INFO: [ app_init ] --END-- [ RunTime:0.000000s ]
INFO: [ app_begin ] --START--
INFO: Run Behavior\ReadHtmlCacheBehavior [ RunTime:0.001000s ]
INFO: [ app_begin ] --END-- [ RunTime:0.001000s ]
SQL: SHOW COLUMNS FROM `city` [ RunTime:0.0550s ]
SQL: SELECT * FROM `city`  [ RunTime:0.0020s ]
INFO: [ view_parse ] --START--
INFO: [ template_filter ] --START--
INFO: Run Behavior\ContentReplaceBehavior [ RunTime:0.000000s ]
INFO: [ template_filter ] --END-- [ RunTime:0.000000s ]
NOTIC: [8] Use of undefined constant Index - assumed 'Index' D:\xampp\htdocs\kuaidian\Application\Runtime\Cache\Admin\9bb5e7ead1bbec7c3d970a481af28a6e.php 第 84 行.
NOTIC: [8] Use of undefined constant Shop - assumed 'Shop' D:\xampp\htdocs\kuaidian\Application\Runtime\Cache\Admin\9bb5e7ead1bbec7c3d970a481af28a6e.php 第 93 行.
NOTIC: [8] Use of undefined constant Shoptype - assumed 'Shoptype' D:\xampp\htdocs\kuaidian\Application\Runtime\Cache\Admin\9bb5e7ead1bbec7c3d970a481af28a6e.php 第 93 行.
NOTIC: [8] Use of undefined constant Danwei - assumed 'Danwei' D:\xampp\htdocs\kuaidian\Application\Runtime\Cache\Admin\9bb5e7ead1bbec7c3d970a481af28a6e.php 第 93 行.
NOTIC: [8] Use of undefined constant Shop - assumed 'Shop' D:\xampp\htdocs\kuaidian\Application\Runtime\Cache\Admin\9bb5e7ead1bbec7c3d970a481af28a6e.php 第 114 行.
NOTIC: [8] Use of undefined constant Shoptype - assumed 'Shoptype' D:\xampp\htdocs\kuaidian\Application\Runtime\Cache\Admin\9bb5e7ead1bbec7c3d970a481af28a6e.php 第 114 行.
NOTIC: [8] Use of undefined constant Danwei - assumed 'Danwei' D:\xampp\htdocs\kuaidian\Application\Runtime\Cache\Admin\9bb5e7ead1bbec7c3d970a481af28a6e.php 第 114 行.
NOTIC: [8] Use of undefined constant Seat - assumed 'Seat' D:\xampp\htdocs\kuaidian\Application\Runtime\Cache\Admin\9bb5e7ead1bbec7c3d970a481af28a6e.php 第 114 行.
NOTIC: [8] Use of undefined constant Sale - assumed 'Sale' D:\xampp\htdocs\kuaidian\Application\Runtime\Cache\Admin\9bb5e7ead1bbec7c3d970a481af28a6e.php 第 114 行.
NOTIC: [8] Use of undefined constant Food - assumed 'Food' D:\xampp\htdocs\kuaidian\Application\Runtime\Cache\Admin\9bb5e7ead1bbec7c3d970a481af28a6e.php 第 114 行.
NOTIC: [8] Use of undefined constant Seattype - assumed 'Seattype' D:\xampp\htdocs\kuaidian\Application\Runtime\Cache\Admin\9bb5e7ead1bbec7c3d970a481af28a6e.php 第 114 行.
NOTIC: [8] Use of undefined constant Foodtype - assumed 'Foodtype' D:\xampp\htdocs\kuaidian\Application\Runtime\Cache\Admin\9bb5e7ead1bbec7c3d970a481af28a6e.php 第 114 行.
NOTIC: [8] Use of undefined constant User - assumed 'User' D:\xampp\htdocs\kuaidian\Application\Runtime\Cache\Admin\9bb5e7ead1bbec7c3d970a481af28a6e.php 第 128 行.
NOTIC: [8] Use of undefined constant Code - assumed 'Code' D:\xampp\htdocs\kuaidian\Application\Runtime\Cache\Admin\9bb5e7ead1bbec7c3d970a481af28a6e.php 第 137 行.
NOTIC: [8] Use of undefined constant Event - assumed 'Event' D:\xampp\htdocs\kuaidian\Application\Runtime\Cache\Admin\9bb5e7ead1bbec7c3d970a481af28a6e.php 第 146 行.
NOTIC: [8] Use of undefined constant Config - assumed 'Config' D:\xampp\htdocs\kuaidian\Application\Runtime\Cache\Admin\9bb5e7ead1bbec7c3d970a481af28a6e.php 第 146 行.
INFO: Run Behavior\ParseTemplateBehavior [ RunTime:0.017001s ]
INFO: [ view_parse ] --END-- [ RunTime:0.017001s ]
INFO: [ view_filter ] --START--
INFO: Run Behavior\WriteHtmlCacheBehavior [ RunTime:0.001000s ]
INFO: [ view_filter ] --END-- [ RunTime:0.001000s ]
INFO: [ app_end ] --START--
INFO: Run Behavior\ShowPageTraceBehavior [ RunTime:0.002000s ]
INFO: [ app_end ] --END-- [ RunTime:0.002000s ]

[ 2018-01-15T18:13:29+08:00 ] ::1 /kuaidian/index.php/Admin/code/index.html?id=110100
INFO: [ app_init ] --START--
INFO: Run Behavior\BuildLiteBehavior [ RunTime:0.000000s ]
INFO: [ app_init ] --END-- [ RunTime:0.000000s ]
INFO: [ app_begin ] --START--
INFO: Run Behavior\ReadHtmlCacheBehavior [ RunTime:0.001000s ]
INFO: [ app_begin ] --END-- [ RunTime:0.001000s ]
SQL: SHOW COLUMNS FROM `city` [ RunTime:0.0040s ]
SQL: SELECT * FROM `city`  [ RunTime:0.0020s ]
SQL: SHOW COLUMNS FROM `mobile_code` [ RunTime:0.0050s ]
SQL: SELECT mobile_code.tel,mobile_code.code,mobile_code.status as yz_status,mobile_code.add_time,sms_status.sms_id,sms_status.id,sms_status.status,sms_status.type,sms_status.update_time FROM `mobile_code` right join sms_status on mobile_code.id = sms_status.sms_id  WHERE ( mobile_code.is_del = 1 ) ORDER BY id desc  [ RunTime:0.0010s ]
INFO: [ view_parse ] --START--
INFO: [ template_filter ] --START--
INFO: Run Behavior\ContentReplaceBehavior [ RunTime:0.000000s ]
INFO: [ template_filter ] --END-- [ RunTime:0.000000s ]
NOTIC: [8] Use of undefined constant Index - assumed 'Index' D:\xampp\htdocs\kuaidian\Application\Runtime\Cache\Admin\e4115922dbeab584d8de8ec3503939dc.php 第 84 行.
NOTIC: [8] Use of undefined constant Shop - assumed 'Shop' D:\xampp\htdocs\kuaidian\Application\Runtime\Cache\Admin\e4115922dbeab584d8de8ec3503939dc.php 第 93 行.
NOTIC: [8] Use of undefined constant Shoptype - assumed 'Shoptype' D:\xampp\htdocs\kuaidian\Application\Runtime\Cache\Admin\e4115922dbeab584d8de8ec3503939dc.php 第 93 行.
NOTIC: [8] Use of undefined constant Danwei - assumed 'Danwei' D:\xampp\htdocs\kuaidian\Application\Runtime\Cache\Admin\e4115922dbeab584d8de8ec3503939dc.php 第 93 行.
NOTIC: [8] Use of undefined constant Shop - assumed 'Shop' D:\xampp\htdocs\kuaidian\Application\Runtime\Cache\Admin\e4115922dbeab584d8de8ec3503939dc.php 第 114 行.
NOTIC: [8] Use of undefined constant Shoptype - assumed 'Shoptype' D:\xampp\htdocs\kuaidian\Application\Runtime\Cache\Admin\e4115922dbeab584d8de8ec3503939dc.php 第 114 行.
NOTIC: [8] Use of undefined constant Danwei - assumed 'Danwei' D:\xampp\htdocs\kuaidian\Application\Runtime\Cache\Admin\e4115922dbeab584d8de8ec3503939dc.php 第 114 行.
NOTIC: [8] Use of undefined constant Seat - assumed 'Seat' D:\xampp\htdocs\kuaidian\Application\Runtime\Cache\Admin\e4115922dbeab584d8de8ec3503939dc.php 第 114 行.
NOTIC: [8] Use of undefined constant Sale - assumed 'Sale' D:\xampp\htdocs\kuaidian\Application\Runtime\Cache\Admin\e4115922dbeab584d8de8ec3503939dc.php 第 114 行.
NOTIC: [8] Use of undefined constant Food - assumed 'Food' D:\xampp\htdocs\kuaidian\Application\Runtime\Cache\Admin\e4115922dbeab584d8de8ec3503939dc.php 第 114 行.
NOTIC: [8] Use of undefined constant Seattype - assumed 'Seattype' D:\xampp\htdocs\kuaidian\Application\Runtime\Cache\Admin\e4115922dbeab584d8de8ec3503939dc.php 第 114 行.
NOTIC: [8] Use of undefined constant Foodtype - assumed 'Foodtype' D:\xampp\htdocs\kuaidian\Application\Runtime\Cache\Admin\e4115922dbeab584d8de8ec3503939dc.php 第 114 行.
NOTIC: [8] Use of undefined constant User - assumed 'User' D:\xampp\htdocs\kuaidian\Application\Runtime\Cache\Admin\e4115922dbeab584d8de8ec3503939dc.php 第 128 行.
NOTIC: [8] Use of undefined constant Code - assumed 'Code' D:\xampp\htdocs\kuaidian\Application\Runtime\Cache\Admin\e4115922dbeab584d8de8ec3503939dc.php 第 137 行.
NOTIC: [2] array_pop() expects parameter 1 to be array, null given D:\xampp\htdocs\kuaidian\Application\Runtime\Cache\Admin\e4115922dbeab584d8de8ec3503939dc.php 第 179 行.
NOTIC: [2] Invalid argument supplied for foreach() D:\xampp\htdocs\kuaidian\Application\Runtime\Cache\Admin\e4115922dbeab584d8de8ec3503939dc.php 第 179 行.
NOTIC: [8] Undefined variable: active D:\xampp\htdocs\kuaidian\Application\Runtime\Cache\Admin\e4115922dbeab584d8de8ec3503939dc.php 第 182 行.
NOTIC: [8] Undefined variable: one_code D:\xampp\htdocs\kuaidian\Application\Runtime\Cache\Admin\e4115922dbeab584d8de8ec3503939dc.php 第 291 行.
NOTIC: [8] Use of undefined constant register - assumed 'register' D:\xampp\htdocs\kuaidian\Application\Runtime\Cache\Admin\e4115922dbeab584d8de8ec3503939dc.php 第 305 行.
NOTIC: [8] Use of undefined constant repass - assumed 'repass' D:\xampp\htdocs\kuaidian\Application\Runtime\Cache\Admin\e4115922dbeab584d8de8ec3503939dc.php 第 306 行.
NOTIC: [8] Undefined index: content D:\xampp\htdocs\kuaidian\Application\Runtime\Cache\Admin\e4115922dbeab584d8de8ec3503939dc.php 第 311 行.
NOTIC: [8] Undefined variable: one_info D:\xampp\htdocs\kuaidian\Application\Runtime\Cache\Admin\e4115922dbeab584d8de8ec3503939dc.php 第 322 行.
NOTIC: [8] Undefined variable: one_info D:\xampp\htdocs\kuaidian\Application\Runtime\Cache\Admin\e4115922dbeab584d8de8ec3503939dc.php 第 332 行.
NOTIC: [8] Use of undefined constant register - assumed 'register' D:\xampp\htdocs\kuaidian\Application\Runtime\Cache\Admin\e4115922dbeab584d8de8ec3503939dc.php 第 305 行.
NOTIC: [8] Use of undefined constant repass - assumed 'repass' D:\xampp\htdocs\kuaidian\Application\Runtime\Cache\Admin\e4115922dbeab584d8de8ec3503939dc.php 第 306 行.
NOTIC: [8] Undefined index: content D:\xampp\htdocs\kuaidian\Application\Runtime\Cache\Admin\e4115922dbeab584d8de8ec3503939dc.php 第 311 行.
NOTIC: [8] Undefined variable: one_info D:\xampp\htdocs\kuaidian\Application\Runtime\Cache\Admin\e4115922dbeab584d8de8ec3503939dc.php 第 322 行.
NOTIC: [8] Undefined variable: one_info D:\xampp\htdocs\kuaidian\Application\Runtime\Cache\Admin\e4115922dbeab584d8de8ec3503939dc.php 第 332 行.
NOTIC: [8] Use of undefined constant register - assumed 'register' D:\xampp\htdocs\kuaidian\Application\Runtime\Cache\Admin\e4115922dbeab584d8de8ec3503939dc.php 第 305 行.
NOTIC: [8] Undefined index: content D:\xampp\htdocs\kuaidian\Application\Runtime\Cache\Admin\e4115922dbeab584d8de8ec3503939dc.php 第 311 行.
NOTIC: [8] Undefined variable: one_info D:\xampp\htdocs\kuaidian\Application\Runtime\Cache\Admin\e4115922dbeab584d8de8ec3503939dc.php 第 322 行.
NOTIC: [8] Undefined variable: one_info D:\xampp\htdocs\kuaidian\Application\Runtime\Cache\Admin\e4115922dbeab584d8de8ec3503939dc.php 第 332 行.
NOTIC: [8] Use of undefined constant register - assumed 'register' D:\xampp\htdocs\kuaidian\Application\Runtime\Cache\Admin\e4115922dbeab584d8de8ec3503939dc.php 第 305 行.
NOTIC: [8] Use of undefined constant repass - assumed 'repass' D:\xampp\htdocs\kuaidian\Application\Runtime\Cache\Admin\e4115922dbeab584d8de8ec3503939dc.php 第 306 行.
NOTIC: [8] Undefined index: content D:\xampp\htdocs\kuaidian\Application\Runtime\Cache\Admin\e4115922dbeab584d8de8ec3503939dc.php 第 311 行.
NOTIC: [8] Undefined variable: one_info D:\xampp\htdocs\kuaidian\Application\Runtime\Cache\Admin\e4115922dbeab584d8de8ec3503939dc.php 第 322 行.
NOTIC: [8] Undefined variable: one_info D:\xampp\htdocs\kuaidian\Application\Runtime\Cache\Admin\e4115922dbeab584d8de8ec3503939dc.php 第 332 行.
NOTIC: [8] Use of undefined constant register - assumed 'register' D:\xampp\htdocs\kuaidian\Application\Runtime\Cache\Admin\e4115922dbeab584d8de8ec3503939dc.php 第 305 行.
NOTIC: [8] Undefined index: content D:\xampp\htdocs\kuaidian\Application\Runtime\Cache\Admin\e4115922dbeab584d8de8ec3503939dc.php 第 311 行.
NOTIC: [8] Undefined variable: one_info D:\xampp\htdocs\kuaidian\Application\Runtime\Cache\Admin\e4115922dbeab584d8de8ec3503939dc.php 第 322 行.
NOTIC: [8] Undefined variable: one_info D:\xampp\htdocs\kuaidian\Application\Runtime\Cache\Admin\e4115922dbeab584d8de8ec3503939dc.php 第 332 行.
INFO: Run Behavior\ParseTemplateBehavior [ RunTime:0.031001s ]
INFO: [ view_parse ] --END-- [ RunTime:0.032001s ]
INFO: [ view_filter ] --START--
INFO: Run Behavior\WriteHtmlCacheBehavior [ RunTime:0.001001s ]
INFO: [ view_filter ] --END-- [ RunTime:0.001001s ]
INFO: [ app_end ] --START--
INFO: Run Behavior\ShowPageTraceBehavior [ RunTime:0.001000s ]
INFO: [ app_end ] --END-- [ RunTime:0.001000s ]

[ 2018-01-15T18:13:44+08:00 ] ::1 /kuaidian/index.php/Admin/Index/zhuye.html
INFO: [ app_init ] --START--
INFO: Run Behavior\BuildLiteBehavior [ RunTime:0.000000s ]
INFO: [ app_init ] --END-- [ RunTime:0.000000s ]
INFO: [ app_begin ] --START--
INFO: Run Behavior\ReadHtmlCacheBehavior [ RunTime:0.001000s ]
INFO: [ app_begin ] --END-- [ RunTime:0.001000s ]
SQL: SHOW COLUMNS FROM `city` [ RunTime:0.0030s ]
SQL: SELECT * FROM `city`  [ RunTime:0.0020s ]
INFO: [ view_parse ] --START--
INFO: [ template_filter ] --START--
INFO: Run Behavior\ContentReplaceBehavior [ RunTime:0.000000s ]
INFO: [ template_filter ] --END-- [ RunTime:0.000000s ]
NOTIC: [8] Use of undefined constant Index - assumed 'Index' D:\xampp\htdocs\kuaidian\Application\Runtime\Cache\Admin\502c830712a0e1f9d91cc268e293cf60.php 第 84 行.
INFO: Run Behavior\ParseTemplateBehavior [ RunTime:0.016001s ]
INFO: [ view_parse ] --END-- [ RunTime:0.016001s ]
INFO: [ view_filter ] --START--
INFO: Run Behavior\WriteHtmlCacheBehavior [ RunTime:0.001000s ]
INFO: [ view_filter ] --END-- [ RunTime:0.001000s ]
INFO: [ app_end ] --START--
INFO: Run Behavior\ShowPageTraceBehavior [ RunTime:0.002000s ]
INFO: [ app_end ] --END-- [ RunTime:0.002000s ]

[ 2018-01-15T18:13:45+08:00 ] ::1 /kuaidian/index.php/Admin/shop/index.html?id=110100
INFO: [ app_init ] --START--
INFO: Run Behavior\BuildLiteBehavior [ RunTime:0.000000s ]
INFO: [ app_init ] --END-- [ RunTime:0.001000s ]
INFO: [ app_begin ] --START--
INFO: Run Behavior\ReadHtmlCacheBehavior [ RunTime:0.001000s ]
INFO: [ app_begin ] --END-- [ RunTime:0.001000s ]
SQL: SHOW COLUMNS FROM `city` [ RunTime:0.0040s ]
SQL: SELECT * FROM `city`  [ RunTime:0.0020s ]
SQL: SHOW COLUMNS FROM `shop` [ RunTime:0.0060s ]
SQL: SELECT * FROM `shop` WHERE `depcsjlshi` = 110100  [ RunTime:0.0000s ]
INFO: [ view_parse ] --START--
INFO: [ template_filter ] --START--
INFO: Run Behavior\ContentReplaceBehavior [ RunTime:0.002001s ]
INFO: [ template_filter ] --END-- [ RunTime:0.002001s ]
NOTIC: [8] Use of undefined constant Index - assumed 'Index' D:\xampp\htdocs\kuaidian\Application\Runtime\Cache\Admin\52fa67f14c08742f6c521ab8140bab06.php 第 84 行.
NOTIC: [8] Use of undefined constant Shop - assumed 'Shop' D:\xampp\htdocs\kuaidian\Application\Runtime\Cache\Admin\52fa67f14c08742f6c521ab8140bab06.php 第 93 行.
NOTIC: [2] array_pop() expects parameter 1 to be array, null given D:\xampp\htdocs\kuaidian\Application\Runtime\Cache\Admin\52fa67f14c08742f6c521ab8140bab06.php 第 179 行.
NOTIC: [2] Invalid argument supplied for foreach() D:\xampp\htdocs\kuaidian\Application\Runtime\Cache\Admin\52fa67f14c08742f6c521ab8140bab06.php 第 179 行.
NOTIC: [8] Undefined variable: active D:\xampp\htdocs\kuaidian\Application\Runtime\Cache\Admin\52fa67f14c08742f6c521ab8140bab06.php 第 182 行.
NOTIC: [8] Undefined variable: info D:\xampp\htdocs\kuaidian\Application\Runtime\Cache\Admin\52fa67f14c08742f6c521ab8140bab06.php 第 263 行.
INFO: Run Behavior\ParseTemplateBehavior [ RunTime:0.030002s ]
INFO: [ view_parse ] --END-- [ RunTime:0.030002s ]
INFO: [ view_filter ] --START--
INFO: Run Behavior\WriteHtmlCacheBehavior [ RunTime:0.001000s ]
INFO: [ view_filter ] --END-- [ RunTime:0.001000s ]
INFO: [ app_end ] --START--
INFO: Run Behavior\ShowPageTraceBehavior [ RunTime:0.002000s ]
INFO: [ app_end ] --END-- [ RunTime:0.002000s ]

[ 2018-01-15T18:13:49+08:00 ] ::1 /kuaidian/index.php/Admin/User/index.html?id=110100
INFO: [ app_init ] --START--
INFO: Run Behavior\BuildLiteBehavior [ RunTime:0.000000s ]
INFO: [ app_init ] --END-- [ RunTime:0.000000s ]
INFO: [ app_begin ] --START--
INFO: Run Behavior\ReadHtmlCacheBehavior [ RunTime:0.001001s ]
INFO: [ app_begin ] --END-- [ RunTime:0.001001s ]
SQL: SHOW COLUMNS FROM `city` [ RunTime:0.0040s ]
SQL: SELECT * FROM `city`  [ RunTime:0.0020s ]
SQL: SHOW COLUMNS FROM `user` [ RunTime:0.0030s ]
SQL: SELECT COUNT(*) AS tp_count FROM `user` WHERE `status` = 0 LIMIT 1   [ RunTime:0.0010s ]
SQL: SELECT * FROM `user` WHERE `status` = 0  [ RunTime:0.0000s ]
INFO: [ view_parse ] --START--
INFO: [ template_filter ] --START--
INFO: Run Behavior\ContentReplaceBehavior [ RunTime:0.000000s ]
INFO: [ template_filter ] --END-- [ RunTime:0.000000s ]
NOTIC: [8] Use of undefined constant Index - assumed 'Index' D:\xampp\htdocs\kuaidian\Application\Runtime\Cache\Admin\65e605872ed5d34210f5b33beb13f5a3.php 第 84 行.
NOTIC: [8] Use of undefined constant Shop - assumed 'Shop' D:\xampp\htdocs\kuaidian\Application\Runtime\Cache\Admin\65e605872ed5d34210f5b33beb13f5a3.php 第 93 行.
NOTIC: [8] Use of undefined constant Shoptype - assumed 'Shoptype' D:\xampp\htdocs\kuaidian\Application\Runtime\Cache\Admin\65e605872ed5d34210f5b33beb13f5a3.php 第 93 行.
NOTIC: [8] Use of undefined constant Danwei - assumed 'Danwei' D:\xampp\htdocs\kuaidian\Application\Runtime\Cache\Admin\65e605872ed5d34210f5b33beb13f5a3.php 第 93 行.
NOTIC: [8] Use of undefined constant Shop - assumed 'Shop' D:\xampp\htdocs\kuaidian\Application\Runtime\Cache\Admin\65e605872ed5d34210f5b33beb13f5a3.php 第 114 行.
NOTIC: [8] Use of undefined constant Shoptype - assumed 'Shoptype' D:\xampp\htdocs\kuaidian\Application\Runtime\Cache\Admin\65e605872ed5d34210f5b33beb13f5a3.php 第 114 行.
NOTIC: [8] Use of undefined constant Danwei - assumed 'Danwei' D:\xampp\htdocs\kuaidian\Application\Runtime\Cache\Admin\65e605872ed5d34210f5b33beb13f5a3.php 第 114 行.
NOTIC: [8] Use of undefined constant Seat - assumed 'Seat' D:\xampp\htdocs\kuaidian\Application\Runtime\Cache\Admin\65e605872ed5d34210f5b33beb13f5a3.php 第 114 行.
NOTIC: [8] Use of undefined constant Sale - assumed 'Sale' D:\xampp\htdocs\kuaidian\Application\Runtime\Cache\Admin\65e605872ed5d34210f5b33beb13f5a3.php 第 114 行.
NOTIC: [8] Use of undefined constant Food - assumed 'Food' D:\xampp\htdocs\kuaidian\Application\Runtime\Cache\Admin\65e605872ed5d34210f5b33beb13f5a3.php 第 114 行.
NOTIC: [8] Use of undefined constant Seattype - assumed 'Seattype' D:\xampp\htdocs\kuaidian\Application\Runtime\Cache\Admin\65e605872ed5d34210f5b33beb13f5a3.php 第 114 行.
NOTIC: [8] Use of undefined constant Foodtype - assumed 'Foodtype' D:\xampp\htdocs\kuaidian\Application\Runtime\Cache\Admin\65e605872ed5d34210f5b33beb13f5a3.php 第 114 行.
NOTIC: [8] Use of undefined constant User - assumed 'User' D:\xampp\htdocs\kuaidian\Application\Runtime\Cache\Admin\65e605872ed5d34210f5b33beb13f5a3.php 第 128 行.
NOTIC: [2] array_pop() expects parameter 1 to be array, null given D:\xampp\htdocs\kuaidian\Application\Runtime\Cache\Admin\65e605872ed5d34210f5b33beb13f5a3.php 第 179 行.
NOTIC: [2] Invalid argument supplied for foreach() D:\xampp\htdocs\kuaidian\Application\Runtime\Cache\Admin\65e605872ed5d34210f5b33beb13f5a3.php 第 179 行.
NOTIC: [8] Undefined variable: active D:\xampp\htdocs\kuaidian\Application\Runtime\Cache\Admin\65e605872ed5d34210f5b33beb13f5a3.php 第 182 行.
NOTIC: [8] Undefined index: con D:\xampp\htdocs\kuaidian\Application\Runtime\Cache\Admin\65e605872ed5d34210f5b33beb13f5a3.php 第 300 行.
NOTIC: [8] Undefined index: con D:\xampp\htdocs\kuaidian\Application\Runtime\Cache\Admin\65e605872ed5d34210f5b33beb13f5a3.php 第 300 行.
NOTIC: [8] Undefined index: con D:\xampp\htdocs\kuaidian\Application\Runtime\Cache\Admin\65e605872ed5d34210f5b33beb13f5a3.php 第 300 行.
NOTIC: [8] Undefined index: con D:\xampp\htdocs\kuaidian\Application\Runtime\Cache\Admin\65e605872ed5d34210f5b33beb13f5a3.php 第 300 行.
INFO: Run Behavior\ParseTemplateBehavior [ RunTime:0.020001s ]
INFO: [ view_parse ] --END-- [ RunTime:0.021001s ]
INFO: [ view_filter ] --START--
INFO: Run Behavior\WriteHtmlCacheBehavior [ RunTime:0.001000s ]
INFO: [ view_filter ] --END-- [ RunTime:0.001000s ]
INFO: [ app_end ] --START--
INFO: Run Behavior\ShowPageTraceBehavior [ RunTime:0.001000s ]
INFO: [ app_end ] --END-- [ RunTime:0.001000s ]

[ 2018-01-15T18:13:51+08:00 ] ::1 /kuaidian/index.php/Admin/Index/zhuye.html
INFO: [ app_init ] --START--
INFO: Run Behavior\BuildLiteBehavior [ RunTime:0.000000s ]
INFO: [ app_init ] --END-- [ RunTime:0.000000s ]
INFO: [ app_begin ] --START--
INFO: Run Behavior\ReadHtmlCacheBehavior [ RunTime:0.001000s ]
INFO: [ app_begin ] --END-- [ RunTime:0.001000s ]
SQL: SHOW COLUMNS FROM `city` [ RunTime:0.0040s ]
SQL: SELECT * FROM `city`  [ RunTime:0.0020s ]
INFO: [ view_parse ] --START--
INFO: [ template_filter ] --START--
INFO: Run Behavior\ContentReplaceBehavior [ RunTime:0.000000s ]
INFO: [ template_filter ] --END-- [ RunTime:0.000000s ]
NOTIC: [8] Use of undefined constant Index - assumed 'Index' D:\xampp\htdocs\kuaidian\Application\Runtime\Cache\Admin\502c830712a0e1f9d91cc268e293cf60.php 第 84 行.
INFO: Run Behavior\ParseTemplateBehavior [ RunTime:0.017001s ]
INFO: [ view_parse ] --END-- [ RunTime:0.017001s ]
INFO: [ view_filter ] --START--
INFO: Run Behavior\WriteHtmlCacheBehavior [ RunTime:0.001000s ]
INFO: [ view_filter ] --END-- [ RunTime:0.001000s ]
INFO: [ app_end ] --START--
INFO: Run Behavior\ShowPageTraceBehavior [ RunTime:0.001000s ]
INFO: [ app_end ] --END-- [ RunTime:0.001000s ]

[ 2018-01-15T18:15:36+08:00 ] ::1 /kuaidian/index.php/Admin/Index/zhuye.html
INFO: [ app_init ] --START--
INFO: Run Behavior\BuildLiteBehavior [ RunTime:0.001001s ]
INFO: [ app_init ] --END-- [ RunTime:0.001001s ]
INFO: [ app_begin ] --START--
INFO: Run Behavior\ReadHtmlCacheBehavior [ RunTime:0.001000s ]
INFO: [ app_begin ] --END-- [ RunTime:0.001000s ]
SQL: SHOW COLUMNS FROM `city` [ RunTime:0.0040s ]
SQL: SELECT * FROM `city`  [ RunTime:0.0020s ]
INFO: [ view_parse ] --START--
INFO: [ template_filter ] --START--
INFO: Run Behavior\ContentReplaceBehavior [ RunTime:0.000000s ]
INFO: [ template_filter ] --END-- [ RunTime:0.000000s ]
NOTIC: [8] Use of undefined constant Index - assumed 'Index' D:\xampp\htdocs\kuaidian\Application\Runtime\Cache\Admin\502c830712a0e1f9d91cc268e293cf60.php 第 84 行.
INFO: Run Behavior\ParseTemplateBehavior [ RunTime:0.020001s ]
INFO: [ view_parse ] --END-- [ RunTime:0.020001s ]
INFO: [ view_filter ] --START--
INFO: Run Behavior\WriteHtmlCacheBehavior [ RunTime:0.002000s ]
INFO: [ view_filter ] --END-- [ RunTime:0.002000s ]
INFO: [ app_end ] --START--
INFO: Run Behavior\ShowPageTraceBehavior [ RunTime:0.002000s ]
INFO: [ app_end ] --END-- [ RunTime:0.002000s ]

[ 2018-01-15T18:12:36+08:00 ] 127.0.0.1 /-/index.php/Admin/code/index.html?id=110100
INFO: [ app_init ] --START--
INFO: Run Behavior\BuildLiteBehavior [ RunTime:0.000000s ]
INFO: [ app_init ] --END-- [ RunTime:0.000000s ]
INFO: [ app_begin ] --START--
INFO: Run Behavior\ReadHtmlCacheBehavior [ RunTime:0.062500s ]
INFO: [ app_begin ] --END-- [ RunTime:0.078125s ]
SQL: SHOW COLUMNS FROM `city` [ RunTime:0.0469s ]
SQL: SELECT * FROM `city`  [ RunTime:0.0156s ]
SQL: SHOW COLUMNS FROM `mobile_code` [ RunTime:0.0000s ]
SQL: SELECT mobile_code.tel,mobile_code.code,mobile_code.status as yz_status,mobile_code.add_time,sms_status.sms_id,sms_status.id,sms_status.status,sms_status.type,sms_status.update_time FROM `mobile_code` right join sms_status on mobile_code.id = sms_status.sms_id  WHERE ( mobile_code.is_del = 1 ) ORDER BY id desc  [ RunTime:0.0000s ]
INFO: [ view_parse ] --START--
INFO: [ template_filter ] --START--
INFO: Run Behavior\ContentReplaceBehavior [ RunTime:0.000000s ]
INFO: [ template_filter ] --END-- [ RunTime:0.000000s ]
NOTIC: [8] Use of undefined constant Index - assumed 'Index' E:\wamp\wamp\www\-\Application\Runtime\Cache\Admin\e4115922dbeab584d8de8ec3503939dc.php 第 84 行.
NOTIC: [8] Use of undefined constant Shop - assumed 'Shop' E:\wamp\wamp\www\-\Application\Runtime\Cache\Admin\e4115922dbeab584d8de8ec3503939dc.php 第 93 行.
NOTIC: [8] Use of undefined constant Shoptype - assumed 'Shoptype' E:\wamp\wamp\www\-\Application\Runtime\Cache\Admin\e4115922dbeab584d8de8ec3503939dc.php 第 93 行.
NOTIC: [8] Use of undefined constant Danwei - assumed 'Danwei' E:\wamp\wamp\www\-\Application\Runtime\Cache\Admin\e4115922dbeab584d8de8ec3503939dc.php 第 93 行.
NOTIC: [8] Use of undefined constant Shop - assumed 'Shop' E:\wamp\wamp\www\-\Application\Runtime\Cache\Admin\e4115922dbeab584d8de8ec3503939dc.php 第 114 行.
NOTIC: [8] Use of undefined constant Shoptype - assumed 'Shoptype' E:\wamp\wamp\www\-\Application\Runtime\Cache\Admin\e4115922dbeab584d8de8ec3503939dc.php 第 114 行.
NOTIC: [8] Use of undefined constant Danwei - assumed 'Danwei' E:\wamp\wamp\www\-\Application\Runtime\Cache\Admin\e4115922dbeab584d8de8ec3503939dc.php 第 114 行.
NOTIC: [8] Use of undefined constant Seat - assumed 'Seat' E:\wamp\wamp\www\-\Application\Runtime\Cache\Admin\e4115922dbeab584d8de8ec3503939dc.php 第 114 行.
NOTIC: [8] Use of undefined constant Sale - assumed 'Sale' E:\wamp\wamp\www\-\Application\Runtime\Cache\Admin\e4115922dbeab584d8de8ec3503939dc.php 第 114 行.
NOTIC: [8] Use of undefined constant Food - assumed 'Food' E:\wamp\wamp\www\-\Application\Runtime\Cache\Admin\e4115922dbeab584d8de8ec3503939dc.php 第 114 行.
NOTIC: [8] Use of undefined constant Foodtype - assumed 'Foodtype' E:\wamp\wamp\www\-\Application\Runtime\Cache\Admin\e4115922dbeab584d8de8ec3503939dc.php 第 114 行.
NOTIC: [8] Use of undefined constant User - assumed 'User' E:\wamp\wamp\www\-\Application\Runtime\Cache\Admin\e4115922dbeab584d8de8ec3503939dc.php 第 127 行.
NOTIC: [8] Use of undefined constant Code - assumed 'Code' E:\wamp\wamp\www\-\Application\Runtime\Cache\Admin\e4115922dbeab584d8de8ec3503939dc.php 第 136 行.
NOTIC: [2] array_pop() expects parameter 1 to be array, null given E:\wamp\wamp\www\-\Application\Runtime\Cache\Admin\e4115922dbeab584d8de8ec3503939dc.php 第 178 行.
NOTIC: [2] Invalid argument supplied for foreach() E:\wamp\wamp\www\-\Application\Runtime\Cache\Admin\e4115922dbeab584d8de8ec3503939dc.php 第 178 行.
NOTIC: [8] Undefined variable: active E:\wamp\wamp\www\-\Application\Runtime\Cache\Admin\e4115922dbeab584d8de8ec3503939dc.php 第 181 行.
NOTIC: [8] Undefined variable: one_code E:\wamp\wamp\www\-\Application\Runtime\Cache\Admin\e4115922dbeab584d8de8ec3503939dc.php 第 290 行.
NOTIC: [8] Use of undefined constant register - assumed 'register' E:\wamp\wamp\www\-\Application\Runtime\Cache\Admin\e4115922dbeab584d8de8ec3503939dc.php 第 304 行.
NOTIC: [8] Use of undefined constant repass - assumed 'repass' E:\wamp\wamp\www\-\Application\Runtime\Cache\Admin\e4115922dbeab584d8de8ec3503939dc.php 第 305 行.
NOTIC: [8] Undefined index: content E:\wamp\wamp\www\-\Application\Runtime\Cache\Admin\e4115922dbeab584d8de8ec3503939dc.php 第 310 行.
NOTIC: [8] Undefined variable: one_info E:\wamp\wamp\www\-\Application\Runtime\Cache\Admin\e4115922dbeab584d8de8ec3503939dc.php 第 321 行.
NOTIC: [8] Undefined variable: one_info E:\wamp\wamp\www\-\Application\Runtime\Cache\Admin\e4115922dbeab584d8de8ec3503939dc.php 第 331 行.
NOTIC: [8] Use of undefined constant register - assumed 'register' E:\wamp\wamp\www\-\Application\Runtime\Cache\Admin\e4115922dbeab584d8de8ec3503939dc.php 第 304 行.
NOTIC: [8] Use of undefined constant repass - assumed 'repass' E:\wamp\wamp\www\-\Application\Runtime\Cache\Admin\e4115922dbeab584d8de8ec3503939dc.php 第 305 行.
NOTIC: [8] Undefined index: content E:\wamp\wamp\www\-\Application\Runtime\Cache\Admin\e4115922dbeab584d8de8ec3503939dc.php 第 310 行.
NOTIC: [8] Undefined variable: one_info E:\wamp\wamp\www\-\Application\Runtime\Cache\Admin\e4115922dbeab584d8de8ec3503939dc.php 第 321 行.
NOTIC: [8] Undefined variable: one_info E:\wamp\wamp\www\-\Application\Runtime\Cache\Admin\e4115922dbeab584d8de8ec3503939dc.php 第 331 行.
NOTIC: [8] Use of undefined constant register - assumed 'register' E:\wamp\wamp\www\-\Application\Runtime\Cache\Admin\e4115922dbeab584d8de8ec3503939dc.php 第 304 行.
NOTIC: [8] Undefined index: content E:\wamp\wamp\www\-\Application\Runtime\Cache\Admin\e4115922dbeab584d8de8ec3503939dc.php 第 310 行.
NOTIC: [8] Undefined variable: one_info E:\wamp\wamp\www\-\Application\Runtime\Cache\Admin\e4115922dbeab584d8de8ec3503939dc.php 第 321 行.
NOTIC: [8] Undefined variable: one_info E:\wamp\wamp\www\-\Application\Runtime\Cache\Admin\e4115922dbeab584d8de8ec3503939dc.php 第 331 行.
NOTIC: [8] Use of undefined constant register - assumed 'register' E:\wamp\wamp\www\-\Application\Runtime\Cache\Admin\e4115922dbeab584d8de8ec3503939dc.php 第 304 行.
NOTIC: [8] Use of undefined constant repass - assumed 'repass' E:\wamp\wamp\www\-\Application\Runtime\Cache\Admin\e4115922dbeab584d8de8ec3503939dc.php 第 305 行.
NOTIC: [8] Undefined index: content E:\wamp\wamp\www\-\Application\Runtime\Cache\Admin\e4115922dbeab584d8de8ec3503939dc.php 第 310 行.
NOTIC: [8] Undefined variable: one_info E:\wamp\wamp\www\-\Application\Runtime\Cache\Admin\e4115922dbeab584d8de8ec3503939dc.php 第 321 行.
NOTIC: [8] Undefined variable: one_info E:\wamp\wamp\www\-\Application\Runtime\Cache\Admin\e4115922dbeab584d8de8ec3503939dc.php 第 331 行.
NOTIC: [8] Use of undefined constant register - assumed 'register' E:\wamp\wamp\www\-\Application\Runtime\Cache\Admin\e4115922dbeab584d8de8ec3503939dc.php 第 304 行.
NOTIC: [8] Undefined index: content E:\wamp\wamp\www\-\Application\Runtime\Cache\Admin\e4115922dbeab584d8de8ec3503939dc.php 第 310 行.
NOTIC: [8] Undefined variable: one_info E:\wamp\wamp\www\-\Application\Runtime\Cache\Admin\e4115922dbeab584d8de8ec3503939dc.php 第 321 行.
NOTIC: [8] Undefined variable: one_info E:\wamp\wamp\www\-\Application\Runtime\Cache\Admin\e4115922dbeab584d8de8ec3503939dc.php 第 331 行.
INFO: Run Behavior\ParseTemplateBehavior [ RunTime:0.093750s ]
INFO: [ view_parse ] --END-- [ RunTime:0.093750s ]
INFO: [ view_filter ] --START--
INFO: Run Behavior\WriteHtmlCacheBehavior [ RunTime:0.000000s ]
INFO: [ view_filter ] --END-- [ RunTime:0.000000s ]
INFO: [ app_end ] --START--
INFO: Run Behavior\ShowPageTraceBehavior [ RunTime:0.015625s ]
INFO: [ app_end ] --END-- [ RunTime:0.015625s ]

[ 2018-01-15T18:13:18+08:00 ] 127.0.0.1 /-/index.php/Admin/User/index.html?id=110100
INFO: [ app_init ] --START--
INFO: Run Behavior\BuildLiteBehavior [ RunTime:0.000000s ]
INFO: [ app_init ] --END-- [ RunTime:0.000000s ]
INFO: [ app_begin ] --START--
INFO: Run Behavior\ReadHtmlCacheBehavior [ RunTime:0.000000s ]
INFO: [ app_begin ] --END-- [ RunTime:0.000000s ]
SQL: SHOW COLUMNS FROM `city` [ RunTime:0.0000s ]
SQL: SELECT * FROM `city`  [ RunTime:0.0156s ]
SQL: SHOW COLUMNS FROM `user` [ RunTime:0.0000s ]
SQL: SELECT COUNT(*) AS tp_count FROM `user` WHERE `status` = 0 LIMIT 1   [ RunTime:0.0000s ]
SQL: SELECT * FROM `user` WHERE `status` = 0  [ RunTime:0.0000s ]
INFO: [ view_parse ] --START--
INFO: [ template_filter ] --START--
INFO: Run Behavior\ContentReplaceBehavior [ RunTime:0.000000s ]
INFO: [ template_filter ] --END-- [ RunTime:0.000000s ]
NOTIC: [8] Use of undefined constant Index - assumed 'Index' E:\wamp\wamp\www\-\Application\Runtime\Cache\Admin\65e605872ed5d34210f5b33beb13f5a3.php 第 84 行.
NOTIC: [8] Use of undefined constant Shop - assumed 'Shop' E:\wamp\wamp\www\-\Application\Runtime\Cache\Admin\65e605872ed5d34210f5b33beb13f5a3.php 第 93 行.
NOTIC: [8] Use of undefined constant Shoptype - assumed 'Shoptype' E:\wamp\wamp\www\-\Application\Runtime\Cache\Admin\65e605872ed5d34210f5b33beb13f5a3.php 第 93 行.
NOTIC: [8] Use of undefined constant Danwei - assumed 'Danwei' E:\wamp\wamp\www\-\Application\Runtime\Cache\Admin\65e605872ed5d34210f5b33beb13f5a3.php 第 93 行.
NOTIC: [8] Use of undefined constant Shop - assumed 'Shop' E:\wamp\wamp\www\-\Application\Runtime\Cache\Admin\65e605872ed5d34210f5b33beb13f5a3.php 第 114 行.
NOTIC: [8] Use of undefined constant Shoptype - assumed 'Shoptype' E:\wamp\wamp\www\-\Application\Runtime\Cache\Admin\65e605872ed5d34210f5b33beb13f5a3.php 第 114 行.
NOTIC: [8] Use of undefined constant Danwei - assumed 'Danwei' E:\wamp\wamp\www\-\Application\Runtime\Cache\Admin\65e605872ed5d34210f5b33beb13f5a3.php 第 114 行.
NOTIC: [8] Use of undefined constant Seat - assumed 'Seat' E:\wamp\wamp\www\-\Application\Runtime\Cache\Admin\65e605872ed5d34210f5b33beb13f5a3.php 第 114 行.
NOTIC: [8] Use of undefined constant Sale - assumed 'Sale' E:\wamp\wamp\www\-\Application\Runtime\Cache\Admin\65e605872ed5d34210f5b33beb13f5a3.php 第 114 行.
NOTIC: [8] Use of undefined constant Food - assumed 'Food' E:\wamp\wamp\www\-\Application\Runtime\Cache\Admin\65e605872ed5d34210f5b33beb13f5a3.php 第 114 行.
NOTIC: [8] Use of undefined constant Foodtype - assumed 'Foodtype' E:\wamp\wamp\www\-\Application\Runtime\Cache\Admin\65e605872ed5d34210f5b33beb13f5a3.php 第 114 行.
NOTIC: [8] Use of undefined constant User - assumed 'User' E:\wamp\wamp\www\-\Application\Runtime\Cache\Admin\65e605872ed5d34210f5b33beb13f5a3.php 第 127 行.
NOTIC: [2] array_pop() expects parameter 1 to be array, null given E:\wamp\wamp\www\-\Application\Runtime\Cache\Admin\65e605872ed5d34210f5b33beb13f5a3.php 第 178 行.
NOTIC: [2] Invalid argument supplied for foreach() E:\wamp\wamp\www\-\Application\Runtime\Cache\Admin\65e605872ed5d34210f5b33beb13f5a3.php 第 178 行.
NOTIC: [8] Undefined variable: active E:\wamp\wamp\www\-\Application\Runtime\Cache\Admin\65e605872ed5d34210f5b33beb13f5a3.php 第 181 行.
NOTIC: [8] Undefined index: con E:\wamp\wamp\www\-\Application\Runtime\Cache\Admin\65e605872ed5d34210f5b33beb13f5a3.php 第 299 行.
NOTIC: [8] Undefined index: con E:\wamp\wamp\www\-\Application\Runtime\Cache\Admin\65e605872ed5d34210f5b33beb13f5a3.php 第 299 行.
NOTIC: [8] Undefined index: con E:\wamp\wamp\www\-\Application\Runtime\Cache\Admin\65e605872ed5d34210f5b33beb13f5a3.php 第 299 行.
NOTIC: [8] Undefined index: con E:\wamp\wamp\www\-\Application\Runtime\Cache\Admin\65e605872ed5d34210f5b33beb13f5a3.php 第 299 行.
INFO: Run Behavior\ParseTemplateBehavior [ RunTime:0.093750s ]
INFO: [ view_parse ] --END-- [ RunTime:0.093750s ]
INFO: [ view_filter ] --START--
INFO: Run Behavior\WriteHtmlCacheBehavior [ RunTime:0.000000s ]
INFO: [ view_filter ] --END-- [ RunTime:0.000000s ]
INFO: [ app_end ] --START--
INFO: Run Behavior\ShowPageTraceBehavior [ RunTime:0.015625s ]
INFO: [ app_end ] --END-- [ RunTime:0.015625s ]

[ 2018-01-15T18:13:24+08:00 ] 127.0.0.1 /-/index.php/Admin/code/index.html?id=110100
INFO: [ app_init ] --START--
INFO: Run Behavior\BuildLiteBehavior [ RunTime:0.000000s ]
INFO: [ app_init ] --END-- [ RunTime:0.000000s ]
INFO: [ app_begin ] --START--
INFO: Run Behavior\ReadHtmlCacheBehavior [ RunTime:0.000000s ]
INFO: [ app_begin ] --END-- [ RunTime:0.000000s ]
SQL: SHOW COLUMNS FROM `city` [ RunTime:0.0156s ]
SQL: SELECT * FROM `city`  [ RunTime:0.0000s ]
SQL: SHOW COLUMNS FROM `mobile_code` [ RunTime:0.0156s ]
SQL: SELECT mobile_code.tel,mobile_code.code,mobile_code.status as yz_status,mobile_code.add_time,sms_status.sms_id,sms_status.id,sms_status.status,sms_status.type,sms_status.update_time FROM `mobile_code` right join sms_status on mobile_code.id = sms_status.sms_id  WHERE ( mobile_code.is_del = 1 ) ORDER BY id desc  [ RunTime:0.0000s ]
INFO: [ view_parse ] --START--
INFO: [ template_filter ] --START--
INFO: Run Behavior\ContentReplaceBehavior [ RunTime:0.000000s ]
INFO: [ template_filter ] --END-- [ RunTime:0.000000s ]
NOTIC: [8] Use of undefined constant Index - assumed 'Index' E:\wamp\wamp\www\-\Application\Runtime\Cache\Admin\e4115922dbeab584d8de8ec3503939dc.php 第 84 行.
NOTIC: [8] Use of undefined constant Shop - assumed 'Shop' E:\wamp\wamp\www\-\Application\Runtime\Cache\Admin\e4115922dbeab584d8de8ec3503939dc.php 第 93 行.
NOTIC: [8] Use of undefined constant Shoptype - assumed 'Shoptype' E:\wamp\wamp\www\-\Application\Runtime\Cache\Admin\e4115922dbeab584d8de8ec3503939dc.php 第 93 行.
NOTIC: [8] Use of undefined constant Danwei - assumed 'Danwei' E:\wamp\wamp\www\-\Application\Runtime\Cache\Admin\e4115922dbeab584d8de8ec3503939dc.php 第 93 行.
NOTIC: [8] Use of undefined constant Shop - assumed 'Shop' E:\wamp\wamp\www\-\Application\Runtime\Cache\Admin\e4115922dbeab584d8de8ec3503939dc.php 第 114 行.
NOTIC: [8] Use of undefined constant Shoptype - assumed 'Shoptype' E:\wamp\wamp\www\-\Application\Runtime\Cache\Admin\e4115922dbeab584d8de8ec3503939dc.php 第 114 行.
NOTIC: [8] Use of undefined constant Danwei - assumed 'Danwei' E:\wamp\wamp\www\-\Application\Runtime\Cache\Admin\e4115922dbeab584d8de8ec3503939dc.php 第 114 行.
NOTIC: [8] Use of undefined constant Seat - assumed 'Seat' E:\wamp\wamp\www\-\Application\Runtime\Cache\Admin\e4115922dbeab584d8de8ec3503939dc.php 第 114 行.
NOTIC: [8] Use of undefined constant Sale - assumed 'Sale' E:\wamp\wamp\www\-\Application\Runtime\Cache\Admin\e4115922dbeab584d8de8ec3503939dc.php 第 114 行.
NOTIC: [8] Use of undefined constant Food - assumed 'Food' E:\wamp\wamp\www\-\Application\Runtime\Cache\Admin\e4115922dbeab584d8de8ec3503939dc.php 第 114 行.
NOTIC: [8] Use of undefined constant Foodtype - assumed 'Foodtype' E:\wamp\wamp\www\-\Application\Runtime\Cache\Admin\e4115922dbeab584d8de8ec3503939dc.php 第 114 行.
NOTIC: [8] Use of undefined constant User - assumed 'User' E:\wamp\wamp\www\-\Application\Runtime\Cache\Admin\e4115922dbeab584d8de8ec3503939dc.php 第 127 行.
NOTIC: [8] Use of undefined constant Code - assumed 'Code' E:\wamp\wamp\www\-\Application\Runtime\Cache\Admin\e4115922dbeab584d8de8ec3503939dc.php 第 136 行.
NOTIC: [2] array_pop() expects parameter 1 to be array, null given E:\wamp\wamp\www\-\Application\Runtime\Cache\Admin\e4115922dbeab584d8de8ec3503939dc.php 第 178 行.
NOTIC: [2] Invalid argument supplied for foreach() E:\wamp\wamp\www\-\Application\Runtime\Cache\Admin\e4115922dbeab584d8de8ec3503939dc.php 第 178 行.
NOTIC: [8] Undefined variable: active E:\wamp\wamp\www\-\Application\Runtime\Cache\Admin\e4115922dbeab584d8de8ec3503939dc.php 第 181 行.
NOTIC: [8] Undefined variable: one_code E:\wamp\wamp\www\-\Application\Runtime\Cache\Admin\e4115922dbeab584d8de8ec3503939dc.php 第 290 行.
NOTIC: [8] Use of undefined constant register - assumed 'register' E:\wamp\wamp\www\-\Application\Runtime\Cache\Admin\e4115922dbeab584d8de8ec3503939dc.php 第 304 行.
NOTIC: [8] Use of undefined constant repass - assumed 'repass' E:\wamp\wamp\www\-\Application\Runtime\Cache\Admin\e4115922dbeab584d8de8ec3503939dc.php 第 305 行.
NOTIC: [8] Undefined index: content E:\wamp\wamp\www\-\Application\Runtime\Cache\Admin\e4115922dbeab584d8de8ec3503939dc.php 第 310 行.
NOTIC: [8] Undefined variable: one_info E:\wamp\wamp\www\-\Application\Runtime\Cache\Admin\e4115922dbeab584d8de8ec3503939dc.php 第 321 行.
NOTIC: [8] Undefined variable: one_info E:\wamp\wamp\www\-\Application\Runtime\Cache\Admin\e4115922dbeab584d8de8ec3503939dc.php 第 331 行.
NOTIC: [8] Use of undefined constant register - assumed 'register' E:\wamp\wamp\www\-\Application\Runtime\Cache\Admin\e4115922dbeab584d8de8ec3503939dc.php 第 304 行.
NOTIC: [8] Use of undefined constant repass - assumed 'repass' E:\wamp\wamp\www\-\Application\Runtime\Cache\Admin\e4115922dbeab584d8de8ec3503939dc.php 第 305 行.
NOTIC: [8] Undefined index: content E:\wamp\wamp\www\-\Application\Runtime\Cache\Admin\e4115922dbeab584d8de8ec3503939dc.php 第 310 行.
NOTIC: [8] Undefined variable: one_info E:\wamp\wamp\www\-\Application\Runtime\Cache\Admin\e4115922dbeab584d8de8ec3503939dc.php 第 321 行.
NOTIC: [8] Undefined variable: one_info E:\wamp\wamp\www\-\Application\Runtime\Cache\Admin\e4115922dbeab584d8de8ec3503939dc.php 第 331 行.
NOTIC: [8] Use of undefined constant register - assumed 'register' E:\wamp\wamp\www\-\Application\Runtime\Cache\Admin\e4115922dbeab584d8de8ec3503939dc.php 第 304 行.
NOTIC: [8] Undefined index: content E:\wamp\wamp\www\-\Application\Runtime\Cache\Admin\e4115922dbeab584d8de8ec3503939dc.php 第 310 行.
NOTIC: [8] Undefined variable: one_info E:\wamp\wamp\www\-\Application\Runtime\Cache\Admin\e4115922dbeab584d8de8ec3503939dc.php 第 321 行.
NOTIC: [8] Undefined variable: one_info E:\wamp\wamp\www\-\Application\Runtime\Cache\Admin\e4115922dbeab584d8de8ec3503939dc.php 第 331 行.
NOTIC: [8] Use of undefined constant register - assumed 'register' E:\wamp\wamp\www\-\Application\Runtime\Cache\Admin\e4115922dbeab584d8de8ec3503939dc.php 第 304 行.
NOTIC: [8] Use of undefined constant repass - assumed 'repass' E:\wamp\wamp\www\-\Application\Runtime\Cache\Admin\e4115922dbeab584d8de8ec3503939dc.php 第 305 行.
NOTIC: [8] Undefined index: content E:\wamp\wamp\www\-\Application\Runtime\Cache\Admin\e4115922dbeab584d8de8ec3503939dc.php 第 310 行.
NOTIC: [8] Undefined variable: one_info E:\wamp\wamp\www\-\Application\Runtime\Cache\Admin\e4115922dbeab584d8de8ec3503939dc.php 第 321 行.
NOTIC: [8] Undefined variable: one_info E:\wamp\wamp\www\-\Application\Runtime\Cache\Admin\e4115922dbeab584d8de8ec3503939dc.php 第 331 行.
NOTIC: [8] Use of undefined constant register - assumed 'register' E:\wamp\wamp\www\-\Application\Runtime\Cache\Admin\e4115922dbeab584d8de8ec3503939dc.php 第 304 行.
NOTIC: [8] Undefined index: content E:\wamp\wamp\www\-\Application\Runtime\Cache\Admin\e4115922dbeab584d8de8ec3503939dc.php 第 310 行.
NOTIC: [8] Undefined variable: one_info E:\wamp\wamp\www\-\Application\Runtime\Cache\Admin\e4115922dbeab584d8de8ec3503939dc.php 第 321 行.
NOTIC: [8] Undefined variable: one_info E:\wamp\wamp\www\-\Application\Runtime\Cache\Admin\e4115922dbeab584d8de8ec3503939dc.php 第 331 行.
INFO: Run Behavior\ParseTemplateBehavior [ RunTime:0.125000s ]
INFO: [ view_parse ] --END-- [ RunTime:0.125000s ]
INFO: [ view_filter ] --START--
INFO: Run Behavior\WriteHtmlCacheBehavior [ RunTime:0.000000s ]
INFO: [ view_filter ] --END-- [ RunTime:0.000000s ]
INFO: [ app_end ] --START--
INFO: Run Behavior\ShowPageTraceBehavior [ RunTime:0.000000s ]
INFO: [ app_end ] --END-- [ RunTime:0.000000s ]

