[ 2018-02-11T15:05:27+08:00 ] ::1 /-/index.php/Admin/index
INFO: [ app_init ] --START--
INFO: Run Behavior\BuildLiteBehavior [ RunTime:0.000043s ]
INFO: [ app_init ] --END-- [ RunTime:0.000259s ]
INFO: [ app_begin ] --START--
INFO: Run Behavior\ReadHtmlCacheBehavior [ RunTime:0.001425s ]
INFO: [ app_begin ] --END-- [ RunTime:0.001675s ]
INFO: [ view_parse ] --START--
INFO: [ template_filter ] --START--
INFO: Run Behavior\ContentReplaceBehavior [ RunTime:0.000115s ]
INFO: [ template_filter ] --END-- [ RunTime:0.000383s ]
NOTIC: [8] Undefined variable: id E:\wamp64\www\-\Application\Runtime\Cache\Admin\b595b808c2ebeeeb0478ffc30bb4e87a.php 第 20 行.
INFO: Run Behavior\ParseTemplateBehavior [ RunTime:0.016048s ]
INFO: [ view_parse ] --END-- [ RunTime:0.016257s ]
INFO: [ view_filter ] --START--
INFO: Run Behavior\WriteHtmlCacheBehavior [ RunTime:0.001174s ]
INFO: [ view_filter ] --END-- [ RunTime:0.001360s ]
INFO: [ app_end ] --START--
INFO: Run Behavior\ShowPageTraceBehavior [ RunTime:0.001302s ]
INFO: [ app_end ] --END-- [ RunTime:0.001487s ]

[ 2018-02-11T15:05:33+08:00 ] ::1 /-/index.php/Admin/Index/dodenglu.html
INFO: [ app_init ] --START--
INFO: Run Behavior\BuildLiteBehavior [ RunTime:0.000038s ]
INFO: [ app_init ] --END-- [ RunTime:0.000230s ]
INFO: [ app_begin ] --START--
INFO: Run Behavior\ReadHtmlCacheBehavior [ RunTime:0.001114s ]
INFO: [ app_begin ] --END-- [ RunTime:0.001327s ]
SQL: SHOW COLUMNS FROM `user` [ RunTime:0.0088s ]
SQL: SELECT * FROM `user` WHERE `tel` = '111111' AND `status` = 1 LIMIT 1   [ RunTime:0.0013s ]

[ 2018-02-11T15:05:33+08:00 ] ::1 /-/index.php/Admin/Index/dodenglu.html
INFO: [ app_init ] --START--
INFO: Run Behavior\BuildLiteBehavior [ RunTime:0.000036s ]
INFO: [ app_init ] --END-- [ RunTime:0.000222s ]
INFO: [ app_begin ] --START--
INFO: Run Behavior\ReadHtmlCacheBehavior [ RunTime:0.000838s ]
INFO: [ app_begin ] --END-- [ RunTime:0.001041s ]
SQL: SHOW COLUMNS FROM `user` [ RunTime:0.0067s ]
SQL: SELECT * FROM `user` WHERE `tel` = '111111' AND `status` = 1 LIMIT 1   [ RunTime:0.0013s ]

[ 2018-02-11T15:05:33+08:00 ] ::1 /-/index.php/Admin/Index/zhuye.html
INFO: [ app_init ] --START--
INFO: Run Behavior\BuildLiteBehavior [ RunTime:0.000073s ]
INFO: [ app_init ] --END-- [ RunTime:0.000315s ]
INFO: [ app_begin ] --START--
INFO: Run Behavior\ReadHtmlCacheBehavior [ RunTime:0.000928s ]
INFO: [ app_begin ] --END-- [ RunTime:0.001147s ]
SQL: SHOW COLUMNS FROM `city` [ RunTime:0.0061s ]
SQL: SELECT * FROM `city` ORDER BY paix desc  [ RunTime:0.0073s ]
INFO: [ view_parse ] --START--
INFO: [ template_filter ] --START--
INFO: Run Behavior\ContentReplaceBehavior [ RunTime:0.000205s ]
INFO: [ template_filter ] --END-- [ RunTime:0.000381s ]
NOTIC: [8] Use of undefined constant Index - assumed 'Index' E:\wamp64\www\-\Application\Runtime\Cache\Admin\502c830712a0e1f9d91cc268e293cf60.php 第 83 行.
INFO: Run Behavior\ParseTemplateBehavior [ RunTime:0.042757s ]
INFO: [ view_parse ] --END-- [ RunTime:0.042968s ]
INFO: [ view_filter ] --START--
INFO: Run Behavior\WriteHtmlCacheBehavior [ RunTime:0.000797s ]
INFO: [ view_filter ] --END-- [ RunTime:0.000970s ]
INFO: [ app_end ] --START--
INFO: Run Behavior\ShowPageTraceBehavior [ RunTime:0.001154s ]
INFO: [ app_end ] --END-- [ RunTime:0.001367s ]

[ 2018-02-11T15:05:35+08:00 ] ::1 /-/index.php/Admin/User/index.html?id=1
INFO: [ app_init ] --START--
INFO: Run Behavior\BuildLiteBehavior [ RunTime:0.000038s ]
INFO: [ app_init ] --END-- [ RunTime:0.000260s ]
INFO: [ app_begin ] --START--
INFO: Run Behavior\ReadHtmlCacheBehavior [ RunTime:0.000883s ]
INFO: [ app_begin ] --END-- [ RunTime:0.001086s ]
SQL: SHOW COLUMNS FROM `city` [ RunTime:0.0047s ]
SQL: SELECT * FROM `city` ORDER BY paix desc  [ RunTime:0.0058s ]
SQL: SHOW COLUMNS FROM `user` [ RunTime:0.0054s ]
SQL: SELECT COUNT(*) AS tp_count FROM `user` WHERE `status` = 0 LIMIT 1   [ RunTime:0.0009s ]
SQL: SELECT * FROM `user` WHERE `status` = 0  [ RunTime:0.0011s ]
INFO: [ view_parse ] --START--
INFO: [ template_filter ] --START--
INFO: Run Behavior\ContentReplaceBehavior [ RunTime:0.000239s ]
INFO: [ template_filter ] --END-- [ RunTime:0.000421s ]
NOTIC: [8] Use of undefined constant Index - assumed 'Index' E:\wamp64\www\-\Application\Runtime\Cache\Admin\65e605872ed5d34210f5b33beb13f5a3.php 第 83 行.
NOTIC: [8] Use of undefined constant Shop - assumed 'Shop' E:\wamp64\www\-\Application\Runtime\Cache\Admin\65e605872ed5d34210f5b33beb13f5a3.php 第 91 行.
NOTIC: [8] Use of undefined constant Shoptype - assumed 'Shoptype' E:\wamp64\www\-\Application\Runtime\Cache\Admin\65e605872ed5d34210f5b33beb13f5a3.php 第 91 行.
NOTIC: [8] Use of undefined constant Danwei - assumed 'Danwei' E:\wamp64\www\-\Application\Runtime\Cache\Admin\65e605872ed5d34210f5b33beb13f5a3.php 第 91 行.
NOTIC: [8] Use of undefined constant Seat - assumed 'Seat' E:\wamp64\www\-\Application\Runtime\Cache\Admin\65e605872ed5d34210f5b33beb13f5a3.php 第 91 行.
NOTIC: [8] Use of undefined constant Sale - assumed 'Sale' E:\wamp64\www\-\Application\Runtime\Cache\Admin\65e605872ed5d34210f5b33beb13f5a3.php 第 91 行.
NOTIC: [8] Use of undefined constant Food - assumed 'Food' E:\wamp64\www\-\Application\Runtime\Cache\Admin\65e605872ed5d34210f5b33beb13f5a3.php 第 91 行.
NOTIC: [8] Use of undefined constant Seattype - assumed 'Seattype' E:\wamp64\www\-\Application\Runtime\Cache\Admin\65e605872ed5d34210f5b33beb13f5a3.php 第 91 行.
NOTIC: [8] Use of undefined constant Foodtype - assumed 'Foodtype' E:\wamp64\www\-\Application\Runtime\Cache\Admin\65e605872ed5d34210f5b33beb13f5a3.php 第 91 行.
NOTIC: [8] Use of undefined constant User - assumed 'User' E:\wamp64\www\-\Application\Runtime\Cache\Admin\65e605872ed5d34210f5b33beb13f5a3.php 第 113 行.
NOTIC: [2] array_pop() expects parameter 1 to be array, null given E:\wamp64\www\-\Application\Runtime\Cache\Admin\65e605872ed5d34210f5b33beb13f5a3.php 第 173 行.
NOTIC: [2] Invalid argument supplied for foreach() E:\wamp64\www\-\Application\Runtime\Cache\Admin\65e605872ed5d34210f5b33beb13f5a3.php 第 173 行.
NOTIC: [8] Undefined variable: active E:\wamp64\www\-\Application\Runtime\Cache\Admin\65e605872ed5d34210f5b33beb13f5a3.php 第 176 行.
NOTIC: [8] Undefined index: con E:\wamp64\www\-\Application\Runtime\Cache\Admin\65e605872ed5d34210f5b33beb13f5a3.php 第 308 行.
NOTIC: [8] Undefined index: con E:\wamp64\www\-\Application\Runtime\Cache\Admin\65e605872ed5d34210f5b33beb13f5a3.php 第 308 行.
NOTIC: [8] Undefined index: con E:\wamp64\www\-\Application\Runtime\Cache\Admin\65e605872ed5d34210f5b33beb13f5a3.php 第 308 行.
NOTIC: [8] Undefined index: con E:\wamp64\www\-\Application\Runtime\Cache\Admin\65e605872ed5d34210f5b33beb13f5a3.php 第 308 行.
NOTIC: [8] Undefined index: con E:\wamp64\www\-\Application\Runtime\Cache\Admin\65e605872ed5d34210f5b33beb13f5a3.php 第 308 行.
NOTIC: [8] Undefined index: con E:\wamp64\www\-\Application\Runtime\Cache\Admin\65e605872ed5d34210f5b33beb13f5a3.php 第 308 行.
NOTIC: [8] Undefined index: con E:\wamp64\www\-\Application\Runtime\Cache\Admin\65e605872ed5d34210f5b33beb13f5a3.php 第 308 行.
INFO: Run Behavior\ParseTemplateBehavior [ RunTime:0.039606s ]
INFO: [ view_parse ] --END-- [ RunTime:0.039791s ]
INFO: [ view_filter ] --START--
INFO: Run Behavior\WriteHtmlCacheBehavior [ RunTime:0.000833s ]
INFO: [ view_filter ] --END-- [ RunTime:0.000997s ]
INFO: [ app_end ] --START--
INFO: Run Behavior\ShowPageTraceBehavior [ RunTime:0.001481s ]
INFO: [ app_end ] --END-- [ RunTime:0.001727s ]

[ 2018-02-11T15:05:44+08:00 ] ::1 /-/index.php/Admin/User/info.html?uid=3
INFO: [ app_init ] --START--
INFO: Run Behavior\BuildLiteBehavior [ RunTime:0.000039s ]
INFO: [ app_init ] --END-- [ RunTime:0.000230s ]
INFO: [ app_begin ] --START--
INFO: Run Behavior\ReadHtmlCacheBehavior [ RunTime:0.001815s ]
INFO: [ app_begin ] --END-- [ RunTime:0.002011s ]
SQL: SHOW COLUMNS FROM `city` [ RunTime:0.0045s ]
SQL: SELECT * FROM `city` ORDER BY paix desc  [ RunTime:0.0060s ]
SQL: SHOW COLUMNS FROM `user_info` [ RunTime:0.0233s ]
SQL: SELECT * FROM `user_info` WHERE `user_id` = 3  [ RunTime:0.0118s ]
INFO: [ view_parse ] --START--
INFO: [ template_filter ] --START--
INFO: Run Behavior\ContentReplaceBehavior [ RunTime:0.000238s ]
INFO: [ template_filter ] --END-- [ RunTime:0.000562s ]
NOTIC: [8] Use of undefined constant Index - assumed 'Index' E:\wamp64\www\-\Application\Runtime\Cache\Admin\bc2f33f3137f07283c62e458408ffc19.php 第 83 行.
NOTIC: [8] Use of undefined constant Shop - assumed 'Shop' E:\wamp64\www\-\Application\Runtime\Cache\Admin\bc2f33f3137f07283c62e458408ffc19.php 第 91 行.
NOTIC: [8] Use of undefined constant Shoptype - assumed 'Shoptype' E:\wamp64\www\-\Application\Runtime\Cache\Admin\bc2f33f3137f07283c62e458408ffc19.php 第 91 行.
NOTIC: [8] Use of undefined constant Danwei - assumed 'Danwei' E:\wamp64\www\-\Application\Runtime\Cache\Admin\bc2f33f3137f07283c62e458408ffc19.php 第 91 行.
NOTIC: [8] Use of undefined constant Seat - assumed 'Seat' E:\wamp64\www\-\Application\Runtime\Cache\Admin\bc2f33f3137f07283c62e458408ffc19.php 第 91 行.
NOTIC: [8] Use of undefined constant Sale - assumed 'Sale' E:\wamp64\www\-\Application\Runtime\Cache\Admin\bc2f33f3137f07283c62e458408ffc19.php 第 91 行.
NOTIC: [8] Use of undefined constant Food - assumed 'Food' E:\wamp64\www\-\Application\Runtime\Cache\Admin\bc2f33f3137f07283c62e458408ffc19.php 第 91 行.
NOTIC: [8] Use of undefined constant Seattype - assumed 'Seattype' E:\wamp64\www\-\Application\Runtime\Cache\Admin\bc2f33f3137f07283c62e458408ffc19.php 第 91 行.
NOTIC: [8] Use of undefined constant Foodtype - assumed 'Foodtype' E:\wamp64\www\-\Application\Runtime\Cache\Admin\bc2f33f3137f07283c62e458408ffc19.php 第 91 行.
NOTIC: [8] Use of undefined constant User - assumed 'User' E:\wamp64\www\-\Application\Runtime\Cache\Admin\bc2f33f3137f07283c62e458408ffc19.php 第 113 行.
NOTIC: [2] array_pop() expects parameter 1 to be array, null given E:\wamp64\www\-\Application\Runtime\Cache\Admin\bc2f33f3137f07283c62e458408ffc19.php 第 173 行.
NOTIC: [2] Invalid argument supplied for foreach() E:\wamp64\www\-\Application\Runtime\Cache\Admin\bc2f33f3137f07283c62e458408ffc19.php 第 173 行.
NOTIC: [8] Undefined variable: active E:\wamp64\www\-\Application\Runtime\Cache\Admin\bc2f33f3137f07283c62e458408ffc19.php 第 176 行.
NOTIC: [8] Undefined variable: user_num E:\wamp64\www\-\Application\Runtime\Cache\Admin\bc2f33f3137f07283c62e458408ffc19.php 第 257 行.
INFO: Run Behavior\ParseTemplateBehavior [ RunTime:0.025985s ]
INFO: [ view_parse ] --END-- [ RunTime:0.026173s ]
INFO: [ view_filter ] --START--
INFO: Run Behavior\WriteHtmlCacheBehavior [ RunTime:0.000786s ]
INFO: [ view_filter ] --END-- [ RunTime:0.000947s ]
INFO: [ app_end ] --START--
INFO: Run Behavior\ShowPageTraceBehavior [ RunTime:0.000944s ]
INFO: [ app_end ] --END-- [ RunTime:0.001110s ]

[ 2018-02-11T15:05:47+08:00 ] ::1 /-/index.php/Admin/User/index.html?id=1
INFO: [ app_init ] --START--
INFO: Run Behavior\BuildLiteBehavior [ RunTime:0.000039s ]
INFO: [ app_init ] --END-- [ RunTime:0.000246s ]
INFO: [ app_begin ] --START--
INFO: Run Behavior\ReadHtmlCacheBehavior [ RunTime:0.001032s ]
INFO: [ app_begin ] --END-- [ RunTime:0.001235s ]
SQL: SHOW COLUMNS FROM `city` [ RunTime:0.0052s ]
SQL: SELECT * FROM `city` ORDER BY paix desc  [ RunTime:0.0061s ]
SQL: SHOW COLUMNS FROM `user` [ RunTime:0.0058s ]
SQL: SELECT COUNT(*) AS tp_count FROM `user` WHERE `status` = 0 LIMIT 1   [ RunTime:0.0010s ]
SQL: SELECT * FROM `user` WHERE `status` = 0  [ RunTime:0.0013s ]
INFO: [ view_parse ] --START--
INFO: [ template_filter ] --START--
INFO: Run Behavior\ContentReplaceBehavior [ RunTime:0.000240s ]
INFO: [ template_filter ] --END-- [ RunTime:0.000418s ]
NOTIC: [8] Use of undefined constant Index - assumed 'Index' E:\wamp64\www\-\Application\Runtime\Cache\Admin\65e605872ed5d34210f5b33beb13f5a3.php 第 83 行.
NOTIC: [8] Use of undefined constant Shop - assumed 'Shop' E:\wamp64\www\-\Application\Runtime\Cache\Admin\65e605872ed5d34210f5b33beb13f5a3.php 第 91 行.
NOTIC: [8] Use of undefined constant Shoptype - assumed 'Shoptype' E:\wamp64\www\-\Application\Runtime\Cache\Admin\65e605872ed5d34210f5b33beb13f5a3.php 第 91 行.
NOTIC: [8] Use of undefined constant Danwei - assumed 'Danwei' E:\wamp64\www\-\Application\Runtime\Cache\Admin\65e605872ed5d34210f5b33beb13f5a3.php 第 91 行.
NOTIC: [8] Use of undefined constant Seat - assumed 'Seat' E:\wamp64\www\-\Application\Runtime\Cache\Admin\65e605872ed5d34210f5b33beb13f5a3.php 第 91 行.
NOTIC: [8] Use of undefined constant Sale - assumed 'Sale' E:\wamp64\www\-\Application\Runtime\Cache\Admin\65e605872ed5d34210f5b33beb13f5a3.php 第 91 行.
NOTIC: [8] Use of undefined constant Food - assumed 'Food' E:\wamp64\www\-\Application\Runtime\Cache\Admin\65e605872ed5d34210f5b33beb13f5a3.php 第 91 行.
NOTIC: [8] Use of undefined constant Seattype - assumed 'Seattype' E:\wamp64\www\-\Application\Runtime\Cache\Admin\65e605872ed5d34210f5b33beb13f5a3.php 第 91 行.
NOTIC: [8] Use of undefined constant Foodtype - assumed 'Foodtype' E:\wamp64\www\-\Application\Runtime\Cache\Admin\65e605872ed5d34210f5b33beb13f5a3.php 第 91 行.
NOTIC: [8] Use of undefined constant User - assumed 'User' E:\wamp64\www\-\Application\Runtime\Cache\Admin\65e605872ed5d34210f5b33beb13f5a3.php 第 113 行.
NOTIC: [2] array_pop() expects parameter 1 to be array, null given E:\wamp64\www\-\Application\Runtime\Cache\Admin\65e605872ed5d34210f5b33beb13f5a3.php 第 173 行.
NOTIC: [2] Invalid argument supplied for foreach() E:\wamp64\www\-\Application\Runtime\Cache\Admin\65e605872ed5d34210f5b33beb13f5a3.php 第 173 行.
NOTIC: [8] Undefined variable: active E:\wamp64\www\-\Application\Runtime\Cache\Admin\65e605872ed5d34210f5b33beb13f5a3.php 第 176 行.
NOTIC: [8] Undefined index: con E:\wamp64\www\-\Application\Runtime\Cache\Admin\65e605872ed5d34210f5b33beb13f5a3.php 第 308 行.
NOTIC: [8] Undefined index: con E:\wamp64\www\-\Application\Runtime\Cache\Admin\65e605872ed5d34210f5b33beb13f5a3.php 第 308 行.
NOTIC: [8] Undefined index: con E:\wamp64\www\-\Application\Runtime\Cache\Admin\65e605872ed5d34210f5b33beb13f5a3.php 第 308 行.
NOTIC: [8] Undefined index: con E:\wamp64\www\-\Application\Runtime\Cache\Admin\65e605872ed5d34210f5b33beb13f5a3.php 第 308 行.
NOTIC: [8] Undefined index: con E:\wamp64\www\-\Application\Runtime\Cache\Admin\65e605872ed5d34210f5b33beb13f5a3.php 第 308 行.
NOTIC: [8] Undefined index: con E:\wamp64\www\-\Application\Runtime\Cache\Admin\65e605872ed5d34210f5b33beb13f5a3.php 第 308 行.
NOTIC: [8] Undefined index: con E:\wamp64\www\-\Application\Runtime\Cache\Admin\65e605872ed5d34210f5b33beb13f5a3.php 第 308 行.
INFO: Run Behavior\ParseTemplateBehavior [ RunTime:0.035986s ]
INFO: [ view_parse ] --END-- [ RunTime:0.036171s ]
INFO: [ view_filter ] --START--
INFO: Run Behavior\WriteHtmlCacheBehavior [ RunTime:0.001009s ]
INFO: [ view_filter ] --END-- [ RunTime:0.001170s ]
INFO: [ app_end ] --START--
INFO: Run Behavior\ShowPageTraceBehavior [ RunTime:0.001037s ]
INFO: [ app_end ] --END-- [ RunTime:0.001224s ]

[ 2018-02-11T15:05:49+08:00 ] ::1 /-/index.php/Admin/User/index.html?id=1
INFO: [ app_init ] --START--
INFO: Run Behavior\BuildLiteBehavior [ RunTime:0.000036s ]
INFO: [ app_init ] --END-- [ RunTime:0.000230s ]
INFO: [ app_begin ] --START--
INFO: Run Behavior\ReadHtmlCacheBehavior [ RunTime:0.000829s ]
INFO: [ app_begin ] --END-- [ RunTime:0.001007s ]
SQL: SHOW COLUMNS FROM `city` [ RunTime:0.0087s ]
SQL: SELECT * FROM `city` ORDER BY paix desc  [ RunTime:0.0100s ]
SQL: SHOW COLUMNS FROM `user` [ RunTime:0.0059s ]
SQL: SELECT COUNT(*) AS tp_count FROM `user` WHERE `status` = 0 LIMIT 1   [ RunTime:0.0011s ]
SQL: SELECT * FROM `user` WHERE `status` = 0  [ RunTime:0.0018s ]
INFO: [ view_parse ] --START--
INFO: [ template_filter ] --START--
INFO: Run Behavior\ContentReplaceBehavior [ RunTime:0.000235s ]
INFO: [ template_filter ] --END-- [ RunTime:0.000416s ]
NOTIC: [8] Use of undefined constant Index - assumed 'Index' E:\wamp64\www\-\Application\Runtime\Cache\Admin\65e605872ed5d34210f5b33beb13f5a3.php 第 83 行.
NOTIC: [8] Use of undefined constant Shop - assumed 'Shop' E:\wamp64\www\-\Application\Runtime\Cache\Admin\65e605872ed5d34210f5b33beb13f5a3.php 第 91 行.
NOTIC: [8] Use of undefined constant Shoptype - assumed 'Shoptype' E:\wamp64\www\-\Application\Runtime\Cache\Admin\65e605872ed5d34210f5b33beb13f5a3.php 第 91 行.
NOTIC: [8] Use of undefined constant Danwei - assumed 'Danwei' E:\wamp64\www\-\Application\Runtime\Cache\Admin\65e605872ed5d34210f5b33beb13f5a3.php 第 91 行.
NOTIC: [8] Use of undefined constant Seat - assumed 'Seat' E:\wamp64\www\-\Application\Runtime\Cache\Admin\65e605872ed5d34210f5b33beb13f5a3.php 第 91 行.
NOTIC: [8] Use of undefined constant Sale - assumed 'Sale' E:\wamp64\www\-\Application\Runtime\Cache\Admin\65e605872ed5d34210f5b33beb13f5a3.php 第 91 行.
NOTIC: [8] Use of undefined constant Food - assumed 'Food' E:\wamp64\www\-\Application\Runtime\Cache\Admin\65e605872ed5d34210f5b33beb13f5a3.php 第 91 行.
NOTIC: [8] Use of undefined constant Seattype - assumed 'Seattype' E:\wamp64\www\-\Application\Runtime\Cache\Admin\65e605872ed5d34210f5b33beb13f5a3.php 第 91 行.
NOTIC: [8] Use of undefined constant Foodtype - assumed 'Foodtype' E:\wamp64\www\-\Application\Runtime\Cache\Admin\65e605872ed5d34210f5b33beb13f5a3.php 第 91 行.
NOTIC: [8] Use of undefined constant User - assumed 'User' E:\wamp64\www\-\Application\Runtime\Cache\Admin\65e605872ed5d34210f5b33beb13f5a3.php 第 113 行.
NOTIC: [2] array_pop() expects parameter 1 to be array, null given E:\wamp64\www\-\Application\Runtime\Cache\Admin\65e605872ed5d34210f5b33beb13f5a3.php 第 173 行.
NOTIC: [2] Invalid argument supplied for foreach() E:\wamp64\www\-\Application\Runtime\Cache\Admin\65e605872ed5d34210f5b33beb13f5a3.php 第 173 行.
NOTIC: [8] Undefined variable: active E:\wamp64\www\-\Application\Runtime\Cache\Admin\65e605872ed5d34210f5b33beb13f5a3.php 第 176 行.
NOTIC: [8] Undefined index: con E:\wamp64\www\-\Application\Runtime\Cache\Admin\65e605872ed5d34210f5b33beb13f5a3.php 第 308 行.
NOTIC: [8] Undefined index: con E:\wamp64\www\-\Application\Runtime\Cache\Admin\65e605872ed5d34210f5b33beb13f5a3.php 第 308 行.
NOTIC: [8] Undefined index: con E:\wamp64\www\-\Application\Runtime\Cache\Admin\65e605872ed5d34210f5b33beb13f5a3.php 第 308 行.
NOTIC: [8] Undefined index: con E:\wamp64\www\-\Application\Runtime\Cache\Admin\65e605872ed5d34210f5b33beb13f5a3.php 第 308 行.
NOTIC: [8] Undefined index: con E:\wamp64\www\-\Application\Runtime\Cache\Admin\65e605872ed5d34210f5b33beb13f5a3.php 第 308 行.
NOTIC: [8] Undefined index: con E:\wamp64\www\-\Application\Runtime\Cache\Admin\65e605872ed5d34210f5b33beb13f5a3.php 第 308 行.
NOTIC: [8] Undefined index: con E:\wamp64\www\-\Application\Runtime\Cache\Admin\65e605872ed5d34210f5b33beb13f5a3.php 第 308 行.
INFO: Run Behavior\ParseTemplateBehavior [ RunTime:0.035354s ]
INFO: [ view_parse ] --END-- [ RunTime:0.035541s ]
INFO: [ view_filter ] --START--
INFO: Run Behavior\WriteHtmlCacheBehavior [ RunTime:0.000796s ]
INFO: [ view_filter ] --END-- [ RunTime:0.001065s ]
INFO: [ app_end ] --START--
INFO: Run Behavior\ShowPageTraceBehavior [ RunTime:0.001325s ]
INFO: [ app_end ] --END-- [ RunTime:0.001635s ]

[ 2018-02-11T15:06:52+08:00 ] ::1 /-/index.php/Admin/order/index.html?id=1
INFO: [ app_init ] --START--
INFO: Run Behavior\BuildLiteBehavior [ RunTime:0.000037s ]
INFO: [ app_init ] --END-- [ RunTime:0.000226s ]
INFO: [ app_begin ] --START--
INFO: Run Behavior\ReadHtmlCacheBehavior [ RunTime:0.000944s ]
INFO: [ app_begin ] --END-- [ RunTime:0.001135s ]
SQL: SHOW COLUMNS FROM `city` [ RunTime:0.0066s ]
SQL: SELECT * FROM `city` ORDER BY paix desc  [ RunTime:0.0063s ]
SQL: SHOW COLUMNS FROM `order` [ RunTime:0.0064s ]
SQL: SELECT * FROM `order` ORDER BY id desc  [ RunTime:0.0022s ]
SQL: SHOW COLUMNS FROM `shop` [ RunTime:0.0072s ]
SQL: SELECT `mingch` FROM `shop` WHERE `id` = 39 LIMIT 1   [ RunTime:0.0008s ]
SQL: SHOW COLUMNS FROM `money` [ RunTime:0.0329s ]
SQL: SELECT `sf` FROM `money` WHERE `order_id` = 102 LIMIT 1   [ RunTime:0.0012s ]
SQL: SELECT `mingch` FROM `shop` WHERE `id` = 39 LIMIT 1   [ RunTime:0.0010s ]
SQL: SELECT `sf` FROM `money` WHERE `order_id` = 101 LIMIT 1   [ RunTime:0.0010s ]
SQL: SELECT `mingch` FROM `shop` WHERE `id` = 39 LIMIT 1   [ RunTime:0.0007s ]
SQL: SELECT `sf` FROM `money` WHERE `order_id` = 100 LIMIT 1   [ RunTime:0.0011s ]
SQL: SELECT `mingch` FROM `shop` WHERE `id` = 1 LIMIT 1   [ RunTime:0.0010s ]
SQL: SELECT `sf` FROM `money` WHERE `order_id` = 99 LIMIT 1   [ RunTime:0.0011s ]
SQL: SELECT `mingch` FROM `shop` WHERE `id` = 38 LIMIT 1   [ RunTime:0.0008s ]
SQL: SELECT `sf` FROM `money` WHERE `order_id` = 98 LIMIT 1   [ RunTime:0.0010s ]
SQL: SELECT `mingch` FROM `shop` WHERE `id` = 1 LIMIT 1   [ RunTime:0.0008s ]
SQL: SELECT `sf` FROM `money` WHERE `order_id` = 97 LIMIT 1   [ RunTime:0.0008s ]
SQL: SELECT `mingch` FROM `shop` WHERE `id` = 1 LIMIT 1   [ RunTime:0.0011s ]
SQL: SELECT `sf` FROM `money` WHERE `order_id` = 96 LIMIT 1   [ RunTime:0.0010s ]
SQL: SELECT `mingch` FROM `shop` WHERE `id` = 1 LIMIT 1   [ RunTime:0.0011s ]
SQL: SELECT `sf` FROM `money` WHERE `order_id` = 95 LIMIT 1   [ RunTime:0.0010s ]
INFO: [ view_parse ] --START--
INFO: [ template_filter ] --START--
INFO: Run Behavior\ContentReplaceBehavior [ RunTime:0.000270s ]
INFO: [ template_filter ] --END-- [ RunTime:0.000469s ]
NOTIC: [8] Use of undefined constant Index - assumed 'Index' E:\wamp64\www\-\Application\Runtime\Cache\Admin\18bc66a7b6334412ab8e61a2539ecfbd.php 第 83 行.
NOTIC: [8] Use of undefined constant Shop - assumed 'Shop' E:\wamp64\www\-\Application\Runtime\Cache\Admin\18bc66a7b6334412ab8e61a2539ecfbd.php 第 91 行.
NOTIC: [8] Use of undefined constant Shoptype - assumed 'Shoptype' E:\wamp64\www\-\Application\Runtime\Cache\Admin\18bc66a7b6334412ab8e61a2539ecfbd.php 第 91 行.
NOTIC: [8] Use of undefined constant Danwei - assumed 'Danwei' E:\wamp64\www\-\Application\Runtime\Cache\Admin\18bc66a7b6334412ab8e61a2539ecfbd.php 第 91 行.
NOTIC: [8] Use of undefined constant Seat - assumed 'Seat' E:\wamp64\www\-\Application\Runtime\Cache\Admin\18bc66a7b6334412ab8e61a2539ecfbd.php 第 91 行.
NOTIC: [8] Use of undefined constant Sale - assumed 'Sale' E:\wamp64\www\-\Application\Runtime\Cache\Admin\18bc66a7b6334412ab8e61a2539ecfbd.php 第 91 行.
NOTIC: [8] Use of undefined constant Food - assumed 'Food' E:\wamp64\www\-\Application\Runtime\Cache\Admin\18bc66a7b6334412ab8e61a2539ecfbd.php 第 91 行.
NOTIC: [8] Use of undefined constant Seattype - assumed 'Seattype' E:\wamp64\www\-\Application\Runtime\Cache\Admin\18bc66a7b6334412ab8e61a2539ecfbd.php 第 91 行.
NOTIC: [8] Use of undefined constant Foodtype - assumed 'Foodtype' E:\wamp64\www\-\Application\Runtime\Cache\Admin\18bc66a7b6334412ab8e61a2539ecfbd.php 第 91 行.
NOTIC: [8] Use of undefined constant User - assumed 'User' E:\wamp64\www\-\Application\Runtime\Cache\Admin\18bc66a7b6334412ab8e61a2539ecfbd.php 第 113 行.
NOTIC: [8] Use of undefined constant Code - assumed 'Code' E:\wamp64\www\-\Application\Runtime\Cache\Admin\18bc66a7b6334412ab8e61a2539ecfbd.php 第 122 行.
NOTIC: [8] Use of undefined constant Event - assumed 'Event' E:\wamp64\www\-\Application\Runtime\Cache\Admin\18bc66a7b6334412ab8e61a2539ecfbd.php 第 131 行.
NOTIC: [8] Use of undefined constant Config - assumed 'Config' E:\wamp64\www\-\Application\Runtime\Cache\Admin\18bc66a7b6334412ab8e61a2539ecfbd.php 第 131 行.
NOTIC: [8] Use of undefined constant Order - assumed 'Order' E:\wamp64\www\-\Application\Runtime\Cache\Admin\18bc66a7b6334412ab8e61a2539ecfbd.php 第 140 行.
NOTIC: [2] array_pop() expects parameter 1 to be array, null given E:\wamp64\www\-\Application\Runtime\Cache\Admin\18bc66a7b6334412ab8e61a2539ecfbd.php 第 173 行.
NOTIC: [2] Invalid argument supplied for foreach() E:\wamp64\www\-\Application\Runtime\Cache\Admin\18bc66a7b6334412ab8e61a2539ecfbd.php 第 173 行.
NOTIC: [8] Undefined variable: active E:\wamp64\www\-\Application\Runtime\Cache\Admin\18bc66a7b6334412ab8e61a2539ecfbd.php 第 176 行.
INFO: Run Behavior\ParseTemplateBehavior [ RunTime:0.046884s ]
INFO: [ view_parse ] --END-- [ RunTime:0.047089s ]
INFO: [ view_filter ] --START--
INFO: Run Behavior\WriteHtmlCacheBehavior [ RunTime:0.000873s ]
INFO: [ view_filter ] --END-- [ RunTime:0.001050s ]
INFO: [ app_end ] --START--
INFO: Run Behavior\ShowPageTraceBehavior [ RunTime:0.001046s ]
INFO: [ app_end ] --END-- [ RunTime:0.001250s ]

[ 2018-02-11T15:06:54+08:00 ] ::1 /-/index.php/Admin/Order/order_xq/id/102.html
INFO: [ app_init ] --START--
INFO: Run Behavior\BuildLiteBehavior [ RunTime:0.000035s ]
INFO: [ app_init ] --END-- [ RunTime:0.000222s ]
INFO: [ app_begin ] --START--
INFO: Run Behavior\ReadHtmlCacheBehavior [ RunTime:0.001321s ]
INFO: [ app_begin ] --END-- [ RunTime:0.001573s ]
SQL: SHOW COLUMNS FROM `city` [ RunTime:0.0053s ]
SQL: SELECT * FROM `city` ORDER BY paix desc  [ RunTime:0.0070s ]
SQL: SHOW COLUMNS FROM `order` [ RunTime:0.0054s ]
SQL: SELECT * FROM `order` WHERE `id` = 102 LIMIT 1   [ RunTime:0.0012s ]
SQL: SHOW COLUMNS FROM `shop` [ RunTime:0.0068s ]
SQL: SELECT `mingch` FROM `shop` WHERE `id` = 39 LIMIT 1   [ RunTime:0.0009s ]
SQL: SHOW COLUMNS FROM `user` [ RunTime:0.0051s ]
SQL: SELECT * FROM `user` WHERE `id` = 18 LIMIT 1   [ RunTime:0.0010s ]
SQL: SHOW COLUMNS FROM `order_fu` [ RunTime:0.0039s ]
SQL: SELECT * FROM `order_fu` WHERE `order_id` = 102  [ RunTime:0.0010s ]
SQL: SHOW COLUMNS FROM `food` [ RunTime:0.0046s ]
SQL: SELECT `mingch` FROM `food` WHERE `id` = 102 LIMIT 1   [ RunTime:0.0010s ]
SQL: SELECT `mingch` FROM `food` WHERE `id` = 104 LIMIT 1   [ RunTime:0.0008s ]
SQL: SHOW COLUMNS FROM `money` [ RunTime:0.0049s ]
SQL: SELECT * FROM `money` WHERE `order_id` = 102 LIMIT 1   [ RunTime:0.0010s ]
INFO: [ view_parse ] --START--
INFO: [ template_filter ] --START--
INFO: Run Behavior\ContentReplaceBehavior [ RunTime:0.000149s ]
INFO: [ template_filter ] --END-- [ RunTime:0.000334s ]
INFO: Run Behavior\ParseTemplateBehavior [ RunTime:0.025607s ]
INFO: [ view_parse ] --END-- [ RunTime:0.025834s ]
INFO: [ view_filter ] --START--
INFO: Run Behavior\WriteHtmlCacheBehavior [ RunTime:0.000542s ]
INFO: [ view_filter ] --END-- [ RunTime:0.000709s ]
INFO: [ app_end ] --START--
INFO: Run Behavior\ShowPageTraceBehavior [ RunTime:0.000980s ]
INFO: [ app_end ] --END-- [ RunTime:0.001137s ]

[ 2018-02-11T15:25:14+08:00 ] ::1 /-/index.php/Admin/order/index.html?id=1
INFO: [ app_init ] --START--
INFO: Run Behavior\BuildLiteBehavior [ RunTime:0.000047s ]
INFO: [ app_init ] --END-- [ RunTime:0.000311s ]
INFO: [ app_begin ] --START--
INFO: Run Behavior\ReadHtmlCacheBehavior [ RunTime:0.000892s ]
INFO: [ app_begin ] --END-- [ RunTime:0.001073s ]
SQL: SHOW COLUMNS FROM `city` [ RunTime:0.0049s ]
SQL: SELECT * FROM `city` ORDER BY paix desc  [ RunTime:0.0064s ]
SQL: SHOW COLUMNS FROM `order` [ RunTime:0.0053s ]
SQL: SELECT * FROM `order` ORDER BY id desc  [ RunTime:0.0019s ]
SQL: SHOW COLUMNS FROM `shop` [ RunTime:0.0057s ]
SQL: SELECT `mingch` FROM `shop` WHERE `id` = 39 LIMIT 1   [ RunTime:0.0009s ]
SQL: SHOW COLUMNS FROM `money` [ RunTime:0.0044s ]
SQL: SELECT `sf` FROM `money` WHERE `order_id` = 102 LIMIT 1   [ RunTime:0.0011s ]
SQL: SELECT `mingch` FROM `shop` WHERE `id` = 39 LIMIT 1   [ RunTime:0.0010s ]
SQL: SELECT `sf` FROM `money` WHERE `order_id` = 101 LIMIT 1   [ RunTime:0.0010s ]
SQL: SELECT `mingch` FROM `shop` WHERE `id` = 39 LIMIT 1   [ RunTime:0.0008s ]
SQL: SELECT `sf` FROM `money` WHERE `order_id` = 100 LIMIT 1   [ RunTime:0.0008s ]
SQL: SELECT `mingch` FROM `shop` WHERE `id` = 1 LIMIT 1   [ RunTime:0.0008s ]
SQL: SELECT `sf` FROM `money` WHERE `order_id` = 99 LIMIT 1   [ RunTime:0.0008s ]
SQL: SELECT `mingch` FROM `shop` WHERE `id` = 38 LIMIT 1   [ RunTime:0.0010s ]
SQL: SELECT `sf` FROM `money` WHERE `order_id` = 98 LIMIT 1   [ RunTime:0.0010s ]
SQL: SELECT `mingch` FROM `shop` WHERE `id` = 1 LIMIT 1   [ RunTime:0.0008s ]
SQL: SELECT `sf` FROM `money` WHERE `order_id` = 97 LIMIT 1   [ RunTime:0.0009s ]
SQL: SELECT `mingch` FROM `shop` WHERE `id` = 1 LIMIT 1   [ RunTime:0.0008s ]
SQL: SELECT `sf` FROM `money` WHERE `order_id` = 96 LIMIT 1   [ RunTime:0.0008s ]
SQL: SELECT `mingch` FROM `shop` WHERE `id` = 1 LIMIT 1   [ RunTime:0.0010s ]
SQL: SELECT `sf` FROM `money` WHERE `order_id` = 95 LIMIT 1   [ RunTime:0.0011s ]
INFO: [ view_parse ] --START--
INFO: [ template_filter ] --START--
INFO: Run Behavior\ContentReplaceBehavior [ RunTime:0.000232s ]
INFO: [ template_filter ] --END-- [ RunTime:0.000406s ]
NOTIC: [8] Use of undefined constant Index - assumed 'Index' E:\wamp64\www\-\Application\Runtime\Cache\Admin\18bc66a7b6334412ab8e61a2539ecfbd.php 第 83 行.
NOTIC: [8] Use of undefined constant Shop - assumed 'Shop' E:\wamp64\www\-\Application\Runtime\Cache\Admin\18bc66a7b6334412ab8e61a2539ecfbd.php 第 91 行.
NOTIC: [8] Use of undefined constant Shoptype - assumed 'Shoptype' E:\wamp64\www\-\Application\Runtime\Cache\Admin\18bc66a7b6334412ab8e61a2539ecfbd.php 第 91 行.
NOTIC: [8] Use of undefined constant Danwei - assumed 'Danwei' E:\wamp64\www\-\Application\Runtime\Cache\Admin\18bc66a7b6334412ab8e61a2539ecfbd.php 第 91 行.
NOTIC: [8] Use of undefined constant Seat - assumed 'Seat' E:\wamp64\www\-\Application\Runtime\Cache\Admin\18bc66a7b6334412ab8e61a2539ecfbd.php 第 91 行.
NOTIC: [8] Use of undefined constant Sale - assumed 'Sale' E:\wamp64\www\-\Application\Runtime\Cache\Admin\18bc66a7b6334412ab8e61a2539ecfbd.php 第 91 行.
NOTIC: [8] Use of undefined constant Food - assumed 'Food' E:\wamp64\www\-\Application\Runtime\Cache\Admin\18bc66a7b6334412ab8e61a2539ecfbd.php 第 91 行.
NOTIC: [8] Use of undefined constant Seattype - assumed 'Seattype' E:\wamp64\www\-\Application\Runtime\Cache\Admin\18bc66a7b6334412ab8e61a2539ecfbd.php 第 91 行.
NOTIC: [8] Use of undefined constant Foodtype - assumed 'Foodtype' E:\wamp64\www\-\Application\Runtime\Cache\Admin\18bc66a7b6334412ab8e61a2539ecfbd.php 第 91 行.
NOTIC: [8] Use of undefined constant User - assumed 'User' E:\wamp64\www\-\Application\Runtime\Cache\Admin\18bc66a7b6334412ab8e61a2539ecfbd.php 第 113 行.
NOTIC: [8] Use of undefined constant Code - assumed 'Code' E:\wamp64\www\-\Application\Runtime\Cache\Admin\18bc66a7b6334412ab8e61a2539ecfbd.php 第 122 行.
NOTIC: [8] Use of undefined constant Event - assumed 'Event' E:\wamp64\www\-\Application\Runtime\Cache\Admin\18bc66a7b6334412ab8e61a2539ecfbd.php 第 131 行.
NOTIC: [8] Use of undefined constant Config - assumed 'Config' E:\wamp64\www\-\Application\Runtime\Cache\Admin\18bc66a7b6334412ab8e61a2539ecfbd.php 第 131 行.
NOTIC: [8] Use of undefined constant Order - assumed 'Order' E:\wamp64\www\-\Application\Runtime\Cache\Admin\18bc66a7b6334412ab8e61a2539ecfbd.php 第 140 行.
NOTIC: [2] array_pop() expects parameter 1 to be array, null given E:\wamp64\www\-\Application\Runtime\Cache\Admin\18bc66a7b6334412ab8e61a2539ecfbd.php 第 173 行.
NOTIC: [2] Invalid argument supplied for foreach() E:\wamp64\www\-\Application\Runtime\Cache\Admin\18bc66a7b6334412ab8e61a2539ecfbd.php 第 173 行.
NOTIC: [8] Undefined variable: active E:\wamp64\www\-\Application\Runtime\Cache\Admin\18bc66a7b6334412ab8e61a2539ecfbd.php 第 176 行.
INFO: Run Behavior\ParseTemplateBehavior [ RunTime:0.036786s ]
INFO: [ view_parse ] --END-- [ RunTime:0.037038s ]
INFO: [ view_filter ] --START--
INFO: Run Behavior\WriteHtmlCacheBehavior [ RunTime:0.000874s ]
INFO: [ view_filter ] --END-- [ RunTime:0.001092s ]
INFO: [ app_end ] --START--
INFO: Run Behavior\ShowPageTraceBehavior [ RunTime:0.001050s ]
INFO: [ app_end ] --END-- [ RunTime:0.001226s ]

[ 2018-02-11T15:25:54+08:00 ] ::1 /-/index.php/Admin/Order/index.html?id=1
INFO: [ app_init ] --START--
INFO: Run Behavior\BuildLiteBehavior [ RunTime:0.000038s ]
INFO: [ app_init ] --END-- [ RunTime:0.000253s ]
INFO: [ app_begin ] --START--
INFO: Run Behavior\ReadHtmlCacheBehavior [ RunTime:0.000909s ]
INFO: [ app_begin ] --END-- [ RunTime:0.001086s ]
SQL: SHOW COLUMNS FROM `city` [ RunTime:0.0091s ]
SQL: SELECT * FROM `city` ORDER BY paix desc  [ RunTime:0.0099s ]
SQL: SHOW COLUMNS FROM `order` [ RunTime:0.0093s ]
SQL: SELECT * FROM `order` ORDER BY id desc  [ RunTime:0.0022s ]
SQL: SHOW COLUMNS FROM `shop` [ RunTime:0.0075s ]
SQL: SELECT `mingch` FROM `shop` WHERE `id` = 39 LIMIT 1   [ RunTime:0.0007s ]
SQL: SHOW COLUMNS FROM `money` [ RunTime:0.0057s ]
SQL: SELECT `sf` FROM `money` WHERE `order_id` = 102 LIMIT 1   [ RunTime:0.0011s ]
SQL: SELECT `mingch` FROM `shop` WHERE `id` = 39 LIMIT 1   [ RunTime:0.0008s ]
SQL: SELECT `sf` FROM `money` WHERE `order_id` = 101 LIMIT 1   [ RunTime:0.0010s ]
SQL: SELECT `mingch` FROM `shop` WHERE `id` = 39 LIMIT 1   [ RunTime:0.0008s ]
SQL: SELECT `sf` FROM `money` WHERE `order_id` = 100 LIMIT 1   [ RunTime:0.0007s ]
SQL: SELECT `mingch` FROM `shop` WHERE `id` = 1 LIMIT 1   [ RunTime:0.0011s ]
SQL: SELECT `sf` FROM `money` WHERE `order_id` = 99 LIMIT 1   [ RunTime:0.0010s ]
SQL: SELECT `mingch` FROM `shop` WHERE `id` = 38 LIMIT 1   [ RunTime:0.0007s ]
SQL: SELECT `sf` FROM `money` WHERE `order_id` = 98 LIMIT 1   [ RunTime:0.0010s ]
SQL: SELECT `mingch` FROM `shop` WHERE `id` = 1 LIMIT 1   [ RunTime:0.0009s ]
SQL: SELECT `sf` FROM `money` WHERE `order_id` = 97 LIMIT 1   [ RunTime:0.0009s ]
SQL: SELECT `mingch` FROM `shop` WHERE `id` = 1 LIMIT 1   [ RunTime:0.0007s ]
SQL: SELECT `sf` FROM `money` WHERE `order_id` = 96 LIMIT 1   [ RunTime:0.0010s ]
SQL: SELECT `mingch` FROM `shop` WHERE `id` = 1 LIMIT 1   [ RunTime:0.0009s ]
SQL: SELECT `sf` FROM `money` WHERE `order_id` = 95 LIMIT 1   [ RunTime:0.0009s ]
INFO: [ view_parse ] --START--
INFO: [ template_filter ] --START--
INFO: Run Behavior\ContentReplaceBehavior [ RunTime:0.000239s ]
INFO: [ template_filter ] --END-- [ RunTime:0.000444s ]
NOTIC: [8] Use of undefined constant Index - assumed 'Index' E:\wamp64\www\-\Application\Runtime\Cache\Admin\18bc66a7b6334412ab8e61a2539ecfbd.php 第 83 行.
NOTIC: [8] Use of undefined constant Shop - assumed 'Shop' E:\wamp64\www\-\Application\Runtime\Cache\Admin\18bc66a7b6334412ab8e61a2539ecfbd.php 第 91 行.
NOTIC: [8] Use of undefined constant Shoptype - assumed 'Shoptype' E:\wamp64\www\-\Application\Runtime\Cache\Admin\18bc66a7b6334412ab8e61a2539ecfbd.php 第 91 行.
NOTIC: [8] Use of undefined constant Danwei - assumed 'Danwei' E:\wamp64\www\-\Application\Runtime\Cache\Admin\18bc66a7b6334412ab8e61a2539ecfbd.php 第 91 行.
NOTIC: [8] Use of undefined constant Seat - assumed 'Seat' E:\wamp64\www\-\Application\Runtime\Cache\Admin\18bc66a7b6334412ab8e61a2539ecfbd.php 第 91 行.
NOTIC: [8] Use of undefined constant Sale - assumed 'Sale' E:\wamp64\www\-\Application\Runtime\Cache\Admin\18bc66a7b6334412ab8e61a2539ecfbd.php 第 91 行.
NOTIC: [8] Use of undefined constant Food - assumed 'Food' E:\wamp64\www\-\Application\Runtime\Cache\Admin\18bc66a7b6334412ab8e61a2539ecfbd.php 第 91 行.
NOTIC: [8] Use of undefined constant Seattype - assumed 'Seattype' E:\wamp64\www\-\Application\Runtime\Cache\Admin\18bc66a7b6334412ab8e61a2539ecfbd.php 第 91 行.
NOTIC: [8] Use of undefined constant Foodtype - assumed 'Foodtype' E:\wamp64\www\-\Application\Runtime\Cache\Admin\18bc66a7b6334412ab8e61a2539ecfbd.php 第 91 行.
NOTIC: [8] Use of undefined constant User - assumed 'User' E:\wamp64\www\-\Application\Runtime\Cache\Admin\18bc66a7b6334412ab8e61a2539ecfbd.php 第 113 行.
NOTIC: [8] Use of undefined constant Code - assumed 'Code' E:\wamp64\www\-\Application\Runtime\Cache\Admin\18bc66a7b6334412ab8e61a2539ecfbd.php 第 122 行.
NOTIC: [8] Use of undefined constant Event - assumed 'Event' E:\wamp64\www\-\Application\Runtime\Cache\Admin\18bc66a7b6334412ab8e61a2539ecfbd.php 第 131 行.
NOTIC: [8] Use of undefined constant Config - assumed 'Config' E:\wamp64\www\-\Application\Runtime\Cache\Admin\18bc66a7b6334412ab8e61a2539ecfbd.php 第 131 行.
NOTIC: [8] Use of undefined constant Order - assumed 'Order' E:\wamp64\www\-\Application\Runtime\Cache\Admin\18bc66a7b6334412ab8e61a2539ecfbd.php 第 140 行.
NOTIC: [2] array_pop() expects parameter 1 to be array, null given E:\wamp64\www\-\Application\Runtime\Cache\Admin\18bc66a7b6334412ab8e61a2539ecfbd.php 第 173 行.
NOTIC: [2] Invalid argument supplied for foreach() E:\wamp64\www\-\Application\Runtime\Cache\Admin\18bc66a7b6334412ab8e61a2539ecfbd.php 第 173 行.
NOTIC: [8] Undefined variable: active E:\wamp64\www\-\Application\Runtime\Cache\Admin\18bc66a7b6334412ab8e61a2539ecfbd.php 第 176 行.
INFO: Run Behavior\ParseTemplateBehavior [ RunTime:0.034438s ]
INFO: [ view_parse ] --END-- [ RunTime:0.034636s ]
INFO: [ view_filter ] --START--
INFO: Run Behavior\WriteHtmlCacheBehavior [ RunTime:0.000769s ]
INFO: [ view_filter ] --END-- [ RunTime:0.000935s ]
INFO: [ app_end ] --START--
INFO: Run Behavior\ShowPageTraceBehavior [ RunTime:0.000965s ]
INFO: [ app_end ] --END-- [ RunTime:0.001135s ]

[ 2018-02-11T15:28:39+08:00 ] ::1 /-/index.php/Admin/Order/index.html?id=1
INFO: [ app_init ] --START--
INFO: Run Behavior\BuildLiteBehavior [ RunTime:0.000039s ]
INFO: [ app_init ] --END-- [ RunTime:0.000250s ]
INFO: [ app_begin ] --START--
INFO: Run Behavior\ReadHtmlCacheBehavior [ RunTime:0.001060s ]
INFO: [ app_begin ] --END-- [ RunTime:0.001291s ]
SQL: SHOW COLUMNS FROM `city` [ RunTime:0.0051s ]
SQL: SELECT * FROM `city` ORDER BY paix desc  [ RunTime:0.0063s ]
SQL: SHOW COLUMNS FROM `order` [ RunTime:0.0051s ]
SQL: SELECT * FROM `order` ORDER BY id desc  [ RunTime:0.0018s ]
SQL: SHOW COLUMNS FROM `shop` [ RunTime:0.0063s ]
SQL: SELECT `mingch` FROM `shop` WHERE `id` = 39 LIMIT 1   [ RunTime:0.0008s ]
SQL: SHOW COLUMNS FROM `money` [ RunTime:0.0046s ]
SQL: SELECT `sf` FROM `money` WHERE `order_id` = 102 LIMIT 1   [ RunTime:0.0011s ]
SQL: SELECT `mingch` FROM `shop` WHERE `id` = 39 LIMIT 1   [ RunTime:0.0011s ]
SQL: SELECT `sf` FROM `money` WHERE `order_id` = 101 LIMIT 1   [ RunTime:0.0011s ]
SQL: SELECT `mingch` FROM `shop` WHERE `id` = 39 LIMIT 1   [ RunTime:0.0011s ]
SQL: SELECT `sf` FROM `money` WHERE `order_id` = 100 LIMIT 1   [ RunTime:0.0010s ]
SQL: SELECT `mingch` FROM `shop` WHERE `id` = 1 LIMIT 1   [ RunTime:0.0008s ]
SQL: SELECT `sf` FROM `money` WHERE `order_id` = 99 LIMIT 1   [ RunTime:0.0008s ]
SQL: SELECT `mingch` FROM `shop` WHERE `id` = 38 LIMIT 1   [ RunTime:0.0008s ]
SQL: SELECT `sf` FROM `money` WHERE `order_id` = 98 LIMIT 1   [ RunTime:0.0009s ]
SQL: SELECT `mingch` FROM `shop` WHERE `id` = 1 LIMIT 1   [ RunTime:0.0010s ]
SQL: SELECT `sf` FROM `money` WHERE `order_id` = 97 LIMIT 1   [ RunTime:0.0009s ]
SQL: SELECT `mingch` FROM `shop` WHERE `id` = 1 LIMIT 1   [ RunTime:0.0011s ]
SQL: SELECT `sf` FROM `money` WHERE `order_id` = 96 LIMIT 1   [ RunTime:0.0008s ]
SQL: SELECT `mingch` FROM `shop` WHERE `id` = 1 LIMIT 1   [ RunTime:0.0009s ]
SQL: SELECT `sf` FROM `money` WHERE `order_id` = 95 LIMIT 1   [ RunTime:0.0011s ]

[ 2018-02-11T15:32:00+08:00 ] ::1 /-/index.php/admin/index
INFO: [ app_init ] --START--
INFO: Run Behavior\BuildLiteBehavior [ RunTime:0.000045s ]
INFO: [ app_init ] --END-- [ RunTime:0.000286s ]
INFO: [ app_begin ] --START--
INFO: Run Behavior\ReadHtmlCacheBehavior [ RunTime:0.000979s ]
INFO: [ app_begin ] --END-- [ RunTime:0.001184s ]
INFO: [ view_parse ] --START--
INFO: [ template_filter ] --START--
INFO: Run Behavior\ContentReplaceBehavior [ RunTime:0.000155s ]
INFO: [ template_filter ] --END-- [ RunTime:0.000396s ]
NOTIC: [8] Undefined variable: id E:\wamp64\www\-\Application\Runtime\Cache\Admin\b595b808c2ebeeeb0478ffc30bb4e87a.php 第 20 行.
INFO: Run Behavior\ParseTemplateBehavior [ RunTime:0.011940s ]
INFO: [ view_parse ] --END-- [ RunTime:0.012247s ]
INFO: [ view_filter ] --START--
INFO: Run Behavior\WriteHtmlCacheBehavior [ RunTime:0.000989s ]
INFO: [ view_filter ] --END-- [ RunTime:0.001632s ]
INFO: [ app_end ] --START--
INFO: Run Behavior\ShowPageTraceBehavior [ RunTime:0.001636s ]
INFO: [ app_end ] --END-- [ RunTime:0.001941s ]

[ 2018-02-11T15:32:06+08:00 ] ::1 /-/index.php/Admin/Index/dodenglu.html
INFO: [ app_init ] --START--
INFO: Run Behavior\BuildLiteBehavior [ RunTime:0.000039s ]
INFO: [ app_init ] --END-- [ RunTime:0.000245s ]
INFO: [ app_begin ] --START--
INFO: Run Behavior\ReadHtmlCacheBehavior [ RunTime:0.001038s ]
INFO: [ app_begin ] --END-- [ RunTime:0.001278s ]
SQL: SHOW COLUMNS FROM `user` [ RunTime:0.0059s ]
SQL: SELECT * FROM `user` WHERE `tel` = '111111' AND `status` = 1 LIMIT 1   [ RunTime:0.0013s ]

[ 2018-02-11T15:32:06+08:00 ] ::1 /-/index.php/Admin/Index/zhuye.html
INFO: [ app_init ] --START--
INFO: Run Behavior\BuildLiteBehavior [ RunTime:0.000043s ]
INFO: [ app_init ] --END-- [ RunTime:0.000255s ]
INFO: [ app_begin ] --START--
INFO: Run Behavior\ReadHtmlCacheBehavior [ RunTime:0.000942s ]
INFO: [ app_begin ] --END-- [ RunTime:0.001140s ]
SQL: SHOW COLUMNS FROM `city` [ RunTime:0.0051s ]
SQL: SELECT * FROM `city` ORDER BY paix desc  [ RunTime:0.0062s ]
INFO: [ view_parse ] --START--
INFO: [ template_filter ] --START--
INFO: Run Behavior\ContentReplaceBehavior [ RunTime:0.000229s ]
INFO: [ template_filter ] --END-- [ RunTime:0.000454s ]
NOTIC: [8] Use of undefined constant Index - assumed 'Index' E:\wamp64\www\-\Application\Runtime\Cache\Admin\502c830712a0e1f9d91cc268e293cf60.php 第 83 行.
INFO: Run Behavior\ParseTemplateBehavior [ RunTime:0.024265s ]
INFO: [ view_parse ] --END-- [ RunTime:0.024464s ]
INFO: [ view_filter ] --START--
INFO: Run Behavior\WriteHtmlCacheBehavior [ RunTime:0.000850s ]
INFO: [ view_filter ] --END-- [ RunTime:0.001010s ]
INFO: [ app_end ] --START--
INFO: Run Behavior\ShowPageTraceBehavior [ RunTime:0.000940s ]
INFO: [ app_end ] --END-- [ RunTime:0.001124s ]

[ 2018-02-11T15:32:09+08:00 ] ::1 /-/index.php/Admin/order/index.html?id=1
INFO: [ app_init ] --START--
INFO: Run Behavior\BuildLiteBehavior [ RunTime:0.000035s ]
INFO: [ app_init ] --END-- [ RunTime:0.000233s ]
INFO: [ app_begin ] --START--
INFO: Run Behavior\ReadHtmlCacheBehavior [ RunTime:0.000978s ]
INFO: [ app_begin ] --END-- [ RunTime:0.001213s ]
SQL: SHOW COLUMNS FROM `city` [ RunTime:0.0056s ]
SQL: SELECT * FROM `city` ORDER BY paix desc  [ RunTime:0.0061s ]
SQL: SHOW COLUMNS FROM `order` [ RunTime:0.0059s ]
SQL: SELECT * FROM `order` ORDER BY id desc  [ RunTime:0.0018s ]
SQL: SHOW COLUMNS FROM `shop` [ RunTime:0.0062s ]
SQL: SELECT `mingch` FROM `shop` WHERE `id` = 39 LIMIT 1   [ RunTime:0.0010s ]
SQL: SHOW COLUMNS FROM `money` [ RunTime:0.0049s ]
SQL: SELECT `sf` FROM `money` WHERE `order_id` = 102 LIMIT 1   [ RunTime:0.0010s ]
SQL: SELECT `mingch` FROM `shop` WHERE `id` = 39 LIMIT 1   [ RunTime:0.0007s ]
SQL: SELECT `sf` FROM `money` WHERE `order_id` = 101 LIMIT 1   [ RunTime:0.0012s ]
SQL: SELECT `mingch` FROM `shop` WHERE `id` = 39 LIMIT 1   [ RunTime:0.0010s ]
SQL: SELECT `sf` FROM `money` WHERE `order_id` = 100 LIMIT 1   [ RunTime:0.0007s ]
SQL: SELECT `mingch` FROM `shop` WHERE `id` = 1 LIMIT 1   [ RunTime:0.0011s ]
SQL: SELECT `sf` FROM `money` WHERE `order_id` = 99 LIMIT 1   [ RunTime:0.0008s ]
SQL: SELECT `mingch` FROM `shop` WHERE `id` = 38 LIMIT 1   [ RunTime:0.0010s ]
SQL: SELECT `sf` FROM `money` WHERE `order_id` = 98 LIMIT 1   [ RunTime:0.0008s ]
SQL: SELECT `mingch` FROM `shop` WHERE `id` = 1 LIMIT 1   [ RunTime:0.0007s ]
SQL: SELECT `sf` FROM `money` WHERE `order_id` = 97 LIMIT 1   [ RunTime:0.0010s ]
SQL: SELECT `mingch` FROM `shop` WHERE `id` = 1 LIMIT 1   [ RunTime:0.0008s ]
SQL: SELECT `sf` FROM `money` WHERE `order_id` = 96 LIMIT 1   [ RunTime:0.0011s ]
SQL: SELECT `mingch` FROM `shop` WHERE `id` = 1 LIMIT 1   [ RunTime:0.0007s ]
SQL: SELECT `sf` FROM `money` WHERE `order_id` = 95 LIMIT 1   [ RunTime:0.0011s ]
INFO: [ view_parse ] --START--
INFO: [ template_filter ] --START--
INFO: Run Behavior\ContentReplaceBehavior [ RunTime:0.000225s ]
INFO: [ template_filter ] --END-- [ RunTime:0.000397s ]
NOTIC: [8] Use of undefined constant Index - assumed 'Index' E:\wamp64\www\-\Application\Runtime\Cache\Admin\18bc66a7b6334412ab8e61a2539ecfbd.php 第 83 行.
NOTIC: [8] Use of undefined constant Shop - assumed 'Shop' E:\wamp64\www\-\Application\Runtime\Cache\Admin\18bc66a7b6334412ab8e61a2539ecfbd.php 第 91 行.
NOTIC: [8] Use of undefined constant Shoptype - assumed 'Shoptype' E:\wamp64\www\-\Application\Runtime\Cache\Admin\18bc66a7b6334412ab8e61a2539ecfbd.php 第 91 行.
NOTIC: [8] Use of undefined constant Danwei - assumed 'Danwei' E:\wamp64\www\-\Application\Runtime\Cache\Admin\18bc66a7b6334412ab8e61a2539ecfbd.php 第 91 行.
NOTIC: [8] Use of undefined constant Seat - assumed 'Seat' E:\wamp64\www\-\Application\Runtime\Cache\Admin\18bc66a7b6334412ab8e61a2539ecfbd.php 第 91 行.
NOTIC: [8] Use of undefined constant Sale - assumed 'Sale' E:\wamp64\www\-\Application\Runtime\Cache\Admin\18bc66a7b6334412ab8e61a2539ecfbd.php 第 91 行.
NOTIC: [8] Use of undefined constant Food - assumed 'Food' E:\wamp64\www\-\Application\Runtime\Cache\Admin\18bc66a7b6334412ab8e61a2539ecfbd.php 第 91 行.
NOTIC: [8] Use of undefined constant Seattype - assumed 'Seattype' E:\wamp64\www\-\Application\Runtime\Cache\Admin\18bc66a7b6334412ab8e61a2539ecfbd.php 第 91 行.
NOTIC: [8] Use of undefined constant Foodtype - assumed 'Foodtype' E:\wamp64\www\-\Application\Runtime\Cache\Admin\18bc66a7b6334412ab8e61a2539ecfbd.php 第 91 行.
NOTIC: [8] Use of undefined constant User - assumed 'User' E:\wamp64\www\-\Application\Runtime\Cache\Admin\18bc66a7b6334412ab8e61a2539ecfbd.php 第 113 行.
NOTIC: [8] Use of undefined constant Code - assumed 'Code' E:\wamp64\www\-\Application\Runtime\Cache\Admin\18bc66a7b6334412ab8e61a2539ecfbd.php 第 122 行.
NOTIC: [8] Use of undefined constant Event - assumed 'Event' E:\wamp64\www\-\Application\Runtime\Cache\Admin\18bc66a7b6334412ab8e61a2539ecfbd.php 第 131 行.
NOTIC: [8] Use of undefined constant Config - assumed 'Config' E:\wamp64\www\-\Application\Runtime\Cache\Admin\18bc66a7b6334412ab8e61a2539ecfbd.php 第 131 行.
NOTIC: [8] Use of undefined constant Order - assumed 'Order' E:\wamp64\www\-\Application\Runtime\Cache\Admin\18bc66a7b6334412ab8e61a2539ecfbd.php 第 140 行.
NOTIC: [2] array_pop() expects parameter 1 to be array, null given E:\wamp64\www\-\Application\Runtime\Cache\Admin\18bc66a7b6334412ab8e61a2539ecfbd.php 第 173 行.
NOTIC: [2] Invalid argument supplied for foreach() E:\wamp64\www\-\Application\Runtime\Cache\Admin\18bc66a7b6334412ab8e61a2539ecfbd.php 第 173 行.
NOTIC: [8] Undefined variable: active E:\wamp64\www\-\Application\Runtime\Cache\Admin\18bc66a7b6334412ab8e61a2539ecfbd.php 第 176 行.
INFO: Run Behavior\ParseTemplateBehavior [ RunTime:0.036466s ]
INFO: [ view_parse ] --END-- [ RunTime:0.036678s ]
INFO: [ view_filter ] --START--
INFO: Run Behavior\WriteHtmlCacheBehavior [ RunTime:0.000878s ]
INFO: [ view_filter ] --END-- [ RunTime:0.001041s ]
INFO: [ app_end ] --START--
INFO: Run Behavior\ShowPageTraceBehavior [ RunTime:0.001011s ]
INFO: [ app_end ] --END-- [ RunTime:0.001208s ]

[ 2018-02-11T15:32:12+08:00 ] ::1 /-/index.php/Admin/Order/order_xq/id/102.html
INFO: [ app_init ] --START--
INFO: Run Behavior\BuildLiteBehavior [ RunTime:0.000048s ]
INFO: [ app_init ] --END-- [ RunTime:0.000302s ]
INFO: [ app_begin ] --START--
INFO: Run Behavior\ReadHtmlCacheBehavior [ RunTime:0.000818s ]
INFO: [ app_begin ] --END-- [ RunTime:0.001020s ]
SQL: SHOW COLUMNS FROM `city` [ RunTime:0.0081s ]
SQL: SELECT * FROM `city` ORDER BY paix desc  [ RunTime:0.0098s ]
SQL: SHOW COLUMNS FROM `order` [ RunTime:0.0096s ]
SQL: SELECT * FROM `order` WHERE `id` = 102 LIMIT 1   [ RunTime:0.0017s ]
SQL: SHOW COLUMNS FROM `shop` [ RunTime:0.0107s ]
SQL: SELECT `mingch` FROM `shop` WHERE `id` = 39 LIMIT 1   [ RunTime:0.0012s ]
SQL: SHOW COLUMNS FROM `user` [ RunTime:0.0077s ]
SQL: SELECT * FROM `user` WHERE `id` = 18 LIMIT 1   [ RunTime:0.0013s ]
SQL: SHOW COLUMNS FROM `order_fu` [ RunTime:0.0076s ]
SQL: SELECT * FROM `order_fu` WHERE `order_id` = 102  [ RunTime:0.0013s ]
SQL: SHOW COLUMNS FROM `food` [ RunTime:0.0062s ]
SQL: SELECT `mingch` FROM `food` WHERE `id` = 102 LIMIT 1   [ RunTime:0.0009s ]
SQL: SELECT `mingch` FROM `food` WHERE `id` = 104 LIMIT 1   [ RunTime:0.0010s ]
SQL: SHOW COLUMNS FROM `money` [ RunTime:0.0048s ]
SQL: SELECT * FROM `money` WHERE `order_id` = 102 LIMIT 1   [ RunTime:0.0012s ]
INFO: [ view_parse ] --START--
INFO: [ template_filter ] --START--
INFO: Run Behavior\ContentReplaceBehavior [ RunTime:0.000145s ]
INFO: [ template_filter ] --END-- [ RunTime:0.000323s ]
INFO: Run Behavior\ParseTemplateBehavior [ RunTime:0.018515s ]
INFO: [ view_parse ] --END-- [ RunTime:0.018739s ]
INFO: [ view_filter ] --START--
INFO: Run Behavior\WriteHtmlCacheBehavior [ RunTime:0.000746s ]
INFO: [ view_filter ] --END-- [ RunTime:0.000911s ]
INFO: [ app_end ] --START--
INFO: Run Behavior\ShowPageTraceBehavior [ RunTime:0.001125s ]
INFO: [ app_end ] --END-- [ RunTime:0.001306s ]

[ 2018-02-11T15:38:45+08:00 ] ::1 /-/index.php/Admin/order/index.html?id=1
INFO: [ app_init ] --START--
INFO: Run Behavior\BuildLiteBehavior [ RunTime:0.000057s ]
INFO: [ app_init ] --END-- [ RunTime:0.000287s ]
INFO: [ app_begin ] --START--
INFO: Run Behavior\ReadHtmlCacheBehavior [ RunTime:0.000992s ]
INFO: [ app_begin ] --END-- [ RunTime:0.001188s ]
SQL: SHOW COLUMNS FROM `city` [ RunTime:0.0092s ]
SQL: SELECT * FROM `city` ORDER BY paix desc  [ RunTime:0.0106s ]
SQL: SHOW COLUMNS FROM `order` [ RunTime:0.0102s ]
SQL: SELECT * FROM `order` ORDER BY id desc  [ RunTime:0.0026s ]
SQL: SHOW COLUMNS FROM `shop` [ RunTime:0.0107s ]
SQL: SELECT `mingch` FROM `shop` WHERE `id` = 39 LIMIT 1   [ RunTime:0.0012s ]
SQL: SHOW COLUMNS FROM `money` [ RunTime:0.0080s ]
SQL: SELECT `sf` FROM `money` WHERE `order_id` = 102 LIMIT 1   [ RunTime:0.0011s ]
SQL: SELECT `mingch` FROM `shop` WHERE `id` = 39 LIMIT 1   [ RunTime:0.0013s ]
SQL: SELECT `sf` FROM `money` WHERE `order_id` = 101 LIMIT 1   [ RunTime:0.0009s ]
SQL: SELECT `mingch` FROM `shop` WHERE `id` = 39 LIMIT 1   [ RunTime:0.0010s ]
SQL: SELECT `sf` FROM `money` WHERE `order_id` = 100 LIMIT 1   [ RunTime:0.0008s ]
SQL: SELECT `mingch` FROM `shop` WHERE `id` = 1 LIMIT 1   [ RunTime:0.0011s ]
SQL: SELECT `sf` FROM `money` WHERE `order_id` = 99 LIMIT 1   [ RunTime:0.0011s ]
SQL: SELECT `mingch` FROM `shop` WHERE `id` = 38 LIMIT 1   [ RunTime:0.0008s ]
SQL: SELECT `sf` FROM `money` WHERE `order_id` = 98 LIMIT 1   [ RunTime:0.0010s ]
SQL: SELECT `mingch` FROM `shop` WHERE `id` = 1 LIMIT 1   [ RunTime:0.0011s ]
SQL: SELECT `sf` FROM `money` WHERE `order_id` = 97 LIMIT 1   [ RunTime:0.0010s ]
SQL: SELECT `mingch` FROM `shop` WHERE `id` = 1 LIMIT 1   [ RunTime:0.0009s ]
SQL: SELECT `sf` FROM `money` WHERE `order_id` = 96 LIMIT 1   [ RunTime:0.0008s ]
SQL: SELECT `mingch` FROM `shop` WHERE `id` = 1 LIMIT 1   [ RunTime:0.0008s ]
SQL: SELECT `sf` FROM `money` WHERE `order_id` = 95 LIMIT 1   [ RunTime:0.0009s ]
INFO: [ view_parse ] --START--
INFO: [ template_filter ] --START--
INFO: Run Behavior\ContentReplaceBehavior [ RunTime:0.000273s ]
INFO: [ template_filter ] --END-- [ RunTime:0.000489s ]
NOTIC: [8] Use of undefined constant Index - assumed 'Index' E:\wamp64\www\-\Application\Runtime\Cache\Admin\18bc66a7b6334412ab8e61a2539ecfbd.php 第 83 行.
NOTIC: [8] Use of undefined constant Shop - assumed 'Shop' E:\wamp64\www\-\Application\Runtime\Cache\Admin\18bc66a7b6334412ab8e61a2539ecfbd.php 第 91 行.
NOTIC: [8] Use of undefined constant Shoptype - assumed 'Shoptype' E:\wamp64\www\-\Application\Runtime\Cache\Admin\18bc66a7b6334412ab8e61a2539ecfbd.php 第 91 行.
NOTIC: [8] Use of undefined constant Danwei - assumed 'Danwei' E:\wamp64\www\-\Application\Runtime\Cache\Admin\18bc66a7b6334412ab8e61a2539ecfbd.php 第 91 行.
NOTIC: [8] Use of undefined constant Seat - assumed 'Seat' E:\wamp64\www\-\Application\Runtime\Cache\Admin\18bc66a7b6334412ab8e61a2539ecfbd.php 第 91 行.
NOTIC: [8] Use of undefined constant Sale - assumed 'Sale' E:\wamp64\www\-\Application\Runtime\Cache\Admin\18bc66a7b6334412ab8e61a2539ecfbd.php 第 91 行.
NOTIC: [8] Use of undefined constant Food - assumed 'Food' E:\wamp64\www\-\Application\Runtime\Cache\Admin\18bc66a7b6334412ab8e61a2539ecfbd.php 第 91 行.
NOTIC: [8] Use of undefined constant Seattype - assumed 'Seattype' E:\wamp64\www\-\Application\Runtime\Cache\Admin\18bc66a7b6334412ab8e61a2539ecfbd.php 第 91 行.
NOTIC: [8] Use of undefined constant Foodtype - assumed 'Foodtype' E:\wamp64\www\-\Application\Runtime\Cache\Admin\18bc66a7b6334412ab8e61a2539ecfbd.php 第 91 行.
NOTIC: [8] Use of undefined constant User - assumed 'User' E:\wamp64\www\-\Application\Runtime\Cache\Admin\18bc66a7b6334412ab8e61a2539ecfbd.php 第 113 行.
NOTIC: [8] Use of undefined constant Code - assumed 'Code' E:\wamp64\www\-\Application\Runtime\Cache\Admin\18bc66a7b6334412ab8e61a2539ecfbd.php 第 122 行.
NOTIC: [8] Use of undefined constant Event - assumed 'Event' E:\wamp64\www\-\Application\Runtime\Cache\Admin\18bc66a7b6334412ab8e61a2539ecfbd.php 第 131 行.
NOTIC: [8] Use of undefined constant Config - assumed 'Config' E:\wamp64\www\-\Application\Runtime\Cache\Admin\18bc66a7b6334412ab8e61a2539ecfbd.php 第 131 行.
NOTIC: [8] Use of undefined constant Order - assumed 'Order' E:\wamp64\www\-\Application\Runtime\Cache\Admin\18bc66a7b6334412ab8e61a2539ecfbd.php 第 140 行.
NOTIC: [2] array_pop() expects parameter 1 to be array, null given E:\wamp64\www\-\Application\Runtime\Cache\Admin\18bc66a7b6334412ab8e61a2539ecfbd.php 第 173 行.
NOTIC: [2] Invalid argument supplied for foreach() E:\wamp64\www\-\Application\Runtime\Cache\Admin\18bc66a7b6334412ab8e61a2539ecfbd.php 第 173 行.
NOTIC: [8] Undefined variable: active E:\wamp64\www\-\Application\Runtime\Cache\Admin\18bc66a7b6334412ab8e61a2539ecfbd.php 第 176 行.
INFO: Run Behavior\ParseTemplateBehavior [ RunTime:0.036983s ]
INFO: [ view_parse ] --END-- [ RunTime:0.037198s ]
INFO: [ view_filter ] --START--
INFO: Run Behavior\WriteHtmlCacheBehavior [ RunTime:0.000823s ]
INFO: [ view_filter ] --END-- [ RunTime:0.001020s ]
INFO: [ app_end ] --START--
INFO: Run Behavior\ShowPageTraceBehavior [ RunTime:0.001268s ]
INFO: [ app_end ] --END-- [ RunTime:0.001606s ]

[ 2018-02-11T15:38:46+08:00 ] ::1 /-/index.php/Admin/order/index.html?id=1
INFO: [ app_init ] --START--
INFO: Run Behavior\BuildLiteBehavior [ RunTime:0.000036s ]
INFO: [ app_init ] --END-- [ RunTime:0.000238s ]
INFO: [ app_begin ] --START--
INFO: Run Behavior\ReadHtmlCacheBehavior [ RunTime:0.001105s ]
INFO: [ app_begin ] --END-- [ RunTime:0.001328s ]
SQL: SHOW COLUMNS FROM `city` [ RunTime:0.0092s ]
SQL: SELECT * FROM `city` ORDER BY paix desc  [ RunTime:0.0100s ]
SQL: SHOW COLUMNS FROM `order` [ RunTime:0.0096s ]
SQL: SELECT * FROM `order` ORDER BY id desc  [ RunTime:0.0022s ]
SQL: SHOW COLUMNS FROM `shop` [ RunTime:0.0066s ]
SQL: SELECT `mingch` FROM `shop` WHERE `id` = 39 LIMIT 1   [ RunTime:0.0007s ]
SQL: SHOW COLUMNS FROM `money` [ RunTime:0.0056s ]
SQL: SELECT `sf` FROM `money` WHERE `order_id` = 102 LIMIT 1   [ RunTime:0.0012s ]
SQL: SELECT `mingch` FROM `shop` WHERE `id` = 39 LIMIT 1   [ RunTime:0.0010s ]
SQL: SELECT `sf` FROM `money` WHERE `order_id` = 101 LIMIT 1   [ RunTime:0.0009s ]
SQL: SELECT `mingch` FROM `shop` WHERE `id` = 39 LIMIT 1   [ RunTime:0.0008s ]
SQL: SELECT `sf` FROM `money` WHERE `order_id` = 100 LIMIT 1   [ RunTime:0.0009s ]
SQL: SELECT `mingch` FROM `shop` WHERE `id` = 1 LIMIT 1   [ RunTime:0.0009s ]
SQL: SELECT `sf` FROM `money` WHERE `order_id` = 99 LIMIT 1   [ RunTime:0.0008s ]
SQL: SELECT `mingch` FROM `shop` WHERE `id` = 38 LIMIT 1   [ RunTime:0.0008s ]
SQL: SELECT `sf` FROM `money` WHERE `order_id` = 98 LIMIT 1   [ RunTime:0.0008s ]
SQL: SELECT `mingch` FROM `shop` WHERE `id` = 1 LIMIT 1   [ RunTime:0.0008s ]
SQL: SELECT `sf` FROM `money` WHERE `order_id` = 97 LIMIT 1   [ RunTime:0.0008s ]
SQL: SELECT `mingch` FROM `shop` WHERE `id` = 1 LIMIT 1   [ RunTime:0.0010s ]
SQL: SELECT `sf` FROM `money` WHERE `order_id` = 96 LIMIT 1   [ RunTime:0.0010s ]
SQL: SELECT `mingch` FROM `shop` WHERE `id` = 1 LIMIT 1   [ RunTime:0.0009s ]
SQL: SELECT `sf` FROM `money` WHERE `order_id` = 95 LIMIT 1   [ RunTime:0.0008s ]
INFO: [ view_parse ] --START--
INFO: [ template_filter ] --START--
INFO: Run Behavior\ContentReplaceBehavior [ RunTime:0.000275s ]
INFO: [ template_filter ] --END-- [ RunTime:0.000493s ]
NOTIC: [8] Use of undefined constant Index - assumed 'Index' E:\wamp64\www\-\Application\Runtime\Cache\Admin\18bc66a7b6334412ab8e61a2539ecfbd.php 第 83 行.
NOTIC: [8] Use of undefined constant Shop - assumed 'Shop' E:\wamp64\www\-\Application\Runtime\Cache\Admin\18bc66a7b6334412ab8e61a2539ecfbd.php 第 91 行.
NOTIC: [8] Use of undefined constant Shoptype - assumed 'Shoptype' E:\wamp64\www\-\Application\Runtime\Cache\Admin\18bc66a7b6334412ab8e61a2539ecfbd.php 第 91 行.
NOTIC: [8] Use of undefined constant Danwei - assumed 'Danwei' E:\wamp64\www\-\Application\Runtime\Cache\Admin\18bc66a7b6334412ab8e61a2539ecfbd.php 第 91 行.
NOTIC: [8] Use of undefined constant Seat - assumed 'Seat' E:\wamp64\www\-\Application\Runtime\Cache\Admin\18bc66a7b6334412ab8e61a2539ecfbd.php 第 91 行.
NOTIC: [8] Use of undefined constant Sale - assumed 'Sale' E:\wamp64\www\-\Application\Runtime\Cache\Admin\18bc66a7b6334412ab8e61a2539ecfbd.php 第 91 行.
NOTIC: [8] Use of undefined constant Food - assumed 'Food' E:\wamp64\www\-\Application\Runtime\Cache\Admin\18bc66a7b6334412ab8e61a2539ecfbd.php 第 91 行.
NOTIC: [8] Use of undefined constant Seattype - assumed 'Seattype' E:\wamp64\www\-\Application\Runtime\Cache\Admin\18bc66a7b6334412ab8e61a2539ecfbd.php 第 91 行.
NOTIC: [8] Use of undefined constant Foodtype - assumed 'Foodtype' E:\wamp64\www\-\Application\Runtime\Cache\Admin\18bc66a7b6334412ab8e61a2539ecfbd.php 第 91 行.
NOTIC: [8] Use of undefined constant User - assumed 'User' E:\wamp64\www\-\Application\Runtime\Cache\Admin\18bc66a7b6334412ab8e61a2539ecfbd.php 第 113 行.
NOTIC: [8] Use of undefined constant Code - assumed 'Code' E:\wamp64\www\-\Application\Runtime\Cache\Admin\18bc66a7b6334412ab8e61a2539ecfbd.php 第 122 行.
NOTIC: [8] Use of undefined constant Event - assumed 'Event' E:\wamp64\www\-\Application\Runtime\Cache\Admin\18bc66a7b6334412ab8e61a2539ecfbd.php 第 131 行.
NOTIC: [8] Use of undefined constant Config - assumed 'Config' E:\wamp64\www\-\Application\Runtime\Cache\Admin\18bc66a7b6334412ab8e61a2539ecfbd.php 第 131 行.
NOTIC: [8] Use of undefined constant Order - assumed 'Order' E:\wamp64\www\-\Application\Runtime\Cache\Admin\18bc66a7b6334412ab8e61a2539ecfbd.php 第 140 行.
NOTIC: [2] array_pop() expects parameter 1 to be array, null given E:\wamp64\www\-\Application\Runtime\Cache\Admin\18bc66a7b6334412ab8e61a2539ecfbd.php 第 173 行.
NOTIC: [2] Invalid argument supplied for foreach() E:\wamp64\www\-\Application\Runtime\Cache\Admin\18bc66a7b6334412ab8e61a2539ecfbd.php 第 173 行.
NOTIC: [8] Undefined variable: active E:\wamp64\www\-\Application\Runtime\Cache\Admin\18bc66a7b6334412ab8e61a2539ecfbd.php 第 176 行.
INFO: Run Behavior\ParseTemplateBehavior [ RunTime:0.037549s ]
INFO: [ view_parse ] --END-- [ RunTime:0.037791s ]
INFO: [ view_filter ] --START--
INFO: Run Behavior\WriteHtmlCacheBehavior [ RunTime:0.000977s ]
INFO: [ view_filter ] --END-- [ RunTime:0.001191s ]
INFO: [ app_end ] --START--
INFO: Run Behavior\ShowPageTraceBehavior [ RunTime:0.001177s ]
INFO: [ app_end ] --END-- [ RunTime:0.001430s ]

[ 2018-02-11T15:38:48+08:00 ] ::1 /-/index.php/Admin/Order/order_xq/id/102.html
INFO: [ app_init ] --START--
INFO: Run Behavior\BuildLiteBehavior [ RunTime:0.000042s ]
INFO: [ app_init ] --END-- [ RunTime:0.000265s ]
INFO: [ app_begin ] --START--
INFO: Run Behavior\ReadHtmlCacheBehavior [ RunTime:0.001043s ]
INFO: [ app_begin ] --END-- [ RunTime:0.001241s ]
SQL: SHOW COLUMNS FROM `city` [ RunTime:0.0080s ]
SQL: SELECT * FROM `city` ORDER BY paix desc  [ RunTime:0.0101s ]
SQL: SHOW COLUMNS FROM `order` [ RunTime:0.0092s ]
SQL: SELECT * FROM `order` WHERE `id` = 102 LIMIT 1   [ RunTime:0.0018s ]
SQL: SHOW COLUMNS FROM `shop` [ RunTime:0.0108s ]
SQL: SELECT `mingch` FROM `shop` WHERE `id` = 39 LIMIT 1   [ RunTime:0.0010s ]
SQL: SHOW COLUMNS FROM `user` [ RunTime:0.0058s ]
SQL: SELECT * FROM `user` WHERE `id` = 18 LIMIT 1   [ RunTime:0.0011s ]
SQL: SHOW COLUMNS FROM `order_fu` [ RunTime:0.0059s ]
SQL: SELECT * FROM `order_fu` WHERE `order_id` = 102  [ RunTime:0.0012s ]
SQL: SHOW COLUMNS FROM `food` [ RunTime:0.0054s ]
SQL: SELECT `mingch` FROM `food` WHERE `id` = 102 LIMIT 1   [ RunTime:0.0011s ]
SQL: SELECT `mingch` FROM `food` WHERE `id` = 104 LIMIT 1   [ RunTime:0.0009s ]
SQL: SHOW COLUMNS FROM `money` [ RunTime:0.0064s ]
SQL: SELECT * FROM `money` WHERE `order_id` = 102 LIMIT 1   [ RunTime:0.0011s ]
INFO: [ view_parse ] --START--
INFO: [ template_filter ] --START--
INFO: Run Behavior\ContentReplaceBehavior [ RunTime:0.000167s ]
INFO: [ template_filter ] --END-- [ RunTime:0.000399s ]
INFO: Run Behavior\ParseTemplateBehavior [ RunTime:0.021130s ]
INFO: [ view_parse ] --END-- [ RunTime:0.021503s ]
INFO: [ view_filter ] --START--
INFO: Run Behavior\WriteHtmlCacheBehavior [ RunTime:0.001133s ]
INFO: [ view_filter ] --END-- [ RunTime:0.001471s ]
INFO: [ app_end ] --START--
INFO: Run Behavior\ShowPageTraceBehavior [ RunTime:0.001485s ]
INFO: [ app_end ] --END-- [ RunTime:0.001711s ]

[ 2018-02-11T15:39:27+08:00 ] ::1 /-/index.php/Admin/order/index.html?id=1
INFO: [ app_init ] --START--
INFO: Run Behavior\BuildLiteBehavior [ RunTime:0.000043s ]
INFO: [ app_init ] --END-- [ RunTime:0.000251s ]
INFO: [ app_begin ] --START--
INFO: Run Behavior\ReadHtmlCacheBehavior [ RunTime:0.000877s ]
INFO: [ app_begin ] --END-- [ RunTime:0.001070s ]
SQL: SHOW COLUMNS FROM `city` [ RunTime:0.0083s ]
SQL: SELECT * FROM `city` ORDER BY paix desc  [ RunTime:0.0101s ]
SQL: SHOW COLUMNS FROM `order` [ RunTime:0.0101s ]
SQL: SELECT * FROM `order` ORDER BY id desc  [ RunTime:0.0023s ]
SQL: SHOW COLUMNS FROM `shop` [ RunTime:0.0118s ]
SQL: SELECT `mingch` FROM `shop` WHERE `id` = 39 LIMIT 1   [ RunTime:0.0011s ]
SQL: SHOW COLUMNS FROM `money` [ RunTime:0.0054s ]
SQL: SELECT `sf` FROM `money` WHERE `order_id` = 102 LIMIT 1   [ RunTime:0.0010s ]
SQL: SELECT `mingch` FROM `shop` WHERE `id` = 39 LIMIT 1   [ RunTime:0.0011s ]
SQL: SELECT `sf` FROM `money` WHERE `order_id` = 101 LIMIT 1   [ RunTime:0.0011s ]
SQL: SELECT `mingch` FROM `shop` WHERE `id` = 39 LIMIT 1   [ RunTime:0.0011s ]
SQL: SELECT `sf` FROM `money` WHERE `order_id` = 100 LIMIT 1   [ RunTime:0.0010s ]
SQL: SELECT `mingch` FROM `shop` WHERE `id` = 1 LIMIT 1   [ RunTime:0.0009s ]
SQL: SELECT `sf` FROM `money` WHERE `order_id` = 99 LIMIT 1   [ RunTime:0.0010s ]
SQL: SELECT `mingch` FROM `shop` WHERE `id` = 38 LIMIT 1   [ RunTime:0.0008s ]
SQL: SELECT `sf` FROM `money` WHERE `order_id` = 98 LIMIT 1   [ RunTime:0.0009s ]
SQL: SELECT `mingch` FROM `shop` WHERE `id` = 1 LIMIT 1   [ RunTime:0.0009s ]
SQL: SELECT `sf` FROM `money` WHERE `order_id` = 97 LIMIT 1   [ RunTime:0.0010s ]
SQL: SELECT `mingch` FROM `shop` WHERE `id` = 1 LIMIT 1   [ RunTime:0.0010s ]
SQL: SELECT `sf` FROM `money` WHERE `order_id` = 96 LIMIT 1   [ RunTime:0.0010s ]
SQL: SELECT `mingch` FROM `shop` WHERE `id` = 1 LIMIT 1   [ RunTime:0.0008s ]
SQL: SELECT `sf` FROM `money` WHERE `order_id` = 95 LIMIT 1   [ RunTime:0.0008s ]
INFO: [ view_parse ] --START--
INFO: [ template_filter ] --START--
INFO: Run Behavior\ContentReplaceBehavior [ RunTime:0.000274s ]
INFO: [ template_filter ] --END-- [ RunTime:0.000487s ]
NOTIC: [8] Use of undefined constant Index - assumed 'Index' E:\wamp64\www\-\Application\Runtime\Cache\Admin\18bc66a7b6334412ab8e61a2539ecfbd.php 第 83 行.
NOTIC: [8] Use of undefined constant Shop - assumed 'Shop' E:\wamp64\www\-\Application\Runtime\Cache\Admin\18bc66a7b6334412ab8e61a2539ecfbd.php 第 91 行.
NOTIC: [8] Use of undefined constant Shoptype - assumed 'Shoptype' E:\wamp64\www\-\Application\Runtime\Cache\Admin\18bc66a7b6334412ab8e61a2539ecfbd.php 第 91 行.
NOTIC: [8] Use of undefined constant Danwei - assumed 'Danwei' E:\wamp64\www\-\Application\Runtime\Cache\Admin\18bc66a7b6334412ab8e61a2539ecfbd.php 第 91 行.
NOTIC: [8] Use of undefined constant Seat - assumed 'Seat' E:\wamp64\www\-\Application\Runtime\Cache\Admin\18bc66a7b6334412ab8e61a2539ecfbd.php 第 91 行.
NOTIC: [8] Use of undefined constant Sale - assumed 'Sale' E:\wamp64\www\-\Application\Runtime\Cache\Admin\18bc66a7b6334412ab8e61a2539ecfbd.php 第 91 行.
NOTIC: [8] Use of undefined constant Food - assumed 'Food' E:\wamp64\www\-\Application\Runtime\Cache\Admin\18bc66a7b6334412ab8e61a2539ecfbd.php 第 91 行.
NOTIC: [8] Use of undefined constant Seattype - assumed 'Seattype' E:\wamp64\www\-\Application\Runtime\Cache\Admin\18bc66a7b6334412ab8e61a2539ecfbd.php 第 91 行.
NOTIC: [8] Use of undefined constant Foodtype - assumed 'Foodtype' E:\wamp64\www\-\Application\Runtime\Cache\Admin\18bc66a7b6334412ab8e61a2539ecfbd.php 第 91 行.
NOTIC: [8] Use of undefined constant User - assumed 'User' E:\wamp64\www\-\Application\Runtime\Cache\Admin\18bc66a7b6334412ab8e61a2539ecfbd.php 第 113 行.
NOTIC: [8] Use of undefined constant Code - assumed 'Code' E:\wamp64\www\-\Application\Runtime\Cache\Admin\18bc66a7b6334412ab8e61a2539ecfbd.php 第 122 行.
NOTIC: [8] Use of undefined constant Event - assumed 'Event' E:\wamp64\www\-\Application\Runtime\Cache\Admin\18bc66a7b6334412ab8e61a2539ecfbd.php 第 131 行.
NOTIC: [8] Use of undefined constant Config - assumed 'Config' E:\wamp64\www\-\Application\Runtime\Cache\Admin\18bc66a7b6334412ab8e61a2539ecfbd.php 第 131 行.
NOTIC: [8] Use of undefined constant Order - assumed 'Order' E:\wamp64\www\-\Application\Runtime\Cache\Admin\18bc66a7b6334412ab8e61a2539ecfbd.php 第 140 行.
NOTIC: [2] array_pop() expects parameter 1 to be array, null given E:\wamp64\www\-\Application\Runtime\Cache\Admin\18bc66a7b6334412ab8e61a2539ecfbd.php 第 173 行.
NOTIC: [2] Invalid argument supplied for foreach() E:\wamp64\www\-\Application\Runtime\Cache\Admin\18bc66a7b6334412ab8e61a2539ecfbd.php 第 173 行.
NOTIC: [8] Undefined variable: active E:\wamp64\www\-\Application\Runtime\Cache\Admin\18bc66a7b6334412ab8e61a2539ecfbd.php 第 176 行.
INFO: Run Behavior\ParseTemplateBehavior [ RunTime:0.059808s ]
INFO: [ view_parse ] --END-- [ RunTime:0.060047s ]
INFO: [ view_filter ] --START--
INFO: Run Behavior\WriteHtmlCacheBehavior [ RunTime:0.001361s ]
INFO: [ view_filter ] --END-- [ RunTime:0.002145s ]
INFO: [ app_end ] --START--
INFO: Run Behavior\ShowPageTraceBehavior [ RunTime:0.005129s ]
INFO: [ app_end ] --END-- [ RunTime:0.005390s ]

[ 2018-02-11T15:42:07+08:00 ] ::1 /-/index.php/Admin/order/index.html?id=1
INFO: [ app_init ] --START--
INFO: Run Behavior\BuildLiteBehavior [ RunTime:0.000036s ]
INFO: [ app_init ] --END-- [ RunTime:0.000224s ]
INFO: [ app_begin ] --START--
INFO: Run Behavior\ReadHtmlCacheBehavior [ RunTime:0.000903s ]
INFO: [ app_begin ] --END-- [ RunTime:0.001093s ]
SQL: SHOW COLUMNS FROM `city` [ RunTime:0.0084s ]
SQL: SELECT * FROM `city` ORDER BY paix desc  [ RunTime:0.0096s ]
SQL: SHOW COLUMNS FROM `order` [ RunTime:0.0101s ]
SQL: SELECT * FROM `order` ORDER BY id desc  [ RunTime:0.0014s ]
INFO: [ view_parse ] --START--
INFO: [ template_filter ] --START--
INFO: Run Behavior\ContentReplaceBehavior [ RunTime:0.000245s ]
INFO: [ template_filter ] --END-- [ RunTime:0.000445s ]
NOTIC: [8] Use of undefined constant Index - assumed 'Index' E:\wamp64\www\-\Application\Runtime\Cache\Admin\18bc66a7b6334412ab8e61a2539ecfbd.php 第 83 行.
NOTIC: [8] Use of undefined constant Shop - assumed 'Shop' E:\wamp64\www\-\Application\Runtime\Cache\Admin\18bc66a7b6334412ab8e61a2539ecfbd.php 第 91 行.
NOTIC: [8] Use of undefined constant Shoptype - assumed 'Shoptype' E:\wamp64\www\-\Application\Runtime\Cache\Admin\18bc66a7b6334412ab8e61a2539ecfbd.php 第 91 行.
NOTIC: [8] Use of undefined constant Danwei - assumed 'Danwei' E:\wamp64\www\-\Application\Runtime\Cache\Admin\18bc66a7b6334412ab8e61a2539ecfbd.php 第 91 行.
NOTIC: [8] Use of undefined constant Seat - assumed 'Seat' E:\wamp64\www\-\Application\Runtime\Cache\Admin\18bc66a7b6334412ab8e61a2539ecfbd.php 第 91 行.
NOTIC: [8] Use of undefined constant Sale - assumed 'Sale' E:\wamp64\www\-\Application\Runtime\Cache\Admin\18bc66a7b6334412ab8e61a2539ecfbd.php 第 91 行.
NOTIC: [8] Use of undefined constant Food - assumed 'Food' E:\wamp64\www\-\Application\Runtime\Cache\Admin\18bc66a7b6334412ab8e61a2539ecfbd.php 第 91 行.
NOTIC: [8] Use of undefined constant Seattype - assumed 'Seattype' E:\wamp64\www\-\Application\Runtime\Cache\Admin\18bc66a7b6334412ab8e61a2539ecfbd.php 第 91 行.
NOTIC: [8] Use of undefined constant Foodtype - assumed 'Foodtype' E:\wamp64\www\-\Application\Runtime\Cache\Admin\18bc66a7b6334412ab8e61a2539ecfbd.php 第 91 行.
NOTIC: [8] Use of undefined constant User - assumed 'User' E:\wamp64\www\-\Application\Runtime\Cache\Admin\18bc66a7b6334412ab8e61a2539ecfbd.php 第 113 行.
NOTIC: [8] Use of undefined constant Code - assumed 'Code' E:\wamp64\www\-\Application\Runtime\Cache\Admin\18bc66a7b6334412ab8e61a2539ecfbd.php 第 122 行.
NOTIC: [8] Use of undefined constant Event - assumed 'Event' E:\wamp64\www\-\Application\Runtime\Cache\Admin\18bc66a7b6334412ab8e61a2539ecfbd.php 第 131 行.
NOTIC: [8] Use of undefined constant Config - assumed 'Config' E:\wamp64\www\-\Application\Runtime\Cache\Admin\18bc66a7b6334412ab8e61a2539ecfbd.php 第 131 行.
NOTIC: [8] Use of undefined constant Order - assumed 'Order' E:\wamp64\www\-\Application\Runtime\Cache\Admin\18bc66a7b6334412ab8e61a2539ecfbd.php 第 140 行.
NOTIC: [2] array_pop() expects parameter 1 to be array, null given E:\wamp64\www\-\Application\Runtime\Cache\Admin\18bc66a7b6334412ab8e61a2539ecfbd.php 第 173 行.
NOTIC: [2] Invalid argument supplied for foreach() E:\wamp64\www\-\Application\Runtime\Cache\Admin\18bc66a7b6334412ab8e61a2539ecfbd.php 第 173 行.
NOTIC: [8] Undefined variable: active E:\wamp64\www\-\Application\Runtime\Cache\Admin\18bc66a7b6334412ab8e61a2539ecfbd.php 第 176 行.
INFO: Run Behavior\ParseTemplateBehavior [ RunTime:0.030218s ]
INFO: [ view_parse ] --END-- [ RunTime:0.030434s ]
INFO: [ view_filter ] --START--
INFO: Run Behavior\WriteHtmlCacheBehavior [ RunTime:0.000765s ]
INFO: [ view_filter ] --END-- [ RunTime:0.000933s ]
INFO: [ app_end ] --START--
INFO: Run Behavior\ShowPageTraceBehavior [ RunTime:0.001264s ]
INFO: [ app_end ] --END-- [ RunTime:0.001479s ]

