[ 2018-01-19T09:22:27+08:00 ] ::1 /-/index.php/Admin/
INFO: [ app_init ] --START--
INFO: Run Behavior\BuildLiteBehavior [ RunTime:0.000040s ]
INFO: [ app_init ] --END-- [ RunTime:0.009061s ]
INFO: [ app_begin ] --START--
INFO: Run Behavior\ReadHtmlCacheBehavior [ RunTime:0.001134s ]
INFO: [ app_begin ] --END-- [ RunTime:0.001361s ]
INFO: [ view_parse ] --START--
INFO: [ template_filter ] --START--
INFO: Run Behavior\ContentReplaceBehavior [ RunTime:0.006517s ]
INFO: [ template_filter ] --END-- [ RunTime:0.006752s ]
NOTIC: [8] Undefined variable: id E:\wamp64\www\-\Application\Runtime\Cache\Admin\b595b808c2ebeeeb0478ffc30bb4e87a.php ç¬¬ 20 è¡Œ.
INFO: Run Behavior\ParseTemplateBehavior [ RunTime:0.038497s ]
INFO: [ view_parse ] --END-- [ RunTime:0.038700s ]
INFO: [ view_filter ] --START--
INFO: Run Behavior\WriteHtmlCacheBehavior [ RunTime:0.001089s ]
INFO: [ view_filter ] --END-- [ RunTime:0.001383s ]
INFO: [ app_end ] --START--
INFO: Run Behavior\ShowPageTraceBehavior [ RunTime:0.002065s ]
INFO: [ app_end ] --END-- [ RunTime:0.002254s ]

[ 2018-01-19T09:22:33+08:00 ] ::1 /-/index.php/Admin/Index/dodenglu.html
INFO: [ app_init ] --START--
INFO: Run Behavior\BuildLiteBehavior [ RunTime:0.000040s ]
INFO: [ app_init ] --END-- [ RunTime:0.000648s ]
INFO: [ app_begin ] --START--
INFO: Run Behavior\ReadHtmlCacheBehavior [ RunTime:0.000955s ]
INFO: [ app_begin ] --END-- [ RunTime:0.001144s ]
ERR: SQLSTATE[HY000] [2002] ÓÉÓÚÄ¿±ê¼ÆËã»ú»ý¼«¾Ü¾ø£¬ÎÞ·¨Á¬½Ó¡£


[ 2018-01-19T09:26:11+08:00 ] ::1 /-/index.php/Admin/
INFO: [ app_init ] --START--
INFO: Run Behavior\BuildLiteBehavior [ RunTime:0.000042s ]
INFO: [ app_init ] --END-- [ RunTime:0.000784s ]
INFO: [ app_begin ] --START--
INFO: Run Behavior\ReadHtmlCacheBehavior [ RunTime:0.000832s ]
INFO: [ app_begin ] --END-- [ RunTime:0.001039s ]
INFO: [ view_parse ] --START--
INFO: [ template_filter ] --START--
INFO: Run Behavior\ContentReplaceBehavior [ RunTime:0.000115s ]
INFO: [ template_filter ] --END-- [ RunTime:0.000287s ]
NOTIC: [8] Undefined variable: id E:\wamp64\www\-\Application\Runtime\Cache\Admin\b595b808c2ebeeeb0478ffc30bb4e87a.php ç¬¬ 20 è¡Œ.
INFO: Run Behavior\ParseTemplateBehavior [ RunTime:0.011006s ]
INFO: [ view_parse ] --END-- [ RunTime:0.011190s ]
INFO: [ view_filter ] --START--
INFO: Run Behavior\WriteHtmlCacheBehavior [ RunTime:0.000903s ]
INFO: [ view_filter ] --END-- [ RunTime:0.001071s ]
INFO: [ app_end ] --START--
INFO: Run Behavior\ShowPageTraceBehavior [ RunTime:0.000955s ]
INFO: [ app_end ] --END-- [ RunTime:0.001128s ]

[ 2018-01-19T09:26:18+08:00 ] ::1 /-/index.php/Admin/Index/dodenglu.html
INFO: [ app_init ] --START--
INFO: Run Behavior\BuildLiteBehavior [ RunTime:0.000037s ]
INFO: [ app_init ] --END-- [ RunTime:0.000587s ]
INFO: [ app_begin ] --START--
INFO: Run Behavior\ReadHtmlCacheBehavior [ RunTime:0.000931s ]
INFO: [ app_begin ] --END-- [ RunTime:0.001129s ]
SQL: SHOW COLUMNS FROM `user` [ RunTime:0.0754s ]
SQL: SELECT * FROM `user` WHERE `tel` = '111111' AND `status` = 1 LIMIT 1   [ RunTime:0.0031s ]

[ 2018-01-19T09:26:18+08:00 ] ::1 /-/index.php/Admin/Index/dodenglu.html
INFO: [ app_init ] --START--
INFO: Run Behavior\BuildLiteBehavior [ RunTime:0.000038s ]
INFO: [ app_init ] --END-- [ RunTime:0.000658s ]
INFO: [ app_begin ] --START--
INFO: Run Behavior\ReadHtmlCacheBehavior [ RunTime:0.000837s ]
INFO: [ app_begin ] --END-- [ RunTime:0.001021s ]
SQL: SHOW COLUMNS FROM `user` [ RunTime:0.0090s ]
SQL: SELECT * FROM `user` WHERE `tel` = '111111' AND `status` = 1 LIMIT 1   [ RunTime:0.0020s ]

[ 2018-01-19T09:26:19+08:00 ] ::1 /-/index.php/Admin/Index/zhuye.html
INFO: [ app_init ] --START--
INFO: Run Behavior\BuildLiteBehavior [ RunTime:0.000258s ]
INFO: [ app_init ] --END-- [ RunTime:0.001999s ]
INFO: [ app_begin ] --START--
INFO: Run Behavior\ReadHtmlCacheBehavior [ RunTime:0.002237s ]
INFO: [ app_begin ] --END-- [ RunTime:0.002693s ]
SQL: SHOW COLUMNS FROM `city` [ RunTime:0.0155s ]
SQL: SELECT * FROM `city` ORDER BY paix desc  [ RunTime:0.0115s ]
INFO: [ view_parse ] --START--
INFO: [ template_filter ] --START--
INFO: Run Behavior\ContentReplaceBehavior [ RunTime:0.000204s ]
INFO: [ template_filter ] --END-- [ RunTime:0.000386s ]
NOTIC: [8] Use of undefined constant Index - assumed 'Index' E:\wamp64\www\-\Application\Runtime\Cache\Admin\502c830712a0e1f9d91cc268e293cf60.php ç¬¬ 83 è¡Œ.
INFO: Run Behavior\ParseTemplateBehavior [ RunTime:0.059872s ]
INFO: [ view_parse ] --END-- [ RunTime:0.060089s ]
INFO: [ view_filter ] --START--
INFO: Run Behavior\WriteHtmlCacheBehavior [ RunTime:0.001080s ]
INFO: [ view_filter ] --END-- [ RunTime:0.001303s ]
INFO: [ app_end ] --START--
INFO: Run Behavior\ShowPageTraceBehavior [ RunTime:0.001440s ]
INFO: [ app_end ] --END-- [ RunTime:0.001675s ]

[ 2018-01-19T09:29:13+08:00 ] ::1 /-/index.php/Admin/Index/zhuye.html?id=1
INFO: [ app_init ] --START--
INFO: Run Behavior\BuildLiteBehavior [ RunTime:0.000037s ]
INFO: [ app_init ] --END-- [ RunTime:0.000803s ]
INFO: [ app_begin ] --START--
INFO: Run Behavior\ReadHtmlCacheBehavior [ RunTime:0.000908s ]
INFO: [ app_begin ] --END-- [ RunTime:0.001113s ]
SQL: SHOW COLUMNS FROM `city` [ RunTime:0.0076s ]
SQL: SELECT * FROM `city` ORDER BY paix desc  [ RunTime:0.0103s ]
INFO: [ view_parse ] --START--
INFO: [ template_filter ] --START--
INFO: Run Behavior\ContentReplaceBehavior [ RunTime:0.000274s ]
INFO: [ template_filter ] --END-- [ RunTime:0.000470s ]
NOTIC: [8] Use of undefined constant Index - assumed 'Index' E:\wamp64\www\-\Application\Runtime\Cache\Admin\502c830712a0e1f9d91cc268e293cf60.php ç¬¬ 83 è¡Œ.
INFO: Run Behavior\ParseTemplateBehavior [ RunTime:0.022413s ]
INFO: [ view_parse ] --END-- [ RunTime:0.022619s ]
INFO: [ view_filter ] --START--
INFO: Run Behavior\WriteHtmlCacheBehavior [ RunTime:0.000842s ]
INFO: [ view_filter ] --END-- [ RunTime:0.000997s ]
INFO: [ app_end ] --START--
INFO: Run Behavior\ShowPageTraceBehavior [ RunTime:0.000954s ]
INFO: [ app_end ] --END-- [ RunTime:0.001156s ]

[ 2018-01-19T09:29:15+08:00 ] ::1 /-/index.php/Admin/User/index.html?id=1
INFO: [ app_init ] --START--
INFO: Run Behavior\BuildLiteBehavior [ RunTime:0.000044s ]
INFO: [ app_init ] --END-- [ RunTime:0.000897s ]
INFO: [ app_begin ] --START--
INFO: Run Behavior\ReadHtmlCacheBehavior [ RunTime:0.000809s ]
INFO: [ app_begin ] --END-- [ RunTime:0.001034s ]
SQL: SHOW COLUMNS FROM `city` [ RunTime:0.0086s ]
SQL: SELECT * FROM `city` ORDER BY paix desc  [ RunTime:0.0077s ]
SQL: SHOW COLUMNS FROM `user` [ RunTime:0.0065s ]
SQL: SELECT COUNT(*) AS tp_count FROM `user` WHERE `status` = 0 LIMIT 1   [ RunTime:0.0022s ]
SQL: SELECT * FROM `user` WHERE `status` = 0  [ RunTime:0.0014s ]
INFO: [ view_parse ] --START--
INFO: [ template_filter ] --START--
INFO: Run Behavior\ContentReplaceBehavior [ RunTime:0.000228s ]
INFO: [ template_filter ] --END-- [ RunTime:0.000415s ]
NOTIC: [8] Use of undefined constant Index - assumed 'Index' E:\wamp64\www\-\Application\Runtime\Cache\Admin\65e605872ed5d34210f5b33beb13f5a3.php ç¬¬ 83 è¡Œ.
NOTIC: [8] Use of undefined constant Shop - assumed 'Shop' E:\wamp64\www\-\Application\Runtime\Cache\Admin\65e605872ed5d34210f5b33beb13f5a3.php ç¬¬ 91 è¡Œ.
NOTIC: [8] Use of undefined constant Shoptype - assumed 'Shoptype' E:\wamp64\www\-\Application\Runtime\Cache\Admin\65e605872ed5d34210f5b33beb13f5a3.php ç¬¬ 91 è¡Œ.
NOTIC: [8] Use of undefined constant Danwei - assumed 'Danwei' E:\wamp64\www\-\Application\Runtime\Cache\Admin\65e605872ed5d34210f5b33beb13f5a3.php ç¬¬ 91 è¡Œ.
NOTIC: [8] Use of undefined constant Seat - assumed 'Seat' E:\wamp64\www\-\Application\Runtime\Cache\Admin\65e605872ed5d34210f5b33beb13f5a3.php ç¬¬ 91 è¡Œ.
NOTIC: [8] Use of undefined constant Sale - assumed 'Sale' E:\wamp64\www\-\Application\Runtime\Cache\Admin\65e605872ed5d34210f5b33beb13f5a3.php ç¬¬ 91 è¡Œ.
NOTIC: [8] Use of undefined constant Food - assumed 'Food' E:\wamp64\www\-\Application\Runtime\Cache\Admin\65e605872ed5d34210f5b33beb13f5a3.php ç¬¬ 91 è¡Œ.
NOTIC: [8] Use of undefined constant Seattype - assumed 'Seattype' E:\wamp64\www\-\Application\Runtime\Cache\Admin\65e605872ed5d34210f5b33beb13f5a3.php ç¬¬ 91 è¡Œ.
NOTIC: [8] Use of undefined constant Foodtype - assumed 'Foodtype' E:\wamp64\www\-\Application\Runtime\Cache\Admin\65e605872ed5d34210f5b33beb13f5a3.php ç¬¬ 91 è¡Œ.
NOTIC: [8] Use of undefined constant User - assumed 'User' E:\wamp64\www\-\Application\Runtime\Cache\Admin\65e605872ed5d34210f5b33beb13f5a3.php ç¬¬ 113 è¡Œ.
NOTIC: [2] array_pop() expects parameter 1 to be array, null given E:\wamp64\www\-\Application\Runtime\Cache\Admin\65e605872ed5d34210f5b33beb13f5a3.php ç¬¬ 164 è¡Œ.
NOTIC: [2] Invalid argument supplied for foreach() E:\wamp64\www\-\Application\Runtime\Cache\Admin\65e605872ed5d34210f5b33beb13f5a3.php ç¬¬ 164 è¡Œ.
NOTIC: [8] Undefined variable: active E:\wamp64\www\-\Application\Runtime\Cache\Admin\65e605872ed5d34210f5b33beb13f5a3.php ç¬¬ 167 è¡Œ.
NOTIC: [8] Undefined index: con E:\wamp64\www\-\Application\Runtime\Cache\Admin\65e605872ed5d34210f5b33beb13f5a3.php ç¬¬ 289 è¡Œ.
NOTIC: [8] Undefined index: con E:\wamp64\www\-\Application\Runtime\Cache\Admin\65e605872ed5d34210f5b33beb13f5a3.php ç¬¬ 289 è¡Œ.
NOTIC: [8] Undefined index: con E:\wamp64\www\-\Application\Runtime\Cache\Admin\65e605872ed5d34210f5b33beb13f5a3.php ç¬¬ 289 è¡Œ.
NOTIC: [8] Undefined index: con E:\wamp64\www\-\Application\Runtime\Cache\Admin\65e605872ed5d34210f5b33beb13f5a3.php ç¬¬ 289 è¡Œ.
INFO: Run Behavior\ParseTemplateBehavior [ RunTime:0.042418s ]
INFO: [ view_parse ] --END-- [ RunTime:0.042654s ]
INFO: [ view_filter ] --START--
INFO: Run Behavior\WriteHtmlCacheBehavior [ RunTime:0.000931s ]
INFO: [ view_filter ] --END-- [ RunTime:0.001087s ]
INFO: [ app_end ] --START--
INFO: Run Behavior\ShowPageTraceBehavior [ RunTime:0.001196s ]
INFO: [ app_end ] --END-- [ RunTime:0.001739s ]

[ 2018-01-19T09:29:18+08:00 ] ::1 /-/index.php/Admin/User/info.html?uid=1
INFO: [ app_init ] --START--
INFO: Run Behavior\BuildLiteBehavior [ RunTime:0.000048s ]
INFO: [ app_init ] --END-- [ RunTime:0.000675s ]
INFO: [ app_begin ] --START--
INFO: Run Behavior\ReadHtmlCacheBehavior [ RunTime:0.001214s ]
INFO: [ app_begin ] --END-- [ RunTime:0.001473s ]
SQL: SHOW COLUMNS FROM `city` [ RunTime:0.0078s ]
SQL: SELECT * FROM `city` ORDER BY paix desc  [ RunTime:0.0108s ]
SQL: SHOW COLUMNS FROM `user_info` [ RunTime:0.0195s ]
SQL: SELECT * FROM `user_info` WHERE `user_id` = 1  [ RunTime:0.0012s ]
INFO: [ view_parse ] --START--
INFO: [ template_filter ] --START--
INFO: Run Behavior\ContentReplaceBehavior [ RunTime:0.000183s ]
INFO: [ template_filter ] --END-- [ RunTime:0.000352s ]
NOTIC: [8] Use of undefined constant Index - assumed 'Index' E:\wamp64\www\-\Application\Runtime\Cache\Admin\bc2f33f3137f07283c62e458408ffc19.php ç¬¬ 83 è¡Œ.
NOTIC: [8] Use of undefined constant Shop - assumed 'Shop' E:\wamp64\www\-\Application\Runtime\Cache\Admin\bc2f33f3137f07283c62e458408ffc19.php ç¬¬ 91 è¡Œ.
NOTIC: [8] Use of undefined constant Shoptype - assumed 'Shoptype' E:\wamp64\www\-\Application\Runtime\Cache\Admin\bc2f33f3137f07283c62e458408ffc19.php ç¬¬ 91 è¡Œ.
NOTIC: [8] Use of undefined constant Danwei - assumed 'Danwei' E:\wamp64\www\-\Application\Runtime\Cache\Admin\bc2f33f3137f07283c62e458408ffc19.php ç¬¬ 91 è¡Œ.
NOTIC: [8] Use of undefined constant Seat - assumed 'Seat' E:\wamp64\www\-\Application\Runtime\Cache\Admin\bc2f33f3137f07283c62e458408ffc19.php ç¬¬ 91 è¡Œ.
NOTIC: [8] Use of undefined constant Sale - assumed 'Sale' E:\wamp64\www\-\Application\Runtime\Cache\Admin\bc2f33f3137f07283c62e458408ffc19.php ç¬¬ 91 è¡Œ.
NOTIC: [8] Use of undefined constant Food - assumed 'Food' E:\wamp64\www\-\Application\Runtime\Cache\Admin\bc2f33f3137f07283c62e458408ffc19.php ç¬¬ 91 è¡Œ.
NOTIC: [8] Use of undefined constant Seattype - assumed 'Seattype' E:\wamp64\www\-\Application\Runtime\Cache\Admin\bc2f33f3137f07283c62e458408ffc19.php ç¬¬ 91 è¡Œ.
NOTIC: [8] Use of undefined constant Foodtype - assumed 'Foodtype' E:\wamp64\www\-\Application\Runtime\Cache\Admin\bc2f33f3137f07283c62e458408ffc19.php ç¬¬ 91 è¡Œ.
NOTIC: [8] Use of undefined constant User - assumed 'User' E:\wamp64\www\-\Application\Runtime\Cache\Admin\bc2f33f3137f07283c62e458408ffc19.php ç¬¬ 113 è¡Œ.
NOTIC: [2] array_pop() expects parameter 1 to be array, null given E:\wamp64\www\-\Application\Runtime\Cache\Admin\bc2f33f3137f07283c62e458408ffc19.php ç¬¬ 164 è¡Œ.
NOTIC: [2] Invalid argument supplied for foreach() E:\wamp64\www\-\Application\Runtime\Cache\Admin\bc2f33f3137f07283c62e458408ffc19.php ç¬¬ 164 è¡Œ.
NOTIC: [8] Undefined variable: active E:\wamp64\www\-\Application\Runtime\Cache\Admin\bc2f33f3137f07283c62e458408ffc19.php ç¬¬ 167 è¡Œ.
NOTIC: [8] Undefined variable: user_num E:\wamp64\www\-\Application\Runtime\Cache\Admin\bc2f33f3137f07283c62e458408ffc19.php ç¬¬ 248 è¡Œ.
INFO: Run Behavior\ParseTemplateBehavior [ RunTime:0.032063s ]
INFO: [ view_parse ] --END-- [ RunTime:0.032242s ]
INFO: [ view_filter ] --START--
INFO: Run Behavior\WriteHtmlCacheBehavior [ RunTime:0.001020s ]
INFO: [ view_filter ] --END-- [ RunTime:0.001188s ]
INFO: [ app_end ] --START--
INFO: Run Behavior\ShowPageTraceBehavior [ RunTime:0.000976s ]
INFO: [ app_end ] --END-- [ RunTime:0.001161s ]

[ 2018-01-19T09:29:23+08:00 ] ::1 /-/index.php/Admin/code/index.html?id=1
INFO: [ app_init ] --START--
INFO: Run Behavior\BuildLiteBehavior [ RunTime:0.000040s ]
INFO: [ app_init ] --END-- [ RunTime:0.000668s ]
INFO: [ app_begin ] --START--
INFO: Run Behavior\ReadHtmlCacheBehavior [ RunTime:0.000841s ]
INFO: [ app_begin ] --END-- [ RunTime:0.001056s ]
SQL: SHOW COLUMNS FROM `city` [ RunTime:0.0080s ]
SQL: SELECT * FROM `city` ORDER BY paix desc  [ RunTime:0.0108s ]
SQL: SHOW COLUMNS FROM `mobile_code` [ RunTime:0.0335s ]
SQL: SELECT mobile_code.tel,mobile_code.code,mobile_code.status as yz_status,mobile_code.add_time,sms_status.sms_id,sms_status.id,sms_status.status,sms_status.type,sms_status.update_time FROM `mobile_code` right join sms_status on mobile_code.id = sms_status.sms_id  WHERE ( mobile_code.is_del = 1 ) ORDER BY id desc  [ RunTime:0.0041s ]
INFO: [ view_parse ] --START--
INFO: [ template_filter ] --START--
INFO: Run Behavior\ContentReplaceBehavior [ RunTime:0.000222s ]
INFO: [ template_filter ] --END-- [ RunTime:0.000489s ]
NOTIC: [8] Use of undefined constant Index - assumed 'Index' E:\wamp64\www\-\Application\Runtime\Cache\Admin\e4115922dbeab584d8de8ec3503939dc.php ç¬¬ 83 è¡Œ.
NOTIC: [8] Use of undefined constant Shop - assumed 'Shop' E:\wamp64\www\-\Application\Runtime\Cache\Admin\e4115922dbeab584d8de8ec3503939dc.php ç¬¬ 91 è¡Œ.
NOTIC: [8] Use of undefined constant Shoptype - assumed 'Shoptype' E:\wamp64\www\-\Application\Runtime\Cache\Admin\e4115922dbeab584d8de8ec3503939dc.php ç¬¬ 91 è¡Œ.
NOTIC: [8] Use of undefined constant Danwei - assumed 'Danwei' E:\wamp64\www\-\Application\Runtime\Cache\Admin\e4115922dbeab584d8de8ec3503939dc.php ç¬¬ 91 è¡Œ.
NOTIC: [8] Use of undefined constant Seat - assumed 'Seat' E:\wamp64\www\-\Application\Runtime\Cache\Admin\e4115922dbeab584d8de8ec3503939dc.php ç¬¬ 91 è¡Œ.
NOTIC: [8] Use of undefined constant Sale - assumed 'Sale' E:\wamp64\www\-\Application\Runtime\Cache\Admin\e4115922dbeab584d8de8ec3503939dc.php ç¬¬ 91 è¡Œ.
NOTIC: [8] Use of undefined constant Food - assumed 'Food' E:\wamp64\www\-\Application\Runtime\Cache\Admin\e4115922dbeab584d8de8ec3503939dc.php ç¬¬ 91 è¡Œ.
NOTIC: [8] Use of undefined constant Seattype - assumed 'Seattype' E:\wamp64\www\-\Application\Runtime\Cache\Admin\e4115922dbeab584d8de8ec3503939dc.php ç¬¬ 91 è¡Œ.
NOTIC: [8] Use of undefined constant Foodtype - assumed 'Foodtype' E:\wamp64\www\-\Application\Runtime\Cache\Admin\e4115922dbeab584d8de8ec3503939dc.php ç¬¬ 91 è¡Œ.
NOTIC: [8] Use of undefined constant User - assumed 'User' E:\wamp64\www\-\Application\Runtime\Cache\Admin\e4115922dbeab584d8de8ec3503939dc.php ç¬¬ 113 è¡Œ.
NOTIC: [8] Use of undefined constant Code - assumed 'Code' E:\wamp64\www\-\Application\Runtime\Cache\Admin\e4115922dbeab584d8de8ec3503939dc.php ç¬¬ 122 è¡Œ.
NOTIC: [2] array_pop() expects parameter 1 to be array, null given E:\wamp64\www\-\Application\Runtime\Cache\Admin\e4115922dbeab584d8de8ec3503939dc.php ç¬¬ 164 è¡Œ.
NOTIC: [2] Invalid argument supplied for foreach() E:\wamp64\www\-\Application\Runtime\Cache\Admin\e4115922dbeab584d8de8ec3503939dc.php ç¬¬ 164 è¡Œ.
NOTIC: [8] Undefined variable: active E:\wamp64\www\-\Application\Runtime\Cache\Admin\e4115922dbeab584d8de8ec3503939dc.php ç¬¬ 167 è¡Œ.
NOTIC: [8] Undefined variable: one_code E:\wamp64\www\-\Application\Runtime\Cache\Admin\e4115922dbeab584d8de8ec3503939dc.php ç¬¬ 276 è¡Œ.
NOTIC: [8] Use of undefined constant register - assumed 'register' E:\wamp64\www\-\Application\Runtime\Cache\Admin\e4115922dbeab584d8de8ec3503939dc.php ç¬¬ 290 è¡Œ.
NOTIC: [8] Use of undefined constant repass - assumed 'repass' E:\wamp64\www\-\Application\Runtime\Cache\Admin\e4115922dbeab584d8de8ec3503939dc.php ç¬¬ 291 è¡Œ.
NOTIC: [8] Undefined index: content E:\wamp64\www\-\Application\Runtime\Cache\Admin\e4115922dbeab584d8de8ec3503939dc.php ç¬¬ 296 è¡Œ.
NOTIC: [8] Undefined variable: one_info E:\wamp64\www\-\Application\Runtime\Cache\Admin\e4115922dbeab584d8de8ec3503939dc.php ç¬¬ 307 è¡Œ.
NOTIC: [8] Undefined variable: one_info E:\wamp64\www\-\Application\Runtime\Cache\Admin\e4115922dbeab584d8de8ec3503939dc.php ç¬¬ 317 è¡Œ.
NOTIC: [8] Use of undefined constant register - assumed 'register' E:\wamp64\www\-\Application\Runtime\Cache\Admin\e4115922dbeab584d8de8ec3503939dc.php ç¬¬ 290 è¡Œ.
NOTIC: [8] Use of undefined constant repass - assumed 'repass' E:\wamp64\www\-\Application\Runtime\Cache\Admin\e4115922dbeab584d8de8ec3503939dc.php ç¬¬ 291 è¡Œ.
NOTIC: [8] Undefined index: content E:\wamp64\www\-\Application\Runtime\Cache\Admin\e4115922dbeab584d8de8ec3503939dc.php ç¬¬ 296 è¡Œ.
NOTIC: [8] Undefined variable: one_info E:\wamp64\www\-\Application\Runtime\Cache\Admin\e4115922dbeab584d8de8ec3503939dc.php ç¬¬ 307 è¡Œ.
NOTIC: [8] Undefined variable: one_info E:\wamp64\www\-\Application\Runtime\Cache\Admin\e4115922dbeab584d8de8ec3503939dc.php ç¬¬ 317 è¡Œ.
NOTIC: [8] Use of undefined constant register - assumed 'register' E:\wamp64\www\-\Application\Runtime\Cache\Admin\e4115922dbeab584d8de8ec3503939dc.php ç¬¬ 290 è¡Œ.
NOTIC: [8] Undefined index: content E:\wamp64\www\-\Application\Runtime\Cache\Admin\e4115922dbeab584d8de8ec3503939dc.php ç¬¬ 296 è¡Œ.
NOTIC: [8] Undefined variable: one_info E:\wamp64\www\-\Application\Runtime\Cache\Admin\e4115922dbeab584d8de8ec3503939dc.php ç¬¬ 307 è¡Œ.
NOTIC: [8] Undefined variable: one_info E:\wamp64\www\-\Application\Runtime\Cache\Admin\e4115922dbeab584d8de8ec3503939dc.php ç¬¬ 317 è¡Œ.
NOTIC: [8] Use of undefined constant register - assumed 'register' E:\wamp64\www\-\Application\Runtime\Cache\Admin\e4115922dbeab584d8de8ec3503939dc.php ç¬¬ 290 è¡Œ.
NOTIC: [8] Use of undefined constant repass - assumed 'repass' E:\wamp64\www\-\Application\Runtime\Cache\Admin\e4115922dbeab584d8de8ec3503939dc.php ç¬¬ 291 è¡Œ.
NOTIC: [8] Undefined index: content E:\wamp64\www\-\Application\Runtime\Cache\Admin\e4115922dbeab584d8de8ec3503939dc.php ç¬¬ 296 è¡Œ.
NOTIC: [8] Undefined variable: one_info E:\wamp64\www\-\Application\Runtime\Cache\Admin\e4115922dbeab584d8de8ec3503939dc.php ç¬¬ 307 è¡Œ.
NOTIC: [8] Undefined variable: one_info E:\wamp64\www\-\Application\Runtime\Cache\Admin\e4115922dbeab584d8de8ec3503939dc.php ç¬¬ 317 è¡Œ.
NOTIC: [8] Use of undefined constant register - assumed 'register' E:\wamp64\www\-\Application\Runtime\Cache\Admin\e4115922dbeab584d8de8ec3503939dc.php ç¬¬ 290 è¡Œ.
NOTIC: [8] Undefined index: content E:\wamp64\www\-\Application\Runtime\Cache\Admin\e4115922dbeab584d8de8ec3503939dc.php ç¬¬ 296 è¡Œ.
NOTIC: [8] Undefined variable: one_info E:\wamp64\www\-\Application\Runtime\Cache\Admin\e4115922dbeab584d8de8ec3503939dc.php ç¬¬ 307 è¡Œ.
NOTIC: [8] Undefined variable: one_info E:\wamp64\www\-\Application\Runtime\Cache\Admin\e4115922dbeab584d8de8ec3503939dc.php ç¬¬ 317 è¡Œ.
INFO: Run Behavior\ParseTemplateBehavior [ RunTime:0.041908s ]
INFO: [ view_parse ] --END-- [ RunTime:0.042110s ]
INFO: [ view_filter ] --START--
INFO: Run Behavior\WriteHtmlCacheBehavior [ RunTime:0.000992s ]
INFO: [ view_filter ] --END-- [ RunTime:0.001159s ]
INFO: [ app_end ] --START--
INFO: Run Behavior\ShowPageTraceBehavior [ RunTime:0.000996s ]
INFO: [ app_end ] --END-- [ RunTime:0.001200s ]

[ 2018-01-19T09:29:25+08:00 ] ::1 /-/index.php/Admin/Code/index.html?id=1
INFO: [ app_init ] --START--
INFO: Run Behavior\BuildLiteBehavior [ RunTime:0.000035s ]
INFO: [ app_init ] --END-- [ RunTime:0.000581s ]
INFO: [ app_begin ] --START--
INFO: Run Behavior\ReadHtmlCacheBehavior [ RunTime:0.001100s ]
INFO: [ app_begin ] --END-- [ RunTime:0.001328s ]
SQL: SHOW COLUMNS FROM `city` [ RunTime:0.0084s ]
SQL: SELECT * FROM `city` ORDER BY paix desc  [ RunTime:0.0102s ]
SQL: SHOW COLUMNS FROM `mobile_code` [ RunTime:0.0083s ]
SQL: SELECT mobile_code.tel,mobile_code.code,mobile_code.status as yz_status,mobile_code.add_time,sms_status.sms_id,sms_status.id,sms_status.status,sms_status.type,sms_status.update_time FROM `mobile_code` right join sms_status on mobile_code.id = sms_status.sms_id  WHERE ( mobile_code.is_del = 1 ) ORDER BY id desc  [ RunTime:0.0015s ]
INFO: [ view_parse ] --START--
INFO: [ template_filter ] --START--
INFO: Run Behavior\ContentReplaceBehavior [ RunTime:0.000234s ]
INFO: [ template_filter ] --END-- [ RunTime:0.000413s ]
NOTIC: [8] Use of undefined constant Index - assumed 'Index' E:\wamp64\www\-\Application\Runtime\Cache\Admin\e4115922dbeab584d8de8ec3503939dc.php ç¬¬ 83 è¡Œ.
NOTIC: [8] Use of undefined constant Shop - assumed 'Shop' E:\wamp64\www\-\Application\Runtime\Cache\Admin\e4115922dbeab584d8de8ec3503939dc.php ç¬¬ 91 è¡Œ.
NOTIC: [8] Use of undefined constant Shoptype - assumed 'Shoptype' E:\wamp64\www\-\Application\Runtime\Cache\Admin\e4115922dbeab584d8de8ec3503939dc.php ç¬¬ 91 è¡Œ.
NOTIC: [8] Use of undefined constant Danwei - assumed 'Danwei' E:\wamp64\www\-\Application\Runtime\Cache\Admin\e4115922dbeab584d8de8ec3503939dc.php ç¬¬ 91 è¡Œ.
NOTIC: [8] Use of undefined constant Seat - assumed 'Seat' E:\wamp64\www\-\Application\Runtime\Cache\Admin\e4115922dbeab584d8de8ec3503939dc.php ç¬¬ 91 è¡Œ.
NOTIC: [8] Use of undefined constant Sale - assumed 'Sale' E:\wamp64\www\-\Application\Runtime\Cache\Admin\e4115922dbeab584d8de8ec3503939dc.php ç¬¬ 91 è¡Œ.
NOTIC: [8] Use of undefined constant Food - assumed 'Food' E:\wamp64\www\-\Application\Runtime\Cache\Admin\e4115922dbeab584d8de8ec3503939dc.php ç¬¬ 91 è¡Œ.
NOTIC: [8] Use of undefined constant Seattype - assumed 'Seattype' E:\wamp64\www\-\Application\Runtime\Cache\Admin\e4115922dbeab584d8de8ec3503939dc.php ç¬¬ 91 è¡Œ.
NOTIC: [8] Use of undefined constant Foodtype - assumed 'Foodtype' E:\wamp64\www\-\Application\Runtime\Cache\Admin\e4115922dbeab584d8de8ec3503939dc.php ç¬¬ 91 è¡Œ.
NOTIC: [8] Use of undefined constant User - assumed 'User' E:\wamp64\www\-\Application\Runtime\Cache\Admin\e4115922dbeab584d8de8ec3503939dc.php ç¬¬ 113 è¡Œ.
NOTIC: [8] Use of undefined constant Code - assumed 'Code' E:\wamp64\www\-\Application\Runtime\Cache\Admin\e4115922dbeab584d8de8ec3503939dc.php ç¬¬ 122 è¡Œ.
NOTIC: [2] array_pop() expects parameter 1 to be array, null given E:\wamp64\www\-\Application\Runtime\Cache\Admin\e4115922dbeab584d8de8ec3503939dc.php ç¬¬ 164 è¡Œ.
NOTIC: [2] Invalid argument supplied for foreach() E:\wamp64\www\-\Application\Runtime\Cache\Admin\e4115922dbeab584d8de8ec3503939dc.php ç¬¬ 164 è¡Œ.
NOTIC: [8] Undefined variable: active E:\wamp64\www\-\Application\Runtime\Cache\Admin\e4115922dbeab584d8de8ec3503939dc.php ç¬¬ 167 è¡Œ.
NOTIC: [8] Undefined variable: one_code E:\wamp64\www\-\Application\Runtime\Cache\Admin\e4115922dbeab584d8de8ec3503939dc.php ç¬¬ 276 è¡Œ.
NOTIC: [8] Use of undefined constant register - assumed 'register' E:\wamp64\www\-\Application\Runtime\Cache\Admin\e4115922dbeab584d8de8ec3503939dc.php ç¬¬ 290 è¡Œ.
NOTIC: [8] Use of undefined constant repass - assumed 'repass' E:\wamp64\www\-\Application\Runtime\Cache\Admin\e4115922dbeab584d8de8ec3503939dc.php ç¬¬ 291 è¡Œ.
NOTIC: [8] Undefined index: content E:\wamp64\www\-\Application\Runtime\Cache\Admin\e4115922dbeab584d8de8ec3503939dc.php ç¬¬ 296 è¡Œ.
NOTIC: [8] Undefined variable: one_info E:\wamp64\www\-\Application\Runtime\Cache\Admin\e4115922dbeab584d8de8ec3503939dc.php ç¬¬ 307 è¡Œ.
NOTIC: [8] Undefined variable: one_info E:\wamp64\www\-\Application\Runtime\Cache\Admin\e4115922dbeab584d8de8ec3503939dc.php ç¬¬ 317 è¡Œ.
NOTIC: [8] Use of undefined constant register - assumed 'register' E:\wamp64\www\-\Application\Runtime\Cache\Admin\e4115922dbeab584d8de8ec3503939dc.php ç¬¬ 290 è¡Œ.
NOTIC: [8] Use of undefined constant repass - assumed 'repass' E:\wamp64\www\-\Application\Runtime\Cache\Admin\e4115922dbeab584d8de8ec3503939dc.php ç¬¬ 291 è¡Œ.
NOTIC: [8] Undefined index: content E:\wamp64\www\-\Application\Runtime\Cache\Admin\e4115922dbeab584d8de8ec3503939dc.php ç¬¬ 296 è¡Œ.
NOTIC: [8] Undefined variable: one_info E:\wamp64\www\-\Application\Runtime\Cache\Admin\e4115922dbeab584d8de8ec3503939dc.php ç¬¬ 307 è¡Œ.
NOTIC: [8] Undefined variable: one_info E:\wamp64\www\-\Application\Runtime\Cache\Admin\e4115922dbeab584d8de8ec3503939dc.php ç¬¬ 317 è¡Œ.
NOTIC: [8] Use of undefined constant register - assumed 'register' E:\wamp64\www\-\Application\Runtime\Cache\Admin\e4115922dbeab584d8de8ec3503939dc.php ç¬¬ 290 è¡Œ.
NOTIC: [8] Undefined index: content E:\wamp64\www\-\Application\Runtime\Cache\Admin\e4115922dbeab584d8de8ec3503939dc.php ç¬¬ 296 è¡Œ.
NOTIC: [8] Undefined variable: one_info E:\wamp64\www\-\Application\Runtime\Cache\Admin\e4115922dbeab584d8de8ec3503939dc.php ç¬¬ 307 è¡Œ.
NOTIC: [8] Undefined variable: one_info E:\wamp64\www\-\Application\Runtime\Cache\Admin\e4115922dbeab584d8de8ec3503939dc.php ç¬¬ 317 è¡Œ.
NOTIC: [8] Use of undefined constant register - assumed 'register' E:\wamp64\www\-\Application\Runtime\Cache\Admin\e4115922dbeab584d8de8ec3503939dc.php ç¬¬ 290 è¡Œ.
NOTIC: [8] Use of undefined constant repass - assumed 'repass' E:\wamp64\www\-\Application\Runtime\Cache\Admin\e4115922dbeab584d8de8ec3503939dc.php ç¬¬ 291 è¡Œ.
NOTIC: [8] Undefined index: content E:\wamp64\www\-\Application\Runtime\Cache\Admin\e4115922dbeab584d8de8ec3503939dc.php ç¬¬ 296 è¡Œ.
NOTIC: [8] Undefined variable: one_info E:\wamp64\www\-\Application\Runtime\Cache\Admin\e4115922dbeab584d8de8ec3503939dc.php ç¬¬ 307 è¡Œ.
NOTIC: [8] Undefined variable: one_info E:\wamp64\www\-\Application\Runtime\Cache\Admin\e4115922dbeab584d8de8ec3503939dc.php ç¬¬ 317 è¡Œ.
NOTIC: [8] Use of undefined constant register - assumed 'register' E:\wamp64\www\-\Application\Runtime\Cache\Admin\e4115922dbeab584d8de8ec3503939dc.php ç¬¬ 290 è¡Œ.
NOTIC: [8] Undefined index: content E:\wamp64\www\-\Application\Runtime\Cache\Admin\e4115922dbeab584d8de8ec3503939dc.php ç¬¬ 296 è¡Œ.
NOTIC: [8] Undefined variable: one_info E:\wamp64\www\-\Application\Runtime\Cache\Admin\e4115922dbeab584d8de8ec3503939dc.php ç¬¬ 307 è¡Œ.
NOTIC: [8] Undefined variable: one_info E:\wamp64\www\-\Application\Runtime\Cache\Admin\e4115922dbeab584d8de8ec3503939dc.php ç¬¬ 317 è¡Œ.
INFO: Run Behavior\ParseTemplateBehavior [ RunTime:0.031764s ]
INFO: [ view_parse ] --END-- [ RunTime:0.031973s ]
INFO: [ view_filter ] --START--
INFO: Run Behavior\WriteHtmlCacheBehavior [ RunTime:0.000917s ]
INFO: [ view_filter ] --END-- [ RunTime:0.001081s ]
INFO: [ app_end ] --START--
INFO: Run Behavior\ShowPageTraceBehavior [ RunTime:0.001409s ]
INFO: [ app_end ] --END-- [ RunTime:0.001640s ]

[ 2018-01-19T09:54:29+08:00 ] ::1 /-/index.php/Admin/code/index.html?id=1
INFO: [ app_init ] --START--
INFO: Run Behavior\BuildLiteBehavior [ RunTime:0.000039s ]
INFO: [ app_init ] --END-- [ RunTime:0.000857s ]
INFO: [ app_begin ] --START--
INFO: Run Behavior\ReadHtmlCacheBehavior [ RunTime:0.000858s ]
INFO: [ app_begin ] --END-- [ RunTime:0.001053s ]
SQL: SHOW COLUMNS FROM `city` [ RunTime:0.0046s ]
SQL: SELECT * FROM `city` ORDER BY paix desc  [ RunTime:0.0069s ]
SQL: SHOW COLUMNS FROM `mobile_code` [ RunTime:0.0050s ]
SQL: SELECT mobile_code.tel,mobile_code.code,mobile_code.status as yz_status,mobile_code.add_time,sms_status.sms_id,sms_status.id,sms_status.status,sms_status.type,sms_status.update_time FROM `mobile_code` right join sms_status on mobile_code.id = sms_status.sms_id  WHERE ( mobile_code.is_del = 1 ) ORDER BY id desc  [ RunTime:0.0016s ]
INFO: [ view_parse ] --START--
INFO: [ template_filter ] --START--
INFO: Run Behavior\ContentReplaceBehavior [ RunTime:0.000266s ]
INFO: [ template_filter ] --END-- [ RunTime:0.000439s ]
NOTIC: [8] Use of undefined constant Index - assumed 'Index' E:\wamp64\www\-\Application\Runtime\Cache\Admin\e4115922dbeab584d8de8ec3503939dc.php ç¬¬ 83 è¡Œ.
NOTIC: [8] Use of undefined constant Shop - assumed 'Shop' E:\wamp64\www\-\Application\Runtime\Cache\Admin\e4115922dbeab584d8de8ec3503939dc.php ç¬¬ 91 è¡Œ.
NOTIC: [8] Use of undefined constant Shoptype - assumed 'Shoptype' E:\wamp64\www\-\Application\Runtime\Cache\Admin\e4115922dbeab584d8de8ec3503939dc.php ç¬¬ 91 è¡Œ.
NOTIC: [8] Use of undefined constant Danwei - assumed 'Danwei' E:\wamp64\www\-\Application\Runtime\Cache\Admin\e4115922dbeab584d8de8ec3503939dc.php ç¬¬ 91 è¡Œ.
NOTIC: [8] Use of undefined constant Seat - assumed 'Seat' E:\wamp64\www\-\Application\Runtime\Cache\Admin\e4115922dbeab584d8de8ec3503939dc.php ç¬¬ 91 è¡Œ.
NOTIC: [8] Use of undefined constant Sale - assumed 'Sale' E:\wamp64\www\-\Application\Runtime\Cache\Admin\e4115922dbeab584d8de8ec3503939dc.php ç¬¬ 91 è¡Œ.
NOTIC: [8] Use of undefined constant Food - assumed 'Food' E:\wamp64\www\-\Application\Runtime\Cache\Admin\e4115922dbeab584d8de8ec3503939dc.php ç¬¬ 91 è¡Œ.
NOTIC: [8] Use of undefined constant Seattype - assumed 'Seattype' E:\wamp64\www\-\Application\Runtime\Cache\Admin\e4115922dbeab584d8de8ec3503939dc.php ç¬¬ 91 è¡Œ.
NOTIC: [8] Use of undefined constant Foodtype - assumed 'Foodtype' E:\wamp64\www\-\Application\Runtime\Cache\Admin\e4115922dbeab584d8de8ec3503939dc.php ç¬¬ 91 è¡Œ.
NOTIC: [8] Use of undefined constant User - assumed 'User' E:\wamp64\www\-\Application\Runtime\Cache\Admin\e4115922dbeab584d8de8ec3503939dc.php ç¬¬ 113 è¡Œ.
NOTIC: [8] Use of undefined constant Code - assumed 'Code' E:\wamp64\www\-\Application\Runtime\Cache\Admin\e4115922dbeab584d8de8ec3503939dc.php ç¬¬ 122 è¡Œ.
NOTIC: [2] array_pop() expects parameter 1 to be array, null given E:\wamp64\www\-\Application\Runtime\Cache\Admin\e4115922dbeab584d8de8ec3503939dc.php ç¬¬ 164 è¡Œ.
NOTIC: [2] Invalid argument supplied for foreach() E:\wamp64\www\-\Application\Runtime\Cache\Admin\e4115922dbeab584d8de8ec3503939dc.php ç¬¬ 164 è¡Œ.
NOTIC: [8] Undefined variable: active E:\wamp64\www\-\Application\Runtime\Cache\Admin\e4115922dbeab584d8de8ec3503939dc.php ç¬¬ 167 è¡Œ.
NOTIC: [8] Undefined variable: one_code E:\wamp64\www\-\Application\Runtime\Cache\Admin\e4115922dbeab584d8de8ec3503939dc.php ç¬¬ 276 è¡Œ.
NOTIC: [8] Use of undefined constant register - assumed 'register' E:\wamp64\www\-\Application\Runtime\Cache\Admin\e4115922dbeab584d8de8ec3503939dc.php ç¬¬ 290 è¡Œ.
NOTIC: [8] Use of undefined constant repass - assumed 'repass' E:\wamp64\www\-\Application\Runtime\Cache\Admin\e4115922dbeab584d8de8ec3503939dc.php ç¬¬ 291 è¡Œ.
NOTIC: [8] Undefined index: content E:\wamp64\www\-\Application\Runtime\Cache\Admin\e4115922dbeab584d8de8ec3503939dc.php ç¬¬ 296 è¡Œ.
NOTIC: [8] Undefined variable: one_info E:\wamp64\www\-\Application\Runtime\Cache\Admin\e4115922dbeab584d8de8ec3503939dc.php ç¬¬ 307 è¡Œ.
NOTIC: [8] Undefined variable: one_info E:\wamp64\www\-\Application\Runtime\Cache\Admin\e4115922dbeab584d8de8ec3503939dc.php ç¬¬ 317 è¡Œ.
NOTIC: [8] Use of undefined constant register - assumed 'register' E:\wamp64\www\-\Application\Runtime\Cache\Admin\e4115922dbeab584d8de8ec3503939dc.php ç¬¬ 290 è¡Œ.
NOTIC: [8] Use of undefined constant repass - assumed 'repass' E:\wamp64\www\-\Application\Runtime\Cache\Admin\e4115922dbeab584d8de8ec3503939dc.php ç¬¬ 291 è¡Œ.
NOTIC: [8] Undefined index: content E:\wamp64\www\-\Application\Runtime\Cache\Admin\e4115922dbeab584d8de8ec3503939dc.php ç¬¬ 296 è¡Œ.
NOTIC: [8] Undefined variable: one_info E:\wamp64\www\-\Application\Runtime\Cache\Admin\e4115922dbeab584d8de8ec3503939dc.php ç¬¬ 307 è¡Œ.
NOTIC: [8] Undefined variable: one_info E:\wamp64\www\-\Application\Runtime\Cache\Admin\e4115922dbeab584d8de8ec3503939dc.php ç¬¬ 317 è¡Œ.
NOTIC: [8] Use of undefined constant register - assumed 'register' E:\wamp64\www\-\Application\Runtime\Cache\Admin\e4115922dbeab584d8de8ec3503939dc.php ç¬¬ 290 è¡Œ.
NOTIC: [8] Undefined index: content E:\wamp64\www\-\Application\Runtime\Cache\Admin\e4115922dbeab584d8de8ec3503939dc.php ç¬¬ 296 è¡Œ.
NOTIC: [8] Undefined variable: one_info E:\wamp64\www\-\Application\Runtime\Cache\Admin\e4115922dbeab584d8de8ec3503939dc.php ç¬¬ 307 è¡Œ.
NOTIC: [8] Undefined variable: one_info E:\wamp64\www\-\Application\Runtime\Cache\Admin\e4115922dbeab584d8de8ec3503939dc.php ç¬¬ 317 è¡Œ.
NOTIC: [8] Use of undefined constant register - assumed 'register' E:\wamp64\www\-\Application\Runtime\Cache\Admin\e4115922dbeab584d8de8ec3503939dc.php ç¬¬ 290 è¡Œ.
NOTIC: [8] Use of undefined constant repass - assumed 'repass' E:\wamp64\www\-\Application\Runtime\Cache\Admin\e4115922dbeab584d8de8ec3503939dc.php ç¬¬ 291 è¡Œ.
NOTIC: [8] Undefined index: content E:\wamp64\www\-\Application\Runtime\Cache\Admin\e4115922dbeab584d8de8ec3503939dc.php ç¬¬ 296 è¡Œ.
NOTIC: [8] Undefined variable: one_info E:\wamp64\www\-\Application\Runtime\Cache\Admin\e4115922dbeab584d8de8ec3503939dc.php ç¬¬ 307 è¡Œ.
NOTIC: [8] Undefined variable: one_info E:\wamp64\www\-\Application\Runtime\Cache\Admin\e4115922dbeab584d8de8ec3503939dc.php ç¬¬ 317 è¡Œ.
NOTIC: [8] Use of undefined constant register - assumed 'register' E:\wamp64\www\-\Application\Runtime\Cache\Admin\e4115922dbeab584d8de8ec3503939dc.php ç¬¬ 290 è¡Œ.
NOTIC: [8] Undefined index: content E:\wamp64\www\-\Application\Runtime\Cache\Admin\e4115922dbeab584d8de8ec3503939dc.php ç¬¬ 296 è¡Œ.
NOTIC: [8] Undefined variable: one_info E:\wamp64\www\-\Application\Runtime\Cache\Admin\e4115922dbeab584d8de8ec3503939dc.php ç¬¬ 307 è¡Œ.
NOTIC: [8] Undefined variable: one_info E:\wamp64\www\-\Application\Runtime\Cache\Admin\e4115922dbeab584d8de8ec3503939dc.php ç¬¬ 317 è¡Œ.
INFO: Run Behavior\ParseTemplateBehavior [ RunTime:0.031616s ]
INFO: [ view_parse ] --END-- [ RunTime:0.031864s ]
INFO: [ view_filter ] --START--
INFO: Run Behavior\WriteHtmlCacheBehavior [ RunTime:0.000969s ]
INFO: [ view_filter ] --END-- [ RunTime:0.001145s ]
INFO: [ app_end ] --START--
INFO: Run Behavior\ShowPageTraceBehavior [ RunTime:0.001016s ]
INFO: [ app_end ] --END-- [ RunTime:0.001213s ]

