[ 2018-02-27T11:36:01+08:00 ] 192.168.0.101 /kuaidian/index.php/Admin/Ajax/shengdoshi.html
INFO: [ app_init ] --START--
INFO: Run Behavior\BuildLiteBehavior [ RunTime:0.000010s ]
INFO: [ app_init ] --END-- [ RunTime:0.000052s ]
INFO: [ app_begin ] --START--
INFO: Run Behavior\ReadHtmlCacheBehavior [ RunTime:0.000728s ]
INFO: [ app_begin ] --END-- [ RunTime:0.000778s ]
SQL: SHOW COLUMNS FROM `city` [ RunTime:0.0042s ]
SQL: SELECT * FROM `city` WHERE `provincecode` = '120000'  [ RunTime:0.0086s ]

[ 2018-02-27T11:36:22+08:00 ] 192.168.0.101 /kuaidian/index.php/Admin/Ajax/shengdoshi.html
INFO: [ app_init ] --START--
INFO: Run Behavior\BuildLiteBehavior [ RunTime:0.000013s ]
INFO: [ app_init ] --END-- [ RunTime:0.000062s ]
INFO: [ app_begin ] --START--
INFO: Run Behavior\ReadHtmlCacheBehavior [ RunTime:0.000656s ]
INFO: [ app_begin ] --END-- [ RunTime:0.000691s ]
SQL: SHOW COLUMNS FROM `city` [ RunTime:0.0055s ]
SQL: SELECT * FROM `city` WHERE `provincecode` = ''  [ RunTime:0.0020s ]

[ 2018-02-27T15:03:08+08:00 ] 192.168.0.103 /kuaidian/index.php/Admin/Ajax/shengdoshi.html
INFO: [ app_init ] --START--
INFO: Run Behavior\BuildLiteBehavior [ RunTime:0.000015s ]
INFO: [ app_init ] --END-- [ RunTime:0.000091s ]
INFO: [ app_begin ] --START--
INFO: Run Behavior\ReadHtmlCacheBehavior [ RunTime:0.000486s ]
INFO: [ app_begin ] --END-- [ RunTime:0.000520s ]
SQL: SHOW COLUMNS FROM `city` [ RunTime:0.0052s ]
SQL: SELECT * FROM `city` WHERE `provincecode` = '110000'  [ RunTime:0.0009s ]

[ 2018-02-27T15:03:12+08:00 ] 192.168.0.103 /kuaidian/index.php/Admin/Ajax/shengdoshi.html
INFO: [ app_init ] --START--
INFO: Run Behavior\BuildLiteBehavior [ RunTime:0.000010s ]
INFO: [ app_init ] --END-- [ RunTime:0.000059s ]
INFO: [ app_begin ] --START--
INFO: Run Behavior\ReadHtmlCacheBehavior [ RunTime:0.000654s ]
INFO: [ app_begin ] --END-- [ RunTime:0.000688s ]
SQL: SHOW COLUMNS FROM `city` [ RunTime:0.0047s ]
SQL: SELECT * FROM `city` WHERE `provincecode` = '210000'  [ RunTime:0.0021s ]

[ 2018-02-27T15:03:14+08:00 ] 192.168.0.103 /kuaidian/index.php/Admin/Ajax/index.html
INFO: [ app_init ] --START--
INFO: Run Behavior\BuildLiteBehavior [ RunTime:0.000008s ]
INFO: [ app_init ] --END-- [ RunTime:0.000046s ]
INFO: [ app_begin ] --START--
INFO: Run Behavior\ReadHtmlCacheBehavior [ RunTime:0.000430s ]
INFO: [ app_begin ] --END-- [ RunTime:0.000454s ]
SQL: SHOW COLUMNS FROM `area` [ RunTime:0.0052s ]
SQL: SELECT * FROM `area` WHERE `citycode` = '210600'  [ RunTime:0.0091s ]

[ 2018-02-27T15:03:18+08:00 ] 192.168.0.103 /kuaidian/index.php/Admin/Ajax/shengdoshi.html
INFO: [ app_init ] --START--
INFO: Run Behavior\BuildLiteBehavior [ RunTime:0.000011s ]
INFO: [ app_init ] --END-- [ RunTime:0.000058s ]
INFO: [ app_begin ] --START--
INFO: Run Behavior\ReadHtmlCacheBehavior [ RunTime:0.000553s ]
INFO: [ app_begin ] --END-- [ RunTime:0.000583s ]
SQL: SHOW COLUMNS FROM `city` [ RunTime:0.0056s ]
SQL: SELECT * FROM `city` WHERE `provincecode` = '130000'  [ RunTime:0.0010s ]

[ 2018-02-27T15:03:20+08:00 ] 192.168.0.103 /kuaidian/index.php/Admin/Ajax/index.html
INFO: [ app_init ] --START--
INFO: Run Behavior\BuildLiteBehavior [ RunTime:0.000020s ]
INFO: [ app_init ] --END-- [ RunTime:0.000101s ]
INFO: [ app_begin ] --START--
INFO: Run Behavior\ReadHtmlCacheBehavior [ RunTime:0.000524s ]
INFO: [ app_begin ] --END-- [ RunTime:0.000559s ]
SQL: SHOW COLUMNS FROM `area` [ RunTime:0.0054s ]
SQL: SELECT * FROM `area` WHERE `citycode` = '130500'  [ RunTime:0.0025s ]

[ 2018-02-27T15:03:38+08:00 ] 192.168.0.107 /kuaidian/index.php/Admin/Ajax/shengdoshi.html
INFO: [ app_init ] --START--
INFO: Run Behavior\BuildLiteBehavior [ RunTime:0.000009s ]
INFO: [ app_init ] --END-- [ RunTime:0.000047s ]
INFO: [ app_begin ] --START--
INFO: Run Behavior\ReadHtmlCacheBehavior [ RunTime:0.000483s ]
INFO: [ app_begin ] --END-- [ RunTime:0.000518s ]
SQL: SHOW COLUMNS FROM `city` [ RunTime:0.0069s ]
SQL: SELECT * FROM `city` WHERE `provincecode` = '130000'  [ RunTime:0.0018s ]

[ 2018-02-27T15:03:41+08:00 ] 192.168.0.107 /kuaidian/index.php/Admin/Ajax/index.html
INFO: [ app_init ] --START--
INFO: Run Behavior\BuildLiteBehavior [ RunTime:0.000010s ]
INFO: [ app_init ] --END-- [ RunTime:0.000048s ]
INFO: [ app_begin ] --START--
INFO: Run Behavior\ReadHtmlCacheBehavior [ RunTime:0.000438s ]
INFO: [ app_begin ] --END-- [ RunTime:0.000462s ]
SQL: SHOW COLUMNS FROM `area` [ RunTime:0.0051s ]
SQL: SELECT * FROM `area` WHERE `citycode` = '130500'  [ RunTime:0.0019s ]

[ 2018-02-27T15:12:09+08:00 ] 192.168.0.104 /kuaidian/index.php/Admin/Ajax/shengdoshi.html
INFO: [ app_init ] --START--
INFO: Run Behavior\BuildLiteBehavior [ RunTime:0.000008s ]
INFO: [ app_init ] --END-- [ RunTime:0.000044s ]
INFO: [ app_begin ] --START--
INFO: Run Behavior\ReadHtmlCacheBehavior [ RunTime:0.000458s ]
INFO: [ app_begin ] --END-- [ RunTime:0.000481s ]
SQL: SHOW COLUMNS FROM `city` [ RunTime:0.0049s ]
SQL: SELECT * FROM `city` WHERE `provincecode` = '130000'  [ RunTime:0.0016s ]

[ 2018-02-27T15:12:23+08:00 ] 192.168.0.104 /kuaidian/index.php/Admin/Ajax/shengdoshi.html
INFO: [ app_init ] --START--
INFO: Run Behavior\BuildLiteBehavior [ RunTime:0.000010s ]
INFO: [ app_init ] --END-- [ RunTime:0.000057s ]
INFO: [ app_begin ] --START--
INFO: Run Behavior\ReadHtmlCacheBehavior [ RunTime:0.000717s ]
INFO: [ app_begin ] --END-- [ RunTime:0.000756s ]
SQL: SHOW COLUMNS FROM `city` [ RunTime:0.0051s ]
SQL: SELECT * FROM `city` WHERE `provincecode` = '130000'  [ RunTime:0.0019s ]

[ 2018-02-27T15:14:03+08:00 ] 192.168.0.104 /kuaidian/index.php/Admin/Ajax/index.html
INFO: [ app_init ] --START--
INFO: Run Behavior\BuildLiteBehavior [ RunTime:0.000014s ]
INFO: [ app_init ] --END-- [ RunTime:0.000073s ]
INFO: [ app_begin ] --START--
INFO: Run Behavior\ReadHtmlCacheBehavior [ RunTime:0.001276s ]
INFO: [ app_begin ] --END-- [ RunTime:0.001321s ]
SQL: SHOW COLUMNS FROM `area` [ RunTime:0.0055s ]
SQL: SELECT * FROM `area` WHERE `citycode` = '130200'  [ RunTime:0.0024s ]

[ 2018-02-27T15:14:07+08:00 ] 192.168.0.104 /kuaidian/index.php/Admin/Ajax/index.html
INFO: [ app_init ] --START--
INFO: Run Behavior\BuildLiteBehavior [ RunTime:0.000011s ]
INFO: [ app_init ] --END-- [ RunTime:0.000060s ]
INFO: [ app_begin ] --START--
INFO: Run Behavior\ReadHtmlCacheBehavior [ RunTime:0.000660s ]
INFO: [ app_begin ] --END-- [ RunTime:0.000699s ]
SQL: SHOW COLUMNS FROM `area` [ RunTime:0.0051s ]
SQL: SELECT * FROM `area` WHERE `citycode` = '130100'  [ RunTime:0.0028s ]

[ 2018-02-27T15:14:37+08:00 ] 192.168.0.104 /kuaidian/index.php/Admin/Ajax/shengdoshi.html
INFO: [ app_init ] --START--
INFO: Run Behavior\BuildLiteBehavior [ RunTime:0.000010s ]
INFO: [ app_init ] --END-- [ RunTime:0.000055s ]
INFO: [ app_begin ] --START--
INFO: Run Behavior\ReadHtmlCacheBehavior [ RunTime:0.000744s ]
INFO: [ app_begin ] --END-- [ RunTime:0.000779s ]
SQL: SHOW COLUMNS FROM `city` [ RunTime:0.0049s ]
SQL: SELECT * FROM `city` WHERE `provincecode` = '130000'  [ RunTime:0.0008s ]

[ 2018-02-27T15:15:13+08:00 ] 192.168.0.104 /kuaidian/index.php/Admin/Ajax/index.html
INFO: [ app_init ] --START--
INFO: Run Behavior\BuildLiteBehavior [ RunTime:0.000018s ]
INFO: [ app_init ] --END-- [ RunTime:0.000097s ]
INFO: [ app_begin ] --START--
INFO: Run Behavior\ReadHtmlCacheBehavior [ RunTime:0.000563s ]
INFO: [ app_begin ] --END-- [ RunTime:0.000595s ]
SQL: SHOW COLUMNS FROM `area` [ RunTime:0.0054s ]
SQL: SELECT * FROM `area` WHERE `citycode` = '130200'  [ RunTime:0.0017s ]

[ 2018-02-27T15:15:26+08:00 ] 192.168.0.104 /kuaidian/index.php/Admin/Ajax/shengdoshi.html
INFO: [ app_init ] --START--
INFO: Run Behavior\BuildLiteBehavior [ RunTime:0.000011s ]
INFO: [ app_init ] --END-- [ RunTime:0.000057s ]
INFO: [ app_begin ] --START--
INFO: Run Behavior\ReadHtmlCacheBehavior [ RunTime:0.000528s ]
INFO: [ app_begin ] --END-- [ RunTime:0.000563s ]
SQL: SHOW COLUMNS FROM `city` [ RunTime:0.0055s ]
SQL: SELECT * FROM `city` WHERE `provincecode` = '130000'  [ RunTime:0.0013s ]

[ 2018-02-27T15:15:31+08:00 ] 192.168.0.104 /kuaidian/index.php/Admin/Ajax/index.html
INFO: [ app_init ] --START--
INFO: Run Behavior\BuildLiteBehavior [ RunTime:0.000011s ]
INFO: [ app_init ] --END-- [ RunTime:0.000054s ]
INFO: [ app_begin ] --START--
INFO: Run Behavior\ReadHtmlCacheBehavior [ RunTime:0.000524s ]
INFO: [ app_begin ] --END-- [ RunTime:0.000559s ]
SQL: SHOW COLUMNS FROM `area` [ RunTime:0.0055s ]
SQL: SELECT * FROM `area` WHERE `citycode` = '130200'  [ RunTime:0.0020s ]

[ 2018-02-27T15:15:46+08:00 ] 192.168.0.104 /kuaidian/index.php/Admin/Ajax/shengdoshi.html
INFO: [ app_init ] --START--
INFO: Run Behavior\BuildLiteBehavior [ RunTime:0.000009s ]
INFO: [ app_init ] --END-- [ RunTime:0.000052s ]
INFO: [ app_begin ] --START--
INFO: Run Behavior\ReadHtmlCacheBehavior [ RunTime:0.000606s ]
INFO: [ app_begin ] --END-- [ RunTime:0.000646s ]
SQL: SHOW COLUMNS FROM `city` [ RunTime:0.0057s ]
SQL: SELECT * FROM `city` WHERE `provincecode` = '140000'  [ RunTime:0.0019s ]

[ 2018-02-27T15:15:57+08:00 ] 192.168.0.104 /kuaidian/index.php/Admin/Ajax/index.html
INFO: [ app_init ] --START--
INFO: Run Behavior\BuildLiteBehavior [ RunTime:0.000012s ]
INFO: [ app_init ] --END-- [ RunTime:0.000058s ]
INFO: [ app_begin ] --START--
INFO: Run Behavior\ReadHtmlCacheBehavior [ RunTime:0.000591s ]
INFO: [ app_begin ] --END-- [ RunTime:0.000628s ]
SQL: SHOW COLUMNS FROM `area` [ RunTime:0.0056s ]
SQL: SELECT * FROM `area` WHERE `citycode` = '140300'  [ RunTime:0.0018s ]

[ 2018-02-27T15:16:06+08:00 ] 192.168.0.104 /kuaidian/index.php/Admin/Ajax/shengdoshi.html
INFO: [ app_init ] --START--
INFO: Run Behavior\BuildLiteBehavior [ RunTime:0.000017s ]
INFO: [ app_init ] --END-- [ RunTime:0.000085s ]
INFO: [ app_begin ] --START--
INFO: Run Behavior\ReadHtmlCacheBehavior [ RunTime:0.001161s ]
INFO: [ app_begin ] --END-- [ RunTime:0.001209s ]
SQL: SHOW COLUMNS FROM `city` [ RunTime:0.0050s ]
SQL: SELECT * FROM `city` WHERE `provincecode` = '130000'  [ RunTime:0.0010s ]

[ 2018-02-27T15:16:24+08:00 ] 192.168.0.104 /kuaidian/index.php/Admin/Ajax/index.html
INFO: [ app_init ] --START--
INFO: Run Behavior\BuildLiteBehavior [ RunTime:0.000009s ]
INFO: [ app_init ] --END-- [ RunTime:0.000057s ]
INFO: [ app_begin ] --START--
INFO: Run Behavior\ReadHtmlCacheBehavior [ RunTime:0.000575s ]
INFO: [ app_begin ] --END-- [ RunTime:0.000613s ]
SQL: SHOW COLUMNS FROM `area` [ RunTime:0.0064s ]
SQL: SELECT * FROM `area` WHERE `citycode` = '130200'  [ RunTime:0.0018s ]

[ 2018-02-27T15:16:34+08:00 ] 192.168.0.104 /kuaidian/index.php/Admin/Ajax/index.html
INFO: [ app_init ] --START--
INFO: Run Behavior\BuildLiteBehavior [ RunTime:0.000008s ]
INFO: [ app_init ] --END-- [ RunTime:0.000048s ]
INFO: [ app_begin ] --START--
INFO: Run Behavior\ReadHtmlCacheBehavior [ RunTime:0.000512s ]
INFO: [ app_begin ] --END-- [ RunTime:0.000552s ]
SQL: SHOW COLUMNS FROM `area` [ RunTime:0.0045s ]
SQL: SELECT * FROM `area` WHERE `citycode` = '130100'  [ RunTime:0.0015s ]

[ 2018-02-27T15:16:39+08:00 ] 192.168.0.104 /kuaidian/index.php/Admin/Ajax/shengdoshi.html
INFO: [ app_init ] --START--
INFO: Run Behavior\BuildLiteBehavior [ RunTime:0.000023s ]
INFO: [ app_init ] --END-- [ RunTime:0.000109s ]
INFO: [ app_begin ] --START--
INFO: Run Behavior\ReadHtmlCacheBehavior [ RunTime:0.000674s ]
INFO: [ app_begin ] --END-- [ RunTime:0.000720s ]
SQL: SHOW COLUMNS FROM `city` [ RunTime:0.0061s ]
SQL: SELECT * FROM `city` WHERE `provincecode` = ''  [ RunTime:0.0010s ]

[ 2018-02-27T15:16:40+08:00 ] 192.168.0.104 /kuaidian/index.php/Admin/Ajax/shengdoshi.html
INFO: [ app_init ] --START--
INFO: Run Behavior\BuildLiteBehavior [ RunTime:0.000010s ]
INFO: [ app_init ] --END-- [ RunTime:0.000049s ]
INFO: [ app_begin ] --START--
INFO: Run Behavior\ReadHtmlCacheBehavior [ RunTime:0.000925s ]
INFO: [ app_begin ] --END-- [ RunTime:0.000962s ]
SQL: SHOW COLUMNS FROM `city` [ RunTime:0.0058s ]
SQL: SELECT * FROM `city` WHERE `provincecode` = '130000'  [ RunTime:0.0017s ]

[ 2018-02-27T15:16:44+08:00 ] 192.168.0.104 /kuaidian/index.php/Admin/Ajax/shengdoshi.html
INFO: [ app_init ] --START--
INFO: Run Behavior\BuildLiteBehavior [ RunTime:0.000012s ]
INFO: [ app_init ] --END-- [ RunTime:0.000061s ]
INFO: [ app_begin ] --START--
INFO: Run Behavior\ReadHtmlCacheBehavior [ RunTime:0.000665s ]
INFO: [ app_begin ] --END-- [ RunTime:0.000703s ]
SQL: SHOW COLUMNS FROM `city` [ RunTime:0.0065s ]
SQL: SELECT * FROM `city` WHERE `provincecode` = '120000'  [ RunTime:0.0018s ]

[ 2018-02-27T15:16:58+08:00 ] 192.168.0.104 /kuaidian/index.php/Admin/Ajax/shengdoshi.html
INFO: [ app_init ] --START--
INFO: Run Behavior\BuildLiteBehavior [ RunTime:0.000008s ]
INFO: [ app_init ] --END-- [ RunTime:0.000044s ]
INFO: [ app_begin ] --START--
INFO: Run Behavior\ReadHtmlCacheBehavior [ RunTime:0.000439s ]
INFO: [ app_begin ] --END-- [ RunTime:0.000463s ]
SQL: SHOW COLUMNS FROM `city` [ RunTime:0.0056s ]
SQL: SELECT * FROM `city` WHERE `provincecode` = '130000'  [ RunTime:0.0012s ]

[ 2018-02-27T15:17:13+08:00 ] 192.168.0.104 /kuaidian/index.php/Admin/Ajax/index.html
INFO: [ app_init ] --START--
INFO: Run Behavior\BuildLiteBehavior [ RunTime:0.000011s ]
INFO: [ app_init ] --END-- [ RunTime:0.000055s ]
INFO: [ app_begin ] --START--
INFO: Run Behavior\ReadHtmlCacheBehavior [ RunTime:0.000696s ]
INFO: [ app_begin ] --END-- [ RunTime:0.000752s ]
SQL: SHOW COLUMNS FROM `area` [ RunTime:0.0050s ]
SQL: SELECT * FROM `area` WHERE `citycode` = '130200'  [ RunTime:0.0027s ]

[ 2018-02-27T15:17:45+08:00 ] 192.168.0.104 /kuaidian/index.php/Admin/Ajax/index.html
INFO: [ app_init ] --START--
INFO: Run Behavior\BuildLiteBehavior [ RunTime:0.000008s ]
INFO: [ app_init ] --END-- [ RunTime:0.000047s ]
INFO: [ app_begin ] --START--
INFO: Run Behavior\ReadHtmlCacheBehavior [ RunTime:0.000826s ]
INFO: [ app_begin ] --END-- [ RunTime:0.000881s ]
SQL: SHOW COLUMNS FROM `area` [ RunTime:0.0072s ]
SQL: SELECT * FROM `area` WHERE `citycode` = '130300'  [ RunTime:0.0026s ]

[ 2018-02-27T15:17:57+08:00 ] 192.168.0.104 /kuaidian/index.php/Admin/Ajax/shengdoshi.html
INFO: [ app_init ] --START--
INFO: Run Behavior\BuildLiteBehavior [ RunTime:0.000010s ]
INFO: [ app_init ] --END-- [ RunTime:0.000052s ]
INFO: [ app_begin ] --START--
INFO: Run Behavior\ReadHtmlCacheBehavior [ RunTime:0.000526s ]
INFO: [ app_begin ] --END-- [ RunTime:0.000567s ]
SQL: SHOW COLUMNS FROM `city` [ RunTime:0.0046s ]
SQL: SELECT * FROM `city` WHERE `provincecode` = ''  [ RunTime:0.0008s ]

[ 2018-02-27T15:18:01+08:00 ] 192.168.0.104 /kuaidian/index.php/Admin/Ajax/index.html
INFO: [ app_init ] --START--
INFO: Run Behavior\BuildLiteBehavior [ RunTime:0.000013s ]
INFO: [ app_init ] --END-- [ RunTime:0.000065s ]
INFO: [ app_begin ] --START--
INFO: Run Behavior\ReadHtmlCacheBehavior [ RunTime:0.000736s ]
INFO: [ app_begin ] --END-- [ RunTime:0.000908s ]
SQL: SHOW COLUMNS FROM `area` [ RunTime:0.0055s ]
SQL: SELECT * FROM `area` WHERE `citycode` = ''  [ RunTime:0.0013s ]

[ 2018-02-27T15:18:04+08:00 ] 192.168.0.104 /kuaidian/index.php/Admin/Ajax/index.html
INFO: [ app_init ] --START--
INFO: Run Behavior\BuildLiteBehavior [ RunTime:0.000010s ]
INFO: [ app_init ] --END-- [ RunTime:0.000059s ]
INFO: [ app_begin ] --START--
INFO: Run Behavior\ReadHtmlCacheBehavior [ RunTime:0.000642s ]
INFO: [ app_begin ] --END-- [ RunTime:0.000677s ]
SQL: SHOW COLUMNS FROM `area` [ RunTime:0.0045s ]
SQL: SELECT * FROM `area` WHERE `citycode` = ''  [ RunTime:0.0017s ]

[ 2018-02-27T15:18:06+08:00 ] 192.168.0.104 /kuaidian/index.php/Admin/Ajax/index.html
INFO: [ app_init ] --START--
INFO: Run Behavior\BuildLiteBehavior [ RunTime:0.000009s ]
INFO: [ app_init ] --END-- [ RunTime:0.000047s ]
INFO: [ app_begin ] --START--
INFO: Run Behavior\ReadHtmlCacheBehavior [ RunTime:0.000465s ]
INFO: [ app_begin ] --END-- [ RunTime:0.000491s ]
SQL: SHOW COLUMNS FROM `area` [ RunTime:0.0049s ]
SQL: SELECT * FROM `area` WHERE `citycode` = ''  [ RunTime:0.0022s ]

[ 2018-02-27T15:18:07+08:00 ] 192.168.0.104 /kuaidian/index.php/Admin/Ajax/index.html
INFO: [ app_init ] --START--
INFO: Run Behavior\BuildLiteBehavior [ RunTime:0.000008s ]
INFO: [ app_init ] --END-- [ RunTime:0.000048s ]
INFO: [ app_begin ] --START--
INFO: Run Behavior\ReadHtmlCacheBehavior [ RunTime:0.000486s ]
INFO: [ app_begin ] --END-- [ RunTime:0.000515s ]
SQL: SHOW COLUMNS FROM `area` [ RunTime:0.0054s ]
SQL: SELECT * FROM `area` WHERE `citycode` = ''  [ RunTime:0.0017s ]

[ 2018-02-27T15:18:09+08:00 ] 192.168.0.104 /kuaidian/index.php/Admin/Ajax/index.html
INFO: [ app_init ] --START--
INFO: Run Behavior\BuildLiteBehavior [ RunTime:0.000010s ]
INFO: [ app_init ] --END-- [ RunTime:0.000056s ]
INFO: [ app_begin ] --START--
INFO: Run Behavior\ReadHtmlCacheBehavior [ RunTime:0.000665s ]
INFO: [ app_begin ] --END-- [ RunTime:0.000707s ]
SQL: SHOW COLUMNS FROM `area` [ RunTime:0.0046s ]
SQL: SELECT * FROM `area` WHERE `citycode` = ''  [ RunTime:0.0015s ]

[ 2018-02-27T15:18:10+08:00 ] 192.168.0.104 /kuaidian/index.php/Admin/Ajax/index.html
INFO: [ app_init ] --START--
INFO: Run Behavior\BuildLiteBehavior [ RunTime:0.000008s ]
INFO: [ app_init ] --END-- [ RunTime:0.000044s ]
INFO: [ app_begin ] --START--
INFO: Run Behavior\ReadHtmlCacheBehavior [ RunTime:0.000439s ]
INFO: [ app_begin ] --END-- [ RunTime:0.000466s ]
SQL: SHOW COLUMNS FROM `area` [ RunTime:0.0055s ]
SQL: SELECT * FROM `area` WHERE `citycode` = ''  [ RunTime:0.0020s ]

[ 2018-02-27T15:18:11+08:00 ] 192.168.0.104 /kuaidian/index.php/Admin/Ajax/index.html
INFO: [ app_init ] --START--
INFO: Run Behavior\BuildLiteBehavior [ RunTime:0.000008s ]
INFO: [ app_init ] --END-- [ RunTime:0.000050s ]
INFO: [ app_begin ] --START--
INFO: Run Behavior\ReadHtmlCacheBehavior [ RunTime:0.000589s ]
INFO: [ app_begin ] --END-- [ RunTime:0.000630s ]
SQL: SHOW COLUMNS FROM `area` [ RunTime:0.0043s ]
SQL: SELECT * FROM `area` WHERE `citycode` = ''  [ RunTime:0.0022s ]

[ 2018-02-27T15:18:16+08:00 ] 192.168.0.104 /kuaidian/index.php/Admin/Ajax/shengdoshi.html
INFO: [ app_init ] --START--
INFO: Run Behavior\BuildLiteBehavior [ RunTime:0.000011s ]
INFO: [ app_init ] --END-- [ RunTime:0.000055s ]
INFO: [ app_begin ] --START--
INFO: Run Behavior\ReadHtmlCacheBehavior [ RunTime:0.000492s ]
INFO: [ app_begin ] --END-- [ RunTime:0.000520s ]
SQL: SHOW COLUMNS FROM `city` [ RunTime:0.0062s ]
SQL: SELECT * FROM `city` WHERE `provincecode` = '130000'  [ RunTime:0.0016s ]

[ 2018-02-27T15:18:24+08:00 ] 192.168.0.104 /kuaidian/index.php/Admin/Ajax/shengdoshi.html
INFO: [ app_init ] --START--
INFO: Run Behavior\BuildLiteBehavior [ RunTime:0.000008s ]
INFO: [ app_init ] --END-- [ RunTime:0.000047s ]
INFO: [ app_begin ] --START--
INFO: Run Behavior\ReadHtmlCacheBehavior [ RunTime:0.000500s ]
INFO: [ app_begin ] --END-- [ RunTime:0.000537s ]
SQL: SHOW COLUMNS FROM `city` [ RunTime:0.0051s ]
SQL: SELECT * FROM `city` WHERE `provincecode` = ''  [ RunTime:0.0011s ]

[ 2018-02-27T15:18:29+08:00 ] 192.168.0.104 /kuaidian/index.php/Admin/Ajax/index.html
INFO: [ app_init ] --START--
INFO: Run Behavior\BuildLiteBehavior [ RunTime:0.000015s ]
INFO: [ app_init ] --END-- [ RunTime:0.000092s ]
INFO: [ app_begin ] --START--
INFO: Run Behavior\ReadHtmlCacheBehavior [ RunTime:0.000659s ]
INFO: [ app_begin ] --END-- [ RunTime:0.000695s ]
SQL: SHOW COLUMNS FROM `area` [ RunTime:0.0070s ]
SQL: SELECT * FROM `area` WHERE `citycode` = ''  [ RunTime:0.0028s ]

[ 2018-02-27T15:18:39+08:00 ] 192.168.0.104 /kuaidian/index.php/Admin/Ajax/shengdoshi.html
INFO: [ app_init ] --START--
INFO: Run Behavior\BuildLiteBehavior [ RunTime:0.000016s ]
INFO: [ app_init ] --END-- [ RunTime:0.000095s ]
INFO: [ app_begin ] --START--
INFO: Run Behavior\ReadHtmlCacheBehavior [ RunTime:0.001156s ]
INFO: [ app_begin ] --END-- [ RunTime:0.001225s ]
SQL: SHOW COLUMNS FROM `city` [ RunTime:0.0054s ]
SQL: SELECT * FROM `city` WHERE `provincecode` = '130000'  [ RunTime:0.0009s ]

[ 2018-02-27T15:18:43+08:00 ] 192.168.0.104 /kuaidian/index.php/Admin/Ajax/index.html
INFO: [ app_init ] --START--
INFO: Run Behavior\BuildLiteBehavior [ RunTime:0.000014s ]
INFO: [ app_init ] --END-- [ RunTime:0.000066s ]
INFO: [ app_begin ] --START--
INFO: Run Behavior\ReadHtmlCacheBehavior [ RunTime:0.001385s ]
INFO: [ app_begin ] --END-- [ RunTime:0.001454s ]
SQL: SHOW COLUMNS FROM `area` [ RunTime:0.0057s ]
SQL: SELECT * FROM `area` WHERE `citycode` = '130100'  [ RunTime:0.0023s ]

[ 2018-02-27T15:18:48+08:00 ] 192.168.0.104 /kuaidian/index.php/Admin/Ajax/shengdoshi.html
INFO: [ app_init ] --START--
INFO: Run Behavior\BuildLiteBehavior [ RunTime:0.000010s ]
INFO: [ app_init ] --END-- [ RunTime:0.000063s ]
INFO: [ app_begin ] --START--
INFO: Run Behavior\ReadHtmlCacheBehavior [ RunTime:0.000636s ]
INFO: [ app_begin ] --END-- [ RunTime:0.000670s ]
SQL: SHOW COLUMNS FROM `city` [ RunTime:0.0046s ]
SQL: SELECT * FROM `city` WHERE `provincecode` = '130000'  [ RunTime:0.0021s ]

[ 2018-02-27T15:19:05+08:00 ] 192.168.0.104 /kuaidian/index.php/Admin/Ajax/shengdoshi.html
INFO: [ app_init ] --START--
INFO: Run Behavior\BuildLiteBehavior [ RunTime:0.000011s ]
INFO: [ app_init ] --END-- [ RunTime:0.000054s ]
INFO: [ app_begin ] --START--
INFO: Run Behavior\ReadHtmlCacheBehavior [ RunTime:0.000568s ]
INFO: [ app_begin ] --END-- [ RunTime:0.000608s ]
SQL: SHOW COLUMNS FROM `city` [ RunTime:0.0046s ]
SQL: SELECT * FROM `city` WHERE `provincecode` = '130000'  [ RunTime:0.0007s ]

[ 2018-02-27T15:19:13+08:00 ] 192.168.0.104 /kuaidian/index.php/Admin/Ajax/index.html
INFO: [ app_init ] --START--
INFO: Run Behavior\BuildLiteBehavior [ RunTime:0.000008s ]
INFO: [ app_init ] --END-- [ RunTime:0.000047s ]
INFO: [ app_begin ] --START--
INFO: Run Behavior\ReadHtmlCacheBehavior [ RunTime:0.000492s ]
INFO: [ app_begin ] --END-- [ RunTime:0.000518s ]
SQL: SHOW COLUMNS FROM `area` [ RunTime:0.0053s ]
SQL: SELECT * FROM `area` WHERE `citycode` = '130200'  [ RunTime:0.0021s ]

[ 2018-02-27T15:19:18+08:00 ] 192.168.0.104 /kuaidian/index.php/Admin/Ajax/index.html
INFO: [ app_init ] --START--
INFO: Run Behavior\BuildLiteBehavior [ RunTime:0.000009s ]
INFO: [ app_init ] --END-- [ RunTime:0.000057s ]
INFO: [ app_begin ] --START--
INFO: Run Behavior\ReadHtmlCacheBehavior [ RunTime:0.000486s ]
INFO: [ app_begin ] --END-- [ RunTime:0.000512s ]
SQL: SHOW COLUMNS FROM `area` [ RunTime:0.0055s ]
SQL: SELECT * FROM `area` WHERE `citycode` = '130100'  [ RunTime:0.0025s ]

[ 2018-02-27T15:22:47+08:00 ] 192.168.0.101 /kuaidian/index.php/Admin/Ajax/shengdoshi.html
INFO: [ app_init ] --START--
INFO: Run Behavior\BuildLiteBehavior [ RunTime:0.000008s ]
INFO: [ app_init ] --END-- [ RunTime:0.000051s ]
INFO: [ app_begin ] --START--
INFO: Run Behavior\ReadHtmlCacheBehavior [ RunTime:0.000641s ]
INFO: [ app_begin ] --END-- [ RunTime:0.000684s ]
SQL: SHOW COLUMNS FROM `city` [ RunTime:0.0058s ]
SQL: SELECT * FROM `city` WHERE `provincecode` = '110000'  [ RunTime:0.0011s ]

[ 2018-02-27T15:22:54+08:00 ] 192.168.0.101 /kuaidian/index.php/Admin/Ajax/index.html
INFO: [ app_init ] --START--
INFO: Run Behavior\BuildLiteBehavior [ RunTime:0.000025s ]
INFO: [ app_init ] --END-- [ RunTime:0.000106s ]
INFO: [ app_begin ] --START--
INFO: Run Behavior\ReadHtmlCacheBehavior [ RunTime:0.000700s ]
INFO: [ app_begin ] --END-- [ RunTime:0.000745s ]
SQL: SHOW COLUMNS FROM `area` [ RunTime:0.0065s ]
SQL: SELECT * FROM `area` WHERE `citycode` = '110100'  [ RunTime:0.0030s ]

[ 2018-02-27T15:23:01+08:00 ] 192.168.0.101 /kuaidian/index.php/Admin/Ajax/shengdoshi.html
INFO: [ app_init ] --START--
INFO: Run Behavior\BuildLiteBehavior [ RunTime:0.000010s ]
INFO: [ app_init ] --END-- [ RunTime:0.000051s ]
INFO: [ app_begin ] --START--
INFO: Run Behavior\ReadHtmlCacheBehavior [ RunTime:0.000530s ]
INFO: [ app_begin ] --END-- [ RunTime:0.000566s ]
SQL: SHOW COLUMNS FROM `city` [ RunTime:0.0052s ]
SQL: SELECT * FROM `city` WHERE `provincecode` = '130000'  [ RunTime:0.0010s ]

[ 2018-02-27T15:23:05+08:00 ] 192.168.0.101 /kuaidian/index.php/Admin/Ajax/index.html
INFO: [ app_init ] --START--
INFO: Run Behavior\BuildLiteBehavior [ RunTime:0.000011s ]
INFO: [ app_init ] --END-- [ RunTime:0.000053s ]
INFO: [ app_begin ] --START--
INFO: Run Behavior\ReadHtmlCacheBehavior [ RunTime:0.000520s ]
INFO: [ app_begin ] --END-- [ RunTime:0.000559s ]
SQL: SHOW COLUMNS FROM `area` [ RunTime:0.0053s ]
SQL: SELECT * FROM `area` WHERE `citycode` = '130100'  [ RunTime:0.0020s ]

[ 2018-02-27T15:23:16+08:00 ] 192.168.0.101 /kuaidian/index.php/Admin/Ajax/shengdoshi.html
INFO: [ app_init ] --START--
INFO: Run Behavior\BuildLiteBehavior [ RunTime:0.000022s ]
INFO: [ app_init ] --END-- [ RunTime:0.000126s ]
INFO: [ app_begin ] --START--
INFO: Run Behavior\ReadHtmlCacheBehavior [ RunTime:0.001197s ]
INFO: [ app_begin ] --END-- [ RunTime:0.001265s ]
SQL: SHOW COLUMNS FROM `city` [ RunTime:0.0094s ]
SQL: SELECT * FROM `city` WHERE `provincecode` = '140000'  [ RunTime:0.0024s ]

[ 2018-02-27T15:23:27+08:00 ] 192.168.0.101 /kuaidian/index.php/Admin/Ajax/index.html
INFO: [ app_init ] --START--
INFO: Run Behavior\BuildLiteBehavior [ RunTime:0.000012s ]
INFO: [ app_init ] --END-- [ RunTime:0.000063s ]
INFO: [ app_begin ] --START--
INFO: Run Behavior\ReadHtmlCacheBehavior [ RunTime:0.000718s ]
INFO: [ app_begin ] --END-- [ RunTime:0.000766s ]
SQL: SHOW COLUMNS FROM `area` [ RunTime:0.0054s ]
SQL: SELECT * FROM `area` WHERE `citycode` = '140200'  [ RunTime:0.0023s ]

[ 2018-02-27T15:23:52+08:00 ] 192.168.0.101 /kuaidian/index.php/Admin/Ajax/shengdoshi.html
INFO: [ app_init ] --START--
INFO: Run Behavior\BuildLiteBehavior [ RunTime:0.000010s ]
INFO: [ app_init ] --END-- [ RunTime:0.000050s ]
INFO: [ app_begin ] --START--
INFO: Run Behavior\ReadHtmlCacheBehavior [ RunTime:0.000529s ]
INFO: [ app_begin ] --END-- [ RunTime:0.000567s ]
SQL: SHOW COLUMNS FROM `city` [ RunTime:0.0047s ]
SQL: SELECT * FROM `city` WHERE `provincecode` = '120000'  [ RunTime:0.0011s ]

[ 2018-02-27T15:23:56+08:00 ] 192.168.0.101 /kuaidian/index.php/Admin/Ajax/index.html
INFO: [ app_init ] --START--
INFO: Run Behavior\BuildLiteBehavior [ RunTime:0.000009s ]
INFO: [ app_init ] --END-- [ RunTime:0.000053s ]
INFO: [ app_begin ] --START--
INFO: Run Behavior\ReadHtmlCacheBehavior [ RunTime:0.000590s ]
INFO: [ app_begin ] --END-- [ RunTime:0.000633s ]
SQL: SHOW COLUMNS FROM `area` [ RunTime:0.0050s ]
SQL: SELECT * FROM `area` WHERE `citycode` = '120100'  [ RunTime:0.0018s ]

[ 2018-02-27T15:24:51+08:00 ] 192.168.0.101 /kuaidian/index.php/Admin/Ajax/shengdoshi.html
INFO: [ app_init ] --START--
INFO: Run Behavior\BuildLiteBehavior [ RunTime:0.000011s ]
INFO: [ app_init ] --END-- [ RunTime:0.000051s ]
INFO: [ app_begin ] --START--
INFO: Run Behavior\ReadHtmlCacheBehavior [ RunTime:0.000552s ]
INFO: [ app_begin ] --END-- [ RunTime:0.000587s ]
SQL: SHOW COLUMNS FROM `city` [ RunTime:0.0052s ]
SQL: SELECT * FROM `city` WHERE `provincecode` = '130000'  [ RunTime:0.0008s ]

[ 2018-02-27T15:24:57+08:00 ] 192.168.0.101 /kuaidian/index.php/Admin/Ajax/index.html
INFO: [ app_init ] --START--
INFO: Run Behavior\BuildLiteBehavior [ RunTime:0.000020s ]
INFO: [ app_init ] --END-- [ RunTime:0.000071s ]
INFO: [ app_begin ] --START--
INFO: Run Behavior\ReadHtmlCacheBehavior [ RunTime:0.000638s ]
INFO: [ app_begin ] --END-- [ RunTime:0.000687s ]
SQL: SHOW COLUMNS FROM `area` [ RunTime:0.0057s ]
SQL: SELECT * FROM `area` WHERE `citycode` = '130100'  [ RunTime:0.0022s ]

[ 2018-02-27T15:25:07+08:00 ] 192.168.0.101 /kuaidian/index.php/Admin/Ajax/shengdoshi.html
INFO: [ app_init ] --START--
INFO: Run Behavior\BuildLiteBehavior [ RunTime:0.000009s ]
INFO: [ app_init ] --END-- [ RunTime:0.000058s ]
INFO: [ app_begin ] --START--
INFO: Run Behavior\ReadHtmlCacheBehavior [ RunTime:0.000645s ]
INFO: [ app_begin ] --END-- [ RunTime:0.000681s ]
SQL: SHOW COLUMNS FROM `city` [ RunTime:0.0054s ]
SQL: SELECT * FROM `city` WHERE `provincecode` = '110000'  [ RunTime:0.0021s ]

[ 2018-02-27T15:25:11+08:00 ] 192.168.0.101 /kuaidian/index.php/Admin/Ajax/index.html
INFO: [ app_init ] --START--
INFO: Run Behavior\BuildLiteBehavior [ RunTime:0.000009s ]
INFO: [ app_init ] --END-- [ RunTime:0.000054s ]
INFO: [ app_begin ] --START--
INFO: Run Behavior\ReadHtmlCacheBehavior [ RunTime:0.000583s ]
INFO: [ app_begin ] --END-- [ RunTime:0.000616s ]
SQL: SHOW COLUMNS FROM `area` [ RunTime:0.0056s ]
SQL: SELECT * FROM `area` WHERE `citycode` = '110100'  [ RunTime:0.0027s ]

[ 2018-02-27T15:25:30+08:00 ] 192.168.0.101 /kuaidian/index.php/Admin/Ajax/shengdoshi.html
INFO: [ app_init ] --START--
INFO: Run Behavior\BuildLiteBehavior [ RunTime:0.000010s ]
INFO: [ app_init ] --END-- [ RunTime:0.000055s ]
INFO: [ app_begin ] --START--
INFO: Run Behavior\ReadHtmlCacheBehavior [ RunTime:0.000551s ]
INFO: [ app_begin ] --END-- [ RunTime:0.000581s ]
SQL: SHOW COLUMNS FROM `city` [ RunTime:0.0058s ]
SQL: SELECT * FROM `city` WHERE `provincecode` = '110000'  [ RunTime:0.0013s ]

[ 2018-02-27T15:25:38+08:00 ] 192.168.0.101 /kuaidian/index.php/Admin/Ajax/index.html
INFO: [ app_init ] --START--
INFO: Run Behavior\BuildLiteBehavior [ RunTime:0.000015s ]
INFO: [ app_init ] --END-- [ RunTime:0.000099s ]
INFO: [ app_begin ] --START--
INFO: Run Behavior\ReadHtmlCacheBehavior [ RunTime:0.001166s ]
INFO: [ app_begin ] --END-- [ RunTime:0.001238s ]
SQL: SHOW COLUMNS FROM `area` [ RunTime:0.0059s ]
SQL: SELECT * FROM `area` WHERE `citycode` = '110100'  [ RunTime:0.0024s ]

[ 2018-02-27T15:25:57+08:00 ] 192.168.0.107 /kuaidian/index.php/Admin/Ajax/shengdoshi.html
INFO: [ app_init ] --START--
INFO: Run Behavior\BuildLiteBehavior [ RunTime:0.000009s ]
INFO: [ app_init ] --END-- [ RunTime:0.000047s ]
INFO: [ app_begin ] --START--
INFO: Run Behavior\ReadHtmlCacheBehavior [ RunTime:0.000477s ]
INFO: [ app_begin ] --END-- [ RunTime:0.000506s ]
SQL: SHOW COLUMNS FROM `city` [ RunTime:0.0046s ]
SQL: SELECT * FROM `city` WHERE `provincecode` = '110000'  [ RunTime:0.0013s ]

[ 2018-02-27T15:26:07+08:00 ] 192.168.0.107 /kuaidian/index.php/Admin/Ajax/shengdoshi.html
INFO: [ app_init ] --START--
INFO: Run Behavior\BuildLiteBehavior [ RunTime:0.000010s ]
INFO: [ app_init ] --END-- [ RunTime:0.000049s ]
INFO: [ app_begin ] --START--
INFO: Run Behavior\ReadHtmlCacheBehavior [ RunTime:0.000447s ]
INFO: [ app_begin ] --END-- [ RunTime:0.000472s ]
SQL: SHOW COLUMNS FROM `city` [ RunTime:0.0047s ]
SQL: SELECT * FROM `city` WHERE `provincecode` = '130000'  [ RunTime:0.0016s ]

[ 2018-02-27T15:28:36+08:00 ] 192.168.0.107 /kuaidian/index.php/Admin/Ajax/shengdoshi.html
INFO: [ app_init ] --START--
INFO: Run Behavior\BuildLiteBehavior [ RunTime:0.000010s ]
INFO: [ app_init ] --END-- [ RunTime:0.000053s ]
INFO: [ app_begin ] --START--
INFO: Run Behavior\ReadHtmlCacheBehavior [ RunTime:0.000474s ]
INFO: [ app_begin ] --END-- [ RunTime:0.000512s ]
SQL: SHOW COLUMNS FROM `city` [ RunTime:0.0054s ]
SQL: SELECT * FROM `city` WHERE `provincecode` = '110000'  [ RunTime:0.0009s ]

[ 2018-02-27T15:28:41+08:00 ] 192.168.0.107 /kuaidian/index.php/Admin/Ajax/shengdoshi.html
INFO: [ app_init ] --START--
INFO: Run Behavior\BuildLiteBehavior [ RunTime:0.000009s ]
INFO: [ app_init ] --END-- [ RunTime:0.000048s ]
INFO: [ app_begin ] --START--
INFO: Run Behavior\ReadHtmlCacheBehavior [ RunTime:0.000484s ]
INFO: [ app_begin ] --END-- [ RunTime:0.000509s ]
SQL: SHOW COLUMNS FROM `city` [ RunTime:0.0046s ]
SQL: SELECT * FROM `city` WHERE `provincecode` = '130000'  [ RunTime:0.0017s ]

[ 2018-02-27T15:28:44+08:00 ] 192.168.0.107 /kuaidian/index.php/Admin/Ajax/index.html
INFO: [ app_init ] --START--
INFO: Run Behavior\BuildLiteBehavior [ RunTime:0.000012s ]
INFO: [ app_init ] --END-- [ RunTime:0.000057s ]
INFO: [ app_begin ] --START--
INFO: Run Behavior\ReadHtmlCacheBehavior [ RunTime:0.000608s ]
INFO: [ app_begin ] --END-- [ RunTime:0.000657s ]
SQL: SHOW COLUMNS FROM `area` [ RunTime:0.0045s ]
SQL: SELECT * FROM `area` WHERE `citycode` = '130300'  [ RunTime:0.0014s ]

[ 2018-02-27T15:29:38+08:00 ] 192.168.0.107 /kuaidian/index.php/Admin/Ajax/shengdoshi.html
INFO: [ app_init ] --START--
INFO: Run Behavior\BuildLiteBehavior [ RunTime:0.000014s ]
INFO: [ app_init ] --END-- [ RunTime:0.000061s ]
INFO: [ app_begin ] --START--
INFO: Run Behavior\ReadHtmlCacheBehavior [ RunTime:0.000760s ]
INFO: [ app_begin ] --END-- [ RunTime:0.000796s ]
SQL: SHOW COLUMNS FROM `city` [ RunTime:0.0064s ]
SQL: SELECT * FROM `city` WHERE `provincecode` = '110000'  [ RunTime:0.0016s ]

[ 2018-02-27T15:29:42+08:00 ] 192.168.0.107 /kuaidian/index.php/Admin/Ajax/index.html
INFO: [ app_init ] --START--
INFO: Run Behavior\BuildLiteBehavior [ RunTime:0.000014s ]
INFO: [ app_init ] --END-- [ RunTime:0.000058s ]
INFO: [ app_begin ] --START--
INFO: Run Behavior\ReadHtmlCacheBehavior [ RunTime:0.000438s ]
INFO: [ app_begin ] --END-- [ RunTime:0.000462s ]
SQL: SHOW COLUMNS FROM `area` [ RunTime:0.0055s ]
SQL: SELECT * FROM `area` WHERE `citycode` = '110100'  [ RunTime:0.0021s ]

[ 2018-02-27T15:30:34+08:00 ] 192.168.0.107 /kuaidian/index.php/Admin/Ajax/shengdoshi.html
INFO: [ app_init ] --START--
INFO: Run Behavior\BuildLiteBehavior [ RunTime:0.000007s ]
INFO: [ app_init ] --END-- [ RunTime:0.000043s ]
INFO: [ app_begin ] --START--
INFO: Run Behavior\ReadHtmlCacheBehavior [ RunTime:0.000441s ]
INFO: [ app_begin ] --END-- [ RunTime:0.000466s ]
SQL: SHOW COLUMNS FROM `city` [ RunTime:0.0043s ]
SQL: SELECT * FROM `city` WHERE `provincecode` = '120000'  [ RunTime:0.0016s ]

[ 2018-02-27T15:30:36+08:00 ] 192.168.0.107 /kuaidian/index.php/Admin/Ajax/index.html
INFO: [ app_init ] --START--
INFO: Run Behavior\BuildLiteBehavior [ RunTime:0.000010s ]
INFO: [ app_init ] --END-- [ RunTime:0.000049s ]
INFO: [ app_begin ] --START--
INFO: Run Behavior\ReadHtmlCacheBehavior [ RunTime:0.000463s ]
INFO: [ app_begin ] --END-- [ RunTime:0.000492s ]
SQL: SHOW COLUMNS FROM `area` [ RunTime:0.0053s ]
SQL: SELECT * FROM `area` WHERE `citycode` = '120100'  [ RunTime:0.0022s ]

[ 2018-02-27T15:31:16+08:00 ] 192.168.0.107 /kuaidian/index.php/Admin/Ajax/index.html
INFO: [ app_init ] --START--
INFO: Run Behavior\BuildLiteBehavior [ RunTime:0.000011s ]
INFO: [ app_init ] --END-- [ RunTime:0.000051s ]
INFO: [ app_begin ] --START--
INFO: Run Behavior\ReadHtmlCacheBehavior [ RunTime:0.000454s ]
INFO: [ app_begin ] --END-- [ RunTime:0.000484s ]
SQL: SHOW COLUMNS FROM `area` [ RunTime:0.0054s ]
SQL: SELECT * FROM `area` WHERE `citycode` = '00000000'  [ RunTime:0.0026s ]

[ 2018-02-27T15:31:47+08:00 ] 192.168.0.107 /kuaidian/index.php/Admin/Ajax/shengdoshi.html
INFO: [ app_init ] --START--
INFO: Run Behavior\BuildLiteBehavior [ RunTime:0.000014s ]
INFO: [ app_init ] --END-- [ RunTime:0.000063s ]
INFO: [ app_begin ] --START--
INFO: Run Behavior\ReadHtmlCacheBehavior [ RunTime:0.000559s ]
INFO: [ app_begin ] --END-- [ RunTime:0.000601s ]
SQL: SHOW COLUMNS FROM `city` [ RunTime:0.0051s ]
SQL: SELECT * FROM `city` WHERE `provincecode` = '120000'  [ RunTime:0.0012s ]

[ 2018-02-27T15:31:54+08:00 ] 192.168.0.107 /kuaidian/index.php/Admin/Ajax/shengdoshi.html
INFO: [ app_init ] --START--
INFO: Run Behavior\BuildLiteBehavior [ RunTime:0.000017s ]
INFO: [ app_init ] --END-- [ RunTime:0.000071s ]
INFO: [ app_begin ] --START--
INFO: Run Behavior\ReadHtmlCacheBehavior [ RunTime:0.000543s ]
INFO: [ app_begin ] --END-- [ RunTime:0.000595s ]
SQL: SHOW COLUMNS FROM `city` [ RunTime:0.0048s ]
SQL: SELECT * FROM `city` WHERE `provincecode` = ''  [ RunTime:0.0014s ]

[ 2018-02-27T15:32:05+08:00 ] 192.168.0.107 /kuaidian/index.php/Admin/Ajax/shengdoshi.html
INFO: [ app_init ] --START--
INFO: Run Behavior\BuildLiteBehavior [ RunTime:0.000012s ]
INFO: [ app_init ] --END-- [ RunTime:0.000066s ]
INFO: [ app_begin ] --START--
INFO: Run Behavior\ReadHtmlCacheBehavior [ RunTime:0.000538s ]
INFO: [ app_begin ] --END-- [ RunTime:0.000583s ]
SQL: SHOW COLUMNS FROM `city` [ RunTime:0.0051s ]
SQL: SELECT * FROM `city` WHERE `provincecode` = '110000'  [ RunTime:0.0016s ]

[ 2018-02-27T15:33:48+08:00 ] 192.168.0.107 /kuaidian/index.php/Admin/Ajax/shengdoshi.html
INFO: [ app_init ] --START--
INFO: Run Behavior\BuildLiteBehavior [ RunTime:0.000010s ]
INFO: [ app_init ] --END-- [ RunTime:0.000052s ]
INFO: [ app_begin ] --START--
INFO: Run Behavior\ReadHtmlCacheBehavior [ RunTime:0.000604s ]
INFO: [ app_begin ] --END-- [ RunTime:0.000653s ]
SQL: SHOW COLUMNS FROM `city` [ RunTime:0.0042s ]
SQL: SELECT * FROM `city` WHERE `provincecode` = '110000'  [ RunTime:0.0013s ]

[ 2018-02-27T15:33:50+08:00 ] 192.168.0.107 /kuaidian/index.php/Admin/Ajax/shengdoshi.html
INFO: [ app_init ] --START--
INFO: Run Behavior\BuildLiteBehavior [ RunTime:0.000012s ]
INFO: [ app_init ] --END-- [ RunTime:0.000051s ]
INFO: [ app_begin ] --START--
INFO: Run Behavior\ReadHtmlCacheBehavior [ RunTime:0.000431s ]
INFO: [ app_begin ] --END-- [ RunTime:0.000458s ]
SQL: SHOW COLUMNS FROM `city` [ RunTime:0.0049s ]
SQL: SELECT * FROM `city` WHERE `provincecode` = '120000'  [ RunTime:0.0016s ]

[ 2018-02-27T15:33:53+08:00 ] 192.168.0.107 /kuaidian/index.php/Admin/Ajax/index.html
INFO: [ app_init ] --START--
INFO: Run Behavior\BuildLiteBehavior [ RunTime:0.000011s ]
INFO: [ app_init ] --END-- [ RunTime:0.000055s ]
INFO: [ app_begin ] --START--
INFO: Run Behavior\ReadHtmlCacheBehavior [ RunTime:0.000473s ]
INFO: [ app_begin ] --END-- [ RunTime:0.000507s ]
SQL: SHOW COLUMNS FROM `area` [ RunTime:0.0040s ]
SQL: SELECT * FROM `area` WHERE `citycode` = '120100'  [ RunTime:0.0012s ]

[ 2018-02-27T15:36:41+08:00 ] 192.168.0.107 /kuaidian/index.php/Admin/Ajax/shengdoshi.html
INFO: [ app_init ] --START--
INFO: Run Behavior\BuildLiteBehavior [ RunTime:0.000015s ]
INFO: [ app_init ] --END-- [ RunTime:0.000062s ]
INFO: [ app_begin ] --START--
INFO: Run Behavior\ReadHtmlCacheBehavior [ RunTime:0.000658s ]
INFO: [ app_begin ] --END-- [ RunTime:0.000705s ]
SQL: SHOW COLUMNS FROM `city` [ RunTime:0.0054s ]
SQL: SELECT * FROM `city` WHERE `provincecode` = '120000'  [ RunTime:0.0014s ]

[ 2018-02-27T15:36:42+08:00 ] 192.168.0.107 /kuaidian/index.php/Admin/Ajax/index.html
INFO: [ app_init ] --START--
INFO: Run Behavior\BuildLiteBehavior [ RunTime:0.000009s ]
INFO: [ app_init ] --END-- [ RunTime:0.000048s ]
INFO: [ app_begin ] --START--
INFO: Run Behavior\ReadHtmlCacheBehavior [ RunTime:0.000464s ]
INFO: [ app_begin ] --END-- [ RunTime:0.000512s ]
SQL: SHOW COLUMNS FROM `area` [ RunTime:0.0045s ]
SQL: SELECT * FROM `area` WHERE `citycode` = '120100'  [ RunTime:0.0017s ]

[ 2018-02-27T15:37:35+08:00 ] 192.168.0.107 /kuaidian/index.php/Admin/Ajax/shengdoshi.html
INFO: [ app_init ] --START--
INFO: Run Behavior\BuildLiteBehavior [ RunTime:0.000011s ]
INFO: [ app_init ] --END-- [ RunTime:0.000055s ]
INFO: [ app_begin ] --START--
INFO: Run Behavior\ReadHtmlCacheBehavior [ RunTime:0.000620s ]
INFO: [ app_begin ] --END-- [ RunTime:0.000662s ]
SQL: SHOW COLUMNS FROM `city` [ RunTime:0.0050s ]
SQL: SELECT * FROM `city` WHERE `provincecode` = '120000'  [ RunTime:0.0008s ]

[ 2018-02-27T15:37:36+08:00 ] 192.168.0.107 /kuaidian/index.php/Admin/Ajax/index.html
INFO: [ app_init ] --START--
INFO: Run Behavior\BuildLiteBehavior [ RunTime:0.000014s ]
INFO: [ app_init ] --END-- [ RunTime:0.000065s ]
INFO: [ app_begin ] --START--
INFO: Run Behavior\ReadHtmlCacheBehavior [ RunTime:0.000542s ]
INFO: [ app_begin ] --END-- [ RunTime:0.000578s ]
SQL: SHOW COLUMNS FROM `area` [ RunTime:0.0049s ]
SQL: SELECT * FROM `area` WHERE `citycode` = '120100'  [ RunTime:0.0018s ]

[ 2018-02-27T15:38:06+08:00 ] 192.168.0.107 /kuaidian/index.php/Admin/Ajax/shengdoshi.html
INFO: [ app_init ] --START--
INFO: Run Behavior\BuildLiteBehavior [ RunTime:0.000012s ]
INFO: [ app_init ] --END-- [ RunTime:0.000057s ]
INFO: [ app_begin ] --START--
INFO: Run Behavior\ReadHtmlCacheBehavior [ RunTime:0.000639s ]
INFO: [ app_begin ] --END-- [ RunTime:0.000689s ]
SQL: SHOW COLUMNS FROM `city` [ RunTime:0.0059s ]
SQL: SELECT * FROM `city` WHERE `provincecode` = '110000'  [ RunTime:0.0012s ]

[ 2018-02-27T15:38:07+08:00 ] 192.168.0.107 /kuaidian/index.php/Admin/Ajax/index.html
INFO: [ app_init ] --START--
INFO: Run Behavior\BuildLiteBehavior [ RunTime:0.000013s ]
INFO: [ app_init ] --END-- [ RunTime:0.000059s ]
INFO: [ app_begin ] --START--
INFO: Run Behavior\ReadHtmlCacheBehavior [ RunTime:0.000592s ]
INFO: [ app_begin ] --END-- [ RunTime:0.000628s ]
SQL: SHOW COLUMNS FROM `area` [ RunTime:0.0053s ]
SQL: SELECT * FROM `area` WHERE `citycode` = '110100'  [ RunTime:0.0022s ]

[ 2018-02-27T15:38:10+08:00 ] 192.168.0.107 /kuaidian/index.php/Admin/Ajax/shengdoshi.html
INFO: [ app_init ] --START--
INFO: Run Behavior\BuildLiteBehavior [ RunTime:0.000009s ]
INFO: [ app_init ] --END-- [ RunTime:0.000049s ]
INFO: [ app_begin ] --START--
INFO: Run Behavior\ReadHtmlCacheBehavior [ RunTime:0.000449s ]
INFO: [ app_begin ] --END-- [ RunTime:0.000473s ]
SQL: SHOW COLUMNS FROM `city` [ RunTime:0.0046s ]
SQL: SELECT * FROM `city` WHERE `provincecode` = '120000'  [ RunTime:0.0011s ]

[ 2018-02-27T15:38:12+08:00 ] 192.168.0.107 /kuaidian/index.php/Admin/Ajax/index.html
INFO: [ app_init ] --START--
INFO: Run Behavior\BuildLiteBehavior [ RunTime:0.000012s ]
INFO: [ app_init ] --END-- [ RunTime:0.000057s ]
INFO: [ app_begin ] --START--
INFO: Run Behavior\ReadHtmlCacheBehavior [ RunTime:0.000612s ]
INFO: [ app_begin ] --END-- [ RunTime:0.000664s ]
SQL: SHOW COLUMNS FROM `area` [ RunTime:0.0044s ]
SQL: SELECT * FROM `area` WHERE `citycode` = '120100'  [ RunTime:0.0016s ]

[ 2018-02-27T15:38:23+08:00 ] 192.168.0.107 /kuaidian/index.php/Admin/Ajax/shengdoshi.html
INFO: [ app_init ] --START--
INFO: Run Behavior\BuildLiteBehavior [ RunTime:0.000010s ]
INFO: [ app_init ] --END-- [ RunTime:0.000048s ]
INFO: [ app_begin ] --START--
INFO: Run Behavior\ReadHtmlCacheBehavior [ RunTime:0.000662s ]
INFO: [ app_begin ] --END-- [ RunTime:0.000716s ]
SQL: SHOW COLUMNS FROM `city` [ RunTime:0.0047s ]
SQL: SELECT * FROM `city` WHERE `provincecode` = '120000'  [ RunTime:0.0012s ]

[ 2018-02-27T15:38:26+08:00 ] 192.168.0.107 /kuaidian/index.php/Admin/Ajax/index.html
INFO: [ app_init ] --START--
INFO: Run Behavior\BuildLiteBehavior [ RunTime:0.000013s ]
INFO: [ app_init ] --END-- [ RunTime:0.000061s ]
INFO: [ app_begin ] --START--
INFO: Run Behavior\ReadHtmlCacheBehavior [ RunTime:0.000650s ]
INFO: [ app_begin ] --END-- [ RunTime:0.000701s ]
SQL: SHOW COLUMNS FROM `area` [ RunTime:0.0056s ]
SQL: SELECT * FROM `area` WHERE `citycode` = '120100'  [ RunTime:0.0017s ]

[ 2018-02-27T15:38:48+08:00 ] 192.168.0.104 /kuaidian/index.php/Admin/Ajax/shengdoshi.html
INFO: [ app_init ] --START--
INFO: Run Behavior\BuildLiteBehavior [ RunTime:0.000011s ]
INFO: [ app_init ] --END-- [ RunTime:0.000061s ]
INFO: [ app_begin ] --START--
INFO: Run Behavior\ReadHtmlCacheBehavior [ RunTime:0.000699s ]
INFO: [ app_begin ] --END-- [ RunTime:0.000744s ]
SQL: SHOW COLUMNS FROM `city` [ RunTime:0.0059s ]
SQL: SELECT * FROM `city` WHERE `provincecode` = '120000'  [ RunTime:0.0007s ]

[ 2018-02-27T15:38:49+08:00 ] 192.168.0.101 /kuaidian/index.php/Admin/Ajax/shengdoshi.html
INFO: [ app_init ] --START--
INFO: Run Behavior\BuildLiteBehavior [ RunTime:0.000009s ]
INFO: [ app_init ] --END-- [ RunTime:0.000048s ]
INFO: [ app_begin ] --START--
INFO: Run Behavior\ReadHtmlCacheBehavior [ RunTime:0.000428s ]
INFO: [ app_begin ] --END-- [ RunTime:0.000453s ]
SQL: SHOW COLUMNS FROM `city` [ RunTime:0.0051s ]
SQL: SELECT * FROM `city` WHERE `provincecode` = '110000'  [ RunTime:0.0008s ]

[ 2018-02-27T15:38:53+08:00 ] 192.168.0.101 /kuaidian/index.php/Admin/Ajax/index.html
INFO: [ app_init ] --START--
INFO: Run Behavior\BuildLiteBehavior [ RunTime:0.000011s ]
INFO: [ app_init ] --END-- [ RunTime:0.000058s ]
INFO: [ app_begin ] --START--
INFO: Run Behavior\ReadHtmlCacheBehavior [ RunTime:0.000491s ]
INFO: [ app_begin ] --END-- [ RunTime:0.000520s ]
SQL: SHOW COLUMNS FROM `area` [ RunTime:0.0049s ]
SQL: SELECT * FROM `area` WHERE `citycode` = '110100'  [ RunTime:0.0023s ]

[ 2018-02-27T15:39:16+08:00 ] 192.168.0.104 /kuaidian/index.php/Admin/Ajax/shengdoshi.html
INFO: [ app_init ] --START--
INFO: Run Behavior\BuildLiteBehavior [ RunTime:0.000010s ]
INFO: [ app_init ] --END-- [ RunTime:0.000058s ]
INFO: [ app_begin ] --START--
INFO: Run Behavior\ReadHtmlCacheBehavior [ RunTime:0.000649s ]
INFO: [ app_begin ] --END-- [ RunTime:0.000683s ]
SQL: SHOW COLUMNS FROM `city` [ RunTime:0.0057s ]
SQL: SELECT * FROM `city` WHERE `provincecode` = '130000'  [ RunTime:0.0010s ]

[ 2018-02-27T15:41:33+08:00 ] 192.168.0.107 /kuaidian/index.php/Admin/Ajax/shengdoshi.html
INFO: [ app_init ] --START--
INFO: Run Behavior\BuildLiteBehavior [ RunTime:0.000017s ]
INFO: [ app_init ] --END-- [ RunTime:0.000071s ]
INFO: [ app_begin ] --START--
INFO: Run Behavior\ReadHtmlCacheBehavior [ RunTime:0.000450s ]
INFO: [ app_begin ] --END-- [ RunTime:0.000482s ]
SQL: SHOW COLUMNS FROM `city` [ RunTime:0.0055s ]
SQL: SELECT * FROM `city` WHERE `provincecode` = '110000'  [ RunTime:0.0010s ]

[ 2018-02-27T15:41:34+08:00 ] 192.168.0.107 /kuaidian/index.php/Admin/Ajax/index.html
INFO: [ app_init ] --START--
INFO: Run Behavior\BuildLiteBehavior [ RunTime:0.000012s ]
INFO: [ app_init ] --END-- [ RunTime:0.000056s ]
INFO: [ app_begin ] --START--
INFO: Run Behavior\ReadHtmlCacheBehavior [ RunTime:0.000502s ]
INFO: [ app_begin ] --END-- [ RunTime:0.000539s ]
SQL: SHOW COLUMNS FROM `area` [ RunTime:0.0048s ]
SQL: SELECT * FROM `area` WHERE `citycode` = '110100'  [ RunTime:0.0023s ]

[ 2018-02-27T15:42:01+08:00 ] 192.168.0.104 /kuaidian/index.php/Admin/Ajax/shengdoshi.html
INFO: [ app_init ] --START--
INFO: Run Behavior\BuildLiteBehavior [ RunTime:0.000010s ]
INFO: [ app_init ] --END-- [ RunTime:0.000053s ]
INFO: [ app_begin ] --START--
INFO: Run Behavior\ReadHtmlCacheBehavior [ RunTime:0.000592s ]
INFO: [ app_begin ] --END-- [ RunTime:0.000625s ]
SQL: SHOW COLUMNS FROM `city` [ RunTime:0.0060s ]
SQL: SELECT * FROM `city` WHERE `provincecode` = '130000'  [ RunTime:0.0021s ]

[ 2018-02-27T15:42:09+08:00 ] 192.168.0.104 /kuaidian/index.php/Admin/Ajax/shengdoshi.html
INFO: [ app_init ] --START--
INFO: Run Behavior\BuildLiteBehavior [ RunTime:0.000012s ]
INFO: [ app_init ] --END-- [ RunTime:0.000059s ]
INFO: [ app_begin ] --START--
INFO: Run Behavior\ReadHtmlCacheBehavior [ RunTime:0.000494s ]
INFO: [ app_begin ] --END-- [ RunTime:0.000525s ]
SQL: SHOW COLUMNS FROM `city` [ RunTime:0.0048s ]
SQL: SELECT * FROM `city` WHERE `provincecode` = '130000'  [ RunTime:0.0015s ]

[ 2018-02-27T15:42:14+08:00 ] 192.168.0.104 /kuaidian/index.php/Admin/Ajax/index.html
INFO: [ app_init ] --START--
INFO: Run Behavior\BuildLiteBehavior [ RunTime:0.000010s ]
INFO: [ app_init ] --END-- [ RunTime:0.000056s ]
INFO: [ app_begin ] --START--
INFO: Run Behavior\ReadHtmlCacheBehavior [ RunTime:0.000661s ]
INFO: [ app_begin ] --END-- [ RunTime:0.000695s ]
SQL: SHOW COLUMNS FROM `area` [ RunTime:0.0052s ]
SQL: SELECT * FROM `area` WHERE `citycode` = '130100'  [ RunTime:0.0028s ]

[ 2018-02-27T15:42:49+08:00 ] 192.168.0.104 /kuaidian/index.php/Admin/Ajax/shengdoshi.html
INFO: [ app_init ] --START--
INFO: Run Behavior\BuildLiteBehavior [ RunTime:0.000011s ]
INFO: [ app_init ] --END-- [ RunTime:0.000058s ]
INFO: [ app_begin ] --START--
INFO: Run Behavior\ReadHtmlCacheBehavior [ RunTime:0.000597s ]
INFO: [ app_begin ] --END-- [ RunTime:0.000640s ]
SQL: SHOW COLUMNS FROM `city` [ RunTime:0.0052s ]
SQL: SELECT * FROM `city` WHERE `provincecode` = '150000'  [ RunTime:0.0013s ]

[ 2018-02-27T15:42:55+08:00 ] 192.168.0.104 /kuaidian/index.php/Admin/Ajax/index.html
INFO: [ app_init ] --START--
INFO: Run Behavior\BuildLiteBehavior [ RunTime:0.000016s ]
INFO: [ app_init ] --END-- [ RunTime:0.000076s ]
INFO: [ app_begin ] --START--
INFO: Run Behavior\ReadHtmlCacheBehavior [ RunTime:0.000761s ]
INFO: [ app_begin ] --END-- [ RunTime:0.000810s ]
SQL: SHOW COLUMNS FROM `area` [ RunTime:0.0049s ]
SQL: SELECT * FROM `area` WHERE `citycode` = '150100'  [ RunTime:0.0014s ]

[ 2018-02-27T15:43:39+08:00 ] 192.168.0.104 /kuaidian/index.php/Admin/Ajax/shengdoshi.html
INFO: [ app_init ] --START--
INFO: Run Behavior\BuildLiteBehavior [ RunTime:0.000014s ]
INFO: [ app_init ] --END-- [ RunTime:0.000066s ]
INFO: [ app_begin ] --START--
INFO: Run Behavior\ReadHtmlCacheBehavior [ RunTime:0.001124s ]
INFO: [ app_begin ] --END-- [ RunTime:0.001234s ]
SQL: SHOW COLUMNS FROM `city` [ RunTime:0.0049s ]
SQL: SELECT * FROM `city` WHERE `provincecode` = '120000'  [ RunTime:0.0018s ]

[ 2018-02-27T15:43:59+08:00 ] 192.168.0.104 /kuaidian/index.php/Admin/Ajax/shengdoshi.html
INFO: [ app_init ] --START--
INFO: Run Behavior\BuildLiteBehavior [ RunTime:0.000011s ]
INFO: [ app_init ] --END-- [ RunTime:0.000065s ]
INFO: [ app_begin ] --START--
INFO: Run Behavior\ReadHtmlCacheBehavior [ RunTime:0.000649s ]
INFO: [ app_begin ] --END-- [ RunTime:0.000691s ]
SQL: SHOW COLUMNS FROM `city` [ RunTime:0.0049s ]
SQL: SELECT * FROM `city` WHERE `provincecode` = '120000'  [ RunTime:0.0019s ]

[ 2018-02-27T15:44:09+08:00 ] 192.168.0.104 /kuaidian/index.php/Admin/Ajax/shengdoshi.html
INFO: [ app_init ] --START--
INFO: Run Behavior\BuildLiteBehavior [ RunTime:0.000010s ]
INFO: [ app_init ] --END-- [ RunTime:0.000055s ]
INFO: [ app_begin ] --START--
INFO: Run Behavior\ReadHtmlCacheBehavior [ RunTime:0.000493s ]
INFO: [ app_begin ] --END-- [ RunTime:0.000532s ]
SQL: SHOW COLUMNS FROM `city` [ RunTime:0.0046s ]
SQL: SELECT * FROM `city` WHERE `provincecode` = '130000'  [ RunTime:0.0008s ]

[ 2018-02-27T15:45:09+08:00 ] 192.168.0.107 /kuaidian/index.php/Admin/Ajax/shengdoshi.html
INFO: [ app_init ] --START--
INFO: Run Behavior\BuildLiteBehavior [ RunTime:0.000015s ]
INFO: [ app_init ] --END-- [ RunTime:0.000072s ]
INFO: [ app_begin ] --START--
INFO: Run Behavior\ReadHtmlCacheBehavior [ RunTime:0.000533s ]
INFO: [ app_begin ] --END-- [ RunTime:0.000573s ]
SQL: SHOW COLUMNS FROM `city` [ RunTime:0.0052s ]
SQL: SELECT * FROM `city` WHERE `provincecode` = '110000'  [ RunTime:0.0017s ]

[ 2018-02-27T15:45:11+08:00 ] 192.168.0.107 /kuaidian/index.php/Admin/Ajax/index.html
INFO: [ app_init ] --START--
INFO: Run Behavior\BuildLiteBehavior [ RunTime:0.000011s ]
INFO: [ app_init ] --END-- [ RunTime:0.000050s ]
INFO: [ app_begin ] --START--
INFO: Run Behavior\ReadHtmlCacheBehavior [ RunTime:0.000519s ]
INFO: [ app_begin ] --END-- [ RunTime:0.000551s ]
SQL: SHOW COLUMNS FROM `area` [ RunTime:0.0053s ]
SQL: SELECT * FROM `area` WHERE `citycode` = '110100'  [ RunTime:0.0019s ]

[ 2018-02-27T15:46:37+08:00 ] 192.168.0.100 /kuaidian/index.php/Admin/Ajax/shengdoshi.html
INFO: [ app_init ] --START--
INFO: Run Behavior\BuildLiteBehavior [ RunTime:0.000018s ]
INFO: [ app_init ] --END-- [ RunTime:0.000098s ]
INFO: [ app_begin ] --START--
INFO: Run Behavior\ReadHtmlCacheBehavior [ RunTime:0.001940s ]
INFO: [ app_begin ] --END-- [ RunTime:0.002014s ]
SQL: SHOW COLUMNS FROM `city` [ RunTime:0.0066s ]
SQL: SELECT * FROM `city` WHERE `provincecode` = '110000'  [ RunTime:0.0022s ]

[ 2018-02-27T15:46:38+08:00 ] 192.168.0.100 /kuaidian/index.php/Admin/Ajax/index.html
INFO: [ app_init ] --START--
INFO: Run Behavior\BuildLiteBehavior [ RunTime:0.000008s ]
INFO: [ app_init ] --END-- [ RunTime:0.000046s ]
INFO: [ app_begin ] --START--
INFO: Run Behavior\ReadHtmlCacheBehavior [ RunTime:0.000461s ]
INFO: [ app_begin ] --END-- [ RunTime:0.000485s ]
SQL: SHOW COLUMNS FROM `area` [ RunTime:0.0060s ]
SQL: SELECT * FROM `area` WHERE `citycode` = '110100'  [ RunTime:0.0026s ]

[ 2018-02-27T15:50:58+08:00 ] 192.168.0.104 /kuaidian/index.php/Admin/Ajax/shengdoshi.html
INFO: [ app_init ] --START--
INFO: Run Behavior\BuildLiteBehavior [ RunTime:0.000008s ]
INFO: [ app_init ] --END-- [ RunTime:0.000051s ]
INFO: [ app_begin ] --START--
INFO: Run Behavior\ReadHtmlCacheBehavior [ RunTime:0.000650s ]
INFO: [ app_begin ] --END-- [ RunTime:0.000693s ]
SQL: SHOW COLUMNS FROM `city` [ RunTime:0.0057s ]
SQL: SELECT * FROM `city` WHERE `provincecode` = '110000'  [ RunTime:0.0019s ]

[ 2018-02-27T15:51:43+08:00 ] 192.168.0.104 /kuaidian/index.php/Admin/Ajax/shengdoshi.html
INFO: [ app_init ] --START--
INFO: Run Behavior\BuildLiteBehavior [ RunTime:0.000011s ]
INFO: [ app_init ] --END-- [ RunTime:0.000058s ]
INFO: [ app_begin ] --START--
INFO: Run Behavior\ReadHtmlCacheBehavior [ RunTime:0.000550s ]
INFO: [ app_begin ] --END-- [ RunTime:0.000581s ]
SQL: SHOW COLUMNS FROM `city` [ RunTime:0.0070s ]
SQL: SELECT * FROM `city` WHERE `provincecode` = '130000'  [ RunTime:0.0012s ]

[ 2018-02-27T15:51:47+08:00 ] 192.168.0.104 /kuaidian/index.php/Admin/Ajax/index.html
INFO: [ app_init ] --START--
INFO: Run Behavior\BuildLiteBehavior [ RunTime:0.000012s ]
INFO: [ app_init ] --END-- [ RunTime:0.000054s ]
INFO: [ app_begin ] --START--
INFO: Run Behavior\ReadHtmlCacheBehavior [ RunTime:0.000535s ]
INFO: [ app_begin ] --END-- [ RunTime:0.000569s ]
SQL: SHOW COLUMNS FROM `area` [ RunTime:0.0053s ]
SQL: SELECT * FROM `area` WHERE `citycode` = '130100'  [ RunTime:0.0026s ]

[ 2018-02-27T16:35:57+08:00 ] ::1 /kuaidian/index.php/Admin/shop/index.html?id=1
INFO: [ app_init ] --START--
INFO: Run Behavior\BuildLiteBehavior [ RunTime:0.000009s ]
INFO: [ app_init ] --END-- [ RunTime:0.000051s ]
INFO: [ app_begin ] --START--
INFO: Run Behavior\ReadHtmlCacheBehavior [ RunTime:0.000843s ]
INFO: [ app_begin ] --END-- [ RunTime:0.000886s ]
SQL: SHOW COLUMNS FROM `city` [ RunTime:0.0047s ]
SQL: SELECT * FROM `city` ORDER BY paix desc  [ RunTime:0.0071s ]
SQL: SHOW COLUMNS FROM `shop` [ RunTime:0.0069s ]
SQL: SELECT * FROM `shop`  [ RunTime:0.0020s ]
INFO: [ view_parse ] --START--
INFO: [ template_filter ] --START--
INFO: Run Behavior\ContentReplaceBehavior [ RunTime:0.000101s ]
INFO: [ template_filter ] --END-- [ RunTime:0.000141s ]
NOTIC: [8] Use of undefined constant Index - assumed 'Index' D:\xampp\htdocs\kuaidian\Application\Runtime\Cache\Admin\52fa67f14c08742f6c521ab8140bab06.php  83 .
NOTIC: [8] Use of undefined constant Shop - assumed 'Shop' D:\xampp\htdocs\kuaidian\Application\Runtime\Cache\Admin\52fa67f14c08742f6c521ab8140bab06.php  91 .
NOTIC: [2] array_pop() expects parameter 1 to be array, null given D:\xampp\htdocs\kuaidian\Application\Runtime\Cache\Admin\52fa67f14c08742f6c521ab8140bab06.php  173 .
NOTIC: [2] Invalid argument supplied for foreach() D:\xampp\htdocs\kuaidian\Application\Runtime\Cache\Admin\52fa67f14c08742f6c521ab8140bab06.php  173 .
NOTIC: [8] Undefined variable: active D:\xampp\htdocs\kuaidian\Application\Runtime\Cache\Admin\52fa67f14c08742f6c521ab8140bab06.php  176 .
NOTIC: [8] Undefined variable: info D:\xampp\htdocs\kuaidian\Application\Runtime\Cache\Admin\52fa67f14c08742f6c521ab8140bab06.php  257 .
SQL: SELECT `name` FROM `city` WHERE `code` = '130100'  [ RunTime:0.0018s ]
SQL: SHOW COLUMNS FROM `shop_type` [ RunTime:0.0061s ]
SQL: SELECT `mingch` FROM `shop_type` WHERE `id` = 1  [ RunTime:0.0011s ]
SQL: SHOW COLUMNS FROM `sale` [ RunTime:0.0058s ]
SQL: SELECT COUNT(*) AS tp_count FROM `sale` WHERE `dep_type` = 44 LIMIT 1   [ RunTime:0.0012s ]
SQL: SELECT `name` FROM `city` WHERE `code` = '130100'  [ RunTime:0.0012s ]
SQL: SELECT `mingch` FROM `shop_type` WHERE `id` = 1  [ RunTime:0.0013s ]
SQL: SELECT COUNT(*) AS tp_count FROM `sale` WHERE `dep_type` = 45 LIMIT 1   [ RunTime:0.0008s ]
SQL: SELECT `name` FROM `city` WHERE `code` = '130200'  [ RunTime:0.0016s ]
SQL: SELECT `mingch` FROM `shop_type` WHERE `id` = 1  [ RunTime:0.0027s ]
SQL: SELECT COUNT(*) AS tp_count FROM `sale` WHERE `dep_type` = 47 LIMIT 1   [ RunTime:0.0014s ]
SQL: SELECT `name` FROM `city` WHERE `code` = '130100'  [ RunTime:0.0008s ]
SQL: SELECT `mingch` FROM `shop_type` WHERE `id` = 0  [ RunTime:0.0005s ]
NOTIC: [8] Undefined offset: 0 D:\xampp\htdocs\kuaidian\Application\Common\Common\function.php  128 .
SQL: SELECT COUNT(*) AS tp_count FROM `sale` WHERE `dep_type` = 48 LIMIT 1   [ RunTime:0.0006s ]
SQL: SELECT `name` FROM `city` WHERE `code` = '0'  [ RunTime:0.0007s ]
NOTIC: [8] Undefined offset: 0 D:\xampp\htdocs\kuaidian\Application\Common\Common\function.php  109 .
SQL: SELECT `mingch` FROM `shop_type` WHERE `id` = 0  [ RunTime:0.0010s ]
NOTIC: [8] Undefined offset: 0 D:\xampp\htdocs\kuaidian\Application\Common\Common\function.php  128 .
SQL: SELECT COUNT(*) AS tp_count FROM `sale` WHERE `dep_type` = 49 LIMIT 1   [ RunTime:0.0016s ]
SQL: SELECT `name` FROM `city` WHERE `code` = '0'  [ RunTime:0.0016s ]
NOTIC: [8] Undefined offset: 0 D:\xampp\htdocs\kuaidian\Application\Common\Common\function.php  109 .
SQL: SELECT `mingch` FROM `shop_type` WHERE `id` = 0  [ RunTime:0.0011s ]
NOTIC: [8] Undefined offset: 0 D:\xampp\htdocs\kuaidian\Application\Common\Common\function.php  128 .
SQL: SELECT COUNT(*) AS tp_count FROM `sale` WHERE `dep_type` = 50 LIMIT 1   [ RunTime:0.0007s ]
INFO: Run Behavior\ParseTemplateBehavior [ RunTime:0.071223s ]
INFO: [ view_parse ] --END-- [ RunTime:0.071249s ]
INFO: [ view_filter ] --START--
INFO: Run Behavior\WriteHtmlCacheBehavior [ RunTime:0.000754s ]
INFO: [ view_filter ] --END-- [ RunTime:0.000780s ]
INFO: [ app_end ] --START--
INFO: Run Behavior\ShowPageTraceBehavior [ RunTime:0.000752s ]
INFO: [ app_end ] --END-- [ RunTime:0.000781s ]

[ 2018-02-27T16:36:07+08:00 ] ::1 /kuaidian/index.php/Admin/Foodtype/index/menid/44/id/1.html
INFO: [ app_init ] --START--
INFO: Run Behavior\BuildLiteBehavior [ RunTime:0.000008s ]
INFO: [ app_init ] --END-- [ RunTime:0.000046s ]
INFO: [ app_begin ] --START--
INFO: Run Behavior\ReadHtmlCacheBehavior [ RunTime:0.000673s ]
INFO: [ app_begin ] --END-- [ RunTime:0.000722s ]
SQL: SHOW COLUMNS FROM `city` [ RunTime:0.0048s ]
SQL: SELECT * FROM `city` ORDER BY paix desc  [ RunTime:0.0053s ]
SQL: SHOW COLUMNS FROM `food_type` [ RunTime:0.0055s ]
SQL: SELECT * FROM `food_type` WHERE `dep_type` = 44  [ RunTime:0.0022s ]
INFO: [ view_parse ] --START--
INFO: [ template_filter ] --START--
INFO: Run Behavior\ContentReplaceBehavior [ RunTime:0.000081s ]
INFO: [ template_filter ] --END-- [ RunTime:0.000115s ]
NOTIC: [8] Use of undefined constant Index - assumed 'Index' D:\xampp\htdocs\kuaidian\Application\Runtime\Cache\Admin\7deb05ffd50a2a29911e18ff381537b0.php  83 .
NOTIC: [8] Use of undefined constant Shop - assumed 'Shop' D:\xampp\htdocs\kuaidian\Application\Runtime\Cache\Admin\7deb05ffd50a2a29911e18ff381537b0.php  91 .
NOTIC: [8] Use of undefined constant Shoptype - assumed 'Shoptype' D:\xampp\htdocs\kuaidian\Application\Runtime\Cache\Admin\7deb05ffd50a2a29911e18ff381537b0.php  91 .
NOTIC: [8] Use of undefined constant Danwei - assumed 'Danwei' D:\xampp\htdocs\kuaidian\Application\Runtime\Cache\Admin\7deb05ffd50a2a29911e18ff381537b0.php  91 .
NOTIC: [8] Use of undefined constant Seat - assumed 'Seat' D:\xampp\htdocs\kuaidian\Application\Runtime\Cache\Admin\7deb05ffd50a2a29911e18ff381537b0.php  91 .
NOTIC: [8] Use of undefined constant Sale - assumed 'Sale' D:\xampp\htdocs\kuaidian\Application\Runtime\Cache\Admin\7deb05ffd50a2a29911e18ff381537b0.php  91 .
NOTIC: [8] Use of undefined constant Food - assumed 'Food' D:\xampp\htdocs\kuaidian\Application\Runtime\Cache\Admin\7deb05ffd50a2a29911e18ff381537b0.php  91 .
NOTIC: [8] Use of undefined constant Seattype - assumed 'Seattype' D:\xampp\htdocs\kuaidian\Application\Runtime\Cache\Admin\7deb05ffd50a2a29911e18ff381537b0.php  91 .
NOTIC: [8] Use of undefined constant Foodtype - assumed 'Foodtype' D:\xampp\htdocs\kuaidian\Application\Runtime\Cache\Admin\7deb05ffd50a2a29911e18ff381537b0.php  91 .
NOTIC: [2] array_pop() expects parameter 1 to be array, null given D:\xampp\htdocs\kuaidian\Application\Runtime\Cache\Admin\7deb05ffd50a2a29911e18ff381537b0.php  173 .
NOTIC: [2] Invalid argument supplied for foreach() D:\xampp\htdocs\kuaidian\Application\Runtime\Cache\Admin\7deb05ffd50a2a29911e18ff381537b0.php  173 .
NOTIC: [8] Undefined variable: active D:\xampp\htdocs\kuaidian\Application\Runtime\Cache\Admin\7deb05ffd50a2a29911e18ff381537b0.php  176 .
NOTIC: [8] Undefined variable: info D:\xampp\htdocs\kuaidian\Application\Runtime\Cache\Admin\7deb05ffd50a2a29911e18ff381537b0.php  257 .
INFO: Run Behavior\ParseTemplateBehavior [ RunTime:0.018069s ]
INFO: [ view_parse ] --END-- [ RunTime:0.018125s ]
INFO: [ view_filter ] --START--
INFO: Run Behavior\WriteHtmlCacheBehavior [ RunTime:0.000538s ]
INFO: [ view_filter ] --END-- [ RunTime:0.000570s ]
INFO: [ app_end ] --START--
INFO: Run Behavior\ShowPageTraceBehavior [ RunTime:0.000783s ]
INFO: [ app_end ] --END-- [ RunTime:0.000827s ]

[ 2018-02-27T16:36:59+08:00 ] ::1 /kuaidian/index.php/Admin/Foodtype/index/menid/47/id/1.html
INFO: [ app_init ] --START--
INFO: Run Behavior\BuildLiteBehavior [ RunTime:0.000017s ]
INFO: [ app_init ] --END-- [ RunTime:0.000074s ]
INFO: [ app_begin ] --START--
INFO: Run Behavior\ReadHtmlCacheBehavior [ RunTime:0.000461s ]
INFO: [ app_begin ] --END-- [ RunTime:0.000490s ]
SQL: SHOW COLUMNS FROM `city` [ RunTime:0.0046s ]
SQL: SELECT * FROM `city` ORDER BY paix desc  [ RunTime:0.0054s ]
SQL: SHOW COLUMNS FROM `food_type` [ RunTime:0.0075s ]
SQL: SELECT * FROM `food_type` WHERE `dep_type` = 47  [ RunTime:0.0011s ]
INFO: [ view_parse ] --START--
INFO: [ template_filter ] --START--
INFO: Run Behavior\ContentReplaceBehavior [ RunTime:0.000084s ]
INFO: [ template_filter ] --END-- [ RunTime:0.000120s ]
NOTIC: [8] Use of undefined constant Index - assumed 'Index' D:\xampp\htdocs\kuaidian\Application\Runtime\Cache\Admin\7deb05ffd50a2a29911e18ff381537b0.php  83 .
NOTIC: [8] Use of undefined constant Shop - assumed 'Shop' D:\xampp\htdocs\kuaidian\Application\Runtime\Cache\Admin\7deb05ffd50a2a29911e18ff381537b0.php  91 .
NOTIC: [8] Use of undefined constant Shoptype - assumed 'Shoptype' D:\xampp\htdocs\kuaidian\Application\Runtime\Cache\Admin\7deb05ffd50a2a29911e18ff381537b0.php  91 .
NOTIC: [8] Use of undefined constant Danwei - assumed 'Danwei' D:\xampp\htdocs\kuaidian\Application\Runtime\Cache\Admin\7deb05ffd50a2a29911e18ff381537b0.php  91 .
NOTIC: [8] Use of undefined constant Seat - assumed 'Seat' D:\xampp\htdocs\kuaidian\Application\Runtime\Cache\Admin\7deb05ffd50a2a29911e18ff381537b0.php  91 .
NOTIC: [8] Use of undefined constant Sale - assumed 'Sale' D:\xampp\htdocs\kuaidian\Application\Runtime\Cache\Admin\7deb05ffd50a2a29911e18ff381537b0.php  91 .
NOTIC: [8] Use of undefined constant Food - assumed 'Food' D:\xampp\htdocs\kuaidian\Application\Runtime\Cache\Admin\7deb05ffd50a2a29911e18ff381537b0.php  91 .
NOTIC: [8] Use of undefined constant Seattype - assumed 'Seattype' D:\xampp\htdocs\kuaidian\Application\Runtime\Cache\Admin\7deb05ffd50a2a29911e18ff381537b0.php  91 .
NOTIC: [8] Use of undefined constant Foodtype - assumed 'Foodtype' D:\xampp\htdocs\kuaidian\Application\Runtime\Cache\Admin\7deb05ffd50a2a29911e18ff381537b0.php  91 .
NOTIC: [2] array_pop() expects parameter 1 to be array, null given D:\xampp\htdocs\kuaidian\Application\Runtime\Cache\Admin\7deb05ffd50a2a29911e18ff381537b0.php  173 .
NOTIC: [2] Invalid argument supplied for foreach() D:\xampp\htdocs\kuaidian\Application\Runtime\Cache\Admin\7deb05ffd50a2a29911e18ff381537b0.php  173 .
NOTIC: [8] Undefined variable: active D:\xampp\htdocs\kuaidian\Application\Runtime\Cache\Admin\7deb05ffd50a2a29911e18ff381537b0.php  176 .
NOTIC: [8] Undefined variable: info D:\xampp\htdocs\kuaidian\Application\Runtime\Cache\Admin\7deb05ffd50a2a29911e18ff381537b0.php  257 .
INFO: Run Behavior\ParseTemplateBehavior [ RunTime:0.010274s ]
INFO: [ view_parse ] --END-- [ RunTime:0.010316s ]
INFO: [ view_filter ] --START--
INFO: Run Behavior\WriteHtmlCacheBehavior [ RunTime:0.000719s ]
INFO: [ view_filter ] --END-- [ RunTime:0.000749s ]
INFO: [ app_end ] --START--
INFO: Run Behavior\ShowPageTraceBehavior [ RunTime:0.000565s ]
INFO: [ app_end ] --END-- [ RunTime:0.000593s ]

[ 2018-02-27T17:03:45+08:00 ] 192.168.0.104 /kuaidian/index.php/Admin/Ajax/shengdoshi.html
INFO: [ app_init ] --START--
INFO: Run Behavior\BuildLiteBehavior [ RunTime:0.000010s ]
INFO: [ app_init ] --END-- [ RunTime:0.000048s ]
INFO: [ app_begin ] --START--
INFO: Run Behavior\ReadHtmlCacheBehavior [ RunTime:0.000443s ]
INFO: [ app_begin ] --END-- [ RunTime:0.000469s ]
SQL: SHOW COLUMNS FROM `city` [ RunTime:0.0060s ]
SQL: SELECT * FROM `city` WHERE `provincecode` = '130000'  [ RunTime:0.0016s ]

[ 2018-02-27T17:03:48+08:00 ] 192.168.0.104 /kuaidian/index.php/Admin/Ajax/index.html
INFO: [ app_init ] --START--
INFO: Run Behavior\BuildLiteBehavior [ RunTime:0.000009s ]
INFO: [ app_init ] --END-- [ RunTime:0.000045s ]
INFO: [ app_begin ] --START--
INFO: Run Behavior\ReadHtmlCacheBehavior [ RunTime:0.000441s ]
INFO: [ app_begin ] --END-- [ RunTime:0.000464s ]
SQL: SHOW COLUMNS FROM `area` [ RunTime:0.0291s ]
SQL: SELECT * FROM `area` WHERE `citycode` = '130100'  [ RunTime:0.0025s ]

