[ 2018-02-23T10:57:43+08:00 ] 192.168.0.104 /kuaidian/index.php/Admin/shop/index.html?id=1
INFO: [ app_init ] --START--
INFO: Run Behavior\BuildLiteBehavior [ RunTime:0.000014s ]
INFO: [ app_init ] --END-- [ RunTime:0.000067s ]
INFO: [ app_begin ] --START--
INFO: Run Behavior\ReadHtmlCacheBehavior [ RunTime:0.001103s ]
INFO: [ app_begin ] --END-- [ RunTime:0.001162s ]
SQL: SHOW COLUMNS FROM `city` [ RunTime:0.0120s ]
SQL: SELECT * FROM `city` ORDER BY paix desc  [ RunTime:0.0139s ]
SQL: SHOW COLUMNS FROM `shop` [ RunTime:0.0043s ]
SQL: SELECT * FROM `shop`  [ RunTime:0.0005s ]
INFO: [ view_parse ] --START--
INFO: [ template_filter ] --START--
INFO: Run Behavior\ContentReplaceBehavior [ RunTime:0.000088s ]
INFO: [ template_filter ] --END-- [ RunTime:0.000122s ]
NOTIC: [8] Use of undefined constant Index - assumed 'Index' D:\xampp\htdocs\kuaidian\Application\Runtime\Cache\Admin\52fa67f14c08742f6c521ab8140bab06.php 第 83 行.
NOTIC: [8] Use of undefined constant Shop - assumed 'Shop' D:\xampp\htdocs\kuaidian\Application\Runtime\Cache\Admin\52fa67f14c08742f6c521ab8140bab06.php 第 91 行.
NOTIC: [2] array_pop() expects parameter 1 to be array, null given D:\xampp\htdocs\kuaidian\Application\Runtime\Cache\Admin\52fa67f14c08742f6c521ab8140bab06.php 第 173 行.
NOTIC: [2] Invalid argument supplied for foreach() D:\xampp\htdocs\kuaidian\Application\Runtime\Cache\Admin\52fa67f14c08742f6c521ab8140bab06.php 第 173 行.
NOTIC: [8] Undefined variable: active D:\xampp\htdocs\kuaidian\Application\Runtime\Cache\Admin\52fa67f14c08742f6c521ab8140bab06.php 第 176 行.
NOTIC: [8] Undefined variable: info D:\xampp\htdocs\kuaidian\Application\Runtime\Cache\Admin\52fa67f14c08742f6c521ab8140bab06.php 第 257 行.
SQL: SELECT `name` FROM `city` WHERE `code` = '120100'  [ RunTime:0.0004s ]
SQL: SHOW COLUMNS FROM `shop_type` [ RunTime:0.0033s ]
SQL: SELECT `mingch` FROM `shop_type` WHERE `id` = 1  [ RunTime:0.0013s ]
SQL: SHOW COLUMNS FROM `sale` [ RunTime:0.0031s ]
SQL: SELECT COUNT(*) AS tp_count FROM `sale` WHERE `dep_type` = 44 LIMIT 1   [ RunTime:0.0004s ]
SQL: SELECT `name` FROM `city` WHERE `code` = '130200'  [ RunTime:0.0002s ]
SQL: SELECT `mingch` FROM `shop_type` WHERE `id` = 1  [ RunTime:0.0001s ]
SQL: SELECT COUNT(*) AS tp_count FROM `sale` WHERE `dep_type` = 45 LIMIT 1   [ RunTime:0.0001s ]
SQL: SELECT `name` FROM `city` WHERE `code` = '130100'  [ RunTime:0.0002s ]
SQL: SELECT `mingch` FROM `shop_type` WHERE `id` = 0  [ RunTime:0.0001s ]
NOTIC: [8] Undefined offset: 0 D:\xampp\htdocs\kuaidian\Application\Common\Common\function.php 第 128 行.
SQL: SELECT COUNT(*) AS tp_count FROM `sale` WHERE `dep_type` = 46 LIMIT 1   [ RunTime:0.0001s ]
INFO: Run Behavior\ParseTemplateBehavior [ RunTime:0.087295s ]
INFO: [ view_parse ] --END-- [ RunTime:0.087318s ]
INFO: [ view_filter ] --START--
INFO: Run Behavior\WriteHtmlCacheBehavior [ RunTime:0.000640s ]
INFO: [ view_filter ] --END-- [ RunTime:0.000664s ]
INFO: [ app_end ] --START--
INFO: Run Behavior\ShowPageTraceBehavior [ RunTime:0.000615s ]
INFO: [ app_end ] --END-- [ RunTime:0.000641s ]

[ 2018-02-23T10:57:43+08:00 ] 192.168.0.104 /kuaidian/index.php/Admin/shop/index.html?id=1
INFO: [ app_init ] --START--
INFO: Run Behavior\BuildLiteBehavior [ RunTime:0.000008s ]
INFO: [ app_init ] --END-- [ RunTime:0.000044s ]
INFO: [ app_begin ] --START--
INFO: Run Behavior\ReadHtmlCacheBehavior [ RunTime:0.000386s ]
INFO: [ app_begin ] --END-- [ RunTime:0.000409s ]
SQL: SHOW COLUMNS FROM `city` [ RunTime:0.0034s ]
SQL: SELECT * FROM `city` ORDER BY paix desc  [ RunTime:0.0038s ]
SQL: SHOW COLUMNS FROM `shop` [ RunTime:0.0052s ]
SQL: SELECT * FROM `shop`  [ RunTime:0.0006s ]
INFO: [ view_parse ] --START--
INFO: [ template_filter ] --START--
INFO: Run Behavior\ContentReplaceBehavior [ RunTime:0.000112s ]
INFO: [ template_filter ] --END-- [ RunTime:0.000147s ]
NOTIC: [8] Use of undefined constant Index - assumed 'Index' D:\xampp\htdocs\kuaidian\Application\Runtime\Cache\Admin\52fa67f14c08742f6c521ab8140bab06.php 第 83 行.
NOTIC: [8] Use of undefined constant Shop - assumed 'Shop' D:\xampp\htdocs\kuaidian\Application\Runtime\Cache\Admin\52fa67f14c08742f6c521ab8140bab06.php 第 91 行.
NOTIC: [2] array_pop() expects parameter 1 to be array, null given D:\xampp\htdocs\kuaidian\Application\Runtime\Cache\Admin\52fa67f14c08742f6c521ab8140bab06.php 第 173 行.
NOTIC: [2] Invalid argument supplied for foreach() D:\xampp\htdocs\kuaidian\Application\Runtime\Cache\Admin\52fa67f14c08742f6c521ab8140bab06.php 第 173 行.
NOTIC: [8] Undefined variable: active D:\xampp\htdocs\kuaidian\Application\Runtime\Cache\Admin\52fa67f14c08742f6c521ab8140bab06.php 第 176 行.
NOTIC: [8] Undefined variable: info D:\xampp\htdocs\kuaidian\Application\Runtime\Cache\Admin\52fa67f14c08742f6c521ab8140bab06.php 第 257 行.
SQL: SELECT `name` FROM `city` WHERE `code` = '120100'  [ RunTime:0.0006s ]
SQL: SHOW COLUMNS FROM `shop_type` [ RunTime:0.0032s ]
SQL: SELECT `mingch` FROM `shop_type` WHERE `id` = 1  [ RunTime:0.0003s ]
SQL: SHOW COLUMNS FROM `sale` [ RunTime:0.0030s ]
SQL: SELECT COUNT(*) AS tp_count FROM `sale` WHERE `dep_type` = 44 LIMIT 1   [ RunTime:0.0003s ]
SQL: SELECT `name` FROM `city` WHERE `code` = '130200'  [ RunTime:0.0003s ]
SQL: SELECT `mingch` FROM `shop_type` WHERE `id` = 1  [ RunTime:0.0002s ]
SQL: SELECT COUNT(*) AS tp_count FROM `sale` WHERE `dep_type` = 45 LIMIT 1   [ RunTime:0.0001s ]
SQL: SELECT `name` FROM `city` WHERE `code` = '130100'  [ RunTime:0.0002s ]
SQL: SELECT `mingch` FROM `shop_type` WHERE `id` = 0  [ RunTime:0.0001s ]
NOTIC: [8] Undefined offset: 0 D:\xampp\htdocs\kuaidian\Application\Common\Common\function.php 第 128 行.
SQL: SELECT COUNT(*) AS tp_count FROM `sale` WHERE `dep_type` = 46 LIMIT 1   [ RunTime:0.0001s ]
INFO: Run Behavior\ParseTemplateBehavior [ RunTime:0.019672s ]
INFO: [ view_parse ] --END-- [ RunTime:0.019699s ]
INFO: [ view_filter ] --START--
INFO: Run Behavior\WriteHtmlCacheBehavior [ RunTime:0.000488s ]
INFO: [ view_filter ] --END-- [ RunTime:0.000512s ]
INFO: [ app_end ] --START--
INFO: Run Behavior\ShowPageTraceBehavior [ RunTime:0.000472s ]
INFO: [ app_end ] --END-- [ RunTime:0.000495s ]

[ 2018-02-23T14:23:27+08:00 ] 192.168.0.104 /kuaidian/index.php/Admin/shop/index.html?id=1
INFO: [ app_init ] --START--
INFO: Run Behavior\BuildLiteBehavior [ RunTime:0.000011s ]
INFO: [ app_init ] --END-- [ RunTime:0.000078s ]
INFO: [ app_begin ] --START--
INFO: Run Behavior\ReadHtmlCacheBehavior [ RunTime:0.000671s ]
INFO: [ app_begin ] --END-- [ RunTime:0.000697s ]
SQL: SHOW COLUMNS FROM `city` [ RunTime:0.0041s ]
SQL: SELECT * FROM `city` ORDER BY paix desc  [ RunTime:0.0040s ]
SQL: SHOW COLUMNS FROM `shop` [ RunTime:0.0051s ]
SQL: SELECT * FROM `shop`  [ RunTime:0.0006s ]
INFO: [ view_parse ] --START--
INFO: [ template_filter ] --START--
INFO: Run Behavior\ContentReplaceBehavior [ RunTime:0.000123s ]
INFO: [ template_filter ] --END-- [ RunTime:0.000159s ]
NOTIC: [8] Use of undefined constant Index - assumed 'Index' D:\xampp\htdocs\kuaidian\Application\Runtime\Cache\Admin\52fa67f14c08742f6c521ab8140bab06.php 第 83 行.
NOTIC: [8] Use of undefined constant Shop - assumed 'Shop' D:\xampp\htdocs\kuaidian\Application\Runtime\Cache\Admin\52fa67f14c08742f6c521ab8140bab06.php 第 91 行.
NOTIC: [2] array_pop() expects parameter 1 to be array, null given D:\xampp\htdocs\kuaidian\Application\Runtime\Cache\Admin\52fa67f14c08742f6c521ab8140bab06.php 第 173 行.
NOTIC: [2] Invalid argument supplied for foreach() D:\xampp\htdocs\kuaidian\Application\Runtime\Cache\Admin\52fa67f14c08742f6c521ab8140bab06.php 第 173 行.
NOTIC: [8] Undefined variable: active D:\xampp\htdocs\kuaidian\Application\Runtime\Cache\Admin\52fa67f14c08742f6c521ab8140bab06.php 第 176 行.
NOTIC: [8] Undefined variable: info D:\xampp\htdocs\kuaidian\Application\Runtime\Cache\Admin\52fa67f14c08742f6c521ab8140bab06.php 第 257 行.
SQL: SELECT `name` FROM `city` WHERE `code` = '120100'  [ RunTime:0.0007s ]
SQL: SHOW COLUMNS FROM `shop_type` [ RunTime:0.0040s ]
SQL: SELECT `mingch` FROM `shop_type` WHERE `id` = 1  [ RunTime:0.0003s ]
SQL: SHOW COLUMNS FROM `sale` [ RunTime:0.0029s ]
SQL: SELECT COUNT(*) AS tp_count FROM `sale` WHERE `dep_type` = 44 LIMIT 1   [ RunTime:0.0002s ]
SQL: SELECT `name` FROM `city` WHERE `code` = '130200'  [ RunTime:0.0002s ]
SQL: SELECT `mingch` FROM `shop_type` WHERE `id` = 1  [ RunTime:0.0001s ]
SQL: SELECT COUNT(*) AS tp_count FROM `sale` WHERE `dep_type` = 45 LIMIT 1   [ RunTime:0.0001s ]
SQL: SELECT `name` FROM `city` WHERE `code` = '130100'  [ RunTime:0.0002s ]
SQL: SELECT `mingch` FROM `shop_type` WHERE `id` = 0  [ RunTime:0.0001s ]
NOTIC: [8] Undefined offset: 0 D:\xampp\htdocs\kuaidian\Application\Common\Common\function.php 第 128 行.
SQL: SELECT COUNT(*) AS tp_count FROM `sale` WHERE `dep_type` = 46 LIMIT 1   [ RunTime:0.0001s ]
INFO: Run Behavior\ParseTemplateBehavior [ RunTime:0.022065s ]
INFO: [ view_parse ] --END-- [ RunTime:0.022090s ]
INFO: [ view_filter ] --START--
INFO: Run Behavior\WriteHtmlCacheBehavior [ RunTime:0.000677s ]
INFO: [ view_filter ] --END-- [ RunTime:0.000702s ]
INFO: [ app_end ] --START--
INFO: Run Behavior\ShowPageTraceBehavior [ RunTime:0.000699s ]
INFO: [ app_end ] --END-- [ RunTime:0.000726s ]

[ 2018-02-23T14:23:28+08:00 ] 192.168.0.104 /kuaidian/index.php/Admin/shop/index.html?id=1
INFO: [ app_init ] --START--
INFO: Run Behavior\BuildLiteBehavior [ RunTime:0.000016s ]
INFO: [ app_init ] --END-- [ RunTime:0.000093s ]
INFO: [ app_begin ] --START--
INFO: Run Behavior\ReadHtmlCacheBehavior [ RunTime:0.001122s ]
INFO: [ app_begin ] --END-- [ RunTime:0.001198s ]
SQL: SHOW COLUMNS FROM `city` [ RunTime:0.0042s ]
SQL: SELECT * FROM `city` ORDER BY paix desc  [ RunTime:0.0040s ]
SQL: SHOW COLUMNS FROM `shop` [ RunTime:0.0047s ]
SQL: SELECT * FROM `shop`  [ RunTime:0.0009s ]
INFO: [ view_parse ] --START--
INFO: [ template_filter ] --START--
INFO: Run Behavior\ContentReplaceBehavior [ RunTime:0.000097s ]
INFO: [ template_filter ] --END-- [ RunTime:0.000131s ]
NOTIC: [8] Use of undefined constant Index - assumed 'Index' D:\xampp\htdocs\kuaidian\Application\Runtime\Cache\Admin\52fa67f14c08742f6c521ab8140bab06.php 第 83 行.
NOTIC: [8] Use of undefined constant Shop - assumed 'Shop' D:\xampp\htdocs\kuaidian\Application\Runtime\Cache\Admin\52fa67f14c08742f6c521ab8140bab06.php 第 91 行.
NOTIC: [2] array_pop() expects parameter 1 to be array, null given D:\xampp\htdocs\kuaidian\Application\Runtime\Cache\Admin\52fa67f14c08742f6c521ab8140bab06.php 第 173 行.
NOTIC: [2] Invalid argument supplied for foreach() D:\xampp\htdocs\kuaidian\Application\Runtime\Cache\Admin\52fa67f14c08742f6c521ab8140bab06.php 第 173 行.
NOTIC: [8] Undefined variable: active D:\xampp\htdocs\kuaidian\Application\Runtime\Cache\Admin\52fa67f14c08742f6c521ab8140bab06.php 第 176 行.
NOTIC: [8] Undefined variable: info D:\xampp\htdocs\kuaidian\Application\Runtime\Cache\Admin\52fa67f14c08742f6c521ab8140bab06.php 第 257 行.
SQL: SELECT `name` FROM `city` WHERE `code` = '120100'  [ RunTime:0.0007s ]
SQL: SHOW COLUMNS FROM `shop_type` [ RunTime:0.0036s ]
SQL: SELECT `mingch` FROM `shop_type` WHERE `id` = 1  [ RunTime:0.0003s ]
SQL: SHOW COLUMNS FROM `sale` [ RunTime:0.0030s ]
SQL: SELECT COUNT(*) AS tp_count FROM `sale` WHERE `dep_type` = 44 LIMIT 1   [ RunTime:0.0003s ]
SQL: SELECT `name` FROM `city` WHERE `code` = '130200'  [ RunTime:0.0002s ]
SQL: SELECT `mingch` FROM `shop_type` WHERE `id` = 1  [ RunTime:0.0001s ]
SQL: SELECT COUNT(*) AS tp_count FROM `sale` WHERE `dep_type` = 45 LIMIT 1   [ RunTime:0.0001s ]
SQL: SELECT `name` FROM `city` WHERE `code` = '130100'  [ RunTime:0.0002s ]
SQL: SELECT `mingch` FROM `shop_type` WHERE `id` = 0  [ RunTime:0.0001s ]
NOTIC: [8] Undefined offset: 0 D:\xampp\htdocs\kuaidian\Application\Common\Common\function.php 第 128 行.
SQL: SELECT COUNT(*) AS tp_count FROM `sale` WHERE `dep_type` = 46 LIMIT 1   [ RunTime:0.0001s ]
INFO: Run Behavior\ParseTemplateBehavior [ RunTime:0.020679s ]
INFO: [ view_parse ] --END-- [ RunTime:0.020732s ]
INFO: [ view_filter ] --START--
INFO: Run Behavior\WriteHtmlCacheBehavior [ RunTime:0.000478s ]
INFO: [ view_filter ] --END-- [ RunTime:0.000503s ]
INFO: [ app_end ] --START--
INFO: Run Behavior\ShowPageTraceBehavior [ RunTime:0.000471s ]
INFO: [ app_end ] --END-- [ RunTime:0.000495s ]

[ 2018-02-23T14:31:01+08:00 ] ::1 /kuaidian/index.php/Admin/shop/index.html?id=1
INFO: [ app_init ] --START--
INFO: Run Behavior\BuildLiteBehavior [ RunTime:0.000013s ]
INFO: [ app_init ] --END-- [ RunTime:0.000061s ]
INFO: [ app_begin ] --START--
INFO: Run Behavior\ReadHtmlCacheBehavior [ RunTime:0.000751s ]
INFO: [ app_begin ] --END-- [ RunTime:0.000791s ]
SQL: SHOW COLUMNS FROM `city` [ RunTime:0.0041s ]
SQL: SELECT * FROM `city` ORDER BY paix desc  [ RunTime:0.0038s ]
SQL: SHOW COLUMNS FROM `shop` [ RunTime:0.0050s ]
SQL: SELECT * FROM `shop`  [ RunTime:0.0009s ]
INFO: [ view_parse ] --START--
INFO: [ template_filter ] --START--
INFO: Run Behavior\ContentReplaceBehavior [ RunTime:0.000091s ]
INFO: [ template_filter ] --END-- [ RunTime:0.000126s ]
NOTIC: [8] Use of undefined constant Index - assumed 'Index' D:\xampp\htdocs\kuaidian\Application\Runtime\Cache\Admin\52fa67f14c08742f6c521ab8140bab06.php 第 83 行.
NOTIC: [8] Use of undefined constant Shop - assumed 'Shop' D:\xampp\htdocs\kuaidian\Application\Runtime\Cache\Admin\52fa67f14c08742f6c521ab8140bab06.php 第 91 行.
NOTIC: [2] array_pop() expects parameter 1 to be array, null given D:\xampp\htdocs\kuaidian\Application\Runtime\Cache\Admin\52fa67f14c08742f6c521ab8140bab06.php 第 173 行.
NOTIC: [2] Invalid argument supplied for foreach() D:\xampp\htdocs\kuaidian\Application\Runtime\Cache\Admin\52fa67f14c08742f6c521ab8140bab06.php 第 173 行.
NOTIC: [8] Undefined variable: active D:\xampp\htdocs\kuaidian\Application\Runtime\Cache\Admin\52fa67f14c08742f6c521ab8140bab06.php 第 176 行.
NOTIC: [8] Undefined variable: info D:\xampp\htdocs\kuaidian\Application\Runtime\Cache\Admin\52fa67f14c08742f6c521ab8140bab06.php 第 257 行.
SQL: SELECT `name` FROM `city` WHERE `code` = '120100'  [ RunTime:0.0007s ]
SQL: SHOW COLUMNS FROM `shop_type` [ RunTime:0.0032s ]
SQL: SELECT `mingch` FROM `shop_type` WHERE `id` = 1  [ RunTime:0.0003s ]
SQL: SHOW COLUMNS FROM `sale` [ RunTime:0.0030s ]
SQL: SELECT COUNT(*) AS tp_count FROM `sale` WHERE `dep_type` = 44 LIMIT 1   [ RunTime:0.0003s ]
SQL: SELECT `name` FROM `city` WHERE `code` = '130200'  [ RunTime:0.0002s ]
SQL: SELECT `mingch` FROM `shop_type` WHERE `id` = 1  [ RunTime:0.0001s ]
SQL: SELECT COUNT(*) AS tp_count FROM `sale` WHERE `dep_type` = 45 LIMIT 1   [ RunTime:0.0001s ]
SQL: SELECT `name` FROM `city` WHERE `code` = '130100'  [ RunTime:0.0002s ]
SQL: SELECT `mingch` FROM `shop_type` WHERE `id` = 0  [ RunTime:0.0001s ]
NOTIC: [8] Undefined offset: 0 D:\xampp\htdocs\kuaidian\Application\Common\Common\function.php 第 128 行.
SQL: SELECT COUNT(*) AS tp_count FROM `sale` WHERE `dep_type` = 46 LIMIT 1   [ RunTime:0.0001s ]
INFO: Run Behavior\ParseTemplateBehavior [ RunTime:0.021357s ]
INFO: [ view_parse ] --END-- [ RunTime:0.021381s ]
INFO: [ view_filter ] --START--
INFO: Run Behavior\WriteHtmlCacheBehavior [ RunTime:0.000704s ]
INFO: [ view_filter ] --END-- [ RunTime:0.000728s ]
INFO: [ app_end ] --START--
INFO: Run Behavior\ShowPageTraceBehavior [ RunTime:0.000680s ]
INFO: [ app_end ] --END-- [ RunTime:0.000706s ]

[ 2018-02-23T14:31:52+08:00 ] ::1 /kuaidian/index.php/Admin/Food/index/menid/44/id/1.html
INFO: [ app_init ] --START--
INFO: Run Behavior\BuildLiteBehavior [ RunTime:0.000009s ]
INFO: [ app_init ] --END-- [ RunTime:0.000071s ]
INFO: [ app_begin ] --START--
INFO: Run Behavior\ReadHtmlCacheBehavior [ RunTime:0.000428s ]
INFO: [ app_begin ] --END-- [ RunTime:0.000453s ]
SQL: SHOW COLUMNS FROM `city` [ RunTime:0.0044s ]
SQL: SELECT * FROM `city` ORDER BY paix desc  [ RunTime:0.0038s ]
SQL: SHOW COLUMNS FROM `food` [ RunTime:0.0044s ]
SQL: SELECT * FROM `food` WHERE `dep_shop` = 44  [ RunTime:0.0004s ]
INFO: [ view_parse ] --START--
INFO: [ template_filter ] --START--
INFO: Run Behavior\ContentReplaceBehavior [ RunTime:0.000085s ]
INFO: [ template_filter ] --END-- [ RunTime:0.000123s ]
NOTIC: [8] Use of undefined constant Index - assumed 'Index' D:\xampp\htdocs\kuaidian\Application\Runtime\Cache\Admin\366640149ae8cbe094b01f770667186d.php 第 83 行.
NOTIC: [8] Use of undefined constant Shop - assumed 'Shop' D:\xampp\htdocs\kuaidian\Application\Runtime\Cache\Admin\366640149ae8cbe094b01f770667186d.php 第 91 行.
NOTIC: [8] Use of undefined constant Shoptype - assumed 'Shoptype' D:\xampp\htdocs\kuaidian\Application\Runtime\Cache\Admin\366640149ae8cbe094b01f770667186d.php 第 91 行.
NOTIC: [8] Use of undefined constant Danwei - assumed 'Danwei' D:\xampp\htdocs\kuaidian\Application\Runtime\Cache\Admin\366640149ae8cbe094b01f770667186d.php 第 91 行.
NOTIC: [8] Use of undefined constant Seat - assumed 'Seat' D:\xampp\htdocs\kuaidian\Application\Runtime\Cache\Admin\366640149ae8cbe094b01f770667186d.php 第 91 行.
NOTIC: [8] Use of undefined constant Sale - assumed 'Sale' D:\xampp\htdocs\kuaidian\Application\Runtime\Cache\Admin\366640149ae8cbe094b01f770667186d.php 第 91 行.
NOTIC: [8] Use of undefined constant Food - assumed 'Food' D:\xampp\htdocs\kuaidian\Application\Runtime\Cache\Admin\366640149ae8cbe094b01f770667186d.php 第 91 行.
NOTIC: [2] array_pop() expects parameter 1 to be array, null given D:\xampp\htdocs\kuaidian\Application\Runtime\Cache\Admin\366640149ae8cbe094b01f770667186d.php 第 173 行.
NOTIC: [2] Invalid argument supplied for foreach() D:\xampp\htdocs\kuaidian\Application\Runtime\Cache\Admin\366640149ae8cbe094b01f770667186d.php 第 173 行.
NOTIC: [8] Undefined variable: active D:\xampp\htdocs\kuaidian\Application\Runtime\Cache\Admin\366640149ae8cbe094b01f770667186d.php 第 176 行.
NOTIC: [8] Undefined variable: info D:\xampp\htdocs\kuaidian\Application\Runtime\Cache\Admin\366640149ae8cbe094b01f770667186d.php 第 257 行.
SQL: SHOW COLUMNS FROM `food_type` [ RunTime:0.0037s ]
SQL: SELECT `mingch` FROM `food_type` WHERE `id` = 31  [ RunTime:0.0004s ]
SQL: SHOW COLUMNS FROM `cpdanwei` [ RunTime:0.0030s ]
SQL: SELECT `mingch` FROM `cpdanwei` WHERE `id` = 9  [ RunTime:0.0002s ]
SQL: SHOW COLUMNS FROM `cpfenliang` [ RunTime:0.0034s ]
SQL: SHOW COLUMNS FROM `shop` [ RunTime:0.0038s ]
SQL: SELECT `mingch` FROM `shop` WHERE `id` = 44  [ RunTime:0.0006s ]
SQL: SELECT `mingch` FROM `food_type` WHERE `id` = 30  [ RunTime:0.0002s ]
SQL: SELECT `mingch` FROM `cpdanwei` WHERE `id` = 9  [ RunTime:0.0001s ]
SQL: SELECT `mingch` FROM `shop` WHERE `id` = 44  [ RunTime:0.0002s ]
SQL: SELECT `mingch` FROM `food_type` WHERE `id` = 35  [ RunTime:0.0001s ]
SQL: SELECT `mingch` FROM `cpdanwei` WHERE `id` = 4  [ RunTime:0.0001s ]
SQL: SELECT `mingch` FROM `shop` WHERE `id` = 44  [ RunTime:0.0001s ]
SQL: SELECT `mingch` FROM `food_type` WHERE `id` = 35  [ RunTime:0.0001s ]
SQL: SELECT `mingch` FROM `cpdanwei` WHERE `id` = 4  [ RunTime:0.0002s ]
SQL: SELECT `mingch` FROM `shop` WHERE `id` = 44  [ RunTime:0.0003s ]
SQL: SELECT `mingch` FROM `food_type` WHERE `id` = 35  [ RunTime:0.0004s ]
SQL: SELECT `mingch` FROM `cpdanwei` WHERE `id` = 4  [ RunTime:0.0008s ]
SQL: SELECT `mingch` FROM `shop` WHERE `id` = 44  [ RunTime:0.0007s ]
INFO: Run Behavior\ParseTemplateBehavior [ RunTime:0.039068s ]
INFO: [ view_parse ] --END-- [ RunTime:0.039095s ]
INFO: [ view_filter ] --START--
INFO: Run Behavior\WriteHtmlCacheBehavior [ RunTime:0.000561s ]
INFO: [ view_filter ] --END-- [ RunTime:0.000589s ]
INFO: [ app_end ] --START--
INFO: Run Behavior\ShowPageTraceBehavior [ RunTime:0.000643s ]
INFO: [ app_end ] --END-- [ RunTime:0.000678s ]

[ 2018-02-23T14:32:00+08:00 ] ::1 /kuaidian/index.php/Admin/Food/add/id/44.html
INFO: [ app_init ] --START--
INFO: Run Behavior\BuildLiteBehavior [ RunTime:0.000013s ]
INFO: [ app_init ] --END-- [ RunTime:0.000061s ]
INFO: [ app_begin ] --START--
INFO: Run Behavior\ReadHtmlCacheBehavior [ RunTime:0.000617s ]
INFO: [ app_begin ] --END-- [ RunTime:0.000668s ]
SQL: SHOW COLUMNS FROM `city` [ RunTime:0.0047s ]
SQL: SELECT * FROM `city` ORDER BY paix desc  [ RunTime:0.0040s ]
SQL: SHOW COLUMNS FROM `food_type` [ RunTime:0.0038s ]
SQL: SELECT * FROM `food_type` WHERE `dep_type` = 44  [ RunTime:0.0003s ]
SQL: SHOW COLUMNS FROM `cpkouwei` [ RunTime:0.0028s ]
SQL: SELECT * FROM `cpkouwei`  [ RunTime:0.0003s ]
SQL: SHOW COLUMNS FROM `cpdanwei` [ RunTime:0.0028s ]
SQL: SELECT * FROM `cpdanwei`  [ RunTime:0.0002s ]
INFO: [ view_parse ] --START--
INFO: [ template_filter ] --START--
INFO: Run Behavior\ContentReplaceBehavior [ RunTime:0.000076s ]
INFO: [ template_filter ] --END-- [ RunTime:0.000128s ]
INFO: Run Behavior\ParseTemplateBehavior [ RunTime:0.016993s ]
INFO: [ view_parse ] --END-- [ RunTime:0.017038s ]
INFO: [ view_filter ] --START--
INFO: Run Behavior\WriteHtmlCacheBehavior [ RunTime:0.000292s ]
INFO: [ view_filter ] --END-- [ RunTime:0.000315s ]
INFO: [ app_end ] --START--
INFO: Run Behavior\ShowPageTraceBehavior [ RunTime:0.000652s ]
INFO: [ app_end ] --END-- [ RunTime:0.000693s ]

[ 2018-02-23T14:32:26+08:00 ] ::1 /kuaidian/index.php/Admin/Food/add.html
INFO: [ app_init ] --START--
INFO: Run Behavior\BuildLiteBehavior [ RunTime:0.000007s ]
INFO: [ app_init ] --END-- [ RunTime:0.000042s ]
INFO: [ app_begin ] --START--
INFO: Run Behavior\ReadHtmlCacheBehavior [ RunTime:0.000423s ]
INFO: [ app_begin ] --END-- [ RunTime:0.000449s ]
SQL: SHOW COLUMNS FROM `city` [ RunTime:0.0035s ]
SQL: SELECT * FROM `city` ORDER BY paix desc  [ RunTime:0.0040s ]
SQL: SHOW COLUMNS FROM `food` [ RunTime:0.0039s ]
NOTIC: [8] Undefined index: fenliang D:\xampp\htdocs\kuaidian\Application\Admin\Controller\FoodController.class.php 第 62 行.
NOTIC: [2] Invalid argument supplied for foreach() D:\xampp\htdocs\kuaidian\Application\Admin\Controller\FoodController.class.php 第 62 行.
NOTIC: [2] call_user_func() expects parameter 1 to be a valid callback, no array or string given D:\xampp\htdocs\kuaidian\ThinkPHP\Library\Think\Upload.class.php 第 170 行.
SQL: INSERT INTO `food` (`dep_shop`,`mingch`,`jiage`,`jiage_youhui`,`zhuangt`,`food_type`,`dwid`,`shicai`,`kougan`,`flid`,`logo`,`kwid`) VALUES ('44','测试','80','30','1','35','4','','','','/img/2018-02-23/5a8fb57a77fb3.png','') [ RunTime:0.0005s ]
SQL: SHOW COLUMNS FROM `cpfljiage` [ RunTime:0.0040s ]
SQL: SELECT MAX(id) AS tp_Max FROM `food` LIMIT 1   [ RunTime:0.0003s ]
NOTIC: [8] Undefined index: fenliang D:\xampp\htdocs\kuaidian\Application\Admin\Controller\FoodController.class.php 第 102 行.
NOTIC: [2] Invalid argument supplied for foreach() D:\xampp\htdocs\kuaidian\Application\Admin\Controller\FoodController.class.php 第 102 行.
INFO: [ view_parse ] --START--
INFO: [ template_filter ] --START--
INFO: Run Behavior\ContentReplaceBehavior [ RunTime:0.000029s ]
INFO: [ template_filter ] --END-- [ RunTime:0.000067s ]
INFO: Run Behavior\ParseTemplateBehavior [ RunTime:0.009769s ]
INFO: [ view_parse ] --END-- [ RunTime:0.009814s ]
INFO: [ view_filter ] --START--
INFO: Run Behavior\WriteHtmlCacheBehavior [ RunTime:0.000373s ]
INFO: [ view_filter ] --END-- [ RunTime:0.000405s ]
INFO: [ app_end ] --START--
INFO: Run Behavior\ShowPageTraceBehavior [ RunTime:0.000790s ]
INFO: [ app_end ] --END-- [ RunTime:0.000820s ]

[ 2018-02-23T14:32:27+08:00 ] ::1 /kuaidian/index.php/Admin/Food/add/id/44.html
INFO: [ app_init ] --START--
INFO: Run Behavior\BuildLiteBehavior [ RunTime:0.000013s ]
INFO: [ app_init ] --END-- [ RunTime:0.000059s ]
INFO: [ app_begin ] --START--
INFO: Run Behavior\ReadHtmlCacheBehavior [ RunTime:0.000537s ]
INFO: [ app_begin ] --END-- [ RunTime:0.000584s ]
SQL: SHOW COLUMNS FROM `city` [ RunTime:0.0038s ]
SQL: SELECT * FROM `city` ORDER BY paix desc  [ RunTime:0.0042s ]
SQL: SHOW COLUMNS FROM `food_type` [ RunTime:0.0042s ]
SQL: SELECT * FROM `food_type` WHERE `dep_type` = 44  [ RunTime:0.0003s ]
SQL: SHOW COLUMNS FROM `cpkouwei` [ RunTime:0.0042s ]
SQL: SELECT * FROM `cpkouwei`  [ RunTime:0.0003s ]
SQL: SHOW COLUMNS FROM `cpdanwei` [ RunTime:0.0033s ]
SQL: SELECT * FROM `cpdanwei`  [ RunTime:0.0003s ]
INFO: [ view_parse ] --START--
INFO: [ template_filter ] --START--
INFO: Run Behavior\ContentReplaceBehavior [ RunTime:0.000075s ]
INFO: [ template_filter ] --END-- [ RunTime:0.000119s ]
INFO: Run Behavior\ParseTemplateBehavior [ RunTime:0.007689s ]
INFO: [ view_parse ] --END-- [ RunTime:0.007735s ]
INFO: [ view_filter ] --START--
INFO: Run Behavior\WriteHtmlCacheBehavior [ RunTime:0.000346s ]
INFO: [ view_filter ] --END-- [ RunTime:0.000369s ]
INFO: [ app_end ] --START--
INFO: Run Behavior\ShowPageTraceBehavior [ RunTime:0.000566s ]
INFO: [ app_end ] --END-- [ RunTime:0.000600s ]

[ 2018-02-23T15:24:08+08:00 ] 192.168.0.104 /kuaidian/index.php/Admin/shop/index.html?id=1
INFO: [ app_init ] --START--
INFO: Run Behavior\BuildLiteBehavior [ RunTime:0.000008s ]
INFO: [ app_init ] --END-- [ RunTime:0.000050s ]
INFO: [ app_begin ] --START--
INFO: Run Behavior\ReadHtmlCacheBehavior [ RunTime:0.000669s ]
INFO: [ app_begin ] --END-- [ RunTime:0.000695s ]
SQL: SHOW COLUMNS FROM `city` [ RunTime:0.0041s ]
SQL: SELECT * FROM `city` ORDER BY paix desc  [ RunTime:0.0039s ]
SQL: SHOW COLUMNS FROM `shop` [ RunTime:0.0047s ]
SQL: SELECT * FROM `shop`  [ RunTime:0.0009s ]
INFO: [ view_parse ] --START--
INFO: [ template_filter ] --START--
INFO: Run Behavior\ContentReplaceBehavior [ RunTime:0.000090s ]
INFO: [ template_filter ] --END-- [ RunTime:0.000126s ]
NOTIC: [8] Use of undefined constant Index - assumed 'Index' D:\xampp\htdocs\kuaidian\Application\Runtime\Cache\Admin\52fa67f14c08742f6c521ab8140bab06.php 第 83 行.
NOTIC: [8] Use of undefined constant Shop - assumed 'Shop' D:\xampp\htdocs\kuaidian\Application\Runtime\Cache\Admin\52fa67f14c08742f6c521ab8140bab06.php 第 91 行.
NOTIC: [2] array_pop() expects parameter 1 to be array, null given D:\xampp\htdocs\kuaidian\Application\Runtime\Cache\Admin\52fa67f14c08742f6c521ab8140bab06.php 第 173 行.
NOTIC: [2] Invalid argument supplied for foreach() D:\xampp\htdocs\kuaidian\Application\Runtime\Cache\Admin\52fa67f14c08742f6c521ab8140bab06.php 第 173 行.
NOTIC: [8] Undefined variable: active D:\xampp\htdocs\kuaidian\Application\Runtime\Cache\Admin\52fa67f14c08742f6c521ab8140bab06.php 第 176 行.
NOTIC: [8] Undefined variable: info D:\xampp\htdocs\kuaidian\Application\Runtime\Cache\Admin\52fa67f14c08742f6c521ab8140bab06.php 第 257 行.
SQL: SELECT `name` FROM `city` WHERE `code` = '120100'  [ RunTime:0.0007s ]
SQL: SHOW COLUMNS FROM `shop_type` [ RunTime:0.0038s ]
SQL: SELECT `mingch` FROM `shop_type` WHERE `id` = 1  [ RunTime:0.0004s ]
SQL: SHOW COLUMNS FROM `sale` [ RunTime:0.0039s ]
SQL: SELECT COUNT(*) AS tp_count FROM `sale` WHERE `dep_type` = 44 LIMIT 1   [ RunTime:0.0003s ]
SQL: SELECT `name` FROM `city` WHERE `code` = '130200'  [ RunTime:0.0002s ]
SQL: SELECT `mingch` FROM `shop_type` WHERE `id` = 1  [ RunTime:0.0001s ]
SQL: SELECT COUNT(*) AS tp_count FROM `sale` WHERE `dep_type` = 45 LIMIT 1   [ RunTime:0.0001s ]
SQL: SELECT `name` FROM `city` WHERE `code` = '130100'  [ RunTime:0.0002s ]
SQL: SELECT `mingch` FROM `shop_type` WHERE `id` = 0  [ RunTime:0.0001s ]
NOTIC: [8] Undefined offset: 0 D:\xampp\htdocs\kuaidian\Application\Common\Common\function.php 第 128 行.
SQL: SELECT COUNT(*) AS tp_count FROM `sale` WHERE `dep_type` = 46 LIMIT 1   [ RunTime:0.0001s ]
INFO: Run Behavior\ParseTemplateBehavior [ RunTime:0.022853s ]
INFO: [ view_parse ] --END-- [ RunTime:0.022879s ]
INFO: [ view_filter ] --START--
INFO: Run Behavior\WriteHtmlCacheBehavior [ RunTime:0.000704s ]
INFO: [ view_filter ] --END-- [ RunTime:0.000729s ]
INFO: [ app_end ] --START--
INFO: Run Behavior\ShowPageTraceBehavior [ RunTime:0.000711s ]
INFO: [ app_end ] --END-- [ RunTime:0.000736s ]

[ 2018-02-23T15:24:08+08:00 ] 192.168.0.104 /kuaidian/index.php/Admin/shop/index.html?id=1
INFO: [ app_init ] --START--
INFO: Run Behavior\BuildLiteBehavior [ RunTime:0.000008s ]
INFO: [ app_init ] --END-- [ RunTime:0.000043s ]
INFO: [ app_begin ] --START--
INFO: Run Behavior\ReadHtmlCacheBehavior [ RunTime:0.000391s ]
INFO: [ app_begin ] --END-- [ RunTime:0.000415s ]
SQL: SHOW COLUMNS FROM `city` [ RunTime:0.0033s ]
SQL: SELECT * FROM `city` ORDER BY paix desc  [ RunTime:0.0039s ]
SQL: SHOW COLUMNS FROM `shop` [ RunTime:0.0056s ]
SQL: SELECT * FROM `shop`  [ RunTime:0.0009s ]
INFO: [ view_parse ] --START--
INFO: [ template_filter ] --START--
INFO: Run Behavior\ContentReplaceBehavior [ RunTime:0.000085s ]
INFO: [ template_filter ] --END-- [ RunTime:0.000118s ]
NOTIC: [8] Use of undefined constant Index - assumed 'Index' D:\xampp\htdocs\kuaidian\Application\Runtime\Cache\Admin\52fa67f14c08742f6c521ab8140bab06.php 第 83 行.
NOTIC: [8] Use of undefined constant Shop - assumed 'Shop' D:\xampp\htdocs\kuaidian\Application\Runtime\Cache\Admin\52fa67f14c08742f6c521ab8140bab06.php 第 91 行.
NOTIC: [2] array_pop() expects parameter 1 to be array, null given D:\xampp\htdocs\kuaidian\Application\Runtime\Cache\Admin\52fa67f14c08742f6c521ab8140bab06.php 第 173 行.
NOTIC: [2] Invalid argument supplied for foreach() D:\xampp\htdocs\kuaidian\Application\Runtime\Cache\Admin\52fa67f14c08742f6c521ab8140bab06.php 第 173 行.
NOTIC: [8] Undefined variable: active D:\xampp\htdocs\kuaidian\Application\Runtime\Cache\Admin\52fa67f14c08742f6c521ab8140bab06.php 第 176 行.
NOTIC: [8] Undefined variable: info D:\xampp\htdocs\kuaidian\Application\Runtime\Cache\Admin\52fa67f14c08742f6c521ab8140bab06.php 第 257 行.
SQL: SELECT `name` FROM `city` WHERE `code` = '120100'  [ RunTime:0.0006s ]
SQL: SHOW COLUMNS FROM `shop_type` [ RunTime:0.0040s ]
SQL: SELECT `mingch` FROM `shop_type` WHERE `id` = 1  [ RunTime:0.0003s ]
SQL: SHOW COLUMNS FROM `sale` [ RunTime:0.0030s ]
SQL: SELECT COUNT(*) AS tp_count FROM `sale` WHERE `dep_type` = 44 LIMIT 1   [ RunTime:0.0003s ]
SQL: SELECT `name` FROM `city` WHERE `code` = '130200'  [ RunTime:0.0002s ]
SQL: SELECT `mingch` FROM `shop_type` WHERE `id` = 1  [ RunTime:0.0001s ]
SQL: SELECT COUNT(*) AS tp_count FROM `sale` WHERE `dep_type` = 45 LIMIT 1   [ RunTime:0.0001s ]
SQL: SELECT `name` FROM `city` WHERE `code` = '130100'  [ RunTime:0.0002s ]
SQL: SELECT `mingch` FROM `shop_type` WHERE `id` = 0  [ RunTime:0.0001s ]
NOTIC: [8] Undefined offset: 0 D:\xampp\htdocs\kuaidian\Application\Common\Common\function.php 第 128 行.
SQL: SELECT COUNT(*) AS tp_count FROM `sale` WHERE `dep_type` = 46 LIMIT 1   [ RunTime:0.0001s ]
INFO: Run Behavior\ParseTemplateBehavior [ RunTime:0.021009s ]
INFO: [ view_parse ] --END-- [ RunTime:0.021033s ]
INFO: [ view_filter ] --START--
INFO: Run Behavior\WriteHtmlCacheBehavior [ RunTime:0.000773s ]
INFO: [ view_filter ] --END-- [ RunTime:0.000833s ]
INFO: [ app_end ] --START--
INFO: Run Behavior\ShowPageTraceBehavior [ RunTime:0.000751s ]
INFO: [ app_end ] --END-- [ RunTime:0.000789s ]

