[ 2018-02-10T10:20:08+08:00 ] ::1 /-/index.php/admin/Order/order_total_info
INFO: [ app_init ] --START--
INFO: Run Behavior\BuildLiteBehavior [ RunTime:0.000044s ]
INFO: [ app_init ] --END-- [ RunTime:0.000267s ]
INFO: [ app_begin ] --START--
INFO: Run Behavior\ReadHtmlCacheBehavior [ RunTime:0.000977s ]
INFO: [ app_begin ] --END-- [ RunTime:0.001248s ]
SQL: SHOW COLUMNS FROM `city` [ RunTime:0.0053s ]
SQL: SELECT * FROM `city` ORDER BY paix desc  [ RunTime:0.0296s ]
SQL: SHOW COLUMNS FROM `order` [ RunTime:0.0049s ]
NOTIC: [8] Undefined offset: 0 E:\wamp64\www\-\ThinkPHP\Library\Think\Db\Driver.class.php 第 550 行.
NOTIC: [8] Undefined offset: 0 E:\wamp64\www\-\ThinkPHP\Library\Think\Db\Driver.class.php 第 596 行.
NOTIC: [8] Undefined offset: 0 E:\wamp64\www\-\ThinkPHP\Library\Think\Db\Driver.class.php 第 596 行.
NOTIC: [8] Undefined offset: 0 E:\wamp64\www\-\ThinkPHP\Library\Think\Db\Driver.class.php 第 597 行.
NOTIC: [8] Undefined offset: 0 E:\wamp64\www\-\ThinkPHP\Library\Think\Db\Driver.class.php 第 600 行.
NOTIC: [8] Undefined offset: 1 E:\wamp64\www\-\ThinkPHP\Library\Think\Db\Driver.class.php 第 596 行.
NOTIC: [8] Undefined offset: 1 E:\wamp64\www\-\ThinkPHP\Library\Think\Db\Driver.class.php 第 596 行.
NOTIC: [8] Undefined offset: 1 E:\wamp64\www\-\ThinkPHP\Library\Think\Db\Driver.class.php 第 597 行.
NOTIC: [8] Undefined offset: 1 E:\wamp64\www\-\ThinkPHP\Library\Think\Db\Driver.class.php 第 600 行.
SQL: SELECT `id` FROM `order` WHERE ( `order_status` = null AND `order_status` = null  ) OR `store_id` = 1  [ RunTime:0.0010s ]
NOTIC: [8] Undefined variable: order_getLastSql E:\wamp64\www\-\Application\Admin\Controller\OrderController.class.php 第 104 行.

[ 2018-02-10T10:20:31+08:00 ] ::1 /-/index.php/admin/Order/order_total_info
INFO: [ app_init ] --START--
INFO: Run Behavior\BuildLiteBehavior [ RunTime:0.000037s ]
INFO: [ app_init ] --END-- [ RunTime:0.000240s ]
INFO: [ app_begin ] --START--
INFO: Run Behavior\ReadHtmlCacheBehavior [ RunTime:0.001031s ]
INFO: [ app_begin ] --END-- [ RunTime:0.001269s ]
SQL: SHOW COLUMNS FROM `city` [ RunTime:0.0090s ]
SQL: SELECT * FROM `city` ORDER BY paix desc  [ RunTime:0.0101s ]
SQL: SHOW COLUMNS FROM `order` [ RunTime:0.0079s ]
NOTIC: [8] Undefined offset: 0 E:\wamp64\www\-\ThinkPHP\Library\Think\Db\Driver.class.php 第 550 行.
NOTIC: [8] Undefined offset: 0 E:\wamp64\www\-\ThinkPHP\Library\Think\Db\Driver.class.php 第 596 行.
NOTIC: [8] Undefined offset: 0 E:\wamp64\www\-\ThinkPHP\Library\Think\Db\Driver.class.php 第 596 行.
NOTIC: [8] Undefined offset: 0 E:\wamp64\www\-\ThinkPHP\Library\Think\Db\Driver.class.php 第 597 行.
NOTIC: [8] Undefined offset: 0 E:\wamp64\www\-\ThinkPHP\Library\Think\Db\Driver.class.php 第 600 行.
NOTIC: [8] Undefined offset: 1 E:\wamp64\www\-\ThinkPHP\Library\Think\Db\Driver.class.php 第 596 行.
NOTIC: [8] Undefined offset: 1 E:\wamp64\www\-\ThinkPHP\Library\Think\Db\Driver.class.php 第 596 行.
NOTIC: [8] Undefined offset: 1 E:\wamp64\www\-\ThinkPHP\Library\Think\Db\Driver.class.php 第 597 行.
NOTIC: [8] Undefined offset: 1 E:\wamp64\www\-\ThinkPHP\Library\Think\Db\Driver.class.php 第 600 行.
SQL: SELECT `id` FROM `order` WHERE ( `order_status` = null AND `order_status` = null  ) OR `store_id` = 1  [ RunTime:0.0011s ]

[ 2018-02-10T10:21:14+08:00 ] ::1 /-/index.php/admin/Order/order_total_info
INFO: [ app_init ] --START--
INFO: Run Behavior\BuildLiteBehavior [ RunTime:0.000041s ]
INFO: [ app_init ] --END-- [ RunTime:0.000261s ]
INFO: [ app_begin ] --START--
INFO: Run Behavior\ReadHtmlCacheBehavior [ RunTime:0.000778s ]
INFO: [ app_begin ] --END-- [ RunTime:0.001106s ]
SQL: SHOW COLUMNS FROM `city` [ RunTime:0.0054s ]
SQL: SELECT * FROM `city` ORDER BY paix desc  [ RunTime:0.0063s ]
SQL: SHOW COLUMNS FROM `order` [ RunTime:0.0059s ]
NOTIC: [8] Undefined offset: 0 E:\wamp64\www\-\ThinkPHP\Library\Think\Db\Driver.class.php 第 550 行.
NOTIC: [8] Undefined offset: 0 E:\wamp64\www\-\ThinkPHP\Library\Think\Db\Driver.class.php 第 596 行.
NOTIC: [8] Undefined offset: 0 E:\wamp64\www\-\ThinkPHP\Library\Think\Db\Driver.class.php 第 596 行.
NOTIC: [8] Undefined offset: 0 E:\wamp64\www\-\ThinkPHP\Library\Think\Db\Driver.class.php 第 597 行.
NOTIC: [8] Undefined offset: 0 E:\wamp64\www\-\ThinkPHP\Library\Think\Db\Driver.class.php 第 600 行.
NOTIC: [8] Undefined offset: 1 E:\wamp64\www\-\ThinkPHP\Library\Think\Db\Driver.class.php 第 596 行.
NOTIC: [8] Undefined offset: 1 E:\wamp64\www\-\ThinkPHP\Library\Think\Db\Driver.class.php 第 596 行.
NOTIC: [8] Undefined offset: 1 E:\wamp64\www\-\ThinkPHP\Library\Think\Db\Driver.class.php 第 597 行.
NOTIC: [8] Undefined offset: 1 E:\wamp64\www\-\ThinkPHP\Library\Think\Db\Driver.class.php 第 600 行.
SQL: SELECT `id` FROM `order` WHERE ( `order_status` = null AND `order_status` = null  ) AND `store_id` = 1  [ RunTime:0.0011s ]

[ 2018-02-10T10:21:55+08:00 ] ::1 /-/index.php/admin/Order/order_total_info
INFO: [ app_init ] --START--
INFO: Run Behavior\BuildLiteBehavior [ RunTime:0.000040s ]
INFO: [ app_init ] --END-- [ RunTime:0.000243s ]
INFO: [ app_begin ] --START--
INFO: Run Behavior\ReadHtmlCacheBehavior [ RunTime:0.000806s ]
INFO: [ app_begin ] --END-- [ RunTime:0.000998s ]
SQL: SHOW COLUMNS FROM `city` [ RunTime:0.0081s ]
SQL: SELECT * FROM `city` ORDER BY paix desc  [ RunTime:0.0100s ]
SQL: SHOW COLUMNS FROM `order` [ RunTime:0.0095s ]
NOTIC: [8] Undefined offset: 0 E:\wamp64\www\-\ThinkPHP\Library\Think\Db\Driver.class.php 第 550 行.
NOTIC: [8] Undefined offset: 0 E:\wamp64\www\-\ThinkPHP\Library\Think\Db\Driver.class.php 第 596 行.
NOTIC: [8] Undefined offset: 0 E:\wamp64\www\-\ThinkPHP\Library\Think\Db\Driver.class.php 第 596 行.
NOTIC: [8] Undefined offset: 0 E:\wamp64\www\-\ThinkPHP\Library\Think\Db\Driver.class.php 第 597 行.
NOTIC: [8] Undefined offset: 0 E:\wamp64\www\-\ThinkPHP\Library\Think\Db\Driver.class.php 第 600 行.
NOTIC: [8] Undefined offset: 1 E:\wamp64\www\-\ThinkPHP\Library\Think\Db\Driver.class.php 第 596 行.
NOTIC: [8] Undefined offset: 1 E:\wamp64\www\-\ThinkPHP\Library\Think\Db\Driver.class.php 第 596 行.
NOTIC: [8] Undefined offset: 1 E:\wamp64\www\-\ThinkPHP\Library\Think\Db\Driver.class.php 第 597 行.
NOTIC: [8] Undefined offset: 1 E:\wamp64\www\-\ThinkPHP\Library\Think\Db\Driver.class.php 第 600 行.
SQL: SELECT `id` FROM `order` WHERE ( `order_status` = null AND `order_status` = null  ) OR `store_id` = 1  [ RunTime:0.0011s ]

[ 2018-02-10T10:22:26+08:00 ] ::1 /-/index.php/admin/Order/order_total_info
INFO: [ app_init ] --START--
INFO: Run Behavior\BuildLiteBehavior [ RunTime:0.000043s ]
INFO: [ app_init ] --END-- [ RunTime:0.000263s ]
INFO: [ app_begin ] --START--
INFO: Run Behavior\ReadHtmlCacheBehavior [ RunTime:0.001010s ]
INFO: [ app_begin ] --END-- [ RunTime:0.001211s ]
SQL: SHOW COLUMNS FROM `city` [ RunTime:0.0089s ]
SQL: SELECT * FROM `city` ORDER BY paix desc  [ RunTime:0.0102s ]
SQL: SHOW COLUMNS FROM `order` [ RunTime:0.0100s ]
NOTIC: [8] Undefined offset: 0 E:\wamp64\www\-\ThinkPHP\Library\Think\Db\Driver.class.php 第 550 行.
NOTIC: [8] Undefined offset: 0 E:\wamp64\www\-\ThinkPHP\Library\Think\Db\Driver.class.php 第 596 行.
NOTIC: [8] Undefined offset: 0 E:\wamp64\www\-\ThinkPHP\Library\Think\Db\Driver.class.php 第 596 行.
NOTIC: [8] Undefined offset: 0 E:\wamp64\www\-\ThinkPHP\Library\Think\Db\Driver.class.php 第 597 行.
NOTIC: [8] Undefined offset: 0 E:\wamp64\www\-\ThinkPHP\Library\Think\Db\Driver.class.php 第 600 行.
NOTIC: [8] Undefined offset: 1 E:\wamp64\www\-\ThinkPHP\Library\Think\Db\Driver.class.php 第 596 行.
NOTIC: [8] Undefined offset: 1 E:\wamp64\www\-\ThinkPHP\Library\Think\Db\Driver.class.php 第 596 行.
NOTIC: [8] Undefined offset: 1 E:\wamp64\www\-\ThinkPHP\Library\Think\Db\Driver.class.php 第 597 行.
NOTIC: [8] Undefined offset: 1 E:\wamp64\www\-\ThinkPHP\Library\Think\Db\Driver.class.php 第 600 行.
SQL: SELECT `id` FROM `order` WHERE ( `order_status` = null AND `order_status` = null  ) AND `store_id` = 1  [ RunTime:0.0011s ]

[ 2018-02-10T10:24:18+08:00 ] ::1 /-/index.php/admin/Order/order_total_info
INFO: [ app_init ] --START--
INFO: Run Behavior\BuildLiteBehavior [ RunTime:0.000043s ]
INFO: [ app_init ] --END-- [ RunTime:0.000265s ]
INFO: [ app_begin ] --START--
INFO: Run Behavior\ReadHtmlCacheBehavior [ RunTime:0.001545s ]
INFO: [ app_begin ] --END-- [ RunTime:0.001800s ]
SQL: SHOW COLUMNS FROM `city` [ RunTime:0.0082s ]
SQL: SELECT * FROM `city` ORDER BY paix desc  [ RunTime:0.0100s ]
SQL: SHOW COLUMNS FROM `order` [ RunTime:0.0092s ]
SQL: SELECT `id` FROM `order` WHERE (  `order_status` = 15 ) AND `store_id` = 1  [ RunTime:0.0013s ]

[ 2018-02-10T10:24:39+08:00 ] ::1 /-/index.php/admin/Order/order_total_info
INFO: [ app_init ] --START--
INFO: Run Behavior\BuildLiteBehavior [ RunTime:0.000045s ]
INFO: [ app_init ] --END-- [ RunTime:0.000271s ]
INFO: [ app_begin ] --START--
INFO: Run Behavior\ReadHtmlCacheBehavior [ RunTime:0.000859s ]
INFO: [ app_begin ] --END-- [ RunTime:0.001054s ]
SQL: SHOW COLUMNS FROM `city` [ RunTime:0.0082s ]
SQL: SELECT * FROM `city` ORDER BY paix desc  [ RunTime:0.0102s ]
SQL: SHOW COLUMNS FROM `order` [ RunTime:0.0096s ]
SQL: SELECT `id` FROM `order` WHERE (  `order_status` = 15 ) AND `store_id` = 1  [ RunTime:0.0011s ]

[ 2018-02-10T10:24:40+08:00 ] ::1 /-/index.php/admin/Order/order_total_info
INFO: [ app_init ] --START--
INFO: Run Behavior\BuildLiteBehavior [ RunTime:0.000045s ]
INFO: [ app_init ] --END-- [ RunTime:0.000279s ]
INFO: [ app_begin ] --START--
INFO: Run Behavior\ReadHtmlCacheBehavior [ RunTime:0.001347s ]
INFO: [ app_begin ] --END-- [ RunTime:0.001811s ]
SQL: SHOW COLUMNS FROM `city` [ RunTime:0.0088s ]
SQL: SELECT * FROM `city` ORDER BY paix desc  [ RunTime:0.0103s ]
SQL: SHOW COLUMNS FROM `order` [ RunTime:0.0095s ]
SQL: SELECT `id` FROM `order` WHERE (  `order_status` = 15 ) AND `store_id` = 1  [ RunTime:0.0014s ]

[ 2018-02-10T10:24:40+08:00 ] ::1 /-/index.php/admin/Order/order_total_info
INFO: [ app_init ] --START--
INFO: Run Behavior\BuildLiteBehavior [ RunTime:0.000052s ]
INFO: [ app_init ] --END-- [ RunTime:0.000276s ]
INFO: [ app_begin ] --START--
INFO: Run Behavior\ReadHtmlCacheBehavior [ RunTime:0.001022s ]
INFO: [ app_begin ] --END-- [ RunTime:0.001246s ]
SQL: SHOW COLUMNS FROM `city` [ RunTime:0.0079s ]
SQL: SELECT * FROM `city` ORDER BY paix desc  [ RunTime:0.0100s ]
SQL: SHOW COLUMNS FROM `order` [ RunTime:0.0094s ]
SQL: SELECT `id` FROM `order` WHERE (  `order_status` = 15 ) AND `store_id` = 1  [ RunTime:0.0012s ]

[ 2018-02-10T10:24:41+08:00 ] ::1 /-/index.php/admin/Order/order_total_info
INFO: [ app_init ] --START--
INFO: Run Behavior\BuildLiteBehavior [ RunTime:0.000036s ]
INFO: [ app_init ] --END-- [ RunTime:0.000228s ]
INFO: [ app_begin ] --START--
INFO: Run Behavior\ReadHtmlCacheBehavior [ RunTime:0.000691s ]
INFO: [ app_begin ] --END-- [ RunTime:0.000875s ]
SQL: SHOW COLUMNS FROM `city` [ RunTime:0.0084s ]
SQL: SELECT * FROM `city` ORDER BY paix desc  [ RunTime:0.0103s ]
SQL: SHOW COLUMNS FROM `order` [ RunTime:0.0095s ]
SQL: SELECT `id` FROM `order` WHERE (  `order_status` = 15 ) AND `store_id` = 1  [ RunTime:0.0014s ]

[ 2018-02-10T10:30:02+08:00 ] ::1 /-/index.php/admin/Order/order_total_info
INFO: [ app_init ] --START--
INFO: Run Behavior\BuildLiteBehavior [ RunTime:0.000038s ]
INFO: [ app_init ] --END-- [ RunTime:0.000243s ]
INFO: [ app_begin ] --START--
INFO: Run Behavior\ReadHtmlCacheBehavior [ RunTime:0.000855s ]
INFO: [ app_begin ] --END-- [ RunTime:0.001046s ]
SQL: SHOW COLUMNS FROM `city` [ RunTime:0.0043s ]
SQL: SELECT * FROM `city` ORDER BY paix desc  [ RunTime:0.0060s ]
NOTIC: [8] Undefined variable: array E:\wamp64\www\-\Application\Admin\Controller\OrderController.class.php 第 93 行.

[ 2018-02-10T10:30:31+08:00 ] ::1 /-/index.php/admin/Order/order_total_info
INFO: [ app_init ] --START--
INFO: Run Behavior\BuildLiteBehavior [ RunTime:0.000045s ]
INFO: [ app_init ] --END-- [ RunTime:0.000272s ]
INFO: [ app_begin ] --START--
INFO: Run Behavior\ReadHtmlCacheBehavior [ RunTime:0.000751s ]
INFO: [ app_begin ] --END-- [ RunTime:0.000955s ]
SQL: SHOW COLUMNS FROM `city` [ RunTime:0.0052s ]
SQL: SELECT * FROM `city` ORDER BY paix desc  [ RunTime:0.0061s ]
NOTIC: [8] Undefined variable: array E:\wamp64\www\-\Application\Admin\Controller\OrderController.class.php 第 93 行.

[ 2018-02-10T10:34:06+08:00 ] ::1 /-/index.php/admin/Order/order_total_info
INFO: [ app_init ] --START--
INFO: Run Behavior\BuildLiteBehavior [ RunTime:0.000038s ]
INFO: [ app_init ] --END-- [ RunTime:0.000227s ]
INFO: [ app_begin ] --START--
INFO: Run Behavior\ReadHtmlCacheBehavior [ RunTime:0.001001s ]
INFO: [ app_begin ] --END-- [ RunTime:0.001193s ]

[ 2018-02-10T10:34:20+08:00 ] ::1 /-/index.php/admin/Order/order_total_info
INFO: [ app_init ] --START--
INFO: Run Behavior\BuildLiteBehavior [ RunTime:0.000043s ]
INFO: [ app_init ] --END-- [ RunTime:0.000262s ]
INFO: [ app_begin ] --START--
INFO: Run Behavior\ReadHtmlCacheBehavior [ RunTime:0.001007s ]
INFO: [ app_begin ] --END-- [ RunTime:0.001195s ]
SQL: SHOW COLUMNS FROM `city` [ RunTime:0.0050s ]
SQL: SELECT * FROM `city` ORDER BY paix desc  [ RunTime:0.0063s ]
SQL: SHOW COLUMNS FROM `order` [ RunTime:0.0054s ]
SQL: SELECT `id` FROM `order` WHERE `order_status` IN ('10','15') AND `store_id` = 1  [ RunTime:0.0013s ]

[ 2018-02-10T10:34:53+08:00 ] ::1 /-/index.php/admin/Order/order_total_info
INFO: [ app_init ] --START--
INFO: Run Behavior\BuildLiteBehavior [ RunTime:0.000042s ]
INFO: [ app_init ] --END-- [ RunTime:0.000257s ]
INFO: [ app_begin ] --START--
INFO: Run Behavior\ReadHtmlCacheBehavior [ RunTime:0.000936s ]
INFO: [ app_begin ] --END-- [ RunTime:0.001139s ]
SQL: SHOW COLUMNS FROM `city` [ RunTime:0.0052s ]
SQL: SELECT * FROM `city` ORDER BY paix desc  [ RunTime:0.0079s ]
SQL: SHOW COLUMNS FROM `order` [ RunTime:0.0073s ]
SQL: SELECT `id` FROM `order` WHERE `order_status` IN ('10','15') AND `store_id` = 1  [ RunTime:0.0012s ]

[ 2018-02-10T10:38:45+08:00 ] ::1 /-/index.php/admin/Order/order_total_info
INFO: [ app_init ] --START--
INFO: Run Behavior\BuildLiteBehavior [ RunTime:0.000046s ]
INFO: [ app_init ] --END-- [ RunTime:0.000281s ]
INFO: [ app_begin ] --START--
INFO: Run Behavior\ReadHtmlCacheBehavior [ RunTime:0.001190s ]
INFO: [ app_begin ] --END-- [ RunTime:0.001437s ]
SQL: SHOW COLUMNS FROM `city` [ RunTime:0.0089s ]
SQL: SELECT * FROM `city` ORDER BY paix desc  [ RunTime:0.0106s ]
SQL: SHOW COLUMNS FROM `order` [ RunTime:0.0097s ]
SQL: SELECT `id` FROM `order` WHERE `order_status` IN ('10','15') AND `store_id` = 1  [ RunTime:0.0013s ]
SQL: SHOW COLUMNS FROM `money` [ RunTime:0.0089s ]
SQL: SELECT `sf` FROM `money` WHERE `order_id` = 90 LIMIT 1   [ RunTime:0.0013s ]
SQL: SELECT `sf` FROM `money` WHERE `order_id` = 91 LIMIT 1   [ RunTime:0.0009s ]
SQL: SELECT `sf` FROM `money` WHERE `order_id` = 92 LIMIT 1   [ RunTime:0.0010s ]

[ 2018-02-10T10:41:19+08:00 ] ::1 /-/index.php/admin/Order/order_total_info
INFO: [ app_init ] --START--
INFO: Run Behavior\BuildLiteBehavior [ RunTime:0.000041s ]
INFO: [ app_init ] --END-- [ RunTime:0.000247s ]
INFO: [ app_begin ] --START--
INFO: Run Behavior\ReadHtmlCacheBehavior [ RunTime:0.000985s ]
INFO: [ app_begin ] --END-- [ RunTime:0.001231s ]
SQL: SHOW COLUMNS FROM `city` [ RunTime:0.0096s ]
SQL: SELECT * FROM `city` ORDER BY paix desc  [ RunTime:0.0109s ]
SQL: SHOW COLUMNS FROM `order` [ RunTime:0.0070s ]
SQL: SELECT `id` FROM `order` WHERE `order_status` IN ('10','15') AND `store_id` = 1  [ RunTime:0.0011s ]
SQL: SHOW COLUMNS FROM `money` [ RunTime:0.0052s ]
SQL: SELECT `sf` FROM `money` WHERE `order_id` = 90 LIMIT 1   [ RunTime:0.0009s ]
SQL: SELECT `sf` FROM `money` WHERE `order_id` = 91 LIMIT 1   [ RunTime:0.0010s ]
SQL: SELECT `sf` FROM `money` WHERE `order_id` = 92 LIMIT 1   [ RunTime:0.0008s ]

[ 2018-02-10T10:41:21+08:00 ] ::1 /-/index.php/admin/Order/order_total_info
INFO: [ app_init ] --START--
INFO: Run Behavior\BuildLiteBehavior [ RunTime:0.000055s ]
INFO: [ app_init ] --END-- [ RunTime:0.000333s ]
INFO: [ app_begin ] --START--
INFO: Run Behavior\ReadHtmlCacheBehavior [ RunTime:0.000977s ]
INFO: [ app_begin ] --END-- [ RunTime:0.001188s ]
SQL: SHOW COLUMNS FROM `city` [ RunTime:0.0089s ]
SQL: SELECT * FROM `city` ORDER BY paix desc  [ RunTime:0.0103s ]
SQL: SHOW COLUMNS FROM `order` [ RunTime:0.0096s ]
SQL: SELECT `id` FROM `order` WHERE `order_status` IN ('10','15') AND `store_id` = 1  [ RunTime:0.0011s ]
SQL: SHOW COLUMNS FROM `money` [ RunTime:0.0058s ]
SQL: SELECT `sf` FROM `money` WHERE `order_id` = 90 LIMIT 1   [ RunTime:0.0012s ]
SQL: SELECT `sf` FROM `money` WHERE `order_id` = 91 LIMIT 1   [ RunTime:0.0012s ]
SQL: SELECT `sf` FROM `money` WHERE `order_id` = 92 LIMIT 1   [ RunTime:0.0010s ]

[ 2018-02-10T10:41:28+08:00 ] ::1 /-/index.php/admin/Order/order_total_info
INFO: [ app_init ] --START--
INFO: Run Behavior\BuildLiteBehavior [ RunTime:0.000048s ]
INFO: [ app_init ] --END-- [ RunTime:0.000287s ]
INFO: [ app_begin ] --START--
INFO: Run Behavior\ReadHtmlCacheBehavior [ RunTime:0.001096s ]
INFO: [ app_begin ] --END-- [ RunTime:0.001326s ]
SQL: SHOW COLUMNS FROM `city` [ RunTime:0.0083s ]
SQL: SELECT * FROM `city` ORDER BY paix desc  [ RunTime:0.0098s ]
SQL: SHOW COLUMNS FROM `order` [ RunTime:0.0079s ]
SQL: SELECT `id` FROM `order` WHERE `order_status` IN ('10','15') AND `store_id` = 1  [ RunTime:0.0013s ]
SQL: SHOW COLUMNS FROM `money` [ RunTime:0.0051s ]
SQL: SELECT `sf` FROM `money` WHERE `order_id` = 90 LIMIT 1   [ RunTime:0.0012s ]
SQL: SELECT `sf` FROM `money` WHERE `order_id` = 91 LIMIT 1   [ RunTime:0.0009s ]
SQL: SELECT `sf` FROM `money` WHERE `order_id` = 92 LIMIT 1   [ RunTime:0.0009s ]

[ 2018-02-10T10:41:55+08:00 ] ::1 /-/index.php/admin/Order/order_total_info
INFO: [ app_init ] --START--
INFO: Run Behavior\BuildLiteBehavior [ RunTime:0.000043s ]
INFO: [ app_init ] --END-- [ RunTime:0.000263s ]
INFO: [ app_begin ] --START--
INFO: Run Behavior\ReadHtmlCacheBehavior [ RunTime:0.000737s ]
INFO: [ app_begin ] --END-- [ RunTime:0.000927s ]
SQL: SHOW COLUMNS FROM `city` [ RunTime:0.0085s ]
SQL: SELECT * FROM `city` ORDER BY paix desc  [ RunTime:0.0103s ]
SQL: SHOW COLUMNS FROM `order` [ RunTime:0.0102s ]
SQL: SELECT `id` FROM `order` WHERE `order_status` IN ('10','15') AND `store_id` = 1  [ RunTime:0.0010s ]
SQL: SHOW COLUMNS FROM `money` [ RunTime:0.0077s ]
SQL: SELECT `sf` FROM `money` WHERE `order_id` = 90 LIMIT 1   [ RunTime:0.0009s ]
SQL: SELECT `sf` FROM `money` WHERE `order_id` = 91 LIMIT 1   [ RunTime:0.0009s ]
SQL: SELECT `sf` FROM `money` WHERE `order_id` = 92 LIMIT 1   [ RunTime:0.0009s ]

[ 2018-02-10T10:41:55+08:00 ] ::1 /-/index.php/admin/Order/order_total_info
INFO: [ app_init ] --START--
INFO: Run Behavior\BuildLiteBehavior [ RunTime:0.000039s ]
INFO: [ app_init ] --END-- [ RunTime:0.000239s ]
INFO: [ app_begin ] --START--
INFO: Run Behavior\ReadHtmlCacheBehavior [ RunTime:0.000819s ]
INFO: [ app_begin ] --END-- [ RunTime:0.001012s ]
SQL: SHOW COLUMNS FROM `city` [ RunTime:0.0088s ]
SQL: SELECT * FROM `city` ORDER BY paix desc  [ RunTime:0.0101s ]
SQL: SHOW COLUMNS FROM `order` [ RunTime:0.0103s ]
SQL: SELECT `id` FROM `order` WHERE `order_status` IN ('10','15') AND `store_id` = 1  [ RunTime:0.0012s ]
SQL: SHOW COLUMNS FROM `money` [ RunTime:0.0091s ]
SQL: SELECT `sf` FROM `money` WHERE `order_id` = 90 LIMIT 1   [ RunTime:0.0013s ]
SQL: SELECT `sf` FROM `money` WHERE `order_id` = 91 LIMIT 1   [ RunTime:0.0012s ]
SQL: SELECT `sf` FROM `money` WHERE `order_id` = 92 LIMIT 1   [ RunTime:0.0012s ]

[ 2018-02-10T10:41:56+08:00 ] ::1 /-/index.php/admin/Order/order_total_info
INFO: [ app_init ] --START--
INFO: Run Behavior\BuildLiteBehavior [ RunTime:0.000045s ]
INFO: [ app_init ] --END-- [ RunTime:0.000283s ]
INFO: [ app_begin ] --START--
INFO: Run Behavior\ReadHtmlCacheBehavior [ RunTime:0.001468s ]
INFO: [ app_begin ] --END-- [ RunTime:0.001740s ]
SQL: SHOW COLUMNS FROM `city` [ RunTime:0.0085s ]
SQL: SELECT * FROM `city` ORDER BY paix desc  [ RunTime:0.0099s ]
SQL: SHOW COLUMNS FROM `order` [ RunTime:0.0096s ]
SQL: SELECT `id` FROM `order` WHERE `order_status` IN ('10','15') AND `store_id` = 1  [ RunTime:0.0012s ]
SQL: SHOW COLUMNS FROM `money` [ RunTime:0.0052s ]
SQL: SELECT `sf` FROM `money` WHERE `order_id` = 90 LIMIT 1   [ RunTime:0.0009s ]
SQL: SELECT `sf` FROM `money` WHERE `order_id` = 91 LIMIT 1   [ RunTime:0.0009s ]
SQL: SELECT `sf` FROM `money` WHERE `order_id` = 92 LIMIT 1   [ RunTime:0.0010s ]

[ 2018-02-10T10:41:56+08:00 ] ::1 /-/index.php/admin/Order/order_total_info
INFO: [ app_init ] --START--
INFO: Run Behavior\BuildLiteBehavior [ RunTime:0.000036s ]
INFO: [ app_init ] --END-- [ RunTime:0.000238s ]
INFO: [ app_begin ] --START--
INFO: Run Behavior\ReadHtmlCacheBehavior [ RunTime:0.000742s ]
INFO: [ app_begin ] --END-- [ RunTime:0.000921s ]
SQL: SHOW COLUMNS FROM `city` [ RunTime:0.0092s ]
SQL: SELECT * FROM `city` ORDER BY paix desc  [ RunTime:0.0107s ]
SQL: SHOW COLUMNS FROM `order` [ RunTime:0.0101s ]
SQL: SELECT `id` FROM `order` WHERE `order_status` IN ('10','15') AND `store_id` = 1  [ RunTime:0.0012s ]
SQL: SHOW COLUMNS FROM `money` [ RunTime:0.0095s ]
SQL: SELECT `sf` FROM `money` WHERE `order_id` = 90 LIMIT 1   [ RunTime:0.0012s ]
SQL: SELECT `sf` FROM `money` WHERE `order_id` = 91 LIMIT 1   [ RunTime:0.0010s ]
SQL: SELECT `sf` FROM `money` WHERE `order_id` = 92 LIMIT 1   [ RunTime:0.0008s ]

[ 2018-02-10T10:41:56+08:00 ] ::1 /-/index.php/admin/Order/order_total_info
INFO: [ app_init ] --START--
INFO: Run Behavior\BuildLiteBehavior [ RunTime:0.000034s ]
INFO: [ app_init ] --END-- [ RunTime:0.000218s ]
INFO: [ app_begin ] --START--
INFO: Run Behavior\ReadHtmlCacheBehavior [ RunTime:0.000637s ]
INFO: [ app_begin ] --END-- [ RunTime:0.000814s ]
SQL: SHOW COLUMNS FROM `city` [ RunTime:0.0096s ]
SQL: SELECT * FROM `city` ORDER BY paix desc  [ RunTime:0.0105s ]
SQL: SHOW COLUMNS FROM `order` [ RunTime:0.0093s ]
SQL: SELECT `id` FROM `order` WHERE `order_status` IN ('10','15') AND `store_id` = 1  [ RunTime:0.0010s ]
SQL: SHOW COLUMNS FROM `money` [ RunTime:0.0080s ]
SQL: SELECT `sf` FROM `money` WHERE `order_id` = 90 LIMIT 1   [ RunTime:0.0015s ]
SQL: SELECT `sf` FROM `money` WHERE `order_id` = 91 LIMIT 1   [ RunTime:0.0013s ]
SQL: SELECT `sf` FROM `money` WHERE `order_id` = 92 LIMIT 1   [ RunTime:0.0013s ]

[ 2018-02-10T10:41:56+08:00 ] ::1 /-/index.php/admin/Order/order_total_info
INFO: [ app_init ] --START--
INFO: Run Behavior\BuildLiteBehavior [ RunTime:0.000044s ]
INFO: [ app_init ] --END-- [ RunTime:0.000280s ]
INFO: [ app_begin ] --START--
INFO: Run Behavior\ReadHtmlCacheBehavior [ RunTime:0.000761s ]
INFO: [ app_begin ] --END-- [ RunTime:0.000945s ]
SQL: SHOW COLUMNS FROM `city` [ RunTime:0.0053s ]
SQL: SELECT * FROM `city` ORDER BY paix desc  [ RunTime:0.0069s ]
SQL: SHOW COLUMNS FROM `order` [ RunTime:0.0060s ]
SQL: SELECT `id` FROM `order` WHERE `order_status` IN ('10','15') AND `store_id` = 1  [ RunTime:0.0010s ]
SQL: SHOW COLUMNS FROM `money` [ RunTime:0.0044s ]
SQL: SELECT `sf` FROM `money` WHERE `order_id` = 90 LIMIT 1   [ RunTime:0.0010s ]
SQL: SELECT `sf` FROM `money` WHERE `order_id` = 91 LIMIT 1   [ RunTime:0.0011s ]
SQL: SELECT `sf` FROM `money` WHERE `order_id` = 92 LIMIT 1   [ RunTime:0.0009s ]

[ 2018-02-10T10:41:56+08:00 ] ::1 /-/index.php/admin/Order/order_total_info
INFO: [ app_init ] --START--
INFO: Run Behavior\BuildLiteBehavior [ RunTime:0.000037s ]
INFO: [ app_init ] --END-- [ RunTime:0.000231s ]
INFO: [ app_begin ] --START--
INFO: Run Behavior\ReadHtmlCacheBehavior [ RunTime:0.000663s ]
INFO: [ app_begin ] --END-- [ RunTime:0.000867s ]
SQL: SHOW COLUMNS FROM `city` [ RunTime:0.0088s ]
SQL: SELECT * FROM `city` ORDER BY paix desc  [ RunTime:0.0102s ]
SQL: SHOW COLUMNS FROM `order` [ RunTime:0.0095s ]
SQL: SELECT `id` FROM `order` WHERE `order_status` IN ('10','15') AND `store_id` = 1  [ RunTime:0.0010s ]
SQL: SHOW COLUMNS FROM `money` [ RunTime:0.0082s ]
SQL: SELECT `sf` FROM `money` WHERE `order_id` = 90 LIMIT 1   [ RunTime:0.0010s ]
SQL: SELECT `sf` FROM `money` WHERE `order_id` = 91 LIMIT 1   [ RunTime:0.0008s ]
SQL: SELECT `sf` FROM `money` WHERE `order_id` = 92 LIMIT 1   [ RunTime:0.0008s ]

[ 2018-02-10T10:41:57+08:00 ] ::1 /-/index.php/admin/Order/order_total_info
INFO: [ app_init ] --START--
INFO: Run Behavior\BuildLiteBehavior [ RunTime:0.000037s ]
INFO: [ app_init ] --END-- [ RunTime:0.000226s ]
INFO: [ app_begin ] --START--
INFO: Run Behavior\ReadHtmlCacheBehavior [ RunTime:0.000699s ]
INFO: [ app_begin ] --END-- [ RunTime:0.000881s ]
SQL: SHOW COLUMNS FROM `city` [ RunTime:0.0084s ]
SQL: SELECT * FROM `city` ORDER BY paix desc  [ RunTime:0.0100s ]
SQL: SHOW COLUMNS FROM `order` [ RunTime:0.0096s ]
SQL: SELECT `id` FROM `order` WHERE `order_status` IN ('10','15') AND `store_id` = 1  [ RunTime:0.0011s ]
SQL: SHOW COLUMNS FROM `money` [ RunTime:0.0080s ]
SQL: SELECT `sf` FROM `money` WHERE `order_id` = 90 LIMIT 1   [ RunTime:0.0009s ]
SQL: SELECT `sf` FROM `money` WHERE `order_id` = 91 LIMIT 1   [ RunTime:0.0011s ]
SQL: SELECT `sf` FROM `money` WHERE `order_id` = 92 LIMIT 1   [ RunTime:0.0010s ]

[ 2018-02-10T10:41:57+08:00 ] ::1 /-/index.php/admin/Order/order_total_info
INFO: [ app_init ] --START--
INFO: Run Behavior\BuildLiteBehavior [ RunTime:0.000037s ]
INFO: [ app_init ] --END-- [ RunTime:0.000301s ]
INFO: [ app_begin ] --START--
INFO: Run Behavior\ReadHtmlCacheBehavior [ RunTime:0.000746s ]
INFO: [ app_begin ] --END-- [ RunTime:0.000929s ]
SQL: SHOW COLUMNS FROM `city` [ RunTime:0.0090s ]
SQL: SELECT * FROM `city` ORDER BY paix desc  [ RunTime:0.0102s ]
SQL: SHOW COLUMNS FROM `order` [ RunTime:0.0097s ]
SQL: SELECT `id` FROM `order` WHERE `order_status` IN ('10','15') AND `store_id` = 1  [ RunTime:0.0009s ]
SQL: SHOW COLUMNS FROM `money` [ RunTime:0.0081s ]
SQL: SELECT `sf` FROM `money` WHERE `order_id` = 90 LIMIT 1   [ RunTime:0.0012s ]
SQL: SELECT `sf` FROM `money` WHERE `order_id` = 91 LIMIT 1   [ RunTime:0.0009s ]
SQL: SELECT `sf` FROM `money` WHERE `order_id` = 92 LIMIT 1   [ RunTime:0.0008s ]

[ 2018-02-10T10:41:57+08:00 ] ::1 /-/index.php/admin/Order/order_total_info
INFO: [ app_init ] --START--
INFO: Run Behavior\BuildLiteBehavior [ RunTime:0.000044s ]
INFO: [ app_init ] --END-- [ RunTime:0.000256s ]
INFO: [ app_begin ] --START--
INFO: Run Behavior\ReadHtmlCacheBehavior [ RunTime:0.000766s ]
INFO: [ app_begin ] --END-- [ RunTime:0.000941s ]
SQL: SHOW COLUMNS FROM `city` [ RunTime:0.0082s ]
SQL: SELECT * FROM `city` ORDER BY paix desc  [ RunTime:0.0110s ]
SQL: SHOW COLUMNS FROM `order` [ RunTime:0.0080s ]
SQL: SELECT `id` FROM `order` WHERE `order_status` IN ('10','15') AND `store_id` = 1  [ RunTime:0.0009s ]
SQL: SHOW COLUMNS FROM `money` [ RunTime:0.0046s ]
SQL: SELECT `sf` FROM `money` WHERE `order_id` = 90 LIMIT 1   [ RunTime:0.0011s ]
SQL: SELECT `sf` FROM `money` WHERE `order_id` = 91 LIMIT 1   [ RunTime:0.0010s ]
SQL: SELECT `sf` FROM `money` WHERE `order_id` = 92 LIMIT 1   [ RunTime:0.0010s ]

[ 2018-02-10T10:41:57+08:00 ] ::1 /-/index.php/admin/Order/order_total_info
INFO: [ app_init ] --START--
INFO: Run Behavior\BuildLiteBehavior [ RunTime:0.000044s ]
INFO: [ app_init ] --END-- [ RunTime:0.000259s ]
INFO: [ app_begin ] --START--
INFO: Run Behavior\ReadHtmlCacheBehavior [ RunTime:0.000885s ]
INFO: [ app_begin ] --END-- [ RunTime:0.001090s ]
SQL: SHOW COLUMNS FROM `city` [ RunTime:0.0047s ]
SQL: SELECT * FROM `city` ORDER BY paix desc  [ RunTime:0.0065s ]
SQL: SHOW COLUMNS FROM `order` [ RunTime:0.0056s ]
SQL: SELECT `id` FROM `order` WHERE `order_status` IN ('10','15') AND `store_id` = 1  [ RunTime:0.0011s ]
SQL: SHOW COLUMNS FROM `money` [ RunTime:0.0052s ]
SQL: SELECT `sf` FROM `money` WHERE `order_id` = 90 LIMIT 1   [ RunTime:0.0009s ]
SQL: SELECT `sf` FROM `money` WHERE `order_id` = 91 LIMIT 1   [ RunTime:0.0009s ]
SQL: SELECT `sf` FROM `money` WHERE `order_id` = 92 LIMIT 1   [ RunTime:0.0007s ]

[ 2018-02-10T10:41:57+08:00 ] ::1 /-/index.php/admin/Order/order_total_info
INFO: [ app_init ] --START--
INFO: Run Behavior\BuildLiteBehavior [ RunTime:0.000049s ]
INFO: [ app_init ] --END-- [ RunTime:0.000302s ]
INFO: [ app_begin ] --START--
INFO: Run Behavior\ReadHtmlCacheBehavior [ RunTime:0.000979s ]
INFO: [ app_begin ] --END-- [ RunTime:0.001216s ]
SQL: SHOW COLUMNS FROM `city` [ RunTime:0.0053s ]
SQL: SELECT * FROM `city` ORDER BY paix desc  [ RunTime:0.0068s ]
SQL: SHOW COLUMNS FROM `order` [ RunTime:0.0062s ]
SQL: SELECT `id` FROM `order` WHERE `order_status` IN ('10','15') AND `store_id` = 1  [ RunTime:0.0011s ]
SQL: SHOW COLUMNS FROM `money` [ RunTime:0.0060s ]
SQL: SELECT `sf` FROM `money` WHERE `order_id` = 90 LIMIT 1   [ RunTime:0.0010s ]
SQL: SELECT `sf` FROM `money` WHERE `order_id` = 91 LIMIT 1   [ RunTime:0.0010s ]
SQL: SELECT `sf` FROM `money` WHERE `order_id` = 92 LIMIT 1   [ RunTime:0.0011s ]

[ 2018-02-10T10:46:48+08:00 ] 192.168.0.111 /-/index.php/Admin/Order/order_total_info/store_id/1
INFO: [ app_init ] --START--
INFO: Run Behavior\BuildLiteBehavior [ RunTime:0.000043s ]
INFO: [ app_init ] --END-- [ RunTime:0.000233s ]
INFO: [ app_begin ] --START--
INFO: Run Behavior\ReadHtmlCacheBehavior [ RunTime:0.000985s ]
INFO: [ app_begin ] --END-- [ RunTime:0.001213s ]
SQL: SHOW COLUMNS FROM `city` [ RunTime:0.0083s ]
SQL: SELECT * FROM `city` ORDER BY paix desc  [ RunTime:0.0108s ]
SQL: SHOW COLUMNS FROM `order` [ RunTime:0.0098s ]
SQL: SELECT `id` FROM `order` WHERE `order_status` IN ('10','15') AND `store_id` = 1  [ RunTime:0.0011s ]
SQL: SHOW COLUMNS FROM `money` [ RunTime:0.0060s ]
SQL: SELECT `sf` FROM `money` WHERE `order_id` = 90 LIMIT 1   [ RunTime:0.0009s ]
SQL: SELECT `sf` FROM `money` WHERE `order_id` = 91 LIMIT 1   [ RunTime:0.0008s ]
SQL: SELECT `sf` FROM `money` WHERE `order_id` = 92 LIMIT 1   [ RunTime:0.0008s ]

[ 2018-02-10T10:48:03+08:00 ] 192.168.0.107 /-/index.php/Admin/Order/order_total_info
INFO: [ app_init ] --START--
INFO: Run Behavior\BuildLiteBehavior [ RunTime:0.000047s ]
INFO: [ app_init ] --END-- [ RunTime:0.000274s ]
INFO: [ app_begin ] --START--
INFO: Run Behavior\ReadHtmlCacheBehavior [ RunTime:0.000899s ]
INFO: [ app_begin ] --END-- [ RunTime:0.001091s ]
SQL: SHOW COLUMNS FROM `city` [ RunTime:0.0055s ]
SQL: SELECT * FROM `city` ORDER BY paix desc  [ RunTime:0.0069s ]
SQL: SHOW COLUMNS FROM `order` [ RunTime:0.0054s ]
SQL: SELECT `id` FROM `order` WHERE `order_status` IN ('10','15') AND `store_id` = 0  [ RunTime:0.0021s ]
NOTIC: [2] Invalid argument supplied for foreach() E:\wamp64\www\-\Application\Admin\Controller\OrderController.class.php 第 97 行.

[ 2018-02-10T10:58:46+08:00 ] ::1 /-/index.php/admin/Order/order_info
INFO: [ app_init ] --START--
INFO: Run Behavior\BuildLiteBehavior [ RunTime:0.000046s ]
INFO: [ app_init ] --END-- [ RunTime:0.000272s ]
INFO: [ app_begin ] --START--
INFO: Run Behavior\ReadHtmlCacheBehavior [ RunTime:0.000982s ]
INFO: [ app_begin ] --END-- [ RunTime:0.001178s ]
SQL: SHOW COLUMNS FROM `city` [ RunTime:0.0102s ]
SQL: SELECT * FROM `city` ORDER BY paix desc  [ RunTime:0.0066s ]
INFO: [ view_parse ] --START--
INFO: [ template_filter ] --START--
INFO: Run Behavior\ContentReplaceBehavior [ RunTime:0.000252s ]
INFO: [ template_filter ] --END-- [ RunTime:0.000436s ]
NOTIC: [8] Use of undefined constant Index - assumed 'Index' E:\wamp64\www\-\Application\Runtime\Cache\Admin\18bc66a7b6334412ab8e61a2539ecfbd.php 第 83 行.
NOTIC: [8] Use of undefined constant Shop - assumed 'Shop' E:\wamp64\www\-\Application\Runtime\Cache\Admin\18bc66a7b6334412ab8e61a2539ecfbd.php 第 91 行.
NOTIC: [8] Use of undefined constant Shoptype - assumed 'Shoptype' E:\wamp64\www\-\Application\Runtime\Cache\Admin\18bc66a7b6334412ab8e61a2539ecfbd.php 第 91 行.
NOTIC: [8] Use of undefined constant Danwei - assumed 'Danwei' E:\wamp64\www\-\Application\Runtime\Cache\Admin\18bc66a7b6334412ab8e61a2539ecfbd.php 第 91 行.
NOTIC: [8] Use of undefined constant Seat - assumed 'Seat' E:\wamp64\www\-\Application\Runtime\Cache\Admin\18bc66a7b6334412ab8e61a2539ecfbd.php 第 91 行.
NOTIC: [8] Use of undefined constant Sale - assumed 'Sale' E:\wamp64\www\-\Application\Runtime\Cache\Admin\18bc66a7b6334412ab8e61a2539ecfbd.php 第 91 行.
NOTIC: [8] Use of undefined constant Food - assumed 'Food' E:\wamp64\www\-\Application\Runtime\Cache\Admin\18bc66a7b6334412ab8e61a2539ecfbd.php 第 91 行.
NOTIC: [8] Use of undefined constant Seattype - assumed 'Seattype' E:\wamp64\www\-\Application\Runtime\Cache\Admin\18bc66a7b6334412ab8e61a2539ecfbd.php 第 91 行.
NOTIC: [8] Use of undefined constant Foodtype - assumed 'Foodtype' E:\wamp64\www\-\Application\Runtime\Cache\Admin\18bc66a7b6334412ab8e61a2539ecfbd.php 第 91 行.
NOTIC: [8] Use of undefined constant User - assumed 'User' E:\wamp64\www\-\Application\Runtime\Cache\Admin\18bc66a7b6334412ab8e61a2539ecfbd.php 第 113 行.
NOTIC: [8] Use of undefined constant Code - assumed 'Code' E:\wamp64\www\-\Application\Runtime\Cache\Admin\18bc66a7b6334412ab8e61a2539ecfbd.php 第 122 行.
NOTIC: [8] Use of undefined constant Event - assumed 'Event' E:\wamp64\www\-\Application\Runtime\Cache\Admin\18bc66a7b6334412ab8e61a2539ecfbd.php 第 131 行.
NOTIC: [8] Use of undefined constant Config - assumed 'Config' E:\wamp64\www\-\Application\Runtime\Cache\Admin\18bc66a7b6334412ab8e61a2539ecfbd.php 第 131 行.
NOTIC: [8] Use of undefined constant Order - assumed 'Order' E:\wamp64\www\-\Application\Runtime\Cache\Admin\18bc66a7b6334412ab8e61a2539ecfbd.php 第 140 行.
NOTIC: [2] array_pop() expects parameter 1 to be array, null given E:\wamp64\www\-\Application\Runtime\Cache\Admin\18bc66a7b6334412ab8e61a2539ecfbd.php 第 173 行.
NOTIC: [2] Invalid argument supplied for foreach() E:\wamp64\www\-\Application\Runtime\Cache\Admin\18bc66a7b6334412ab8e61a2539ecfbd.php 第 173 行.
NOTIC: [8] Undefined variable: active E:\wamp64\www\-\Application\Runtime\Cache\Admin\18bc66a7b6334412ab8e61a2539ecfbd.php 第 176 行.
NOTIC: [8] Undefined variable: num E:\wamp64\www\-\Application\Runtime\Cache\Admin\18bc66a7b6334412ab8e61a2539ecfbd.php 第 260 行.
NOTIC: [8] Undefined variable: order_info E:\wamp64\www\-\Application\Runtime\Cache\Admin\18bc66a7b6334412ab8e61a2539ecfbd.php 第 279 行.
INFO: Run Behavior\ParseTemplateBehavior [ RunTime:0.060736s ]
INFO: [ view_parse ] --END-- [ RunTime:0.060947s ]
INFO: [ view_filter ] --START--
INFO: Run Behavior\WriteHtmlCacheBehavior [ RunTime:0.000775s ]
INFO: [ view_filter ] --END-- [ RunTime:0.000952s ]
INFO: [ app_end ] --START--
INFO: Run Behavior\ShowPageTraceBehavior [ RunTime:0.001115s ]
INFO: [ app_end ] --END-- [ RunTime:0.001307s ]

