[ 2018-02-07T09:51:46+08:00 ] ::1 /kuaidian/index.php/Admin/shop/index.html?id=1
INFO: [ app_init ] --START--
INFO: Run Behavior\BuildLiteBehavior [ RunTime:0.000010s ]
INFO: [ app_init ] --END-- [ RunTime:0.000049s ]
INFO: [ app_begin ] --START--
INFO: Run Behavior\ReadHtmlCacheBehavior [ RunTime:0.000831s ]
INFO: [ app_begin ] --END-- [ RunTime:0.000889s ]
SQL: SHOW COLUMNS FROM `city` [ RunTime:0.0107s ]
SQL: SELECT * FROM `city` ORDER BY paix desc  [ RunTime:0.0086s ]
SQL: SHOW COLUMNS FROM `shop` [ RunTime:0.0047s ]
SQL: SELECT * FROM `shop`  [ RunTime:0.0008s ]
INFO: [ view_parse ] --START--
INFO: [ template_filter ] --START--
INFO: Run Behavior\ContentReplaceBehavior [ RunTime:0.000091s ]
INFO: [ template_filter ] --END-- [ RunTime:0.000128s ]
NOTIC: [8] Use of undefined constant Index - assumed 'Index' D:\xampp\htdocs\kuaidian\Application\Runtime\Cache\Admin\52fa67f14c08742f6c521ab8140bab06.php 第 83 行.
NOTIC: [8] Use of undefined constant Shop - assumed 'Shop' D:\xampp\htdocs\kuaidian\Application\Runtime\Cache\Admin\52fa67f14c08742f6c521ab8140bab06.php 第 91 行.
NOTIC: [2] array_pop() expects parameter 1 to be array, null given D:\xampp\htdocs\kuaidian\Application\Runtime\Cache\Admin\52fa67f14c08742f6c521ab8140bab06.php 第 173 行.
NOTIC: [2] Invalid argument supplied for foreach() D:\xampp\htdocs\kuaidian\Application\Runtime\Cache\Admin\52fa67f14c08742f6c521ab8140bab06.php 第 173 行.
NOTIC: [8] Undefined variable: active D:\xampp\htdocs\kuaidian\Application\Runtime\Cache\Admin\52fa67f14c08742f6c521ab8140bab06.php 第 176 行.
NOTIC: [8] Undefined variable: info D:\xampp\htdocs\kuaidian\Application\Runtime\Cache\Admin\52fa67f14c08742f6c521ab8140bab06.php 第 257 行.
SQL: SELECT `name` FROM `city` WHERE `code` = '130500'  [ RunTime:0.0005s ]
SQL: SHOW COLUMNS FROM `shop_type` [ RunTime:0.0034s ]
SQL: SELECT `mingch` FROM `shop_type` WHERE `id` = 1  [ RunTime:0.0003s ]
SQL: SHOW COLUMNS FROM `sale` [ RunTime:0.0155s ]
SQL: SELECT COUNT(*) AS tp_count FROM `sale` WHERE `dep_type` = 1 LIMIT 1   [ RunTime:0.0004s ]
SQL: SELECT `name` FROM `city` WHERE `code` = '130100'  [ RunTime:0.0002s ]
SQL: SELECT `mingch` FROM `shop_type` WHERE `id` = 2  [ RunTime:0.0001s ]
SQL: SELECT COUNT(*) AS tp_count FROM `sale` WHERE `dep_type` = 3 LIMIT 1   [ RunTime:0.0001s ]
SQL: SELECT `name` FROM `city` WHERE `code` = '350300'  [ RunTime:0.0002s ]
SQL: SELECT `mingch` FROM `shop_type` WHERE `id` = 3  [ RunTime:0.0001s ]
SQL: SELECT COUNT(*) AS tp_count FROM `sale` WHERE `dep_type` = 23 LIMIT 1   [ RunTime:0.0001s ]
SQL: SELECT `name` FROM `city` WHERE `code` = '140400'  [ RunTime:0.0002s ]
SQL: SELECT `mingch` FROM `shop_type` WHERE `id` = 7  [ RunTime:0.0004s ]
SQL: SELECT COUNT(*) AS tp_count FROM `sale` WHERE `dep_type` = 24 LIMIT 1   [ RunTime:0.0002s ]
SQL: SELECT `name` FROM `city` WHERE `code` = '130400'  [ RunTime:0.0002s ]
SQL: SELECT `mingch` FROM `shop_type` WHERE `id` = 8  [ RunTime:0.0001s ]
SQL: SELECT COUNT(*) AS tp_count FROM `sale` WHERE `dep_type` = 25 LIMIT 1   [ RunTime:0.0001s ]
SQL: SELECT `name` FROM `city` WHERE `code` = '130100'  [ RunTime:0.0002s ]
SQL: SELECT `mingch` FROM `shop_type` WHERE `id` = 7  [ RunTime:0.0001s ]
SQL: SELECT COUNT(*) AS tp_count FROM `sale` WHERE `dep_type` = 27 LIMIT 1   [ RunTime:0.0001s ]
SQL: SELECT `name` FROM `city` WHERE `code` = '0'  [ RunTime:0.0002s ]
NOTIC: [8] Undefined offset: 0 D:\xampp\htdocs\kuaidian\Application\Common\Common\function.php 第 109 行.
SQL: SELECT `mingch` FROM `shop_type` WHERE `id` = 11  [ RunTime:0.0001s ]
SQL: SELECT COUNT(*) AS tp_count FROM `sale` WHERE `dep_type` = 31 LIMIT 1   [ RunTime:0.0001s ]
INFO: Run Behavior\ParseTemplateBehavior [ RunTime:0.067142s ]
INFO: [ view_parse ] --END-- [ RunTime:0.067180s ]
INFO: [ view_filter ] --START--
INFO: Run Behavior\WriteHtmlCacheBehavior [ RunTime:0.000573s ]
INFO: [ view_filter ] --END-- [ RunTime:0.000597s ]
INFO: [ app_end ] --START--
INFO: Run Behavior\ShowPageTraceBehavior [ RunTime:0.000633s ]
INFO: [ app_end ] --END-- [ RunTime:0.000660s ]

[ 2018-02-07T09:51:50+08:00 ] ::1 /kuaidian/index.php/Admin/Food/index/menid/3/id/1.html
INFO: [ app_init ] --START--
INFO: Run Behavior\BuildLiteBehavior [ RunTime:0.000011s ]
INFO: [ app_init ] --END-- [ RunTime:0.000049s ]
INFO: [ app_begin ] --START--
INFO: Run Behavior\ReadHtmlCacheBehavior [ RunTime:0.000387s ]
INFO: [ app_begin ] --END-- [ RunTime:0.000418s ]
SQL: SHOW COLUMNS FROM `city` [ RunTime:0.0040s ]
SQL: SELECT * FROM `city` ORDER BY paix desc  [ RunTime:0.0042s ]
SQL: SHOW COLUMNS FROM `food` [ RunTime:0.0040s ]
SQL: SELECT * FROM `food` WHERE `dep_shop` = 3  [ RunTime:0.0004s ]
INFO: [ view_parse ] --START--
INFO: [ template_filter ] --START--
INFO: Run Behavior\ContentReplaceBehavior [ RunTime:0.000086s ]
INFO: [ template_filter ] --END-- [ RunTime:0.000121s ]
NOTIC: [8] Use of undefined constant Index - assumed 'Index' D:\xampp\htdocs\kuaidian\Application\Runtime\Cache\Admin\366640149ae8cbe094b01f770667186d.php 第 83 行.
NOTIC: [8] Use of undefined constant Shop - assumed 'Shop' D:\xampp\htdocs\kuaidian\Application\Runtime\Cache\Admin\366640149ae8cbe094b01f770667186d.php 第 91 行.
NOTIC: [8] Use of undefined constant Shoptype - assumed 'Shoptype' D:\xampp\htdocs\kuaidian\Application\Runtime\Cache\Admin\366640149ae8cbe094b01f770667186d.php 第 91 行.
NOTIC: [8] Use of undefined constant Danwei - assumed 'Danwei' D:\xampp\htdocs\kuaidian\Application\Runtime\Cache\Admin\366640149ae8cbe094b01f770667186d.php 第 91 行.
NOTIC: [8] Use of undefined constant Seat - assumed 'Seat' D:\xampp\htdocs\kuaidian\Application\Runtime\Cache\Admin\366640149ae8cbe094b01f770667186d.php 第 91 行.
NOTIC: [8] Use of undefined constant Sale - assumed 'Sale' D:\xampp\htdocs\kuaidian\Application\Runtime\Cache\Admin\366640149ae8cbe094b01f770667186d.php 第 91 行.
NOTIC: [8] Use of undefined constant Food - assumed 'Food' D:\xampp\htdocs\kuaidian\Application\Runtime\Cache\Admin\366640149ae8cbe094b01f770667186d.php 第 91 行.
NOTIC: [2] array_pop() expects parameter 1 to be array, null given D:\xampp\htdocs\kuaidian\Application\Runtime\Cache\Admin\366640149ae8cbe094b01f770667186d.php 第 173 行.
NOTIC: [2] Invalid argument supplied for foreach() D:\xampp\htdocs\kuaidian\Application\Runtime\Cache\Admin\366640149ae8cbe094b01f770667186d.php 第 173 行.
NOTIC: [8] Undefined variable: active D:\xampp\htdocs\kuaidian\Application\Runtime\Cache\Admin\366640149ae8cbe094b01f770667186d.php 第 176 行.
NOTIC: [8] Undefined variable: info D:\xampp\htdocs\kuaidian\Application\Runtime\Cache\Admin\366640149ae8cbe094b01f770667186d.php 第 257 行.
SQL: SHOW COLUMNS FROM `food_type` [ RunTime:0.0045s ]
SQL: SELECT `mingch` FROM `food_type` WHERE `id` = 15  [ RunTime:0.0003s ]
SQL: SHOW COLUMNS FROM `cpdanwei` [ RunTime:0.0037s ]
SQL: SELECT `mingch` FROM `cpdanwei` WHERE `id` = 4  [ RunTime:0.0003s ]
SQL: SHOW COLUMNS FROM `cpfenliang` [ RunTime:0.0141s ]
SQL: SHOW COLUMNS FROM `shop` [ RunTime:0.0039s ]
SQL: SELECT `mingch` FROM `shop` WHERE `id` = 3  [ RunTime:0.0006s ]
INFO: Run Behavior\ParseTemplateBehavior [ RunTime:0.052629s ]
INFO: [ view_parse ] --END-- [ RunTime:0.052696s ]
INFO: [ view_filter ] --START--
INFO: Run Behavior\WriteHtmlCacheBehavior [ RunTime:0.000479s ]
INFO: [ view_filter ] --END-- [ RunTime:0.000508s ]
INFO: [ app_end ] --START--
INFO: Run Behavior\ShowPageTraceBehavior [ RunTime:0.000464s ]
INFO: [ app_end ] --END-- [ RunTime:0.000487s ]

[ 2018-02-07T09:51:55+08:00 ] ::1 /kuaidian/index.php/Admin/Food/delete.html
INFO: [ app_init ] --START--
INFO: Run Behavior\BuildLiteBehavior [ RunTime:0.000008s ]
INFO: [ app_init ] --END-- [ RunTime:0.000043s ]
INFO: [ app_begin ] --START--
INFO: Run Behavior\ReadHtmlCacheBehavior [ RunTime:0.000404s ]
INFO: [ app_begin ] --END-- [ RunTime:0.000428s ]
SQL: SHOW COLUMNS FROM `city` [ RunTime:0.0033s ]
SQL: SELECT * FROM `city` ORDER BY paix desc  [ RunTime:0.0040s ]
SQL: SHOW COLUMNS FROM `food` [ RunTime:0.0037s ]
SQL: DELETE FROM `food` WHERE `id` = 66 [ RunTime:0.0005s ]

[ 2018-02-07T09:51:56+08:00 ] ::1 /kuaidian/index.php/Admin/Food/add/id/3.html
INFO: [ app_init ] --START--
INFO: Run Behavior\BuildLiteBehavior [ RunTime:0.000009s ]
INFO: [ app_init ] --END-- [ RunTime:0.000070s ]
INFO: [ app_begin ] --START--
INFO: Run Behavior\ReadHtmlCacheBehavior [ RunTime:0.000391s ]
INFO: [ app_begin ] --END-- [ RunTime:0.000419s ]
SQL: SHOW COLUMNS FROM `city` [ RunTime:0.0032s ]
SQL: SELECT * FROM `city` ORDER BY paix desc  [ RunTime:0.0040s ]
SQL: SHOW COLUMNS FROM `food_type` [ RunTime:0.0043s ]
SQL: SELECT * FROM `food_type` WHERE `dep_type` = 3  [ RunTime:0.0003s ]
SQL: SHOW COLUMNS FROM `cpkouwei` [ RunTime:0.0142s ]
SQL: SELECT * FROM `cpkouwei`  [ RunTime:0.0005s ]
SQL: SHOW COLUMNS FROM `cpdanwei` [ RunTime:0.0041s ]
SQL: SELECT * FROM `cpdanwei`  [ RunTime:0.0003s ]
INFO: [ view_parse ] --START--
INFO: [ template_filter ] --START--
INFO: Run Behavior\ContentReplaceBehavior [ RunTime:0.000184s ]
INFO: [ template_filter ] --END-- [ RunTime:0.000275s ]
INFO: Run Behavior\ParseTemplateBehavior [ RunTime:0.010804s ]
INFO: [ view_parse ] --END-- [ RunTime:0.010856s ]
INFO: [ view_filter ] --START--
INFO: Run Behavior\WriteHtmlCacheBehavior [ RunTime:0.000544s ]
INFO: [ view_filter ] --END-- [ RunTime:0.000576s ]
INFO: [ app_end ] --START--
INFO: Run Behavior\ShowPageTraceBehavior [ RunTime:0.000922s ]
INFO: [ app_end ] --END-- [ RunTime:0.000992s ]

[ 2018-02-07T09:52:11+08:00 ] ::1 /kuaidian/index.php/Admin/Food/add.html
INFO: [ app_init ] --START--
INFO: Run Behavior\BuildLiteBehavior [ RunTime:0.000012s ]
INFO: [ app_init ] --END-- [ RunTime:0.000055s ]
INFO: [ app_begin ] --START--
INFO: Run Behavior\ReadHtmlCacheBehavior [ RunTime:0.000423s ]
INFO: [ app_begin ] --END-- [ RunTime:0.000456s ]
SQL: SHOW COLUMNS FROM `city` [ RunTime:0.0032s ]
SQL: SELECT * FROM `city` ORDER BY paix desc  [ RunTime:0.0043s ]
SQL: SHOW COLUMNS FROM `food` [ RunTime:0.0038s ]
NOTIC: [8] Undefined index: fenliang D:\xampp\htdocs\kuaidian\Application\Admin\Controller\FoodController.class.php 第 62 行.
NOTIC: [2] Invalid argument supplied for foreach() D:\xampp\htdocs\kuaidian\Application\Admin\Controller\FoodController.class.php 第 62 行.
NOTIC: [2] call_user_func() expects parameter 1 to be a valid callback, no array or string given D:\xampp\htdocs\kuaidian\ThinkPHP\Library\Think\Upload.class.php 第 170 行.
SQL: INSERT INTO `food` (`dep_shop`,`mingch`,`jiage`,`jiage_youhui`,`zhuangt`,`food_type`,`dwid`,`shicai`,`kougan`,`flid`,`logo`,`kwid`) VALUES ('3','测试2','20','20','1','15','4','','','','/img/2018-02-07/5a7a5bcb891cf.png','') [ RunTime:0.0006s ]
SQL: SHOW COLUMNS FROM `cpfljiage` [ RunTime:0.0120s ]
SQL: SELECT MAX(id) AS tp_Max FROM `food` LIMIT 1   [ RunTime:0.0004s ]
NOTIC: [8] Undefined index: fenliang D:\xampp\htdocs\kuaidian\Application\Admin\Controller\FoodController.class.php 第 102 行.
NOTIC: [2] Invalid argument supplied for foreach() D:\xampp\htdocs\kuaidian\Application\Admin\Controller\FoodController.class.php 第 102 行.
INFO: [ view_parse ] --START--
INFO: [ template_filter ] --START--
INFO: Run Behavior\ContentReplaceBehavior [ RunTime:0.000028s ]
INFO: [ template_filter ] --END-- [ RunTime:0.000062s ]
INFO: Run Behavior\ParseTemplateBehavior [ RunTime:0.012498s ]
INFO: [ view_parse ] --END-- [ RunTime:0.012554s ]
INFO: [ view_filter ] --START--
INFO: Run Behavior\WriteHtmlCacheBehavior [ RunTime:0.000755s ]
INFO: [ view_filter ] --END-- [ RunTime:0.000792s ]
INFO: [ app_end ] --START--
INFO: Run Behavior\ShowPageTraceBehavior [ RunTime:0.000737s ]
INFO: [ app_end ] --END-- [ RunTime:0.000773s ]

[ 2018-02-07T09:52:12+08:00 ] ::1 /kuaidian/index.php/Admin/Food/add/id/3.html
INFO: [ app_init ] --START--
INFO: Run Behavior\BuildLiteBehavior [ RunTime:0.000008s ]
INFO: [ app_init ] --END-- [ RunTime:0.000045s ]
INFO: [ app_begin ] --START--
INFO: Run Behavior\ReadHtmlCacheBehavior [ RunTime:0.000613s ]
INFO: [ app_begin ] --END-- [ RunTime:0.000649s ]
SQL: SHOW COLUMNS FROM `city` [ RunTime:0.0039s ]
SQL: SELECT * FROM `city` ORDER BY paix desc  [ RunTime:0.0038s ]
SQL: SHOW COLUMNS FROM `food_type` [ RunTime:0.0037s ]
SQL: SELECT * FROM `food_type` WHERE `dep_type` = 3  [ RunTime:0.0004s ]
SQL: SHOW COLUMNS FROM `cpkouwei` [ RunTime:0.0029s ]
SQL: SELECT * FROM `cpkouwei`  [ RunTime:0.0002s ]
SQL: SHOW COLUMNS FROM `cpdanwei` [ RunTime:0.0027s ]
SQL: SELECT * FROM `cpdanwei`  [ RunTime:0.0002s ]
INFO: [ view_parse ] --START--
INFO: [ template_filter ] --START--
INFO: Run Behavior\ContentReplaceBehavior [ RunTime:0.000072s ]
INFO: [ template_filter ] --END-- [ RunTime:0.000112s ]
INFO: Run Behavior\ParseTemplateBehavior [ RunTime:0.007496s ]
INFO: [ view_parse ] --END-- [ RunTime:0.007536s ]
INFO: [ view_filter ] --START--
INFO: Run Behavior\WriteHtmlCacheBehavior [ RunTime:0.000332s ]
INFO: [ view_filter ] --END-- [ RunTime:0.000356s ]
INFO: [ app_end ] --START--
INFO: Run Behavior\ShowPageTraceBehavior [ RunTime:0.000495s ]
INFO: [ app_end ] --END-- [ RunTime:0.000520s ]

[ 2018-02-07T09:52:13+08:00 ] ::1 /kuaidian/index.php/Admin/Food/index/menid/3/id/1.html
INFO: [ app_init ] --START--
INFO: Run Behavior\BuildLiteBehavior [ RunTime:0.000008s ]
INFO: [ app_init ] --END-- [ RunTime:0.000046s ]
INFO: [ app_begin ] --START--
INFO: Run Behavior\ReadHtmlCacheBehavior [ RunTime:0.000456s ]
INFO: [ app_begin ] --END-- [ RunTime:0.000482s ]
SQL: SHOW COLUMNS FROM `city` [ RunTime:0.0041s ]
SQL: SELECT * FROM `city` ORDER BY paix desc  [ RunTime:0.0038s ]
SQL: SHOW COLUMNS FROM `food` [ RunTime:0.0036s ]
SQL: SELECT * FROM `food` WHERE `dep_shop` = 3  [ RunTime:0.0005s ]
INFO: [ view_parse ] --START--
INFO: [ template_filter ] --START--
INFO: Run Behavior\ContentReplaceBehavior [ RunTime:0.000088s ]
INFO: [ template_filter ] --END-- [ RunTime:0.000125s ]
NOTIC: [8] Use of undefined constant Index - assumed 'Index' D:\xampp\htdocs\kuaidian\Application\Runtime\Cache\Admin\366640149ae8cbe094b01f770667186d.php 第 83 行.
NOTIC: [8] Use of undefined constant Shop - assumed 'Shop' D:\xampp\htdocs\kuaidian\Application\Runtime\Cache\Admin\366640149ae8cbe094b01f770667186d.php 第 91 行.
NOTIC: [8] Use of undefined constant Shoptype - assumed 'Shoptype' D:\xampp\htdocs\kuaidian\Application\Runtime\Cache\Admin\366640149ae8cbe094b01f770667186d.php 第 91 行.
NOTIC: [8] Use of undefined constant Danwei - assumed 'Danwei' D:\xampp\htdocs\kuaidian\Application\Runtime\Cache\Admin\366640149ae8cbe094b01f770667186d.php 第 91 行.
NOTIC: [8] Use of undefined constant Seat - assumed 'Seat' D:\xampp\htdocs\kuaidian\Application\Runtime\Cache\Admin\366640149ae8cbe094b01f770667186d.php 第 91 行.
NOTIC: [8] Use of undefined constant Sale - assumed 'Sale' D:\xampp\htdocs\kuaidian\Application\Runtime\Cache\Admin\366640149ae8cbe094b01f770667186d.php 第 91 行.
NOTIC: [8] Use of undefined constant Food - assumed 'Food' D:\xampp\htdocs\kuaidian\Application\Runtime\Cache\Admin\366640149ae8cbe094b01f770667186d.php 第 91 行.
NOTIC: [2] array_pop() expects parameter 1 to be array, null given D:\xampp\htdocs\kuaidian\Application\Runtime\Cache\Admin\366640149ae8cbe094b01f770667186d.php 第 173 行.
NOTIC: [2] Invalid argument supplied for foreach() D:\xampp\htdocs\kuaidian\Application\Runtime\Cache\Admin\366640149ae8cbe094b01f770667186d.php 第 173 行.
NOTIC: [8] Undefined variable: active D:\xampp\htdocs\kuaidian\Application\Runtime\Cache\Admin\366640149ae8cbe094b01f770667186d.php 第 176 行.
NOTIC: [8] Undefined variable: info D:\xampp\htdocs\kuaidian\Application\Runtime\Cache\Admin\366640149ae8cbe094b01f770667186d.php 第 257 行.
SQL: SHOW COLUMNS FROM `food_type` [ RunTime:0.0033s ]
SQL: SELECT `mingch` FROM `food_type` WHERE `id` = 15  [ RunTime:0.0003s ]
SQL: SHOW COLUMNS FROM `cpdanwei` [ RunTime:0.0037s ]
SQL: SELECT `mingch` FROM `cpdanwei` WHERE `id` = 4  [ RunTime:0.0003s ]
SQL: SHOW COLUMNS FROM `cpfenliang` [ RunTime:0.0036s ]
SQL: SHOW COLUMNS FROM `shop` [ RunTime:0.0051s ]
SQL: SELECT `mingch` FROM `shop` WHERE `id` = 3  [ RunTime:0.0004s ]
INFO: Run Behavior\ParseTemplateBehavior [ RunTime:0.027538s ]
INFO: [ view_parse ] --END-- [ RunTime:0.027562s ]
INFO: [ view_filter ] --START--
INFO: Run Behavior\WriteHtmlCacheBehavior [ RunTime:0.000411s ]
INFO: [ view_filter ] --END-- [ RunTime:0.000434s ]
INFO: [ app_end ] --START--
INFO: Run Behavior\ShowPageTraceBehavior [ RunTime:0.000490s ]
INFO: [ app_end ] --END-- [ RunTime:0.000515s ]

[ 2018-02-07T10:56:49+08:00 ] 192.168.0.105 /kuaidian/index.php/Admin
INFO: [ app_init ] --START--
INFO: Run Behavior\BuildLiteBehavior [ RunTime:0.000016s ]
INFO: [ app_init ] --END-- [ RunTime:0.000093s ]
INFO: [ app_begin ] --START--
INFO: Run Behavior\ReadHtmlCacheBehavior [ RunTime:0.001056s ]
INFO: [ app_begin ] --END-- [ RunTime:0.001127s ]
INFO: [ view_parse ] --START--
INFO: [ template_filter ] --START--
INFO: Run Behavior\ContentReplaceBehavior [ RunTime:0.000054s ]
INFO: [ template_filter ] --END-- [ RunTime:0.000102s ]
NOTIC: [8] Undefined variable: id D:\xampp\htdocs\kuaidian\Application\Runtime\Cache\Admin\b595b808c2ebeeeb0478ffc30bb4e87a.php 第 20 行.
INFO: Run Behavior\ParseTemplateBehavior [ RunTime:0.024796s ]
INFO: [ view_parse ] --END-- [ RunTime:0.024857s ]
INFO: [ view_filter ] --START--
INFO: Run Behavior\WriteHtmlCacheBehavior [ RunTime:0.000451s ]
INFO: [ view_filter ] --END-- [ RunTime:0.000485s ]
INFO: [ app_end ] --START--
INFO: Run Behavior\ShowPageTraceBehavior [ RunTime:0.000639s ]
INFO: [ app_end ] --END-- [ RunTime:0.000673s ]

[ 2018-02-07T10:57:00+08:00 ] 192.168.0.105 /kuaidian/index.php/Admin/Index/dodenglu.html
INFO: [ app_init ] --START--
INFO: Run Behavior\BuildLiteBehavior [ RunTime:0.000016s ]
INFO: [ app_init ] --END-- [ RunTime:0.000091s ]
INFO: [ app_begin ] --START--
INFO: Run Behavior\ReadHtmlCacheBehavior [ RunTime:0.001489s ]
INFO: [ app_begin ] --END-- [ RunTime:0.001559s ]
SQL: SHOW COLUMNS FROM `user` [ RunTime:0.0037s ]
SQL: SELECT * FROM `user` WHERE `tel` = '111111' AND `status` = 1 LIMIT 1   [ RunTime:0.0006s ]

[ 2018-02-07T10:57:00+08:00 ] 192.168.0.105 /kuaidian/index.php/Admin/Index/zhuye.html
INFO: [ app_init ] --START--
INFO: Run Behavior\BuildLiteBehavior [ RunTime:0.000010s ]
INFO: [ app_init ] --END-- [ RunTime:0.000051s ]
INFO: [ app_begin ] --START--
INFO: Run Behavior\ReadHtmlCacheBehavior [ RunTime:0.000470s ]
INFO: [ app_begin ] --END-- [ RunTime:0.000506s ]
SQL: SHOW COLUMNS FROM `city` [ RunTime:0.0036s ]
SQL: SELECT * FROM `city` ORDER BY paix desc  [ RunTime:0.0040s ]
INFO: [ view_parse ] --START--
INFO: [ template_filter ] --START--
INFO: Run Behavior\ContentReplaceBehavior [ RunTime:0.000076s ]
INFO: [ template_filter ] --END-- [ RunTime:0.000111s ]
NOTIC: [8] Use of undefined constant Index - assumed 'Index' D:\xampp\htdocs\kuaidian\Application\Runtime\Cache\Admin\502c830712a0e1f9d91cc268e293cf60.php 第 83 行.
INFO: Run Behavior\ParseTemplateBehavior [ RunTime:0.032273s ]
INFO: [ view_parse ] --END-- [ RunTime:0.032346s ]
INFO: [ view_filter ] --START--
INFO: Run Behavior\WriteHtmlCacheBehavior [ RunTime:0.001265s ]
INFO: [ view_filter ] --END-- [ RunTime:0.001333s ]
INFO: [ app_end ] --START--
INFO: Run Behavior\ShowPageTraceBehavior [ RunTime:0.001466s ]
INFO: [ app_end ] --END-- [ RunTime:0.001529s ]

[ 2018-02-07T10:57:02+08:00 ] 192.168.0.105 /kuaidian/index.php/Admin/shop/index.html?id=1
INFO: [ app_init ] --START--
INFO: Run Behavior\BuildLiteBehavior [ RunTime:0.000015s ]
INFO: [ app_init ] --END-- [ RunTime:0.000089s ]
INFO: [ app_begin ] --START--
INFO: Run Behavior\ReadHtmlCacheBehavior [ RunTime:0.000439s ]
INFO: [ app_begin ] --END-- [ RunTime:0.000476s ]
SQL: SHOW COLUMNS FROM `city` [ RunTime:0.0036s ]
SQL: SELECT * FROM `city` ORDER BY paix desc  [ RunTime:0.0040s ]
SQL: SHOW COLUMNS FROM `shop` [ RunTime:0.0045s ]
SQL: SELECT * FROM `shop`  [ RunTime:0.0007s ]
INFO: [ view_parse ] --START--
INFO: [ template_filter ] --START--
INFO: Run Behavior\ContentReplaceBehavior [ RunTime:0.000113s ]
INFO: [ template_filter ] --END-- [ RunTime:0.000148s ]
NOTIC: [8] Use of undefined constant Index - assumed 'Index' D:\xampp\htdocs\kuaidian\Application\Runtime\Cache\Admin\52fa67f14c08742f6c521ab8140bab06.php 第 83 行.
NOTIC: [8] Use of undefined constant Shop - assumed 'Shop' D:\xampp\htdocs\kuaidian\Application\Runtime\Cache\Admin\52fa67f14c08742f6c521ab8140bab06.php 第 91 行.
NOTIC: [2] array_pop() expects parameter 1 to be array, null given D:\xampp\htdocs\kuaidian\Application\Runtime\Cache\Admin\52fa67f14c08742f6c521ab8140bab06.php 第 173 行.
NOTIC: [2] Invalid argument supplied for foreach() D:\xampp\htdocs\kuaidian\Application\Runtime\Cache\Admin\52fa67f14c08742f6c521ab8140bab06.php 第 173 行.
NOTIC: [8] Undefined variable: active D:\xampp\htdocs\kuaidian\Application\Runtime\Cache\Admin\52fa67f14c08742f6c521ab8140bab06.php 第 176 行.
NOTIC: [8] Undefined variable: info D:\xampp\htdocs\kuaidian\Application\Runtime\Cache\Admin\52fa67f14c08742f6c521ab8140bab06.php 第 257 行.
SQL: SELECT `name` FROM `city` WHERE `code` = '130500'  [ RunTime:0.0008s ]
SQL: SHOW COLUMNS FROM `shop_type` [ RunTime:0.0033s ]
SQL: SELECT `mingch` FROM `shop_type` WHERE `id` = 1  [ RunTime:0.0003s ]
SQL: SHOW COLUMNS FROM `sale` [ RunTime:0.0028s ]
SQL: SELECT COUNT(*) AS tp_count FROM `sale` WHERE `dep_type` = 1 LIMIT 1   [ RunTime:0.0003s ]
SQL: SELECT `name` FROM `city` WHERE `code` = '130100'  [ RunTime:0.0002s ]
SQL: SELECT `mingch` FROM `shop_type` WHERE `id` = 2  [ RunTime:0.0002s ]
SQL: SELECT COUNT(*) AS tp_count FROM `sale` WHERE `dep_type` = 3 LIMIT 1   [ RunTime:0.0004s ]
SQL: SELECT `name` FROM `city` WHERE `code` = '350300'  [ RunTime:0.0002s ]
SQL: SELECT `mingch` FROM `shop_type` WHERE `id` = 3  [ RunTime:0.0001s ]
SQL: SELECT COUNT(*) AS tp_count FROM `sale` WHERE `dep_type` = 23 LIMIT 1   [ RunTime:0.0001s ]
SQL: SELECT `name` FROM `city` WHERE `code` = '140400'  [ RunTime:0.0002s ]
SQL: SELECT `mingch` FROM `shop_type` WHERE `id` = 7  [ RunTime:0.0001s ]
SQL: SELECT COUNT(*) AS tp_count FROM `sale` WHERE `dep_type` = 24 LIMIT 1   [ RunTime:0.0001s ]
SQL: SELECT `name` FROM `city` WHERE `code` = '130400'  [ RunTime:0.0002s ]
SQL: SELECT `mingch` FROM `shop_type` WHERE `id` = 8  [ RunTime:0.0001s ]
SQL: SELECT COUNT(*) AS tp_count FROM `sale` WHERE `dep_type` = 25 LIMIT 1   [ RunTime:0.0001s ]
SQL: SELECT `name` FROM `city` WHERE `code` = '130100'  [ RunTime:0.0002s ]
SQL: SELECT `mingch` FROM `shop_type` WHERE `id` = 7  [ RunTime:0.0001s ]
SQL: SELECT COUNT(*) AS tp_count FROM `sale` WHERE `dep_type` = 27 LIMIT 1   [ RunTime:0.0001s ]
SQL: SELECT `name` FROM `city` WHERE `code` = '0'  [ RunTime:0.0002s ]
NOTIC: [8] Undefined offset: 0 D:\xampp\htdocs\kuaidian\Application\Common\Common\function.php 第 109 行.
SQL: SELECT `mingch` FROM `shop_type` WHERE `id` = 11  [ RunTime:0.0001s ]
SQL: SELECT COUNT(*) AS tp_count FROM `sale` WHERE `dep_type` = 31 LIMIT 1   [ RunTime:0.0001s ]
INFO: Run Behavior\ParseTemplateBehavior [ RunTime:0.024663s ]
INFO: [ view_parse ] --END-- [ RunTime:0.024688s ]
INFO: [ view_filter ] --START--
INFO: Run Behavior\WriteHtmlCacheBehavior [ RunTime:0.000442s ]
INFO: [ view_filter ] --END-- [ RunTime:0.000466s ]
INFO: [ app_end ] --START--
INFO: Run Behavior\ShowPageTraceBehavior [ RunTime:0.000471s ]
INFO: [ app_end ] --END-- [ RunTime:0.000494s ]

[ 2018-02-07T10:57:05+08:00 ] 192.168.0.105 /kuaidian/index.php/Admin/Shop/settled.html?id=1
INFO: [ app_init ] --START--
INFO: Run Behavior\BuildLiteBehavior [ RunTime:0.000009s ]
INFO: [ app_init ] --END-- [ RunTime:0.000052s ]
INFO: [ app_begin ] --START--
INFO: Run Behavior\ReadHtmlCacheBehavior [ RunTime:0.000428s ]
INFO: [ app_begin ] --END-- [ RunTime:0.000457s ]
SQL: SHOW COLUMNS FROM `city` [ RunTime:0.0031s ]
SQL: SELECT * FROM `city` ORDER BY paix desc  [ RunTime:0.0040s ]
SQL: SHOW COLUMNS FROM `shop` [ RunTime:0.0040s ]
SQL: SELECT * FROM `shop` WHERE `zhuangt` <> 1  [ RunTime:0.0010s ]
INFO: [ view_parse ] --START--
INFO: [ template_filter ] --START--
INFO: Run Behavior\ContentReplaceBehavior [ RunTime:0.000083s ]
INFO: [ template_filter ] --END-- [ RunTime:0.000118s ]
NOTIC: [8] Use of undefined constant Index - assumed 'Index' D:\xampp\htdocs\kuaidian\Application\Runtime\Cache\Admin\4e66038b4455224b9f01dfb99b5aee99.php 第 83 行.
NOTIC: [8] Use of undefined constant Shop - assumed 'Shop' D:\xampp\htdocs\kuaidian\Application\Runtime\Cache\Admin\4e66038b4455224b9f01dfb99b5aee99.php 第 91 行.
NOTIC: [2] array_pop() expects parameter 1 to be array, null given D:\xampp\htdocs\kuaidian\Application\Runtime\Cache\Admin\4e66038b4455224b9f01dfb99b5aee99.php 第 173 行.
NOTIC: [2] Invalid argument supplied for foreach() D:\xampp\htdocs\kuaidian\Application\Runtime\Cache\Admin\4e66038b4455224b9f01dfb99b5aee99.php 第 173 行.
NOTIC: [8] Undefined variable: active D:\xampp\htdocs\kuaidian\Application\Runtime\Cache\Admin\4e66038b4455224b9f01dfb99b5aee99.php 第 176 行.
NOTIC: [8] Undefined variable: info D:\xampp\htdocs\kuaidian\Application\Runtime\Cache\Admin\4e66038b4455224b9f01dfb99b5aee99.php 第 257 行.
SQL: SELECT `name` FROM `city` WHERE `code` = '350300'  [ RunTime:0.0006s ]
SQL: SELECT `name` FROM `city` WHERE `code` = '0'  [ RunTime:0.0007s ]
NOTIC: [8] Undefined offset: 0 D:\xampp\htdocs\kuaidian\Application\Common\Common\function.php 第 109 行.
INFO: Run Behavior\ParseTemplateBehavior [ RunTime:0.023110s ]
INFO: [ view_parse ] --END-- [ RunTime:0.023147s ]
INFO: [ view_filter ] --START--
INFO: Run Behavior\WriteHtmlCacheBehavior [ RunTime:0.000483s ]
INFO: [ view_filter ] --END-- [ RunTime:0.000505s ]
INFO: [ app_end ] --START--
INFO: Run Behavior\ShowPageTraceBehavior [ RunTime:0.000461s ]
INFO: [ app_end ] --END-- [ RunTime:0.000485s ]

[ 2018-02-07T10:57:13+08:00 ] 192.168.0.105 /kuaidian/index.php/Admin/Shop/editruzhu/id/31.html
INFO: [ app_init ] --START--
INFO: Run Behavior\BuildLiteBehavior [ RunTime:0.000017s ]
INFO: [ app_init ] --END-- [ RunTime:0.000094s ]
INFO: [ app_begin ] --START--
INFO: Run Behavior\ReadHtmlCacheBehavior [ RunTime:0.001525s ]
INFO: [ app_begin ] --END-- [ RunTime:0.001602s ]
SQL: SHOW COLUMNS FROM `city` [ RunTime:0.0049s ]
SQL: SELECT * FROM `city` ORDER BY paix desc  [ RunTime:0.0055s ]
SQL: SHOW COLUMNS FROM `shop` [ RunTime:0.0067s ]
SQL: SELECT * FROM `shop` WHERE `id` = 31  [ RunTime:0.0006s ]
INFO: [ view_parse ] --START--
INFO: [ template_filter ] --START--
INFO: Run Behavior\ContentReplaceBehavior [ RunTime:0.000069s ]
INFO: [ template_filter ] --END-- [ RunTime:0.000105s ]
INFO: Run Behavior\ParseTemplateBehavior [ RunTime:0.016022s ]
INFO: [ view_parse ] --END-- [ RunTime:0.016057s ]
INFO: [ view_filter ] --START--
INFO: Run Behavior\WriteHtmlCacheBehavior [ RunTime:0.000382s ]
INFO: [ view_filter ] --END-- [ RunTime:0.000403s ]
INFO: [ app_end ] --START--
INFO: Run Behavior\ShowPageTraceBehavior [ RunTime:0.000563s ]
INFO: [ app_end ] --END-- [ RunTime:0.000587s ]

[ 2018-02-07T11:04:28+08:00 ] 192.168.0.105 /kuaidian/index.php/Admin/Shop/settled.html?id=1
INFO: [ app_init ] --START--
INFO: Run Behavior\BuildLiteBehavior [ RunTime:0.000014s ]
INFO: [ app_init ] --END-- [ RunTime:0.000074s ]
INFO: [ app_begin ] --START--
INFO: Run Behavior\ReadHtmlCacheBehavior [ RunTime:0.001054s ]
INFO: [ app_begin ] --END-- [ RunTime:0.001123s ]
SQL: SHOW COLUMNS FROM `city` [ RunTime:0.0034s ]
SQL: SELECT * FROM `city` ORDER BY paix desc  [ RunTime:0.0038s ]
SQL: SHOW COLUMNS FROM `shop` [ RunTime:0.0053s ]
SQL: SELECT * FROM `shop` WHERE `zhuangt` <> 1  [ RunTime:0.0007s ]
INFO: [ view_parse ] --START--
INFO: [ template_filter ] --START--
INFO: Run Behavior\ContentReplaceBehavior [ RunTime:0.000090s ]
INFO: [ template_filter ] --END-- [ RunTime:0.000126s ]
NOTIC: [8] Use of undefined constant Index - assumed 'Index' D:\xampp\htdocs\kuaidian\Application\Runtime\Cache\Admin\4e66038b4455224b9f01dfb99b5aee99.php 第 83 行.
NOTIC: [8] Use of undefined constant Shop - assumed 'Shop' D:\xampp\htdocs\kuaidian\Application\Runtime\Cache\Admin\4e66038b4455224b9f01dfb99b5aee99.php 第 91 行.
NOTIC: [2] array_pop() expects parameter 1 to be array, null given D:\xampp\htdocs\kuaidian\Application\Runtime\Cache\Admin\4e66038b4455224b9f01dfb99b5aee99.php 第 173 行.
NOTIC: [2] Invalid argument supplied for foreach() D:\xampp\htdocs\kuaidian\Application\Runtime\Cache\Admin\4e66038b4455224b9f01dfb99b5aee99.php 第 173 行.
NOTIC: [8] Undefined variable: active D:\xampp\htdocs\kuaidian\Application\Runtime\Cache\Admin\4e66038b4455224b9f01dfb99b5aee99.php 第 176 行.
NOTIC: [8] Undefined variable: info D:\xampp\htdocs\kuaidian\Application\Runtime\Cache\Admin\4e66038b4455224b9f01dfb99b5aee99.php 第 257 行.
SQL: SELECT `name` FROM `city` WHERE `code` = '350300'  [ RunTime:0.0007s ]
SQL: SELECT `name` FROM `city` WHERE `code` = '0'  [ RunTime:0.0002s ]
NOTIC: [8] Undefined offset: 0 D:\xampp\htdocs\kuaidian\Application\Common\Common\function.php 第 109 行.
INFO: Run Behavior\ParseTemplateBehavior [ RunTime:0.011421s ]
INFO: [ view_parse ] --END-- [ RunTime:0.011446s ]
INFO: [ view_filter ] --START--
INFO: Run Behavior\WriteHtmlCacheBehavior [ RunTime:0.000646s ]
INFO: [ view_filter ] --END-- [ RunTime:0.000672s ]
INFO: [ app_end ] --START--
INFO: Run Behavior\ShowPageTraceBehavior [ RunTime:0.000590s ]
INFO: [ app_end ] --END-- [ RunTime:0.000616s ]

[ 2018-02-07T17:04:17+08:00 ] 192.168.0.105 /kuaidian/index.php/Admin/Shop/settled.html?id=1
INFO: [ app_init ] --START--
INFO: Run Behavior\BuildLiteBehavior [ RunTime:0.000013s ]
INFO: [ app_init ] --END-- [ RunTime:0.000075s ]
INFO: [ app_begin ] --START--
INFO: Run Behavior\ReadHtmlCacheBehavior [ RunTime:0.000664s ]
INFO: [ app_begin ] --END-- [ RunTime:0.000704s ]
SQL: SHOW COLUMNS FROM `city` [ RunTime:0.0041s ]
SQL: SELECT * FROM `city` ORDER BY paix desc  [ RunTime:0.0040s ]
SQL: SHOW COLUMNS FROM `shop` [ RunTime:0.0039s ]
SQL: SELECT * FROM `shop` WHERE `zhuangt` <> 1  [ RunTime:0.0005s ]
INFO: [ view_parse ] --START--
INFO: [ template_filter ] --START--
INFO: Run Behavior\ContentReplaceBehavior [ RunTime:0.000084s ]
INFO: [ template_filter ] --END-- [ RunTime:0.000121s ]
NOTIC: [8] Use of undefined constant Index - assumed 'Index' D:\xampp\htdocs\kuaidian\Application\Runtime\Cache\Admin\4e66038b4455224b9f01dfb99b5aee99.php 第 83 行.
NOTIC: [8] Use of undefined constant Shop - assumed 'Shop' D:\xampp\htdocs\kuaidian\Application\Runtime\Cache\Admin\4e66038b4455224b9f01dfb99b5aee99.php 第 91 行.
NOTIC: [2] array_pop() expects parameter 1 to be array, null given D:\xampp\htdocs\kuaidian\Application\Runtime\Cache\Admin\4e66038b4455224b9f01dfb99b5aee99.php 第 173 行.
NOTIC: [2] Invalid argument supplied for foreach() D:\xampp\htdocs\kuaidian\Application\Runtime\Cache\Admin\4e66038b4455224b9f01dfb99b5aee99.php 第 173 行.
NOTIC: [8] Undefined variable: active D:\xampp\htdocs\kuaidian\Application\Runtime\Cache\Admin\4e66038b4455224b9f01dfb99b5aee99.php 第 176 行.
NOTIC: [8] Undefined variable: info D:\xampp\htdocs\kuaidian\Application\Runtime\Cache\Admin\4e66038b4455224b9f01dfb99b5aee99.php 第 257 行.
SQL: SELECT `name` FROM `city` WHERE `code` = '350300'  [ RunTime:0.0005s ]
SQL: SELECT `name` FROM `city` WHERE `code` = '0'  [ RunTime:0.0002s ]
NOTIC: [8] Undefined offset: 0 D:\xampp\htdocs\kuaidian\Application\Common\Common\function.php 第 109 行.
INFO: Run Behavior\ParseTemplateBehavior [ RunTime:0.010222s ]
INFO: [ view_parse ] --END-- [ RunTime:0.010244s ]
INFO: [ view_filter ] --START--
INFO: Run Behavior\WriteHtmlCacheBehavior [ RunTime:0.000498s ]
INFO: [ view_filter ] --END-- [ RunTime:0.000520s ]
INFO: [ app_end ] --START--
INFO: Run Behavior\ShowPageTraceBehavior [ RunTime:0.000575s ]
INFO: [ app_end ] --END-- [ RunTime:0.000599s ]

[ 2018-02-07T17:04:19+08:00 ] 192.168.0.105 /kuaidian/index.php/Admin/Shop/index.html?id=1
INFO: [ app_init ] --START--
INFO: Run Behavior\BuildLiteBehavior [ RunTime:0.000008s ]
INFO: [ app_init ] --END-- [ RunTime:0.000049s ]
INFO: [ app_begin ] --START--
INFO: Run Behavior\ReadHtmlCacheBehavior [ RunTime:0.000386s ]
INFO: [ app_begin ] --END-- [ RunTime:0.000413s ]
SQL: SHOW COLUMNS FROM `city` [ RunTime:0.0036s ]
SQL: SELECT * FROM `city` ORDER BY paix desc  [ RunTime:0.0041s ]
SQL: SHOW COLUMNS FROM `shop` [ RunTime:0.0048s ]
SQL: SELECT * FROM `shop`  [ RunTime:0.0010s ]
INFO: [ view_parse ] --START--
INFO: [ template_filter ] --START--
INFO: Run Behavior\ContentReplaceBehavior [ RunTime:0.000097s ]
INFO: [ template_filter ] --END-- [ RunTime:0.000136s ]
NOTIC: [8] Use of undefined constant Index - assumed 'Index' D:\xampp\htdocs\kuaidian\Application\Runtime\Cache\Admin\52fa67f14c08742f6c521ab8140bab06.php 第 83 行.
NOTIC: [8] Use of undefined constant Shop - assumed 'Shop' D:\xampp\htdocs\kuaidian\Application\Runtime\Cache\Admin\52fa67f14c08742f6c521ab8140bab06.php 第 91 行.
NOTIC: [2] array_pop() expects parameter 1 to be array, null given D:\xampp\htdocs\kuaidian\Application\Runtime\Cache\Admin\52fa67f14c08742f6c521ab8140bab06.php 第 173 行.
NOTIC: [2] Invalid argument supplied for foreach() D:\xampp\htdocs\kuaidian\Application\Runtime\Cache\Admin\52fa67f14c08742f6c521ab8140bab06.php 第 173 行.
NOTIC: [8] Undefined variable: active D:\xampp\htdocs\kuaidian\Application\Runtime\Cache\Admin\52fa67f14c08742f6c521ab8140bab06.php 第 176 行.
NOTIC: [8] Undefined variable: info D:\xampp\htdocs\kuaidian\Application\Runtime\Cache\Admin\52fa67f14c08742f6c521ab8140bab06.php 第 257 行.
SQL: SELECT `name` FROM `city` WHERE `code` = '130500'  [ RunTime:0.0007s ]
SQL: SHOW COLUMNS FROM `shop_type` [ RunTime:0.0046s ]
SQL: SELECT `mingch` FROM `shop_type` WHERE `id` = 1  [ RunTime:0.0002s ]
SQL: SHOW COLUMNS FROM `sale` [ RunTime:0.0031s ]
SQL: SELECT COUNT(*) AS tp_count FROM `sale` WHERE `dep_type` = 1 LIMIT 1   [ RunTime:0.0003s ]
SQL: SELECT `name` FROM `city` WHERE `code` = '130100'  [ RunTime:0.0002s ]
SQL: SELECT `mingch` FROM `shop_type` WHERE `id` = 2  [ RunTime:0.0001s ]
SQL: SELECT COUNT(*) AS tp_count FROM `sale` WHERE `dep_type` = 3 LIMIT 1   [ RunTime:0.0001s ]
SQL: SELECT `name` FROM `city` WHERE `code` = '350300'  [ RunTime:0.0002s ]
SQL: SELECT `mingch` FROM `shop_type` WHERE `id` = 3  [ RunTime:0.0001s ]
SQL: SELECT COUNT(*) AS tp_count FROM `sale` WHERE `dep_type` = 23 LIMIT 1   [ RunTime:0.0001s ]
SQL: SELECT `name` FROM `city` WHERE `code` = '140400'  [ RunTime:0.0002s ]
SQL: SELECT `mingch` FROM `shop_type` WHERE `id` = 7  [ RunTime:0.0001s ]
SQL: SELECT COUNT(*) AS tp_count FROM `sale` WHERE `dep_type` = 24 LIMIT 1   [ RunTime:0.0001s ]
SQL: SELECT `name` FROM `city` WHERE `code` = '130400'  [ RunTime:0.0002s ]
SQL: SELECT `mingch` FROM `shop_type` WHERE `id` = 8  [ RunTime:0.0001s ]
SQL: SELECT COUNT(*) AS tp_count FROM `sale` WHERE `dep_type` = 25 LIMIT 1   [ RunTime:0.0001s ]
SQL: SELECT `name` FROM `city` WHERE `code` = '130100'  [ RunTime:0.0002s ]
SQL: SELECT `mingch` FROM `shop_type` WHERE `id` = 7  [ RunTime:0.0001s ]
SQL: SELECT COUNT(*) AS tp_count FROM `sale` WHERE `dep_type` = 27 LIMIT 1   [ RunTime:0.0001s ]
SQL: SELECT `name` FROM `city` WHERE `code` = '0'  [ RunTime:0.0002s ]
NOTIC: [8] Undefined offset: 0 D:\xampp\htdocs\kuaidian\Application\Common\Common\function.php 第 109 行.
SQL: SELECT `mingch` FROM `shop_type` WHERE `id` = 11  [ RunTime:0.0001s ]
SQL: SELECT COUNT(*) AS tp_count FROM `sale` WHERE `dep_type` = 31 LIMIT 1   [ RunTime:0.0001s ]
INFO: Run Behavior\ParseTemplateBehavior [ RunTime:0.027440s ]
INFO: [ view_parse ] --END-- [ RunTime:0.027465s ]
INFO: [ view_filter ] --START--
INFO: Run Behavior\WriteHtmlCacheBehavior [ RunTime:0.000437s ]
INFO: [ view_filter ] --END-- [ RunTime:0.000466s ]
INFO: [ app_end ] --START--
INFO: Run Behavior\ShowPageTraceBehavior [ RunTime:0.000458s ]
INFO: [ app_end ] --END-- [ RunTime:0.000482s ]

[ 2018-02-07T17:04:19+08:00 ] 192.168.0.105 /kuaidian/index.php/Admin/User/index.html?id=1
INFO: [ app_init ] --START--
INFO: Run Behavior\BuildLiteBehavior [ RunTime:0.000009s ]
INFO: [ app_init ] --END-- [ RunTime:0.000046s ]
INFO: [ app_begin ] --START--
INFO: Run Behavior\ReadHtmlCacheBehavior [ RunTime:0.000389s ]
INFO: [ app_begin ] --END-- [ RunTime:0.000418s ]
SQL: SHOW COLUMNS FROM `city` [ RunTime:0.0044s ]
SQL: SELECT * FROM `city` ORDER BY paix desc  [ RunTime:0.0046s ]
SQL: SHOW COLUMNS FROM `user` [ RunTime:0.0038s ]
SQL: SELECT COUNT(*) AS tp_count FROM `user` WHERE `status` = 0 LIMIT 1   [ RunTime:0.0003s ]
SQL: SELECT * FROM `user` WHERE `status` = 0  [ RunTime:0.0003s ]
INFO: [ view_parse ] --START--
INFO: [ template_filter ] --START--
INFO: Run Behavior\ContentReplaceBehavior [ RunTime:0.000091s ]
INFO: [ template_filter ] --END-- [ RunTime:0.000129s ]
NOTIC: [8] Use of undefined constant Index - assumed 'Index' D:\xampp\htdocs\kuaidian\Application\Runtime\Cache\Admin\65e605872ed5d34210f5b33beb13f5a3.php 第 83 行.
NOTIC: [8] Use of undefined constant Shop - assumed 'Shop' D:\xampp\htdocs\kuaidian\Application\Runtime\Cache\Admin\65e605872ed5d34210f5b33beb13f5a3.php 第 91 行.
NOTIC: [8] Use of undefined constant Shoptype - assumed 'Shoptype' D:\xampp\htdocs\kuaidian\Application\Runtime\Cache\Admin\65e605872ed5d34210f5b33beb13f5a3.php 第 91 行.
NOTIC: [8] Use of undefined constant Danwei - assumed 'Danwei' D:\xampp\htdocs\kuaidian\Application\Runtime\Cache\Admin\65e605872ed5d34210f5b33beb13f5a3.php 第 91 行.
NOTIC: [8] Use of undefined constant Seat - assumed 'Seat' D:\xampp\htdocs\kuaidian\Application\Runtime\Cache\Admin\65e605872ed5d34210f5b33beb13f5a3.php 第 91 行.
NOTIC: [8] Use of undefined constant Sale - assumed 'Sale' D:\xampp\htdocs\kuaidian\Application\Runtime\Cache\Admin\65e605872ed5d34210f5b33beb13f5a3.php 第 91 行.
NOTIC: [8] Use of undefined constant Food - assumed 'Food' D:\xampp\htdocs\kuaidian\Application\Runtime\Cache\Admin\65e605872ed5d34210f5b33beb13f5a3.php 第 91 行.
NOTIC: [8] Use of undefined constant Seattype - assumed 'Seattype' D:\xampp\htdocs\kuaidian\Application\Runtime\Cache\Admin\65e605872ed5d34210f5b33beb13f5a3.php 第 91 行.
NOTIC: [8] Use of undefined constant Foodtype - assumed 'Foodtype' D:\xampp\htdocs\kuaidian\Application\Runtime\Cache\Admin\65e605872ed5d34210f5b33beb13f5a3.php 第 91 行.
NOTIC: [8] Use of undefined constant User - assumed 'User' D:\xampp\htdocs\kuaidian\Application\Runtime\Cache\Admin\65e605872ed5d34210f5b33beb13f5a3.php 第 113 行.
NOTIC: [2] array_pop() expects parameter 1 to be array, null given D:\xampp\htdocs\kuaidian\Application\Runtime\Cache\Admin\65e605872ed5d34210f5b33beb13f5a3.php 第 173 行.
NOTIC: [2] Invalid argument supplied for foreach() D:\xampp\htdocs\kuaidian\Application\Runtime\Cache\Admin\65e605872ed5d34210f5b33beb13f5a3.php 第 173 行.
NOTIC: [8] Undefined variable: active D:\xampp\htdocs\kuaidian\Application\Runtime\Cache\Admin\65e605872ed5d34210f5b33beb13f5a3.php 第 176 行.
NOTIC: [8] Undefined index: con D:\xampp\htdocs\kuaidian\Application\Runtime\Cache\Admin\65e605872ed5d34210f5b33beb13f5a3.php 第 308 行.
NOTIC: [8] Undefined index: con D:\xampp\htdocs\kuaidian\Application\Runtime\Cache\Admin\65e605872ed5d34210f5b33beb13f5a3.php 第 308 行.
NOTIC: [8] Undefined index: con D:\xampp\htdocs\kuaidian\Application\Runtime\Cache\Admin\65e605872ed5d34210f5b33beb13f5a3.php 第 308 行.
NOTIC: [8] Undefined index: con D:\xampp\htdocs\kuaidian\Application\Runtime\Cache\Admin\65e605872ed5d34210f5b33beb13f5a3.php 第 308 行.
NOTIC: [8] Undefined index: con D:\xampp\htdocs\kuaidian\Application\Runtime\Cache\Admin\65e605872ed5d34210f5b33beb13f5a3.php 第 308 行.
NOTIC: [8] Undefined index: con D:\xampp\htdocs\kuaidian\Application\Runtime\Cache\Admin\65e605872ed5d34210f5b33beb13f5a3.php 第 308 行.
INFO: Run Behavior\ParseTemplateBehavior [ RunTime:0.020355s ]
INFO: [ view_parse ] --END-- [ RunTime:0.020389s ]
INFO: [ view_filter ] --START--
INFO: Run Behavior\WriteHtmlCacheBehavior [ RunTime:0.000272s ]
INFO: [ view_filter ] --END-- [ RunTime:0.000294s ]
INFO: [ app_end ] --START--
INFO: Run Behavior\ShowPageTraceBehavior [ RunTime:0.000427s ]
INFO: [ app_end ] --END-- [ RunTime:0.000450s ]

[ 2018-02-07T17:04:20+08:00 ] 192.168.0.105 /kuaidian/index.php/Admin/User/index.html?id=1
INFO: [ app_init ] --START--
INFO: Run Behavior\BuildLiteBehavior [ RunTime:0.000016s ]
INFO: [ app_init ] --END-- [ RunTime:0.000096s ]
INFO: [ app_begin ] --START--
INFO: Run Behavior\ReadHtmlCacheBehavior [ RunTime:0.000981s ]
INFO: [ app_begin ] --END-- [ RunTime:0.001046s ]
SQL: SHOW COLUMNS FROM `city` [ RunTime:0.0041s ]
SQL: SELECT * FROM `city` ORDER BY paix desc  [ RunTime:0.0054s ]
SQL: SHOW COLUMNS FROM `user` [ RunTime:0.0052s ]
SQL: SELECT COUNT(*) AS tp_count FROM `user` WHERE `status` = 0 LIMIT 1   [ RunTime:0.0006s ]
SQL: SELECT * FROM `user` WHERE `status` = 0  [ RunTime:0.0007s ]
INFO: [ view_parse ] --START--
INFO: [ template_filter ] --START--
INFO: Run Behavior\ContentReplaceBehavior [ RunTime:0.000096s ]
INFO: [ template_filter ] --END-- [ RunTime:0.000136s ]
NOTIC: [8] Use of undefined constant Index - assumed 'Index' D:\xampp\htdocs\kuaidian\Application\Runtime\Cache\Admin\65e605872ed5d34210f5b33beb13f5a3.php 第 83 行.
NOTIC: [8] Use of undefined constant Shop - assumed 'Shop' D:\xampp\htdocs\kuaidian\Application\Runtime\Cache\Admin\65e605872ed5d34210f5b33beb13f5a3.php 第 91 行.
NOTIC: [8] Use of undefined constant Shoptype - assumed 'Shoptype' D:\xampp\htdocs\kuaidian\Application\Runtime\Cache\Admin\65e605872ed5d34210f5b33beb13f5a3.php 第 91 行.
NOTIC: [8] Use of undefined constant Danwei - assumed 'Danwei' D:\xampp\htdocs\kuaidian\Application\Runtime\Cache\Admin\65e605872ed5d34210f5b33beb13f5a3.php 第 91 行.
NOTIC: [8] Use of undefined constant Seat - assumed 'Seat' D:\xampp\htdocs\kuaidian\Application\Runtime\Cache\Admin\65e605872ed5d34210f5b33beb13f5a3.php 第 91 行.
NOTIC: [8] Use of undefined constant Sale - assumed 'Sale' D:\xampp\htdocs\kuaidian\Application\Runtime\Cache\Admin\65e605872ed5d34210f5b33beb13f5a3.php 第 91 行.
NOTIC: [8] Use of undefined constant Food - assumed 'Food' D:\xampp\htdocs\kuaidian\Application\Runtime\Cache\Admin\65e605872ed5d34210f5b33beb13f5a3.php 第 91 行.
NOTIC: [8] Use of undefined constant Seattype - assumed 'Seattype' D:\xampp\htdocs\kuaidian\Application\Runtime\Cache\Admin\65e605872ed5d34210f5b33beb13f5a3.php 第 91 行.
NOTIC: [8] Use of undefined constant Foodtype - assumed 'Foodtype' D:\xampp\htdocs\kuaidian\Application\Runtime\Cache\Admin\65e605872ed5d34210f5b33beb13f5a3.php 第 91 行.
NOTIC: [8] Use of undefined constant User - assumed 'User' D:\xampp\htdocs\kuaidian\Application\Runtime\Cache\Admin\65e605872ed5d34210f5b33beb13f5a3.php 第 113 行.
NOTIC: [2] array_pop() expects parameter 1 to be array, null given D:\xampp\htdocs\kuaidian\Application\Runtime\Cache\Admin\65e605872ed5d34210f5b33beb13f5a3.php 第 173 行.
NOTIC: [2] Invalid argument supplied for foreach() D:\xampp\htdocs\kuaidian\Application\Runtime\Cache\Admin\65e605872ed5d34210f5b33beb13f5a3.php 第 173 行.
NOTIC: [8] Undefined variable: active D:\xampp\htdocs\kuaidian\Application\Runtime\Cache\Admin\65e605872ed5d34210f5b33beb13f5a3.php 第 176 行.
NOTIC: [8] Undefined index: con D:\xampp\htdocs\kuaidian\Application\Runtime\Cache\Admin\65e605872ed5d34210f5b33beb13f5a3.php 第 308 行.
NOTIC: [8] Undefined index: con D:\xampp\htdocs\kuaidian\Application\Runtime\Cache\Admin\65e605872ed5d34210f5b33beb13f5a3.php 第 308 行.
NOTIC: [8] Undefined index: con D:\xampp\htdocs\kuaidian\Application\Runtime\Cache\Admin\65e605872ed5d34210f5b33beb13f5a3.php 第 308 行.
NOTIC: [8] Undefined index: con D:\xampp\htdocs\kuaidian\Application\Runtime\Cache\Admin\65e605872ed5d34210f5b33beb13f5a3.php 第 308 行.
NOTIC: [8] Undefined index: con D:\xampp\htdocs\kuaidian\Application\Runtime\Cache\Admin\65e605872ed5d34210f5b33beb13f5a3.php 第 308 行.
NOTIC: [8] Undefined index: con D:\xampp\htdocs\kuaidian\Application\Runtime\Cache\Admin\65e605872ed5d34210f5b33beb13f5a3.php 第 308 行.
INFO: Run Behavior\ParseTemplateBehavior [ RunTime:0.013010s ]
INFO: [ view_parse ] --END-- [ RunTime:0.013054s ]
INFO: [ view_filter ] --START--
INFO: Run Behavior\WriteHtmlCacheBehavior [ RunTime:0.000476s ]
INFO: [ view_filter ] --END-- [ RunTime:0.000498s ]
INFO: [ app_end ] --START--
INFO: Run Behavior\ShowPageTraceBehavior [ RunTime:0.000460s ]
INFO: [ app_end ] --END-- [ RunTime:0.000484s ]

[ 2018-02-07T17:04:21+08:00 ] 192.168.0.105 /kuaidian/index.php/Admin/User/index.html?id=1
INFO: [ app_init ] --START--
INFO: Run Behavior\BuildLiteBehavior [ RunTime:0.000017s ]
INFO: [ app_init ] --END-- [ RunTime:0.000095s ]
INFO: [ app_begin ] --START--
INFO: Run Behavior\ReadHtmlCacheBehavior [ RunTime:0.001516s ]
INFO: [ app_begin ] --END-- [ RunTime:0.001583s ]
SQL: SHOW COLUMNS FROM `city` [ RunTime:0.0033s ]
SQL: SELECT * FROM `city` ORDER BY paix desc  [ RunTime:0.0045s ]
SQL: SHOW COLUMNS FROM `user` [ RunTime:0.0039s ]
SQL: SELECT COUNT(*) AS tp_count FROM `user` WHERE `status` = 0 LIMIT 1   [ RunTime:0.0004s ]
SQL: SELECT * FROM `user` WHERE `status` = 0  [ RunTime:0.0003s ]
INFO: [ view_parse ] --START--
INFO: [ template_filter ] --START--
INFO: Run Behavior\ContentReplaceBehavior [ RunTime:0.000100s ]
INFO: [ template_filter ] --END-- [ RunTime:0.000138s ]
NOTIC: [8] Use of undefined constant Index - assumed 'Index' D:\xampp\htdocs\kuaidian\Application\Runtime\Cache\Admin\65e605872ed5d34210f5b33beb13f5a3.php 第 83 行.
NOTIC: [8] Use of undefined constant Shop - assumed 'Shop' D:\xampp\htdocs\kuaidian\Application\Runtime\Cache\Admin\65e605872ed5d34210f5b33beb13f5a3.php 第 91 行.
NOTIC: [8] Use of undefined constant Shoptype - assumed 'Shoptype' D:\xampp\htdocs\kuaidian\Application\Runtime\Cache\Admin\65e605872ed5d34210f5b33beb13f5a3.php 第 91 行.
NOTIC: [8] Use of undefined constant Danwei - assumed 'Danwei' D:\xampp\htdocs\kuaidian\Application\Runtime\Cache\Admin\65e605872ed5d34210f5b33beb13f5a3.php 第 91 行.
NOTIC: [8] Use of undefined constant Seat - assumed 'Seat' D:\xampp\htdocs\kuaidian\Application\Runtime\Cache\Admin\65e605872ed5d34210f5b33beb13f5a3.php 第 91 行.
NOTIC: [8] Use of undefined constant Sale - assumed 'Sale' D:\xampp\htdocs\kuaidian\Application\Runtime\Cache\Admin\65e605872ed5d34210f5b33beb13f5a3.php 第 91 行.
NOTIC: [8] Use of undefined constant Food - assumed 'Food' D:\xampp\htdocs\kuaidian\Application\Runtime\Cache\Admin\65e605872ed5d34210f5b33beb13f5a3.php 第 91 行.
NOTIC: [8] Use of undefined constant Seattype - assumed 'Seattype' D:\xampp\htdocs\kuaidian\Application\Runtime\Cache\Admin\65e605872ed5d34210f5b33beb13f5a3.php 第 91 行.
NOTIC: [8] Use of undefined constant Foodtype - assumed 'Foodtype' D:\xampp\htdocs\kuaidian\Application\Runtime\Cache\Admin\65e605872ed5d34210f5b33beb13f5a3.php 第 91 行.
NOTIC: [8] Use of undefined constant User - assumed 'User' D:\xampp\htdocs\kuaidian\Application\Runtime\Cache\Admin\65e605872ed5d34210f5b33beb13f5a3.php 第 113 行.
NOTIC: [2] array_pop() expects parameter 1 to be array, null given D:\xampp\htdocs\kuaidian\Application\Runtime\Cache\Admin\65e605872ed5d34210f5b33beb13f5a3.php 第 173 行.
NOTIC: [2] Invalid argument supplied for foreach() D:\xampp\htdocs\kuaidian\Application\Runtime\Cache\Admin\65e605872ed5d34210f5b33beb13f5a3.php 第 173 行.
NOTIC: [8] Undefined variable: active D:\xampp\htdocs\kuaidian\Application\Runtime\Cache\Admin\65e605872ed5d34210f5b33beb13f5a3.php 第 176 行.
NOTIC: [8] Undefined index: con D:\xampp\htdocs\kuaidian\Application\Runtime\Cache\Admin\65e605872ed5d34210f5b33beb13f5a3.php 第 308 行.
NOTIC: [8] Undefined index: con D:\xampp\htdocs\kuaidian\Application\Runtime\Cache\Admin\65e605872ed5d34210f5b33beb13f5a3.php 第 308 行.
NOTIC: [8] Undefined index: con D:\xampp\htdocs\kuaidian\Application\Runtime\Cache\Admin\65e605872ed5d34210f5b33beb13f5a3.php 第 308 行.
NOTIC: [8] Undefined index: con D:\xampp\htdocs\kuaidian\Application\Runtime\Cache\Admin\65e605872ed5d34210f5b33beb13f5a3.php 第 308 行.
NOTIC: [8] Undefined index: con D:\xampp\htdocs\kuaidian\Application\Runtime\Cache\Admin\65e605872ed5d34210f5b33beb13f5a3.php 第 308 行.
NOTIC: [8] Undefined index: con D:\xampp\htdocs\kuaidian\Application\Runtime\Cache\Admin\65e605872ed5d34210f5b33beb13f5a3.php 第 308 行.
INFO: Run Behavior\ParseTemplateBehavior [ RunTime:0.012014s ]
INFO: [ view_parse ] --END-- [ RunTime:0.012049s ]
INFO: [ view_filter ] --START--
INFO: Run Behavior\WriteHtmlCacheBehavior [ RunTime:0.000553s ]
INFO: [ view_filter ] --END-- [ RunTime:0.000582s ]
INFO: [ app_end ] --START--
INFO: Run Behavior\ShowPageTraceBehavior [ RunTime:0.000822s ]
INFO: [ app_end ] --END-- [ RunTime:0.000875s ]

[ 2018-02-07T17:18:47+08:00 ] ::1 /kuaidian/index.php/Admin/shop/index.html?id=1
INFO: [ app_init ] --START--
INFO: Run Behavior\BuildLiteBehavior [ RunTime:0.000012s ]
INFO: [ app_init ] --END-- [ RunTime:0.000054s ]
INFO: [ app_begin ] --START--
INFO: Run Behavior\ReadHtmlCacheBehavior [ RunTime:0.000633s ]
INFO: [ app_begin ] --END-- [ RunTime:0.000667s ]
SQL: SHOW COLUMNS FROM `city` [ RunTime:0.0081s ]
SQL: SELECT * FROM `city` ORDER BY paix desc  [ RunTime:0.0042s ]
SQL: SHOW COLUMNS FROM `shop` [ RunTime:0.0058s ]
SQL: SELECT * FROM `shop`  [ RunTime:0.0010s ]
INFO: [ view_parse ] --START--
INFO: [ template_filter ] --START--
INFO: Run Behavior\ContentReplaceBehavior [ RunTime:0.000094s ]
INFO: [ template_filter ] --END-- [ RunTime:0.000131s ]
NOTIC: [8] Use of undefined constant Index - assumed 'Index' D:\xampp\htdocs\kuaidian\Application\Runtime\Cache\Admin\52fa67f14c08742f6c521ab8140bab06.php 第 83 行.
NOTIC: [8] Use of undefined constant Shop - assumed 'Shop' D:\xampp\htdocs\kuaidian\Application\Runtime\Cache\Admin\52fa67f14c08742f6c521ab8140bab06.php 第 91 行.
NOTIC: [2] array_pop() expects parameter 1 to be array, null given D:\xampp\htdocs\kuaidian\Application\Runtime\Cache\Admin\52fa67f14c08742f6c521ab8140bab06.php 第 173 行.
NOTIC: [2] Invalid argument supplied for foreach() D:\xampp\htdocs\kuaidian\Application\Runtime\Cache\Admin\52fa67f14c08742f6c521ab8140bab06.php 第 173 行.
NOTIC: [8] Undefined variable: active D:\xampp\htdocs\kuaidian\Application\Runtime\Cache\Admin\52fa67f14c08742f6c521ab8140bab06.php 第 176 行.
NOTIC: [8] Undefined variable: info D:\xampp\htdocs\kuaidian\Application\Runtime\Cache\Admin\52fa67f14c08742f6c521ab8140bab06.php 第 257 行.
SQL: SELECT `name` FROM `city` WHERE `code` = '130500'  [ RunTime:0.0005s ]
SQL: SHOW COLUMNS FROM `shop_type` [ RunTime:0.0093s ]
SQL: SELECT `mingch` FROM `shop_type` WHERE `id` = 1  [ RunTime:0.0007s ]
SQL: SHOW COLUMNS FROM `sale` [ RunTime:0.0034s ]
SQL: SELECT COUNT(*) AS tp_count FROM `sale` WHERE `dep_type` = 1 LIMIT 1   [ RunTime:0.0003s ]
SQL: SELECT `name` FROM `city` WHERE `code` = '130100'  [ RunTime:0.0002s ]
SQL: SELECT `mingch` FROM `shop_type` WHERE `id` = 2  [ RunTime:0.0001s ]
SQL: SELECT COUNT(*) AS tp_count FROM `sale` WHERE `dep_type` = 3 LIMIT 1   [ RunTime:0.0001s ]
SQL: SELECT `name` FROM `city` WHERE `code` = '350300'  [ RunTime:0.0002s ]
SQL: SELECT `mingch` FROM `shop_type` WHERE `id` = 3  [ RunTime:0.0001s ]
SQL: SELECT COUNT(*) AS tp_count FROM `sale` WHERE `dep_type` = 23 LIMIT 1   [ RunTime:0.0001s ]
SQL: SELECT `name` FROM `city` WHERE `code` = '140400'  [ RunTime:0.0002s ]
SQL: SELECT `mingch` FROM `shop_type` WHERE `id` = 7  [ RunTime:0.0001s ]
SQL: SELECT COUNT(*) AS tp_count FROM `sale` WHERE `dep_type` = 24 LIMIT 1   [ RunTime:0.0001s ]
SQL: SELECT `name` FROM `city` WHERE `code` = '130400'  [ RunTime:0.0006s ]
SQL: SELECT `mingch` FROM `shop_type` WHERE `id` = 8  [ RunTime:0.0002s ]
SQL: SELECT COUNT(*) AS tp_count FROM `sale` WHERE `dep_type` = 25 LIMIT 1   [ RunTime:0.0005s ]
SQL: SELECT `name` FROM `city` WHERE `code` = '130100'  [ RunTime:0.0003s ]
SQL: SELECT `mingch` FROM `shop_type` WHERE `id` = 7  [ RunTime:0.0002s ]
SQL: SELECT COUNT(*) AS tp_count FROM `sale` WHERE `dep_type` = 27 LIMIT 1   [ RunTime:0.0002s ]
SQL: SELECT `name` FROM `city` WHERE `code` = '0'  [ RunTime:0.0002s ]
NOTIC: [8] Undefined offset: 0 D:\xampp\htdocs\kuaidian\Application\Common\Common\function.php 第 109 行.
SQL: SELECT `mingch` FROM `shop_type` WHERE `id` = 11  [ RunTime:0.0002s ]
SQL: SELECT COUNT(*) AS tp_count FROM `sale` WHERE `dep_type` = 31 LIMIT 1   [ RunTime:0.0002s ]
INFO: Run Behavior\ParseTemplateBehavior [ RunTime:0.035985s ]
INFO: [ view_parse ] --END-- [ RunTime:0.036010s ]
INFO: [ view_filter ] --START--
INFO: Run Behavior\WriteHtmlCacheBehavior [ RunTime:0.000765s ]
INFO: [ view_filter ] --END-- [ RunTime:0.000802s ]
INFO: [ app_end ] --START--
INFO: Run Behavior\ShowPageTraceBehavior [ RunTime:0.000824s ]
INFO: [ app_end ] --END-- [ RunTime:0.000872s ]

[ 2018-02-07T17:18:54+08:00 ] ::1 /kuaidian/index.php/Admin/Food/index/menid/1/id/1.html
INFO: [ app_init ] --START--
INFO: Run Behavior\BuildLiteBehavior [ RunTime:0.000008s ]
INFO: [ app_init ] --END-- [ RunTime:0.000046s ]
INFO: [ app_begin ] --START--
INFO: Run Behavior\ReadHtmlCacheBehavior [ RunTime:0.000394s ]
INFO: [ app_begin ] --END-- [ RunTime:0.000420s ]
SQL: SHOW COLUMNS FROM `city` [ RunTime:0.0034s ]
SQL: SELECT * FROM `city` ORDER BY paix desc  [ RunTime:0.0041s ]
SQL: SHOW COLUMNS FROM `food` [ RunTime:0.0041s ]
SQL: SELECT * FROM `food` WHERE `dep_shop` = 1  [ RunTime:0.0008s ]
INFO: [ view_parse ] --START--
INFO: [ template_filter ] --START--
INFO: Run Behavior\ContentReplaceBehavior [ RunTime:0.000086s ]
INFO: [ template_filter ] --END-- [ RunTime:0.000121s ]
NOTIC: [8] Use of undefined constant Index - assumed 'Index' D:\xampp\htdocs\kuaidian\Application\Runtime\Cache\Admin\366640149ae8cbe094b01f770667186d.php 第 83 行.
NOTIC: [8] Use of undefined constant Shop - assumed 'Shop' D:\xampp\htdocs\kuaidian\Application\Runtime\Cache\Admin\366640149ae8cbe094b01f770667186d.php 第 91 行.
NOTIC: [8] Use of undefined constant Shoptype - assumed 'Shoptype' D:\xampp\htdocs\kuaidian\Application\Runtime\Cache\Admin\366640149ae8cbe094b01f770667186d.php 第 91 行.
NOTIC: [8] Use of undefined constant Danwei - assumed 'Danwei' D:\xampp\htdocs\kuaidian\Application\Runtime\Cache\Admin\366640149ae8cbe094b01f770667186d.php 第 91 行.
NOTIC: [8] Use of undefined constant Seat - assumed 'Seat' D:\xampp\htdocs\kuaidian\Application\Runtime\Cache\Admin\366640149ae8cbe094b01f770667186d.php 第 91 行.
NOTIC: [8] Use of undefined constant Sale - assumed 'Sale' D:\xampp\htdocs\kuaidian\Application\Runtime\Cache\Admin\366640149ae8cbe094b01f770667186d.php 第 91 行.
NOTIC: [8] Use of undefined constant Food - assumed 'Food' D:\xampp\htdocs\kuaidian\Application\Runtime\Cache\Admin\366640149ae8cbe094b01f770667186d.php 第 91 行.
NOTIC: [2] array_pop() expects parameter 1 to be array, null given D:\xampp\htdocs\kuaidian\Application\Runtime\Cache\Admin\366640149ae8cbe094b01f770667186d.php 第 173 行.
NOTIC: [2] Invalid argument supplied for foreach() D:\xampp\htdocs\kuaidian\Application\Runtime\Cache\Admin\366640149ae8cbe094b01f770667186d.php 第 173 行.
NOTIC: [8] Undefined variable: active D:\xampp\htdocs\kuaidian\Application\Runtime\Cache\Admin\366640149ae8cbe094b01f770667186d.php 第 176 行.
NOTIC: [8] Undefined variable: info D:\xampp\htdocs\kuaidian\Application\Runtime\Cache\Admin\366640149ae8cbe094b01f770667186d.php 第 257 行.
SQL: SHOW COLUMNS FROM `food_type` [ RunTime:0.0039s ]
SQL: SELECT `mingch` FROM `food_type` WHERE `id` = 14  [ RunTime:0.0004s ]
SQL: SHOW COLUMNS FROM `cpdanwei` [ RunTime:0.0053s ]
SQL: SELECT `mingch` FROM `cpdanwei` WHERE `id` = 9  [ RunTime:0.0005s ]
SQL: SHOW COLUMNS FROM `cpfenliang` [ RunTime:0.0043s ]
SQL: SHOW COLUMNS FROM `shop` [ RunTime:0.0051s ]
SQL: SELECT `mingch` FROM `shop` WHERE `id` = 1  [ RunTime:0.0003s ]
SQL: SELECT `mingch` FROM `food_type` WHERE `id` = 14  [ RunTime:0.0004s ]
SQL: SELECT `mingch` FROM `cpdanwei` WHERE `id` = 4  [ RunTime:0.0001s ]
SQL: SELECT `mingch` FROM `shop` WHERE `id` = 1  [ RunTime:0.0002s ]
SQL: SELECT `mingch` FROM `food_type` WHERE `id` = 14  [ RunTime:0.0002s ]
SQL: SELECT `mingch` FROM `cpdanwei` WHERE `id` = 4  [ RunTime:0.0001s ]
SQL: SELECT * FROM `cpfenliang` WHERE `id` = 1  [ RunTime:0.0004s ]
SQL: SELECT `mingch` FROM `shop` WHERE `id` = 1  [ RunTime:0.0003s ]
SQL: SELECT `mingch` FROM `food_type` WHERE `id` = 13  [ RunTime:0.0001s ]
SQL: SELECT `mingch` FROM `cpdanwei` WHERE `id` = 4  [ RunTime:0.0002s ]
SQL: SELECT `mingch` FROM `shop` WHERE `id` = 1  [ RunTime:0.0002s ]
SQL: SELECT `mingch` FROM `food_type` WHERE `id` = 13  [ RunTime:0.0003s ]
SQL: SELECT `mingch` FROM `cpdanwei` WHERE `id` = 4  [ RunTime:0.0001s ]
SQL: SELECT `mingch` FROM `shop` WHERE `id` = 1  [ RunTime:0.0001s ]
SQL: SELECT `mingch` FROM `food_type` WHERE `id` = 12  [ RunTime:0.0002s ]
SQL: SELECT `mingch` FROM `cpdanwei` WHERE `id` = 4  [ RunTime:0.0001s ]
SQL: SELECT `mingch` FROM `shop` WHERE `id` = 1  [ RunTime:0.0002s ]
SQL: SELECT `mingch` FROM `food_type` WHERE `id` = 11  [ RunTime:0.0001s ]
SQL: SELECT `mingch` FROM `cpdanwei` WHERE `id` = 4  [ RunTime:0.0002s ]
SQL: SELECT `mingch` FROM `shop` WHERE `id` = 1  [ RunTime:0.0004s ]
INFO: Run Behavior\ParseTemplateBehavior [ RunTime:0.037411s ]
INFO: [ view_parse ] --END-- [ RunTime:0.037457s ]
INFO: [ view_filter ] --START--
INFO: Run Behavior\WriteHtmlCacheBehavior [ RunTime:0.000584s ]
INFO: [ view_filter ] --END-- [ RunTime:0.000618s ]
INFO: [ app_end ] --START--
INFO: Run Behavior\ShowPageTraceBehavior [ RunTime:0.000872s ]
INFO: [ app_end ] --END-- [ RunTime:0.000923s ]

[ 2018-02-07T17:18:57+08:00 ] ::1 /kuaidian/index.php/Admin/Food/edit/id/59/kwid/%E6%B8%85%E9%A6%99%2C%E9%BA%BB%E8%BE%A3.html
INFO: [ app_init ] --START--
INFO: Run Behavior\BuildLiteBehavior [ RunTime:0.000012s ]
INFO: [ app_init ] --END-- [ RunTime:0.000057s ]
INFO: [ app_begin ] --START--
INFO: Run Behavior\ReadHtmlCacheBehavior [ RunTime:0.000613s ]
INFO: [ app_begin ] --END-- [ RunTime:0.000648s ]
SQL: SHOW COLUMNS FROM `city` [ RunTime:0.0091s ]
SQL: SELECT * FROM `city` ORDER BY paix desc  [ RunTime:0.0050s ]
SQL: SHOW COLUMNS FROM `food_type` [ RunTime:0.0044s ]
SQL: SELECT * FROM `food_type`  [ RunTime:0.0004s ]
SQL: SHOW COLUMNS FROM `cpdanwei` [ RunTime:0.0030s ]
SQL: SELECT * FROM `cpdanwei`  [ RunTime:0.0002s ]
SQL: SHOW COLUMNS FROM `food` [ RunTime:0.0029s ]
SQL: SELECT * FROM `food` WHERE `id` = 59  [ RunTime:0.0003s ]
SQL: SHOW COLUMNS FROM `cpfljiage` [ RunTime:0.0045s ]
SQL: SELECT * FROM `cpfljiage` WHERE `cpcode` = '59'  [ RunTime:0.0003s ]
INFO: [ view_parse ] --START--
INFO: [ template_filter ] --START--
INFO: Run Behavior\ContentReplaceBehavior [ RunTime:0.000076s ]
INFO: [ template_filter ] --END-- [ RunTime:0.000112s ]
SQL: SHOW COLUMNS FROM `cpfenliang` [ RunTime:0.0033s ]
SQL: SELECT * FROM `cpfenliang` WHERE `id` = 1  [ RunTime:0.0003s ]
SQL: SELECT * FROM `cpfenliang` WHERE `id` = 2  [ RunTime:0.0001s ]
SQL: SELECT * FROM `cpfenliang` WHERE `id` = 3  [ RunTime:0.0001s ]
INFO: Run Behavior\ParseTemplateBehavior [ RunTime:0.025287s ]
INFO: [ view_parse ] --END-- [ RunTime:0.025312s ]
INFO: [ view_filter ] --START--
INFO: Run Behavior\WriteHtmlCacheBehavior [ RunTime:0.000565s ]
INFO: [ view_filter ] --END-- [ RunTime:0.000590s ]
INFO: [ app_end ] --START--
INFO: Run Behavior\ShowPageTraceBehavior [ RunTime:0.000766s ]
INFO: [ app_end ] --END-- [ RunTime:0.000807s ]

[ 2018-02-07T17:19:08+08:00 ] ::1 /kuaidian/index.php/Admin/Food/index/menid/1/id/1.html
INFO: [ app_init ] --START--
INFO: Run Behavior\BuildLiteBehavior [ RunTime:0.000012s ]
INFO: [ app_init ] --END-- [ RunTime:0.000053s ]
INFO: [ app_begin ] --START--
INFO: Run Behavior\ReadHtmlCacheBehavior [ RunTime:0.000507s ]
INFO: [ app_begin ] --END-- [ RunTime:0.000553s ]
SQL: SHOW COLUMNS FROM `city` [ RunTime:0.0054s ]
SQL: SELECT * FROM `city` ORDER BY paix desc  [ RunTime:0.0040s ]
SQL: SHOW COLUMNS FROM `food` [ RunTime:0.0036s ]
SQL: SELECT * FROM `food` WHERE `dep_shop` = 1  [ RunTime:0.0004s ]
INFO: [ view_parse ] --START--
INFO: [ template_filter ] --START--
INFO: Run Behavior\ContentReplaceBehavior [ RunTime:0.000089s ]
INFO: [ template_filter ] --END-- [ RunTime:0.000125s ]
NOTIC: [8] Use of undefined constant Index - assumed 'Index' D:\xampp\htdocs\kuaidian\Application\Runtime\Cache\Admin\366640149ae8cbe094b01f770667186d.php 第 83 行.
NOTIC: [8] Use of undefined constant Shop - assumed 'Shop' D:\xampp\htdocs\kuaidian\Application\Runtime\Cache\Admin\366640149ae8cbe094b01f770667186d.php 第 91 行.
NOTIC: [8] Use of undefined constant Shoptype - assumed 'Shoptype' D:\xampp\htdocs\kuaidian\Application\Runtime\Cache\Admin\366640149ae8cbe094b01f770667186d.php 第 91 行.
NOTIC: [8] Use of undefined constant Danwei - assumed 'Danwei' D:\xampp\htdocs\kuaidian\Application\Runtime\Cache\Admin\366640149ae8cbe094b01f770667186d.php 第 91 行.
NOTIC: [8] Use of undefined constant Seat - assumed 'Seat' D:\xampp\htdocs\kuaidian\Application\Runtime\Cache\Admin\366640149ae8cbe094b01f770667186d.php 第 91 行.
NOTIC: [8] Use of undefined constant Sale - assumed 'Sale' D:\xampp\htdocs\kuaidian\Application\Runtime\Cache\Admin\366640149ae8cbe094b01f770667186d.php 第 91 行.
NOTIC: [8] Use of undefined constant Food - assumed 'Food' D:\xampp\htdocs\kuaidian\Application\Runtime\Cache\Admin\366640149ae8cbe094b01f770667186d.php 第 91 行.
NOTIC: [2] array_pop() expects parameter 1 to be array, null given D:\xampp\htdocs\kuaidian\Application\Runtime\Cache\Admin\366640149ae8cbe094b01f770667186d.php 第 173 行.
NOTIC: [2] Invalid argument supplied for foreach() D:\xampp\htdocs\kuaidian\Application\Runtime\Cache\Admin\366640149ae8cbe094b01f770667186d.php 第 173 行.
NOTIC: [8] Undefined variable: active D:\xampp\htdocs\kuaidian\Application\Runtime\Cache\Admin\366640149ae8cbe094b01f770667186d.php 第 176 行.
NOTIC: [8] Undefined variable: info D:\xampp\htdocs\kuaidian\Application\Runtime\Cache\Admin\366640149ae8cbe094b01f770667186d.php 第 257 行.
SQL: SHOW COLUMNS FROM `food_type` [ RunTime:0.0034s ]
SQL: SELECT `mingch` FROM `food_type` WHERE `id` = 14  [ RunTime:0.0004s ]
SQL: SHOW COLUMNS FROM `cpdanwei` [ RunTime:0.0040s ]
SQL: SELECT `mingch` FROM `cpdanwei` WHERE `id` = 9  [ RunTime:0.0003s ]
SQL: SHOW COLUMNS FROM `cpfenliang` [ RunTime:0.0040s ]
SQL: SHOW COLUMNS FROM `shop` [ RunTime:0.0040s ]
SQL: SELECT `mingch` FROM `shop` WHERE `id` = 1  [ RunTime:0.0004s ]
SQL: SELECT `mingch` FROM `food_type` WHERE `id` = 14  [ RunTime:0.0002s ]
SQL: SELECT `mingch` FROM `cpdanwei` WHERE `id` = 4  [ RunTime:0.0001s ]
SQL: SELECT `mingch` FROM `shop` WHERE `id` = 1  [ RunTime:0.0001s ]
SQL: SELECT `mingch` FROM `food_type` WHERE `id` = 14  [ RunTime:0.0001s ]
SQL: SELECT `mingch` FROM `cpdanwei` WHERE `id` = 4  [ RunTime:0.0001s ]
SQL: SELECT * FROM `cpfenliang` WHERE `id` = 1  [ RunTime:0.0001s ]
SQL: SELECT `mingch` FROM `shop` WHERE `id` = 1  [ RunTime:0.0001s ]
SQL: SELECT `mingch` FROM `food_type` WHERE `id` = 13  [ RunTime:0.0004s ]
SQL: SELECT `mingch` FROM `cpdanwei` WHERE `id` = 4  [ RunTime:0.0002s ]
SQL: SELECT `mingch` FROM `shop` WHERE `id` = 1  [ RunTime:0.0002s ]
SQL: SELECT `mingch` FROM `food_type` WHERE `id` = 13  [ RunTime:0.0002s ]
SQL: SELECT `mingch` FROM `cpdanwei` WHERE `id` = 4  [ RunTime:0.0001s ]
SQL: SELECT `mingch` FROM `shop` WHERE `id` = 1  [ RunTime:0.0001s ]
SQL: SELECT `mingch` FROM `food_type` WHERE `id` = 12  [ RunTime:0.0001s ]
SQL: SELECT `mingch` FROM `cpdanwei` WHERE `id` = 4  [ RunTime:0.0001s ]
SQL: SELECT `mingch` FROM `shop` WHERE `id` = 1  [ RunTime:0.0001s ]
SQL: SELECT `mingch` FROM `food_type` WHERE `id` = 11  [ RunTime:0.0001s ]
SQL: SELECT `mingch` FROM `cpdanwei` WHERE `id` = 4  [ RunTime:0.0001s ]
SQL: SELECT `mingch` FROM `shop` WHERE `id` = 1  [ RunTime:0.0001s ]
INFO: Run Behavior\ParseTemplateBehavior [ RunTime:0.030781s ]
INFO: [ view_parse ] --END-- [ RunTime:0.030804s ]
INFO: [ view_filter ] --START--
INFO: Run Behavior\WriteHtmlCacheBehavior [ RunTime:0.000413s ]
INFO: [ view_filter ] --END-- [ RunTime:0.000538s ]
INFO: [ app_end ] --START--
INFO: Run Behavior\ShowPageTraceBehavior [ RunTime:0.000532s ]
INFO: [ app_end ] --END-- [ RunTime:0.000559s ]

[ 2018-02-07T17:20:08+08:00 ] ::1 /kuaidian/index.php/Admin/Food/edit/id/59/kwid/%E6%B8%85%E9%A6%99%2C%E9%BA%BB%E8%BE%A3.html
INFO: [ app_init ] --START--
INFO: Run Behavior\BuildLiteBehavior [ RunTime:0.000021s ]
INFO: [ app_init ] --END-- [ RunTime:0.000084s ]
INFO: [ app_begin ] --START--
INFO: Run Behavior\ReadHtmlCacheBehavior [ RunTime:0.000566s ]
INFO: [ app_begin ] --END-- [ RunTime:0.000622s ]
SQL: SHOW COLUMNS FROM `city` [ RunTime:0.0038s ]
SQL: SELECT * FROM `city` ORDER BY paix desc  [ RunTime:0.0043s ]
SQL: SHOW COLUMNS FROM `food_type` [ RunTime:0.0034s ]
SQL: SELECT * FROM `food_type`  [ RunTime:0.0003s ]
SQL: SHOW COLUMNS FROM `cpdanwei` [ RunTime:0.0030s ]
SQL: SELECT * FROM `cpdanwei`  [ RunTime:0.0003s ]
SQL: SHOW COLUMNS FROM `food` [ RunTime:0.0033s ]
SQL: SELECT * FROM `food` WHERE `id` = 59  [ RunTime:0.0004s ]
SQL: SHOW COLUMNS FROM `cpfljiage` [ RunTime:0.0037s ]
SQL: SELECT * FROM `cpfljiage` WHERE `cpcode` = '59'  [ RunTime:0.0003s ]
INFO: [ view_parse ] --START--
INFO: [ template_filter ] --START--
INFO: Run Behavior\ContentReplaceBehavior [ RunTime:0.000070s ]
INFO: [ template_filter ] --END-- [ RunTime:0.000106s ]
SQL: SHOW COLUMNS FROM `cpfenliang` [ RunTime:0.0038s ]
SQL: SELECT * FROM `cpfenliang` WHERE `id` = 1  [ RunTime:0.0003s ]
SQL: SELECT * FROM `cpfenliang` WHERE `id` = 2  [ RunTime:0.0001s ]
SQL: SELECT * FROM `cpfenliang` WHERE `id` = 3  [ RunTime:0.0001s ]
INFO: Run Behavior\ParseTemplateBehavior [ RunTime:0.013249s ]
INFO: [ view_parse ] --END-- [ RunTime:0.013274s ]
INFO: [ view_filter ] --START--
INFO: Run Behavior\WriteHtmlCacheBehavior [ RunTime:0.000503s ]
INFO: [ view_filter ] --END-- [ RunTime:0.000530s ]
INFO: [ app_end ] --START--
INFO: Run Behavior\ShowPageTraceBehavior [ RunTime:0.000632s ]
INFO: [ app_end ] --END-- [ RunTime:0.000667s ]

[ 2018-02-07T17:20:14+08:00 ] ::1 /kuaidian/index.php/Admin/Food/index/menid/1/id/1.html
INFO: [ app_init ] --START--
INFO: Run Behavior\BuildLiteBehavior [ RunTime:0.000011s ]
INFO: [ app_init ] --END-- [ RunTime:0.000051s ]
INFO: [ app_begin ] --START--
INFO: Run Behavior\ReadHtmlCacheBehavior [ RunTime:0.000581s ]
INFO: [ app_begin ] --END-- [ RunTime:0.000627s ]
SQL: SHOW COLUMNS FROM `city` [ RunTime:0.0034s ]
SQL: SELECT * FROM `city` ORDER BY paix desc  [ RunTime:0.0037s ]
SQL: SHOW COLUMNS FROM `food` [ RunTime:0.0036s ]
SQL: SELECT * FROM `food` WHERE `dep_shop` = 1  [ RunTime:0.0006s ]
INFO: [ view_parse ] --START--
INFO: [ template_filter ] --START--
INFO: Run Behavior\ContentReplaceBehavior [ RunTime:0.000085s ]
INFO: [ template_filter ] --END-- [ RunTime:0.000120s ]
NOTIC: [8] Use of undefined constant Index - assumed 'Index' D:\xampp\htdocs\kuaidian\Application\Runtime\Cache\Admin\366640149ae8cbe094b01f770667186d.php 第 83 行.
NOTIC: [8] Use of undefined constant Shop - assumed 'Shop' D:\xampp\htdocs\kuaidian\Application\Runtime\Cache\Admin\366640149ae8cbe094b01f770667186d.php 第 91 行.
NOTIC: [8] Use of undefined constant Shoptype - assumed 'Shoptype' D:\xampp\htdocs\kuaidian\Application\Runtime\Cache\Admin\366640149ae8cbe094b01f770667186d.php 第 91 行.
NOTIC: [8] Use of undefined constant Danwei - assumed 'Danwei' D:\xampp\htdocs\kuaidian\Application\Runtime\Cache\Admin\366640149ae8cbe094b01f770667186d.php 第 91 行.
NOTIC: [8] Use of undefined constant Seat - assumed 'Seat' D:\xampp\htdocs\kuaidian\Application\Runtime\Cache\Admin\366640149ae8cbe094b01f770667186d.php 第 91 行.
NOTIC: [8] Use of undefined constant Sale - assumed 'Sale' D:\xampp\htdocs\kuaidian\Application\Runtime\Cache\Admin\366640149ae8cbe094b01f770667186d.php 第 91 行.
NOTIC: [8] Use of undefined constant Food - assumed 'Food' D:\xampp\htdocs\kuaidian\Application\Runtime\Cache\Admin\366640149ae8cbe094b01f770667186d.php 第 91 行.
NOTIC: [2] array_pop() expects parameter 1 to be array, null given D:\xampp\htdocs\kuaidian\Application\Runtime\Cache\Admin\366640149ae8cbe094b01f770667186d.php 第 173 行.
NOTIC: [2] Invalid argument supplied for foreach() D:\xampp\htdocs\kuaidian\Application\Runtime\Cache\Admin\366640149ae8cbe094b01f770667186d.php 第 173 行.
NOTIC: [8] Undefined variable: active D:\xampp\htdocs\kuaidian\Application\Runtime\Cache\Admin\366640149ae8cbe094b01f770667186d.php 第 176 行.
NOTIC: [8] Undefined variable: info D:\xampp\htdocs\kuaidian\Application\Runtime\Cache\Admin\366640149ae8cbe094b01f770667186d.php 第 257 行.
SQL: SHOW COLUMNS FROM `food_type` [ RunTime:0.0042s ]
SQL: SELECT `mingch` FROM `food_type` WHERE `id` = 14  [ RunTime:0.0003s ]
SQL: SHOW COLUMNS FROM `cpdanwei` [ RunTime:0.0035s ]
SQL: SELECT `mingch` FROM `cpdanwei` WHERE `id` = 9  [ RunTime:0.0002s ]
SQL: SHOW COLUMNS FROM `cpfenliang` [ RunTime:0.0035s ]
SQL: SHOW COLUMNS FROM `shop` [ RunTime:0.0043s ]
SQL: SELECT `mingch` FROM `shop` WHERE `id` = 1  [ RunTime:0.0004s ]
SQL: SELECT `mingch` FROM `food_type` WHERE `id` = 14  [ RunTime:0.0001s ]
SQL: SELECT `mingch` FROM `cpdanwei` WHERE `id` = 4  [ RunTime:0.0001s ]
SQL: SELECT `mingch` FROM `shop` WHERE `id` = 1  [ RunTime:0.0001s ]
SQL: SELECT `mingch` FROM `food_type` WHERE `id` = 14  [ RunTime:0.0002s ]
SQL: SELECT `mingch` FROM `cpdanwei` WHERE `id` = 4  [ RunTime:0.0001s ]
SQL: SELECT * FROM `cpfenliang` WHERE `id` = 1  [ RunTime:0.0001s ]
SQL: SELECT `mingch` FROM `shop` WHERE `id` = 1  [ RunTime:0.0001s ]
SQL: SELECT `mingch` FROM `food_type` WHERE `id` = 13  [ RunTime:0.0003s ]
SQL: SELECT `mingch` FROM `cpdanwei` WHERE `id` = 4  [ RunTime:0.0001s ]
SQL: SELECT `mingch` FROM `shop` WHERE `id` = 1  [ RunTime:0.0001s ]
SQL: SELECT `mingch` FROM `food_type` WHERE `id` = 13  [ RunTime:0.0002s ]
SQL: SELECT `mingch` FROM `cpdanwei` WHERE `id` = 4  [ RunTime:0.0002s ]
SQL: SELECT `mingch` FROM `shop` WHERE `id` = 1  [ RunTime:0.0001s ]
SQL: SELECT `mingch` FROM `food_type` WHERE `id` = 12  [ RunTime:0.0001s ]
SQL: SELECT `mingch` FROM `cpdanwei` WHERE `id` = 4  [ RunTime:0.0001s ]
SQL: SELECT `mingch` FROM `shop` WHERE `id` = 1  [ RunTime:0.0001s ]
SQL: SELECT `mingch` FROM `food_type` WHERE `id` = 11  [ RunTime:0.0001s ]
SQL: SELECT `mingch` FROM `cpdanwei` WHERE `id` = 4  [ RunTime:0.0001s ]
SQL: SELECT `mingch` FROM `shop` WHERE `id` = 1  [ RunTime:0.0001s ]
INFO: Run Behavior\ParseTemplateBehavior [ RunTime:0.030384s ]
INFO: [ view_parse ] --END-- [ RunTime:0.030408s ]
INFO: [ view_filter ] --START--
INFO: Run Behavior\WriteHtmlCacheBehavior [ RunTime:0.000414s ]
INFO: [ view_filter ] --END-- [ RunTime:0.000437s ]
INFO: [ app_end ] --START--
INFO: Run Behavior\ShowPageTraceBehavior [ RunTime:0.000486s ]
INFO: [ app_end ] --END-- [ RunTime:0.000510s ]

