[ 2018-02-24T10:32:40+08:00 ] ::1 /-/index.php/admin/index
INFO: [ app_init ] --START--
INFO: Run Behavior\BuildLiteBehavior [ RunTime:0.000047s ]
INFO: [ app_init ] --END-- [ RunTime:0.000286s ]
INFO: [ app_begin ] --START--
INFO: Run Behavior\ReadHtmlCacheBehavior [ RunTime:0.001336s ]
INFO: [ app_begin ] --END-- [ RunTime:0.001567s ]
INFO: [ view_parse ] --START--
INFO: [ template_filter ] --START--
INFO: Run Behavior\ContentReplaceBehavior [ RunTime:0.000140s ]
INFO: [ template_filter ] --END-- [ RunTime:0.000320s ]
NOTIC: [8] Undefined variable: id E:\wamp64\www\-\Application\Runtime\Cache\Admin\b595b808c2ebeeeb0478ffc30bb4e87a.php 第 20 行.
INFO: Run Behavior\ParseTemplateBehavior [ RunTime:0.010160s ]
INFO: [ view_parse ] --END-- [ RunTime:0.010406s ]
INFO: [ view_filter ] --START--
INFO: Run Behavior\WriteHtmlCacheBehavior [ RunTime:0.000984s ]
INFO: [ view_filter ] --END-- [ RunTime:0.001198s ]
INFO: [ app_end ] --START--
INFO: Run Behavior\ShowPageTraceBehavior [ RunTime:0.000993s ]
INFO: [ app_end ] --END-- [ RunTime:0.001181s ]

[ 2018-02-24T10:32:45+08:00 ] ::1 /-/index.php/Admin/Index/dodenglu.html
INFO: [ app_init ] --START--
INFO: Run Behavior\BuildLiteBehavior [ RunTime:0.000036s ]
INFO: [ app_init ] --END-- [ RunTime:0.000244s ]
INFO: [ app_begin ] --START--
INFO: Run Behavior\ReadHtmlCacheBehavior [ RunTime:0.000953s ]
INFO: [ app_begin ] --END-- [ RunTime:0.001180s ]
SQL: SHOW COLUMNS FROM `user` [ RunTime:0.0144s ]
SQL: SELECT * FROM `user` WHERE `tel` = '111111' AND `status` = 1 LIMIT 1   [ RunTime:0.0016s ]

[ 2018-02-24T10:32:45+08:00 ] ::1 /-/index.php/Admin/Index/zhuye.html
INFO: [ app_init ] --START--
INFO: Run Behavior\BuildLiteBehavior [ RunTime:0.000035s ]
INFO: [ app_init ] --END-- [ RunTime:0.000229s ]
INFO: [ app_begin ] --START--
INFO: Run Behavior\ReadHtmlCacheBehavior [ RunTime:0.000989s ]
INFO: [ app_begin ] --END-- [ RunTime:0.001217s ]
SQL: SHOW COLUMNS FROM `city` [ RunTime:0.0130s ]
SQL: SELECT * FROM `city` ORDER BY paix desc  [ RunTime:0.0230s ]
INFO: [ view_parse ] --START--
INFO: [ template_filter ] --START--
INFO: Run Behavior\ContentReplaceBehavior [ RunTime:0.000216s ]
INFO: [ template_filter ] --END-- [ RunTime:0.000436s ]
NOTIC: [8] Use of undefined constant Index - assumed 'Index' E:\wamp64\www\-\Application\Runtime\Cache\Admin\502c830712a0e1f9d91cc268e293cf60.php 第 83 行.
INFO: Run Behavior\ParseTemplateBehavior [ RunTime:0.022639s ]
INFO: [ view_parse ] --END-- [ RunTime:0.022834s ]
INFO: [ view_filter ] --START--
INFO: Run Behavior\WriteHtmlCacheBehavior [ RunTime:0.001477s ]
INFO: [ view_filter ] --END-- [ RunTime:0.001684s ]
INFO: [ app_end ] --START--
INFO: Run Behavior\ShowPageTraceBehavior [ RunTime:0.001682s ]
INFO: [ app_end ] --END-- [ RunTime:0.001935s ]

[ 2018-02-24T10:33:00+08:00 ] ::1 /-/index.php/Admin/order/index.html?id=1
INFO: [ app_init ] --START--
INFO: Run Behavior\BuildLiteBehavior [ RunTime:0.000067s ]
INFO: [ app_init ] --END-- [ RunTime:0.000260s ]
INFO: [ app_begin ] --START--
INFO: Run Behavior\ReadHtmlCacheBehavior [ RunTime:0.001076s ]
INFO: [ app_begin ] --END-- [ RunTime:0.001291s ]
SQL: SHOW COLUMNS FROM `city` [ RunTime:0.0137s ]
SQL: SELECT * FROM `city` ORDER BY paix desc  [ RunTime:0.0099s ]
SQL: SHOW COLUMNS FROM `order` [ RunTime:0.0343s ]
SQL: SELECT * FROM `order` ORDER BY id desc  [ RunTime:0.0022s ]
SQL: SHOW COLUMNS FROM `shop` [ RunTime:0.0534s ]
SQL: SELECT `mingch` FROM `shop` WHERE `id` = 45 LIMIT 1   [ RunTime:0.0013s ]
SQL: SHOW COLUMNS FROM `money` [ RunTime:0.0172s ]
SQL: SELECT `sf` FROM `money` WHERE `order_id` = 128 LIMIT 1   [ RunTime:0.0011s ]
SQL: SELECT `mingch` FROM `shop` WHERE `id` = 44 LIMIT 1   [ RunTime:0.0008s ]
SQL: SELECT `sf` FROM `money` WHERE `order_id` = 127 LIMIT 1   [ RunTime:0.0007s ]
SQL: SELECT `mingch` FROM `shop` WHERE `id` = 44 LIMIT 1   [ RunTime:0.0010s ]
SQL: SELECT `sf` FROM `money` WHERE `order_id` = 126 LIMIT 1   [ RunTime:0.0011s ]
INFO: [ view_parse ] --START--
INFO: [ template_filter ] --START--
INFO: Run Behavior\ContentReplaceBehavior [ RunTime:0.000251s ]
INFO: [ template_filter ] --END-- [ RunTime:0.000430s ]
NOTIC: [8] Use of undefined constant Index - assumed 'Index' E:\wamp64\www\-\Application\Runtime\Cache\Admin\18bc66a7b6334412ab8e61a2539ecfbd.php 第 83 行.
NOTIC: [8] Use of undefined constant Shop - assumed 'Shop' E:\wamp64\www\-\Application\Runtime\Cache\Admin\18bc66a7b6334412ab8e61a2539ecfbd.php 第 91 行.
NOTIC: [8] Use of undefined constant Shoptype - assumed 'Shoptype' E:\wamp64\www\-\Application\Runtime\Cache\Admin\18bc66a7b6334412ab8e61a2539ecfbd.php 第 91 行.
NOTIC: [8] Use of undefined constant Danwei - assumed 'Danwei' E:\wamp64\www\-\Application\Runtime\Cache\Admin\18bc66a7b6334412ab8e61a2539ecfbd.php 第 91 行.
NOTIC: [8] Use of undefined constant Seat - assumed 'Seat' E:\wamp64\www\-\Application\Runtime\Cache\Admin\18bc66a7b6334412ab8e61a2539ecfbd.php 第 91 行.
NOTIC: [8] Use of undefined constant Sale - assumed 'Sale' E:\wamp64\www\-\Application\Runtime\Cache\Admin\18bc66a7b6334412ab8e61a2539ecfbd.php 第 91 行.
NOTIC: [8] Use of undefined constant Food - assumed 'Food' E:\wamp64\www\-\Application\Runtime\Cache\Admin\18bc66a7b6334412ab8e61a2539ecfbd.php 第 91 行.
NOTIC: [8] Use of undefined constant Seattype - assumed 'Seattype' E:\wamp64\www\-\Application\Runtime\Cache\Admin\18bc66a7b6334412ab8e61a2539ecfbd.php 第 91 行.
NOTIC: [8] Use of undefined constant Foodtype - assumed 'Foodtype' E:\wamp64\www\-\Application\Runtime\Cache\Admin\18bc66a7b6334412ab8e61a2539ecfbd.php 第 91 行.
NOTIC: [8] Use of undefined constant User - assumed 'User' E:\wamp64\www\-\Application\Runtime\Cache\Admin\18bc66a7b6334412ab8e61a2539ecfbd.php 第 113 行.
NOTIC: [8] Use of undefined constant Code - assumed 'Code' E:\wamp64\www\-\Application\Runtime\Cache\Admin\18bc66a7b6334412ab8e61a2539ecfbd.php 第 122 行.
NOTIC: [8] Use of undefined constant Event - assumed 'Event' E:\wamp64\www\-\Application\Runtime\Cache\Admin\18bc66a7b6334412ab8e61a2539ecfbd.php 第 131 行.
NOTIC: [8] Use of undefined constant Config - assumed 'Config' E:\wamp64\www\-\Application\Runtime\Cache\Admin\18bc66a7b6334412ab8e61a2539ecfbd.php 第 131 行.
NOTIC: [8] Use of undefined constant Order - assumed 'Order' E:\wamp64\www\-\Application\Runtime\Cache\Admin\18bc66a7b6334412ab8e61a2539ecfbd.php 第 140 行.
NOTIC: [2] array_pop() expects parameter 1 to be array, null given E:\wamp64\www\-\Application\Runtime\Cache\Admin\18bc66a7b6334412ab8e61a2539ecfbd.php 第 173 行.
NOTIC: [2] Invalid argument supplied for foreach() E:\wamp64\www\-\Application\Runtime\Cache\Admin\18bc66a7b6334412ab8e61a2539ecfbd.php 第 173 行.
NOTIC: [8] Undefined variable: active E:\wamp64\www\-\Application\Runtime\Cache\Admin\18bc66a7b6334412ab8e61a2539ecfbd.php 第 176 行.
INFO: Run Behavior\ParseTemplateBehavior [ RunTime:0.033284s ]
INFO: [ view_parse ] --END-- [ RunTime:0.033627s ]
INFO: [ view_filter ] --START--
INFO: Run Behavior\WriteHtmlCacheBehavior [ RunTime:0.001089s ]
INFO: [ view_filter ] --END-- [ RunTime:0.001368s ]
INFO: [ app_end ] --START--
INFO: Run Behavior\ShowPageTraceBehavior [ RunTime:0.000935s ]
INFO: [ app_end ] --END-- [ RunTime:0.001102s ]

[ 2018-02-24T11:52:25+08:00 ] 192.168.0.105 /kuaidian/index.php/Admin/shop/index.html?id=1
INFO: [ app_init ] --START--
INFO: Run Behavior\BuildLiteBehavior [ RunTime:0.000012s ]
INFO: [ app_init ] --END-- [ RunTime:0.000057s ]
INFO: [ app_begin ] --START--
INFO: Run Behavior\ReadHtmlCacheBehavior [ RunTime:0.000994s ]
INFO: [ app_begin ] --END-- [ RunTime:0.001048s ]
SQL: SHOW COLUMNS FROM `city` [ RunTime:0.0053s ]
SQL: SELECT * FROM `city` ORDER BY paix desc  [ RunTime:0.0046s ]
SQL: SHOW COLUMNS FROM `shop` [ RunTime:0.0054s ]
SQL: SELECT * FROM `shop`  [ RunTime:0.0007s ]
INFO: [ view_parse ] --START--
INFO: [ template_filter ] --START--
INFO: Run Behavior\ContentReplaceBehavior [ RunTime:0.000101s ]
INFO: [ template_filter ] --END-- [ RunTime:0.000145s ]
NOTIC: [8] Use of undefined constant Index - assumed 'Index' D:\xampp\htdocs\kuaidian\Application\Runtime\Cache\Admin\52fa67f14c08742f6c521ab8140bab06.php 第 83 行.
NOTIC: [8] Use of undefined constant Shop - assumed 'Shop' D:\xampp\htdocs\kuaidian\Application\Runtime\Cache\Admin\52fa67f14c08742f6c521ab8140bab06.php 第 91 行.
NOTIC: [2] array_pop() expects parameter 1 to be array, null given D:\xampp\htdocs\kuaidian\Application\Runtime\Cache\Admin\52fa67f14c08742f6c521ab8140bab06.php 第 173 行.
NOTIC: [2] Invalid argument supplied for foreach() D:\xampp\htdocs\kuaidian\Application\Runtime\Cache\Admin\52fa67f14c08742f6c521ab8140bab06.php 第 173 行.
NOTIC: [8] Undefined variable: active D:\xampp\htdocs\kuaidian\Application\Runtime\Cache\Admin\52fa67f14c08742f6c521ab8140bab06.php 第 176 行.
NOTIC: [8] Undefined variable: info D:\xampp\htdocs\kuaidian\Application\Runtime\Cache\Admin\52fa67f14c08742f6c521ab8140bab06.php 第 257 行.
SQL: SELECT `name` FROM `city` WHERE `code` = '120100'  [ RunTime:0.0005s ]
SQL: SHOW COLUMNS FROM `shop_type` [ RunTime:0.0070s ]
SQL: SELECT `mingch` FROM `shop_type` WHERE `id` = 1  [ RunTime:0.0006s ]
SQL: SHOW COLUMNS FROM `sale` [ RunTime:0.0061s ]
SQL: SELECT COUNT(*) AS tp_count FROM `sale` WHERE `dep_type` = 44 LIMIT 1   [ RunTime:0.0011s ]
SQL: SELECT `name` FROM `city` WHERE `code` = '130200'  [ RunTime:0.0005s ]
SQL: SELECT `mingch` FROM `shop_type` WHERE `id` = 1  [ RunTime:0.0002s ]
SQL: SELECT COUNT(*) AS tp_count FROM `sale` WHERE `dep_type` = 45 LIMIT 1   [ RunTime:0.0003s ]
SQL: SELECT `name` FROM `city` WHERE `code` = '130100'  [ RunTime:0.0003s ]
SQL: SELECT `mingch` FROM `shop_type` WHERE `id` = 0  [ RunTime:0.0001s ]
NOTIC: [8] Undefined offset: 0 D:\xampp\htdocs\kuaidian\Application\Common\Common\function.php 第 128 行.
SQL: SELECT COUNT(*) AS tp_count FROM `sale` WHERE `dep_type` = 46 LIMIT 1   [ RunTime:0.0002s ]
INFO: Run Behavior\ParseTemplateBehavior [ RunTime:0.034519s ]
INFO: [ view_parse ] --END-- [ RunTime:0.034548s ]
INFO: [ view_filter ] --START--
INFO: Run Behavior\WriteHtmlCacheBehavior [ RunTime:0.000793s ]
INFO: [ view_filter ] --END-- [ RunTime:0.000829s ]
INFO: [ app_end ] --START--
INFO: Run Behavior\ShowPageTraceBehavior [ RunTime:0.000769s ]
INFO: [ app_end ] --END-- [ RunTime:0.000796s ]

[ 2018-02-24T11:52:26+08:00 ] 192.168.0.105 /kuaidian/index.php/Admin/shop/index.html?id=1
INFO: [ app_init ] --START--
INFO: Run Behavior\BuildLiteBehavior [ RunTime:0.000010s ]
INFO: [ app_init ] --END-- [ RunTime:0.000048s ]
INFO: [ app_begin ] --START--
INFO: Run Behavior\ReadHtmlCacheBehavior [ RunTime:0.000440s ]
INFO: [ app_begin ] --END-- [ RunTime:0.000469s ]
SQL: SHOW COLUMNS FROM `city` [ RunTime:0.0051s ]
SQL: SELECT * FROM `city` ORDER BY paix desc  [ RunTime:0.0042s ]
SQL: SHOW COLUMNS FROM `shop` [ RunTime:0.0054s ]
SQL: SELECT * FROM `shop`  [ RunTime:0.0007s ]
INFO: [ view_parse ] --START--
INFO: [ template_filter ] --START--
INFO: Run Behavior\ContentReplaceBehavior [ RunTime:0.000094s ]
INFO: [ template_filter ] --END-- [ RunTime:0.000132s ]
NOTIC: [8] Use of undefined constant Index - assumed 'Index' D:\xampp\htdocs\kuaidian\Application\Runtime\Cache\Admin\52fa67f14c08742f6c521ab8140bab06.php 第 83 行.
NOTIC: [8] Use of undefined constant Shop - assumed 'Shop' D:\xampp\htdocs\kuaidian\Application\Runtime\Cache\Admin\52fa67f14c08742f6c521ab8140bab06.php 第 91 行.
NOTIC: [2] array_pop() expects parameter 1 to be array, null given D:\xampp\htdocs\kuaidian\Application\Runtime\Cache\Admin\52fa67f14c08742f6c521ab8140bab06.php 第 173 行.
NOTIC: [2] Invalid argument supplied for foreach() D:\xampp\htdocs\kuaidian\Application\Runtime\Cache\Admin\52fa67f14c08742f6c521ab8140bab06.php 第 173 行.
NOTIC: [8] Undefined variable: active D:\xampp\htdocs\kuaidian\Application\Runtime\Cache\Admin\52fa67f14c08742f6c521ab8140bab06.php 第 176 行.
NOTIC: [8] Undefined variable: info D:\xampp\htdocs\kuaidian\Application\Runtime\Cache\Admin\52fa67f14c08742f6c521ab8140bab06.php 第 257 行.
SQL: SELECT `name` FROM `city` WHERE `code` = '120100'  [ RunTime:0.0007s ]
SQL: SHOW COLUMNS FROM `shop_type` [ RunTime:0.0048s ]
SQL: SELECT `mingch` FROM `shop_type` WHERE `id` = 1  [ RunTime:0.0003s ]
SQL: SHOW COLUMNS FROM `sale` [ RunTime:0.0043s ]
SQL: SELECT COUNT(*) AS tp_count FROM `sale` WHERE `dep_type` = 44 LIMIT 1   [ RunTime:0.0003s ]
SQL: SELECT `name` FROM `city` WHERE `code` = '130200'  [ RunTime:0.0002s ]
SQL: SELECT `mingch` FROM `shop_type` WHERE `id` = 1  [ RunTime:0.0001s ]
SQL: SELECT COUNT(*) AS tp_count FROM `sale` WHERE `dep_type` = 45 LIMIT 1   [ RunTime:0.0001s ]
SQL: SELECT `name` FROM `city` WHERE `code` = '130100'  [ RunTime:0.0007s ]
SQL: SELECT `mingch` FROM `shop_type` WHERE `id` = 0  [ RunTime:0.0003s ]
NOTIC: [8] Undefined offset: 0 D:\xampp\htdocs\kuaidian\Application\Common\Common\function.php 第 128 行.
SQL: SELECT COUNT(*) AS tp_count FROM `sale` WHERE `dep_type` = 46 LIMIT 1   [ RunTime:0.0002s ]
INFO: Run Behavior\ParseTemplateBehavior [ RunTime:0.026594s ]
INFO: [ view_parse ] --END-- [ RunTime:0.026619s ]
INFO: [ view_filter ] --START--
INFO: Run Behavior\WriteHtmlCacheBehavior [ RunTime:0.000490s ]
INFO: [ view_filter ] --END-- [ RunTime:0.000515s ]
INFO: [ app_end ] --START--
INFO: Run Behavior\ShowPageTraceBehavior [ RunTime:0.000516s ]
INFO: [ app_end ] --END-- [ RunTime:0.000541s ]

[ 2018-02-24T16:14:54+08:00 ] ::1 /kuaidian/index.php/Admin/shop/index.html?id=1
INFO: [ app_init ] --START--
INFO: Run Behavior\BuildLiteBehavior [ RunTime:0.000011s ]
INFO: [ app_init ] --END-- [ RunTime:0.000051s ]
INFO: [ app_begin ] --START--
INFO: Run Behavior\ReadHtmlCacheBehavior [ RunTime:0.000783s ]
INFO: [ app_begin ] --END-- [ RunTime:0.000811s ]
SQL: SHOW COLUMNS FROM `city` [ RunTime:0.0060s ]
SQL: SELECT * FROM `city` ORDER BY paix desc  [ RunTime:0.0044s ]
SQL: SHOW COLUMNS FROM `shop` [ RunTime:0.0062s ]
SQL: SELECT * FROM `shop`  [ RunTime:0.0006s ]
INFO: [ view_parse ] --START--
INFO: [ template_filter ] --START--
INFO: Run Behavior\ContentReplaceBehavior [ RunTime:0.000092s ]
INFO: [ template_filter ] --END-- [ RunTime:0.000129s ]
NOTIC: [8] Use of undefined constant Index - assumed 'Index' D:\xampp\htdocs\kuaidian\Application\Runtime\Cache\Admin\52fa67f14c08742f6c521ab8140bab06.php 第 83 行.
NOTIC: [8] Use of undefined constant Shop - assumed 'Shop' D:\xampp\htdocs\kuaidian\Application\Runtime\Cache\Admin\52fa67f14c08742f6c521ab8140bab06.php 第 91 行.
NOTIC: [2] array_pop() expects parameter 1 to be array, null given D:\xampp\htdocs\kuaidian\Application\Runtime\Cache\Admin\52fa67f14c08742f6c521ab8140bab06.php 第 173 行.
NOTIC: [2] Invalid argument supplied for foreach() D:\xampp\htdocs\kuaidian\Application\Runtime\Cache\Admin\52fa67f14c08742f6c521ab8140bab06.php 第 173 行.
NOTIC: [8] Undefined variable: active D:\xampp\htdocs\kuaidian\Application\Runtime\Cache\Admin\52fa67f14c08742f6c521ab8140bab06.php 第 176 行.
NOTIC: [8] Undefined variable: info D:\xampp\htdocs\kuaidian\Application\Runtime\Cache\Admin\52fa67f14c08742f6c521ab8140bab06.php 第 257 行.
SQL: SELECT `name` FROM `city` WHERE `code` = '120100'  [ RunTime:0.0005s ]
SQL: SHOW COLUMNS FROM `shop_type` [ RunTime:0.0060s ]
SQL: SELECT `mingch` FROM `shop_type` WHERE `id` = 1  [ RunTime:0.0003s ]
SQL: SHOW COLUMNS FROM `sale` [ RunTime:0.0053s ]
SQL: SELECT COUNT(*) AS tp_count FROM `sale` WHERE `dep_type` = 44 LIMIT 1   [ RunTime:0.0004s ]
SQL: SELECT `name` FROM `city` WHERE `code` = '130200'  [ RunTime:0.0004s ]
SQL: SELECT `mingch` FROM `shop_type` WHERE `id` = 1  [ RunTime:0.0005s ]
SQL: SELECT COUNT(*) AS tp_count FROM `sale` WHERE `dep_type` = 45 LIMIT 1   [ RunTime:0.0005s ]
SQL: SELECT `name` FROM `city` WHERE `code` = '130100'  [ RunTime:0.0003s ]
SQL: SELECT `mingch` FROM `shop_type` WHERE `id` = 0  [ RunTime:0.0001s ]
NOTIC: [8] Undefined offset: 0 D:\xampp\htdocs\kuaidian\Application\Common\Common\function.php 第 128 行.
SQL: SELECT COUNT(*) AS tp_count FROM `sale` WHERE `dep_type` = 46 LIMIT 1   [ RunTime:0.0001s ]
INFO: Run Behavior\ParseTemplateBehavior [ RunTime:0.030202s ]
INFO: [ view_parse ] --END-- [ RunTime:0.030229s ]
INFO: [ view_filter ] --START--
INFO: Run Behavior\WriteHtmlCacheBehavior [ RunTime:0.000725s ]
INFO: [ view_filter ] --END-- [ RunTime:0.000756s ]
INFO: [ app_end ] --START--
INFO: Run Behavior\ShowPageTraceBehavior [ RunTime:0.000861s ]
INFO: [ app_end ] --END-- [ RunTime:0.000899s ]

[ 2018-02-24T16:15:00+08:00 ] ::1 /kuaidian/index.php/Admin/Food/index/menid/44/id/1.html
INFO: [ app_init ] --START--
INFO: Run Behavior\BuildLiteBehavior [ RunTime:0.000008s ]
INFO: [ app_init ] --END-- [ RunTime:0.000044s ]
INFO: [ app_begin ] --START--
INFO: Run Behavior\ReadHtmlCacheBehavior [ RunTime:0.000773s ]
INFO: [ app_begin ] --END-- [ RunTime:0.000814s ]
SQL: SHOW COLUMNS FROM `city` [ RunTime:0.0056s ]
SQL: SELECT * FROM `city` ORDER BY paix desc  [ RunTime:0.0039s ]
SQL: SHOW COLUMNS FROM `food` [ RunTime:0.0057s ]
SQL: SELECT * FROM `food` WHERE `dep_shop` = 44  [ RunTime:0.0011s ]
INFO: [ view_parse ] --START--
INFO: [ template_filter ] --START--
INFO: Run Behavior\ContentReplaceBehavior [ RunTime:0.000084s ]
INFO: [ template_filter ] --END-- [ RunTime:0.000117s ]
NOTIC: [8] Use of undefined constant Index - assumed 'Index' D:\xampp\htdocs\kuaidian\Application\Runtime\Cache\Admin\366640149ae8cbe094b01f770667186d.php 第 83 行.
NOTIC: [8] Use of undefined constant Shop - assumed 'Shop' D:\xampp\htdocs\kuaidian\Application\Runtime\Cache\Admin\366640149ae8cbe094b01f770667186d.php 第 91 行.
NOTIC: [8] Use of undefined constant Shoptype - assumed 'Shoptype' D:\xampp\htdocs\kuaidian\Application\Runtime\Cache\Admin\366640149ae8cbe094b01f770667186d.php 第 91 行.
NOTIC: [8] Use of undefined constant Danwei - assumed 'Danwei' D:\xampp\htdocs\kuaidian\Application\Runtime\Cache\Admin\366640149ae8cbe094b01f770667186d.php 第 91 行.
NOTIC: [8] Use of undefined constant Seat - assumed 'Seat' D:\xampp\htdocs\kuaidian\Application\Runtime\Cache\Admin\366640149ae8cbe094b01f770667186d.php 第 91 行.
NOTIC: [8] Use of undefined constant Sale - assumed 'Sale' D:\xampp\htdocs\kuaidian\Application\Runtime\Cache\Admin\366640149ae8cbe094b01f770667186d.php 第 91 行.
NOTIC: [8] Use of undefined constant Food - assumed 'Food' D:\xampp\htdocs\kuaidian\Application\Runtime\Cache\Admin\366640149ae8cbe094b01f770667186d.php 第 91 行.
NOTIC: [2] array_pop() expects parameter 1 to be array, null given D:\xampp\htdocs\kuaidian\Application\Runtime\Cache\Admin\366640149ae8cbe094b01f770667186d.php 第 173 行.
NOTIC: [2] Invalid argument supplied for foreach() D:\xampp\htdocs\kuaidian\Application\Runtime\Cache\Admin\366640149ae8cbe094b01f770667186d.php 第 173 行.
NOTIC: [8] Undefined variable: active D:\xampp\htdocs\kuaidian\Application\Runtime\Cache\Admin\366640149ae8cbe094b01f770667186d.php 第 176 行.
NOTIC: [8] Undefined variable: info D:\xampp\htdocs\kuaidian\Application\Runtime\Cache\Admin\366640149ae8cbe094b01f770667186d.php 第 257 行.
SQL: SHOW COLUMNS FROM `food_type` [ RunTime:0.0057s ]
SQL: SELECT `mingch` FROM `food_type` WHERE `id` = 31  [ RunTime:0.0003s ]
SQL: SHOW COLUMNS FROM `cpdanwei` [ RunTime:0.0059s ]
SQL: SELECT `mingch` FROM `cpdanwei` WHERE `id` = 9  [ RunTime:0.0003s ]
SQL: SHOW COLUMNS FROM `cpfenliang` [ RunTime:0.0073s ]
SQL: SHOW COLUMNS FROM `shop` [ RunTime:0.0057s ]
SQL: SELECT `mingch` FROM `shop` WHERE `id` = 44  [ RunTime:0.0006s ]
SQL: SELECT `mingch` FROM `food_type` WHERE `id` = 30  [ RunTime:0.0002s ]
SQL: SELECT `mingch` FROM `cpdanwei` WHERE `id` = 9  [ RunTime:0.0001s ]
SQL: SELECT `mingch` FROM `shop` WHERE `id` = 44  [ RunTime:0.0002s ]
SQL: SELECT `mingch` FROM `food_type` WHERE `id` = 35  [ RunTime:0.0001s ]
SQL: SELECT `mingch` FROM `cpdanwei` WHERE `id` = 11  [ RunTime:0.0001s ]
SQL: SELECT `mingch` FROM `shop` WHERE `id` = 44  [ RunTime:0.0001s ]
SQL: SELECT `mingch` FROM `food_type` WHERE `id` = 35  [ RunTime:0.0001s ]
SQL: SELECT `mingch` FROM `cpdanwei` WHERE `id` = 4  [ RunTime:0.0001s ]
SQL: SELECT `mingch` FROM `shop` WHERE `id` = 44  [ RunTime:0.0001s ]
SQL: SELECT `mingch` FROM `food_type` WHERE `id` = 35  [ RunTime:0.0001s ]
SQL: SELECT `mingch` FROM `cpdanwei` WHERE `id` = 4  [ RunTime:0.0001s ]
SQL: SELECT `mingch` FROM `shop` WHERE `id` = 44  [ RunTime:0.0001s ]
SQL: SELECT `mingch` FROM `food_type` WHERE `id` = 35  [ RunTime:0.0001s ]
SQL: SELECT `mingch` FROM `cpdanwei` WHERE `id` = 4  [ RunTime:0.0001s ]
SQL: SELECT `mingch` FROM `shop` WHERE `id` = 44  [ RunTime:0.0001s ]
INFO: Run Behavior\ParseTemplateBehavior [ RunTime:0.041962s ]
INFO: [ view_parse ] --END-- [ RunTime:0.041992s ]
INFO: [ view_filter ] --START--
INFO: Run Behavior\WriteHtmlCacheBehavior [ RunTime:0.000711s ]
INFO: [ view_filter ] --END-- [ RunTime:0.000736s ]
INFO: [ app_end ] --START--
INFO: Run Behavior\ShowPageTraceBehavior [ RunTime:0.000728s ]
INFO: [ app_end ] --END-- [ RunTime:0.000754s ]

[ 2018-02-24T16:15:02+08:00 ] ::1 /kuaidian/index.php/Admin/Food/add/id/44.html
INFO: [ app_init ] --START--
INFO: Run Behavior\BuildLiteBehavior [ RunTime:0.000012s ]
INFO: [ app_init ] --END-- [ RunTime:0.000056s ]
INFO: [ app_begin ] --START--
INFO: Run Behavior\ReadHtmlCacheBehavior [ RunTime:0.000645s ]
INFO: [ app_begin ] --END-- [ RunTime:0.000695s ]
SQL: SHOW COLUMNS FROM `city` [ RunTime:0.0063s ]
SQL: SELECT * FROM `city` ORDER BY paix desc  [ RunTime:0.0053s ]
SQL: SHOW COLUMNS FROM `food_type` [ RunTime:0.0062s ]
SQL: SELECT * FROM `food_type` WHERE `dep_type` = 44  [ RunTime:0.0004s ]
SQL: SHOW COLUMNS FROM `cpkouwei` [ RunTime:0.0053s ]
SQL: SELECT * FROM `cpkouwei`  [ RunTime:0.0006s ]
SQL: SHOW COLUMNS FROM `cpdanwei` [ RunTime:0.0059s ]
SQL: SELECT * FROM `cpdanwei`  [ RunTime:0.0005s ]
INFO: [ view_parse ] --START--
INFO: [ template_filter ] --START--
INFO: Run Behavior\ContentReplaceBehavior [ RunTime:0.000076s ]
INFO: [ template_filter ] --END-- [ RunTime:0.000120s ]
INFO: Run Behavior\ParseTemplateBehavior [ RunTime:0.008585s ]
INFO: [ view_parse ] --END-- [ RunTime:0.008632s ]
INFO: [ view_filter ] --START--
INFO: Run Behavior\WriteHtmlCacheBehavior [ RunTime:0.000372s ]
INFO: [ view_filter ] --END-- [ RunTime:0.000399s ]
INFO: [ app_end ] --START--
INFO: Run Behavior\ShowPageTraceBehavior [ RunTime:0.000754s ]
INFO: [ app_end ] --END-- [ RunTime:0.000800s ]

[ 2018-02-24T16:15:04+08:00 ] ::1 /kuaidian/index.php/Admin/Food/add.html
INFO: [ app_init ] --START--
INFO: Run Behavior\BuildLiteBehavior [ RunTime:0.000011s ]
INFO: [ app_init ] --END-- [ RunTime:0.000055s ]
INFO: [ app_begin ] --START--
INFO: Run Behavior\ReadHtmlCacheBehavior [ RunTime:0.000606s ]
INFO: [ app_begin ] --END-- [ RunTime:0.000679s ]
SQL: SHOW COLUMNS FROM `city` [ RunTime:0.0056s ]
SQL: SELECT * FROM `city` ORDER BY paix desc  [ RunTime:0.0039s ]
SQL: SHOW COLUMNS FROM `food` [ RunTime:0.0061s ]
NOTIC: [8] Undefined index: fenliang D:\xampp\htdocs\kuaidian\Application\Admin\Controller\FoodController.class.php 第 62 行.
NOTIC: [2] Invalid argument supplied for foreach() D:\xampp\htdocs\kuaidian\Application\Admin\Controller\FoodController.class.php 第 62 行.
NOTIC: [2] finfo_file(): Empty filename or path D:\xampp\htdocs\kuaidian\ThinkPHP\Library\Think\Upload.class.php 第 152 行.
SQL: INSERT INTO `food` (`dep_shop`,`mingch`,`jiage`,`jiage_youhui`,`zhuangt`,`food_type`,`dwid`,`shicai`,`kougan`,`flid`,`kwid`) VALUES ('44','','','','1','35','4','','','','') [ RunTime:0.0005s ]
SQL: SHOW COLUMNS FROM `cpfljiage` [ RunTime:0.0060s ]
SQL: SELECT MAX(id) AS tp_Max FROM `food` LIMIT 1   [ RunTime:0.0010s ]
NOTIC: [8] Undefined index: fenliang D:\xampp\htdocs\kuaidian\Application\Admin\Controller\FoodController.class.php 第 102 行.
NOTIC: [2] Invalid argument supplied for foreach() D:\xampp\htdocs\kuaidian\Application\Admin\Controller\FoodController.class.php 第 102 行.
INFO: [ view_parse ] --START--
INFO: [ template_filter ] --START--
INFO: Run Behavior\ContentReplaceBehavior [ RunTime:0.000034s ]
INFO: [ template_filter ] --END-- [ RunTime:0.000082s ]
INFO: Run Behavior\ParseTemplateBehavior [ RunTime:0.007335s ]
INFO: [ view_parse ] --END-- [ RunTime:0.007383s ]
INFO: [ view_filter ] --START--
INFO: Run Behavior\WriteHtmlCacheBehavior [ RunTime:0.000691s ]
INFO: [ view_filter ] --END-- [ RunTime:0.000714s ]
INFO: [ app_end ] --START--
INFO: Run Behavior\ShowPageTraceBehavior [ RunTime:0.000674s ]
INFO: [ app_end ] --END-- [ RunTime:0.000698s ]

[ 2018-02-24T16:15:05+08:00 ] ::1 /kuaidian/index.php/Admin/Food/add/id/44.html
INFO: [ app_init ] --START--
INFO: Run Behavior\BuildLiteBehavior [ RunTime:0.000011s ]
INFO: [ app_init ] --END-- [ RunTime:0.000063s ]
INFO: [ app_begin ] --START--
INFO: Run Behavior\ReadHtmlCacheBehavior [ RunTime:0.000941s ]
INFO: [ app_begin ] --END-- [ RunTime:0.000986s ]
SQL: SHOW COLUMNS FROM `city` [ RunTime:0.0052s ]
SQL: SELECT * FROM `city` ORDER BY paix desc  [ RunTime:0.0046s ]
SQL: SHOW COLUMNS FROM `food_type` [ RunTime:0.0050s ]
SQL: SELECT * FROM `food_type` WHERE `dep_type` = 44  [ RunTime:0.0004s ]
SQL: SHOW COLUMNS FROM `cpkouwei` [ RunTime:0.0050s ]
SQL: SELECT * FROM `cpkouwei`  [ RunTime:0.0003s ]
SQL: SHOW COLUMNS FROM `cpdanwei` [ RunTime:0.0064s ]
SQL: SELECT * FROM `cpdanwei`  [ RunTime:0.0005s ]
INFO: [ view_parse ] --START--
INFO: [ template_filter ] --START--
INFO: Run Behavior\ContentReplaceBehavior [ RunTime:0.000073s ]
INFO: [ template_filter ] --END-- [ RunTime:0.000123s ]
INFO: Run Behavior\ParseTemplateBehavior [ RunTime:0.010408s ]
INFO: [ view_parse ] --END-- [ RunTime:0.010453s ]
INFO: [ view_filter ] --START--
INFO: Run Behavior\WriteHtmlCacheBehavior [ RunTime:0.000302s ]
INFO: [ view_filter ] --END-- [ RunTime:0.000322s ]
INFO: [ app_end ] --START--
INFO: Run Behavior\ShowPageTraceBehavior [ RunTime:0.000535s ]
INFO: [ app_end ] --END-- [ RunTime:0.000565s ]

[ 2018-02-24T16:15:57+08:00 ] ::1 /kuaidian/index.php/Admin/Food/index/menid/44/id/1.html
INFO: [ app_init ] --START--
INFO: Run Behavior\BuildLiteBehavior [ RunTime:0.000008s ]
INFO: [ app_init ] --END-- [ RunTime:0.000047s ]
INFO: [ app_begin ] --START--
INFO: Run Behavior\ReadHtmlCacheBehavior [ RunTime:0.000433s ]
INFO: [ app_begin ] --END-- [ RunTime:0.000481s ]
SQL: SHOW COLUMNS FROM `city` [ RunTime:0.0064s ]
SQL: SELECT * FROM `city` ORDER BY paix desc  [ RunTime:0.0041s ]
SQL: SHOW COLUMNS FROM `food` [ RunTime:0.0060s ]
SQL: SELECT * FROM `food` WHERE `dep_shop` = 44  [ RunTime:0.0005s ]
INFO: [ view_parse ] --START--
INFO: [ template_filter ] --START--
INFO: Run Behavior\ContentReplaceBehavior [ RunTime:0.000086s ]
INFO: [ template_filter ] --END-- [ RunTime:0.000123s ]
NOTIC: [8] Use of undefined constant Index - assumed 'Index' D:\xampp\htdocs\kuaidian\Application\Runtime\Cache\Admin\366640149ae8cbe094b01f770667186d.php 第 83 行.
NOTIC: [8] Use of undefined constant Shop - assumed 'Shop' D:\xampp\htdocs\kuaidian\Application\Runtime\Cache\Admin\366640149ae8cbe094b01f770667186d.php 第 91 行.
NOTIC: [8] Use of undefined constant Shoptype - assumed 'Shoptype' D:\xampp\htdocs\kuaidian\Application\Runtime\Cache\Admin\366640149ae8cbe094b01f770667186d.php 第 91 行.
NOTIC: [8] Use of undefined constant Danwei - assumed 'Danwei' D:\xampp\htdocs\kuaidian\Application\Runtime\Cache\Admin\366640149ae8cbe094b01f770667186d.php 第 91 行.
NOTIC: [8] Use of undefined constant Seat - assumed 'Seat' D:\xampp\htdocs\kuaidian\Application\Runtime\Cache\Admin\366640149ae8cbe094b01f770667186d.php 第 91 行.
NOTIC: [8] Use of undefined constant Sale - assumed 'Sale' D:\xampp\htdocs\kuaidian\Application\Runtime\Cache\Admin\366640149ae8cbe094b01f770667186d.php 第 91 行.
NOTIC: [8] Use of undefined constant Food - assumed 'Food' D:\xampp\htdocs\kuaidian\Application\Runtime\Cache\Admin\366640149ae8cbe094b01f770667186d.php 第 91 行.
NOTIC: [2] array_pop() expects parameter 1 to be array, null given D:\xampp\htdocs\kuaidian\Application\Runtime\Cache\Admin\366640149ae8cbe094b01f770667186d.php 第 173 行.
NOTIC: [2] Invalid argument supplied for foreach() D:\xampp\htdocs\kuaidian\Application\Runtime\Cache\Admin\366640149ae8cbe094b01f770667186d.php 第 173 行.
NOTIC: [8] Undefined variable: active D:\xampp\htdocs\kuaidian\Application\Runtime\Cache\Admin\366640149ae8cbe094b01f770667186d.php 第 176 行.
NOTIC: [8] Undefined variable: info D:\xampp\htdocs\kuaidian\Application\Runtime\Cache\Admin\366640149ae8cbe094b01f770667186d.php 第 257 行.
SQL: SHOW COLUMNS FROM `food_type` [ RunTime:0.0052s ]
SQL: SELECT `mingch` FROM `food_type` WHERE `id` = 31  [ RunTime:0.0007s ]
SQL: SHOW COLUMNS FROM `cpdanwei` [ RunTime:0.0048s ]
SQL: SELECT `mingch` FROM `cpdanwei` WHERE `id` = 9  [ RunTime:0.0003s ]
SQL: SHOW COLUMNS FROM `cpfenliang` [ RunTime:0.0065s ]
SQL: SHOW COLUMNS FROM `shop` [ RunTime:0.0059s ]
SQL: SELECT `mingch` FROM `shop` WHERE `id` = 44  [ RunTime:0.0006s ]
SQL: SELECT `mingch` FROM `food_type` WHERE `id` = 30  [ RunTime:0.0002s ]
SQL: SELECT `mingch` FROM `cpdanwei` WHERE `id` = 9  [ RunTime:0.0001s ]
SQL: SELECT `mingch` FROM `shop` WHERE `id` = 44  [ RunTime:0.0002s ]
SQL: SELECT `mingch` FROM `food_type` WHERE `id` = 35  [ RunTime:0.0001s ]
SQL: SELECT `mingch` FROM `cpdanwei` WHERE `id` = 11  [ RunTime:0.0001s ]
SQL: SELECT `mingch` FROM `shop` WHERE `id` = 44  [ RunTime:0.0001s ]
SQL: SELECT `mingch` FROM `food_type` WHERE `id` = 35  [ RunTime:0.0001s ]
SQL: SELECT `mingch` FROM `cpdanwei` WHERE `id` = 4  [ RunTime:0.0001s ]
SQL: SELECT `mingch` FROM `shop` WHERE `id` = 44  [ RunTime:0.0001s ]
SQL: SELECT `mingch` FROM `food_type` WHERE `id` = 35  [ RunTime:0.0001s ]
SQL: SELECT `mingch` FROM `cpdanwei` WHERE `id` = 4  [ RunTime:0.0001s ]
SQL: SELECT `mingch` FROM `shop` WHERE `id` = 44  [ RunTime:0.0001s ]
SQL: SELECT `mingch` FROM `food_type` WHERE `id` = 35  [ RunTime:0.0001s ]
SQL: SELECT `mingch` FROM `cpdanwei` WHERE `id` = 4  [ RunTime:0.0001s ]
SQL: SELECT `mingch` FROM `shop` WHERE `id` = 44  [ RunTime:0.0001s ]
SQL: SELECT `mingch` FROM `food_type` WHERE `id` = 35  [ RunTime:0.0001s ]
SQL: SELECT `mingch` FROM `cpdanwei` WHERE `id` = 4  [ RunTime:0.0001s ]
SQL: SELECT `mingch` FROM `shop` WHERE `id` = 44  [ RunTime:0.0001s ]
INFO: Run Behavior\ParseTemplateBehavior [ RunTime:0.040234s ]
INFO: [ view_parse ] --END-- [ RunTime:0.040259s ]
INFO: [ view_filter ] --START--
INFO: Run Behavior\WriteHtmlCacheBehavior [ RunTime:0.000539s ]
INFO: [ view_filter ] --END-- [ RunTime:0.000569s ]
INFO: [ app_end ] --START--
INFO: Run Behavior\ShowPageTraceBehavior [ RunTime:0.000610s ]
INFO: [ app_end ] --END-- [ RunTime:0.000828s ]

[ 2018-02-24T16:16:00+08:00 ] ::1 /kuaidian/index.php/Admin/Food/delete.html
INFO: [ app_init ] --START--
INFO: Run Behavior\BuildLiteBehavior [ RunTime:0.000006s ]
INFO: [ app_init ] --END-- [ RunTime:0.000044s ]
INFO: [ app_begin ] --START--
INFO: Run Behavior\ReadHtmlCacheBehavior [ RunTime:0.000463s ]
INFO: [ app_begin ] --END-- [ RunTime:0.000486s ]
SQL: SHOW COLUMNS FROM `city` [ RunTime:0.0048s ]
SQL: SELECT * FROM `city` ORDER BY paix desc  [ RunTime:0.0039s ]
SQL: SHOW COLUMNS FROM `food` [ RunTime:0.0058s ]
SQL: DELETE FROM `food` WHERE `id` = 117 [ RunTime:0.0005s ]

[ 2018-02-24T16:16:02+08:00 ] ::1 /kuaidian/index.php/Admin/Food/index/menid/44/id/1.html
INFO: [ app_init ] --START--
INFO: Run Behavior\BuildLiteBehavior [ RunTime:0.000009s ]
INFO: [ app_init ] --END-- [ RunTime:0.000049s ]
INFO: [ app_begin ] --START--
INFO: Run Behavior\ReadHtmlCacheBehavior [ RunTime:0.000509s ]
INFO: [ app_begin ] --END-- [ RunTime:0.000551s ]
SQL: SHOW COLUMNS FROM `city` [ RunTime:0.0048s ]
SQL: SELECT * FROM `city` ORDER BY paix desc  [ RunTime:0.0041s ]
SQL: SHOW COLUMNS FROM `food` [ RunTime:0.0058s ]
SQL: SELECT * FROM `food` WHERE `dep_shop` = 44  [ RunTime:0.0004s ]
INFO: [ view_parse ] --START--
INFO: [ template_filter ] --START--
INFO: Run Behavior\ContentReplaceBehavior [ RunTime:0.000081s ]
INFO: [ template_filter ] --END-- [ RunTime:0.000116s ]
NOTIC: [8] Use of undefined constant Index - assumed 'Index' D:\xampp\htdocs\kuaidian\Application\Runtime\Cache\Admin\366640149ae8cbe094b01f770667186d.php 第 83 行.
NOTIC: [8] Use of undefined constant Shop - assumed 'Shop' D:\xampp\htdocs\kuaidian\Application\Runtime\Cache\Admin\366640149ae8cbe094b01f770667186d.php 第 91 行.
NOTIC: [8] Use of undefined constant Shoptype - assumed 'Shoptype' D:\xampp\htdocs\kuaidian\Application\Runtime\Cache\Admin\366640149ae8cbe094b01f770667186d.php 第 91 行.
NOTIC: [8] Use of undefined constant Danwei - assumed 'Danwei' D:\xampp\htdocs\kuaidian\Application\Runtime\Cache\Admin\366640149ae8cbe094b01f770667186d.php 第 91 行.
NOTIC: [8] Use of undefined constant Seat - assumed 'Seat' D:\xampp\htdocs\kuaidian\Application\Runtime\Cache\Admin\366640149ae8cbe094b01f770667186d.php 第 91 行.
NOTIC: [8] Use of undefined constant Sale - assumed 'Sale' D:\xampp\htdocs\kuaidian\Application\Runtime\Cache\Admin\366640149ae8cbe094b01f770667186d.php 第 91 行.
NOTIC: [8] Use of undefined constant Food - assumed 'Food' D:\xampp\htdocs\kuaidian\Application\Runtime\Cache\Admin\366640149ae8cbe094b01f770667186d.php 第 91 行.
NOTIC: [2] array_pop() expects parameter 1 to be array, null given D:\xampp\htdocs\kuaidian\Application\Runtime\Cache\Admin\366640149ae8cbe094b01f770667186d.php 第 173 行.
NOTIC: [2] Invalid argument supplied for foreach() D:\xampp\htdocs\kuaidian\Application\Runtime\Cache\Admin\366640149ae8cbe094b01f770667186d.php 第 173 行.
NOTIC: [8] Undefined variable: active D:\xampp\htdocs\kuaidian\Application\Runtime\Cache\Admin\366640149ae8cbe094b01f770667186d.php 第 176 行.
NOTIC: [8] Undefined variable: info D:\xampp\htdocs\kuaidian\Application\Runtime\Cache\Admin\366640149ae8cbe094b01f770667186d.php 第 257 行.
SQL: SHOW COLUMNS FROM `food_type` [ RunTime:0.0055s ]
SQL: SELECT `mingch` FROM `food_type` WHERE `id` = 31  [ RunTime:0.0003s ]
SQL: SHOW COLUMNS FROM `cpdanwei` [ RunTime:0.0044s ]
SQL: SELECT `mingch` FROM `cpdanwei` WHERE `id` = 9  [ RunTime:0.0006s ]
SQL: SHOW COLUMNS FROM `cpfenliang` [ RunTime:0.0048s ]
SQL: SHOW COLUMNS FROM `shop` [ RunTime:0.0069s ]
SQL: SELECT `mingch` FROM `shop` WHERE `id` = 44  [ RunTime:0.0007s ]
SQL: SELECT `mingch` FROM `food_type` WHERE `id` = 30  [ RunTime:0.0002s ]
SQL: SELECT `mingch` FROM `cpdanwei` WHERE `id` = 9  [ RunTime:0.0001s ]
SQL: SELECT `mingch` FROM `shop` WHERE `id` = 44  [ RunTime:0.0004s ]
SQL: SELECT `mingch` FROM `food_type` WHERE `id` = 35  [ RunTime:0.0003s ]
SQL: SELECT `mingch` FROM `cpdanwei` WHERE `id` = 11  [ RunTime:0.0001s ]
SQL: SELECT `mingch` FROM `shop` WHERE `id` = 44  [ RunTime:0.0002s ]
SQL: SELECT `mingch` FROM `food_type` WHERE `id` = 35  [ RunTime:0.0001s ]
SQL: SELECT `mingch` FROM `cpdanwei` WHERE `id` = 4  [ RunTime:0.0001s ]
SQL: SELECT `mingch` FROM `shop` WHERE `id` = 44  [ RunTime:0.0001s ]
SQL: SELECT `mingch` FROM `food_type` WHERE `id` = 35  [ RunTime:0.0001s ]
SQL: SELECT `mingch` FROM `cpdanwei` WHERE `id` = 4  [ RunTime:0.0001s ]
SQL: SELECT `mingch` FROM `shop` WHERE `id` = 44  [ RunTime:0.0001s ]
SQL: SELECT `mingch` FROM `food_type` WHERE `id` = 35  [ RunTime:0.0001s ]
SQL: SELECT `mingch` FROM `cpdanwei` WHERE `id` = 4  [ RunTime:0.0001s ]
SQL: SELECT `mingch` FROM `shop` WHERE `id` = 44  [ RunTime:0.0001s ]
INFO: Run Behavior\ParseTemplateBehavior [ RunTime:0.038020s ]
INFO: [ view_parse ] --END-- [ RunTime:0.038046s ]
INFO: [ view_filter ] --START--
INFO: Run Behavior\WriteHtmlCacheBehavior [ RunTime:0.000528s ]
INFO: [ view_filter ] --END-- [ RunTime:0.000555s ]
INFO: [ app_end ] --START--
INFO: Run Behavior\ShowPageTraceBehavior [ RunTime:0.000913s ]
INFO: [ app_end ] --END-- [ RunTime:0.000991s ]

[ 2018-02-24T16:16:04+08:00 ] ::1 /kuaidian/index.php/Admin/Food/add/id/44.html
INFO: [ app_init ] --START--
INFO: Run Behavior\BuildLiteBehavior [ RunTime:0.000012s ]
INFO: [ app_init ] --END-- [ RunTime:0.000058s ]
INFO: [ app_begin ] --START--
INFO: Run Behavior\ReadHtmlCacheBehavior [ RunTime:0.000611s ]
INFO: [ app_begin ] --END-- [ RunTime:0.000665s ]
SQL: SHOW COLUMNS FROM `city` [ RunTime:0.0049s ]
SQL: SELECT * FROM `city` ORDER BY paix desc  [ RunTime:0.0054s ]
SQL: SHOW COLUMNS FROM `food_type` [ RunTime:0.0054s ]
SQL: SELECT * FROM `food_type` WHERE `dep_type` = 44  [ RunTime:0.0003s ]
SQL: SHOW COLUMNS FROM `cpkouwei` [ RunTime:0.0062s ]
SQL: SELECT * FROM `cpkouwei`  [ RunTime:0.0006s ]
SQL: SHOW COLUMNS FROM `cpdanwei` [ RunTime:0.0057s ]
SQL: SELECT * FROM `cpdanwei`  [ RunTime:0.0004s ]
INFO: [ view_parse ] --START--
INFO: [ template_filter ] --START--
INFO: Run Behavior\ContentReplaceBehavior [ RunTime:0.000066s ]
INFO: [ template_filter ] --END-- [ RunTime:0.000104s ]
INFO: Run Behavior\ParseTemplateBehavior [ RunTime:0.007783s ]
INFO: [ view_parse ] --END-- [ RunTime:0.007822s ]
INFO: [ view_filter ] --START--
INFO: Run Behavior\WriteHtmlCacheBehavior [ RunTime:0.000334s ]
INFO: [ view_filter ] --END-- [ RunTime:0.000355s ]
INFO: [ app_end ] --START--
INFO: Run Behavior\ShowPageTraceBehavior [ RunTime:0.000550s ]
INFO: [ app_end ] --END-- [ RunTime:0.000603s ]

[ 2018-02-24T16:16:12+08:00 ] ::1 /kuaidian/index.php/Admin/Food/add.html
INFO: [ app_init ] --START--
INFO: Run Behavior\BuildLiteBehavior [ RunTime:0.000012s ]
INFO: [ app_init ] --END-- [ RunTime:0.000053s ]
INFO: [ app_begin ] --START--
INFO: Run Behavior\ReadHtmlCacheBehavior [ RunTime:0.000780s ]
INFO: [ app_begin ] --END-- [ RunTime:0.000843s ]
SQL: SHOW COLUMNS FROM `city` [ RunTime:0.0053s ]
SQL: SELECT * FROM `city` ORDER BY paix desc  [ RunTime:0.0041s ]
SQL: SHOW COLUMNS FROM `food` [ RunTime:0.0060s ]
NOTIC: [8] Undefined index: fenliang D:\xampp\htdocs\kuaidian\Application\Admin\Controller\FoodController.class.php 第 62 行.
NOTIC: [2] Invalid argument supplied for foreach() D:\xampp\htdocs\kuaidian\Application\Admin\Controller\FoodController.class.php 第 62 行.
NOTIC: [2] finfo_file(): Empty filename or path D:\xampp\htdocs\kuaidian\ThinkPHP\Library\Think\Upload.class.php 第 152 行.
SQL: INSERT INTO `food` (`dep_shop`,`mingch`,`jiage`,`jiage_youhui`,`zhuangt`,`food_type`,`dwid`,`shicai`,`kougan`,`flid`,`kwid`) VALUES ('44','','5','','1','35','4','','','','') [ RunTime:0.0005s ]
SQL: SHOW COLUMNS FROM `cpfljiage` [ RunTime:0.0049s ]
SQL: SELECT MAX(id) AS tp_Max FROM `food` LIMIT 1   [ RunTime:0.0003s ]
NOTIC: [8] Undefined index: fenliang D:\xampp\htdocs\kuaidian\Application\Admin\Controller\FoodController.class.php 第 102 行.
NOTIC: [2] Invalid argument supplied for foreach() D:\xampp\htdocs\kuaidian\Application\Admin\Controller\FoodController.class.php 第 102 行.
INFO: [ view_parse ] --START--
INFO: [ template_filter ] --START--
INFO: Run Behavior\ContentReplaceBehavior [ RunTime:0.000026s ]
INFO: [ template_filter ] --END-- [ RunTime:0.000060s ]
INFO: Run Behavior\ParseTemplateBehavior [ RunTime:0.007490s ]
INFO: [ view_parse ] --END-- [ RunTime:0.007535s ]
INFO: [ view_filter ] --START--
INFO: Run Behavior\WriteHtmlCacheBehavior [ RunTime:0.000694s ]
INFO: [ view_filter ] --END-- [ RunTime:0.000716s ]
INFO: [ app_end ] --START--
INFO: Run Behavior\ShowPageTraceBehavior [ RunTime:0.000686s ]
INFO: [ app_end ] --END-- [ RunTime:0.000707s ]

[ 2018-02-24T16:16:13+08:00 ] ::1 /kuaidian/index.php/Admin/Food/add/id/44.html
INFO: [ app_init ] --START--
INFO: Run Behavior\BuildLiteBehavior [ RunTime:0.000011s ]
INFO: [ app_init ] --END-- [ RunTime:0.000058s ]
INFO: [ app_begin ] --START--
INFO: Run Behavior\ReadHtmlCacheBehavior [ RunTime:0.000910s ]
INFO: [ app_begin ] --END-- [ RunTime:0.000959s ]
SQL: SHOW COLUMNS FROM `city` [ RunTime:0.0048s ]
SQL: SELECT * FROM `city` ORDER BY paix desc  [ RunTime:0.0066s ]
SQL: SHOW COLUMNS FROM `food_type` [ RunTime:0.0061s ]
SQL: SELECT * FROM `food_type` WHERE `dep_type` = 44  [ RunTime:0.0004s ]
SQL: SHOW COLUMNS FROM `cpkouwei` [ RunTime:0.0047s ]
SQL: SELECT * FROM `cpkouwei`  [ RunTime:0.0003s ]
SQL: SHOW COLUMNS FROM `cpdanwei` [ RunTime:0.0052s ]
SQL: SELECT * FROM `cpdanwei`  [ RunTime:0.0003s ]
INFO: [ view_parse ] --START--
INFO: [ template_filter ] --START--
INFO: Run Behavior\ContentReplaceBehavior [ RunTime:0.000070s ]
INFO: [ template_filter ] --END-- [ RunTime:0.000109s ]
INFO: Run Behavior\ParseTemplateBehavior [ RunTime:0.008416s ]
INFO: [ view_parse ] --END-- [ RunTime:0.008473s ]
INFO: [ view_filter ] --START--
INFO: Run Behavior\WriteHtmlCacheBehavior [ RunTime:0.000991s ]
INFO: [ view_filter ] --END-- [ RunTime:0.001049s ]
INFO: [ app_end ] --START--
INFO: Run Behavior\ShowPageTraceBehavior [ RunTime:0.000852s ]
INFO: [ app_end ] --END-- [ RunTime:0.000901s ]

[ 2018-02-24T16:16:14+08:00 ] ::1 /kuaidian/index.php/Admin/Food/index/menid/44/id/1.html
INFO: [ app_init ] --START--
INFO: Run Behavior\BuildLiteBehavior [ RunTime:0.000010s ]
INFO: [ app_init ] --END-- [ RunTime:0.000052s ]
INFO: [ app_begin ] --START--
INFO: Run Behavior\ReadHtmlCacheBehavior [ RunTime:0.000480s ]
INFO: [ app_begin ] --END-- [ RunTime:0.000511s ]
SQL: SHOW COLUMNS FROM `city` [ RunTime:0.0061s ]
SQL: SELECT * FROM `city` ORDER BY paix desc  [ RunTime:0.0040s ]
SQL: SHOW COLUMNS FROM `food` [ RunTime:0.0065s ]
SQL: SELECT * FROM `food` WHERE `dep_shop` = 44  [ RunTime:0.0005s ]
INFO: [ view_parse ] --START--
INFO: [ template_filter ] --START--
INFO: Run Behavior\ContentReplaceBehavior [ RunTime:0.000105s ]
INFO: [ template_filter ] --END-- [ RunTime:0.000142s ]
NOTIC: [8] Use of undefined constant Index - assumed 'Index' D:\xampp\htdocs\kuaidian\Application\Runtime\Cache\Admin\366640149ae8cbe094b01f770667186d.php 第 83 行.
NOTIC: [8] Use of undefined constant Shop - assumed 'Shop' D:\xampp\htdocs\kuaidian\Application\Runtime\Cache\Admin\366640149ae8cbe094b01f770667186d.php 第 91 行.
NOTIC: [8] Use of undefined constant Shoptype - assumed 'Shoptype' D:\xampp\htdocs\kuaidian\Application\Runtime\Cache\Admin\366640149ae8cbe094b01f770667186d.php 第 91 行.
NOTIC: [8] Use of undefined constant Danwei - assumed 'Danwei' D:\xampp\htdocs\kuaidian\Application\Runtime\Cache\Admin\366640149ae8cbe094b01f770667186d.php 第 91 行.
NOTIC: [8] Use of undefined constant Seat - assumed 'Seat' D:\xampp\htdocs\kuaidian\Application\Runtime\Cache\Admin\366640149ae8cbe094b01f770667186d.php 第 91 行.
NOTIC: [8] Use of undefined constant Sale - assumed 'Sale' D:\xampp\htdocs\kuaidian\Application\Runtime\Cache\Admin\366640149ae8cbe094b01f770667186d.php 第 91 行.
NOTIC: [8] Use of undefined constant Food - assumed 'Food' D:\xampp\htdocs\kuaidian\Application\Runtime\Cache\Admin\366640149ae8cbe094b01f770667186d.php 第 91 行.
NOTIC: [2] array_pop() expects parameter 1 to be array, null given D:\xampp\htdocs\kuaidian\Application\Runtime\Cache\Admin\366640149ae8cbe094b01f770667186d.php 第 173 行.
NOTIC: [2] Invalid argument supplied for foreach() D:\xampp\htdocs\kuaidian\Application\Runtime\Cache\Admin\366640149ae8cbe094b01f770667186d.php 第 173 行.
NOTIC: [8] Undefined variable: active D:\xampp\htdocs\kuaidian\Application\Runtime\Cache\Admin\366640149ae8cbe094b01f770667186d.php 第 176 行.
NOTIC: [8] Undefined variable: info D:\xampp\htdocs\kuaidian\Application\Runtime\Cache\Admin\366640149ae8cbe094b01f770667186d.php 第 257 行.
SQL: SHOW COLUMNS FROM `food_type` [ RunTime:0.0058s ]
SQL: SELECT `mingch` FROM `food_type` WHERE `id` = 31  [ RunTime:0.0003s ]
SQL: SHOW COLUMNS FROM `cpdanwei` [ RunTime:0.0049s ]
SQL: SELECT `mingch` FROM `cpdanwei` WHERE `id` = 9  [ RunTime:0.0003s ]
SQL: SHOW COLUMNS FROM `cpfenliang` [ RunTime:0.0052s ]
SQL: SHOW COLUMNS FROM `shop` [ RunTime:0.0064s ]
SQL: SELECT `mingch` FROM `shop` WHERE `id` = 44  [ RunTime:0.0005s ]
SQL: SELECT `mingch` FROM `food_type` WHERE `id` = 30  [ RunTime:0.0003s ]
SQL: SELECT `mingch` FROM `cpdanwei` WHERE `id` = 9  [ RunTime:0.0003s ]
SQL: SELECT `mingch` FROM `shop` WHERE `id` = 44  [ RunTime:0.0003s ]
SQL: SELECT `mingch` FROM `food_type` WHERE `id` = 35  [ RunTime:0.0001s ]
SQL: SELECT `mingch` FROM `cpdanwei` WHERE `id` = 11  [ RunTime:0.0001s ]
SQL: SELECT `mingch` FROM `shop` WHERE `id` = 44  [ RunTime:0.0001s ]
SQL: SELECT `mingch` FROM `food_type` WHERE `id` = 35  [ RunTime:0.0001s ]
SQL: SELECT `mingch` FROM `cpdanwei` WHERE `id` = 4  [ RunTime:0.0001s ]
SQL: SELECT `mingch` FROM `shop` WHERE `id` = 44  [ RunTime:0.0003s ]
SQL: SELECT `mingch` FROM `food_type` WHERE `id` = 35  [ RunTime:0.0003s ]
SQL: SELECT `mingch` FROM `cpdanwei` WHERE `id` = 4  [ RunTime:0.0003s ]
SQL: SELECT `mingch` FROM `shop` WHERE `id` = 44  [ RunTime:0.0002s ]
SQL: SELECT `mingch` FROM `food_type` WHERE `id` = 35  [ RunTime:0.0002s ]
SQL: SELECT `mingch` FROM `cpdanwei` WHERE `id` = 4  [ RunTime:0.0001s ]
SQL: SELECT `mingch` FROM `shop` WHERE `id` = 44  [ RunTime:0.0001s ]
SQL: SELECT `mingch` FROM `food_type` WHERE `id` = 35  [ RunTime:0.0001s ]
SQL: SELECT `mingch` FROM `cpdanwei` WHERE `id` = 4  [ RunTime:0.0001s ]
SQL: SELECT `mingch` FROM `shop` WHERE `id` = 44  [ RunTime:0.0001s ]
INFO: Run Behavior\ParseTemplateBehavior [ RunTime:0.040023s ]
INFO: [ view_parse ] --END-- [ RunTime:0.040047s ]
INFO: [ view_filter ] --START--
INFO: Run Behavior\WriteHtmlCacheBehavior [ RunTime:0.000508s ]
INFO: [ view_filter ] --END-- [ RunTime:0.000531s ]
INFO: [ app_end ] --START--
INFO: Run Behavior\ShowPageTraceBehavior [ RunTime:0.000554s ]
INFO: [ app_end ] --END-- [ RunTime:0.000580s ]

[ 2018-02-24T16:16:23+08:00 ] ::1 /kuaidian/index.php/Admin/Food/add/id/44.html
INFO: [ app_init ] --START--
INFO: Run Behavior\BuildLiteBehavior [ RunTime:0.000013s ]
INFO: [ app_init ] --END-- [ RunTime:0.000060s ]
INFO: [ app_begin ] --START--
INFO: Run Behavior\ReadHtmlCacheBehavior [ RunTime:0.000724s ]
INFO: [ app_begin ] --END-- [ RunTime:0.000784s ]
SQL: SHOW COLUMNS FROM `city` [ RunTime:0.0069s ]
SQL: SELECT * FROM `city` ORDER BY paix desc  [ RunTime:0.0039s ]
SQL: SHOW COLUMNS FROM `food_type` [ RunTime:0.0053s ]
SQL: SELECT * FROM `food_type` WHERE `dep_type` = 44  [ RunTime:0.0006s ]
SQL: SHOW COLUMNS FROM `cpkouwei` [ RunTime:0.0048s ]
SQL: SELECT * FROM `cpkouwei`  [ RunTime:0.0003s ]
SQL: SHOW COLUMNS FROM `cpdanwei` [ RunTime:0.0053s ]
SQL: SELECT * FROM `cpdanwei`  [ RunTime:0.0003s ]
INFO: [ view_parse ] --START--
INFO: [ template_filter ] --START--
INFO: Run Behavior\ContentReplaceBehavior [ RunTime:0.000072s ]
INFO: [ template_filter ] --END-- [ RunTime:0.000114s ]
INFO: Run Behavior\ParseTemplateBehavior [ RunTime:0.008401s ]
INFO: [ view_parse ] --END-- [ RunTime:0.008441s ]
INFO: [ view_filter ] --START--
INFO: Run Behavior\WriteHtmlCacheBehavior [ RunTime:0.000300s ]
INFO: [ view_filter ] --END-- [ RunTime:0.000320s ]
INFO: [ app_end ] --START--
INFO: Run Behavior\ShowPageTraceBehavior [ RunTime:0.000541s ]
INFO: [ app_end ] --END-- [ RunTime:0.000565s ]

[ 2018-02-24T16:16:27+08:00 ] ::1 /kuaidian/index.php/Admin/Food/add.html
INFO: [ app_init ] --START--
INFO: Run Behavior\BuildLiteBehavior [ RunTime:0.000008s ]
INFO: [ app_init ] --END-- [ RunTime:0.000046s ]
INFO: [ app_begin ] --START--
INFO: Run Behavior\ReadHtmlCacheBehavior [ RunTime:0.000514s ]
INFO: [ app_begin ] --END-- [ RunTime:0.000554s ]
SQL: SHOW COLUMNS FROM `city` [ RunTime:0.0057s ]
SQL: SELECT * FROM `city` ORDER BY paix desc  [ RunTime:0.0039s ]
SQL: SHOW COLUMNS FROM `food` [ RunTime:0.0070s ]
NOTIC: [8] Undefined index: fenliang D:\xampp\htdocs\kuaidian\Application\Admin\Controller\FoodController.class.php 第 62 行.
NOTIC: [2] Invalid argument supplied for foreach() D:\xampp\htdocs\kuaidian\Application\Admin\Controller\FoodController.class.php 第 62 行.
NOTIC: [2] finfo_file(): Empty filename or path D:\xampp\htdocs\kuaidian\ThinkPHP\Library\Think\Upload.class.php 第 152 行.
SQL: INSERT INTO `food` (`dep_shop`,`mingch`,`jiage`,`jiage_youhui`,`zhuangt`,`food_type`,`dwid`,`shicai`,`kougan`,`flid`,`kwid`) VALUES ('44','','','5','1','35','4','','','','') [ RunTime:0.0006s ]
SQL: SHOW COLUMNS FROM `cpfljiage` [ RunTime:0.0048s ]
SQL: SELECT MAX(id) AS tp_Max FROM `food` LIMIT 1   [ RunTime:0.0003s ]
NOTIC: [8] Undefined index: fenliang D:\xampp\htdocs\kuaidian\Application\Admin\Controller\FoodController.class.php 第 102 行.
NOTIC: [2] Invalid argument supplied for foreach() D:\xampp\htdocs\kuaidian\Application\Admin\Controller\FoodController.class.php 第 102 行.
INFO: [ view_parse ] --START--
INFO: [ template_filter ] --START--
INFO: Run Behavior\ContentReplaceBehavior [ RunTime:0.000053s ]
INFO: [ template_filter ] --END-- [ RunTime:0.000098s ]
INFO: Run Behavior\ParseTemplateBehavior [ RunTime:0.005738s ]
INFO: [ view_parse ] --END-- [ RunTime:0.005785s ]
INFO: [ view_filter ] --START--
INFO: Run Behavior\WriteHtmlCacheBehavior [ RunTime:0.000424s ]
INFO: [ view_filter ] --END-- [ RunTime:0.000454s ]
INFO: [ app_end ] --START--
INFO: Run Behavior\ShowPageTraceBehavior [ RunTime:0.000599s ]
INFO: [ app_end ] --END-- [ RunTime:0.000627s ]

[ 2018-02-24T16:16:28+08:00 ] ::1 /kuaidian/index.php/Admin/Food/add/id/44.html
INFO: [ app_init ] --START--
INFO: Run Behavior\BuildLiteBehavior [ RunTime:0.000012s ]
INFO: [ app_init ] --END-- [ RunTime:0.000058s ]
INFO: [ app_begin ] --START--
INFO: Run Behavior\ReadHtmlCacheBehavior [ RunTime:0.000526s ]
INFO: [ app_begin ] --END-- [ RunTime:0.000561s ]
SQL: SHOW COLUMNS FROM `city` [ RunTime:0.0053s ]
SQL: SELECT * FROM `city` ORDER BY paix desc  [ RunTime:0.0039s ]
SQL: SHOW COLUMNS FROM `food_type` [ RunTime:0.0052s ]
SQL: SELECT * FROM `food_type` WHERE `dep_type` = 44  [ RunTime:0.0003s ]
SQL: SHOW COLUMNS FROM `cpkouwei` [ RunTime:0.0047s ]
SQL: SELECT * FROM `cpkouwei`  [ RunTime:0.0003s ]
SQL: SHOW COLUMNS FROM `cpdanwei` [ RunTime:0.0045s ]
SQL: SELECT * FROM `cpdanwei`  [ RunTime:0.0003s ]
INFO: [ view_parse ] --START--
INFO: [ template_filter ] --START--
INFO: Run Behavior\ContentReplaceBehavior [ RunTime:0.000065s ]
INFO: [ template_filter ] --END-- [ RunTime:0.000100s ]
INFO: Run Behavior\ParseTemplateBehavior [ RunTime:0.008627s ]
INFO: [ view_parse ] --END-- [ RunTime:0.008674s ]
INFO: [ view_filter ] --START--
INFO: Run Behavior\WriteHtmlCacheBehavior [ RunTime:0.000435s ]
INFO: [ view_filter ] --END-- [ RunTime:0.000461s ]
INFO: [ app_end ] --START--
INFO: Run Behavior\ShowPageTraceBehavior [ RunTime:0.000712s ]
INFO: [ app_end ] --END-- [ RunTime:0.000753s ]

[ 2018-02-24T16:16:53+08:00 ] ::1 /kuaidian/index.php/Admin/Food/index/menid/44/id/1.html
INFO: [ app_init ] --START--
INFO: Run Behavior\BuildLiteBehavior [ RunTime:0.000009s ]
INFO: [ app_init ] --END-- [ RunTime:0.000049s ]
INFO: [ app_begin ] --START--
INFO: Run Behavior\ReadHtmlCacheBehavior [ RunTime:0.000422s ]
INFO: [ app_begin ] --END-- [ RunTime:0.000452s ]
SQL: SHOW COLUMNS FROM `city` [ RunTime:0.0050s ]
SQL: SELECT * FROM `city` ORDER BY paix desc  [ RunTime:0.0041s ]
SQL: SHOW COLUMNS FROM `food` [ RunTime:0.0066s ]
SQL: SELECT * FROM `food` WHERE `dep_shop` = 44  [ RunTime:0.0005s ]
INFO: [ view_parse ] --START--
INFO: [ template_filter ] --START--
INFO: Run Behavior\ContentReplaceBehavior [ RunTime:0.000085s ]
INFO: [ template_filter ] --END-- [ RunTime:0.000120s ]
NOTIC: [8] Use of undefined constant Index - assumed 'Index' D:\xampp\htdocs\kuaidian\Application\Runtime\Cache\Admin\366640149ae8cbe094b01f770667186d.php 第 83 行.
NOTIC: [8] Use of undefined constant Shop - assumed 'Shop' D:\xampp\htdocs\kuaidian\Application\Runtime\Cache\Admin\366640149ae8cbe094b01f770667186d.php 第 91 行.
NOTIC: [8] Use of undefined constant Shoptype - assumed 'Shoptype' D:\xampp\htdocs\kuaidian\Application\Runtime\Cache\Admin\366640149ae8cbe094b01f770667186d.php 第 91 行.
NOTIC: [8] Use of undefined constant Danwei - assumed 'Danwei' D:\xampp\htdocs\kuaidian\Application\Runtime\Cache\Admin\366640149ae8cbe094b01f770667186d.php 第 91 行.
NOTIC: [8] Use of undefined constant Seat - assumed 'Seat' D:\xampp\htdocs\kuaidian\Application\Runtime\Cache\Admin\366640149ae8cbe094b01f770667186d.php 第 91 行.
NOTIC: [8] Use of undefined constant Sale - assumed 'Sale' D:\xampp\htdocs\kuaidian\Application\Runtime\Cache\Admin\366640149ae8cbe094b01f770667186d.php 第 91 行.
NOTIC: [8] Use of undefined constant Food - assumed 'Food' D:\xampp\htdocs\kuaidian\Application\Runtime\Cache\Admin\366640149ae8cbe094b01f770667186d.php 第 91 行.
NOTIC: [2] array_pop() expects parameter 1 to be array, null given D:\xampp\htdocs\kuaidian\Application\Runtime\Cache\Admin\366640149ae8cbe094b01f770667186d.php 第 173 行.
NOTIC: [2] Invalid argument supplied for foreach() D:\xampp\htdocs\kuaidian\Application\Runtime\Cache\Admin\366640149ae8cbe094b01f770667186d.php 第 173 行.
NOTIC: [8] Undefined variable: active D:\xampp\htdocs\kuaidian\Application\Runtime\Cache\Admin\366640149ae8cbe094b01f770667186d.php 第 176 行.
NOTIC: [8] Undefined variable: info D:\xampp\htdocs\kuaidian\Application\Runtime\Cache\Admin\366640149ae8cbe094b01f770667186d.php 第 257 行.
SQL: SHOW COLUMNS FROM `food_type` [ RunTime:0.0061s ]
SQL: SELECT `mingch` FROM `food_type` WHERE `id` = 31  [ RunTime:0.0003s ]
SQL: SHOW COLUMNS FROM `cpdanwei` [ RunTime:0.0049s ]
SQL: SELECT `mingch` FROM `cpdanwei` WHERE `id` = 9  [ RunTime:0.0004s ]
SQL: SHOW COLUMNS FROM `cpfenliang` [ RunTime:0.0046s ]
SQL: SHOW COLUMNS FROM `shop` [ RunTime:0.0068s ]
SQL: SELECT `mingch` FROM `shop` WHERE `id` = 44  [ RunTime:0.0003s ]
SQL: SELECT `mingch` FROM `food_type` WHERE `id` = 30  [ RunTime:0.0001s ]
SQL: SELECT `mingch` FROM `cpdanwei` WHERE `id` = 9  [ RunTime:0.0001s ]
SQL: SELECT `mingch` FROM `shop` WHERE `id` = 44  [ RunTime:0.0001s ]
SQL: SELECT `mingch` FROM `food_type` WHERE `id` = 35  [ RunTime:0.0001s ]
SQL: SELECT `mingch` FROM `cpdanwei` WHERE `id` = 11  [ RunTime:0.0001s ]
SQL: SELECT `mingch` FROM `shop` WHERE `id` = 44  [ RunTime:0.0001s ]
SQL: SELECT `mingch` FROM `food_type` WHERE `id` = 35  [ RunTime:0.0001s ]
SQL: SELECT `mingch` FROM `cpdanwei` WHERE `id` = 4  [ RunTime:0.0001s ]
SQL: SELECT `mingch` FROM `shop` WHERE `id` = 44  [ RunTime:0.0001s ]
SQL: SELECT `mingch` FROM `food_type` WHERE `id` = 35  [ RunTime:0.0001s ]
SQL: SELECT `mingch` FROM `cpdanwei` WHERE `id` = 4  [ RunTime:0.0001s ]
SQL: SELECT `mingch` FROM `shop` WHERE `id` = 44  [ RunTime:0.0001s ]
SQL: SELECT `mingch` FROM `food_type` WHERE `id` = 35  [ RunTime:0.0001s ]
SQL: SELECT `mingch` FROM `cpdanwei` WHERE `id` = 4  [ RunTime:0.0001s ]
SQL: SELECT `mingch` FROM `shop` WHERE `id` = 44  [ RunTime:0.0001s ]
INFO: Run Behavior\ParseTemplateBehavior [ RunTime:0.037878s ]
INFO: [ view_parse ] --END-- [ RunTime:0.037901s ]
INFO: [ view_filter ] --START--
INFO: Run Behavior\WriteHtmlCacheBehavior [ RunTime:0.000508s ]
INFO: [ view_filter ] --END-- [ RunTime:0.000608s ]
INFO: [ app_end ] --START--
INFO: Run Behavior\ShowPageTraceBehavior [ RunTime:0.000545s ]
INFO: [ app_end ] --END-- [ RunTime:0.000569s ]

[ 2018-02-24T16:16:55+08:00 ] ::1 /kuaidian/index.php/Admin/Food/index/menid/44/id/1.html
INFO: [ app_init ] --START--
INFO: Run Behavior\BuildLiteBehavior [ RunTime:0.000019s ]
INFO: [ app_init ] --END-- [ RunTime:0.000102s ]
INFO: [ app_begin ] --START--
INFO: Run Behavior\ReadHtmlCacheBehavior [ RunTime:0.000592s ]
INFO: [ app_begin ] --END-- [ RunTime:0.000643s ]
SQL: SHOW COLUMNS FROM `city` [ RunTime:0.0047s ]
SQL: SELECT * FROM `city` ORDER BY paix desc  [ RunTime:0.0047s ]
SQL: SHOW COLUMNS FROM `food` [ RunTime:0.0047s ]
SQL: SELECT * FROM `food` WHERE `dep_shop` = 44  [ RunTime:0.0004s ]
INFO: [ view_parse ] --START--
INFO: [ template_filter ] --START--
INFO: Run Behavior\ContentReplaceBehavior [ RunTime:0.000098s ]
INFO: [ template_filter ] --END-- [ RunTime:0.000145s ]
NOTIC: [8] Use of undefined constant Index - assumed 'Index' D:\xampp\htdocs\kuaidian\Application\Runtime\Cache\Admin\366640149ae8cbe094b01f770667186d.php 第 83 行.
NOTIC: [8] Use of undefined constant Shop - assumed 'Shop' D:\xampp\htdocs\kuaidian\Application\Runtime\Cache\Admin\366640149ae8cbe094b01f770667186d.php 第 91 行.
NOTIC: [8] Use of undefined constant Shoptype - assumed 'Shoptype' D:\xampp\htdocs\kuaidian\Application\Runtime\Cache\Admin\366640149ae8cbe094b01f770667186d.php 第 91 行.
NOTIC: [8] Use of undefined constant Danwei - assumed 'Danwei' D:\xampp\htdocs\kuaidian\Application\Runtime\Cache\Admin\366640149ae8cbe094b01f770667186d.php 第 91 行.
NOTIC: [8] Use of undefined constant Seat - assumed 'Seat' D:\xampp\htdocs\kuaidian\Application\Runtime\Cache\Admin\366640149ae8cbe094b01f770667186d.php 第 91 行.
NOTIC: [8] Use of undefined constant Sale - assumed 'Sale' D:\xampp\htdocs\kuaidian\Application\Runtime\Cache\Admin\366640149ae8cbe094b01f770667186d.php 第 91 行.
NOTIC: [8] Use of undefined constant Food - assumed 'Food' D:\xampp\htdocs\kuaidian\Application\Runtime\Cache\Admin\366640149ae8cbe094b01f770667186d.php 第 91 行.
NOTIC: [2] array_pop() expects parameter 1 to be array, null given D:\xampp\htdocs\kuaidian\Application\Runtime\Cache\Admin\366640149ae8cbe094b01f770667186d.php 第 173 行.
NOTIC: [2] Invalid argument supplied for foreach() D:\xampp\htdocs\kuaidian\Application\Runtime\Cache\Admin\366640149ae8cbe094b01f770667186d.php 第 173 行.
NOTIC: [8] Undefined variable: active D:\xampp\htdocs\kuaidian\Application\Runtime\Cache\Admin\366640149ae8cbe094b01f770667186d.php 第 176 行.
NOTIC: [8] Undefined variable: info D:\xampp\htdocs\kuaidian\Application\Runtime\Cache\Admin\366640149ae8cbe094b01f770667186d.php 第 257 行.
SQL: SHOW COLUMNS FROM `food_type` [ RunTime:0.0051s ]
SQL: SELECT `mingch` FROM `food_type` WHERE `id` = 31  [ RunTime:0.0003s ]
SQL: SHOW COLUMNS FROM `cpdanwei` [ RunTime:0.0053s ]
SQL: SELECT `mingch` FROM `cpdanwei` WHERE `id` = 9  [ RunTime:0.0003s ]
SQL: SHOW COLUMNS FROM `cpfenliang` [ RunTime:0.0051s ]
SQL: SHOW COLUMNS FROM `shop` [ RunTime:0.0066s ]
SQL: SELECT `mingch` FROM `shop` WHERE `id` = 44  [ RunTime:0.0010s ]
SQL: SELECT `mingch` FROM `food_type` WHERE `id` = 30  [ RunTime:0.0002s ]
SQL: SELECT `mingch` FROM `cpdanwei` WHERE `id` = 9  [ RunTime:0.0001s ]
SQL: SELECT `mingch` FROM `shop` WHERE `id` = 44  [ RunTime:0.0001s ]
SQL: SELECT `mingch` FROM `food_type` WHERE `id` = 35  [ RunTime:0.0001s ]
SQL: SELECT `mingch` FROM `cpdanwei` WHERE `id` = 11  [ RunTime:0.0001s ]
SQL: SELECT `mingch` FROM `shop` WHERE `id` = 44  [ RunTime:0.0001s ]
SQL: SELECT `mingch` FROM `food_type` WHERE `id` = 35  [ RunTime:0.0001s ]
SQL: SELECT `mingch` FROM `cpdanwei` WHERE `id` = 4  [ RunTime:0.0001s ]
SQL: SELECT `mingch` FROM `shop` WHERE `id` = 44  [ RunTime:0.0002s ]
SQL: SELECT `mingch` FROM `food_type` WHERE `id` = 35  [ RunTime:0.0004s ]
SQL: SELECT `mingch` FROM `cpdanwei` WHERE `id` = 4  [ RunTime:0.0002s ]
SQL: SELECT `mingch` FROM `shop` WHERE `id` = 44  [ RunTime:0.0002s ]
SQL: SELECT `mingch` FROM `food_type` WHERE `id` = 35  [ RunTime:0.0001s ]
SQL: SELECT `mingch` FROM `cpdanwei` WHERE `id` = 4  [ RunTime:0.0001s ]
SQL: SELECT `mingch` FROM `shop` WHERE `id` = 44  [ RunTime:0.0001s ]
INFO: Run Behavior\ParseTemplateBehavior [ RunTime:0.039664s ]
INFO: [ view_parse ] --END-- [ RunTime:0.039687s ]
INFO: [ view_filter ] --START--
INFO: Run Behavior\WriteHtmlCacheBehavior [ RunTime:0.000512s ]
INFO: [ view_filter ] --END-- [ RunTime:0.000537s ]
INFO: [ app_end ] --START--
INFO: Run Behavior\ShowPageTraceBehavior [ RunTime:0.000771s ]
INFO: [ app_end ] --END-- [ RunTime:0.000808s ]

[ 2018-02-24T16:16:55+08:00 ] ::1 /kuaidian/index.php/Admin/Food/index/menid/44/id/1.html
INFO: [ app_init ] --START--
INFO: Run Behavior\BuildLiteBehavior [ RunTime:0.000014s ]
INFO: [ app_init ] --END-- [ RunTime:0.000061s ]
INFO: [ app_begin ] --START--
INFO: Run Behavior\ReadHtmlCacheBehavior [ RunTime:0.000502s ]
INFO: [ app_begin ] --END-- [ RunTime:0.000536s ]
SQL: SHOW COLUMNS FROM `city` [ RunTime:0.0052s ]
SQL: SELECT * FROM `city` ORDER BY paix desc  [ RunTime:0.0039s ]
SQL: SHOW COLUMNS FROM `food` [ RunTime:0.0059s ]
SQL: SELECT * FROM `food` WHERE `dep_shop` = 44  [ RunTime:0.0005s ]
INFO: [ view_parse ] --START--
INFO: [ template_filter ] --START--
INFO: Run Behavior\ContentReplaceBehavior [ RunTime:0.000085s ]
INFO: [ template_filter ] --END-- [ RunTime:0.000119s ]
NOTIC: [8] Use of undefined constant Index - assumed 'Index' D:\xampp\htdocs\kuaidian\Application\Runtime\Cache\Admin\366640149ae8cbe094b01f770667186d.php 第 83 行.
NOTIC: [8] Use of undefined constant Shop - assumed 'Shop' D:\xampp\htdocs\kuaidian\Application\Runtime\Cache\Admin\366640149ae8cbe094b01f770667186d.php 第 91 行.
NOTIC: [8] Use of undefined constant Shoptype - assumed 'Shoptype' D:\xampp\htdocs\kuaidian\Application\Runtime\Cache\Admin\366640149ae8cbe094b01f770667186d.php 第 91 行.
NOTIC: [8] Use of undefined constant Danwei - assumed 'Danwei' D:\xampp\htdocs\kuaidian\Application\Runtime\Cache\Admin\366640149ae8cbe094b01f770667186d.php 第 91 行.
NOTIC: [8] Use of undefined constant Seat - assumed 'Seat' D:\xampp\htdocs\kuaidian\Application\Runtime\Cache\Admin\366640149ae8cbe094b01f770667186d.php 第 91 行.
NOTIC: [8] Use of undefined constant Sale - assumed 'Sale' D:\xampp\htdocs\kuaidian\Application\Runtime\Cache\Admin\366640149ae8cbe094b01f770667186d.php 第 91 行.
NOTIC: [8] Use of undefined constant Food - assumed 'Food' D:\xampp\htdocs\kuaidian\Application\Runtime\Cache\Admin\366640149ae8cbe094b01f770667186d.php 第 91 行.
NOTIC: [2] array_pop() expects parameter 1 to be array, null given D:\xampp\htdocs\kuaidian\Application\Runtime\Cache\Admin\366640149ae8cbe094b01f770667186d.php 第 173 行.
NOTIC: [2] Invalid argument supplied for foreach() D:\xampp\htdocs\kuaidian\Application\Runtime\Cache\Admin\366640149ae8cbe094b01f770667186d.php 第 173 行.
NOTIC: [8] Undefined variable: active D:\xampp\htdocs\kuaidian\Application\Runtime\Cache\Admin\366640149ae8cbe094b01f770667186d.php 第 176 行.
NOTIC: [8] Undefined variable: info D:\xampp\htdocs\kuaidian\Application\Runtime\Cache\Admin\366640149ae8cbe094b01f770667186d.php 第 257 行.
SQL: SHOW COLUMNS FROM `food_type` [ RunTime:0.0058s ]
SQL: SELECT `mingch` FROM `food_type` WHERE `id` = 31  [ RunTime:0.0003s ]
SQL: SHOW COLUMNS FROM `cpdanwei` [ RunTime:0.0055s ]
SQL: SELECT `mingch` FROM `cpdanwei` WHERE `id` = 9  [ RunTime:0.0003s ]
SQL: SHOW COLUMNS FROM `cpfenliang` [ RunTime:0.0051s ]
SQL: SHOW COLUMNS FROM `shop` [ RunTime:0.0067s ]
SQL: SELECT `mingch` FROM `shop` WHERE `id` = 44  [ RunTime:0.0006s ]
SQL: SELECT `mingch` FROM `food_type` WHERE `id` = 30  [ RunTime:0.0002s ]
SQL: SELECT `mingch` FROM `cpdanwei` WHERE `id` = 9  [ RunTime:0.0001s ]
SQL: SELECT `mingch` FROM `shop` WHERE `id` = 44  [ RunTime:0.0002s ]
SQL: SELECT `mingch` FROM `food_type` WHERE `id` = 35  [ RunTime:0.0002s ]
SQL: SELECT `mingch` FROM `cpdanwei` WHERE `id` = 11  [ RunTime:0.0001s ]
SQL: SELECT `mingch` FROM `shop` WHERE `id` = 44  [ RunTime:0.0002s ]
SQL: SELECT `mingch` FROM `food_type` WHERE `id` = 35  [ RunTime:0.0001s ]
SQL: SELECT `mingch` FROM `cpdanwei` WHERE `id` = 4  [ RunTime:0.0001s ]
SQL: SELECT `mingch` FROM `shop` WHERE `id` = 44  [ RunTime:0.0001s ]
SQL: SELECT `mingch` FROM `food_type` WHERE `id` = 35  [ RunTime:0.0001s ]
SQL: SELECT `mingch` FROM `cpdanwei` WHERE `id` = 4  [ RunTime:0.0001s ]
SQL: SELECT `mingch` FROM `shop` WHERE `id` = 44  [ RunTime:0.0001s ]
SQL: SELECT `mingch` FROM `food_type` WHERE `id` = 35  [ RunTime:0.0003s ]
SQL: SELECT `mingch` FROM `cpdanwei` WHERE `id` = 4  [ RunTime:0.0001s ]
SQL: SELECT `mingch` FROM `shop` WHERE `id` = 44  [ RunTime:0.0002s ]
INFO: Run Behavior\ParseTemplateBehavior [ RunTime:0.039258s ]
INFO: [ view_parse ] --END-- [ RunTime:0.039284s ]
INFO: [ view_filter ] --START--
INFO: Run Behavior\WriteHtmlCacheBehavior [ RunTime:0.000570s ]
INFO: [ view_filter ] --END-- [ RunTime:0.000594s ]
INFO: [ app_end ] --START--
INFO: Run Behavior\ShowPageTraceBehavior [ RunTime:0.000628s ]
INFO: [ app_end ] --END-- [ RunTime:0.000660s ]

[ 2018-02-24T16:16:55+08:00 ] ::1 /kuaidian/index.php/Admin/Food/index/menid/44/id/1.html
INFO: [ app_init ] --START--
INFO: Run Behavior\BuildLiteBehavior [ RunTime:0.000011s ]
INFO: [ app_init ] --END-- [ RunTime:0.000051s ]
INFO: [ app_begin ] --START--
INFO: Run Behavior\ReadHtmlCacheBehavior [ RunTime:0.000468s ]
INFO: [ app_begin ] --END-- [ RunTime:0.000494s ]
SQL: SHOW COLUMNS FROM `city` [ RunTime:0.0059s ]
SQL: SELECT * FROM `city` ORDER BY paix desc  [ RunTime:0.0040s ]
SQL: SHOW COLUMNS FROM `food` [ RunTime:0.0051s ]
SQL: SELECT * FROM `food` WHERE `dep_shop` = 44  [ RunTime:0.0005s ]
INFO: [ view_parse ] --START--
INFO: [ template_filter ] --START--
INFO: Run Behavior\ContentReplaceBehavior [ RunTime:0.000096s ]
INFO: [ template_filter ] --END-- [ RunTime:0.000144s ]
NOTIC: [8] Use of undefined constant Index - assumed 'Index' D:\xampp\htdocs\kuaidian\Application\Runtime\Cache\Admin\366640149ae8cbe094b01f770667186d.php 第 83 行.
NOTIC: [8] Use of undefined constant Shop - assumed 'Shop' D:\xampp\htdocs\kuaidian\Application\Runtime\Cache\Admin\366640149ae8cbe094b01f770667186d.php 第 91 行.
NOTIC: [8] Use of undefined constant Shoptype - assumed 'Shoptype' D:\xampp\htdocs\kuaidian\Application\Runtime\Cache\Admin\366640149ae8cbe094b01f770667186d.php 第 91 行.
NOTIC: [8] Use of undefined constant Danwei - assumed 'Danwei' D:\xampp\htdocs\kuaidian\Application\Runtime\Cache\Admin\366640149ae8cbe094b01f770667186d.php 第 91 行.
NOTIC: [8] Use of undefined constant Seat - assumed 'Seat' D:\xampp\htdocs\kuaidian\Application\Runtime\Cache\Admin\366640149ae8cbe094b01f770667186d.php 第 91 行.
NOTIC: [8] Use of undefined constant Sale - assumed 'Sale' D:\xampp\htdocs\kuaidian\Application\Runtime\Cache\Admin\366640149ae8cbe094b01f770667186d.php 第 91 行.
NOTIC: [8] Use of undefined constant Food - assumed 'Food' D:\xampp\htdocs\kuaidian\Application\Runtime\Cache\Admin\366640149ae8cbe094b01f770667186d.php 第 91 行.
NOTIC: [2] array_pop() expects parameter 1 to be array, null given D:\xampp\htdocs\kuaidian\Application\Runtime\Cache\Admin\366640149ae8cbe094b01f770667186d.php 第 173 行.
NOTIC: [2] Invalid argument supplied for foreach() D:\xampp\htdocs\kuaidian\Application\Runtime\Cache\Admin\366640149ae8cbe094b01f770667186d.php 第 173 行.
NOTIC: [8] Undefined variable: active D:\xampp\htdocs\kuaidian\Application\Runtime\Cache\Admin\366640149ae8cbe094b01f770667186d.php 第 176 行.
NOTIC: [8] Undefined variable: info D:\xampp\htdocs\kuaidian\Application\Runtime\Cache\Admin\366640149ae8cbe094b01f770667186d.php 第 257 行.
SQL: SHOW COLUMNS FROM `food_type` [ RunTime:0.0083s ]
SQL: SELECT `mingch` FROM `food_type` WHERE `id` = 31  [ RunTime:0.0003s ]
SQL: SHOW COLUMNS FROM `cpdanwei` [ RunTime:0.0051s ]
SQL: SELECT `mingch` FROM `cpdanwei` WHERE `id` = 9  [ RunTime:0.0003s ]
SQL: SHOW COLUMNS FROM `cpfenliang` [ RunTime:0.0053s ]
SQL: SHOW COLUMNS FROM `shop` [ RunTime:0.0070s ]
SQL: SELECT `mingch` FROM `shop` WHERE `id` = 44  [ RunTime:0.0005s ]
SQL: SELECT `mingch` FROM `food_type` WHERE `id` = 30  [ RunTime:0.0002s ]
SQL: SELECT `mingch` FROM `cpdanwei` WHERE `id` = 9  [ RunTime:0.0001s ]
SQL: SELECT `mingch` FROM `shop` WHERE `id` = 44  [ RunTime:0.0001s ]
SQL: SELECT `mingch` FROM `food_type` WHERE `id` = 35  [ RunTime:0.0001s ]
SQL: SELECT `mingch` FROM `cpdanwei` WHERE `id` = 11  [ RunTime:0.0001s ]
SQL: SELECT `mingch` FROM `shop` WHERE `id` = 44  [ RunTime:0.0001s ]
SQL: SELECT `mingch` FROM `food_type` WHERE `id` = 35  [ RunTime:0.0001s ]
SQL: SELECT `mingch` FROM `cpdanwei` WHERE `id` = 4  [ RunTime:0.0002s ]
SQL: SELECT `mingch` FROM `shop` WHERE `id` = 44  [ RunTime:0.0003s ]
SQL: SELECT `mingch` FROM `food_type` WHERE `id` = 35  [ RunTime:0.0001s ]
SQL: SELECT `mingch` FROM `cpdanwei` WHERE `id` = 4  [ RunTime:0.0001s ]
SQL: SELECT `mingch` FROM `shop` WHERE `id` = 44  [ RunTime:0.0002s ]
SQL: SELECT `mingch` FROM `food_type` WHERE `id` = 35  [ RunTime:0.0002s ]
SQL: SELECT `mingch` FROM `cpdanwei` WHERE `id` = 4  [ RunTime:0.0003s ]
SQL: SELECT `mingch` FROM `shop` WHERE `id` = 44  [ RunTime:0.0004s ]
INFO: Run Behavior\ParseTemplateBehavior [ RunTime:0.042715s ]
INFO: [ view_parse ] --END-- [ RunTime:0.042738s ]
INFO: [ view_filter ] --START--
INFO: Run Behavior\WriteHtmlCacheBehavior [ RunTime:0.000542s ]
INFO: [ view_filter ] --END-- [ RunTime:0.000567s ]
INFO: [ app_end ] --START--
INFO: Run Behavior\ShowPageTraceBehavior [ RunTime:0.000647s ]
INFO: [ app_end ] --END-- [ RunTime:0.000679s ]

