[ 2018-01-04T16:27:10+08:00 ] 127.0.0.1 /-/index.php/Admin/Index/
INFO: [ app_init ] --START--
INFO: Run Behavior\BuildLiteBehavior [ RunTime:0.000000s ]
INFO: [ app_init ] --END-- [ RunTime:0.015625s ]
INFO: [ app_begin ] --START--
INFO: Run Behavior\ReadHtmlCacheBehavior [ RunTime:0.015625s ]
INFO: [ app_begin ] --END-- [ RunTime:0.031250s ]
INFO: [ view_parse ] --START--
INFO: [ template_filter ] --START--
INFO: Run Behavior\ContentReplaceBehavior [ RunTime:0.000000s ]
INFO: [ template_filter ] --END-- [ RunTime:0.000000s ]
NOTIC: [8] Undefined variable: id E:\wamp\wamp\www\-\Application\Runtime\Cache\Admin\b595b808c2ebeeeb0478ffc30bb4e87a.php 第 20 行.
INFO: Run Behavior\ParseTemplateBehavior [ RunTime:0.093750s ]
INFO: [ view_parse ] --END-- [ RunTime:0.093750s ]
INFO: [ view_filter ] --START--
INFO: Run Behavior\WriteHtmlCacheBehavior [ RunTime:0.015625s ]
INFO: [ view_filter ] --END-- [ RunTime:0.015625s ]
INFO: [ app_end ] --START--
INFO: Run Behavior\ShowPageTraceBehavior [ RunTime:0.015625s ]
INFO: [ app_end ] --END-- [ RunTime:0.015625s ]

[ 2018-01-04T16:27:15+08:00 ] 127.0.0.1 /-/index.php/Admin/Index/dodenglu.html
INFO: [ app_init ] --START--
INFO: Run Behavior\BuildLiteBehavior [ RunTime:0.000000s ]
INFO: [ app_init ] --END-- [ RunTime:0.000000s ]
INFO: [ app_begin ] --START--
INFO: Run Behavior\ReadHtmlCacheBehavior [ RunTime:0.015625s ]
INFO: [ app_begin ] --END-- [ RunTime:0.015625s ]
ERR: SQLSTATE[HY000] [1045] Access denied for user 'root'@'localhost' (using password: YES)

[ 2018-01-04T16:27:40+08:00 ] 127.0.0.1 /-/index.php/Admin/Index/dodenglu.html
INFO: [ app_init ] --START--
INFO: Run Behavior\BuildLiteBehavior [ RunTime:0.000000s ]
INFO: [ app_init ] --END-- [ RunTime:0.000000s ]
INFO: [ app_begin ] --START--
INFO: Run Behavior\ReadHtmlCacheBehavior [ RunTime:0.015625s ]
INFO: [ app_begin ] --END-- [ RunTime:0.015625s ]
SQL: SHOW COLUMNS FROM `user_admin` [ RunTime:0.0156s ]
NOTIC: [2] Missing argument 1 for Think\Model::where(), called in E:\wamp\wamp\www\-\Application\Admin\Controller\IndexController.class.php on line 19 and defined E:\wamp\wamp\www\-\ThinkPHP\Library\Think\Model.class.php 第 1797 行.
NOTIC: [8] Undefined variable: where E:\wamp\wamp\www\-\ThinkPHP\Library\Think\Model.class.php 第 1805 行.
NOTIC: [8] Undefined variable: where E:\wamp\wamp\www\-\ThinkPHP\Library\Think\Model.class.php 第 1808 行.
NOTIC: [8] Undefined variable: where E:\wamp\wamp\www\-\ThinkPHP\Library\Think\Model.class.php 第 1816 行.
SQL: SELECT * FROM `user_admin` LIMIT 1   [ RunTime:0.0156s ]
INFO: [ view_parse ] --START--
INFO: [ template_filter ] --START--
INFO: Run Behavior\ContentReplaceBehavior [ RunTime:0.000000s ]
INFO: [ template_filter ] --END-- [ RunTime:0.015625s ]
INFO: Run Behavior\ParseTemplateBehavior [ RunTime:0.171875s ]
INFO: [ view_parse ] --END-- [ RunTime:0.171875s ]
INFO: [ view_filter ] --START--
INFO: Run Behavior\WriteHtmlCacheBehavior [ RunTime:0.000000s ]
INFO: [ view_filter ] --END-- [ RunTime:0.000000s ]
INFO: [ app_end ] --START--
INFO: Run Behavior\ShowPageTraceBehavior [ RunTime:0.015625s ]
INFO: [ app_end ] --END-- [ RunTime:0.015625s ]

[ 2018-01-04T16:27:44+08:00 ] 127.0.0.1 /-/index.php/Admin/Index/dodenglu.html
INFO: [ app_init ] --START--
INFO: Run Behavior\BuildLiteBehavior [ RunTime:0.000000s ]
INFO: [ app_init ] --END-- [ RunTime:0.015625s ]
INFO: [ app_begin ] --START--
INFO: Run Behavior\ReadHtmlCacheBehavior [ RunTime:0.000000s ]
INFO: [ app_begin ] --END-- [ RunTime:0.015625s ]
SQL: SHOW COLUMNS FROM `user_admin` [ RunTime:0.0000s ]
NOTIC: [2] Missing argument 1 for Think\Model::where(), called in E:\wamp\wamp\www\-\Application\Admin\Controller\IndexController.class.php on line 19 and defined E:\wamp\wamp\www\-\ThinkPHP\Library\Think\Model.class.php 第 1797 行.
NOTIC: [8] Undefined variable: where E:\wamp\wamp\www\-\ThinkPHP\Library\Think\Model.class.php 第 1805 行.
NOTIC: [8] Undefined variable: where E:\wamp\wamp\www\-\ThinkPHP\Library\Think\Model.class.php 第 1808 行.
NOTIC: [8] Undefined variable: where E:\wamp\wamp\www\-\ThinkPHP\Library\Think\Model.class.php 第 1816 行.
SQL: SELECT * FROM `user_admin` LIMIT 1   [ RunTime:0.0469s ]

[ 2018-01-04T16:27:45+08:00 ] 127.0.0.1 /-/index.php/Admin/Index/zhuye.html
INFO: [ app_init ] --START--
INFO: Run Behavior\BuildLiteBehavior [ RunTime:0.000000s ]
INFO: [ app_init ] --END-- [ RunTime:0.000000s ]
INFO: [ app_begin ] --START--
INFO: Run Behavior\ReadHtmlCacheBehavior [ RunTime:0.000000s ]
INFO: [ app_begin ] --END-- [ RunTime:0.000000s ]
SQL: SHOW COLUMNS FROM `city` [ RunTime:0.0156s ]
SQL: SELECT * FROM `city`  [ RunTime:0.0156s ]
INFO: [ view_parse ] --START--
INFO: [ template_filter ] --START--
INFO: Run Behavior\ContentReplaceBehavior [ RunTime:0.000000s ]
INFO: [ template_filter ] --END-- [ RunTime:0.000000s ]
INFO: Run Behavior\ParseTemplateBehavior [ RunTime:0.140625s ]
INFO: [ view_parse ] --END-- [ RunTime:0.140625s ]
INFO: [ view_filter ] --START--
INFO: Run Behavior\WriteHtmlCacheBehavior [ RunTime:0.015625s ]
INFO: [ view_filter ] --END-- [ RunTime:0.015625s ]
INFO: [ app_end ] --START--
INFO: Run Behavior\ShowPageTraceBehavior [ RunTime:0.015625s ]
INFO: [ app_end ] --END-- [ RunTime:0.015625s ]

[ 2018-01-04T16:27:51+08:00 ] 127.0.0.1 /-/index.php/Admin/Shop/index.html?id=110100
INFO: [ app_init ] --START--
INFO: Run Behavior\BuildLiteBehavior [ RunTime:0.000000s ]
INFO: [ app_init ] --END-- [ RunTime:0.015625s ]
INFO: [ app_begin ] --START--
INFO: Run Behavior\ReadHtmlCacheBehavior [ RunTime:0.015625s ]
INFO: [ app_begin ] --END-- [ RunTime:0.015625s ]
SQL: SHOW COLUMNS FROM `shop` [ RunTime:0.0156s ]
SQL: SELECT * FROM `shop` WHERE `depchengshi` = 110100  [ RunTime:0.0000s ]
SQL: SHOW COLUMNS FROM `chengshi` [ RunTime:0.0156s ]
SQL: SELECT * FROM `chengshi`  [ RunTime:0.0000s ]
INFO: [ view_parse ] --START--
INFO: [ template_filter ] --START--
INFO: Run Behavior\ContentReplaceBehavior [ RunTime:0.000000s ]
INFO: [ template_filter ] --END-- [ RunTime:0.000000s ]
NOTIC: [8] Undefined index: name E:\wamp\wamp\www\-\Application\Runtime\Cache\Admin\52fa67f14c08742f6c521ab8140bab06.php 第 45 行.
NOTIC: [8] Undefined index: name E:\wamp\wamp\www\-\Application\Runtime\Cache\Admin\52fa67f14c08742f6c521ab8140bab06.php 第 45 行.
NOTIC: [8] Undefined index: name E:\wamp\wamp\www\-\Application\Runtime\Cache\Admin\52fa67f14c08742f6c521ab8140bab06.php 第 45 行.
NOTIC: [8] Undefined index: name E:\wamp\wamp\www\-\Application\Runtime\Cache\Admin\52fa67f14c08742f6c521ab8140bab06.php 第 45 行.
NOTIC: [2] array_pop() expects parameter 1 to be array, null given E:\wamp\wamp\www\-\Application\Runtime\Cache\Admin\52fa67f14c08742f6c521ab8140bab06.php 第 101 行.
NOTIC: [2] Invalid argument supplied for foreach() E:\wamp\wamp\www\-\Application\Runtime\Cache\Admin\52fa67f14c08742f6c521ab8140bab06.php 第 101 行.
NOTIC: [8] Undefined variable: active E:\wamp\wamp\www\-\Application\Runtime\Cache\Admin\52fa67f14c08742f6c521ab8140bab06.php 第 104 行.
NOTIC: [8] Undefined variable: info E:\wamp\wamp\www\-\Application\Runtime\Cache\Admin\52fa67f14c08742f6c521ab8140bab06.php 第 166 行.
INFO: Run Behavior\ParseTemplateBehavior [ RunTime:0.140625s ]
INFO: [ view_parse ] --END-- [ RunTime:0.140625s ]
INFO: [ view_filter ] --START--
INFO: Run Behavior\WriteHtmlCacheBehavior [ RunTime:0.015625s ]
INFO: [ view_filter ] --END-- [ RunTime:0.015625s ]
INFO: [ app_end ] --START--
INFO: Run Behavior\ShowPageTraceBehavior [ RunTime:0.015625s ]
INFO: [ app_end ] --END-- [ RunTime:0.015625s ]

[ 2018-01-04T16:27:55+08:00 ] 127.0.0.1 /-/index.php/Admin/Index/zhuye.html?id=1
INFO: [ app_init ] --START--
INFO: Run Behavior\BuildLiteBehavior [ RunTime:0.000000s ]
INFO: [ app_init ] --END-- [ RunTime:0.000000s ]
INFO: [ app_begin ] --START--
INFO: Run Behavior\ReadHtmlCacheBehavior [ RunTime:0.000000s ]
INFO: [ app_begin ] --END-- [ RunTime:0.000000s ]
SQL: SHOW COLUMNS FROM `city` [ RunTime:0.0000s ]
SQL: SELECT * FROM `city`  [ RunTime:0.0156s ]
INFO: [ view_parse ] --START--
INFO: [ template_filter ] --START--
INFO: Run Behavior\ContentReplaceBehavior [ RunTime:0.000000s ]
INFO: [ template_filter ] --END-- [ RunTime:0.000000s ]
INFO: Run Behavior\ParseTemplateBehavior [ RunTime:0.062500s ]
INFO: [ view_parse ] --END-- [ RunTime:0.062500s ]
INFO: [ view_filter ] --START--
INFO: Run Behavior\WriteHtmlCacheBehavior [ RunTime:0.015625s ]
INFO: [ view_filter ] --END-- [ RunTime:0.015625s ]
INFO: [ app_end ] --START--
INFO: Run Behavior\ShowPageTraceBehavior [ RunTime:0.031250s ]
INFO: [ app_end ] --END-- [ RunTime:0.031250s ]

[ 2018-01-04T16:26:18+08:00 ] 127.0.0.1 /-/index.php/admin/index
INFO: [ app_init ] --START--
INFO: Run Behavior\BuildLiteBehavior [ RunTime:0.000000s ]
INFO: [ app_init ] --END-- [ RunTime:0.000000s ]
INFO: [ app_begin ] --START--
INFO: Run Behavior\ReadHtmlCacheBehavior [ RunTime:0.000000s ]
INFO: [ app_begin ] --END-- [ RunTime:0.000000s ]
INFO: [ view_parse ] --START--
INFO: [ template_filter ] --START--
INFO: Run Behavior\ContentReplaceBehavior [ RunTime:0.000000s ]
INFO: [ template_filter ] --END-- [ RunTime:0.000000s ]
NOTIC: [8] Undefined variable: id E:\wamp\wamp\www\-\Application\Runtime\Cache\Admin\b595b808c2ebeeeb0478ffc30bb4e87a.php 第 20 行.
INFO: Run Behavior\ParseTemplateBehavior [ RunTime:0.062500s ]
INFO: [ view_parse ] --END-- [ RunTime:0.062500s ]
INFO: [ view_filter ] --START--
INFO: Run Behavior\WriteHtmlCacheBehavior [ RunTime:0.000000s ]
INFO: [ view_filter ] --END-- [ RunTime:0.000000s ]
INFO: [ app_end ] --START--
INFO: Run Behavior\ShowPageTraceBehavior [ RunTime:0.000000s ]
INFO: [ app_end ] --END-- [ RunTime:0.000000s ]

[ 2018-01-04T16:26:25+08:00 ] 127.0.0.1 /-/index.php/Admin/Index/dodenglu.html
INFO: [ app_init ] --START--
INFO: Run Behavior\BuildLiteBehavior [ RunTime:0.000000s ]
INFO: [ app_init ] --END-- [ RunTime:0.000000s ]
INFO: [ app_begin ] --START--
INFO: Run Behavior\ReadHtmlCacheBehavior [ RunTime:0.015625s ]
INFO: [ app_begin ] --END-- [ RunTime:0.015625s ]
SQL: SHOW COLUMNS FROM `user_admin` [ RunTime:0.0156s ]
NOTIC: [2] Missing argument 1 for Think\Model::where(), called in E:\wamp\wamp\www\-\Application\Admin\Controller\IndexController.class.php on line 19 and defined E:\wamp\wamp\www\-\ThinkPHP\Library\Think\Model.class.php 第 1797 行.
NOTIC: [8] Undefined variable: where E:\wamp\wamp\www\-\ThinkPHP\Library\Think\Model.class.php 第 1805 行.
NOTIC: [8] Undefined variable: where E:\wamp\wamp\www\-\ThinkPHP\Library\Think\Model.class.php 第 1808 行.
NOTIC: [8] Undefined variable: where E:\wamp\wamp\www\-\ThinkPHP\Library\Think\Model.class.php 第 1816 行.
SQL: SELECT * FROM `user_admin` LIMIT 1   [ RunTime:0.0000s ]

[ 2018-01-04T16:26:25+08:00 ] 127.0.0.1 /-/index.php/Admin/Index/zhuye.html
INFO: [ app_init ] --START--
INFO: Run Behavior\BuildLiteBehavior [ RunTime:0.000000s ]
INFO: [ app_init ] --END-- [ RunTime:0.015625s ]
INFO: [ app_begin ] --START--
INFO: Run Behavior\ReadHtmlCacheBehavior [ RunTime:0.000000s ]
INFO: [ app_begin ] --END-- [ RunTime:0.000000s ]
SQL: SHOW COLUMNS FROM `city` [ RunTime:0.0156s ]
SQL: SELECT * FROM `city`  [ RunTime:0.0000s ]
INFO: [ view_parse ] --START--
INFO: [ template_filter ] --START--
INFO: Run Behavior\ContentReplaceBehavior [ RunTime:0.000000s ]
INFO: [ template_filter ] --END-- [ RunTime:0.000000s ]
INFO: Run Behavior\ParseTemplateBehavior [ RunTime:0.078125s ]
INFO: [ view_parse ] --END-- [ RunTime:0.078125s ]
INFO: [ view_filter ] --START--
INFO: Run Behavior\WriteHtmlCacheBehavior [ RunTime:0.015625s ]
INFO: [ view_filter ] --END-- [ RunTime:0.015625s ]
INFO: [ app_end ] --START--
INFO: Run Behavior\ShowPageTraceBehavior [ RunTime:0.000000s ]
INFO: [ app_end ] --END-- [ RunTime:0.000000s ]

[ 2018-01-04T16:27:48+08:00 ] 127.0.0.1 /-/index.php/Admin/Index/zhuye.html
INFO: [ app_init ] --START--
INFO: Run Behavior\BuildLiteBehavior [ RunTime:0.000000s ]
INFO: [ app_init ] --END-- [ RunTime:0.000000s ]
INFO: [ app_begin ] --START--
INFO: Run Behavior\ReadHtmlCacheBehavior [ RunTime:0.000000s ]
INFO: [ app_begin ] --END-- [ RunTime:0.000000s ]
SQL: SHOW COLUMNS FROM `city` [ RunTime:0.0156s ]
SQL: SELECT * FROM `city`  [ RunTime:0.0156s ]
INFO: [ view_parse ] --START--
INFO: [ template_filter ] --START--
INFO: Run Behavior\ContentReplaceBehavior [ RunTime:0.000000s ]
INFO: [ template_filter ] --END-- [ RunTime:0.000000s ]
INFO: Run Behavior\ParseTemplateBehavior [ RunTime:0.078125s ]
INFO: [ view_parse ] --END-- [ RunTime:0.078125s ]
INFO: [ view_filter ] --START--
INFO: Run Behavior\WriteHtmlCacheBehavior [ RunTime:0.015625s ]
INFO: [ view_filter ] --END-- [ RunTime:0.015625s ]
INFO: [ app_end ] --START--
INFO: Run Behavior\ShowPageTraceBehavior [ RunTime:0.000000s ]
INFO: [ app_end ] --END-- [ RunTime:0.000000s ]

[ 2018-01-04T16:42:12+08:00 ] 127.0.0.1 /-/index.php/Admin/Index/zhuye.html
INFO: [ app_init ] --START--
INFO: Run Behavior\BuildLiteBehavior [ RunTime:0.000000s ]
INFO: [ app_init ] --END-- [ RunTime:0.000000s ]
INFO: [ app_begin ] --START--
INFO: Run Behavior\ReadHtmlCacheBehavior [ RunTime:0.015625s ]
INFO: [ app_begin ] --END-- [ RunTime:0.015625s ]
SQL: SHOW COLUMNS FROM `city` [ RunTime:0.0000s ]
SQL: SELECT * FROM `city`  [ RunTime:0.0156s ]
INFO: [ view_parse ] --START--
INFO: [ template_filter ] --START--
INFO: Run Behavior\ContentReplaceBehavior [ RunTime:0.000000s ]
INFO: [ template_filter ] --END-- [ RunTime:0.000000s ]
INFO: Run Behavior\ParseTemplateBehavior [ RunTime:0.171875s ]
INFO: [ view_parse ] --END-- [ RunTime:0.171875s ]
INFO: [ view_filter ] --START--
INFO: Run Behavior\WriteHtmlCacheBehavior [ RunTime:0.015625s ]
INFO: [ view_filter ] --END-- [ RunTime:0.015625s ]
INFO: [ app_end ] --START--
INFO: Run Behavior\ShowPageTraceBehavior [ RunTime:0.000000s ]
INFO: [ app_end ] --END-- [ RunTime:0.000000s ]

[ 2018-01-04T16:42:19+08:00 ] 127.0.0.1 /-/index.php/Admin/Shop/index.html?id=110100
INFO: [ app_init ] --START--
INFO: Run Behavior\BuildLiteBehavior [ RunTime:0.000000s ]
INFO: [ app_init ] --END-- [ RunTime:0.000000s ]
INFO: [ app_begin ] --START--
INFO: Run Behavior\ReadHtmlCacheBehavior [ RunTime:0.015625s ]
INFO: [ app_begin ] --END-- [ RunTime:0.015625s ]
SQL: SHOW COLUMNS FROM `shop` [ RunTime:0.0000s ]
SQL: SELECT * FROM `shop` WHERE `depchengshi` = 110100  [ RunTime:0.0156s ]
SQL: SHOW COLUMNS FROM `chengshi` [ RunTime:0.0000s ]
SQL: SELECT * FROM `chengshi`  [ RunTime:0.0000s ]
INFO: [ view_parse ] --START--
INFO: [ template_filter ] --START--
INFO: Run Behavior\ContentReplaceBehavior [ RunTime:0.000000s ]
INFO: [ template_filter ] --END-- [ RunTime:0.000000s ]
NOTIC: [8] Undefined index: name E:\wamp\wamp\www\-\Application\Runtime\Cache\Admin\52fa67f14c08742f6c521ab8140bab06.php 第 45 行.
NOTIC: [8] Undefined index: name E:\wamp\wamp\www\-\Application\Runtime\Cache\Admin\52fa67f14c08742f6c521ab8140bab06.php 第 45 行.
NOTIC: [8] Undefined index: name E:\wamp\wamp\www\-\Application\Runtime\Cache\Admin\52fa67f14c08742f6c521ab8140bab06.php 第 45 行.
NOTIC: [8] Undefined index: name E:\wamp\wamp\www\-\Application\Runtime\Cache\Admin\52fa67f14c08742f6c521ab8140bab06.php 第 45 行.
NOTIC: [2] array_pop() expects parameter 1 to be array, null given E:\wamp\wamp\www\-\Application\Runtime\Cache\Admin\52fa67f14c08742f6c521ab8140bab06.php 第 109 行.
NOTIC: [2] Invalid argument supplied for foreach() E:\wamp\wamp\www\-\Application\Runtime\Cache\Admin\52fa67f14c08742f6c521ab8140bab06.php 第 109 行.
NOTIC: [8] Undefined variable: active E:\wamp\wamp\www\-\Application\Runtime\Cache\Admin\52fa67f14c08742f6c521ab8140bab06.php 第 112 行.
NOTIC: [8] Undefined variable: info E:\wamp\wamp\www\-\Application\Runtime\Cache\Admin\52fa67f14c08742f6c521ab8140bab06.php 第 174 行.
INFO: Run Behavior\ParseTemplateBehavior [ RunTime:0.125000s ]
INFO: [ view_parse ] --END-- [ RunTime:0.125000s ]
INFO: [ view_filter ] --START--
INFO: Run Behavior\WriteHtmlCacheBehavior [ RunTime:0.015625s ]
INFO: [ view_filter ] --END-- [ RunTime:0.015625s ]
INFO: [ app_end ] --START--
INFO: Run Behavior\ShowPageTraceBehavior [ RunTime:0.000000s ]
INFO: [ app_end ] --END-- [ RunTime:0.000000s ]

[ 2018-01-04T16:49:03+08:00 ] 127.0.0.1 /-/index.php/Admin/Shop/index.html?id=1
INFO: [ app_init ] --START--
INFO: Run Behavior\BuildLiteBehavior [ RunTime:0.000000s ]
INFO: [ app_init ] --END-- [ RunTime:0.000000s ]
INFO: [ app_begin ] --START--
INFO: Run Behavior\ReadHtmlCacheBehavior [ RunTime:0.015625s ]
INFO: [ app_begin ] --END-- [ RunTime:0.015625s ]
SQL: SHOW COLUMNS FROM `shop` [ RunTime:0.0156s ]
SQL: SELECT * FROM `shop`  [ RunTime:0.0156s ]
SQL: SHOW COLUMNS FROM `chengshi` [ RunTime:0.0156s ]
SQL: SELECT * FROM `chengshi`  [ RunTime:0.0000s ]
INFO: [ view_parse ] --START--
INFO: [ template_filter ] --START--
INFO: Run Behavior\ContentReplaceBehavior [ RunTime:0.000000s ]
INFO: [ template_filter ] --END-- [ RunTime:0.000000s ]
NOTIC: [8] Undefined index: name E:\wamp\wamp\www\-\Application\Runtime\Cache\Admin\52fa67f14c08742f6c521ab8140bab06.php 第 45 行.
NOTIC: [8] Undefined index: name E:\wamp\wamp\www\-\Application\Runtime\Cache\Admin\52fa67f14c08742f6c521ab8140bab06.php 第 45 行.
NOTIC: [8] Undefined index: name E:\wamp\wamp\www\-\Application\Runtime\Cache\Admin\52fa67f14c08742f6c521ab8140bab06.php 第 45 行.
NOTIC: [8] Undefined index: name E:\wamp\wamp\www\-\Application\Runtime\Cache\Admin\52fa67f14c08742f6c521ab8140bab06.php 第 45 行.
NOTIC: [2] array_pop() expects parameter 1 to be array, null given E:\wamp\wamp\www\-\Application\Runtime\Cache\Admin\52fa67f14c08742f6c521ab8140bab06.php 第 109 行.
NOTIC: [2] Invalid argument supplied for foreach() E:\wamp\wamp\www\-\Application\Runtime\Cache\Admin\52fa67f14c08742f6c521ab8140bab06.php 第 109 行.
NOTIC: [8] Undefined variable: active E:\wamp\wamp\www\-\Application\Runtime\Cache\Admin\52fa67f14c08742f6c521ab8140bab06.php 第 112 行.
NOTIC: [8] Undefined variable: info E:\wamp\wamp\www\-\Application\Runtime\Cache\Admin\52fa67f14c08742f6c521ab8140bab06.php 第 174 行.
SQL: SELECT `mingch` FROM `chengshi` WHERE `id` = 1  [ RunTime:0.0000s ]
SQL: SHOW COLUMNS FROM `shop_type` [ RunTime:0.0000s ]
SQL: SELECT `mingch` FROM `shop_type` WHERE `id` = 1  [ RunTime:0.0000s ]
SQL: SELECT `mingch` FROM `chengshi` WHERE `id` = 2  [ RunTime:0.0000s ]
SQL: SELECT `mingch` FROM `shop_type` WHERE `id` = 1  [ RunTime:0.0000s ]
SQL: SELECT `mingch` FROM `chengshi` WHERE `id` = 1  [ RunTime:0.0000s ]
SQL: SELECT `mingch` FROM `shop_type` WHERE `id` = 2  [ RunTime:0.0000s ]
SQL: SELECT `mingch` FROM `chengshi` WHERE `id` = 1  [ RunTime:0.0156s ]
SQL: SELECT `mingch` FROM `shop_type` WHERE `id` = 1  [ RunTime:0.0000s ]
SQL: SELECT `mingch` FROM `chengshi` WHERE `id` = 1  [ RunTime:0.0000s ]
SQL: SELECT `mingch` FROM `shop_type` WHERE `id` = 1  [ RunTime:0.0000s ]
INFO: Run Behavior\ParseTemplateBehavior [ RunTime:0.203125s ]
INFO: [ view_parse ] --END-- [ RunTime:0.203125s ]
INFO: [ view_filter ] --START--
INFO: Run Behavior\WriteHtmlCacheBehavior [ RunTime:0.015625s ]
INFO: [ view_filter ] --END-- [ RunTime:0.015625s ]
INFO: [ app_end ] --START--
INFO: Run Behavior\ShowPageTraceBehavior [ RunTime:0.000000s ]
INFO: [ app_end ] --END-- [ RunTime:0.000000s ]

[ 2018-01-04T16:49:56+08:00 ] 127.0.0.1 /-/index.php/Admin/Shop/index.html?id=1
INFO: [ app_init ] --START--
INFO: Run Behavior\BuildLiteBehavior [ RunTime:0.000000s ]
INFO: [ app_init ] --END-- [ RunTime:0.000000s ]
INFO: [ app_begin ] --START--
INFO: Run Behavior\ReadHtmlCacheBehavior [ RunTime:0.015625s ]
INFO: [ app_begin ] --END-- [ RunTime:0.015625s ]
SQL: SHOW COLUMNS FROM `shop` [ RunTime:0.0156s ]
SQL: SELECT * FROM `shop`  [ RunTime:0.0000s ]
SQL: SHOW COLUMNS FROM `chengshi` [ RunTime:0.0156s ]
SQL: SELECT * FROM `chengshi`  [ RunTime:0.0000s ]
INFO: [ view_parse ] --START--
INFO: [ template_filter ] --START--
INFO: Run Behavior\ContentReplaceBehavior [ RunTime:0.000000s ]
INFO: [ template_filter ] --END-- [ RunTime:0.000000s ]
NOTIC: [8] Undefined index: name E:\wamp\wamp\www\-\Application\Runtime\Cache\Admin\52fa67f14c08742f6c521ab8140bab06.php 第 45 行.
NOTIC: [8] Undefined index: name E:\wamp\wamp\www\-\Application\Runtime\Cache\Admin\52fa67f14c08742f6c521ab8140bab06.php 第 45 行.
NOTIC: [8] Undefined index: name E:\wamp\wamp\www\-\Application\Runtime\Cache\Admin\52fa67f14c08742f6c521ab8140bab06.php 第 45 行.
NOTIC: [8] Undefined index: name E:\wamp\wamp\www\-\Application\Runtime\Cache\Admin\52fa67f14c08742f6c521ab8140bab06.php 第 45 行.
NOTIC: [2] array_pop() expects parameter 1 to be array, null given E:\wamp\wamp\www\-\Application\Runtime\Cache\Admin\52fa67f14c08742f6c521ab8140bab06.php 第 109 行.
NOTIC: [2] Invalid argument supplied for foreach() E:\wamp\wamp\www\-\Application\Runtime\Cache\Admin\52fa67f14c08742f6c521ab8140bab06.php 第 109 行.
NOTIC: [8] Undefined variable: active E:\wamp\wamp\www\-\Application\Runtime\Cache\Admin\52fa67f14c08742f6c521ab8140bab06.php 第 112 行.
NOTIC: [8] Undefined variable: info E:\wamp\wamp\www\-\Application\Runtime\Cache\Admin\52fa67f14c08742f6c521ab8140bab06.php 第 174 行.
SQL: SELECT `mingch` FROM `chengshi` WHERE `id` = 1  [ RunTime:0.0000s ]
SQL: SHOW COLUMNS FROM `shop_type` [ RunTime:0.0000s ]
SQL: SELECT `mingch` FROM `shop_type` WHERE `id` = 1  [ RunTime:0.0000s ]
SQL: SELECT `mingch` FROM `chengshi` WHERE `id` = 2  [ RunTime:0.0000s ]
SQL: SELECT `mingch` FROM `shop_type` WHERE `id` = 1  [ RunTime:0.0000s ]
SQL: SELECT `mingch` FROM `chengshi` WHERE `id` = 1  [ RunTime:0.0156s ]
SQL: SELECT `mingch` FROM `shop_type` WHERE `id` = 2  [ RunTime:0.0000s ]
SQL: SELECT `mingch` FROM `chengshi` WHERE `id` = 1  [ RunTime:0.0000s ]
SQL: SELECT `mingch` FROM `shop_type` WHERE `id` = 1  [ RunTime:0.0000s ]
SQL: SELECT `mingch` FROM `chengshi` WHERE `id` = 1  [ RunTime:0.0156s ]
SQL: SELECT `mingch` FROM `shop_type` WHERE `id` = 1  [ RunTime:0.0000s ]
INFO: Run Behavior\ParseTemplateBehavior [ RunTime:0.296875s ]
INFO: [ view_parse ] --END-- [ RunTime:0.296875s ]
INFO: [ view_filter ] --START--
INFO: Run Behavior\WriteHtmlCacheBehavior [ RunTime:0.062500s ]
INFO: [ view_filter ] --END-- [ RunTime:0.062500s ]
INFO: [ app_end ] --START--
INFO: Run Behavior\ShowPageTraceBehavior [ RunTime:0.062500s ]
INFO: [ app_end ] --END-- [ RunTime:0.062500s ]

[ 2018-01-04T16:50:00+08:00 ] 127.0.0.1 /-/index.php/Admin/Event/index.html?id=1
INFO: [ app_init ] --START--
INFO: Run Behavior\BuildLiteBehavior [ RunTime:0.000000s ]
INFO: [ app_init ] --END-- [ RunTime:0.000000s ]
INFO: [ app_begin ] --START--
INFO: Run Behavior\ReadHtmlCacheBehavior [ RunTime:0.015625s ]
INFO: [ app_begin ] --END-- [ RunTime:0.015625s ]
ERR: 无法加载控制器:Event

[ 2018-01-04T16:50:34+08:00 ] 127.0.0.1 /-/index.php/Admin/Event/index.html?id=1
INFO: [ app_init ] --START--
INFO: Run Behavior\BuildLiteBehavior [ RunTime:0.000000s ]
INFO: [ app_init ] --END-- [ RunTime:0.000000s ]
INFO: [ app_begin ] --START--
INFO: Run Behavior\ReadHtmlCacheBehavior [ RunTime:0.015625s ]
INFO: [ app_begin ] --END-- [ RunTime:0.015625s ]
INFO: [ view_parse ] --START--
INFO: [ template_filter ] --START--
INFO: Run Behavior\ContentReplaceBehavior [ RunTime:0.000000s ]
INFO: [ template_filter ] --END-- [ RunTime:0.000000s ]
NOTIC: [8] Undefined variable: res E:\wamp\wamp\www\-\Application\Runtime\Cache\Admin\54b8a6986cf49e80578cf6233476e522.php 第 45 行.
NOTIC: [2] array_pop() expects parameter 1 to be array, null given E:\wamp\wamp\www\-\Application\Runtime\Cache\Admin\54b8a6986cf49e80578cf6233476e522.php 第 109 行.
NOTIC: [2] Invalid argument supplied for foreach() E:\wamp\wamp\www\-\Application\Runtime\Cache\Admin\54b8a6986cf49e80578cf6233476e522.php 第 109 行.
NOTIC: [8] Undefined variable: active E:\wamp\wamp\www\-\Application\Runtime\Cache\Admin\54b8a6986cf49e80578cf6233476e522.php 第 112 行.
NOTIC: [8] Undefined variable: info E:\wamp\wamp\www\-\Application\Runtime\Cache\Admin\54b8a6986cf49e80578cf6233476e522.php 第 174 行.
NOTIC: [8] Undefined variable: resshop E:\wamp\wamp\www\-\Application\Runtime\Cache\Admin\54b8a6986cf49e80578cf6233476e522.php 第 193 行.
INFO: Run Behavior\ParseTemplateBehavior [ RunTime:0.125000s ]
INFO: [ view_parse ] --END-- [ RunTime:0.125000s ]
INFO: [ view_filter ] --START--
INFO: Run Behavior\WriteHtmlCacheBehavior [ RunTime:0.015625s ]
INFO: [ view_filter ] --END-- [ RunTime:0.015625s ]
INFO: [ app_end ] --START--
INFO: Run Behavior\ShowPageTraceBehavior [ RunTime:0.000000s ]
INFO: [ app_end ] --END-- [ RunTime:0.000000s ]

[ 2018-01-04T16:50:38+08:00 ] 127.0.0.1 /-/index.php/Admin/Event/index.html?id=null
INFO: [ app_init ] --START--
INFO: Run Behavior\BuildLiteBehavior [ RunTime:0.000000s ]
INFO: [ app_init ] --END-- [ RunTime:0.015625s ]
INFO: [ app_begin ] --START--
INFO: Run Behavior\ReadHtmlCacheBehavior [ RunTime:0.000000s ]
INFO: [ app_begin ] --END-- [ RunTime:0.000000s ]
INFO: [ view_parse ] --START--
INFO: [ template_filter ] --START--
INFO: Run Behavior\ContentReplaceBehavior [ RunTime:0.000000s ]
INFO: [ template_filter ] --END-- [ RunTime:0.000000s ]
NOTIC: [8] Undefined variable: res E:\wamp\wamp\www\-\Application\Runtime\Cache\Admin\54b8a6986cf49e80578cf6233476e522.php 第 45 行.
NOTIC: [2] array_pop() expects parameter 1 to be array, null given E:\wamp\wamp\www\-\Application\Runtime\Cache\Admin\54b8a6986cf49e80578cf6233476e522.php 第 109 行.
NOTIC: [2] Invalid argument supplied for foreach() E:\wamp\wamp\www\-\Application\Runtime\Cache\Admin\54b8a6986cf49e80578cf6233476e522.php 第 109 行.
NOTIC: [8] Undefined variable: active E:\wamp\wamp\www\-\Application\Runtime\Cache\Admin\54b8a6986cf49e80578cf6233476e522.php 第 112 行.
NOTIC: [8] Undefined variable: info E:\wamp\wamp\www\-\Application\Runtime\Cache\Admin\54b8a6986cf49e80578cf6233476e522.php 第 174 行.
NOTIC: [8] Undefined variable: resshop E:\wamp\wamp\www\-\Application\Runtime\Cache\Admin\54b8a6986cf49e80578cf6233476e522.php 第 193 行.
INFO: Run Behavior\ParseTemplateBehavior [ RunTime:0.203125s ]
INFO: [ view_parse ] --END-- [ RunTime:0.203125s ]
INFO: [ view_filter ] --START--
INFO: Run Behavior\WriteHtmlCacheBehavior [ RunTime:0.000000s ]
INFO: [ view_filter ] --END-- [ RunTime:0.000000s ]
INFO: [ app_end ] --START--
INFO: Run Behavior\ShowPageTraceBehavior [ RunTime:0.015625s ]
INFO: [ app_end ] --END-- [ RunTime:0.015625s ]

[ 2018-01-04T16:50:41+08:00 ] 127.0.0.1 /-/index.php/Admin/Shop/index.html?id=null
INFO: [ app_init ] --START--
INFO: Run Behavior\BuildLiteBehavior [ RunTime:0.000000s ]
INFO: [ app_init ] --END-- [ RunTime:0.015625s ]
INFO: [ app_begin ] --START--
INFO: Run Behavior\ReadHtmlCacheBehavior [ RunTime:0.000000s ]
INFO: [ app_begin ] --END-- [ RunTime:0.000000s ]
SQL: SHOW COLUMNS FROM `shop` [ RunTime:0.0000s ]
SQL: SELECT * FROM `shop` WHERE `depchengshi` = 0  [ RunTime:0.0156s ]
SQL: SHOW COLUMNS FROM `chengshi` [ RunTime:0.0000s ]
SQL: SELECT * FROM `chengshi`  [ RunTime:0.0000s ]
INFO: [ view_parse ] --START--
INFO: [ template_filter ] --START--
INFO: Run Behavior\ContentReplaceBehavior [ RunTime:0.000000s ]
INFO: [ template_filter ] --END-- [ RunTime:0.000000s ]
NOTIC: [8] Undefined index: name E:\wamp\wamp\www\-\Application\Runtime\Cache\Admin\52fa67f14c08742f6c521ab8140bab06.php 第 45 行.
NOTIC: [8] Undefined index: name E:\wamp\wamp\www\-\Application\Runtime\Cache\Admin\52fa67f14c08742f6c521ab8140bab06.php 第 45 行.
NOTIC: [8] Undefined index: name E:\wamp\wamp\www\-\Application\Runtime\Cache\Admin\52fa67f14c08742f6c521ab8140bab06.php 第 45 行.
NOTIC: [8] Undefined index: name E:\wamp\wamp\www\-\Application\Runtime\Cache\Admin\52fa67f14c08742f6c521ab8140bab06.php 第 45 行.
NOTIC: [2] array_pop() expects parameter 1 to be array, null given E:\wamp\wamp\www\-\Application\Runtime\Cache\Admin\52fa67f14c08742f6c521ab8140bab06.php 第 109 行.
NOTIC: [2] Invalid argument supplied for foreach() E:\wamp\wamp\www\-\Application\Runtime\Cache\Admin\52fa67f14c08742f6c521ab8140bab06.php 第 109 行.
NOTIC: [8] Undefined variable: active E:\wamp\wamp\www\-\Application\Runtime\Cache\Admin\52fa67f14c08742f6c521ab8140bab06.php 第 112 行.
NOTIC: [8] Undefined variable: info E:\wamp\wamp\www\-\Application\Runtime\Cache\Admin\52fa67f14c08742f6c521ab8140bab06.php 第 174 行.
INFO: Run Behavior\ParseTemplateBehavior [ RunTime:0.109375s ]
INFO: [ view_parse ] --END-- [ RunTime:0.109375s ]
INFO: [ view_filter ] --START--
INFO: Run Behavior\WriteHtmlCacheBehavior [ RunTime:0.000000s ]
INFO: [ view_filter ] --END-- [ RunTime:0.000000s ]
INFO: [ app_end ] --START--
INFO: Run Behavior\ShowPageTraceBehavior [ RunTime:0.000000s ]
INFO: [ app_end ] --END-- [ RunTime:0.015625s ]

[ 2018-01-04T16:50:44+08:00 ] 127.0.0.1 /-/index.php/Admin/Shop/index.html?id=1
INFO: [ app_init ] --START--
INFO: Run Behavior\BuildLiteBehavior [ RunTime:0.000000s ]
INFO: [ app_init ] --END-- [ RunTime:0.000000s ]
INFO: [ app_begin ] --START--
INFO: Run Behavior\ReadHtmlCacheBehavior [ RunTime:0.000000s ]
INFO: [ app_begin ] --END-- [ RunTime:0.000000s ]
SQL: SHOW COLUMNS FROM `shop` [ RunTime:0.0000s ]
SQL: SELECT * FROM `shop`  [ RunTime:0.0000s ]
SQL: SHOW COLUMNS FROM `chengshi` [ RunTime:0.0156s ]
SQL: SELECT * FROM `chengshi`  [ RunTime:0.0000s ]
INFO: [ view_parse ] --START--
INFO: [ template_filter ] --START--
INFO: Run Behavior\ContentReplaceBehavior [ RunTime:0.000000s ]
INFO: [ template_filter ] --END-- [ RunTime:0.000000s ]
NOTIC: [8] Undefined index: name E:\wamp\wamp\www\-\Application\Runtime\Cache\Admin\52fa67f14c08742f6c521ab8140bab06.php 第 45 行.
NOTIC: [8] Undefined index: name E:\wamp\wamp\www\-\Application\Runtime\Cache\Admin\52fa67f14c08742f6c521ab8140bab06.php 第 45 行.
NOTIC: [8] Undefined index: name E:\wamp\wamp\www\-\Application\Runtime\Cache\Admin\52fa67f14c08742f6c521ab8140bab06.php 第 45 行.
NOTIC: [8] Undefined index: name E:\wamp\wamp\www\-\Application\Runtime\Cache\Admin\52fa67f14c08742f6c521ab8140bab06.php 第 45 行.
NOTIC: [2] array_pop() expects parameter 1 to be array, null given E:\wamp\wamp\www\-\Application\Runtime\Cache\Admin\52fa67f14c08742f6c521ab8140bab06.php 第 109 行.
NOTIC: [2] Invalid argument supplied for foreach() E:\wamp\wamp\www\-\Application\Runtime\Cache\Admin\52fa67f14c08742f6c521ab8140bab06.php 第 109 行.
NOTIC: [8] Undefined variable: active E:\wamp\wamp\www\-\Application\Runtime\Cache\Admin\52fa67f14c08742f6c521ab8140bab06.php 第 112 行.
NOTIC: [8] Undefined variable: info E:\wamp\wamp\www\-\Application\Runtime\Cache\Admin\52fa67f14c08742f6c521ab8140bab06.php 第 174 行.
SQL: SELECT `mingch` FROM `chengshi` WHERE `id` = 1  [ RunTime:0.0000s ]
SQL: SHOW COLUMNS FROM `shop_type` [ RunTime:0.0156s ]
SQL: SELECT `mingch` FROM `shop_type` WHERE `id` = 1  [ RunTime:0.0000s ]
SQL: SELECT `mingch` FROM `chengshi` WHERE `id` = 2  [ RunTime:0.0000s ]
SQL: SELECT `mingch` FROM `shop_type` WHERE `id` = 1  [ RunTime:0.0156s ]
SQL: SELECT `mingch` FROM `chengshi` WHERE `id` = 1  [ RunTime:0.0000s ]
SQL: SELECT `mingch` FROM `shop_type` WHERE `id` = 2  [ RunTime:0.0000s ]
SQL: SELECT `mingch` FROM `chengshi` WHERE `id` = 1  [ RunTime:0.0000s ]
SQL: SELECT `mingch` FROM `shop_type` WHERE `id` = 1  [ RunTime:0.0000s ]
SQL: SELECT `mingch` FROM `chengshi` WHERE `id` = 1  [ RunTime:0.0000s ]
SQL: SELECT `mingch` FROM `shop_type` WHERE `id` = 1  [ RunTime:0.0000s ]
INFO: Run Behavior\ParseTemplateBehavior [ RunTime:0.156250s ]
INFO: [ view_parse ] --END-- [ RunTime:0.156250s ]
INFO: [ view_filter ] --START--
INFO: Run Behavior\WriteHtmlCacheBehavior [ RunTime:0.000000s ]
INFO: [ view_filter ] --END-- [ RunTime:0.000000s ]
INFO: [ app_end ] --START--
INFO: Run Behavior\ShowPageTraceBehavior [ RunTime:0.015625s ]
INFO: [ app_end ] --END-- [ RunTime:0.015625s ]

[ 2018-01-04T16:50:46+08:00 ] 127.0.0.1 /-/index.php/Admin/Event/index.html?id=1
INFO: [ app_init ] --START--
INFO: Run Behavior\BuildLiteBehavior [ RunTime:0.000000s ]
INFO: [ app_init ] --END-- [ RunTime:0.015625s ]
INFO: [ app_begin ] --START--
INFO: Run Behavior\ReadHtmlCacheBehavior [ RunTime:0.015625s ]
INFO: [ app_begin ] --END-- [ RunTime:0.015625s ]
INFO: [ view_parse ] --START--
INFO: [ template_filter ] --START--
INFO: Run Behavior\ContentReplaceBehavior [ RunTime:0.000000s ]
INFO: [ template_filter ] --END-- [ RunTime:0.000000s ]
NOTIC: [8] Undefined variable: res E:\wamp\wamp\www\-\Application\Runtime\Cache\Admin\54b8a6986cf49e80578cf6233476e522.php 第 45 行.
NOTIC: [2] array_pop() expects parameter 1 to be array, null given E:\wamp\wamp\www\-\Application\Runtime\Cache\Admin\54b8a6986cf49e80578cf6233476e522.php 第 109 行.
NOTIC: [2] Invalid argument supplied for foreach() E:\wamp\wamp\www\-\Application\Runtime\Cache\Admin\54b8a6986cf49e80578cf6233476e522.php 第 109 行.
NOTIC: [8] Undefined variable: active E:\wamp\wamp\www\-\Application\Runtime\Cache\Admin\54b8a6986cf49e80578cf6233476e522.php 第 112 行.
NOTIC: [8] Undefined variable: info E:\wamp\wamp\www\-\Application\Runtime\Cache\Admin\54b8a6986cf49e80578cf6233476e522.php 第 174 行.
NOTIC: [8] Undefined variable: resshop E:\wamp\wamp\www\-\Application\Runtime\Cache\Admin\54b8a6986cf49e80578cf6233476e522.php 第 193 行.
INFO: Run Behavior\ParseTemplateBehavior [ RunTime:0.140625s ]
INFO: [ view_parse ] --END-- [ RunTime:0.140625s ]
INFO: [ view_filter ] --START--
INFO: Run Behavior\WriteHtmlCacheBehavior [ RunTime:0.000000s ]
INFO: [ view_filter ] --END-- [ RunTime:0.000000s ]
INFO: [ app_end ] --START--
INFO: Run Behavior\ShowPageTraceBehavior [ RunTime:0.000000s ]
INFO: [ app_end ] --END-- [ RunTime:0.000000s ]

[ 2018-01-04T16:54:41+08:00 ] 127.0.0.1 /-/index.php/Admin/Shop/index.html?id=null
INFO: [ app_init ] --START--
INFO: Run Behavior\BuildLiteBehavior [ RunTime:0.000000s ]
INFO: [ app_init ] --END-- [ RunTime:0.015625s ]
INFO: [ app_begin ] --START--
INFO: Run Behavior\ReadHtmlCacheBehavior [ RunTime:0.015625s ]
INFO: [ app_begin ] --END-- [ RunTime:0.015625s ]
SQL: SHOW COLUMNS FROM `shop` [ RunTime:0.0000s ]
SQL: SELECT * FROM `shop` WHERE `depchengshi` = 0  [ RunTime:0.0000s ]
SQL: SHOW COLUMNS FROM `chengshi` [ RunTime:0.0156s ]
SQL: SELECT * FROM `chengshi`  [ RunTime:0.0000s ]
INFO: [ view_parse ] --START--
INFO: [ template_filter ] --START--
INFO: Run Behavior\ContentReplaceBehavior [ RunTime:0.000000s ]
INFO: [ template_filter ] --END-- [ RunTime:0.000000s ]
NOTIC: [8] Undefined index: name E:\wamp\wamp\www\-\Application\Runtime\Cache\Admin\52fa67f14c08742f6c521ab8140bab06.php 第 45 行.
NOTIC: [8] Undefined index: name E:\wamp\wamp\www\-\Application\Runtime\Cache\Admin\52fa67f14c08742f6c521ab8140bab06.php 第 45 行.
NOTIC: [8] Undefined index: name E:\wamp\wamp\www\-\Application\Runtime\Cache\Admin\52fa67f14c08742f6c521ab8140bab06.php 第 45 行.
NOTIC: [8] Undefined index: name E:\wamp\wamp\www\-\Application\Runtime\Cache\Admin\52fa67f14c08742f6c521ab8140bab06.php 第 45 行.
NOTIC: [2] array_pop() expects parameter 1 to be array, null given E:\wamp\wamp\www\-\Application\Runtime\Cache\Admin\52fa67f14c08742f6c521ab8140bab06.php 第 109 行.
NOTIC: [2] Invalid argument supplied for foreach() E:\wamp\wamp\www\-\Application\Runtime\Cache\Admin\52fa67f14c08742f6c521ab8140bab06.php 第 109 行.
NOTIC: [8] Undefined variable: active E:\wamp\wamp\www\-\Application\Runtime\Cache\Admin\52fa67f14c08742f6c521ab8140bab06.php 第 112 行.
NOTIC: [8] Undefined variable: info E:\wamp\wamp\www\-\Application\Runtime\Cache\Admin\52fa67f14c08742f6c521ab8140bab06.php 第 174 行.
INFO: Run Behavior\ParseTemplateBehavior [ RunTime:0.140625s ]
INFO: [ view_parse ] --END-- [ RunTime:0.140625s ]
INFO: [ view_filter ] --START--
INFO: Run Behavior\WriteHtmlCacheBehavior [ RunTime:0.000000s ]
INFO: [ view_filter ] --END-- [ RunTime:0.000000s ]
INFO: [ app_end ] --START--
INFO: Run Behavior\ShowPageTraceBehavior [ RunTime:0.015625s ]
INFO: [ app_end ] --END-- [ RunTime:0.015625s ]

[ 2018-01-04T16:54:47+08:00 ] 127.0.0.1 /-/index.php/Admin/Shop/index.html?id=1
INFO: [ app_init ] --START--
INFO: Run Behavior\BuildLiteBehavior [ RunTime:0.000000s ]
INFO: [ app_init ] --END-- [ RunTime:0.000000s ]
INFO: [ app_begin ] --START--
INFO: Run Behavior\ReadHtmlCacheBehavior [ RunTime:0.000000s ]
INFO: [ app_begin ] --END-- [ RunTime:0.000000s ]
SQL: SHOW COLUMNS FROM `shop` [ RunTime:0.0000s ]
SQL: SELECT * FROM `shop`  [ RunTime:0.0000s ]
SQL: SHOW COLUMNS FROM `chengshi` [ RunTime:0.0156s ]
SQL: SELECT * FROM `chengshi`  [ RunTime:0.0000s ]
INFO: [ view_parse ] --START--
INFO: [ template_filter ] --START--
INFO: Run Behavior\ContentReplaceBehavior [ RunTime:0.000000s ]
INFO: [ template_filter ] --END-- [ RunTime:0.000000s ]
NOTIC: [8] Undefined index: name E:\wamp\wamp\www\-\Application\Runtime\Cache\Admin\52fa67f14c08742f6c521ab8140bab06.php 第 45 行.
NOTIC: [8] Undefined index: name E:\wamp\wamp\www\-\Application\Runtime\Cache\Admin\52fa67f14c08742f6c521ab8140bab06.php 第 45 行.
NOTIC: [8] Undefined index: name E:\wamp\wamp\www\-\Application\Runtime\Cache\Admin\52fa67f14c08742f6c521ab8140bab06.php 第 45 行.
NOTIC: [8] Undefined index: name E:\wamp\wamp\www\-\Application\Runtime\Cache\Admin\52fa67f14c08742f6c521ab8140bab06.php 第 45 行.
NOTIC: [2] array_pop() expects parameter 1 to be array, null given E:\wamp\wamp\www\-\Application\Runtime\Cache\Admin\52fa67f14c08742f6c521ab8140bab06.php 第 109 行.
NOTIC: [2] Invalid argument supplied for foreach() E:\wamp\wamp\www\-\Application\Runtime\Cache\Admin\52fa67f14c08742f6c521ab8140bab06.php 第 109 行.
NOTIC: [8] Undefined variable: active E:\wamp\wamp\www\-\Application\Runtime\Cache\Admin\52fa67f14c08742f6c521ab8140bab06.php 第 112 行.
NOTIC: [8] Undefined variable: info E:\wamp\wamp\www\-\Application\Runtime\Cache\Admin\52fa67f14c08742f6c521ab8140bab06.php 第 174 行.
SQL: SELECT `mingch` FROM `chengshi` WHERE `id` = 1  [ RunTime:0.0000s ]
SQL: SHOW COLUMNS FROM `shop_type` [ RunTime:0.0156s ]
SQL: SELECT `mingch` FROM `shop_type` WHERE `id` = 1  [ RunTime:0.0000s ]
SQL: SELECT `mingch` FROM `chengshi` WHERE `id` = 2  [ RunTime:0.0000s ]
SQL: SELECT `mingch` FROM `shop_type` WHERE `id` = 1  [ RunTime:0.0000s ]
SQL: SELECT `mingch` FROM `chengshi` WHERE `id` = 1  [ RunTime:0.0156s ]
SQL: SELECT `mingch` FROM `shop_type` WHERE `id` = 2  [ RunTime:0.0000s ]
SQL: SELECT `mingch` FROM `chengshi` WHERE `id` = 1  [ RunTime:0.0000s ]
SQL: SELECT `mingch` FROM `shop_type` WHERE `id` = 1  [ RunTime:0.0000s ]
SQL: SELECT `mingch` FROM `chengshi` WHERE `id` = 1  [ RunTime:0.0156s ]
SQL: SELECT `mingch` FROM `shop_type` WHERE `id` = 1  [ RunTime:0.0000s ]
INFO: Run Behavior\ParseTemplateBehavior [ RunTime:0.171875s ]
INFO: [ view_parse ] --END-- [ RunTime:0.171875s ]
INFO: [ view_filter ] --START--
INFO: Run Behavior\WriteHtmlCacheBehavior [ RunTime:0.015625s ]
INFO: [ view_filter ] --END-- [ RunTime:0.015625s ]
INFO: [ app_end ] --START--
INFO: Run Behavior\ShowPageTraceBehavior [ RunTime:0.000000s ]
INFO: [ app_end ] --END-- [ RunTime:0.000000s ]

[ 2018-01-04T16:56:46+08:00 ] 127.0.0.1 /-/index.php/Admin/Event/index.html?id=1
INFO: [ app_init ] --START--
INFO: Run Behavior\BuildLiteBehavior [ RunTime:0.000000s ]
INFO: [ app_init ] --END-- [ RunTime:0.000000s ]
INFO: [ app_begin ] --START--
INFO: Run Behavior\ReadHtmlCacheBehavior [ RunTime:0.000000s ]
INFO: [ app_begin ] --END-- [ RunTime:0.000000s ]
INFO: [ view_parse ] --START--
INFO: [ template_filter ] --START--
INFO: Run Behavior\ContentReplaceBehavior [ RunTime:0.000000s ]
INFO: [ template_filter ] --END-- [ RunTime:0.000000s ]
NOTIC: [8] Undefined variable: res E:\wamp\wamp\www\-\Application\Runtime\Cache\Admin\54b8a6986cf49e80578cf6233476e522.php 第 45 行.
NOTIC: [2] array_pop() expects parameter 1 to be array, null given E:\wamp\wamp\www\-\Application\Runtime\Cache\Admin\54b8a6986cf49e80578cf6233476e522.php 第 109 行.
NOTIC: [2] Invalid argument supplied for foreach() E:\wamp\wamp\www\-\Application\Runtime\Cache\Admin\54b8a6986cf49e80578cf6233476e522.php 第 109 行.
NOTIC: [8] Undefined variable: active E:\wamp\wamp\www\-\Application\Runtime\Cache\Admin\54b8a6986cf49e80578cf6233476e522.php 第 112 行.
NOTIC: [8] Undefined variable: info E:\wamp\wamp\www\-\Application\Runtime\Cache\Admin\54b8a6986cf49e80578cf6233476e522.php 第 174 行.
NOTIC: [8] Undefined variable: resshop E:\wamp\wamp\www\-\Application\Runtime\Cache\Admin\54b8a6986cf49e80578cf6233476e522.php 第 187 行.
INFO: Run Behavior\ParseTemplateBehavior [ RunTime:0.187500s ]
INFO: [ view_parse ] --END-- [ RunTime:0.187500s ]
INFO: [ view_filter ] --START--
INFO: Run Behavior\WriteHtmlCacheBehavior [ RunTime:0.062500s ]
INFO: [ view_filter ] --END-- [ RunTime:0.062500s ]
INFO: [ app_end ] --START--
INFO: Run Behavior\ShowPageTraceBehavior [ RunTime:0.015625s ]
INFO: [ app_end ] --END-- [ RunTime:0.015625s ]

[ 2018-01-04T16:57:36+08:00 ] 127.0.0.1 /-/index.php/Admin/Event/index.html?id=null
INFO: [ app_init ] --START--
INFO: Run Behavior\BuildLiteBehavior [ RunTime:0.000000s ]
INFO: [ app_init ] --END-- [ RunTime:0.000000s ]
INFO: [ app_begin ] --START--
INFO: Run Behavior\ReadHtmlCacheBehavior [ RunTime:0.000000s ]
INFO: [ app_begin ] --END-- [ RunTime:0.000000s ]
INFO: [ view_parse ] --START--
INFO: [ template_filter ] --START--
INFO: Run Behavior\ContentReplaceBehavior [ RunTime:0.000000s ]
INFO: [ template_filter ] --END-- [ RunTime:0.000000s ]
NOTIC: [8] Undefined variable: res E:\wamp\wamp\www\-\Application\Runtime\Cache\Admin\54b8a6986cf49e80578cf6233476e522.php 第 45 行.
NOTIC: [2] array_pop() expects parameter 1 to be array, null given E:\wamp\wamp\www\-\Application\Runtime\Cache\Admin\54b8a6986cf49e80578cf6233476e522.php 第 109 行.
NOTIC: [2] Invalid argument supplied for foreach() E:\wamp\wamp\www\-\Application\Runtime\Cache\Admin\54b8a6986cf49e80578cf6233476e522.php 第 109 行.
NOTIC: [8] Undefined variable: active E:\wamp\wamp\www\-\Application\Runtime\Cache\Admin\54b8a6986cf49e80578cf6233476e522.php 第 112 行.
NOTIC: [8] Undefined variable: info E:\wamp\wamp\www\-\Application\Runtime\Cache\Admin\54b8a6986cf49e80578cf6233476e522.php 第 174 行.
NOTIC: [8] Undefined variable: resshop E:\wamp\wamp\www\-\Application\Runtime\Cache\Admin\54b8a6986cf49e80578cf6233476e522.php 第 187 行.
INFO: Run Behavior\ParseTemplateBehavior [ RunTime:0.125000s ]
INFO: [ view_parse ] --END-- [ RunTime:0.125000s ]
INFO: [ view_filter ] --START--
INFO: Run Behavior\WriteHtmlCacheBehavior [ RunTime:0.000000s ]
INFO: [ view_filter ] --END-- [ RunTime:0.000000s ]
INFO: [ app_end ] --START--
INFO: Run Behavior\ShowPageTraceBehavior [ RunTime:0.000000s ]
INFO: [ app_end ] --END-- [ RunTime:0.000000s ]

[ 2018-01-04T16:57:39+08:00 ] 127.0.0.1 /-/index.php/Admin/Event/index.html?id=null
INFO: [ app_init ] --START--
INFO: Run Behavior\BuildLiteBehavior [ RunTime:0.000000s ]
INFO: [ app_init ] --END-- [ RunTime:0.000000s ]
INFO: [ app_begin ] --START--
INFO: Run Behavior\ReadHtmlCacheBehavior [ RunTime:0.000000s ]
INFO: [ app_begin ] --END-- [ RunTime:0.000000s ]
INFO: [ view_parse ] --START--
INFO: [ template_filter ] --START--
INFO: Run Behavior\ContentReplaceBehavior [ RunTime:0.000000s ]
INFO: [ template_filter ] --END-- [ RunTime:0.000000s ]
NOTIC: [8] Undefined variable: res E:\wamp\wamp\www\-\Application\Runtime\Cache\Admin\54b8a6986cf49e80578cf6233476e522.php 第 45 行.
NOTIC: [2] array_pop() expects parameter 1 to be array, null given E:\wamp\wamp\www\-\Application\Runtime\Cache\Admin\54b8a6986cf49e80578cf6233476e522.php 第 109 行.
NOTIC: [2] Invalid argument supplied for foreach() E:\wamp\wamp\www\-\Application\Runtime\Cache\Admin\54b8a6986cf49e80578cf6233476e522.php 第 109 行.
NOTIC: [8] Undefined variable: active E:\wamp\wamp\www\-\Application\Runtime\Cache\Admin\54b8a6986cf49e80578cf6233476e522.php 第 112 行.
NOTIC: [8] Undefined variable: info E:\wamp\wamp\www\-\Application\Runtime\Cache\Admin\54b8a6986cf49e80578cf6233476e522.php 第 174 行.
NOTIC: [8] Undefined variable: resshop E:\wamp\wamp\www\-\Application\Runtime\Cache\Admin\54b8a6986cf49e80578cf6233476e522.php 第 187 行.
INFO: Run Behavior\ParseTemplateBehavior [ RunTime:0.125000s ]
INFO: [ view_parse ] --END-- [ RunTime:0.125000s ]
INFO: [ view_filter ] --START--
INFO: Run Behavior\WriteHtmlCacheBehavior [ RunTime:0.000000s ]
INFO: [ view_filter ] --END-- [ RunTime:0.000000s ]
INFO: [ app_end ] --START--
INFO: Run Behavior\ShowPageTraceBehavior [ RunTime:0.015625s ]
INFO: [ app_end ] --END-- [ RunTime:0.015625s ]

[ 2018-01-04T16:57:47+08:00 ] 127.0.0.1 /-/index.php/Admin/Event/index.html?id=null
INFO: [ app_init ] --START--
INFO: Run Behavior\BuildLiteBehavior [ RunTime:0.000000s ]
INFO: [ app_init ] --END-- [ RunTime:0.000000s ]
INFO: [ app_begin ] --START--
INFO: Run Behavior\ReadHtmlCacheBehavior [ RunTime:0.000000s ]
INFO: [ app_begin ] --END-- [ RunTime:0.000000s ]
INFO: [ view_parse ] --START--
INFO: [ template_filter ] --START--
INFO: Run Behavior\ContentReplaceBehavior [ RunTime:0.000000s ]
INFO: [ template_filter ] --END-- [ RunTime:0.000000s ]
NOTIC: [8] Undefined variable: res E:\wamp\wamp\www\-\Application\Runtime\Cache\Admin\54b8a6986cf49e80578cf6233476e522.php 第 45 行.
NOTIC: [2] array_pop() expects parameter 1 to be array, null given E:\wamp\wamp\www\-\Application\Runtime\Cache\Admin\54b8a6986cf49e80578cf6233476e522.php 第 109 行.
NOTIC: [2] Invalid argument supplied for foreach() E:\wamp\wamp\www\-\Application\Runtime\Cache\Admin\54b8a6986cf49e80578cf6233476e522.php 第 109 行.
NOTIC: [8] Undefined variable: active E:\wamp\wamp\www\-\Application\Runtime\Cache\Admin\54b8a6986cf49e80578cf6233476e522.php 第 112 行.
NOTIC: [8] Undefined variable: info E:\wamp\wamp\www\-\Application\Runtime\Cache\Admin\54b8a6986cf49e80578cf6233476e522.php 第 174 行.
NOTIC: [8] Undefined variable: resshop E:\wamp\wamp\www\-\Application\Runtime\Cache\Admin\54b8a6986cf49e80578cf6233476e522.php 第 187 行.
INFO: Run Behavior\ParseTemplateBehavior [ RunTime:0.187500s ]
INFO: [ view_parse ] --END-- [ RunTime:0.187500s ]
INFO: [ view_filter ] --START--
INFO: Run Behavior\WriteHtmlCacheBehavior [ RunTime:0.000000s ]
INFO: [ view_filter ] --END-- [ RunTime:0.000000s ]
INFO: [ app_end ] --START--
INFO: Run Behavior\ShowPageTraceBehavior [ RunTime:0.015625s ]
INFO: [ app_end ] --END-- [ RunTime:0.015625s ]

[ 2018-01-04T16:57:50+08:00 ] 127.0.0.1 /-/index.php/Admin/Event/index.html?id=null
INFO: [ app_init ] --START--
INFO: Run Behavior\BuildLiteBehavior [ RunTime:0.000000s ]
INFO: [ app_init ] --END-- [ RunTime:0.000000s ]
INFO: [ app_begin ] --START--
INFO: Run Behavior\ReadHtmlCacheBehavior [ RunTime:0.015625s ]
INFO: [ app_begin ] --END-- [ RunTime:0.015625s ]
INFO: [ view_parse ] --START--
INFO: [ template_filter ] --START--
INFO: Run Behavior\ContentReplaceBehavior [ RunTime:0.000000s ]
INFO: [ template_filter ] --END-- [ RunTime:0.000000s ]
NOTIC: [8] Undefined variable: res E:\wamp\wamp\www\-\Application\Runtime\Cache\Admin\54b8a6986cf49e80578cf6233476e522.php 第 45 行.
NOTIC: [2] array_pop() expects parameter 1 to be array, null given E:\wamp\wamp\www\-\Application\Runtime\Cache\Admin\54b8a6986cf49e80578cf6233476e522.php 第 109 行.
NOTIC: [2] Invalid argument supplied for foreach() E:\wamp\wamp\www\-\Application\Runtime\Cache\Admin\54b8a6986cf49e80578cf6233476e522.php 第 109 行.
NOTIC: [8] Undefined variable: active E:\wamp\wamp\www\-\Application\Runtime\Cache\Admin\54b8a6986cf49e80578cf6233476e522.php 第 112 行.
NOTIC: [8] Undefined variable: info E:\wamp\wamp\www\-\Application\Runtime\Cache\Admin\54b8a6986cf49e80578cf6233476e522.php 第 174 行.
NOTIC: [8] Undefined variable: resshop E:\wamp\wamp\www\-\Application\Runtime\Cache\Admin\54b8a6986cf49e80578cf6233476e522.php 第 187 行.
INFO: Run Behavior\ParseTemplateBehavior [ RunTime:0.125000s ]
INFO: [ view_parse ] --END-- [ RunTime:0.125000s ]
INFO: [ view_filter ] --START--
INFO: Run Behavior\WriteHtmlCacheBehavior [ RunTime:0.000000s ]
INFO: [ view_filter ] --END-- [ RunTime:0.000000s ]
INFO: [ app_end ] --START--
INFO: Run Behavior\ShowPageTraceBehavior [ RunTime:0.000000s ]
INFO: [ app_end ] --END-- [ RunTime:0.000000s ]

[ 2018-01-04T16:58:19+08:00 ] 127.0.0.1 /-/index.php/Admin/Event/index.html?id=null
INFO: [ app_init ] --START--
INFO: Run Behavior\BuildLiteBehavior [ RunTime:0.000000s ]
INFO: [ app_init ] --END-- [ RunTime:0.000000s ]
INFO: [ app_begin ] --START--
INFO: Run Behavior\ReadHtmlCacheBehavior [ RunTime:0.015625s ]
INFO: [ app_begin ] --END-- [ RunTime:0.015625s ]
INFO: [ view_parse ] --START--
INFO: [ template_filter ] --START--
INFO: Run Behavior\ContentReplaceBehavior [ RunTime:0.000000s ]
INFO: [ template_filter ] --END-- [ RunTime:0.000000s ]
NOTIC: [8] Undefined variable: res E:\wamp\wamp\www\-\Application\Runtime\Cache\Admin\54b8a6986cf49e80578cf6233476e522.php 第 45 行.
NOTIC: [2] array_pop() expects parameter 1 to be array, null given E:\wamp\wamp\www\-\Application\Runtime\Cache\Admin\54b8a6986cf49e80578cf6233476e522.php 第 109 行.
NOTIC: [2] Invalid argument supplied for foreach() E:\wamp\wamp\www\-\Application\Runtime\Cache\Admin\54b8a6986cf49e80578cf6233476e522.php 第 109 行.
NOTIC: [8] Undefined variable: active E:\wamp\wamp\www\-\Application\Runtime\Cache\Admin\54b8a6986cf49e80578cf6233476e522.php 第 112 行.
NOTIC: [8] Undefined variable: info E:\wamp\wamp\www\-\Application\Runtime\Cache\Admin\54b8a6986cf49e80578cf6233476e522.php 第 174 行.
NOTIC: [8] Undefined variable: resshop E:\wamp\wamp\www\-\Application\Runtime\Cache\Admin\54b8a6986cf49e80578cf6233476e522.php 第 187 行.
INFO: Run Behavior\ParseTemplateBehavior [ RunTime:0.140625s ]
INFO: [ view_parse ] --END-- [ RunTime:0.140625s ]
INFO: [ view_filter ] --START--
INFO: Run Behavior\WriteHtmlCacheBehavior [ RunTime:0.000000s ]
INFO: [ view_filter ] --END-- [ RunTime:0.000000s ]
INFO: [ app_end ] --START--
INFO: Run Behavior\ShowPageTraceBehavior [ RunTime:0.015625s ]
INFO: [ app_end ] --END-- [ RunTime:0.015625s ]

[ 2018-01-04T17:20:30+08:00 ] 127.0.0.1 /-/index.php/Admin/Event/index.html?id=null
INFO: [ app_init ] --START--
INFO: Run Behavior\BuildLiteBehavior [ RunTime:0.000000s ]
INFO: [ app_init ] --END-- [ RunTime:0.000000s ]
INFO: [ app_begin ] --START--
INFO: Run Behavior\ReadHtmlCacheBehavior [ RunTime:0.000000s ]
INFO: [ app_begin ] --END-- [ RunTime:0.000000s ]
ERR: 1146:Table 'kuaidian.event' doesn't exist
 [ SQL语句 ] : SHOW COLUMNS FROM `event`
ERR: 1146:Table 'kuaidian.event' doesn't exist
 [ SQL语句 ] : SHOW COLUMNS FROM `event`

[ 2018-01-04T17:27:17+08:00 ] 127.0.0.1 /-/index.php/Admin/Event/index.html?id=null
INFO: [ app_init ] --START--
INFO: Run Behavior\BuildLiteBehavior [ RunTime:0.000000s ]
INFO: [ app_init ] --END-- [ RunTime:0.031250s ]
INFO: [ app_begin ] --START--
INFO: Run Behavior\ReadHtmlCacheBehavior [ RunTime:0.015625s ]
INFO: [ app_begin ] --END-- [ RunTime:0.015625s ]
SQL: SHOW COLUMNS FROM `event` [ RunTime:0.0000s ]
SQL: SELECT * FROM `event`  [ RunTime:0.0156s ]
INFO: [ view_parse ] --START--
INFO: [ template_filter ] --START--
INFO: Run Behavior\ContentReplaceBehavior [ RunTime:0.000000s ]
INFO: [ template_filter ] --END-- [ RunTime:0.000000s ]
NOTIC: [8] Undefined variable: res E:\wamp\wamp\www\-\Application\Runtime\Cache\Admin\54b8a6986cf49e80578cf6233476e522.php 第 45 行.
NOTIC: [2] array_pop() expects parameter 1 to be array, null given E:\wamp\wamp\www\-\Application\Runtime\Cache\Admin\54b8a6986cf49e80578cf6233476e522.php 第 109 行.
NOTIC: [2] Invalid argument supplied for foreach() E:\wamp\wamp\www\-\Application\Runtime\Cache\Admin\54b8a6986cf49e80578cf6233476e522.php 第 109 行.
NOTIC: [8] Undefined variable: active E:\wamp\wamp\www\-\Application\Runtime\Cache\Admin\54b8a6986cf49e80578cf6233476e522.php 第 112 行.
NOTIC: [8] Undefined variable: info E:\wamp\wamp\www\-\Application\Runtime\Cache\Admin\54b8a6986cf49e80578cf6233476e522.php 第 174 行.
NOTIC: [8] Undefined variable: resshop E:\wamp\wamp\www\-\Application\Runtime\Cache\Admin\54b8a6986cf49e80578cf6233476e522.php 第 187 行.
INFO: Run Behavior\ParseTemplateBehavior [ RunTime:0.125000s ]
INFO: [ view_parse ] --END-- [ RunTime:0.125000s ]
INFO: [ view_filter ] --START--
INFO: Run Behavior\WriteHtmlCacheBehavior [ RunTime:0.015625s ]
INFO: [ view_filter ] --END-- [ RunTime:0.015625s ]
INFO: [ app_end ] --START--
INFO: Run Behavior\ShowPageTraceBehavior [ RunTime:0.000000s ]
INFO: [ app_end ] --END-- [ RunTime:0.000000s ]

[ 2018-01-04T17:35:25+08:00 ] 127.0.0.1 /-/index.php/Admin/Shop/index.html?id=null
INFO: [ app_init ] --START--
INFO: Run Behavior\BuildLiteBehavior [ RunTime:0.000000s ]
INFO: [ app_init ] --END-- [ RunTime:0.000000s ]
INFO: [ app_begin ] --START--
INFO: Run Behavior\ReadHtmlCacheBehavior [ RunTime:0.015625s ]
INFO: [ app_begin ] --END-- [ RunTime:0.015625s ]
SQL: SHOW COLUMNS FROM `shop` [ RunTime:0.0000s ]
SQL: SELECT * FROM `shop`  [ RunTime:0.0000s ]
ERR: 1146:Table 'kuaidian.chengshi' doesn't exist
 [ SQL语句 ] : SHOW COLUMNS FROM `chengshi`
ERR: 1146:Table 'kuaidian.chengshi' doesn't exist
 [ SQL语句 ] : SHOW COLUMNS FROM `chengshi`

[ 2018-01-04T17:35:47+08:00 ] 127.0.0.1 /-/index.php/Admin/Index/dodenglu.html
INFO: [ app_init ] --START--
INFO: Run Behavior\BuildLiteBehavior [ RunTime:0.000000s ]
INFO: [ app_init ] --END-- [ RunTime:0.000000s ]
INFO: [ app_begin ] --START--
INFO: Run Behavior\ReadHtmlCacheBehavior [ RunTime:0.000000s ]
INFO: [ app_begin ] --END-- [ RunTime:0.000000s ]
SQL: SHOW COLUMNS FROM `user_admin` [ RunTime:0.0000s ]
NOTIC: [2] Missing argument 1 for Think\Model::where(), called in E:\wamp\wamp\www\-\Application\Admin\Controller\IndexController.class.php on line 19 and defined E:\wamp\wamp\www\-\ThinkPHP\Library\Think\Model.class.php 第 1797 行.
NOTIC: [8] Undefined variable: where E:\wamp\wamp\www\-\ThinkPHP\Library\Think\Model.class.php 第 1805 行.
NOTIC: [8] Undefined variable: where E:\wamp\wamp\www\-\ThinkPHP\Library\Think\Model.class.php 第 1808 行.
NOTIC: [8] Undefined variable: where E:\wamp\wamp\www\-\ThinkPHP\Library\Think\Model.class.php 第 1816 行.
SQL: SELECT * FROM `user_admin` LIMIT 1   [ RunTime:0.0000s ]

[ 2018-01-04T17:35:48+08:00 ] 127.0.0.1 /-/index.php/Admin/Index/zhuye.html
INFO: [ app_init ] --START--
INFO: Run Behavior\BuildLiteBehavior [ RunTime:0.000000s ]
INFO: [ app_init ] --END-- [ RunTime:0.000000s ]
INFO: [ app_begin ] --START--
INFO: Run Behavior\ReadHtmlCacheBehavior [ RunTime:0.000000s ]
INFO: [ app_begin ] --END-- [ RunTime:0.000000s ]
SQL: SHOW COLUMNS FROM `city` [ RunTime:0.0000s ]
SQL: SELECT * FROM `city`  [ RunTime:0.0156s ]
INFO: [ view_parse ] --START--
INFO: [ template_filter ] --START--
INFO: Run Behavior\ContentReplaceBehavior [ RunTime:0.000000s ]
INFO: [ template_filter ] --END-- [ RunTime:0.000000s ]
INFO: Run Behavior\ParseTemplateBehavior [ RunTime:0.140625s ]
INFO: [ view_parse ] --END-- [ RunTime:0.140625s ]
INFO: [ view_filter ] --START--
INFO: Run Behavior\WriteHtmlCacheBehavior [ RunTime:0.015625s ]
INFO: [ view_filter ] --END-- [ RunTime:0.015625s ]
INFO: [ app_end ] --START--
INFO: Run Behavior\ShowPageTraceBehavior [ RunTime:0.000000s ]
INFO: [ app_end ] --END-- [ RunTime:0.000000s ]

[ 2018-01-04T17:35:58+08:00 ] 127.0.0.1 /-/index.php/Admin/Shop/index.html?id=110100
INFO: [ app_init ] --START--
INFO: Run Behavior\BuildLiteBehavior [ RunTime:0.000000s ]
INFO: [ app_init ] --END-- [ RunTime:0.000000s ]
INFO: [ app_begin ] --START--
INFO: Run Behavior\ReadHtmlCacheBehavior [ RunTime:0.000000s ]
INFO: [ app_begin ] --END-- [ RunTime:0.000000s ]
SQL: SHOW COLUMNS FROM `shop` [ RunTime:0.0000s ]
SQL: SELECT * FROM `shop`  [ RunTime:0.0156s ]
ERR: 1146:Table 'kuaidian.chengshi' doesn't exist
 [ SQL语句 ] : SHOW COLUMNS FROM `chengshi`
ERR: 1146:Table 'kuaidian.chengshi' doesn't exist
 [ SQL语句 ] : SHOW COLUMNS FROM `chengshi`

[ 2018-01-04T17:39:19+08:00 ] 127.0.0.1 /-/index.php/Admin/Index/dodenglu.html
INFO: [ app_init ] --START--
INFO: Run Behavior\BuildLiteBehavior [ RunTime:0.000000s ]
INFO: [ app_init ] --END-- [ RunTime:0.000000s ]
INFO: [ app_begin ] --START--
INFO: Run Behavior\ReadHtmlCacheBehavior [ RunTime:0.000000s ]
INFO: [ app_begin ] --END-- [ RunTime:0.000000s ]
SQL: SHOW COLUMNS FROM `user_admin` [ RunTime:0.0000s ]
NOTIC: [2] Missing argument 1 for Think\Model::where(), called in E:\wamp\wamp\www\-\Application\Admin\Controller\IndexController.class.php on line 19 and defined E:\wamp\wamp\www\-\ThinkPHP\Library\Think\Model.class.php 第 1797 行.
NOTIC: [8] Undefined variable: where E:\wamp\wamp\www\-\ThinkPHP\Library\Think\Model.class.php 第 1805 行.
NOTIC: [8] Undefined variable: where E:\wamp\wamp\www\-\ThinkPHP\Library\Think\Model.class.php 第 1808 行.
NOTIC: [8] Undefined variable: where E:\wamp\wamp\www\-\ThinkPHP\Library\Think\Model.class.php 第 1816 行.
SQL: SELECT * FROM `user_admin` LIMIT 1   [ RunTime:0.0000s ]

[ 2018-01-04T17:39:19+08:00 ] 127.0.0.1 /-/index.php/Admin/Index/zhuye.html
INFO: [ app_init ] --START--
INFO: Run Behavior\BuildLiteBehavior [ RunTime:0.000000s ]
INFO: [ app_init ] --END-- [ RunTime:0.015625s ]
INFO: [ app_begin ] --START--
INFO: Run Behavior\ReadHtmlCacheBehavior [ RunTime:0.000000s ]
INFO: [ app_begin ] --END-- [ RunTime:0.000000s ]
SQL: SHOW COLUMNS FROM `city` [ RunTime:0.0000s ]
SQL: SELECT * FROM `city`  [ RunTime:0.0156s ]
INFO: [ view_parse ] --START--
INFO: [ template_filter ] --START--
INFO: Run Behavior\ContentReplaceBehavior [ RunTime:0.000000s ]
INFO: [ template_filter ] --END-- [ RunTime:0.000000s ]
INFO: Run Behavior\ParseTemplateBehavior [ RunTime:0.187500s ]
INFO: [ view_parse ] --END-- [ RunTime:0.187500s ]
INFO: [ view_filter ] --START--
INFO: Run Behavior\WriteHtmlCacheBehavior [ RunTime:0.000000s ]
INFO: [ view_filter ] --END-- [ RunTime:0.000000s ]
INFO: [ app_end ] --START--
INFO: Run Behavior\ShowPageTraceBehavior [ RunTime:0.015625s ]
INFO: [ app_end ] --END-- [ RunTime:0.015625s ]

[ 2018-01-04T17:39:23+08:00 ] 127.0.0.1 /-/index.php/Admin/Shop/index.html?id=110100
INFO: [ app_init ] --START--
INFO: Run Behavior\BuildLiteBehavior [ RunTime:0.000000s ]
INFO: [ app_init ] --END-- [ RunTime:0.000000s ]
INFO: [ app_begin ] --START--
INFO: Run Behavior\ReadHtmlCacheBehavior [ RunTime:0.015625s ]
INFO: [ app_begin ] --END-- [ RunTime:0.015625s ]
SQL: SHOW COLUMNS FROM `shop` [ RunTime:0.0156s ]
SQL: SELECT * FROM `shop`  [ RunTime:0.0000s ]
ERR: 1146:Table 'kuaidian.chengshi' doesn't exist
 [ SQL语句 ] : SHOW COLUMNS FROM `chengshi`
ERR: 1146:Table 'kuaidian.chengshi' doesn't exist
 [ SQL语句 ] : SHOW COLUMNS FROM `chengshi`

[ 2018-01-04T17:41:16+08:00 ] 127.0.0.1 /-/index.php/Admin/Shop/index.html?id=110100
INFO: [ app_init ] --START--
INFO: Run Behavior\BuildLiteBehavior [ RunTime:0.000000s ]
INFO: [ app_init ] --END-- [ RunTime:0.000000s ]
INFO: [ app_begin ] --START--
INFO: Run Behavior\ReadHtmlCacheBehavior [ RunTime:0.000000s ]
INFO: [ app_begin ] --END-- [ RunTime:0.000000s ]
SQL: SHOW COLUMNS FROM `shop` [ RunTime:0.0156s ]
SQL: SELECT * FROM `shop`  [ RunTime:0.0000s ]
SQL: SHOW COLUMNS FROM `city` [ RunTime:0.0000s ]
SQL: SELECT * FROM `city`  [ RunTime:0.0156s ]
INFO: [ view_parse ] --START--
INFO: [ template_filter ] --START--
INFO: Run Behavior\ContentReplaceBehavior [ RunTime:0.000000s ]
INFO: [ template_filter ] --END-- [ RunTime:0.000000s ]
NOTIC: [2] array_pop() expects parameter 1 to be array, null given E:\wamp\wamp\www\-\Application\Runtime\Cache\Admin\52fa67f14c08742f6c521ab8140bab06.php 第 109 行.
NOTIC: [2] Invalid argument supplied for foreach() E:\wamp\wamp\www\-\Application\Runtime\Cache\Admin\52fa67f14c08742f6c521ab8140bab06.php 第 109 行.
NOTIC: [8] Undefined variable: active E:\wamp\wamp\www\-\Application\Runtime\Cache\Admin\52fa67f14c08742f6c521ab8140bab06.php 第 112 行.
NOTIC: [8] Undefined variable: info E:\wamp\wamp\www\-\Application\Runtime\Cache\Admin\52fa67f14c08742f6c521ab8140bab06.php 第 174 行.
NOTIC: [8] Undefined index: depchengshi E:\wamp\wamp\www\-\Application\Runtime\Cache\Admin\52fa67f14c08742f6c521ab8140bab06.php 第 200 行.
ERR: 1146:Table 'kuaidian.chengshi' doesn't exist
 [ SQL语句 ] : SHOW COLUMNS FROM `chengshi`
ERR: 1146:Table 'kuaidian.chengshi' doesn't exist
 [ SQL语句 ] : SHOW COLUMNS FROM `chengshi`

[ 2018-01-04T17:41:35+08:00 ] 127.0.0.1 /-/index.php/Admin/Shoptype/index.html
INFO: [ app_init ] --START--
INFO: Run Behavior\BuildLiteBehavior [ RunTime:0.000000s ]
INFO: [ app_init ] --END-- [ RunTime:0.015625s ]
INFO: [ app_begin ] --START--
INFO: Run Behavior\ReadHtmlCacheBehavior [ RunTime:0.015625s ]
INFO: [ app_begin ] --END-- [ RunTime:0.015625s ]
SQL: SHOW COLUMNS FROM `shop_type` [ RunTime:0.0000s ]
SQL: SELECT * FROM `shop_type`  [ RunTime:0.0000s ]
ERR: 1146:Table 'kuaidian.chengshi' doesn't exist
 [ SQL语句 ] : SHOW COLUMNS FROM `chengshi`
ERR: 1146:Table 'kuaidian.chengshi' doesn't exist
 [ SQL语句 ] : SHOW COLUMNS FROM `chengshi`

[ 2018-01-04T17:41:39+08:00 ] 127.0.0.1 /-/index.php/Admin/Shop/index.html?id=110100
INFO: [ app_init ] --START--
INFO: Run Behavior\BuildLiteBehavior [ RunTime:0.000000s ]
INFO: [ app_init ] --END-- [ RunTime:0.015625s ]
INFO: [ app_begin ] --START--
INFO: Run Behavior\ReadHtmlCacheBehavior [ RunTime:0.015625s ]
INFO: [ app_begin ] --END-- [ RunTime:0.015625s ]
SQL: SHOW COLUMNS FROM `shop` [ RunTime:0.0156s ]
SQL: SELECT * FROM `shop`  [ RunTime:0.0000s ]
SQL: SHOW COLUMNS FROM `city` [ RunTime:0.0000s ]
SQL: SELECT * FROM `city`  [ RunTime:0.0000s ]
INFO: [ view_parse ] --START--
INFO: [ template_filter ] --START--
INFO: Run Behavior\ContentReplaceBehavior [ RunTime:0.015625s ]
INFO: [ template_filter ] --END-- [ RunTime:0.015625s ]
NOTIC: [2] array_pop() expects parameter 1 to be array, null given E:\wamp\wamp\www\-\Application\Runtime\Cache\Admin\52fa67f14c08742f6c521ab8140bab06.php 第 109 行.
NOTIC: [2] Invalid argument supplied for foreach() E:\wamp\wamp\www\-\Application\Runtime\Cache\Admin\52fa67f14c08742f6c521ab8140bab06.php 第 109 行.
NOTIC: [8] Undefined variable: active E:\wamp\wamp\www\-\Application\Runtime\Cache\Admin\52fa67f14c08742f6c521ab8140bab06.php 第 112 行.
NOTIC: [8] Undefined variable: info E:\wamp\wamp\www\-\Application\Runtime\Cache\Admin\52fa67f14c08742f6c521ab8140bab06.php 第 174 行.
NOTIC: [8] Undefined index: depchengshi E:\wamp\wamp\www\-\Application\Runtime\Cache\Admin\52fa67f14c08742f6c521ab8140bab06.php 第 200 行.
ERR: 1146:Table 'kuaidian.chengshi' doesn't exist
 [ SQL语句 ] : SHOW COLUMNS FROM `chengshi`
ERR: 1146:Table 'kuaidian.chengshi' doesn't exist
 [ SQL语句 ] : SHOW COLUMNS FROM `chengshi`

[ 2018-01-04T17:45:03+08:00 ] 127.0.0.1 /-/index.php/Admin/Shop/index.html?id=110100
INFO: [ app_init ] --START--
INFO: Run Behavior\BuildLiteBehavior [ RunTime:0.000000s ]
INFO: [ app_init ] --END-- [ RunTime:0.000000s ]
INFO: [ app_begin ] --START--
INFO: Run Behavior\ReadHtmlCacheBehavior [ RunTime:0.015625s ]
INFO: [ app_begin ] --END-- [ RunTime:0.015625s ]
SQL: SHOW COLUMNS FROM `shop` [ RunTime:0.0156s ]
SQL: SELECT * FROM `shop`  [ RunTime:0.0000s ]
SQL: SHOW COLUMNS FROM `city` [ RunTime:0.0000s ]
SQL: SELECT * FROM `city`  [ RunTime:0.0156s ]
INFO: [ view_parse ] --START--
INFO: [ template_filter ] --START--
INFO: Run Behavior\ContentReplaceBehavior [ RunTime:0.000000s ]
INFO: [ template_filter ] --END-- [ RunTime:0.000000s ]
NOTIC: [2] array_pop() expects parameter 1 to be array, null given E:\wamp\wamp\www\-\Application\Runtime\Cache\Admin\52fa67f14c08742f6c521ab8140bab06.php 第 109 行.
NOTIC: [2] Invalid argument supplied for foreach() E:\wamp\wamp\www\-\Application\Runtime\Cache\Admin\52fa67f14c08742f6c521ab8140bab06.php 第 109 行.
NOTIC: [8] Undefined variable: active E:\wamp\wamp\www\-\Application\Runtime\Cache\Admin\52fa67f14c08742f6c521ab8140bab06.php 第 112 行.
NOTIC: [8] Undefined variable: info E:\wamp\wamp\www\-\Application\Runtime\Cache\Admin\52fa67f14c08742f6c521ab8140bab06.php 第 174 行.
NOTIC: [8] Undefined index: depchengshi E:\wamp\wamp\www\-\Application\Runtime\Cache\Admin\52fa67f14c08742f6c521ab8140bab06.php 第 200 行.
ERR: 1146:Table 'kuaidian.chengshi' doesn't exist
 [ SQL语句 ] : SHOW COLUMNS FROM `chengshi`
ERR: 1146:Table 'kuaidian.chengshi' doesn't exist
 [ SQL语句 ] : SHOW COLUMNS FROM `chengshi`

[ 2018-01-04T17:45:07+08:00 ] 127.0.0.1 /-/index.php/Admin/Shop/index.html?id=110100
INFO: [ app_init ] --START--
INFO: Run Behavior\BuildLiteBehavior [ RunTime:0.000000s ]
INFO: [ app_init ] --END-- [ RunTime:0.015625s ]
INFO: [ app_begin ] --START--
INFO: Run Behavior\ReadHtmlCacheBehavior [ RunTime:0.093750s ]
INFO: [ app_begin ] --END-- [ RunTime:0.093750s ]
SQL: SHOW COLUMNS FROM `shop` [ RunTime:0.0000s ]
SQL: SELECT * FROM `shop`  [ RunTime:0.0156s ]
SQL: SHOW COLUMNS FROM `city` [ RunTime:0.0000s ]
SQL: SELECT * FROM `city`  [ RunTime:0.0313s ]
INFO: [ view_parse ] --START--
INFO: [ template_filter ] --START--
INFO: Run Behavior\ContentReplaceBehavior [ RunTime:0.000000s ]
INFO: [ template_filter ] --END-- [ RunTime:0.000000s ]
NOTIC: [2] array_pop() expects parameter 1 to be array, null given E:\wamp\wamp\www\-\Application\Runtime\Cache\Admin\52fa67f14c08742f6c521ab8140bab06.php 第 109 行.
NOTIC: [2] Invalid argument supplied for foreach() E:\wamp\wamp\www\-\Application\Runtime\Cache\Admin\52fa67f14c08742f6c521ab8140bab06.php 第 109 行.
NOTIC: [8] Undefined variable: active E:\wamp\wamp\www\-\Application\Runtime\Cache\Admin\52fa67f14c08742f6c521ab8140bab06.php 第 112 行.
NOTIC: [8] Undefined variable: info E:\wamp\wamp\www\-\Application\Runtime\Cache\Admin\52fa67f14c08742f6c521ab8140bab06.php 第 174 行.
NOTIC: [8] Undefined index: depchengshi E:\wamp\wamp\www\-\Application\Runtime\Cache\Admin\52fa67f14c08742f6c521ab8140bab06.php 第 200 行.
ERR: 1146:Table 'kuaidian.chengshi' doesn't exist
 [ SQL语句 ] : SHOW COLUMNS FROM `chengshi`
ERR: 1146:Table 'kuaidian.chengshi' doesn't exist
 [ SQL语句 ] : SHOW COLUMNS FROM `chengshi`

[ 2018-01-04T17:45:10+08:00 ] 127.0.0.1 /-/index.php/Admin/Shoptype/index.html
INFO: [ app_init ] --START--
INFO: Run Behavior\BuildLiteBehavior [ RunTime:0.000000s ]
INFO: [ app_init ] --END-- [ RunTime:0.000000s ]
INFO: [ app_begin ] --START--
INFO: Run Behavior\ReadHtmlCacheBehavior [ RunTime:0.015625s ]
INFO: [ app_begin ] --END-- [ RunTime:0.015625s ]
SQL: SHOW COLUMNS FROM `shop_type` [ RunTime:0.0000s ]
SQL: SELECT * FROM `shop_type`  [ RunTime:0.0000s ]
ERR: 1146:Table 'kuaidian.chengshi' doesn't exist
 [ SQL语句 ] : SHOW COLUMNS FROM `chengshi`
ERR: 1146:Table 'kuaidian.chengshi' doesn't exist
 [ SQL语句 ] : SHOW COLUMNS FROM `chengshi`

[ 2018-01-04T18:00:09+08:00 ] 127.0.0.1 /-/index.php/Admin/Event/
INFO: [ app_init ] --START--
INFO: Run Behavior\BuildLiteBehavior [ RunTime:0.000000s ]
INFO: [ app_init ] --END-- [ RunTime:0.015625s ]
INFO: [ app_begin ] --START--
INFO: Run Behavior\ReadHtmlCacheBehavior [ RunTime:0.015625s ]
INFO: [ app_begin ] --END-- [ RunTime:0.015625s ]
SQL: SHOW COLUMNS FROM `event` [ RunTime:0.0156s ]
SQL: SELECT * FROM `event`  [ RunTime:0.0000s ]
INFO: [ view_parse ] --START--
INFO: [ template_filter ] --START--
INFO: Run Behavior\ContentReplaceBehavior [ RunTime:0.000000s ]
INFO: [ template_filter ] --END-- [ RunTime:0.000000s ]
NOTIC: [8] Undefined variable: res E:\wamp\wamp\www\-\Application\Runtime\Cache\Admin\54b8a6986cf49e80578cf6233476e522.php 第 45 行.
NOTIC: [2] array_pop() expects parameter 1 to be array, null given E:\wamp\wamp\www\-\Application\Runtime\Cache\Admin\54b8a6986cf49e80578cf6233476e522.php 第 109 行.
NOTIC: [2] Invalid argument supplied for foreach() E:\wamp\wamp\www\-\Application\Runtime\Cache\Admin\54b8a6986cf49e80578cf6233476e522.php 第 109 行.
NOTIC: [8] Undefined variable: active E:\wamp\wamp\www\-\Application\Runtime\Cache\Admin\54b8a6986cf49e80578cf6233476e522.php 第 112 行.
NOTIC: [8] Undefined variable: info E:\wamp\wamp\www\-\Application\Runtime\Cache\Admin\54b8a6986cf49e80578cf6233476e522.php 第 174 行.
NOTIC: [8] Undefined variable: resshop E:\wamp\wamp\www\-\Application\Runtime\Cache\Admin\54b8a6986cf49e80578cf6233476e522.php 第 187 行.
INFO: Run Behavior\ParseTemplateBehavior [ RunTime:0.140625s ]
INFO: [ view_parse ] --END-- [ RunTime:0.140625s ]
INFO: [ view_filter ] --START--
INFO: Run Behavior\WriteHtmlCacheBehavior [ RunTime:0.015625s ]
INFO: [ view_filter ] --END-- [ RunTime:0.015625s ]
INFO: [ app_end ] --START--
INFO: Run Behavior\ShowPageTraceBehavior [ RunTime:0.015625s ]
INFO: [ app_end ] --END-- [ RunTime:0.015625s ]

[ 2018-01-04T18:00:13+08:00 ] 127.0.0.1 /-/index.php/Admin/Event/add.html
INFO: [ app_init ] --START--
INFO: Run Behavior\BuildLiteBehavior [ RunTime:0.000000s ]
INFO: [ app_init ] --END-- [ RunTime:0.046875s ]
INFO: [ app_begin ] --START--
INFO: Run Behavior\ReadHtmlCacheBehavior [ RunTime:0.046875s ]
INFO: [ app_begin ] --END-- [ RunTime:0.046875s ]
INFO: [ view_parse ] --START--
INFO: [ template_filter ] --START--
INFO: Run Behavior\ContentReplaceBehavior [ RunTime:0.000000s ]
INFO: [ template_filter ] --END-- [ RunTime:0.000000s ]
INFO: Run Behavior\ParseTemplateBehavior [ RunTime:0.250000s ]
INFO: [ view_parse ] --END-- [ RunTime:0.250000s ]
INFO: [ view_filter ] --START--
INFO: Run Behavior\WriteHtmlCacheBehavior [ RunTime:0.093750s ]
INFO: [ view_filter ] --END-- [ RunTime:0.093750s ]

[ 2018-01-04T18:00:16+08:00 ] 127.0.0.1 /-/index.php/Admin/Shoptype/index.html
INFO: [ app_init ] --START--
INFO: Run Behavior\BuildLiteBehavior [ RunTime:0.000000s ]
INFO: [ app_init ] --END-- [ RunTime:0.000000s ]
INFO: [ app_begin ] --START--
INFO: Run Behavior\ReadHtmlCacheBehavior [ RunTime:0.000000s ]
INFO: [ app_begin ] --END-- [ RunTime:0.000000s ]
SQL: SHOW COLUMNS FROM `shop_type` [ RunTime:0.0000s ]
SQL: SELECT * FROM `shop_type`  [ RunTime:0.0156s ]
ERR: 1146:Table 'kuaidian.chengshi' doesn't exist
 [ SQL语句 ] : SHOW COLUMNS FROM `chengshi`
ERR: 1146:Table 'kuaidian.chengshi' doesn't exist
 [ SQL语句 ] : SHOW COLUMNS FROM `chengshi`

[ 2018-01-04T18:00:20+08:00 ] 127.0.0.1 /-/index.php/Admin/Shop/index.html?id=110100
INFO: [ app_init ] --START--
INFO: Run Behavior\BuildLiteBehavior [ RunTime:0.000000s ]
INFO: [ app_init ] --END-- [ RunTime:0.015625s ]
INFO: [ app_begin ] --START--
INFO: Run Behavior\ReadHtmlCacheBehavior [ RunTime:0.015625s ]
INFO: [ app_begin ] --END-- [ RunTime:0.015625s ]
SQL: SHOW COLUMNS FROM `shop` [ RunTime:0.0156s ]
SQL: SELECT * FROM `shop`  [ RunTime:0.0000s ]
ERR: 1146:Table 'kuaidian.chengshi' doesn't exist
 [ SQL语句 ] : SHOW COLUMNS FROM `chengshi`
ERR: 1146:Table 'kuaidian.chengshi' doesn't exist
 [ SQL语句 ] : SHOW COLUMNS FROM `chengshi`

[ 2018-01-04T18:02:25+08:00 ] 127.0.0.1 /-/index.php/Admin/Event
INFO: [ app_init ] --START--
INFO: Run Behavior\BuildLiteBehavior [ RunTime:0.000000s ]
INFO: [ app_init ] --END-- [ RunTime:0.000000s ]
INFO: [ app_begin ] --START--
INFO: Run Behavior\ReadHtmlCacheBehavior [ RunTime:0.000000s ]
INFO: [ app_begin ] --END-- [ RunTime:0.000000s ]
SQL: SHOW COLUMNS FROM `event` [ RunTime:0.0000s ]
SQL: SELECT * FROM `event`  [ RunTime:0.0156s ]
INFO: [ view_parse ] --START--
INFO: [ template_filter ] --START--
INFO: Run Behavior\ContentReplaceBehavior [ RunTime:0.000000s ]
INFO: [ template_filter ] --END-- [ RunTime:0.000000s ]
NOTIC: [8] Undefined variable: res E:\wamp\wamp\www\-\Application\Runtime\Cache\Admin\54b8a6986cf49e80578cf6233476e522.php 第 45 行.
NOTIC: [2] array_pop() expects parameter 1 to be array, null given E:\wamp\wamp\www\-\Application\Runtime\Cache\Admin\54b8a6986cf49e80578cf6233476e522.php 第 109 行.
NOTIC: [2] Invalid argument supplied for foreach() E:\wamp\wamp\www\-\Application\Runtime\Cache\Admin\54b8a6986cf49e80578cf6233476e522.php 第 109 行.
NOTIC: [8] Undefined variable: active E:\wamp\wamp\www\-\Application\Runtime\Cache\Admin\54b8a6986cf49e80578cf6233476e522.php 第 112 行.
NOTIC: [8] Undefined variable: info E:\wamp\wamp\www\-\Application\Runtime\Cache\Admin\54b8a6986cf49e80578cf6233476e522.php 第 174 行.
NOTIC: [8] Undefined variable: resshop E:\wamp\wamp\www\-\Application\Runtime\Cache\Admin\54b8a6986cf49e80578cf6233476e522.php 第 187 行.
INFO: Run Behavior\ParseTemplateBehavior [ RunTime:0.140625s ]
INFO: [ view_parse ] --END-- [ RunTime:0.140625s ]
INFO: [ view_filter ] --START--
INFO: Run Behavior\WriteHtmlCacheBehavior [ RunTime:0.015625s ]
INFO: [ view_filter ] --END-- [ RunTime:0.015625s ]
INFO: [ app_end ] --START--
INFO: Run Behavior\ShowPageTraceBehavior [ RunTime:0.000000s ]
INFO: [ app_end ] --END-- [ RunTime:0.000000s ]

[ 2018-01-04T18:02:29+08:00 ] 127.0.0.1 /-/index.php/Admin/Event/add.html
INFO: [ app_init ] --START--
INFO: Run Behavior\BuildLiteBehavior [ RunTime:0.000000s ]
INFO: [ app_init ] --END-- [ RunTime:0.000000s ]
INFO: [ app_begin ] --START--
INFO: Run Behavior\ReadHtmlCacheBehavior [ RunTime:0.031250s ]
INFO: [ app_begin ] --END-- [ RunTime:0.031250s ]
INFO: [ view_parse ] --START--
INFO: [ template_filter ] --START--
INFO: Run Behavior\ContentReplaceBehavior [ RunTime:0.000000s ]
INFO: [ template_filter ] --END-- [ RunTime:0.000000s ]
NOTIC: [8] Undefined variable: id E:\wamp\wamp\www\-\Application\Runtime\Cache\Admin\09cfb16193e462efc6cf9886a0dd04d8.php 第 50 行.
NOTIC: [8] Undefined variable: rescaipinlb E:\wamp\wamp\www\-\Application\Runtime\Cache\Admin\09cfb16193e462efc6cf9886a0dd04d8.php 第 85 行.
INFO: Run Behavior\ParseTemplateBehavior [ RunTime:0.515625s ]
INFO: [ view_parse ] --END-- [ RunTime:0.515625s ]
INFO: [ view_filter ] --START--
INFO: Run Behavior\WriteHtmlCacheBehavior [ RunTime:0.031250s ]
INFO: [ view_filter ] --END-- [ RunTime:0.031250s ]
INFO: [ app_end ] --START--
INFO: Run Behavior\ShowPageTraceBehavior [ RunTime:0.000000s ]
INFO: [ app_end ] --END-- [ RunTime:0.015625s ]

[ 2018-01-04T18:07:46+08:00 ] 127.0.0.1 /-/index.php/Admin/Event/index.html?id=null
INFO: [ app_init ] --START--
INFO: Run Behavior\BuildLiteBehavior [ RunTime:0.000000s ]
INFO: [ app_init ] --END-- [ RunTime:0.015625s ]
INFO: [ app_begin ] --START--
INFO: Run Behavior\ReadHtmlCacheBehavior [ RunTime:0.015625s ]
INFO: [ app_begin ] --END-- [ RunTime:0.015625s ]
SQL: SHOW COLUMNS FROM `event` [ RunTime:0.0156s ]
SQL: SELECT * FROM `event`  [ RunTime:0.0000s ]
INFO: [ view_parse ] --START--
INFO: [ template_filter ] --START--
INFO: Run Behavior\ContentReplaceBehavior [ RunTime:0.000000s ]
INFO: [ template_filter ] --END-- [ RunTime:0.000000s ]
NOTIC: [8] Undefined variable: res E:\wamp\wamp\www\-\Application\Runtime\Cache\Admin\54b8a6986cf49e80578cf6233476e522.php 第 45 行.
NOTIC: [2] array_pop() expects parameter 1 to be array, null given E:\wamp\wamp\www\-\Application\Runtime\Cache\Admin\54b8a6986cf49e80578cf6233476e522.php 第 109 行.
NOTIC: [2] Invalid argument supplied for foreach() E:\wamp\wamp\www\-\Application\Runtime\Cache\Admin\54b8a6986cf49e80578cf6233476e522.php 第 109 行.
NOTIC: [8] Undefined variable: active E:\wamp\wamp\www\-\Application\Runtime\Cache\Admin\54b8a6986cf49e80578cf6233476e522.php 第 112 行.
NOTIC: [8] Undefined variable: info E:\wamp\wamp\www\-\Application\Runtime\Cache\Admin\54b8a6986cf49e80578cf6233476e522.php 第 174 行.
NOTIC: [8] Undefined variable: resshop E:\wamp\wamp\www\-\Application\Runtime\Cache\Admin\54b8a6986cf49e80578cf6233476e522.php 第 187 行.
INFO: Run Behavior\ParseTemplateBehavior [ RunTime:0.171875s ]
INFO: [ view_parse ] --END-- [ RunTime:0.171875s ]
INFO: [ view_filter ] --START--
INFO: Run Behavior\WriteHtmlCacheBehavior [ RunTime:0.000000s ]
INFO: [ view_filter ] --END-- [ RunTime:0.000000s ]
INFO: [ app_end ] --START--
INFO: Run Behavior\ShowPageTraceBehavior [ RunTime:0.015625s ]
INFO: [ app_end ] --END-- [ RunTime:0.015625s ]

[ 2018-01-04T18:07:49+08:00 ] 127.0.0.1 /-/index.php/Admin/Event/add.html
INFO: [ app_init ] --START--
INFO: Run Behavior\BuildLiteBehavior [ RunTime:0.000000s ]
INFO: [ app_init ] --END-- [ RunTime:0.000000s ]
INFO: [ app_begin ] --START--
INFO: Run Behavior\ReadHtmlCacheBehavior [ RunTime:0.000000s ]
INFO: [ app_begin ] --END-- [ RunTime:0.015625s ]
INFO: [ view_parse ] --START--
INFO: [ template_filter ] --START--
INFO: Run Behavior\ContentReplaceBehavior [ RunTime:0.000000s ]
INFO: [ template_filter ] --END-- [ RunTime:0.000000s ]
NOTIC: [8] Undefined variable: id E:\wamp\wamp\www\-\Application\Runtime\Cache\Admin\09cfb16193e462efc6cf9886a0dd04d8.php 第 50 行.
NOTIC: [8] Undefined variable: rescaipinlb E:\wamp\wamp\www\-\Application\Runtime\Cache\Admin\09cfb16193e462efc6cf9886a0dd04d8.php 第 85 行.
INFO: Run Behavior\ParseTemplateBehavior [ RunTime:0.296875s ]
INFO: [ view_parse ] --END-- [ RunTime:0.296875s ]
INFO: [ view_filter ] --START--
INFO: Run Behavior\WriteHtmlCacheBehavior [ RunTime:0.000000s ]
INFO: [ view_filter ] --END-- [ RunTime:0.000000s ]
INFO: [ app_end ] --START--
INFO: Run Behavior\ShowPageTraceBehavior [ RunTime:0.031250s ]
INFO: [ app_end ] --END-- [ RunTime:0.031250s ]

[ 2018-01-04T18:08:39+08:00 ] 127.0.0.1 /-/index.php/Admin/Event/add.html
INFO: [ app_init ] --START--
INFO: Run Behavior\BuildLiteBehavior [ RunTime:0.000000s ]
INFO: [ app_init ] --END-- [ RunTime:0.015625s ]
INFO: [ app_begin ] --START--
INFO: Run Behavior\ReadHtmlCacheBehavior [ RunTime:0.000000s ]
INFO: [ app_begin ] --END-- [ RunTime:0.000000s ]
INFO: [ view_parse ] --START--
INFO: [ template_filter ] --START--
INFO: Run Behavior\ContentReplaceBehavior [ RunTime:0.000000s ]
INFO: [ template_filter ] --END-- [ RunTime:0.000000s ]
NOTIC: [8] Undefined variable: id E:\wamp\wamp\www\-\Application\Runtime\Cache\Admin\09cfb16193e462efc6cf9886a0dd04d8.php 第 50 行.
NOTIC: [8] Undefined variable: rescaipinlb E:\wamp\wamp\www\-\Application\Runtime\Cache\Admin\09cfb16193e462efc6cf9886a0dd04d8.php 第 85 行.
INFO: Run Behavior\ParseTemplateBehavior [ RunTime:0.328125s ]
INFO: [ view_parse ] --END-- [ RunTime:0.328125s ]
INFO: [ view_filter ] --START--
INFO: Run Behavior\WriteHtmlCacheBehavior [ RunTime:0.000000s ]
INFO: [ view_filter ] --END-- [ RunTime:0.000000s ]
INFO: [ app_end ] --START--
INFO: Run Behavior\ShowPageTraceBehavior [ RunTime:0.031250s ]
INFO: [ app_end ] --END-- [ RunTime:0.046875s ]

[ 2018-01-04T18:11:58+08:00 ] 127.0.0.1 /-/index.php/Admin/Event/add.html
INFO: [ app_init ] --START--
INFO: Run Behavior\BuildLiteBehavior [ RunTime:0.000000s ]
INFO: [ app_init ] --END-- [ RunTime:0.046875s ]
INFO: [ app_begin ] --START--
INFO: Run Behavior\ReadHtmlCacheBehavior [ RunTime:0.046875s ]
INFO: [ app_begin ] --END-- [ RunTime:0.046875s ]
INFO: [ view_parse ] --START--
INFO: [ template_filter ] --START--
INFO: Run Behavior\ContentReplaceBehavior [ RunTime:0.000000s ]
INFO: [ template_filter ] --END-- [ RunTime:0.000000s ]
NOTIC: [8] Undefined variable: id E:\wamp\wamp\www\-\Application\Runtime\Cache\Admin\09cfb16193e462efc6cf9886a0dd04d8.php 第 50 行.
NOTIC: [8] Undefined variable: rescaipinlb E:\wamp\wamp\www\-\Application\Runtime\Cache\Admin\09cfb16193e462efc6cf9886a0dd04d8.php 第 85 行.
INFO: Run Behavior\ParseTemplateBehavior [ RunTime:0.406250s ]
INFO: [ view_parse ] --END-- [ RunTime:0.406250s ]
INFO: [ view_filter ] --START--
INFO: Run Behavior\WriteHtmlCacheBehavior [ RunTime:0.046875s ]
INFO: [ view_filter ] --END-- [ RunTime:0.046875s ]
INFO: [ app_end ] --START--
INFO: Run Behavior\ShowPageTraceBehavior [ RunTime:0.015625s ]
INFO: [ app_end ] --END-- [ RunTime:0.015625s ]

[ 2018-01-04T18:17:44+08:00 ] 127.0.0.1 /-/index.php/Admin/Food/insert.html
INFO: [ app_init ] --START--
INFO: Run Behavior\BuildLiteBehavior [ RunTime:0.000000s ]
INFO: [ app_init ] --END-- [ RunTime:0.000000s ]
INFO: [ app_begin ] --START--
INFO: Run Behavior\ReadHtmlCacheBehavior [ RunTime:0.015625s ]
INFO: [ app_begin ] --END-- [ RunTime:0.015625s ]
ERR: 非法操作:insert

[ 2018-01-04T18:19:02+08:00 ] 127.0.0.1 /-/index.php/Admin/Event/add.html
INFO: [ app_init ] --START--
INFO: Run Behavior\BuildLiteBehavior [ RunTime:0.000000s ]
INFO: [ app_init ] --END-- [ RunTime:0.000000s ]
INFO: [ app_begin ] --START--
INFO: Run Behavior\ReadHtmlCacheBehavior [ RunTime:0.046875s ]
INFO: [ app_begin ] --END-- [ RunTime:0.046875s ]
INFO: [ view_parse ] --START--
INFO: [ template_filter ] --START--
INFO: Run Behavior\ContentReplaceBehavior [ RunTime:0.000000s ]
INFO: [ template_filter ] --END-- [ RunTime:0.000000s ]
NOTIC: [8] Undefined variable: id E:\wamp\wamp\www\-\Application\Runtime\Cache\Admin\09cfb16193e462efc6cf9886a0dd04d8.php 第 50 行.
NOTIC: [8] Undefined variable: rescaipinlb E:\wamp\wamp\www\-\Application\Runtime\Cache\Admin\09cfb16193e462efc6cf9886a0dd04d8.php 第 85 行.
INFO: Run Behavior\ParseTemplateBehavior [ RunTime:0.343750s ]
INFO: [ view_parse ] --END-- [ RunTime:0.343750s ]
INFO: [ view_filter ] --START--
INFO: Run Behavior\WriteHtmlCacheBehavior [ RunTime:0.046875s ]
INFO: [ view_filter ] --END-- [ RunTime:0.046875s ]
INFO: [ app_end ] --START--
INFO: Run Behavior\ShowPageTraceBehavior [ RunTime:0.015625s ]
INFO: [ app_end ] --END-- [ RunTime:0.015625s ]

[ 2018-01-04T18:19:44+08:00 ] 127.0.0.1 /-/index.php/Admin/Event/add.html
INFO: [ app_init ] --START--
INFO: Run Behavior\BuildLiteBehavior [ RunTime:0.000000s ]
INFO: [ app_init ] --END-- [ RunTime:0.046875s ]
INFO: [ app_begin ] --START--
INFO: Run Behavior\ReadHtmlCacheBehavior [ RunTime:0.015625s ]
INFO: [ app_begin ] --END-- [ RunTime:0.015625s ]
INFO: [ view_parse ] --START--
INFO: [ template_filter ] --START--
INFO: Run Behavior\ContentReplaceBehavior [ RunTime:0.000000s ]
INFO: [ template_filter ] --END-- [ RunTime:0.000000s ]
NOTIC: [8] Undefined variable: id E:\wamp\wamp\www\-\Application\Runtime\Cache\Admin\09cfb16193e462efc6cf9886a0dd04d8.php 第 50 行.
NOTIC: [8] Undefined variable: rescaipinlb E:\wamp\wamp\www\-\Application\Runtime\Cache\Admin\09cfb16193e462efc6cf9886a0dd04d8.php 第 85 行.
INFO: Run Behavior\ParseTemplateBehavior [ RunTime:0.625000s ]
INFO: [ view_parse ] --END-- [ RunTime:0.625000s ]
INFO: [ view_filter ] --START--
INFO: Run Behavior\WriteHtmlCacheBehavior [ RunTime:0.015625s ]
INFO: [ view_filter ] --END-- [ RunTime:0.015625s ]
INFO: [ app_end ] --START--
INFO: Run Behavior\ShowPageTraceBehavior [ RunTime:0.046875s ]
INFO: [ app_end ] --END-- [ RunTime:0.046875s ]

[ 2018-01-04T18:20:00+08:00 ] 127.0.0.1 /-/index.php/Admin/Food/insert.html
INFO: [ app_init ] --START--
INFO: Run Behavior\BuildLiteBehavior [ RunTime:0.000000s ]
INFO: [ app_init ] --END-- [ RunTime:0.000000s ]
INFO: [ app_begin ] --START--
INFO: Run Behavior\ReadHtmlCacheBehavior [ RunTime:0.015625s ]
INFO: [ app_begin ] --END-- [ RunTime:0.015625s ]
ERR: 非法操作:insert

[ 2018-01-04T18:22:49+08:00 ] 127.0.0.1 /-/index.php/Admin/Event/add.html
INFO: [ app_init ] --START--
INFO: Run Behavior\BuildLiteBehavior [ RunTime:0.000000s ]
INFO: [ app_init ] --END-- [ RunTime:0.046875s ]
INFO: [ app_begin ] --START--
INFO: Run Behavior\ReadHtmlCacheBehavior [ RunTime:0.015625s ]
INFO: [ app_begin ] --END-- [ RunTime:0.015625s ]
INFO: [ view_parse ] --START--
INFO: [ template_filter ] --START--
INFO: Run Behavior\ContentReplaceBehavior [ RunTime:0.000000s ]
INFO: [ template_filter ] --END-- [ RunTime:0.000000s ]
NOTIC: [8] Undefined variable: id E:\wamp\wamp\www\-\Application\Runtime\Cache\Admin\09cfb16193e462efc6cf9886a0dd04d8.php 第 50 行.
NOTIC: [8] Undefined variable: rescaipinlb E:\wamp\wamp\www\-\Application\Runtime\Cache\Admin\09cfb16193e462efc6cf9886a0dd04d8.php 第 85 行.
INFO: Run Behavior\ParseTemplateBehavior [ RunTime:0.734375s ]
INFO: [ view_parse ] --END-- [ RunTime:0.734375s ]
INFO: [ view_filter ] --START--
INFO: Run Behavior\WriteHtmlCacheBehavior [ RunTime:0.062500s ]
INFO: [ view_filter ] --END-- [ RunTime:0.062500s ]
INFO: [ app_end ] --START--
INFO: Run Behavior\ShowPageTraceBehavior [ RunTime:0.031250s ]
INFO: [ app_end ] --END-- [ RunTime:0.031250s ]

[ 2018-01-04T18:23:01+08:00 ] 127.0.0.1 /-/index.php/Admin/Food/insert.html
INFO: [ app_init ] --START--
INFO: Run Behavior\BuildLiteBehavior [ RunTime:0.000000s ]
INFO: [ app_init ] --END-- [ RunTime:0.015625s ]
INFO: [ app_begin ] --START--
INFO: Run Behavior\ReadHtmlCacheBehavior [ RunTime:0.015625s ]
INFO: [ app_begin ] --END-- [ RunTime:0.015625s ]
ERR: 非法操作:insert

[ 2018-01-04T18:23:55+08:00 ] 127.0.0.1 /-/index.php/Admin/Event/add.html
INFO: [ app_init ] --START--
INFO: Run Behavior\BuildLiteBehavior [ RunTime:0.000000s ]
INFO: [ app_init ] --END-- [ RunTime:0.000000s ]
INFO: [ app_begin ] --START--
INFO: Run Behavior\ReadHtmlCacheBehavior [ RunTime:0.031250s ]
INFO: [ app_begin ] --END-- [ RunTime:0.031250s ]
INFO: [ view_parse ] --START--
INFO: [ template_filter ] --START--
INFO: Run Behavior\ContentReplaceBehavior [ RunTime:0.000000s ]
INFO: [ template_filter ] --END-- [ RunTime:0.000000s ]
NOTIC: [8] Undefined variable: id E:\wamp\wamp\www\-\Application\Runtime\Cache\Admin\09cfb16193e462efc6cf9886a0dd04d8.php 第 50 行.
NOTIC: [8] Undefined variable: rescaipinlb E:\wamp\wamp\www\-\Application\Runtime\Cache\Admin\09cfb16193e462efc6cf9886a0dd04d8.php 第 85 行.
INFO: Run Behavior\ParseTemplateBehavior [ RunTime:0.640625s ]
INFO: [ view_parse ] --END-- [ RunTime:0.640625s ]
INFO: [ view_filter ] --START--
INFO: Run Behavior\WriteHtmlCacheBehavior [ RunTime:0.093750s ]
INFO: [ view_filter ] --END-- [ RunTime:0.093750s ]
INFO: [ app_end ] --START--
INFO: Run Behavior\ShowPageTraceBehavior [ RunTime:0.000000s ]
INFO: [ app_end ] --END-- [ RunTime:0.000000s ]

[ 2018-01-04T18:24:08+08:00 ] 127.0.0.1 /-/index.php/Admin/Food/insert.html
INFO: [ app_init ] --START--
INFO: Run Behavior\BuildLiteBehavior [ RunTime:0.000000s ]
INFO: [ app_init ] --END-- [ RunTime:0.000000s ]
INFO: [ app_begin ] --START--
INFO: Run Behavior\ReadHtmlCacheBehavior [ RunTime:0.015625s ]
INFO: [ app_begin ] --END-- [ RunTime:0.015625s ]
ERR: 非法操作:insert

[ 2018-01-04T18:24:16+08:00 ] 127.0.0.1 /-/index.php/Admin/Event/index.html?id=null
INFO: [ app_init ] --START--
INFO: Run Behavior\BuildLiteBehavior [ RunTime:0.000000s ]
INFO: [ app_init ] --END-- [ RunTime:0.000000s ]
INFO: [ app_begin ] --START--
INFO: Run Behavior\ReadHtmlCacheBehavior [ RunTime:0.015625s ]
INFO: [ app_begin ] --END-- [ RunTime:0.015625s ]
SQL: SHOW COLUMNS FROM `event` [ RunTime:0.0000s ]
SQL: SELECT * FROM `event`  [ RunTime:0.0000s ]
INFO: [ view_parse ] --START--
INFO: [ template_filter ] --START--
INFO: Run Behavior\ContentReplaceBehavior [ RunTime:0.000000s ]
INFO: [ template_filter ] --END-- [ RunTime:0.000000s ]
NOTIC: [8] Undefined variable: res E:\wamp\wamp\www\-\Application\Runtime\Cache\Admin\54b8a6986cf49e80578cf6233476e522.php 第 45 行.
NOTIC: [2] array_pop() expects parameter 1 to be array, null given E:\wamp\wamp\www\-\Application\Runtime\Cache\Admin\54b8a6986cf49e80578cf6233476e522.php 第 109 行.
NOTIC: [2] Invalid argument supplied for foreach() E:\wamp\wamp\www\-\Application\Runtime\Cache\Admin\54b8a6986cf49e80578cf6233476e522.php 第 109 行.
NOTIC: [8] Undefined variable: active E:\wamp\wamp\www\-\Application\Runtime\Cache\Admin\54b8a6986cf49e80578cf6233476e522.php 第 112 行.
NOTIC: [8] Undefined variable: info E:\wamp\wamp\www\-\Application\Runtime\Cache\Admin\54b8a6986cf49e80578cf6233476e522.php 第 174 行.
NOTIC: [8] Undefined variable: resshop E:\wamp\wamp\www\-\Application\Runtime\Cache\Admin\54b8a6986cf49e80578cf6233476e522.php 第 187 行.
INFO: Run Behavior\ParseTemplateBehavior [ RunTime:0.140625s ]
INFO: [ view_parse ] --END-- [ RunTime:0.140625s ]
INFO: [ view_filter ] --START--
INFO: Run Behavior\WriteHtmlCacheBehavior [ RunTime:0.015625s ]
INFO: [ view_filter ] --END-- [ RunTime:0.015625s ]
INFO: [ app_end ] --START--
INFO: Run Behavior\ShowPageTraceBehavior [ RunTime:0.000000s ]
INFO: [ app_end ] --END-- [ RunTime:0.000000s ]

[ 2018-01-04T18:24:20+08:00 ] 127.0.0.1 /-/index.php/Admin/Event/add.html
INFO: [ app_init ] --START--
INFO: Run Behavior\BuildLiteBehavior [ RunTime:0.000000s ]
INFO: [ app_init ] --END-- [ RunTime:0.000000s ]
INFO: [ app_begin ] --START--
INFO: Run Behavior\ReadHtmlCacheBehavior [ RunTime:0.015625s ]
INFO: [ app_begin ] --END-- [ RunTime:0.015625s ]
INFO: [ view_parse ] --START--
INFO: [ template_filter ] --START--
INFO: Run Behavior\ContentReplaceBehavior [ RunTime:0.000000s ]
INFO: [ template_filter ] --END-- [ RunTime:0.000000s ]
NOTIC: [8] Undefined variable: id E:\wamp\wamp\www\-\Application\Runtime\Cache\Admin\09cfb16193e462efc6cf9886a0dd04d8.php 第 50 行.
NOTIC: [8] Undefined variable: rescaipinlb E:\wamp\wamp\www\-\Application\Runtime\Cache\Admin\09cfb16193e462efc6cf9886a0dd04d8.php 第 85 行.
INFO: Run Behavior\ParseTemplateBehavior [ RunTime:0.312500s ]
INFO: [ view_parse ] --END-- [ RunTime:0.312500s ]
INFO: [ view_filter ] --START--
INFO: Run Behavior\WriteHtmlCacheBehavior [ RunTime:0.031250s ]
INFO: [ view_filter ] --END-- [ RunTime:0.031250s ]
INFO: [ app_end ] --START--
INFO: Run Behavior\ShowPageTraceBehavior [ RunTime:0.015625s ]
INFO: [ app_end ] --END-- [ RunTime:0.015625s ]

[ 2018-01-04T18:24:30+08:00 ] 127.0.0.1 /-/index.php/Admin/Food/insert.html
INFO: [ app_init ] --START--
INFO: Run Behavior\BuildLiteBehavior [ RunTime:0.000000s ]
INFO: [ app_init ] --END-- [ RunTime:0.000000s ]
INFO: [ app_begin ] --START--
INFO: Run Behavior\ReadHtmlCacheBehavior [ RunTime:0.015625s ]
INFO: [ app_begin ] --END-- [ RunTime:0.015625s ]
ERR: 非法操作:insert

[ 2018-01-04T18:25:14+08:00 ] 127.0.0.1 /-/index.php/Admin/Event/add.html
INFO: [ app_init ] --START--
INFO: Run Behavior\BuildLiteBehavior [ RunTime:0.000000s ]
INFO: [ app_init ] --END-- [ RunTime:0.062500s ]
INFO: [ app_begin ] --START--
INFO: Run Behavior\ReadHtmlCacheBehavior [ RunTime:0.062500s ]
INFO: [ app_begin ] --END-- [ RunTime:0.062500s ]
INFO: [ view_parse ] --START--
INFO: [ template_filter ] --START--
INFO: Run Behavior\ContentReplaceBehavior [ RunTime:0.000000s ]
INFO: [ template_filter ] --END-- [ RunTime:0.000000s ]
NOTIC: [8] Undefined variable: id E:\wamp\wamp\www\-\Application\Runtime\Cache\Admin\09cfb16193e462efc6cf9886a0dd04d8.php 第 50 行.
NOTIC: [8] Undefined variable: rescaipinlb E:\wamp\wamp\www\-\Application\Runtime\Cache\Admin\09cfb16193e462efc6cf9886a0dd04d8.php 第 85 行.
INFO: Run Behavior\ParseTemplateBehavior [ RunTime:0.562500s ]
INFO: [ view_parse ] --END-- [ RunTime:0.562500s ]
INFO: [ view_filter ] --START--
INFO: Run Behavior\WriteHtmlCacheBehavior [ RunTime:0.046875s ]
INFO: [ view_filter ] --END-- [ RunTime:0.046875s ]
INFO: [ app_end ] --START--
INFO: Run Behavior\ShowPageTraceBehavior [ RunTime:0.046875s ]
INFO: [ app_end ] --END-- [ RunTime:0.046875s ]

[ 2018-01-04T18:25:22+08:00 ] 127.0.0.1 /-/index.php/Admin/Event/insert.html
INFO: [ app_init ] --START--
INFO: Run Behavior\BuildLiteBehavior [ RunTime:0.000000s ]
INFO: [ app_init ] --END-- [ RunTime:0.015625s ]
INFO: [ app_begin ] --START--
INFO: Run Behavior\ReadHtmlCacheBehavior [ RunTime:0.000000s ]
INFO: [ app_begin ] --END-- [ RunTime:0.000000s ]
NOTIC: [2] call_user_func() expects parameter 1 to be a valid callback, no array or string given E:\wamp\wamp\www\-\ThinkPHP\Library\Think\Upload.class.php 第 170 行.

[ 2018-01-04T18:33:08+08:00 ] 127.0.0.1 /-/index.php/Admin/Event/add.html
INFO: [ app_init ] --START--
INFO: Run Behavior\BuildLiteBehavior [ RunTime:0.000000s ]
INFO: [ app_init ] --END-- [ RunTime:0.093750s ]
INFO: [ app_begin ] --START--
INFO: Run Behavior\ReadHtmlCacheBehavior [ RunTime:0.078125s ]
INFO: [ app_begin ] --END-- [ RunTime:0.078125s ]
INFO: [ view_parse ] --START--
INFO: [ template_filter ] --START--
INFO: Run Behavior\ContentReplaceBehavior [ RunTime:0.000000s ]
INFO: [ template_filter ] --END-- [ RunTime:0.000000s ]
NOTIC: [8] Undefined variable: id E:\wamp\wamp\www\-\Application\Runtime\Cache\Admin\09cfb16193e462efc6cf9886a0dd04d8.php 第 50 行.
NOTIC: [8] Undefined variable: rescaipinlb E:\wamp\wamp\www\-\Application\Runtime\Cache\Admin\09cfb16193e462efc6cf9886a0dd04d8.php 第 85 行.
INFO: Run Behavior\ParseTemplateBehavior [ RunTime:0.703125s ]
INFO: [ view_parse ] --END-- [ RunTime:0.703125s ]
INFO: [ view_filter ] --START--
INFO: Run Behavior\WriteHtmlCacheBehavior [ RunTime:0.015625s ]
INFO: [ view_filter ] --END-- [ RunTime:0.031250s ]
INFO: [ app_end ] --START--
INFO: Run Behavior\ShowPageTraceBehavior [ RunTime:0.156250s ]
INFO: [ app_end ] --END-- [ RunTime:0.156250s ]

[ 2018-01-04T18:33:20+08:00 ] 127.0.0.1 /-/index.php/Admin/Event/insert.html
INFO: [ app_init ] --START--
INFO: Run Behavior\BuildLiteBehavior [ RunTime:0.000000s ]
INFO: [ app_init ] --END-- [ RunTime:0.000000s ]
INFO: [ app_begin ] --START--
INFO: Run Behavior\ReadHtmlCacheBehavior [ RunTime:0.015625s ]
INFO: [ app_begin ] --END-- [ RunTime:0.015625s ]
NOTIC: [2] call_user_func() expects parameter 1 to be a valid callback, no array or string given E:\wamp\wamp\www\-\ThinkPHP\Library\Think\Upload.class.php 第 170 行.

[ 2018-01-04T18:33:58+08:00 ] 127.0.0.1 /-/index.php/Admin/Event/add.html
INFO: [ app_init ] --START--
INFO: Run Behavior\BuildLiteBehavior [ RunTime:0.000000s ]
INFO: [ app_init ] --END-- [ RunTime:0.015625s ]
INFO: [ app_begin ] --START--
INFO: Run Behavior\ReadHtmlCacheBehavior [ RunTime:0.015625s ]
INFO: [ app_begin ] --END-- [ RunTime:0.015625s ]
INFO: [ view_parse ] --START--
INFO: [ template_filter ] --START--
INFO: Run Behavior\ContentReplaceBehavior [ RunTime:0.000000s ]
INFO: [ template_filter ] --END-- [ RunTime:0.000000s ]
NOTIC: [8] Undefined variable: id E:\wamp\wamp\www\-\Application\Runtime\Cache\Admin\09cfb16193e462efc6cf9886a0dd04d8.php 第 50 行.
NOTIC: [8] Undefined variable: rescaipinlb E:\wamp\wamp\www\-\Application\Runtime\Cache\Admin\09cfb16193e462efc6cf9886a0dd04d8.php 第 85 行.
INFO: Run Behavior\ParseTemplateBehavior [ RunTime:0.390625s ]
INFO: [ view_parse ] --END-- [ RunTime:0.390625s ]
INFO: [ view_filter ] --START--
INFO: Run Behavior\WriteHtmlCacheBehavior [ RunTime:0.015625s ]
INFO: [ view_filter ] --END-- [ RunTime:0.015625s ]
INFO: [ app_end ] --START--
INFO: Run Behavior\ShowPageTraceBehavior [ RunTime:0.093750s ]
INFO: [ app_end ] --END-- [ RunTime:0.093750s ]

[ 2018-01-04T18:34:06+08:00 ] 127.0.0.1 /-/index.php/Admin/Event/insert.html
INFO: [ app_init ] --START--
INFO: Run Behavior\BuildLiteBehavior [ RunTime:0.000000s ]
INFO: [ app_init ] --END-- [ RunTime:0.015625s ]
INFO: [ app_begin ] --START--
INFO: Run Behavior\ReadHtmlCacheBehavior [ RunTime:0.015625s ]
INFO: [ app_begin ] --END-- [ RunTime:0.015625s ]
NOTIC: [2] call_user_func() expects parameter 1 to be a valid callback, no array or string given E:\wamp\wamp\www\-\ThinkPHP\Library\Think\Upload.class.php 第 170 行.

[ 2018-01-04T18:34:35+08:00 ] 127.0.0.1 /-/index.php/Admin/Event/add.html
INFO: [ app_init ] --START--
INFO: Run Behavior\BuildLiteBehavior [ RunTime:0.000000s ]
INFO: [ app_init ] --END-- [ RunTime:0.031250s ]
INFO: [ app_begin ] --START--
INFO: Run Behavior\ReadHtmlCacheBehavior [ RunTime:0.046875s ]
INFO: [ app_begin ] --END-- [ RunTime:0.046875s ]
INFO: [ view_parse ] --START--
INFO: [ template_filter ] --START--
INFO: Run Behavior\ContentReplaceBehavior [ RunTime:0.000000s ]
INFO: [ template_filter ] --END-- [ RunTime:0.000000s ]
NOTIC: [8] Undefined variable: id E:\wamp\wamp\www\-\Application\Runtime\Cache\Admin\09cfb16193e462efc6cf9886a0dd04d8.php 第 50 行.
NOTIC: [8] Undefined variable: rescaipinlb E:\wamp\wamp\www\-\Application\Runtime\Cache\Admin\09cfb16193e462efc6cf9886a0dd04d8.php 第 85 行.
INFO: Run Behavior\ParseTemplateBehavior [ RunTime:0.406250s ]
INFO: [ view_parse ] --END-- [ RunTime:0.406250s ]
INFO: [ view_filter ] --START--
INFO: Run Behavior\WriteHtmlCacheBehavior [ RunTime:0.031250s ]
INFO: [ view_filter ] --END-- [ RunTime:0.031250s ]
INFO: [ app_end ] --START--
INFO: Run Behavior\ShowPageTraceBehavior [ RunTime:0.062500s ]
INFO: [ app_end ] --END-- [ RunTime:0.062500s ]

[ 2018-01-04T18:35:18+08:00 ] 127.0.0.1 /-/index.php/Admin/Event/insert.html
INFO: [ app_init ] --START--
INFO: Run Behavior\BuildLiteBehavior [ RunTime:0.000000s ]
INFO: [ app_init ] --END-- [ RunTime:0.015625s ]
INFO: [ app_begin ] --START--
INFO: Run Behavior\ReadHtmlCacheBehavior [ RunTime:0.015625s ]
INFO: [ app_begin ] --END-- [ RunTime:0.015625s ]
NOTIC: [2] call_user_func() expects parameter 1 to be a valid callback, no array or string given E:\wamp\wamp\www\-\ThinkPHP\Library\Think\Upload.class.php 第 170 行.

