[ 2018-02-22T10:35:21+08:00 ] ::1 /-/index.php/merch
INFO: [ app_init ] --START--
INFO: Run Behavior\BuildLiteBehavior [ RunTime:0.000056s ]
INFO: [ app_init ] --END-- [ RunTime:0.000624s ]
INFO: [ app_begin ] --START--
INFO: Run Behavior\ReadHtmlCacheBehavior [ RunTime:0.001225s ]
INFO: [ app_begin ] --END-- [ RunTime:0.001478s ]
SQL: SHOW COLUMNS FROM `shop` [ RunTime:0.0123s ]
SQL: SELECT * FROM `shop` WHERE `id` = 31  [ RunTime:0.0024s ]
INFO: [ view_parse ] --START--
INFO: [ template_filter ] --START--
INFO: Run Behavior\ContentReplaceBehavior [ RunTime:0.000156s ]
INFO: [ template_filter ] --END-- [ RunTime:0.000349s ]
NOTIC: [8] Use of undefined constant logo - assumed 'logo' E:\wamp64\www\-\Application\Runtime\Cache\Merch\dd1eaf8f3fbdced70eb85b8be40048b1.php 第 28 行.
NOTIC: [8] Undefined offset: 0 E:\wamp64\www\-\Application\Runtime\Cache\Merch\dd1eaf8f3fbdced70eb85b8be40048b1.php 第 28 行.
NOTIC: [8] Use of undefined constant id - assumed 'id' E:\wamp64\www\-\Application\Runtime\Cache\Merch\dd1eaf8f3fbdced70eb85b8be40048b1.php 第 33 行.
NOTIC: [8] Undefined offset: 0 E:\wamp64\www\-\Application\Runtime\Cache\Merch\dd1eaf8f3fbdced70eb85b8be40048b1.php 第 33 行.
NOTIC: [8] Use of undefined constant mingch - assumed 'mingch' E:\wamp64\www\-\Application\Runtime\Cache\Merch\dd1eaf8f3fbdced70eb85b8be40048b1.php 第 49 行.
NOTIC: [8] Undefined offset: 0 E:\wamp64\www\-\Application\Runtime\Cache\Merch\dd1eaf8f3fbdced70eb85b8be40048b1.php 第 49 行.
NOTIC: [8] Use of undefined constant id - assumed 'id' E:\wamp64\www\-\Application\Runtime\Cache\Merch\dd1eaf8f3fbdced70eb85b8be40048b1.php 第 87 行.
NOTIC: [8] Undefined offset: 0 E:\wamp64\www\-\Application\Runtime\Cache\Merch\dd1eaf8f3fbdced70eb85b8be40048b1.php 第 87 行.
INFO: Run Behavior\ParseTemplateBehavior [ RunTime:0.013371s ]
INFO: [ view_parse ] --END-- [ RunTime:0.013578s ]
INFO: [ view_filter ] --START--
INFO: Run Behavior\WriteHtmlCacheBehavior [ RunTime:0.000614s ]
INFO: [ view_filter ] --END-- [ RunTime:0.000783s ]
INFO: [ app_end ] --START--
INFO: Run Behavior\ShowPageTraceBehavior [ RunTime:0.000790s ]
INFO: [ app_end ] --END-- [ RunTime:0.000960s ]

[ 2018-02-22T10:35:42+08:00 ] ::1 /-/index.php/Merch/Shopset/renzhengxx.html
INFO: [ app_init ] --START--
INFO: Run Behavior\BuildLiteBehavior [ RunTime:0.000036s ]
INFO: [ app_init ] --END-- [ RunTime:0.000218s ]
INFO: [ app_begin ] --START--
INFO: Run Behavior\ReadHtmlCacheBehavior [ RunTime:0.000849s ]
INFO: [ app_begin ] --END-- [ RunTime:0.001039s ]
INFO: [ view_parse ] --START--
INFO: [ template_filter ] --START--
INFO: Run Behavior\ContentReplaceBehavior [ RunTime:0.000100s ]
INFO: [ template_filter ] --END-- [ RunTime:0.000289s ]
INFO: Run Behavior\ParseTemplateBehavior [ RunTime:0.016851s ]
INFO: [ view_parse ] --END-- [ RunTime:0.017040s ]
INFO: [ view_filter ] --START--
INFO: Run Behavior\WriteHtmlCacheBehavior [ RunTime:0.000757s ]
INFO: [ view_filter ] --END-- [ RunTime:0.000924s ]
INFO: [ app_end ] --START--
INFO: Run Behavior\ShowPageTraceBehavior [ RunTime:0.001133s ]
INFO: [ app_end ] --END-- [ RunTime:0.001328s ]

[ 2018-02-22T10:35:47+08:00 ] ::1 /-/index.php/Merch/Shopset/index.html
INFO: [ app_init ] --START--
INFO: Run Behavior\BuildLiteBehavior [ RunTime:0.000038s ]
INFO: [ app_init ] --END-- [ RunTime:0.000238s ]
INFO: [ app_begin ] --START--
INFO: Run Behavior\ReadHtmlCacheBehavior [ RunTime:0.001015s ]
INFO: [ app_begin ] --END-- [ RunTime:0.001258s ]
SQL: SHOW COLUMNS FROM `shop` [ RunTime:0.0060s ]
SQL: SELECT * FROM `shop` WHERE `id` = 0  [ RunTime:0.0014s ]
INFO: [ view_parse ] --START--
INFO: [ template_filter ] --START--
INFO: Run Behavior\ContentReplaceBehavior [ RunTime:0.000100s ]
INFO: [ template_filter ] --END-- [ RunTime:0.000272s ]
NOTIC: [8] Use of undefined constant jinbenxxtype - assumed 'jinbenxxtype' E:\wamp64\www\-\Application\Runtime\Cache\Merch\e7ecb009698dd2d30dde489a39e105ef.php 第 24 行.
NOTIC: [8] Undefined offset: 0 E:\wamp64\www\-\Application\Runtime\Cache\Merch\e7ecb009698dd2d30dde489a39e105ef.php 第 24 行.
INFO: Run Behavior\ParseTemplateBehavior [ RunTime:0.021985s ]
INFO: [ view_parse ] --END-- [ RunTime:0.022189s ]
INFO: [ view_filter ] --START--
INFO: Run Behavior\WriteHtmlCacheBehavior [ RunTime:0.000895s ]
INFO: [ view_filter ] --END-- [ RunTime:0.001087s ]
INFO: [ app_end ] --START--
INFO: Run Behavior\ShowPageTraceBehavior [ RunTime:0.000962s ]
INFO: [ app_end ] --END-- [ RunTime:0.001158s ]

