[ 2018-03-16T11:09:20+08:00 ] ::1 /-/index.php/merch
INFO: [ app_init ] --START--
INFO: Run Behavior\BuildLiteBehavior [ RunTime:0.000050s ]
INFO: [ app_init ] --END-- [ RunTime:0.000322s ]
INFO: [ app_begin ] --START--
INFO: Run Behavior\ReadHtmlCacheBehavior [ RunTime:0.000933s ]
INFO: [ app_begin ] --END-- [ RunTime:0.001136s ]
SQL: SHOW COLUMNS FROM `shop` [ RunTime:0.0082s ]
SQL: SELECT * FROM `shop` WHERE `id` = null  [ RunTime:0.0023s ]
SQL: SHOW COLUMNS FROM `order` [ RunTime:0.0066s ]
SQL: SELECT `id` FROM `order` WHERE `order_status` = 12 AND `store_id` = null AND ( `use_time` >= '2018-03-16 00:00:00' AND `use_time` < '2018-03-17 00:00:00'  )  [ RunTime:0.0020s ]
NOTIC: [2] Invalid argument supplied for foreach() E:\wamp64\www\-\Application\Merch\Controller\IndexController.class.php 第 48 行.
INFO: [ view_parse ] --START--
INFO: [ template_filter ] --START--
INFO: Run Behavior\ContentReplaceBehavior [ RunTime:0.000196s ]
INFO: [ template_filter ] --END-- [ RunTime:0.000400s ]
NOTIC: [8] Use of undefined constant logo - assumed 'logo' E:\wamp64\www\-\Application\Runtime\Cache\Merch\dd1eaf8f3fbdced70eb85b8be40048b1.php 第 29 行.
NOTIC: [8] Undefined offset: 0 E:\wamp64\www\-\Application\Runtime\Cache\Merch\dd1eaf8f3fbdced70eb85b8be40048b1.php 第 29 行.
NOTIC: [8] Use of undefined constant id - assumed 'id' E:\wamp64\www\-\Application\Runtime\Cache\Merch\dd1eaf8f3fbdced70eb85b8be40048b1.php 第 34 行.
NOTIC: [8] Undefined offset: 0 E:\wamp64\www\-\Application\Runtime\Cache\Merch\dd1eaf8f3fbdced70eb85b8be40048b1.php 第 34 行.
NOTIC: [8] Use of undefined constant mingch - assumed 'mingch' E:\wamp64\www\-\Application\Runtime\Cache\Merch\dd1eaf8f3fbdced70eb85b8be40048b1.php 第 50 行.
NOTIC: [8] Undefined offset: 0 E:\wamp64\www\-\Application\Runtime\Cache\Merch\dd1eaf8f3fbdced70eb85b8be40048b1.php 第 50 行.
NOTIC: [8] Use of undefined constant zhuangt - assumed 'zhuangt' E:\wamp64\www\-\Application\Runtime\Cache\Merch\dd1eaf8f3fbdced70eb85b8be40048b1.php 第 56 行.
NOTIC: [8] Undefined offset: 0 E:\wamp64\www\-\Application\Runtime\Cache\Merch\dd1eaf8f3fbdced70eb85b8be40048b1.php 第 56 行.
NOTIC: [8] Use of undefined constant id - assumed 'id' E:\wamp64\www\-\Application\Runtime\Cache\Merch\dd1eaf8f3fbdced70eb85b8be40048b1.php 第 93 行.
NOTIC: [8] Undefined offset: 0 E:\wamp64\www\-\Application\Runtime\Cache\Merch\dd1eaf8f3fbdced70eb85b8be40048b1.php 第 93 行.
NOTIC: [8] Undefined offset: 0 E:\wamp64\www\-\Application\Runtime\Cache\Merch\dd1eaf8f3fbdced70eb85b8be40048b1.php 第 158 行.
NOTIC: [8] Undefined offset: 0 E:\wamp64\www\-\Application\Runtime\Cache\Merch\dd1eaf8f3fbdced70eb85b8be40048b1.php 第 160 行.
NOTIC: [8] Use of undefined constant id - assumed 'id' E:\wamp64\www\-\Application\Runtime\Cache\Merch\dd1eaf8f3fbdced70eb85b8be40048b1.php 第 258 行.
NOTIC: [8] Undefined offset: 0 E:\wamp64\www\-\Application\Runtime\Cache\Merch\dd1eaf8f3fbdced70eb85b8be40048b1.php 第 258 行.
NOTIC: [8] Use of undefined constant id - assumed 'id' E:\wamp64\www\-\Application\Runtime\Cache\Merch\dd1eaf8f3fbdced70eb85b8be40048b1.php 第 267 行.
NOTIC: [8] Undefined offset: 0 E:\wamp64\www\-\Application\Runtime\Cache\Merch\dd1eaf8f3fbdced70eb85b8be40048b1.php 第 267 行.
NOTIC: [8] Use of undefined constant id - assumed 'id' E:\wamp64\www\-\Application\Runtime\Cache\Merch\dd1eaf8f3fbdced70eb85b8be40048b1.php 第 309 行.
NOTIC: [8] Undefined offset: 0 E:\wamp64\www\-\Application\Runtime\Cache\Merch\dd1eaf8f3fbdced70eb85b8be40048b1.php 第 309 行.
NOTIC: [8] Use of undefined constant id - assumed 'id' E:\wamp64\www\-\Application\Runtime\Cache\Merch\dd1eaf8f3fbdced70eb85b8be40048b1.php 第 336 行.
NOTIC: [8] Undefined offset: 0 E:\wamp64\www\-\Application\Runtime\Cache\Merch\dd1eaf8f3fbdced70eb85b8be40048b1.php 第 336 行.
INFO: Run Behavior\ParseTemplateBehavior [ RunTime:0.039235s ]
INFO: [ view_parse ] --END-- [ RunTime:0.039466s ]
INFO: [ view_filter ] --START--
INFO: Run Behavior\WriteHtmlCacheBehavior [ RunTime:0.000993s ]
INFO: [ view_filter ] --END-- [ RunTime:0.001175s ]
INFO: [ app_end ] --START--
INFO: Run Behavior\ShowPageTraceBehavior [ RunTime:0.001231s ]
INFO: [ app_end ] --END-- [ RunTime:0.001473s ]

[ 2018-03-16T11:09:26+08:00 ] ::1 /-/index.php/merch/login
INFO: [ app_init ] --START--
INFO: Run Behavior\BuildLiteBehavior [ RunTime:0.000050s ]
INFO: [ app_init ] --END-- [ RunTime:0.000340s ]
INFO: [ app_begin ] --START--
INFO: Run Behavior\ReadHtmlCacheBehavior [ RunTime:0.001221s ]
INFO: [ app_begin ] --END-- [ RunTime:0.001500s ]
INFO: [ view_parse ] --START--
INFO: [ template_filter ] --START--
INFO: Run Behavior\ContentReplaceBehavior [ RunTime:0.000151s ]
INFO: [ template_filter ] --END-- [ RunTime:0.000342s ]
INFO: Run Behavior\ParseTemplateBehavior [ RunTime:0.018651s ]
INFO: [ view_parse ] --END-- [ RunTime:0.018842s ]
INFO: [ view_filter ] --START--
INFO: Run Behavior\WriteHtmlCacheBehavior [ RunTime:0.001491s ]
INFO: [ view_filter ] --END-- [ RunTime:0.001704s ]
INFO: [ app_end ] --START--
INFO: Run Behavior\ShowPageTraceBehavior [ RunTime:0.001288s ]
INFO: [ app_end ] --END-- [ RunTime:0.001629s ]

[ 2018-03-16T11:09:37+08:00 ] ::1 /-/index.php/Merch/Login/dologin.html
INFO: [ app_init ] --START--
INFO: Run Behavior\BuildLiteBehavior [ RunTime:0.000047s ]
INFO: [ app_init ] --END-- [ RunTime:0.000414s ]
INFO: [ app_begin ] --START--
INFO: Run Behavior\ReadHtmlCacheBehavior [ RunTime:0.001686s ]
INFO: [ app_begin ] --END-- [ RunTime:0.001930s ]
SQL: SHOW COLUMNS FROM `shop` [ RunTime:0.0079s ]
SQL: SELECT * FROM `shop` WHERE `tel` = '13331385580' LIMIT 1   [ RunTime:0.0021s ]
SQL: UPDATE `shop` SET `line_type`='1' WHERE `tel` = '13331385580' [ RunTime:0.0014s ]

[ 2018-03-16T11:09:37+08:00 ] ::1 /-/index.php/Merch/Index/index.html
INFO: [ app_init ] --START--
INFO: Run Behavior\BuildLiteBehavior [ RunTime:0.000041s ]
INFO: [ app_init ] --END-- [ RunTime:0.000286s ]
INFO: [ app_begin ] --START--
INFO: Run Behavior\ReadHtmlCacheBehavior [ RunTime:0.001092s ]
INFO: [ app_begin ] --END-- [ RunTime:0.001321s ]
SQL: SHOW COLUMNS FROM `shop` [ RunTime:0.0111s ]
SQL: SELECT * FROM `shop` WHERE `id` = 77  [ RunTime:0.0030s ]
SQL: SHOW COLUMNS FROM `order` [ RunTime:0.0098s ]
SQL: SELECT `id` FROM `order` WHERE `order_status` = 12 AND `store_id` = 77 AND ( `use_time` >= '2018-03-16 00:00:00' AND `use_time` < '2018-03-17 00:00:00'  )  [ RunTime:0.0017s ]
NOTIC: [2] Invalid argument supplied for foreach() E:\wamp64\www\-\Application\Merch\Controller\IndexController.class.php 第 48 行.
INFO: [ view_parse ] --START--
INFO: [ template_filter ] --START--
INFO: Run Behavior\ContentReplaceBehavior [ RunTime:0.000206s ]
INFO: [ template_filter ] --END-- [ RunTime:0.000398s ]
NOTIC: [8] Use of undefined constant logo - assumed 'logo' E:\wamp64\www\-\Application\Runtime\Cache\Merch\dd1eaf8f3fbdced70eb85b8be40048b1.php 第 29 行.
NOTIC: [8] Use of undefined constant id - assumed 'id' E:\wamp64\www\-\Application\Runtime\Cache\Merch\dd1eaf8f3fbdced70eb85b8be40048b1.php 第 34 行.
NOTIC: [8] Use of undefined constant mingch - assumed 'mingch' E:\wamp64\www\-\Application\Runtime\Cache\Merch\dd1eaf8f3fbdced70eb85b8be40048b1.php 第 50 行.
NOTIC: [8] Use of undefined constant zhuangt - assumed 'zhuangt' E:\wamp64\www\-\Application\Runtime\Cache\Merch\dd1eaf8f3fbdced70eb85b8be40048b1.php 第 56 行.
NOTIC: [8] Use of undefined constant id - assumed 'id' E:\wamp64\www\-\Application\Runtime\Cache\Merch\dd1eaf8f3fbdced70eb85b8be40048b1.php 第 93 行.
NOTIC: [8] Use of undefined constant id - assumed 'id' E:\wamp64\www\-\Application\Runtime\Cache\Merch\dd1eaf8f3fbdced70eb85b8be40048b1.php 第 258 行.
NOTIC: [8] Use of undefined constant id - assumed 'id' E:\wamp64\www\-\Application\Runtime\Cache\Merch\dd1eaf8f3fbdced70eb85b8be40048b1.php 第 267 行.
NOTIC: [8] Use of undefined constant id - assumed 'id' E:\wamp64\www\-\Application\Runtime\Cache\Merch\dd1eaf8f3fbdced70eb85b8be40048b1.php 第 309 行.
NOTIC: [8] Use of undefined constant id - assumed 'id' E:\wamp64\www\-\Application\Runtime\Cache\Merch\dd1eaf8f3fbdced70eb85b8be40048b1.php 第 336 行.
INFO: Run Behavior\ParseTemplateBehavior [ RunTime:0.016697s ]
INFO: [ view_parse ] --END-- [ RunTime:0.016906s ]
INFO: [ view_filter ] --START--
INFO: Run Behavior\WriteHtmlCacheBehavior [ RunTime:0.000736s ]
INFO: [ view_filter ] --END-- [ RunTime:0.000895s ]
INFO: [ app_end ] --START--
INFO: Run Behavior\ShowPageTraceBehavior [ RunTime:0.001173s ]
INFO: [ app_end ] --END-- [ RunTime:0.001371s ]

[ 2018-03-16T11:09:47+08:00 ] ::1 /-/index.php/Merch/Order/sendOrderNotice.html
INFO: [ app_init ] --START--
INFO: Run Behavior\BuildLiteBehavior [ RunTime:0.000037s ]
INFO: [ app_init ] --END-- [ RunTime:0.000241s ]
INFO: [ app_begin ] --START--
INFO: Run Behavior\ReadHtmlCacheBehavior [ RunTime:0.000973s ]
INFO: [ app_begin ] --END-- [ RunTime:0.001128s ]
SQL: SHOW COLUMNS FROM `order` [ RunTime:0.0075s ]
SQL: SELECT COUNT(*) AS tp_count FROM `order` WHERE `order_status` = 10 AND `store_id` = 77 LIMIT 1   [ RunTime:0.0015s ]
INFO: [ app_end ] --START--
INFO: Run Behavior\ShowPageTraceBehavior [ RunTime:0.001787s ]
INFO: [ app_end ] --END-- [ RunTime:0.002055s ]

[ 2018-03-16T11:09:57+08:00 ] ::1 /-/index.php/Merch/Order/sendOrderNotice.html
INFO: [ app_init ] --START--
INFO: Run Behavior\BuildLiteBehavior [ RunTime:0.000047s ]
INFO: [ app_init ] --END-- [ RunTime:0.000297s ]
INFO: [ app_begin ] --START--
INFO: Run Behavior\ReadHtmlCacheBehavior [ RunTime:0.001083s ]
INFO: [ app_begin ] --END-- [ RunTime:0.001290s ]
SQL: SHOW COLUMNS FROM `order` [ RunTime:0.0058s ]
SQL: SELECT COUNT(*) AS tp_count FROM `order` WHERE `order_status` = 10 AND `store_id` = 77 LIMIT 1   [ RunTime:0.0013s ]
INFO: [ app_end ] --START--
INFO: Run Behavior\ShowPageTraceBehavior [ RunTime:0.001449s ]
INFO: [ app_end ] --END-- [ RunTime:0.001640s ]

[ 2018-03-16T11:10:07+08:00 ] ::1 /-/index.php/Merch/Order/sendOrderNotice.html
INFO: [ app_init ] --START--
INFO: Run Behavior\BuildLiteBehavior [ RunTime:0.000051s ]
INFO: [ app_init ] --END-- [ RunTime:0.000338s ]
INFO: [ app_begin ] --START--
INFO: Run Behavior\ReadHtmlCacheBehavior [ RunTime:0.001632s ]
INFO: [ app_begin ] --END-- [ RunTime:0.001904s ]
SQL: SHOW COLUMNS FROM `order` [ RunTime:0.0067s ]
SQL: SELECT COUNT(*) AS tp_count FROM `order` WHERE `order_status` = 10 AND `store_id` = 77 LIMIT 1   [ RunTime:0.0016s ]
INFO: [ app_end ] --START--
INFO: Run Behavior\ShowPageTraceBehavior [ RunTime:0.001151s ]
INFO: [ app_end ] --END-- [ RunTime:0.001299s ]

[ 2018-03-16T11:10:17+08:00 ] ::1 /-/index.php/Merch/Order/sendOrderNotice.html
INFO: [ app_init ] --START--
INFO: Run Behavior\BuildLiteBehavior [ RunTime:0.000055s ]
INFO: [ app_init ] --END-- [ RunTime:0.000345s ]
INFO: [ app_begin ] --START--
INFO: Run Behavior\ReadHtmlCacheBehavior [ RunTime:0.001321s ]
INFO: [ app_begin ] --END-- [ RunTime:0.001547s ]
SQL: SHOW COLUMNS FROM `order` [ RunTime:0.0061s ]
SQL: SELECT COUNT(*) AS tp_count FROM `order` WHERE `order_status` = 10 AND `store_id` = 77 LIMIT 1   [ RunTime:0.0015s ]
INFO: [ app_end ] --START--
INFO: Run Behavior\ShowPageTraceBehavior [ RunTime:0.001639s ]
INFO: [ app_end ] --END-- [ RunTime:0.001835s ]

[ 2018-03-16T11:10:27+08:00 ] ::1 /-/index.php/Merch/Order/sendOrderNotice.html
INFO: [ app_init ] --START--
INFO: Run Behavior\BuildLiteBehavior [ RunTime:0.000037s ]
INFO: [ app_init ] --END-- [ RunTime:0.000237s ]
INFO: [ app_begin ] --START--
INFO: Run Behavior\ReadHtmlCacheBehavior [ RunTime:0.001033s ]
INFO: [ app_begin ] --END-- [ RunTime:0.001206s ]
SQL: SHOW COLUMNS FROM `order` [ RunTime:0.0071s ]
SQL: SELECT COUNT(*) AS tp_count FROM `order` WHERE `order_status` = 10 AND `store_id` = 77 LIMIT 1   [ RunTime:0.0017s ]
INFO: [ app_end ] --START--
INFO: Run Behavior\ShowPageTraceBehavior [ RunTime:0.001134s ]
INFO: [ app_end ] --END-- [ RunTime:0.001288s ]

[ 2018-03-16T11:10:37+08:00 ] ::1 /-/index.php/Merch/Order/sendOrderNotice.html
INFO: [ app_init ] --START--
INFO: Run Behavior\BuildLiteBehavior [ RunTime:0.000053s ]
INFO: [ app_init ] --END-- [ RunTime:0.000344s ]
INFO: [ app_begin ] --START--
INFO: Run Behavior\ReadHtmlCacheBehavior [ RunTime:0.001358s ]
INFO: [ app_begin ] --END-- [ RunTime:0.001600s ]
SQL: SHOW COLUMNS FROM `order` [ RunTime:0.0058s ]
SQL: SELECT COUNT(*) AS tp_count FROM `order` WHERE `order_status` = 10 AND `store_id` = 77 LIMIT 1   [ RunTime:0.0017s ]
INFO: [ app_end ] --START--
INFO: Run Behavior\ShowPageTraceBehavior [ RunTime:0.001258s ]
INFO: [ app_end ] --END-- [ RunTime:0.001437s ]

[ 2018-03-16T11:10:47+08:00 ] ::1 /-/index.php/Merch/Order/sendOrderNotice.html
INFO: [ app_init ] --START--
INFO: Run Behavior\BuildLiteBehavior [ RunTime:0.000044s ]
INFO: [ app_init ] --END-- [ RunTime:0.000288s ]
INFO: [ app_begin ] --START--
INFO: Run Behavior\ReadHtmlCacheBehavior [ RunTime:0.000858s ]
INFO: [ app_begin ] --END-- [ RunTime:0.001014s ]
SQL: SHOW COLUMNS FROM `order` [ RunTime:0.0064s ]
SQL: SELECT COUNT(*) AS tp_count FROM `order` WHERE `order_status` = 10 AND `store_id` = 77 LIMIT 1   [ RunTime:0.0016s ]
INFO: [ app_end ] --START--
INFO: Run Behavior\ShowPageTraceBehavior [ RunTime:0.001456s ]
INFO: [ app_end ] --END-- [ RunTime:0.001665s ]

[ 2018-03-16T11:10:57+08:00 ] ::1 /-/index.php/Merch/Order/sendOrderNotice.html
INFO: [ app_init ] --START--
INFO: Run Behavior\BuildLiteBehavior [ RunTime:0.000038s ]
INFO: [ app_init ] --END-- [ RunTime:0.000250s ]
INFO: [ app_begin ] --START--
INFO: Run Behavior\ReadHtmlCacheBehavior [ RunTime:0.000901s ]
INFO: [ app_begin ] --END-- [ RunTime:0.001065s ]
SQL: SHOW COLUMNS FROM `order` [ RunTime:0.0065s ]
SQL: SELECT COUNT(*) AS tp_count FROM `order` WHERE `order_status` = 10 AND `store_id` = 77 LIMIT 1   [ RunTime:0.0013s ]
INFO: [ app_end ] --START--
INFO: Run Behavior\ShowPageTraceBehavior [ RunTime:0.001135s ]
INFO: [ app_end ] --END-- [ RunTime:0.001280s ]

[ 2018-03-16T11:11:08+08:00 ] ::1 /-/index.php/Merch/Order/sendOrderNotice.html
INFO: [ app_init ] --START--
INFO: Run Behavior\BuildLiteBehavior [ RunTime:0.000066s ]
INFO: [ app_init ] --END-- [ RunTime:0.000402s ]
INFO: [ app_begin ] --START--
INFO: Run Behavior\ReadHtmlCacheBehavior [ RunTime:0.001159s ]
INFO: [ app_begin ] --END-- [ RunTime:0.001354s ]
SQL: SHOW COLUMNS FROM `order` [ RunTime:0.0068s ]
SQL: SELECT COUNT(*) AS tp_count FROM `order` WHERE `order_status` = 10 AND `store_id` = 77 LIMIT 1   [ RunTime:0.0017s ]
INFO: [ app_end ] --START--
INFO: Run Behavior\ShowPageTraceBehavior [ RunTime:0.001645s ]
INFO: [ app_end ] --END-- [ RunTime:0.001836s ]

[ 2018-03-16T11:11:17+08:00 ] ::1 /-/index.php/Merch/Order/sendOrderNotice.html
INFO: [ app_init ] --START--
INFO: Run Behavior\BuildLiteBehavior [ RunTime:0.000063s ]
INFO: [ app_init ] --END-- [ RunTime:0.000362s ]
INFO: [ app_begin ] --START--
INFO: Run Behavior\ReadHtmlCacheBehavior [ RunTime:0.000972s ]
INFO: [ app_begin ] --END-- [ RunTime:0.001130s ]
SQL: SHOW COLUMNS FROM `order` [ RunTime:0.0059s ]
SQL: SELECT COUNT(*) AS tp_count FROM `order` WHERE `order_status` = 10 AND `store_id` = 77 LIMIT 1   [ RunTime:0.0016s ]
INFO: [ app_end ] --START--
INFO: Run Behavior\ShowPageTraceBehavior [ RunTime:0.001270s ]
INFO: [ app_end ] --END-- [ RunTime:0.001429s ]

[ 2018-03-16T11:11:27+08:00 ] ::1 /-/index.php/Merch/Order/sendOrderNotice.html
INFO: [ app_init ] --START--
INFO: Run Behavior\BuildLiteBehavior [ RunTime:0.000041s ]
INFO: [ app_init ] --END-- [ RunTime:0.000257s ]
INFO: [ app_begin ] --START--
INFO: Run Behavior\ReadHtmlCacheBehavior [ RunTime:0.001243s ]
INFO: [ app_begin ] --END-- [ RunTime:0.001474s ]
SQL: SHOW COLUMNS FROM `order` [ RunTime:0.0071s ]
SQL: SELECT COUNT(*) AS tp_count FROM `order` WHERE `order_status` = 10 AND `store_id` = 77 LIMIT 1   [ RunTime:0.0015s ]
INFO: [ app_end ] --START--
INFO: Run Behavior\ShowPageTraceBehavior [ RunTime:0.001504s ]
INFO: [ app_end ] --END-- [ RunTime:0.001716s ]

[ 2018-03-16T11:11:37+08:00 ] ::1 /-/index.php/Merch/Order/sendOrderNotice.html
INFO: [ app_init ] --START--
INFO: Run Behavior\BuildLiteBehavior [ RunTime:0.000048s ]
INFO: [ app_init ] --END-- [ RunTime:0.000299s ]
INFO: [ app_begin ] --START--
INFO: Run Behavior\ReadHtmlCacheBehavior [ RunTime:0.001440s ]
INFO: [ app_begin ] --END-- [ RunTime:0.001657s ]
SQL: SHOW COLUMNS FROM `order` [ RunTime:0.0058s ]
SQL: SELECT COUNT(*) AS tp_count FROM `order` WHERE `order_status` = 10 AND `store_id` = 77 LIMIT 1   [ RunTime:0.0012s ]
INFO: [ app_end ] --START--
INFO: Run Behavior\ShowPageTraceBehavior [ RunTime:0.001281s ]
INFO: [ app_end ] --END-- [ RunTime:0.001436s ]

[ 2018-03-16T11:11:48+08:00 ] ::1 /-/index.php/Merch/Order/sendOrderNotice.html
INFO: [ app_init ] --START--
INFO: Run Behavior\BuildLiteBehavior [ RunTime:0.000039s ]
INFO: [ app_init ] --END-- [ RunTime:0.000258s ]
INFO: [ app_begin ] --START--
INFO: Run Behavior\ReadHtmlCacheBehavior [ RunTime:0.001018s ]
INFO: [ app_begin ] --END-- [ RunTime:0.001185s ]
SQL: SHOW COLUMNS FROM `order` [ RunTime:0.0068s ]
SQL: SELECT COUNT(*) AS tp_count FROM `order` WHERE `order_status` = 10 AND `store_id` = 77 LIMIT 1   [ RunTime:0.0015s ]
INFO: [ app_end ] --START--
INFO: Run Behavior\ShowPageTraceBehavior [ RunTime:0.001437s ]
INFO: [ app_end ] --END-- [ RunTime:0.001654s ]

[ 2018-03-16T11:11:57+08:00 ] ::1 /-/index.php/Merch/Order/sendOrderNotice.html
INFO: [ app_init ] --START--
INFO: Run Behavior\BuildLiteBehavior [ RunTime:0.000046s ]
INFO: [ app_init ] --END-- [ RunTime:0.000298s ]
INFO: [ app_begin ] --START--
INFO: Run Behavior\ReadHtmlCacheBehavior [ RunTime:0.001162s ]
INFO: [ app_begin ] --END-- [ RunTime:0.001350s ]
SQL: SHOW COLUMNS FROM `order` [ RunTime:0.0064s ]
SQL: SELECT COUNT(*) AS tp_count FROM `order` WHERE `order_status` = 10 AND `store_id` = 77 LIMIT 1   [ RunTime:0.0013s ]
INFO: [ app_end ] --START--
INFO: Run Behavior\ShowPageTraceBehavior [ RunTime:0.001287s ]
INFO: [ app_end ] --END-- [ RunTime:0.001474s ]

[ 2018-03-16T11:12:07+08:00 ] ::1 /-/index.php/Merch/Order/sendOrderNotice.html
INFO: [ app_init ] --START--
INFO: Run Behavior\BuildLiteBehavior [ RunTime:0.000053s ]
INFO: [ app_init ] --END-- [ RunTime:0.000345s ]
INFO: [ app_begin ] --START--
INFO: Run Behavior\ReadHtmlCacheBehavior [ RunTime:0.001247s ]
INFO: [ app_begin ] --END-- [ RunTime:0.001477s ]
SQL: SHOW COLUMNS FROM `order` [ RunTime:0.0067s ]
SQL: SELECT COUNT(*) AS tp_count FROM `order` WHERE `order_status` = 10 AND `store_id` = 77 LIMIT 1   [ RunTime:0.0014s ]
INFO: [ app_end ] --START--
INFO: Run Behavior\ShowPageTraceBehavior [ RunTime:0.001524s ]
INFO: [ app_end ] --END-- [ RunTime:0.001702s ]

[ 2018-03-16T11:12:17+08:00 ] ::1 /-/index.php/Merch/Order/sendOrderNotice.html
INFO: [ app_init ] --START--
INFO: Run Behavior\BuildLiteBehavior [ RunTime:0.000045s ]
INFO: [ app_init ] --END-- [ RunTime:0.000291s ]
INFO: [ app_begin ] --START--
INFO: Run Behavior\ReadHtmlCacheBehavior [ RunTime:0.000854s ]
INFO: [ app_begin ] --END-- [ RunTime:0.001010s ]
SQL: SHOW COLUMNS FROM `order` [ RunTime:0.0061s ]
SQL: SELECT COUNT(*) AS tp_count FROM `order` WHERE `order_status` = 10 AND `store_id` = 77 LIMIT 1   [ RunTime:0.0013s ]
INFO: [ app_end ] --START--
INFO: Run Behavior\ShowPageTraceBehavior [ RunTime:0.001283s ]
INFO: [ app_end ] --END-- [ RunTime:0.001460s ]

[ 2018-03-16T11:12:27+08:00 ] ::1 /-/index.php/Merch/Order/sendOrderNotice.html
INFO: [ app_init ] --START--
INFO: Run Behavior\BuildLiteBehavior [ RunTime:0.000047s ]
INFO: [ app_init ] --END-- [ RunTime:0.000295s ]
INFO: [ app_begin ] --START--
INFO: Run Behavior\ReadHtmlCacheBehavior [ RunTime:0.000925s ]
INFO: [ app_begin ] --END-- [ RunTime:0.001096s ]
SQL: SHOW COLUMNS FROM `order` [ RunTime:0.0069s ]
SQL: SELECT COUNT(*) AS tp_count FROM `order` WHERE `order_status` = 10 AND `store_id` = 77 LIMIT 1   [ RunTime:0.0016s ]
INFO: [ app_end ] --START--
INFO: Run Behavior\ShowPageTraceBehavior [ RunTime:0.001411s ]
INFO: [ app_end ] --END-- [ RunTime:0.001613s ]

[ 2018-03-16T11:12:37+08:00 ] ::1 /-/index.php/Merch/Order/sendOrderNotice.html
INFO: [ app_init ] --START--
INFO: Run Behavior\BuildLiteBehavior [ RunTime:0.000038s ]
INFO: [ app_init ] --END-- [ RunTime:0.000256s ]
INFO: [ app_begin ] --START--
INFO: Run Behavior\ReadHtmlCacheBehavior [ RunTime:0.001010s ]
INFO: [ app_begin ] --END-- [ RunTime:0.001177s ]
SQL: SHOW COLUMNS FROM `order` [ RunTime:0.0063s ]
SQL: SELECT COUNT(*) AS tp_count FROM `order` WHERE `order_status` = 10 AND `store_id` = 77 LIMIT 1   [ RunTime:0.0011s ]
INFO: [ app_end ] --START--
INFO: Run Behavior\ShowPageTraceBehavior [ RunTime:0.001535s ]
INFO: [ app_end ] --END-- [ RunTime:0.001696s ]

[ 2018-03-16T11:12:47+08:00 ] ::1 /-/index.php/Merch/Order/sendOrderNotice.html
INFO: [ app_init ] --START--
INFO: Run Behavior\BuildLiteBehavior [ RunTime:0.000040s ]
INFO: [ app_init ] --END-- [ RunTime:0.000345s ]
INFO: [ app_begin ] --START--
INFO: Run Behavior\ReadHtmlCacheBehavior [ RunTime:0.000916s ]
INFO: [ app_begin ] --END-- [ RunTime:0.001082s ]
SQL: SHOW COLUMNS FROM `order` [ RunTime:0.0066s ]
SQL: SELECT COUNT(*) AS tp_count FROM `order` WHERE `order_status` = 10 AND `store_id` = 77 LIMIT 1   [ RunTime:0.0017s ]
INFO: [ app_end ] --START--
INFO: Run Behavior\ShowPageTraceBehavior [ RunTime:0.001496s ]
INFO: [ app_end ] --END-- [ RunTime:0.001698s ]

[ 2018-03-16T11:12:52+08:00 ] ::1 /-/index.php/Merch/Enchashment/index.html
INFO: [ app_init ] --START--
INFO: Run Behavior\BuildLiteBehavior [ RunTime:0.000047s ]
INFO: [ app_init ] --END-- [ RunTime:0.000317s ]
INFO: [ app_begin ] --START--
INFO: Run Behavior\ReadHtmlCacheBehavior [ RunTime:0.001079s ]
INFO: [ app_begin ] --END-- [ RunTime:0.001286s ]
INFO: [ view_parse ] --START--
INFO: [ template_filter ] --START--
INFO: Run Behavior\ContentReplaceBehavior [ RunTime:0.000135s ]
INFO: [ template_filter ] --END-- [ RunTime:0.000316s ]
INFO: Run Behavior\ParseTemplateBehavior [ RunTime:0.010898s ]
INFO: [ view_parse ] --END-- [ RunTime:0.011103s ]
INFO: [ view_filter ] --START--
INFO: Run Behavior\WriteHtmlCacheBehavior [ RunTime:0.000778s ]
INFO: [ view_filter ] --END-- [ RunTime:0.000939s ]
INFO: [ app_end ] --START--
INFO: Run Behavior\ShowPageTraceBehavior [ RunTime:0.001003s ]
INFO: [ app_end ] --END-- [ RunTime:0.001194s ]

