[ 2018-02-23T10:09:59+08:00 ] ::1 /kuaidian/index.php/Merch
INFO: [ app_init ] --START--
INFO: Run Behavior\BuildLiteBehavior [ RunTime:0.000019s ]
INFO: [ app_init ] --END-- [ RunTime:0.000080s ]
INFO: [ app_begin ] --START--
INFO: Run Behavior\ReadHtmlCacheBehavior [ RunTime:0.000730s ]
INFO: [ app_begin ] --END-- [ RunTime:0.000773s ]
SQL: SHOW COLUMNS FROM `shop` [ RunTime:0.0044s ]
SQL: SELECT * FROM `shop` WHERE `id` = null  [ RunTime:0.0007s ]
SQL: SHOW COLUMNS FROM `order` [ RunTime:0.0062s ]
SQL: SELECT `id` FROM `order` WHERE `order_status` IN ('10','15') AND `store_id` = null  [ RunTime:0.0006s ]
NOTIC: [2] Invalid argument supplied for foreach() D:\xampp\htdocs\kuaidian\Application\Merch\Controller\IndexController.class.php 第 43 行.
INFO: [ view_parse ] --START--
INFO: [ template_filter ] --START--
INFO: Run Behavior\ContentReplaceBehavior [ RunTime:0.000065s ]
INFO: [ template_filter ] --END-- [ RunTime:0.000107s ]
NOTIC: [8] Use of undefined constant logo - assumed 'logo' D:\xampp\htdocs\kuaidian\Application\Runtime\Cache\Merch\dd1eaf8f3fbdced70eb85b8be40048b1.php 第 29 行.
NOTIC: [8] Undefined offset: 0 D:\xampp\htdocs\kuaidian\Application\Runtime\Cache\Merch\dd1eaf8f3fbdced70eb85b8be40048b1.php 第 29 行.
NOTIC: [8] Use of undefined constant id - assumed 'id' D:\xampp\htdocs\kuaidian\Application\Runtime\Cache\Merch\dd1eaf8f3fbdced70eb85b8be40048b1.php 第 34 行.
NOTIC: [8] Undefined offset: 0 D:\xampp\htdocs\kuaidian\Application\Runtime\Cache\Merch\dd1eaf8f3fbdced70eb85b8be40048b1.php 第 34 行.
NOTIC: [8] Use of undefined constant mingch - assumed 'mingch' D:\xampp\htdocs\kuaidian\Application\Runtime\Cache\Merch\dd1eaf8f3fbdced70eb85b8be40048b1.php 第 50 行.
NOTIC: [8] Undefined offset: 0 D:\xampp\htdocs\kuaidian\Application\Runtime\Cache\Merch\dd1eaf8f3fbdced70eb85b8be40048b1.php 第 50 行.
NOTIC: [8] Use of undefined constant zhuangt - assumed 'zhuangt' D:\xampp\htdocs\kuaidian\Application\Runtime\Cache\Merch\dd1eaf8f3fbdced70eb85b8be40048b1.php 第 56 行.
NOTIC: [8] Undefined offset: 0 D:\xampp\htdocs\kuaidian\Application\Runtime\Cache\Merch\dd1eaf8f3fbdced70eb85b8be40048b1.php 第 56 行.
NOTIC: [8] Use of undefined constant id - assumed 'id' D:\xampp\htdocs\kuaidian\Application\Runtime\Cache\Merch\dd1eaf8f3fbdced70eb85b8be40048b1.php 第 93 行.
NOTIC: [8] Undefined offset: 0 D:\xampp\htdocs\kuaidian\Application\Runtime\Cache\Merch\dd1eaf8f3fbdced70eb85b8be40048b1.php 第 93 行.
NOTIC: [8] Undefined offset: 0 D:\xampp\htdocs\kuaidian\Application\Runtime\Cache\Merch\dd1eaf8f3fbdced70eb85b8be40048b1.php 第 158 行.
NOTIC: [8] Undefined offset: 0 D:\xampp\htdocs\kuaidian\Application\Runtime\Cache\Merch\dd1eaf8f3fbdced70eb85b8be40048b1.php 第 160 行.
NOTIC: [8] Use of undefined constant id - assumed 'id' D:\xampp\htdocs\kuaidian\Application\Runtime\Cache\Merch\dd1eaf8f3fbdced70eb85b8be40048b1.php 第 293 行.
NOTIC: [8] Undefined offset: 0 D:\xampp\htdocs\kuaidian\Application\Runtime\Cache\Merch\dd1eaf8f3fbdced70eb85b8be40048b1.php 第 293 行.
INFO: Run Behavior\ParseTemplateBehavior [ RunTime:0.018881s ]
INFO: [ view_parse ] --END-- [ RunTime:0.018925s ]
INFO: [ view_filter ] --START--
INFO: Run Behavior\WriteHtmlCacheBehavior [ RunTime:0.000648s ]
INFO: [ view_filter ] --END-- [ RunTime:0.000680s ]
INFO: [ app_end ] --START--
INFO: Run Behavior\ShowPageTraceBehavior [ RunTime:0.000807s ]
INFO: [ app_end ] --END-- [ RunTime:0.000843s ]

[ 2018-02-23T10:10:06+08:00 ] ::1 /kuaidian/index.php/Merch/Login
INFO: [ app_init ] --START--
INFO: Run Behavior\BuildLiteBehavior [ RunTime:0.000009s ]
INFO: [ app_init ] --END-- [ RunTime:0.000049s ]
INFO: [ app_begin ] --START--
INFO: Run Behavior\ReadHtmlCacheBehavior [ RunTime:0.000632s ]
INFO: [ app_begin ] --END-- [ RunTime:0.000660s ]
INFO: [ view_parse ] --START--
INFO: [ template_filter ] --START--
INFO: Run Behavior\ContentReplaceBehavior [ RunTime:0.000037s ]
INFO: [ template_filter ] --END-- [ RunTime:0.000076s ]
INFO: Run Behavior\ParseTemplateBehavior [ RunTime:0.016158s ]
INFO: [ view_parse ] --END-- [ RunTime:0.016199s ]
INFO: [ view_filter ] --START--
INFO: Run Behavior\WriteHtmlCacheBehavior [ RunTime:0.000799s ]
INFO: [ view_filter ] --END-- [ RunTime:0.000850s ]
INFO: [ app_end ] --START--
INFO: Run Behavior\ShowPageTraceBehavior [ RunTime:0.000696s ]
INFO: [ app_end ] --END-- [ RunTime:0.000722s ]

[ 2018-02-23T10:10:19+08:00 ] ::1 /kuaidian/index.php/Merch/Login/dologin.html
INFO: [ app_init ] --START--
INFO: Run Behavior\BuildLiteBehavior [ RunTime:0.000010s ]
INFO: [ app_init ] --END-- [ RunTime:0.000049s ]
INFO: [ app_begin ] --START--
INFO: Run Behavior\ReadHtmlCacheBehavior [ RunTime:0.000675s ]
INFO: [ app_begin ] --END-- [ RunTime:0.000698s ]
SQL: SHOW COLUMNS FROM `shop` [ RunTime:0.0042s ]
SQL: SELECT * FROM `shop` WHERE `tel` = '17331939365' LIMIT 1   [ RunTime:0.0010s ]

[ 2018-02-23T10:10:19+08:00 ] ::1 /kuaidian/index.php/Merch/Index/index.html
INFO: [ app_init ] --START--
INFO: Run Behavior\BuildLiteBehavior [ RunTime:0.000011s ]
INFO: [ app_init ] --END-- [ RunTime:0.000050s ]
INFO: [ app_begin ] --START--
INFO: Run Behavior\ReadHtmlCacheBehavior [ RunTime:0.000431s ]
INFO: [ app_begin ] --END-- [ RunTime:0.000455s ]
SQL: SHOW COLUMNS FROM `shop` [ RunTime:0.0046s ]
SQL: SELECT * FROM `shop` WHERE `id` = 45  [ RunTime:0.0006s ]
SQL: SHOW COLUMNS FROM `order` [ RunTime:0.0044s ]
SQL: SELECT `id` FROM `order` WHERE `order_status` IN ('10','15') AND `store_id` = 45  [ RunTime:0.0005s ]
SQL: SHOW COLUMNS FROM `money` [ RunTime:0.0033s ]
SQL: SELECT `sf` FROM `money` WHERE `order_id` = 113 LIMIT 1   [ RunTime:0.0003s ]
INFO: [ view_parse ] --START--
INFO: [ template_filter ] --START--
INFO: Run Behavior\ContentReplaceBehavior [ RunTime:0.000059s ]
INFO: [ template_filter ] --END-- [ RunTime:0.000097s ]
NOTIC: [8] Use of undefined constant logo - assumed 'logo' D:\xampp\htdocs\kuaidian\Application\Runtime\Cache\Merch\dd1eaf8f3fbdced70eb85b8be40048b1.php 第 29 行.
NOTIC: [8] Use of undefined constant id - assumed 'id' D:\xampp\htdocs\kuaidian\Application\Runtime\Cache\Merch\dd1eaf8f3fbdced70eb85b8be40048b1.php 第 34 行.
NOTIC: [8] Use of undefined constant mingch - assumed 'mingch' D:\xampp\htdocs\kuaidian\Application\Runtime\Cache\Merch\dd1eaf8f3fbdced70eb85b8be40048b1.php 第 50 行.
NOTIC: [8] Use of undefined constant zhuangt - assumed 'zhuangt' D:\xampp\htdocs\kuaidian\Application\Runtime\Cache\Merch\dd1eaf8f3fbdced70eb85b8be40048b1.php 第 56 行.
NOTIC: [8] Use of undefined constant id - assumed 'id' D:\xampp\htdocs\kuaidian\Application\Runtime\Cache\Merch\dd1eaf8f3fbdced70eb85b8be40048b1.php 第 93 行.
NOTIC: [8] Use of undefined constant id - assumed 'id' D:\xampp\htdocs\kuaidian\Application\Runtime\Cache\Merch\dd1eaf8f3fbdced70eb85b8be40048b1.php 第 293 行.
INFO: Run Behavior\ParseTemplateBehavior [ RunTime:0.007451s ]
INFO: [ view_parse ] --END-- [ RunTime:0.007482s ]
INFO: [ view_filter ] --START--
INFO: Run Behavior\WriteHtmlCacheBehavior [ RunTime:0.000441s ]
INFO: [ view_filter ] --END-- [ RunTime:0.000462s ]
INFO: [ app_end ] --START--
INFO: Run Behavior\ShowPageTraceBehavior [ RunTime:0.000621s ]
INFO: [ app_end ] --END-- [ RunTime:0.000645s ]

[ 2018-02-23T10:10:29+08:00 ] ::1 /kuaidian/index.php/Merch/Foodhoutai/index/shopid/45.html
INFO: [ app_init ] --START--
INFO: Run Behavior\BuildLiteBehavior [ RunTime:0.000008s ]
INFO: [ app_init ] --END-- [ RunTime:0.000045s ]
INFO: [ app_begin ] --START--
INFO: Run Behavior\ReadHtmlCacheBehavior [ RunTime:0.000403s ]
INFO: [ app_begin ] --END-- [ RunTime:0.000427s ]
SQL: SHOW COLUMNS FROM `food_type` [ RunTime:0.0036s ]
SQL: SELECT * FROM `food_type` WHERE `dep_type` = 45 ORDER BY paix desc  [ RunTime:0.0003s ]
SQL: SHOW COLUMNS FROM `food` [ RunTime:0.0032s ]
SQL: SELECT food.id,food.zhuangt,food.mingch as cpmingch,food.food_type,food_type.mingch,food.kwid as kouwei,food.logo,food.jiage as yuanjia,food.jiage_youhui as shoujia,cpdanwei.mingch as danweimc,food.dwid FROM `food` left join food_type ON food_type.id = food.food_type left join cpdanwei ON cpdanwei.id = food.dwid  WHERE food.dep_shop = '45' ORDER BY food.id asc  [ RunTime:0.0006s ]
INFO: [ view_parse ] --START--
INFO: [ template_filter ] --START--
INFO: Run Behavior\ContentReplaceBehavior [ RunTime:0.000052s ]
INFO: [ template_filter ] --END-- [ RunTime:0.000089s ]
NOTIC: [8] Use of undefined constant foodxq - assumed 'foodxq' D:\xampp\htdocs\kuaidian\Application\Runtime\Cache\Merch\ddc8a0d5cd1d56852e248bb49e177df4.php 第 79 行.
NOTIC: [8] Use of undefined constant foodxq - assumed 'foodxq' D:\xampp\htdocs\kuaidian\Application\Runtime\Cache\Merch\ddc8a0d5cd1d56852e248bb49e177df4.php 第 79 行.
NOTIC: [8] Use of undefined constant id - assumed 'id' D:\xampp\htdocs\kuaidian\Application\Runtime\Cache\Merch\ddc8a0d5cd1d56852e248bb49e177df4.php 第 118 行.
INFO: Run Behavior\ParseTemplateBehavior [ RunTime:0.020815s ]
INFO: [ view_parse ] --END-- [ RunTime:0.020851s ]
INFO: [ view_filter ] --START--
INFO: Run Behavior\WriteHtmlCacheBehavior [ RunTime:0.000318s ]
INFO: [ view_filter ] --END-- [ RunTime:0.000340s ]
INFO: [ app_end ] --START--
INFO: Run Behavior\ShowPageTraceBehavior [ RunTime:0.000474s ]
INFO: [ app_end ] --END-- [ RunTime:0.000497s ]

[ 2018-02-23T11:56:57+08:00 ] ::1 /kuaidian/index.php/Merch/Foodhoutai/index/shopid/45.html
INFO: [ app_init ] --START--
INFO: Run Behavior\BuildLiteBehavior [ RunTime:0.000015s ]
INFO: [ app_init ] --END-- [ RunTime:0.000074s ]
INFO: [ app_begin ] --START--
INFO: Run Behavior\ReadHtmlCacheBehavior [ RunTime:0.000665s ]
INFO: [ app_begin ] --END-- [ RunTime:0.000709s ]
SQL: SHOW COLUMNS FROM `food_type` [ RunTime:0.0046s ]
SQL: SELECT * FROM `food_type` WHERE `dep_type` = 45 ORDER BY paix desc  [ RunTime:0.0003s ]
SQL: SHOW COLUMNS FROM `food` [ RunTime:0.0033s ]
SQL: SELECT food.id,food.zhuangt,food.mingch as cpmingch,food.food_type,food_type.mingch,food.kwid as kouwei,food.logo,food.jiage as yuanjia,food.jiage_youhui as shoujia,cpdanwei.mingch as danweimc,food.dwid FROM `food` left join food_type ON food_type.id = food.food_type left join cpdanwei ON cpdanwei.id = food.dwid  WHERE food.dep_shop = '45' ORDER BY food.id asc  [ RunTime:0.0005s ]
INFO: [ view_parse ] --START--
INFO: [ template_filter ] --START--
INFO: Run Behavior\ContentReplaceBehavior [ RunTime:0.000050s ]
INFO: [ template_filter ] --END-- [ RunTime:0.000082s ]
NOTIC: [8] Use of undefined constant foodxq - assumed 'foodxq' D:\xampp\htdocs\kuaidian\Application\Runtime\Cache\Merch\ddc8a0d5cd1d56852e248bb49e177df4.php 第 79 行.
NOTIC: [8] Use of undefined constant foodxq - assumed 'foodxq' D:\xampp\htdocs\kuaidian\Application\Runtime\Cache\Merch\ddc8a0d5cd1d56852e248bb49e177df4.php 第 79 行.
NOTIC: [8] Use of undefined constant id - assumed 'id' D:\xampp\htdocs\kuaidian\Application\Runtime\Cache\Merch\ddc8a0d5cd1d56852e248bb49e177df4.php 第 118 行.
INFO: Run Behavior\ParseTemplateBehavior [ RunTime:0.007193s ]
INFO: [ view_parse ] --END-- [ RunTime:0.007232s ]
INFO: [ view_filter ] --START--
INFO: Run Behavior\WriteHtmlCacheBehavior [ RunTime:0.000381s ]
INFO: [ view_filter ] --END-- [ RunTime:0.000403s ]
INFO: [ app_end ] --START--
INFO: Run Behavior\ShowPageTraceBehavior [ RunTime:0.000623s ]
INFO: [ app_end ] --END-- [ RunTime:0.000656s ]

[ 2018-02-23T14:30:58+08:00 ] ::1 /kuaidian/index.php/Merch
INFO: [ app_init ] --START--
INFO: Run Behavior\BuildLiteBehavior [ RunTime:0.000011s ]
INFO: [ app_init ] --END-- [ RunTime:0.000059s ]
INFO: [ app_begin ] --START--
INFO: Run Behavior\ReadHtmlCacheBehavior [ RunTime:0.000497s ]
INFO: [ app_begin ] --END-- [ RunTime:0.000539s ]
SQL: SHOW COLUMNS FROM `shop` [ RunTime:0.0044s ]
SQL: SELECT * FROM `shop` WHERE `id` = null  [ RunTime:0.0006s ]
SQL: SHOW COLUMNS FROM `order` [ RunTime:0.0041s ]
SQL: SELECT `id` FROM `order` WHERE `order_status` IN ('10','15') AND `store_id` = null  [ RunTime:0.0003s ]
NOTIC: [2] Invalid argument supplied for foreach() D:\xampp\htdocs\kuaidian\Application\Merch\Controller\IndexController.class.php 第 43 行.
INFO: [ view_parse ] --START--
INFO: [ template_filter ] --START--
INFO: Run Behavior\ContentReplaceBehavior [ RunTime:0.000060s ]
INFO: [ template_filter ] --END-- [ RunTime:0.000099s ]
NOTIC: [8] Use of undefined constant logo - assumed 'logo' D:\xampp\htdocs\kuaidian\Application\Runtime\Cache\Merch\dd1eaf8f3fbdced70eb85b8be40048b1.php 第 29 行.
NOTIC: [8] Undefined offset: 0 D:\xampp\htdocs\kuaidian\Application\Runtime\Cache\Merch\dd1eaf8f3fbdced70eb85b8be40048b1.php 第 29 行.
NOTIC: [8] Use of undefined constant id - assumed 'id' D:\xampp\htdocs\kuaidian\Application\Runtime\Cache\Merch\dd1eaf8f3fbdced70eb85b8be40048b1.php 第 34 行.
NOTIC: [8] Undefined offset: 0 D:\xampp\htdocs\kuaidian\Application\Runtime\Cache\Merch\dd1eaf8f3fbdced70eb85b8be40048b1.php 第 34 行.
NOTIC: [8] Use of undefined constant mingch - assumed 'mingch' D:\xampp\htdocs\kuaidian\Application\Runtime\Cache\Merch\dd1eaf8f3fbdced70eb85b8be40048b1.php 第 50 行.
NOTIC: [8] Undefined offset: 0 D:\xampp\htdocs\kuaidian\Application\Runtime\Cache\Merch\dd1eaf8f3fbdced70eb85b8be40048b1.php 第 50 行.
NOTIC: [8] Use of undefined constant zhuangt - assumed 'zhuangt' D:\xampp\htdocs\kuaidian\Application\Runtime\Cache\Merch\dd1eaf8f3fbdced70eb85b8be40048b1.php 第 56 行.
NOTIC: [8] Undefined offset: 0 D:\xampp\htdocs\kuaidian\Application\Runtime\Cache\Merch\dd1eaf8f3fbdced70eb85b8be40048b1.php 第 56 行.
NOTIC: [8] Use of undefined constant id - assumed 'id' D:\xampp\htdocs\kuaidian\Application\Runtime\Cache\Merch\dd1eaf8f3fbdced70eb85b8be40048b1.php 第 93 行.
NOTIC: [8] Undefined offset: 0 D:\xampp\htdocs\kuaidian\Application\Runtime\Cache\Merch\dd1eaf8f3fbdced70eb85b8be40048b1.php 第 93 行.
NOTIC: [8] Undefined offset: 0 D:\xampp\htdocs\kuaidian\Application\Runtime\Cache\Merch\dd1eaf8f3fbdced70eb85b8be40048b1.php 第 158 行.
NOTIC: [8] Undefined offset: 0 D:\xampp\htdocs\kuaidian\Application\Runtime\Cache\Merch\dd1eaf8f3fbdced70eb85b8be40048b1.php 第 160 行.
NOTIC: [8] Use of undefined constant id - assumed 'id' D:\xampp\htdocs\kuaidian\Application\Runtime\Cache\Merch\dd1eaf8f3fbdced70eb85b8be40048b1.php 第 293 行.
NOTIC: [8] Undefined offset: 0 D:\xampp\htdocs\kuaidian\Application\Runtime\Cache\Merch\dd1eaf8f3fbdced70eb85b8be40048b1.php 第 293 行.
INFO: Run Behavior\ParseTemplateBehavior [ RunTime:0.006636s ]
INFO: [ view_parse ] --END-- [ RunTime:0.006670s ]
INFO: [ view_filter ] --START--
INFO: Run Behavior\WriteHtmlCacheBehavior [ RunTime:0.000359s ]
INFO: [ view_filter ] --END-- [ RunTime:0.000383s ]
INFO: [ app_end ] --START--
INFO: Run Behavior\ShowPageTraceBehavior [ RunTime:0.000618s ]
INFO: [ app_end ] --END-- [ RunTime:0.000654s ]

