[ 2018-02-01T10:27:47+08:00 ] ::1 /kuaidian/index.php/Merch
INFO: [ app_init ] --START--
INFO: Run Behavior\BuildLiteBehavior [ RunTime:0.000009s ]
INFO: [ app_init ] --END-- [ RunTime:0.000048s ]
INFO: [ app_begin ] --START--
INFO: Run Behavior\ReadHtmlCacheBehavior [ RunTime:0.000616s ]
INFO: [ app_begin ] --END-- [ RunTime:0.000656s ]
INFO: [ view_parse ] --START--
INFO: [ template_filter ] --START--
INFO: Run Behavior\ContentReplaceBehavior [ RunTime:0.000112s ]
INFO: [ template_filter ] --END-- [ RunTime:0.000153s ]
INFO: Run Behavior\ParseTemplateBehavior [ RunTime:0.005829s ]
INFO: [ view_parse ] --END-- [ RunTime:0.005862s ]
INFO: [ view_filter ] --START--
INFO: Run Behavior\WriteHtmlCacheBehavior [ RunTime:0.000380s ]
INFO: [ view_filter ] --END-- [ RunTime:0.000401s ]
INFO: [ app_end ] --START--
INFO: Run Behavior\ShowPageTraceBehavior [ RunTime:0.000538s ]
INFO: [ app_end ] --END-- [ RunTime:0.000560s ]

[ 2018-02-01T10:27:54+08:00 ] ::1 /kuaidian/index.php/Merch
INFO: [ app_init ] --START--
INFO: Run Behavior\BuildLiteBehavior [ RunTime:0.000011s ]
INFO: [ app_init ] --END-- [ RunTime:0.000057s ]
INFO: [ app_begin ] --START--
INFO: Run Behavior\ReadHtmlCacheBehavior [ RunTime:0.000773s ]
INFO: [ app_begin ] --END-- [ RunTime:0.000816s ]
INFO: [ view_parse ] --START--
INFO: [ template_filter ] --START--
INFO: Run Behavior\ContentReplaceBehavior [ RunTime:0.000074s ]
INFO: [ template_filter ] --END-- [ RunTime:0.000129s ]
INFO: Run Behavior\ParseTemplateBehavior [ RunTime:0.009008s ]
INFO: [ view_parse ] --END-- [ RunTime:0.009055s ]
INFO: [ view_filter ] --START--
INFO: Run Behavior\WriteHtmlCacheBehavior [ RunTime:0.000600s ]
INFO: [ view_filter ] --END-- [ RunTime:0.000636s ]
INFO: [ app_end ] --START--
INFO: Run Behavior\ShowPageTraceBehavior [ RunTime:0.000718s ]
INFO: [ app_end ] --END-- [ RunTime:0.000745s ]

[ 2018-02-01T10:27:55+08:00 ] ::1 /kuaidian/index.php/Merch
INFO: [ app_init ] --START--
INFO: Run Behavior\BuildLiteBehavior [ RunTime:0.000010s ]
INFO: [ app_init ] --END-- [ RunTime:0.000058s ]
INFO: [ app_begin ] --START--
INFO: Run Behavior\ReadHtmlCacheBehavior [ RunTime:0.000816s ]
INFO: [ app_begin ] --END-- [ RunTime:0.000876s ]
INFO: [ view_parse ] --START--
INFO: [ template_filter ] --START--
INFO: Run Behavior\ContentReplaceBehavior [ RunTime:0.000082s ]
INFO: [ template_filter ] --END-- [ RunTime:0.000141s ]
INFO: Run Behavior\ParseTemplateBehavior [ RunTime:0.006967s ]
INFO: [ view_parse ] --END-- [ RunTime:0.007029s ]
INFO: [ view_filter ] --START--
INFO: Run Behavior\WriteHtmlCacheBehavior [ RunTime:0.000501s ]
INFO: [ view_filter ] --END-- [ RunTime:0.000534s ]
INFO: [ app_end ] --START--
INFO: Run Behavior\ShowPageTraceBehavior [ RunTime:0.000620s ]
INFO: [ app_end ] --END-- [ RunTime:0.000652s ]

[ 2018-02-01T11:46:23+08:00 ] ::1 /kuaidian/index.php/Merch
INFO: [ app_init ] --START--
INFO: Run Behavior\BuildLiteBehavior [ RunTime:0.000011s ]
INFO: [ app_init ] --END-- [ RunTime:0.000106s ]
INFO: [ app_begin ] --START--
INFO: Run Behavior\ReadHtmlCacheBehavior [ RunTime:0.000612s ]
INFO: [ app_begin ] --END-- [ RunTime:0.000642s ]
INFO: [ view_parse ] --START--
INFO: [ template_filter ] --START--
INFO: Run Behavior\ContentReplaceBehavior [ RunTime:0.000064s ]
INFO: [ template_filter ] --END-- [ RunTime:0.000106s ]
INFO: Run Behavior\ParseTemplateBehavior [ RunTime:0.007379s ]
INFO: [ view_parse ] --END-- [ RunTime:0.007418s ]
INFO: [ view_filter ] --START--
INFO: Run Behavior\WriteHtmlCacheBehavior [ RunTime:0.000434s ]
INFO: [ view_filter ] --END-- [ RunTime:0.000456s ]
INFO: [ app_end ] --START--
INFO: Run Behavior\ShowPageTraceBehavior [ RunTime:0.000734s ]
INFO: [ app_end ] --END-- [ RunTime:0.000759s ]

